
Running /usr/bin/pdflatex Algebra.tex in an env with 4 entries:
This is pdfTeX, Version 3.1415926-1.40.10 (TeX Live 2009/Debian)
entering extended mode
(data/Algebra.tex
LaTeX2e <2009/09/24>
Babel <v3.8l> and hyphenation patterns for english, usenglishmax, dumylang, noh
yphenation, farsi, arabic, croatian, bulgarian, ukrainian, russian, czech, slov
ak, danish, dutch, finnish, french, basque, ngerman, german, german-x-2009-06-1
9, ngerman-x-2009-06-19, ibycus, monogreek, greek, ancientgreek, hungarian, san
skrit, italian, latin, latvian, lithuanian, mongolian2a, mongolian, bokmal, nyn
orsk, romanian, irish, coptic, serbian, turkish, welsh, esperanto, uppersorbian
, estonian, indonesian, interlingua, icelandic, kurmanji, slovenian, polish, po
rtuguese, spanish, galician, catalan, swedish, ukenglish, loaded.
(/usr/share/texmf-texlive/tex/latex/base/book.cls
Document Class: book 2007/10/19 v1.4h Standard LaTeX document class
(/usr/share/texmf-texlive/tex/latex/base/bk11.clo))
(/usr/share/texmf-texlive/tex/latex/amsfonts/amssymb.sty
(/usr/share/texmf-texlive/tex/latex/amsfonts/amsfonts.sty))
(/usr/share/texmf-texlive/tex/latex/base/inputenc.sty
(/usr/share/texmf-texlive/tex/latex/base/utf8.def
(/usr/share/texmf-texlive/tex/latex/base/t1enc.dfu)
(/usr/share/texmf-texlive/tex/latex/base/ot1enc.dfu)
(/usr/share/texmf-texlive/tex/latex/base/omsenc.dfu)))
(/usr/share/texmf-texlive/tex/latex/base/fontenc.sty
(/usr/share/texmf-texlive/tex/latex/base/t1enc.def))
(/usr/share/texmf-texlive/tex/generic/german/german.sty v2.5e 1998-07-08)
(/usr/share/texmf-texlive/tex/generic/babel/babel.sty
(/usr/share/texmf-texlive/tex/generic/babel/germanb.ldf
(/usr/share/texmf-texlive/tex/generic/babel/babel.def)))
(/usr/share/texmf-texlive/tex/latex/geometry/geometry.sty
(/usr/share/texmf-texlive/tex/latex/graphics/keyval.sty)
(/usr/share/texmf-texlive/tex/generic/oberdiek/ifpdf.sty)
(/usr/share/texmf-texlive/tex/generic/oberdiek/ifvtex.sty)
(/usr/share/texmf-texlive/tex/xelatex/xetexconfig/geometry.cfg))
(/usr/share/texmf-texlive/tex/latex/paralist/paralist.sty)
(/usr/share/texmf-texlive/tex/latex/titlesec/titlesec.sty)
(/usr/share/texmf-texlive/tex/latex/amsmath/amsmath.sty
For additional information on amsmath, use the `?' option.
(/usr/share/texmf-texlive/tex/latex/amsmath/amstext.sty
(/usr/share/texmf-texlive/tex/latex/amsmath/amsgen.sty))
(/usr/share/texmf-texlive/tex/latex/amsmath/amsbsy.sty)
(/usr/share/texmf-texlive/tex/latex/amsmath/amsopn.sty))
(/usr/share/texmf-texlive/tex/latex/setspace/setspace.sty
Package: `setspace' 6.7 <2000/12/01>
) (/usr/share/texmf-texlive/tex/latex/polynom/polynom.sty)
(/usr/share/texmf-texlive/tex/latex/stmaryrd/stmaryrd.sty)
(/usr/share/texmf-texlive/tex/generic/xypic/xy.sty
(/usr/share/texmf-texlive/tex/generic/xypic/xy.tex Bootstrap'ing: catcodes,
docmode, (/usr/share/texmf-texlive/tex/generic/xypic/xyrecat.tex)
(/usr/share/texmf-texlive/tex/generic/xypic/xyidioms.tex)

 Xy-pic version 3.7 <1999/02/16>
 Copyright (c) 1991-1998 by Kristoffer H. Rose <krisrose@ens-lyon.fr>
 Xy-pic is free software: see the User's Guide for details.

Loading kernel: messages; fonts; allocations: state, direction,
utility macros; pictures: \xy, positions, objects, decorations;
kernel objects: directionals, circles, text; options; algorithms: directions,
edges, connections;  Xy-pic loaded)
(/usr/share/texmf-texlive/tex/generic/xypic/xyarrow.tex
 Xy-pic option: Arrow and Path feature v.3.5 path, \ar, loaded)
(/usr/share/texmf-texlive/tex/generic/xypic/xymatrix.tex
 Xy-pic option: Matrix feature v.3.4 loaded)
(/usr/share/texmf-texlive/tex/generic/xypic/xycurve.tex
 Xy-pic option: Curve and Spline extension v.3.7 curve, circles, loaded))
(/usr/share/texmf-texlive/tex/latex/float/float.sty)
(/usr/share/texmf-texlive/tex/latex/titlesec/titletoc.sty)
(/usr/share/texmf-texlive/tex/latex/pgfplots/pgfplots.sty
(/usr/share/texmf/tex/latex/pgf/frontendlayer/tikz.sty
(/usr/share/texmf/tex/latex/pgf/basiclayer/pgf.sty
(/usr/share/texmf/tex/latex/pgf/utilities/pgfrcs.sty
(/usr/share/texmf/tex/generic/pgf/utilities/pgfutil-common.tex)
(/usr/share/texmf/tex/generic/pgf/utilities/pgfutil-latex.def
(/usr/share/texmf-texlive/tex/latex/ms/everyshi.sty))
(/usr/share/texmf/tex/generic/pgf/utilities/pgfrcs.code.tex))
(/usr/share/texmf/tex/latex/pgf/basiclayer/pgfcore.sty
(/usr/share/texmf-texlive/tex/latex/graphics/graphicx.sty
(/usr/share/texmf-texlive/tex/latex/graphics/graphics.sty
(/usr/share/texmf-texlive/tex/latex/graphics/trig.sty)
(/etc/texmf/tex/latex/config/graphics.cfg)
(/usr/share/texmf-texlive/tex/latex/pdftex-def/pdftex.def)))
(/usr/share/texmf/tex/latex/pgf/systemlayer/pgfsys.sty
(/usr/share/texmf/tex/generic/pgf/systemlayer/pgfsys.code.tex
(/usr/share/texmf/tex/generic/pgf/utilities/pgfkeys.code.tex
(/usr/share/texmf/tex/generic/pgf/utilities/pgfkeysfiltered.code.tex))
(/usr/share/texmf/tex/generic/pgf/systemlayer/pgf.cfg)
(/usr/share/texmf/tex/generic/pgf/systemlayer/pgfsys-pdftex.def
(/usr/share/texmf/tex/generic/pgf/systemlayer/pgfsys-common-pdf.def)))
(/usr/share/texmf/tex/generic/pgf/systemlayer/pgfsyssoftpath.code.tex)
(/usr/share/texmf/tex/generic/pgf/systemlayer/pgfsysprotocol.code.tex))
(/usr/share/texmf/tex/latex/xcolor/xcolor.sty
(/etc/texmf/tex/latex/config/color.cfg))
(/usr/share/texmf/tex/generic/pgf/basiclayer/pgfcore.code.tex
(/usr/share/texmf/tex/generic/pgf/math/pgfmath.code.tex
(/usr/share/texmf/tex/generic/pgf/math/pgfmathcalc.code.tex
(/usr/share/texmf/tex/generic/pgf/math/pgfmathutil.code.tex)
(/usr/share/texmf/tex/generic/pgf/math/pgfmathparser.code.tex)
(/usr/share/texmf/tex/generic/pgf/math/pgfmathfunctions.code.tex
(/usr/share/texmf/tex/generic/pgf/math/pgfmathfunctions.basic.code.tex)
(/usr/share/texmf/tex/generic/pgf/math/pgfmathfunctions.trigonometric.code.tex)
(/usr/share/texmf/tex/generic/pgf/math/pgfmathfunctions.random.code.tex)
(/usr/share/texmf/tex/generic/pgf/math/pgfmathfunctions.comparison.code.tex)
(/usr/share/texmf/tex/generic/pgf/math/pgfmathfunctions.base.code.tex)
(/usr/share/texmf/tex/generic/pgf/math/pgfmathfunctions.round.code.tex)
(/usr/share/texmf/tex/generic/pgf/math/pgfmathfunctions.misc.code.tex)))
(/usr/share/texmf/tex/generic/pgf/math/pgfmathfloat.code.tex))
(/usr/share/texmf/tex/generic/pgf/basiclayer/pgfcorepoints.code.tex)
(/usr/share/texmf/tex/generic/pgf/basiclayer/pgfcorepathconstruct.code.tex)
(/usr/share/texmf/tex/generic/pgf/basiclayer/pgfcorepathusage.code.tex)
(/usr/share/texmf/tex/generic/pgf/basiclayer/pgfcorescopes.code.tex)
(/usr/share/texmf/tex/generic/pgf/basiclayer/pgfcoregraphicstate.code.tex)
(/usr/share/texmf/tex/generic/pgf/basiclayer/pgfcoretransformations.code.tex)
(/usr/share/texmf/tex/generic/pgf/basiclayer/pgfcorequick.code.tex)
(/usr/share/texmf/tex/generic/pgf/basiclayer/pgfcoreobjects.code.tex)
(/usr/share/texmf/tex/generic/pgf/basiclayer/pgfcorepathprocessing.code.tex)
(/usr/share/texmf/tex/generic/pgf/basiclayer/pgfcorearrows.code.tex)
(/usr/share/texmf/tex/generic/pgf/basiclayer/pgfcoreshade.code.tex)
(/usr/share/texmf/tex/generic/pgf/basiclayer/pgfcoreimage.code.tex
(/usr/share/texmf/tex/generic/pgf/basiclayer/pgfcoreexternal.code.tex))
(/usr/share/texmf/tex/generic/pgf/basiclayer/pgfcorelayers.code.tex)
(/usr/share/texmf/tex/generic/pgf/basiclayer/pgfcoretransparency.code.tex)
(/usr/share/texmf/tex/generic/pgf/basiclayer/pgfcorepatterns.code.tex)))
(/usr/share/texmf/tex/generic/pgf/modules/pgfmoduleshapes.code.tex)
(/usr/share/texmf/tex/generic/pgf/modules/pgfmoduleplot.code.tex)
(/usr/share/texmf/tex/latex/pgf/compatibility/pgfcomp-version-0-65.sty)
(/usr/share/texmf/tex/latex/pgf/compatibility/pgfcomp-version-1-18.sty))
(/usr/share/texmf/tex/latex/pgf/utilities/pgffor.sty
(/usr/share/texmf/tex/latex/pgf/utilities/pgfkeys.sty
(/usr/share/texmf/tex/generic/pgf/utilities/pgfkeys.code.tex))
(/usr/share/texmf/tex/generic/pgf/utilities/pgffor.code.tex))
(/usr/share/texmf/tex/generic/pgf/frontendlayer/tikz/tikz.code.tex
(/usr/share/texmf/tex/generic/pgf/libraries/pgflibraryplothandlers.code.tex)
(/usr/share/texmf/tex/generic/pgf/modules/pgfmodulematrix.code.tex)
(/usr/share/texmf/tex/generic/pgf/frontendlayer/tikz/libraries/tikzlibrarytopat
hs.code.tex))) (/usr/share/texmf-texlive/tex/generic/pgfplots/pgfplots.code.tex
 (/usr/share/texmf-texlive/tex/generic/pgfplots/pgfplotscore.code.tex)
(/usr/share/texmf-texlive/tex/generic/pgfplots/oldpgfcompatib/pgfplotsoldpgfsup
p_loader.code.tex
Package pgfplots: loading complementary code for your PGF version...

(/usr/share/texmf-texlive/tex/generic/pgfplots/oldpgfcompatib/pgfplotsoldpgfsup
p_misc.code.tex)
(/usr/share/texmf-texlive/tex/generic/pgfplots/oldpgfcompatib/pgfplotsoldpgfsup
p_pgfkeysfiltered.code.tex)
(/usr/share/texmf-texlive/tex/generic/pgfplots/oldpgfcompatib/pgfplotsoldpgfsup
p_pgfmathfloat.code.tex)
(/usr/share/texmf-texlive/tex/generic/pgfplots/oldpgfcompatib/pgfplotsoldpgfsup
p_pgflibraryplothandlers.code.tex)
(/usr/share/texmf/tex/generic/pgf/libraries/pgflibraryfpu.code.tex))
(/usr/share/texmf-texlive/tex/generic/pgfplots/util/pgfplotsutil.code.tex
(/usr/share/texmf-texlive/tex/generic/pgfplots/liststructure/pgfplotsliststruct
ure.code.tex)
(/usr/share/texmf-texlive/tex/generic/pgfplots/liststructure/pgfplotsliststruct
ureext.code.tex)
(/usr/share/texmf-texlive/tex/generic/pgfplots/liststructure/pgfplotsarray.code
.tex)
(/usr/share/texmf-texlive/tex/generic/pgfplots/numtable/pgfplotstable.code.tex
(/usr/share/texmf-texlive/tex/generic/pgfplots/numtable/pgfplotstable.coltype.c
ode.tex)))
(/usr/share/texmf-texlive/tex/generic/pgfplots/util/pgfplotscolormap.code.tex)
(/usr/share/texmf-texlive/tex/generic/pgfplots/pgfplots.stackedplots.code.tex)
(/usr/share/texmf-texlive/tex/generic/pgfplots/pgfplotscoordprocessing.code.tex
) (/usr/share/texmf-texlive/tex/generic/pgfplots/pgfplotsticks.code.tex)
(/usr/share/texmf/tex/generic/pgf/frontendlayer/tikz/libraries/tikzlibrarydecor
ations.code.tex
(/usr/share/texmf/tex/generic/pgf/modules/pgfmoduledecorations.code.tex))
(/usr/share/texmf/tex/generic/pgf/frontendlayer/tikz/libraries/tikzlibrarydecor
ations.pathmorphing.code.tex
(/usr/share/texmf/tex/generic/pgf/libraries/decorations/pgflibrarydecorations.p
athmorphing.code.tex))
(/usr/share/texmf/tex/generic/pgf/frontendlayer/tikz/libraries/tikzlibrarydecor
ations.pathreplacing.code.tex
(/usr/share/texmf/tex/generic/pgf/libraries/decorations/pgflibrarydecorations.p
athreplacing.code.tex)))
(/usr/share/texmf/tex/generic/pgf/frontendlayer/tikz/libraries/tikzlibraryplotm
arks.code.tex
(/usr/share/texmf/tex/generic/pgf/libraries/pgflibraryplotmarks.code.tex)))
(/usr/share/texmf-texlive/tex/latex/wrapfig/wrapfig.sty)
(/usr/share/texmf-texlive/tex/generic/mathabx/mathabx.sty
(/usr/share/texmf-texlive/tex/generic/mathabx/mathabx.dcl))
(/usr/share/texmf-texlive/tex/latex/base/ifthen.sty)
(/usr/share/texmf-texlive/tex/latex/caption/caption.sty
(/usr/share/texmf-texlive/tex/latex/caption/caption3.sty))
(/usr/share/texmf-texlive/tex/latex/caption/subcaption.sty) (data/latexki.sty)
(/usr/share/texmf-texlive/tex/latex/ntheorem/ntheorem.sty
Style `ntheorem', Version 1.25 <2005/07/07>
) (/usr/share/texmf-texlive/tex/latex/hyperref/hyperref.sty
(/usr/share/texmf-texlive/tex/generic/ifxetex/ifxetex.sty)
(/usr/share/texmf-texlive/tex/latex/oberdiek/hycolor.sty
(/usr/share/texmf-texlive/tex/latex/oberdiek/xcolor-patch.sty))
(/usr/share/texmf-texlive/tex/latex/hyperref/pd1enc.def)
(/usr/share/texmf-texlive/tex/generic/oberdiek/etexcmds.sty
(/usr/share/texmf-texlive/tex/generic/oberdiek/infwarerr.sty))
(/usr/share/texmf-texlive/tex/latex/latexconfig/hyperref.cfg)
(/usr/share/texmf-texlive/tex/latex/oberdiek/kvoptions.sty
(/usr/share/texmf-texlive/tex/generic/oberdiek/kvsetkeys.sty))
Implicit mode ON; LaTeX internals redefined
(/usr/share/texmf-texlive/tex/latex/ltxmisc/url.sty)
(/usr/share/texmf-texlive/tex/generic/oberdiek/bitset.sty
(/usr/share/texmf-texlive/tex/generic/oberdiek/intcalc.sty)
(/usr/share/texmf-texlive/tex/generic/oberdiek/bigintcalc.sty
(/usr/share/texmf-texlive/tex/generic/oberdiek/pdftexcmds.sty
(/usr/share/texmf-texlive/tex/generic/oberdiek/ifluatex.sty)
(/usr/share/texmf-texlive/tex/generic/oberdiek/ltxcmds.sty))))
(/usr/share/texmf-texlive/tex/generic/oberdiek/atbegshi.sty))
*hyperref using default driver hpdftex*
(/usr/share/texmf-texlive/tex/latex/hyperref/hpdftex.def)
No file Algebra.aux.
*geometry auto-detecting driver*
*geometry detected driver: pdftex*
ABD: EveryShipout initializing macros
(/usr/share/texmf-texlive/tex/context/base/supp-pdf.mkii
[Loading MPS to PDF converter (version 2006.09.02).]
) (/usr/share/texmf-texlive/tex/latex/hyperref/nameref.sty
(/usr/share/texmf-texlive/tex/latex/oberdiek/refcount.sty))
Underfull \hbox (badness 10000) in paragraph at lines 134--135


LaTeX Font Warning: Font shape `T1/cmr/m/n' in size <40> not available
(Font)              size <35.83> substituted on input line 137.


LaTeX Font Warning: Font shape `T1/cmr/bx/n' in size <40> not available
(Font)              size <35.83> substituted on input line 137.


Underfull \hbox (badness 10000) in paragraph at lines 139--140


Underfull \hbox (badness 10000) in paragraph at lines 141--142

(/usr/share/texmf-texlive/tex/latex/amsfonts/umsa.fd)
(/usr/share/texmf-texlive/tex/latex/amsfonts/umsb.fd)
(/usr/share/texmf-texlive/tex/latex/stmaryrd/Ustmry.fd)
Underfull \hbox (badness 10000) in paragraph at lines 143--144

[1{/var/lib/texmf/fonts/map/pdftex/updmap/pdftex.map}] [2] [3] [4]
Kapitel I\hskip 1em\relax .
[5] (/usr/share/texmf-texlive/tex/latex/amsfonts/ueuf.fd)
Underfull \hbox (badness 10000) in paragraph at lines 220--222


Underfull \vbox (badness 2980) has occurred while \output is active [6]
[7] [8]
Underfull \vbox (badness 1117) has occurred while \output is active [9]
[10] [11] [12] [13]
Underfull \hbox (badness 10000) in paragraph at lines 469--471

[14] [15] [16]
Underfull \vbox (badness 10000) has occurred while \output is active [17]
[18] [19] [20] [21] [22]
Overfull \hbox (20.49663pt too wide) detected at line 810
\OML/cmm/m/it/10.95 ^^P[] \U/matha/m/n/10.95 ^^@ \OML/cmm/m/it/10.95 ^^P[]  \U/
matha/m/n/10.95 ^^P  \OT1/cmr/m/n/10.95 2 \U/matha/m/n/10.95 ^^D [] []  ^^P  \O
T1/cmr/m/n/10.95 2 \U/matha/m/n/10.95 ^^D [] []  ^^P  \OT1/cmr/m/n/10.95 2 \U/m
atha/m/n/10.95 ^^D [] []  ^^P  \OT1/cmr/m/n/10.95 2 \U/matha/m/n/10.95 ^^D [] [
]  ^^P  \OT1/cmr/m/n/10.95 2 \U/matha/m/n/10.95 ^^D []  ^^P  ^^A\OT1/cmr/m/n/10
.95 1\OML/cmm/m/it/10.95 :
[23] [24] <xymatrix 3x3 174>
Underfull \hbox (badness 10000) in paragraph at lines 850--852

[25] <xymatrix 5x3 376> [26]
Underfull \vbox (badness 1163) has occurred while \output is active [27]
Overfull \hbox (7.53423pt too wide) in paragraph at lines 934--935
\T1/cmr/m/n/10.95 is sol-va-ble. The-re-fo-re ob-ser-ve that $[]$ is ge-ne-ra-t
ed over $\OML/cmm/m/it/10.95 k$ \T1/cmr/m/n/10.95 by the $\OML/cmm/m/it/10.95 ^
^[\U/matha/m/n/10.95 p\OML/cmm/m/it/10.95 k\U/matha/m/n/10.95 q$ \T1/cmr/m/n/10
.95 for $\OML/cmm/m/it/10.95 ^^[ \U/matha/m/n/10.95 P [][]p\U/msb/m/n/10.95 M\O
ML/cmm/m/it/10.95 ; []\U/matha/m/n/10.95 q$\T1/cmr/m/n/10.95 ,

Underfull \vbox (badness 10000) has occurred while \output is active [28]
Overfull \hbox (16.8782pt too wide) in paragraph at lines 954--958
\T1/cmr/m/n/10.95 be the cor-re-spon-ding chain of in-ter-me-dia-te fields, i.e
 $\OML/cmm/m/it/10.95 L[]\U/matha/m/n/10.95 {\OML/cmm/m/it/10.95 L[]$ \T1/cmr/m
/n/10.95 is Ga-lois and $[]\U/matha/m/n/10.95 p\OT1/cmr/m/it/10.95 L[]\U/matha/
m/n/10.95 {\OT1/cmr/m/it/10.95 L[]\U/matha/m/n/10.95 q ^^U
[29] [30] [31]
Underfull \hbox (badness 10000) in paragraph at lines 1079--1080

(/usr/share/texmf-texlive/tex/latex/base/omscmr.fd) [32] [33]
Underfull \hbox (badness 10000) in paragraph at lines 1176--1177

[34]
Underfull \hbox (badness 10000) in paragraph at lines 1186--1188


Underfull \vbox (badness 10000) has occurred while \output is active [35]
[36] [37] [38] [39] [40]
Kapitel II\hskip 1em\relax .
[41]
Underfull \hbox (badness 10000) in paragraph at lines 1447--1449


Overfull \hbox (16.00597pt too wide) detected at line 1461
\OT1/cmr/m/n/10.95 0 \U/matha/m/n/10.95 ^^P \OML/cmm/m/it/10.95 ^^W\U/matha/m/n
/10.95 p\OT1/cmr/m/n/10.95 1\U/matha/m/n/10.95 q ^^P \OML/cmm/m/it/10.95 ^^W\U/
matha/m/n/10.95 p\OML/cmm/m/it/10.95 ap \U/matha/m/n/10.95 ^^@ \OML/cmm/m/it/10
.95 bq\U/matha/m/n/10.95 q ¥ []t\OML/cmm/m/it/10.95 ^^W\U/matha/m/n/10.95 p\OML
/cmm/m/it/10.95 ap\U/matha/m/n/10.95 q\OML/cmm/m/it/10.95 ; ^^W\U/matha/m/n/10.
95 p\OML/cmm/m/it/10.95 bq\U/matha/m/n/10.95 qu ^^P []t[] ^^@\OML/cmm/m/it/10.9
5 ^^W\U/matha/m/n/10.95 p\OML/cmm/m/it/10.95 p\U/matha/m/n/10.95 q\OML/cmm/m/it
/10.95 ; [] \U/matha/m/n/10.95 ^^@\OML/cmm/m/it/10.95 ^^W\U/matha/m/n/10.95 p\O
ML/cmm/m/it/10.95 q\U/matha/m/n/10.95 qu ¥ []t\OML/cmm/m/it/10.95 ^^W\U/matha/m
/n/10.95 p\OML/cmm/m/it/10.95 p\U/matha/m/n/10.95 q\OML/cmm/m/it/10.95 ; ^^W\U/
matha/m/n/10.95 p\OML/cmm/m/it/10.95 q\U/matha/m/n/10.95 qu ¡ \OT1/cmr/m/n/10.9
5 0
[42] [43]
Underfull \vbox (badness 10000) has occurred while \output is active [44]
[45]
Underfull \vbox (badness 10000) has occurred while \output is active [46]
[47] [48] [49] [50] [51] [52] [53]

LaTeX Font Warning: Font shape `U/stmry/b/n' undefined
(Font)              using `U/stmry/m/n' instead on input line 1901.

[54] [55]
Underfull \vbox (badness 10000) has occurred while \output is active [56]
Overfull \hbox (25.30984pt too wide) detected at line 2011
\OT1/cmr/m/n/10.95 0  \U/matha/m/n/10.95 ^^P  [] [] \OML/cmm/m/it/10.95 a[]p[] 
\U/matha/m/n/10.95 ^^A [] \OML/cmm/m/it/10.95 b[]p[][]  \U/matha/m/n/10.95 ^^P 
 [] []  ^^@ \OML/cmm/m/it/10.95 p[] \U/matha/m/n/10.95 ^^D [] []\OML/cmm/m/it/1
0.95 :

Underfull \vbox (badness 10000) has occurred while \output is active [57]
Underfull \vbox (badness 4660) has occurred while \output is active [58]
[59]
Underfull \vbox (badness 10000) has occurred while \output is active [60]
[61] [62]
Kapitel III\hskip 1em\relax .
[63] [64] <xymatrix 3x3 161> [65] <xymatrix 3x2 149> <xymatrix 3x2 192>
<xymatrix 3x2 149> [66] [67] [68] [69] [70]
Underfull \hbox (badness 10000) in paragraph at lines 2494--2497

[71] [72]
Underfull \hbox (badness 10000) in paragraph at lines 2564--2566

[73] <xymatrix 3x3 243> [74]
Underfull \hbox (badness 10000) in paragraph at lines 2629--2632

<xymatrix 10x2 491> [75] [76] [77] [78]
Overfull \hbox (11.06415pt too wide) detected at line 2824
\OML/cmm/m/it/10.95 ht\U/matha/m/n/10.95 p\U/euf/m/n/10.95 p\U/matha/m/n/10.95 
q \OT1/cmr/m/n/10.95 :\U/matha/m/n/10.95 ^^P []t\OML/cmm/m/it/10.95 n \U/matha/
m/n/10.95 P \U/msb/m/n/10.95 N[] [] []\U/euf/m/n/10.95 p[]\OML/cmm/m/it/10.95 ;
 \U/euf/m/n/10.95 p[]\OML/cmm/m/it/10.95 ; [] ; \U/euf/m/n/10.95 p[]\OML/cmm/m/
it/10.95 ; []\U/euf/m/n/10.95 p[] \U/matha/m/n/10.95 ^^P \U/euf/m/n/10.95 p[]p[
] \U/matha/m/n/10.95 ˆ [] ˆ \U/euf/m/n/10.95 p[]\U/matha/m/n/10.95 u

Overfull \hbox (39.39798pt too wide) in paragraph at lines 2833--2833
[]\T1/cmr/m/n/10.95 Since $\U/matha/m/n/10.95 p\OT1/cmr/m/n/10.95 0\U/matha/m/n
/10.95 q ˆ p\OML/cmm/m/it/10.95 X[]\U/matha/m/n/10.95 q ˆ p\OML/cmm/m/it/10.95 
X[]; X[]\U/matha/m/n/10.95 q ˆ [] ˆ p\OML/cmm/m/it/10.95 X[]; [] ; X[]\U/matha/
m/n/10.95 q$\T1/cmr/m/n/10.95 , we ha-ve $[] [] \U/matha/m/n/10.95 ¥
[79] [80]
Underfull \hbox (badness 10000) in paragraph at lines 2878--2880

[81]
Underfull \vbox (badness 1681) has occurred while \output is active [82]
[83] [84] [85]
Underfull \hbox (badness 10000) in paragraph at lines 3074--3076

[86]
Underfull \vbox (badness 10000) has occurred while \output is active [87]
[88] (./Algebra.aux)
kpathsea: Running mktexpk --mfmode / --bdpi 600 --mag 0+480/600 --dpi 480 mathx10
mktexpk: Running mf-nowin -progname=mf \mode:=ljfour; mag:=0+480/600; nonstopmode; input mathx10
This is METAFONT, Version 2.718281 (TeX Live 2009/Debian)

(/usr/share/texmf-texlive/fonts/source/public/mathabx/mathx10.mf
(/usr/share/texmf-texlive/fonts/source/public/mathabx/mathprmt.mf
(/usr/share/texmf-texlive/fonts/source/public/mathabx/mathbase.mf))
(/usr/share/texmf-texlive/fonts/source/public/mathabx/mathxdrv.mf
(/usr/share/texmf-texlive/fonts/source/public/mathabx/mathbdel.mf [0] [1]
[2] [3] [4] [5] [6] [8] [9] [10] [11] [12] [13] [14] [16] [17] [18] [19]
[20] [21] [22] [24] [25] [26] [27] [28] [29] [30] [80] [81] [82] [83] [84]
[85] [86] [87] [88] [89] [90] [91] [92] [93] [94] [95] [32] [33] [34] [35]
[36] [37] [38] [39] [40] [41] [42] [43] [44] [45] [46] [47] [64] [65] [66]
[67] [68] [69] [70] [71] [72] [73] [74] [75] [76] [77] [78] [79] [48] [49]
[50] [51] [52] [53] [54] [56] [57] [58] [59] [60] [61] [62] [7] [31] [15]
[23] [55] [63] [104] [105] [106] [107] [108] [109] [110] [111] [96] [97]
[98] [99] [100] [101] [102] [103] [118] [119])
(/usr/share/texmf-texlive/fonts/source/public/mathabx/mathacnt.mf [112]
[120] [121] [122] [123] [113] [124] [125] [126] [127] [114] [128] [129]
[130] [131] [115] [132] [133] [134] [135] [116] [136] [137] [138] [139]
[117] [140] [141] [142] [143])
(/usr/share/texmf-texlive/fonts/source/public/mathabx/mathbigs.mf [176]
[184] [177] [185] [178] [186] [144] [160] [145] [161] [146] [162] [147]
[163] [148] [164] [149] [165] [150] [166] [151] [167] [152] [168] [153]
[169] [154] [170] [155] [171] [156] [172] [179] [180] [181] [182] [183]
[187] [188] [189] [190] [191])
(/usr/share/texmf-texlive/fonts/source/public/mathabx/mathltlk.mf)
(/usr/share/texmf-texlive/fonts/source/public/mathabx/mathmbcb.mf [192]
[193] [194] [195] [196] [197] [198] [199] [200] [201] [202] [203] [205]
[206] [204] [207])
(/usr/share/texmf-texlive/fonts/source/public/mathabx/mathmbcb.mf [208]
[209] [210] [211] [212] [213] [214] [215] [216] [217] [218] [219] [221]
[222] [220] [223])
(/usr/share/texmf-texlive/fonts/source/public/mathabx/mathmbcb.mf [224]
[225] [226] [227] [228] [229] [230] [231] [232] [233] [234] [235] [237]
[238] [236] [239])
(/usr/share/texmf-texlive/fonts/source/public/mathabx/mathmbcb.mf [240]
[241] [242] [243] [244] [245] [246] [247] [248] [249] [250] [251] [253]
[254] [252] [255])
(/usr/share/texmf-texlive/fonts/source/public/mathabx/matharrw.mf [157]
[158] [159] [173] [174] [175]) ) )
Font metrics written on mathx10.tfm.
Output written on mathx10.480gf (256 characters, 76480 bytes).
Transcript written on mathx10.log.
mktexpk: /home/travis/.texmf-var/fonts/pk/ljfour/public/mathabx/mathx10.480pk: successfully generated.


LaTeX Font Warning: Size substitutions with differences
(Font)              up to 4.17pt have occurred.


LaTeX Font Warning: Some font shapes were not available, defaults substituted.

 )
(see the transcript file for additional information) </home/travis/.texmf-var/f
onts/pk/ljfour/public/mathabx/mathx10.480pk>{/usr/share/texmf/fonts/enc/dvips/c
m-super/cm-super-t1.enc}
kpathsea: Running mktexpk --mfmode / --bdpi 600 --mag 1+0/600 --dpi 600 mathb8
mktexpk: Running mf-nowin -progname=mf \mode:=ljfour; mag:=1+0/600; nonstopmode; input mathb8
This is METAFONT, Version 2.718281 (TeX Live 2009/Debian)

(/usr/share/texmf-texlive/fonts/source/public/mathabx/mathb8.mf
(/usr/share/texmf-texlive/fonts/source/public/mathabx/mathprmt.mf
(/usr/share/texmf-texlive/fonts/source/public/mathabx/mathbase.mf))
(/usr/share/texmf-texlive/fonts/source/public/mathabx/mathbdrv.mf
(/usr/share/texmf-texlive/fonts/source/public/mathabx/mathbsym.mf [32] [0]
[1] [2] [3] [4] [5] [6] [7] [8] [9] [10] [11] [12] [13] [14] [15])
(/usr/share/texmf-texlive/fonts/source/public/mathabx/mathastr.mf [64] [75]
[76] [77] [78] [65] [66] [67] [68] [69] [70] [71] [72] [73] [74] [80] [81]
[82] [84] [86] [87] [79])
(/usr/share/texmf-texlive/fonts/source/public/mathabx/maydigit.mf [48] [49]
[50] [51] [52] [53])
(/usr/share/texmf-texlive/fonts/source/public/mathabx/mathltlk.mf [88] [89]
[90] [91] [92] [93] [94] [95])
(/usr/share/texmf-texlive/fonts/source/public/mathabx/mathfine.mf [56] [57]
[58] [59] [60])
(/usr/share/texmf-texlive/fonts/source/public/mathabx/mathsymb.mf [127]
[21] [22] [16] [17] [18] [19] [20] [23] [24] [25] [26] [27] [28] [29] [35]
[40] [42] [41] [43] [44] [46] [45] [47] [54] [55] [39] [206] [207] [61]
[62] [63] [32] [36] [37] [38] [33] [34])
(/usr/share/texmf-texlive/fonts/source/public/mathabx/mathsmsy.mf [154]
[155] [152] [153] [158] [159] [156] [157])
(/usr/share/texmf-texlive/fonts/source/public/mathabx/mathbdel.mf [120]
[122] [121] [123] [118] [119] [114] [115] [116] [117] [124] [125] [126]
[112] [113]) (/usr/share/texmf-texlive/fonts/source/public/mathabx/matharrw.mf
[208] [209] [212] [213] [210] [211] [214] [215] [232] [233] [234] [235]
[248] [249] [250] [240] [241] [242] [243] [244] [245] [236] [237] [238]
[239] [246] [247] [252] [253] [254] [255] [216] [217] [218] [219] [220]
[221] [222] [223] [224] [225] [226] [227] [228] [229])
(/usr/share/texmf-texlive/fonts/source/public/mathabx/mathsubs.mf [128]
[130] [132] [134] [136] [138] [140] [142] [144] [146] [148] [150])
(/usr/share/texmf-texlive/fonts/source/public/mathabx/mathsubs.mf [129]
[131] [133] [135] [137] [139] [141] [143] [145] [147] [149] [151])
(/usr/share/texmf-texlive/fonts/source/public/mathabx/mathineq.mf [160]
[162] [164] [166] [168] [170] [172] [174] [176] [178] [180] [182] [184]
[186] [188] [190] [192] [194] [196] [198] [200] [202] [204])
(/usr/share/texmf-texlive/fonts/source/public/mathabx/mathineq.mf [161]
[163] [165] [167] [169] [171] [173] [175] [177] [179] [181] [183] [185]
[187] [189] [191] [193] [195] [197] [199] [201] [203] [205])
(/usr/share/texmf-texlive/fonts/source/public/mathabx/mathmbcb.mf [96] [97]
[98] [99] [100] [101] [102] [103] [104] [105] [106] [107] [109] [110] [108]
[111]) ) )
Font metrics written on mathb8.tfm.
Output written on mathb8.600gf (250 characters, 40692 bytes).
Transcript written on mathb8.log.
mktexpk: /home/travis/.texmf-var/fonts/pk/ljfour/public/mathabx/mathb8.600pk: successfully generated.
 </home/travis/.texmf-var/fonts/pk/ljfour/public/mathab
x/mathb8.600pk> </home/travis/.texmf-var/fonts/pk/ljfour/public/mathabx/matha6.
600pk> </home/travis/.texmf-var/fonts/pk/ljfour/public/mathabx/mathb10.657pk> <
/home/travis/.texmf-var/fonts/pk/ljfour/public/mathabx/matha8.600pk> </home/tra
vis/.texmf-var/fonts/pk/ljfour/public/mathabx/mathx10.657pk> </home/travis/.tex
mf-var/fonts/pk/ljfour/public/mathabx/matha10.657pk></usr/share/texmf-texlive/f
onts/type1/public/amsfonts/cm/cmmi10.pfb></usr/share/texmf-texlive/fonts/type1/
public/amsfonts/cm/cmmi6.pfb></usr/share/texmf-texlive/fonts/type1/public/amsfo
nts/cm/cmmi8.pfb></usr/share/texmf-texlive/fonts/type1/public/amsfonts/cm/cmmib
10.pfb></usr/share/texmf-texlive/fonts/type1/public/amsfonts/cmextra/cmmib8.pfb
></usr/share/texmf-texlive/fonts/type1/public/amsfonts/cm/cmr10.pfb></usr/share
/texmf-texlive/fonts/type1/public/amsfonts/cm/cmr6.pfb></usr/share/texmf-texliv
e/fonts/type1/public/amsfonts/cm/cmr8.pfb></usr/share/texmf-texlive/fonts/type1
/public/amsfonts/cm/cmsy10.pfb></usr/share/texmf-texlive/fonts/type1/public/ams
fonts/cm/cmti10.pfb></usr/share/texmf-texlive/fonts/type1/public/amsfonts/cm/cm
ti8.pfb></usr/share/texmf-texlive/fonts/type1/public/amsfonts/euler/eufm10.pfb>
</usr/share/texmf-texlive/fonts/type1/public/amsfonts/symbols/msbm10.pfb></usr/
share/texmf/fonts/type1/public/cm-super/sfbi1440.pfb></usr/share/texmf/fonts/ty
pe1/public/cm-super/sfbx1095.pfb></usr/share/texmf/fonts/type1/public/cm-super/
sfbx1440.pfb></usr/share/texmf/fonts/type1/public/cm-super/sfbx2074.pfb></usr/s
hare/texmf/fonts/type1/public/cm-super/sfbx2488.pfb></usr/share/texmf/fonts/typ
e1/public/cm-super/sfbx3583.pfb></usr/share/texmf/fonts/type1/public/cm-super/s
frm0800.pfb></usr/share/texmf/fonts/type1/public/cm-super/sfrm1095.pfb></usr/sh
are/texmf/fonts/type1/public/cm-super/sfrm1200.pfb></usr/share/texmf/fonts/type
1/public/cm-super/sfsl1095.pfb></usr/share/texmf/fonts/type1/public/cm-super/sf
ti0800.pfb></usr/share/texmf/fonts/type1/public/cm-super/sfti1095.pfb></usr/sha
re/texmf/fonts/type1/public/cm-super/sfti1200.pfb></usr/share/texmf-texlive/fon
ts/type1/hoekwater/stmaryrd/stmary10.pfb></usr/share/texmf-texlive/fonts/type1/
public/xypic/xyatip10.pfb></usr/share/texmf-texlive/fonts/type1/public/xypic/xy
btip10.pfb></usr/share/texmf-texlive/fonts/type1/public/xypic/xydash10.pfb>
Output written on Algebra.pdf (88 pages, 884370 bytes).
Transcript written on Algebra.log.
Result: ExitSuccess

Running /usr/bin/pdflatex Algebra.tex in an env with 4 entries:
This is pdfTeX, Version 3.1415926-1.40.10 (TeX Live 2009/Debian)
entering extended mode
(data/Algebra.tex
LaTeX2e <2009/09/24>
Babel <v3.8l> and hyphenation patterns for english, usenglishmax, dumylang, noh
yphenation, farsi, arabic, croatian, bulgarian, ukrainian, russian, czech, slov
ak, danish, dutch, finnish, french, basque, ngerman, german, german-x-2009-06-1
9, ngerman-x-2009-06-19, ibycus, monogreek, greek, ancientgreek, hungarian, san
skrit, italian, latin, latvian, lithuanian, mongolian2a, mongolian, bokmal, nyn
orsk, romanian, irish, coptic, serbian, turkish, welsh, esperanto, uppersorbian
, estonian, indonesian, interlingua, icelandic, kurmanji, slovenian, polish, po
rtuguese, spanish, galician, catalan, swedish, ukenglish, loaded.
(/usr/share/texmf-texlive/tex/latex/base/book.cls
Document Class: book 2007/10/19 v1.4h Standard LaTeX document class
(/usr/share/texmf-texlive/tex/latex/base/bk11.clo))
(/usr/share/texmf-texlive/tex/latex/amsfonts/amssymb.sty
(/usr/share/texmf-texlive/tex/latex/amsfonts/amsfonts.sty))
(/usr/share/texmf-texlive/tex/latex/base/inputenc.sty
(/usr/share/texmf-texlive/tex/latex/base/utf8.def
(/usr/share/texmf-texlive/tex/latex/base/t1enc.dfu)
(/usr/share/texmf-texlive/tex/latex/base/ot1enc.dfu)
(/usr/share/texmf-texlive/tex/latex/base/omsenc.dfu)))
(/usr/share/texmf-texlive/tex/latex/base/fontenc.sty
(/usr/share/texmf-texlive/tex/latex/base/t1enc.def))
(/usr/share/texmf-texlive/tex/generic/german/german.sty v2.5e 1998-07-08)
(/usr/share/texmf-texlive/tex/generic/babel/babel.sty
(/usr/share/texmf-texlive/tex/generic/babel/germanb.ldf
(/usr/share/texmf-texlive/tex/generic/babel/babel.def)))
(/usr/share/texmf-texlive/tex/latex/geometry/geometry.sty
(/usr/share/texmf-texlive/tex/latex/graphics/keyval.sty)
(/usr/share/texmf-texlive/tex/generic/oberdiek/ifpdf.sty)
(/usr/share/texmf-texlive/tex/generic/oberdiek/ifvtex.sty)
(/usr/share/texmf-texlive/tex/xelatex/xetexconfig/geometry.cfg))
(/usr/share/texmf-texlive/tex/latex/paralist/paralist.sty)
(/usr/share/texmf-texlive/tex/latex/titlesec/titlesec.sty)
(/usr/share/texmf-texlive/tex/latex/amsmath/amsmath.sty
For additional information on amsmath, use the `?' option.
(/usr/share/texmf-texlive/tex/latex/amsmath/amstext.sty
(/usr/share/texmf-texlive/tex/latex/amsmath/amsgen.sty))
(/usr/share/texmf-texlive/tex/latex/amsmath/amsbsy.sty)
(/usr/share/texmf-texlive/tex/latex/amsmath/amsopn.sty))
(/usr/share/texmf-texlive/tex/latex/setspace/setspace.sty
Package: `setspace' 6.7 <2000/12/01>
) (/usr/share/texmf-texlive/tex/latex/polynom/polynom.sty)
(/usr/share/texmf-texlive/tex/latex/stmaryrd/stmaryrd.sty)
(/usr/share/texmf-texlive/tex/generic/xypic/xy.sty
(/usr/share/texmf-texlive/tex/generic/xypic/xy.tex Bootstrap'ing: catcodes,
docmode, (/usr/share/texmf-texlive/tex/generic/xypic/xyrecat.tex)
(/usr/share/texmf-texlive/tex/generic/xypic/xyidioms.tex)

 Xy-pic version 3.7 <1999/02/16>
 Copyright (c) 1991-1998 by Kristoffer H. Rose <krisrose@ens-lyon.fr>
 Xy-pic is free software: see the User's Guide for details.

Loading kernel: messages; fonts; allocations: state, direction,
utility macros; pictures: \xy, positions, objects, decorations;
kernel objects: directionals, circles, text; options; algorithms: directions,
edges, connections;  Xy-pic loaded)
(/usr/share/texmf-texlive/tex/generic/xypic/xyarrow.tex
 Xy-pic option: Arrow and Path feature v.3.5 path, \ar, loaded)
(/usr/share/texmf-texlive/tex/generic/xypic/xymatrix.tex
 Xy-pic option: Matrix feature v.3.4 loaded)
(/usr/share/texmf-texlive/tex/generic/xypic/xycurve.tex
 Xy-pic option: Curve and Spline extension v.3.7 curve, circles, loaded))
(/usr/share/texmf-texlive/tex/latex/float/float.sty)
(/usr/share/texmf-texlive/tex/latex/titlesec/titletoc.sty)
(/usr/share/texmf-texlive/tex/latex/pgfplots/pgfplots.sty
(/usr/share/texmf/tex/latex/pgf/frontendlayer/tikz.sty
(/usr/share/texmf/tex/latex/pgf/basiclayer/pgf.sty
(/usr/share/texmf/tex/latex/pgf/utilities/pgfrcs.sty
(/usr/share/texmf/tex/generic/pgf/utilities/pgfutil-common.tex)
(/usr/share/texmf/tex/generic/pgf/utilities/pgfutil-latex.def
(/usr/share/texmf-texlive/tex/latex/ms/everyshi.sty))
(/usr/share/texmf/tex/generic/pgf/utilities/pgfrcs.code.tex))
(/usr/share/texmf/tex/latex/pgf/basiclayer/pgfcore.sty
(/usr/share/texmf-texlive/tex/latex/graphics/graphicx.sty
(/usr/share/texmf-texlive/tex/latex/graphics/graphics.sty
(/usr/share/texmf-texlive/tex/latex/graphics/trig.sty)
(/etc/texmf/tex/latex/config/graphics.cfg)
(/usr/share/texmf-texlive/tex/latex/pdftex-def/pdftex.def)))
(/usr/share/texmf/tex/latex/pgf/systemlayer/pgfsys.sty
(/usr/share/texmf/tex/generic/pgf/systemlayer/pgfsys.code.tex
(/usr/share/texmf/tex/generic/pgf/utilities/pgfkeys.code.tex
(/usr/share/texmf/tex/generic/pgf/utilities/pgfkeysfiltered.code.tex))
(/usr/share/texmf/tex/generic/pgf/systemlayer/pgf.cfg)
(/usr/share/texmf/tex/generic/pgf/systemlayer/pgfsys-pdftex.def
(/usr/share/texmf/tex/generic/pgf/systemlayer/pgfsys-common-pdf.def)))
(/usr/share/texmf/tex/generic/pgf/systemlayer/pgfsyssoftpath.code.tex)
(/usr/share/texmf/tex/generic/pgf/systemlayer/pgfsysprotocol.code.tex))
(/usr/share/texmf/tex/latex/xcolor/xcolor.sty
(/etc/texmf/tex/latex/config/color.cfg))
(/usr/share/texmf/tex/generic/pgf/basiclayer/pgfcore.code.tex
(/usr/share/texmf/tex/generic/pgf/math/pgfmath.code.tex
(/usr/share/texmf/tex/generic/pgf/math/pgfmathcalc.code.tex
(/usr/share/texmf/tex/generic/pgf/math/pgfmathutil.code.tex)
(/usr/share/texmf/tex/generic/pgf/math/pgfmathparser.code.tex)
(/usr/share/texmf/tex/generic/pgf/math/pgfmathfunctions.code.tex
(/usr/share/texmf/tex/generic/pgf/math/pgfmathfunctions.basic.code.tex)
(/usr/share/texmf/tex/generic/pgf/math/pgfmathfunctions.trigonometric.code.tex)
(/usr/share/texmf/tex/generic/pgf/math/pgfmathfunctions.random.code.tex)
(/usr/share/texmf/tex/generic/pgf/math/pgfmathfunctions.comparison.code.tex)
(/usr/share/texmf/tex/generic/pgf/math/pgfmathfunctions.base.code.tex)
(/usr/share/texmf/tex/generic/pgf/math/pgfmathfunctions.round.code.tex)
(/usr/share/texmf/tex/generic/pgf/math/pgfmathfunctions.misc.code.tex)))
(/usr/share/texmf/tex/generic/pgf/math/pgfmathfloat.code.tex))
(/usr/share/texmf/tex/generic/pgf/basiclayer/pgfcorepoints.code.tex)
(/usr/share/texmf/tex/generic/pgf/basiclayer/pgfcorepathconstruct.code.tex)
(/usr/share/texmf/tex/generic/pgf/basiclayer/pgfcorepathusage.code.tex)
(/usr/share/texmf/tex/generic/pgf/basiclayer/pgfcorescopes.code.tex)
(/usr/share/texmf/tex/generic/pgf/basiclayer/pgfcoregraphicstate.code.tex)
(/usr/share/texmf/tex/generic/pgf/basiclayer/pgfcoretransformations.code.tex)
(/usr/share/texmf/tex/generic/pgf/basiclayer/pgfcorequick.code.tex)
(/usr/share/texmf/tex/generic/pgf/basiclayer/pgfcoreobjects.code.tex)
(/usr/share/texmf/tex/generic/pgf/basiclayer/pgfcorepathprocessing.code.tex)
(/usr/share/texmf/tex/generic/pgf/basiclayer/pgfcorearrows.code.tex)
(/usr/share/texmf/tex/generic/pgf/basiclayer/pgfcoreshade.code.tex)
(/usr/share/texmf/tex/generic/pgf/basiclayer/pgfcoreimage.code.tex
(/usr/share/texmf/tex/generic/pgf/basiclayer/pgfcoreexternal.code.tex))
(/usr/share/texmf/tex/generic/pgf/basiclayer/pgfcorelayers.code.tex)
(/usr/share/texmf/tex/generic/pgf/basiclayer/pgfcoretransparency.code.tex)
(/usr/share/texmf/tex/generic/pgf/basiclayer/pgfcorepatterns.code.tex)))
(/usr/share/texmf/tex/generic/pgf/modules/pgfmoduleshapes.code.tex)
(/usr/share/texmf/tex/generic/pgf/modules/pgfmoduleplot.code.tex)
(/usr/share/texmf/tex/latex/pgf/compatibility/pgfcomp-version-0-65.sty)
(/usr/share/texmf/tex/latex/pgf/compatibility/pgfcomp-version-1-18.sty))
(/usr/share/texmf/tex/latex/pgf/utilities/pgffor.sty
(/usr/share/texmf/tex/latex/pgf/utilities/pgfkeys.sty
(/usr/share/texmf/tex/generic/pgf/utilities/pgfkeys.code.tex))
(/usr/share/texmf/tex/generic/pgf/utilities/pgffor.code.tex))
(/usr/share/texmf/tex/generic/pgf/frontendlayer/tikz/tikz.code.tex
(/usr/share/texmf/tex/generic/pgf/libraries/pgflibraryplothandlers.code.tex)
(/usr/share/texmf/tex/generic/pgf/modules/pgfmodulematrix.code.tex)
(/usr/share/texmf/tex/generic/pgf/frontendlayer/tikz/libraries/tikzlibrarytopat
hs.code.tex))) (/usr/share/texmf-texlive/tex/generic/pgfplots/pgfplots.code.tex
 (/usr/share/texmf-texlive/tex/generic/pgfplots/pgfplotscore.code.tex)
(/usr/share/texmf-texlive/tex/generic/pgfplots/oldpgfcompatib/pgfplotsoldpgfsup
p_loader.code.tex
Package pgfplots: loading complementary code for your PGF version...

(/usr/share/texmf-texlive/tex/generic/pgfplots/oldpgfcompatib/pgfplotsoldpgfsup
p_misc.code.tex)
(/usr/share/texmf-texlive/tex/generic/pgfplots/oldpgfcompatib/pgfplotsoldpgfsup
p_pgfkeysfiltered.code.tex)
(/usr/share/texmf-texlive/tex/generic/pgfplots/oldpgfcompatib/pgfplotsoldpgfsup
p_pgfmathfloat.code.tex)
(/usr/share/texmf-texlive/tex/generic/pgfplots/oldpgfcompatib/pgfplotsoldpgfsup
p_pgflibraryplothandlers.code.tex)
(/usr/share/texmf/tex/generic/pgf/libraries/pgflibraryfpu.code.tex))
(/usr/share/texmf-texlive/tex/generic/pgfplots/util/pgfplotsutil.code.tex
(/usr/share/texmf-texlive/tex/generic/pgfplots/liststructure/pgfplotsliststruct
ure.code.tex)
(/usr/share/texmf-texlive/tex/generic/pgfplots/liststructure/pgfplotsliststruct
ureext.code.tex)
(/usr/share/texmf-texlive/tex/generic/pgfplots/liststructure/pgfplotsarray.code
.tex)
(/usr/share/texmf-texlive/tex/generic/pgfplots/numtable/pgfplotstable.code.tex
(/usr/share/texmf-texlive/tex/generic/pgfplots/numtable/pgfplotstable.coltype.c
ode.tex)))
(/usr/share/texmf-texlive/tex/generic/pgfplots/util/pgfplotscolormap.code.tex)
(/usr/share/texmf-texlive/tex/generic/pgfplots/pgfplots.stackedplots.code.tex)
(/usr/share/texmf-texlive/tex/generic/pgfplots/pgfplotscoordprocessing.code.tex
) (/usr/share/texmf-texlive/tex/generic/pgfplots/pgfplotsticks.code.tex)
(/usr/share/texmf/tex/generic/pgf/frontendlayer/tikz/libraries/tikzlibrarydecor
ations.code.tex
(/usr/share/texmf/tex/generic/pgf/modules/pgfmoduledecorations.code.tex))
(/usr/share/texmf/tex/generic/pgf/frontendlayer/tikz/libraries/tikzlibrarydecor
ations.pathmorphing.code.tex
(/usr/share/texmf/tex/generic/pgf/libraries/decorations/pgflibrarydecorations.p
athmorphing.code.tex))
(/usr/share/texmf/tex/generic/pgf/frontendlayer/tikz/libraries/tikzlibrarydecor
ations.pathreplacing.code.tex
(/usr/share/texmf/tex/generic/pgf/libraries/decorations/pgflibrarydecorations.p
athreplacing.code.tex)))
(/usr/share/texmf/tex/generic/pgf/frontendlayer/tikz/libraries/tikzlibraryplotm
arks.code.tex
(/usr/share/texmf/tex/generic/pgf/libraries/pgflibraryplotmarks.code.tex)))
(/usr/share/texmf-texlive/tex/latex/wrapfig/wrapfig.sty)
(/usr/share/texmf-texlive/tex/generic/mathabx/mathabx.sty
(/usr/share/texmf-texlive/tex/generic/mathabx/mathabx.dcl))
(/usr/share/texmf-texlive/tex/latex/base/ifthen.sty)
(/usr/share/texmf-texlive/tex/latex/caption/caption.sty
(/usr/share/texmf-texlive/tex/latex/caption/caption3.sty))
(/usr/share/texmf-texlive/tex/latex/caption/subcaption.sty) (data/latexki.sty)
(/usr/share/texmf-texlive/tex/latex/ntheorem/ntheorem.sty
Style `ntheorem', Version 1.25 <2005/07/07>
) (/usr/share/texmf-texlive/tex/latex/hyperref/hyperref.sty
(/usr/share/texmf-texlive/tex/generic/ifxetex/ifxetex.sty)
(/usr/share/texmf-texlive/tex/latex/oberdiek/hycolor.sty
(/usr/share/texmf-texlive/tex/latex/oberdiek/xcolor-patch.sty))
(/usr/share/texmf-texlive/tex/latex/hyperref/pd1enc.def)
(/usr/share/texmf-texlive/tex/generic/oberdiek/etexcmds.sty
(/usr/share/texmf-texlive/tex/generic/oberdiek/infwarerr.sty))
(/usr/share/texmf-texlive/tex/latex/latexconfig/hyperref.cfg)
(/usr/share/texmf-texlive/tex/latex/oberdiek/kvoptions.sty
(/usr/share/texmf-texlive/tex/generic/oberdiek/kvsetkeys.sty))
Implicit mode ON; LaTeX internals redefined
(/usr/share/texmf-texlive/tex/latex/ltxmisc/url.sty)
(/usr/share/texmf-texlive/tex/generic/oberdiek/bitset.sty
(/usr/share/texmf-texlive/tex/generic/oberdiek/intcalc.sty)
(/usr/share/texmf-texlive/tex/generic/oberdiek/bigintcalc.sty
(/usr/share/texmf-texlive/tex/generic/oberdiek/pdftexcmds.sty
(/usr/share/texmf-texlive/tex/generic/oberdiek/ifluatex.sty)
(/usr/share/texmf-texlive/tex/generic/oberdiek/ltxcmds.sty))))
(/usr/share/texmf-texlive/tex/generic/oberdiek/atbegshi.sty))
*hyperref using default driver hpdftex*
(/usr/share/texmf-texlive/tex/latex/hyperref/hpdftex.def) (./Algebra.aux)
*geometry auto-detecting driver*
*geometry detected driver: pdftex*
ABD: EveryShipout initializing macros
(/usr/share/texmf-texlive/tex/context/base/supp-pdf.mkii
[Loading MPS to PDF converter (version 2006.09.02).]
) (/usr/share/texmf-texlive/tex/latex/hyperref/nameref.sty
(/usr/share/texmf-texlive/tex/latex/oberdiek/refcount.sty)) (./Algebra.out)
(./Algebra.out)
Underfull \hbox (badness 10000) in paragraph at lines 134--135


LaTeX Font Warning: Font shape `T1/cmr/m/n' in size <40> not available
(Font)              size <35.83> substituted on input line 137.


LaTeX Font Warning: Font shape `T1/cmr/bx/n' in size <40> not available
(Font)              size <35.83> substituted on input line 137.


Underfull \hbox (badness 10000) in paragraph at lines 139--140


Underfull \hbox (badness 10000) in paragraph at lines 141--142

(/usr/share/texmf-texlive/tex/latex/amsfonts/umsa.fd)
(/usr/share/texmf-texlive/tex/latex/amsfonts/umsb.fd)
(/usr/share/texmf-texlive/tex/latex/stmaryrd/Ustmry.fd)
Underfull \hbox (badness 10000) in paragraph at lines 143--144

[1{/var/lib/texmf/fonts/map/pdftex/updmap/pdftex.map}] [2] (./Algebra.toc
Overfull \hbox (0.93665pt too wide) detected at line 8
\T1/cmr/bx/n/10.95 II  

Overfull \hbox (1.81714pt too wide) detected at line 12
\T1/cmr/m/n/10.95 Ÿ 10  

Overfull \hbox (5.95705pt too wide) detected at line 13
\T1/cmr/bx/n/10.95 III  

Overfull \hbox (1.81714pt too wide) detected at line 14
\T1/cmr/m/n/10.95 Ÿ 11  

Overfull \hbox (1.81714pt too wide) detected at line 15
\T1/cmr/m/n/10.95 Ÿ 12  

Overfull \hbox (1.81714pt too wide) detected at line 16
\T1/cmr/m/n/10.95 Ÿ 13  

Overfull \hbox (1.81714pt too wide) detected at line 17
\T1/cmr/m/n/10.95 Ÿ 14  
) [3] [4]
Kapitel I\hskip 1em\relax .
[5] (/usr/share/texmf-texlive/tex/latex/amsfonts/ueuf.fd)
Underfull \hbox (badness 10000) in paragraph at lines 220--222


Underfull \vbox (badness 2980) has occurred while \output is active [6]
[7] [8]
Underfull \vbox (badness 1117) has occurred while \output is active [9]
[10] [11] [12] [13]
Underfull \hbox (badness 10000) in paragraph at lines 469--471

[14] [15] [16]
Underfull \vbox (badness 10000) has occurred while \output is active [17]
[18] [19] [20] [21] [22]
Overfull \hbox (20.49663pt too wide) detected at line 810
\OML/cmm/m/it/10.95 ^^P[] \U/matha/m/n/10.95 ^^@ \OML/cmm/m/it/10.95 ^^P[]  \U/
matha/m/n/10.95 ^^P  \OT1/cmr/m/n/10.95 2 \U/matha/m/n/10.95 ^^D [] []  ^^P  \O
T1/cmr/m/n/10.95 2 \U/matha/m/n/10.95 ^^D [] []  ^^P  \OT1/cmr/m/n/10.95 2 \U/m
atha/m/n/10.95 ^^D [] []  ^^P  \OT1/cmr/m/n/10.95 2 \U/matha/m/n/10.95 ^^D [] [
]  ^^P  \OT1/cmr/m/n/10.95 2 \U/matha/m/n/10.95 ^^D []  ^^P  ^^A\OT1/cmr/m/n/10
.95 1\OML/cmm/m/it/10.95 :
[23] [24] <xymatrix 3x3 174>
Underfull \hbox (badness 10000) in paragraph at lines 850--852

[25] <xymatrix 5x3 376> [26]
Underfull \vbox (badness 1163) has occurred while \output is active [27]
Overfull \hbox (7.53423pt too wide) in paragraph at lines 934--935
\T1/cmr/m/n/10.95 is sol-va-ble. The-re-fo-re ob-ser-ve that $[]$ is ge-ne-ra-t
ed over $\OML/cmm/m/it/10.95 k$ \T1/cmr/m/n/10.95 by the $\OML/cmm/m/it/10.95 ^
^[\U/matha/m/n/10.95 p\OML/cmm/m/it/10.95 k\U/matha/m/n/10.95 q$ \T1/cmr/m/n/10
.95 for $\OML/cmm/m/it/10.95 ^^[ \U/matha/m/n/10.95 P [][]p\U/msb/m/n/10.95 M\O
ML/cmm/m/it/10.95 ; []\U/matha/m/n/10.95 q$\T1/cmr/m/n/10.95 ,

Underfull \vbox (badness 10000) has occurred while \output is active [28]
Overfull \hbox (16.8782pt too wide) in paragraph at lines 954--958
\T1/cmr/m/n/10.95 be the cor-re-spon-ding chain of in-ter-me-dia-te fields, i.e
 $\OML/cmm/m/it/10.95 L[]\U/matha/m/n/10.95 {\OML/cmm/m/it/10.95 L[]$ \T1/cmr/m
/n/10.95 is Ga-lois and $[]\U/matha/m/n/10.95 p\OT1/cmr/m/it/10.95 L[]\U/matha/
m/n/10.95 {\OT1/cmr/m/it/10.95 L[]\U/matha/m/n/10.95 q ^^U
[29] [30] [31]
Underfull \hbox (badness 10000) in paragraph at lines 1079--1080

(/usr/share/texmf-texlive/tex/latex/base/omscmr.fd) [32] [33]
Underfull \hbox (badness 10000) in paragraph at lines 1176--1177

[34]
Underfull \hbox (badness 10000) in paragraph at lines 1186--1188


Underfull \vbox (badness 10000) has occurred while \output is active [35]
[36] [37] [38] [39] [40]
Kapitel II\hskip 1em\relax .
[41]
Underfull \hbox (badness 10000) in paragraph at lines 1447--1449


Overfull \hbox (16.00597pt too wide) detected at line 1461
\OT1/cmr/m/n/10.95 0 \U/matha/m/n/10.95 ^^P \OML/cmm/m/it/10.95 ^^W\U/matha/m/n
/10.95 p\OT1/cmr/m/n/10.95 1\U/matha/m/n/10.95 q ^^P \OML/cmm/m/it/10.95 ^^W\U/
matha/m/n/10.95 p\OML/cmm/m/it/10.95 ap \U/matha/m/n/10.95 ^^@ \OML/cmm/m/it/10
.95 bq\U/matha/m/n/10.95 q ¥ []t\OML/cmm/m/it/10.95 ^^W\U/matha/m/n/10.95 p\OML
/cmm/m/it/10.95 ap\U/matha/m/n/10.95 q\OML/cmm/m/it/10.95 ; ^^W\U/matha/m/n/10.
95 p\OML/cmm/m/it/10.95 bq\U/matha/m/n/10.95 qu ^^P []t[] ^^@\OML/cmm/m/it/10.9
5 ^^W\U/matha/m/n/10.95 p\OML/cmm/m/it/10.95 p\U/matha/m/n/10.95 q\OML/cmm/m/it
/10.95 ; [] \U/matha/m/n/10.95 ^^@\OML/cmm/m/it/10.95 ^^W\U/matha/m/n/10.95 p\O
ML/cmm/m/it/10.95 q\U/matha/m/n/10.95 qu ¥ []t\OML/cmm/m/it/10.95 ^^W\U/matha/m
/n/10.95 p\OML/cmm/m/it/10.95 p\U/matha/m/n/10.95 q\OML/cmm/m/it/10.95 ; ^^W\U/
matha/m/n/10.95 p\OML/cmm/m/it/10.95 q\U/matha/m/n/10.95 qu ¡ \OT1/cmr/m/n/10.9
5 0
[42] [43]
Underfull \vbox (badness 10000) has occurred while \output is active [44]
[45]
Underfull \vbox (badness 10000) has occurred while \output is active [46]
[47] [48] [49] [50] [51] [52] [53]

LaTeX Font Warning: Font shape `U/stmry/b/n' undefined
(Font)              using `U/stmry/m/n' instead on input line 1901.

[54] [55]
Underfull \vbox (badness 10000) has occurred while \output is active [56]
Overfull \hbox (25.30984pt too wide) detected at line 2011
\OT1/cmr/m/n/10.95 0  \U/matha/m/n/10.95 ^^P  [] [] \OML/cmm/m/it/10.95 a[]p[] 
\U/matha/m/n/10.95 ^^A [] \OML/cmm/m/it/10.95 b[]p[][]  \U/matha/m/n/10.95 ^^P 
 [] []  ^^@ \OML/cmm/m/it/10.95 p[] \U/matha/m/n/10.95 ^^D [] []\OML/cmm/m/it/1
0.95 :

Underfull \vbox (badness 10000) has occurred while \output is active [57]
Underfull \vbox (badness 4660) has occurred while \output is active [58]
[59]
Underfull \vbox (badness 10000) has occurred while \output is active [60]
[61] [62]
Kapitel III\hskip 1em\relax .
[63] [64] <xymatrix 3x3 161> [65] <xymatrix 3x2 149> <xymatrix 3x2 192>
<xymatrix 3x2 149> [66] [67] [68] [69] [70]
Underfull \hbox (badness 10000) in paragraph at lines 2494--2497

[71] [72]
Underfull \hbox (badness 10000) in paragraph at lines 2564--2566

[73] <xymatrix 3x3 243> [74]
Underfull \hbox (badness 10000) in paragraph at lines 2629--2632

<xymatrix 10x2 491> [75] [76] [77] [78]
Overfull \hbox (11.06415pt too wide) detected at line 2824
\OML/cmm/m/it/10.95 ht\U/matha/m/n/10.95 p\U/euf/m/n/10.95 p\U/matha/m/n/10.95 
q \OT1/cmr/m/n/10.95 :\U/matha/m/n/10.95 ^^P []t\OML/cmm/m/it/10.95 n \U/matha/
m/n/10.95 P \U/msb/m/n/10.95 N[] [] []\U/euf/m/n/10.95 p[]\OML/cmm/m/it/10.95 ;
 \U/euf/m/n/10.95 p[]\OML/cmm/m/it/10.95 ; [] ; \U/euf/m/n/10.95 p[]\OML/cmm/m/
it/10.95 ; []\U/euf/m/n/10.95 p[] \U/matha/m/n/10.95 ^^P \U/euf/m/n/10.95 p[]p[
] \U/matha/m/n/10.95 ˆ [] ˆ \U/euf/m/n/10.95 p[]\U/matha/m/n/10.95 u

Overfull \hbox (39.39798pt too wide) in paragraph at lines 2833--2833
[]\T1/cmr/m/n/10.95 Since $\U/matha/m/n/10.95 p\OT1/cmr/m/n/10.95 0\U/matha/m/n
/10.95 q ˆ p\OML/cmm/m/it/10.95 X[]\U/matha/m/n/10.95 q ˆ p\OML/cmm/m/it/10.95 
X[]; X[]\U/matha/m/n/10.95 q ˆ [] ˆ p\OML/cmm/m/it/10.95 X[]; [] ; X[]\U/matha/
m/n/10.95 q$\T1/cmr/m/n/10.95 , we ha-ve $[] [] \U/matha/m/n/10.95 ¥
[79] [80]
Underfull \hbox (badness 10000) in paragraph at lines 2878--2880

[81]
Underfull \vbox (badness 1681) has occurred while \output is active [82]
[83] [84] [85]
Underfull \hbox (badness 10000) in paragraph at lines 3074--3076

[86]
Underfull \vbox (badness 10000) has occurred while \output is active [87]
[88] (./Algebra.aux)

LaTeX Font Warning: Size substitutions with differences
(Font)              up to 4.17pt have occurred.


LaTeX Font Warning: Some font shapes were not available, defaults substituted.

 )
(see the transcript file for additional information) </home/travis/.texmf-var/f
onts/pk/ljfour/public/mathabx/mathx10.480pk>{/usr/share/texmf/fonts/enc/dvips/c
m-super/cm-super-t1.enc} </home/travis/.texmf-var/fonts/pk/ljfour/public/mathab
x/mathb8.600pk> </home/travis/.texmf-var/fonts/pk/ljfour/public/mathabx/matha6.
600pk> </home/travis/.texmf-var/fonts/pk/ljfour/public/mathabx/mathb10.657pk> <
/home/travis/.texmf-var/fonts/pk/ljfour/public/mathabx/matha8.600pk> </home/tra
vis/.texmf-var/fonts/pk/ljfour/public/mathabx/mathx10.657pk> </home/travis/.tex
mf-var/fonts/pk/ljfour/public/mathabx/matha10.657pk></usr/share/texmf-texlive/f
onts/type1/public/amsfonts/cm/cmmi10.pfb></usr/share/texmf-texlive/fonts/type1/
public/amsfonts/cm/cmmi6.pfb></usr/share/texmf-texlive/fonts/type1/public/amsfo
nts/cm/cmmi8.pfb></usr/share/texmf-texlive/fonts/type1/public/amsfonts/cm/cmmib
10.pfb></usr/share/texmf-texlive/fonts/type1/public/amsfonts/cmextra/cmmib8.pfb
></usr/share/texmf-texlive/fonts/type1/public/amsfonts/cm/cmr10.pfb></usr/share
/texmf-texlive/fonts/type1/public/amsfonts/cm/cmr6.pfb></usr/share/texmf-texliv
e/fonts/type1/public/amsfonts/cm/cmr8.pfb></usr/share/texmf-texlive/fonts/type1
/public/amsfonts/cm/cmsy10.pfb></usr/share/texmf-texlive/fonts/type1/public/ams
fonts/cm/cmti10.pfb></usr/share/texmf-texlive/fonts/type1/public/amsfonts/cm/cm
ti8.pfb></usr/share/texmf-texlive/fonts/type1/public/amsfonts/euler/eufm10.pfb>
</usr/share/texmf-texlive/fonts/type1/public/amsfonts/symbols/msbm10.pfb></usr/
share/texmf/fonts/type1/public/cm-super/sfbi1440.pfb></usr/share/texmf/fonts/ty
pe1/public/cm-super/sfbx1095.pfb></usr/share/texmf/fonts/type1/public/cm-super/
sfbx1440.pfb></usr/share/texmf/fonts/type1/public/cm-super/sfbx2074.pfb></usr/s
hare/texmf/fonts/type1/public/cm-super/sfbx2488.pfb></usr/share/texmf/fonts/typ
e1/public/cm-super/sfbx3583.pfb></usr/share/texmf/fonts/type1/public/cm-super/s
frm0800.pfb></usr/share/texmf/fonts/type1/public/cm-super/sfrm1095.pfb></usr/sh
are/texmf/fonts/type1/public/cm-super/sfrm1200.pfb></usr/share/texmf/fonts/type
1/public/cm-super/sfsl1095.pfb></usr/share/texmf/fonts/type1/public/cm-super/sf
ti0800.pfb></usr/share/texmf/fonts/type1/public/cm-super/sfti1095.pfb></usr/sha
re/texmf/fonts/type1/public/cm-super/sfti1200.pfb></usr/share/texmf-texlive/fon
ts/type1/hoekwater/stmaryrd/stmary10.pfb></usr/share/texmf-texlive/fonts/type1/
public/xypic/xyatip10.pfb></usr/share/texmf-texlive/fonts/type1/public/xypic/xy
btip10.pfb></usr/share/texmf-texlive/fonts/type1/public/xypic/xydash10.pfb>
Output written on Algebra.pdf (88 pages, 895858 bytes).
Transcript written on Algebra.log.
Result: ExitSuccess

Running /usr/bin/pdflatex Algebra.tex in an env with 4 entries:
This is pdfTeX, Version 3.1415926-1.40.10 (TeX Live 2009/Debian)
entering extended mode
(data/Algebra.tex
LaTeX2e <2009/09/24>
Babel <v3.8l> and hyphenation patterns for english, usenglishmax, dumylang, noh
yphenation, farsi, arabic, croatian, bulgarian, ukrainian, russian, czech, slov
ak, danish, dutch, finnish, french, basque, ngerman, german, german-x-2009-06-1
9, ngerman-x-2009-06-19, ibycus, monogreek, greek, ancientgreek, hungarian, san
skrit, italian, latin, latvian, lithuanian, mongolian2a, mongolian, bokmal, nyn
orsk, romanian, irish, coptic, serbian, turkish, welsh, esperanto, uppersorbian
, estonian, indonesian, interlingua, icelandic, kurmanji, slovenian, polish, po
rtuguese, spanish, galician, catalan, swedish, ukenglish, loaded.
(/usr/share/texmf-texlive/tex/latex/base/book.cls
Document Class: book 2007/10/19 v1.4h Standard LaTeX document class
(/usr/share/texmf-texlive/tex/latex/base/bk11.clo))
(/usr/share/texmf-texlive/tex/latex/amsfonts/amssymb.sty
(/usr/share/texmf-texlive/tex/latex/amsfonts/amsfonts.sty))
(/usr/share/texmf-texlive/tex/latex/base/inputenc.sty
(/usr/share/texmf-texlive/tex/latex/base/utf8.def
(/usr/share/texmf-texlive/tex/latex/base/t1enc.dfu)
(/usr/share/texmf-texlive/tex/latex/base/ot1enc.dfu)
(/usr/share/texmf-texlive/tex/latex/base/omsenc.dfu)))
(/usr/share/texmf-texlive/tex/latex/base/fontenc.sty
(/usr/share/texmf-texlive/tex/latex/base/t1enc.def))
(/usr/share/texmf-texlive/tex/generic/german/german.sty v2.5e 1998-07-08)
(/usr/share/texmf-texlive/tex/generic/babel/babel.sty
(/usr/share/texmf-texlive/tex/generic/babel/germanb.ldf
(/usr/share/texmf-texlive/tex/generic/babel/babel.def)))
(/usr/share/texmf-texlive/tex/latex/geometry/geometry.sty
(/usr/share/texmf-texlive/tex/latex/graphics/keyval.sty)
(/usr/share/texmf-texlive/tex/generic/oberdiek/ifpdf.sty)
(/usr/share/texmf-texlive/tex/generic/oberdiek/ifvtex.sty)
(/usr/share/texmf-texlive/tex/xelatex/xetexconfig/geometry.cfg))
(/usr/share/texmf-texlive/tex/latex/paralist/paralist.sty)
(/usr/share/texmf-texlive/tex/latex/titlesec/titlesec.sty)
(/usr/share/texmf-texlive/tex/latex/amsmath/amsmath.sty
For additional information on amsmath, use the `?' option.
(/usr/share/texmf-texlive/tex/latex/amsmath/amstext.sty
(/usr/share/texmf-texlive/tex/latex/amsmath/amsgen.sty))
(/usr/share/texmf-texlive/tex/latex/amsmath/amsbsy.sty)
(/usr/share/texmf-texlive/tex/latex/amsmath/amsopn.sty))
(/usr/share/texmf-texlive/tex/latex/setspace/setspace.sty
Package: `setspace' 6.7 <2000/12/01>
) (/usr/share/texmf-texlive/tex/latex/polynom/polynom.sty)
(/usr/share/texmf-texlive/tex/latex/stmaryrd/stmaryrd.sty)
(/usr/share/texmf-texlive/tex/generic/xypic/xy.sty
(/usr/share/texmf-texlive/tex/generic/xypic/xy.tex Bootstrap'ing: catcodes,
docmode, (/usr/share/texmf-texlive/tex/generic/xypic/xyrecat.tex)
(/usr/share/texmf-texlive/tex/generic/xypic/xyidioms.tex)

 Xy-pic version 3.7 <1999/02/16>
 Copyright (c) 1991-1998 by Kristoffer H. Rose <krisrose@ens-lyon.fr>
 Xy-pic is free software: see the User's Guide for details.

Loading kernel: messages; fonts; allocations: state, direction,
utility macros; pictures: \xy, positions, objects, decorations;
kernel objects: directionals, circles, text; options; algorithms: directions,
edges, connections;  Xy-pic loaded)
(/usr/share/texmf-texlive/tex/generic/xypic/xyarrow.tex
 Xy-pic option: Arrow and Path feature v.3.5 path, \ar, loaded)
(/usr/share/texmf-texlive/tex/generic/xypic/xymatrix.tex
 Xy-pic option: Matrix feature v.3.4 loaded)
(/usr/share/texmf-texlive/tex/generic/xypic/xycurve.tex
 Xy-pic option: Curve and Spline extension v.3.7 curve, circles, loaded))
(/usr/share/texmf-texlive/tex/latex/float/float.sty)
(/usr/share/texmf-texlive/tex/latex/titlesec/titletoc.sty)
(/usr/share/texmf-texlive/tex/latex/pgfplots/pgfplots.sty
(/usr/share/texmf/tex/latex/pgf/frontendlayer/tikz.sty
(/usr/share/texmf/tex/latex/pgf/basiclayer/pgf.sty
(/usr/share/texmf/tex/latex/pgf/utilities/pgfrcs.sty
(/usr/share/texmf/tex/generic/pgf/utilities/pgfutil-common.tex)
(/usr/share/texmf/tex/generic/pgf/utilities/pgfutil-latex.def
(/usr/share/texmf-texlive/tex/latex/ms/everyshi.sty))
(/usr/share/texmf/tex/generic/pgf/utilities/pgfrcs.code.tex))
(/usr/share/texmf/tex/latex/pgf/basiclayer/pgfcore.sty
(/usr/share/texmf-texlive/tex/latex/graphics/graphicx.sty
(/usr/share/texmf-texlive/tex/latex/graphics/graphics.sty
(/usr/share/texmf-texlive/tex/latex/graphics/trig.sty)
(/etc/texmf/tex/latex/config/graphics.cfg)
(/usr/share/texmf-texlive/tex/latex/pdftex-def/pdftex.def)))
(/usr/share/texmf/tex/latex/pgf/systemlayer/pgfsys.sty
(/usr/share/texmf/tex/generic/pgf/systemlayer/pgfsys.code.tex
(/usr/share/texmf/tex/generic/pgf/utilities/pgfkeys.code.tex
(/usr/share/texmf/tex/generic/pgf/utilities/pgfkeysfiltered.code.tex))
(/usr/share/texmf/tex/generic/pgf/systemlayer/pgf.cfg)
(/usr/share/texmf/tex/generic/pgf/systemlayer/pgfsys-pdftex.def
(/usr/share/texmf/tex/generic/pgf/systemlayer/pgfsys-common-pdf.def)))
(/usr/share/texmf/tex/generic/pgf/systemlayer/pgfsyssoftpath.code.tex)
(/usr/share/texmf/tex/generic/pgf/systemlayer/pgfsysprotocol.code.tex))
(/usr/share/texmf/tex/latex/xcolor/xcolor.sty
(/etc/texmf/tex/latex/config/color.cfg))
(/usr/share/texmf/tex/generic/pgf/basiclayer/pgfcore.code.tex
(/usr/share/texmf/tex/generic/pgf/math/pgfmath.code.tex
(/usr/share/texmf/tex/generic/pgf/math/pgfmathcalc.code.tex
(/usr/share/texmf/tex/generic/pgf/math/pgfmathutil.code.tex)
(/usr/share/texmf/tex/generic/pgf/math/pgfmathparser.code.tex)
(/usr/share/texmf/tex/generic/pgf/math/pgfmathfunctions.code.tex
(/usr/share/texmf/tex/generic/pgf/math/pgfmathfunctions.basic.code.tex)
(/usr/share/texmf/tex/generic/pgf/math/pgfmathfunctions.trigonometric.code.tex)
(/usr/share/texmf/tex/generic/pgf/math/pgfmathfunctions.random.code.tex)
(/usr/share/texmf/tex/generic/pgf/math/pgfmathfunctions.comparison.code.tex)
(/usr/share/texmf/tex/generic/pgf/math/pgfmathfunctions.base.code.tex)
(/usr/share/texmf/tex/generic/pgf/math/pgfmathfunctions.round.code.tex)
(/usr/share/texmf/tex/generic/pgf/math/pgfmathfunctions.misc.code.tex)))
(/usr/share/texmf/tex/generic/pgf/math/pgfmathfloat.code.tex))
(/usr/share/texmf/tex/generic/pgf/basiclayer/pgfcorepoints.code.tex)
(/usr/share/texmf/tex/generic/pgf/basiclayer/pgfcorepathconstruct.code.tex)
(/usr/share/texmf/tex/generic/pgf/basiclayer/pgfcorepathusage.code.tex)
(/usr/share/texmf/tex/generic/pgf/basiclayer/pgfcorescopes.code.tex)
(/usr/share/texmf/tex/generic/pgf/basiclayer/pgfcoregraphicstate.code.tex)
(/usr/share/texmf/tex/generic/pgf/basiclayer/pgfcoretransformations.code.tex)
(/usr/share/texmf/tex/generic/pgf/basiclayer/pgfcorequick.code.tex)
(/usr/share/texmf/tex/generic/pgf/basiclayer/pgfcoreobjects.code.tex)
(/usr/share/texmf/tex/generic/pgf/basiclayer/pgfcorepathprocessing.code.tex)
(/usr/share/texmf/tex/generic/pgf/basiclayer/pgfcorearrows.code.tex)
(/usr/share/texmf/tex/generic/pgf/basiclayer/pgfcoreshade.code.tex)
(/usr/share/texmf/tex/generic/pgf/basiclayer/pgfcoreimage.code.tex
(/usr/share/texmf/tex/generic/pgf/basiclayer/pgfcoreexternal.code.tex))
(/usr/share/texmf/tex/generic/pgf/basiclayer/pgfcorelayers.code.tex)
(/usr/share/texmf/tex/generic/pgf/basiclayer/pgfcoretransparency.code.tex)
(/usr/share/texmf/tex/generic/pgf/basiclayer/pgfcorepatterns.code.tex)))
(/usr/share/texmf/tex/generic/pgf/modules/pgfmoduleshapes.code.tex)
(/usr/share/texmf/tex/generic/pgf/modules/pgfmoduleplot.code.tex)
(/usr/share/texmf/tex/latex/pgf/compatibility/pgfcomp-version-0-65.sty)
(/usr/share/texmf/tex/latex/pgf/compatibility/pgfcomp-version-1-18.sty))
(/usr/share/texmf/tex/latex/pgf/utilities/pgffor.sty
(/usr/share/texmf/tex/latex/pgf/utilities/pgfkeys.sty
(/usr/share/texmf/tex/generic/pgf/utilities/pgfkeys.code.tex))
(/usr/share/texmf/tex/generic/pgf/utilities/pgffor.code.tex))
(/usr/share/texmf/tex/generic/pgf/frontendlayer/tikz/tikz.code.tex
(/usr/share/texmf/tex/generic/pgf/libraries/pgflibraryplothandlers.code.tex)
(/usr/share/texmf/tex/generic/pgf/modules/pgfmodulematrix.code.tex)
(/usr/share/texmf/tex/generic/pgf/frontendlayer/tikz/libraries/tikzlibrarytopat
hs.code.tex))) (/usr/share/texmf-texlive/tex/generic/pgfplots/pgfplots.code.tex
 (/usr/share/texmf-texlive/tex/generic/pgfplots/pgfplotscore.code.tex)
(/usr/share/texmf-texlive/tex/generic/pgfplots/oldpgfcompatib/pgfplotsoldpgfsup
p_loader.code.tex
Package pgfplots: loading complementary code for your PGF version...

(/usr/share/texmf-texlive/tex/generic/pgfplots/oldpgfcompatib/pgfplotsoldpgfsup
p_misc.code.tex)
(/usr/share/texmf-texlive/tex/generic/pgfplots/oldpgfcompatib/pgfplotsoldpgfsup
p_pgfkeysfiltered.code.tex)
(/usr/share/texmf-texlive/tex/generic/pgfplots/oldpgfcompatib/pgfplotsoldpgfsup
p_pgfmathfloat.code.tex)
(/usr/share/texmf-texlive/tex/generic/pgfplots/oldpgfcompatib/pgfplotsoldpgfsup
p_pgflibraryplothandlers.code.tex)
(/usr/share/texmf/tex/generic/pgf/libraries/pgflibraryfpu.code.tex))
(/usr/share/texmf-texlive/tex/generic/pgfplots/util/pgfplotsutil.code.tex
(/usr/share/texmf-texlive/tex/generic/pgfplots/liststructure/pgfplotsliststruct
ure.code.tex)
(/usr/share/texmf-texlive/tex/generic/pgfplots/liststructure/pgfplotsliststruct
ureext.code.tex)
(/usr/share/texmf-texlive/tex/generic/pgfplots/liststructure/pgfplotsarray.code
.tex)
(/usr/share/texmf-texlive/tex/generic/pgfplots/numtable/pgfplotstable.code.tex
(/usr/share/texmf-texlive/tex/generic/pgfplots/numtable/pgfplotstable.coltype.c
ode.tex)))
(/usr/share/texmf-texlive/tex/generic/pgfplots/util/pgfplotscolormap.code.tex)
(/usr/share/texmf-texlive/tex/generic/pgfplots/pgfplots.stackedplots.code.tex)
(/usr/share/texmf-texlive/tex/generic/pgfplots/pgfplotscoordprocessing.code.tex
) (/usr/share/texmf-texlive/tex/generic/pgfplots/pgfplotsticks.code.tex)
(/usr/share/texmf/tex/generic/pgf/frontendlayer/tikz/libraries/tikzlibrarydecor
ations.code.tex
(/usr/share/texmf/tex/generic/pgf/modules/pgfmoduledecorations.code.tex))
(/usr/share/texmf/tex/generic/pgf/frontendlayer/tikz/libraries/tikzlibrarydecor
ations.pathmorphing.code.tex
(/usr/share/texmf/tex/generic/pgf/libraries/decorations/pgflibrarydecorations.p
athmorphing.code.tex))
(/usr/share/texmf/tex/generic/pgf/frontendlayer/tikz/libraries/tikzlibrarydecor
ations.pathreplacing.code.tex
(/usr/share/texmf/tex/generic/pgf/libraries/decorations/pgflibrarydecorations.p
athreplacing.code.tex)))
(/usr/share/texmf/tex/generic/pgf/frontendlayer/tikz/libraries/tikzlibraryplotm
arks.code.tex
(/usr/share/texmf/tex/generic/pgf/libraries/pgflibraryplotmarks.code.tex)))
(/usr/share/texmf-texlive/tex/latex/wrapfig/wrapfig.sty)
(/usr/share/texmf-texlive/tex/generic/mathabx/mathabx.sty
(/usr/share/texmf-texlive/tex/generic/mathabx/mathabx.dcl))
(/usr/share/texmf-texlive/tex/latex/base/ifthen.sty)
(/usr/share/texmf-texlive/tex/latex/caption/caption.sty
(/usr/share/texmf-texlive/tex/latex/caption/caption3.sty))
(/usr/share/texmf-texlive/tex/latex/caption/subcaption.sty) (data/latexki.sty)
(/usr/share/texmf-texlive/tex/latex/ntheorem/ntheorem.sty
Style `ntheorem', Version 1.25 <2005/07/07>
) (/usr/share/texmf-texlive/tex/latex/hyperref/hyperref.sty
(/usr/share/texmf-texlive/tex/generic/ifxetex/ifxetex.sty)
(/usr/share/texmf-texlive/tex/latex/oberdiek/hycolor.sty
(/usr/share/texmf-texlive/tex/latex/oberdiek/xcolor-patch.sty))
(/usr/share/texmf-texlive/tex/latex/hyperref/pd1enc.def)
(/usr/share/texmf-texlive/tex/generic/oberdiek/etexcmds.sty
(/usr/share/texmf-texlive/tex/generic/oberdiek/infwarerr.sty))
(/usr/share/texmf-texlive/tex/latex/latexconfig/hyperref.cfg)
(/usr/share/texmf-texlive/tex/latex/oberdiek/kvoptions.sty
(/usr/share/texmf-texlive/tex/generic/oberdiek/kvsetkeys.sty))
Implicit mode ON; LaTeX internals redefined
(/usr/share/texmf-texlive/tex/latex/ltxmisc/url.sty)
(/usr/share/texmf-texlive/tex/generic/oberdiek/bitset.sty
(/usr/share/texmf-texlive/tex/generic/oberdiek/intcalc.sty)
(/usr/share/texmf-texlive/tex/generic/oberdiek/bigintcalc.sty
(/usr/share/texmf-texlive/tex/generic/oberdiek/pdftexcmds.sty
(/usr/share/texmf-texlive/tex/generic/oberdiek/ifluatex.sty)
(/usr/share/texmf-texlive/tex/generic/oberdiek/ltxcmds.sty))))
(/usr/share/texmf-texlive/tex/generic/oberdiek/atbegshi.sty))
*hyperref using default driver hpdftex*
(/usr/share/texmf-texlive/tex/latex/hyperref/hpdftex.def) (./Algebra.aux)
*geometry auto-detecting driver*
*geometry detected driver: pdftex*
ABD: EveryShipout initializing macros
(/usr/share/texmf-texlive/tex/context/base/supp-pdf.mkii
[Loading MPS to PDF converter (version 2006.09.02).]
) (/usr/share/texmf-texlive/tex/latex/hyperref/nameref.sty
(/usr/share/texmf-texlive/tex/latex/oberdiek/refcount.sty)) (./Algebra.out)
(./Algebra.out)
Underfull \hbox (badness 10000) in paragraph at lines 134--135


LaTeX Font Warning: Font shape `T1/cmr/m/n' in size <40> not available
(Font)              size <35.83> substituted on input line 137.


LaTeX Font Warning: Font shape `T1/cmr/bx/n' in size <40> not available
(Font)              size <35.83> substituted on input line 137.


Underfull \hbox (badness 10000) in paragraph at lines 139--140


Underfull \hbox (badness 10000) in paragraph at lines 141--142

(/usr/share/texmf-texlive/tex/latex/amsfonts/umsa.fd)
(/usr/share/texmf-texlive/tex/latex/amsfonts/umsb.fd)
(/usr/share/texmf-texlive/tex/latex/stmaryrd/Ustmry.fd)
Underfull \hbox (badness 10000) in paragraph at lines 143--144

[1{/var/lib/texmf/fonts/map/pdftex/updmap/pdftex.map}] [2] (./Algebra.toc
Overfull \hbox (0.93665pt too wide) detected at line 8
\T1/cmr/bx/n/10.95 II  

Overfull \hbox (1.81714pt too wide) detected at line 12
\T1/cmr/m/n/10.95 Ÿ 10  

Overfull \hbox (5.95705pt too wide) detected at line 13
\T1/cmr/bx/n/10.95 III  

Overfull \hbox (1.81714pt too wide) detected at line 14
\T1/cmr/m/n/10.95 Ÿ 11  

Overfull \hbox (1.81714pt too wide) detected at line 15
\T1/cmr/m/n/10.95 Ÿ 12  

Overfull \hbox (1.81714pt too wide) detected at line 16
\T1/cmr/m/n/10.95 Ÿ 13  

Overfull \hbox (1.81714pt too wide) detected at line 17
\T1/cmr/m/n/10.95 Ÿ 14  
) [3] [4]
Kapitel I\hskip 1em\relax .
[5] (/usr/share/texmf-texlive/tex/latex/amsfonts/ueuf.fd)
Underfull \hbox (badness 10000) in paragraph at lines 220--222


Underfull \vbox (badness 2980) has occurred while \output is active [6]
[7] [8]
Underfull \vbox (badness 1117) has occurred while \output is active [9]
[10] [11] [12] [13]
Underfull \hbox (badness 10000) in paragraph at lines 469--471

[14] [15] [16]
Underfull \vbox (badness 10000) has occurred while \output is active [17]
[18] [19] [20] [21] [22]
Overfull \hbox (20.49663pt too wide) detected at line 810
\OML/cmm/m/it/10.95 ^^P[] \U/matha/m/n/10.95 ^^@ \OML/cmm/m/it/10.95 ^^P[]  \U/
matha/m/n/10.95 ^^P  \OT1/cmr/m/n/10.95 2 \U/matha/m/n/10.95 ^^D [] []  ^^P  \O
T1/cmr/m/n/10.95 2 \U/matha/m/n/10.95 ^^D [] []  ^^P  \OT1/cmr/m/n/10.95 2 \U/m
atha/m/n/10.95 ^^D [] []  ^^P  \OT1/cmr/m/n/10.95 2 \U/matha/m/n/10.95 ^^D [] [
]  ^^P  \OT1/cmr/m/n/10.95 2 \U/matha/m/n/10.95 ^^D []  ^^P  ^^A\OT1/cmr/m/n/10
.95 1\OML/cmm/m/it/10.95 :
[23] [24] <xymatrix 3x3 174>
Underfull \hbox (badness 10000) in paragraph at lines 850--852

[25] <xymatrix 5x3 376> [26]
Underfull \vbox (badness 1163) has occurred while \output is active [27]
Overfull \hbox (7.53423pt too wide) in paragraph at lines 934--935
\T1/cmr/m/n/10.95 is sol-va-ble. The-re-fo-re ob-ser-ve that $[]$ is ge-ne-ra-t
ed over $\OML/cmm/m/it/10.95 k$ \T1/cmr/m/n/10.95 by the $\OML/cmm/m/it/10.95 ^
^[\U/matha/m/n/10.95 p\OML/cmm/m/it/10.95 k\U/matha/m/n/10.95 q$ \T1/cmr/m/n/10
.95 for $\OML/cmm/m/it/10.95 ^^[ \U/matha/m/n/10.95 P [][]p\U/msb/m/n/10.95 M\O
ML/cmm/m/it/10.95 ; []\U/matha/m/n/10.95 q$\T1/cmr/m/n/10.95 ,

Underfull \vbox (badness 10000) has occurred while \output is active [28]
Overfull \hbox (16.8782pt too wide) in paragraph at lines 954--958
\T1/cmr/m/n/10.95 be the cor-re-spon-ding chain of in-ter-me-dia-te fields, i.e
 $\OML/cmm/m/it/10.95 L[]\U/matha/m/n/10.95 {\OML/cmm/m/it/10.95 L[]$ \T1/cmr/m
/n/10.95 is Ga-lois and $[]\U/matha/m/n/10.95 p\OT1/cmr/m/it/10.95 L[]\U/matha/
m/n/10.95 {\OT1/cmr/m/it/10.95 L[]\U/matha/m/n/10.95 q ^^U
[29] [30] [31]
Underfull \hbox (badness 10000) in paragraph at lines 1079--1080

(/usr/share/texmf-texlive/tex/latex/base/omscmr.fd) [32] [33]
Underfull \hbox (badness 10000) in paragraph at lines 1176--1177

[34]
Underfull \hbox (badness 10000) in paragraph at lines 1186--1188


Underfull \vbox (badness 10000) has occurred while \output is active [35]
[36] [37] [38] [39] [40]
Kapitel II\hskip 1em\relax .
[41]
Underfull \hbox (badness 10000) in paragraph at lines 1447--1449


Overfull \hbox (16.00597pt too wide) detected at line 1461
\OT1/cmr/m/n/10.95 0 \U/matha/m/n/10.95 ^^P \OML/cmm/m/it/10.95 ^^W\U/matha/m/n
/10.95 p\OT1/cmr/m/n/10.95 1\U/matha/m/n/10.95 q ^^P \OML/cmm/m/it/10.95 ^^W\U/
matha/m/n/10.95 p\OML/cmm/m/it/10.95 ap \U/matha/m/n/10.95 ^^@ \OML/cmm/m/it/10
.95 bq\U/matha/m/n/10.95 q ¥ []t\OML/cmm/m/it/10.95 ^^W\U/matha/m/n/10.95 p\OML
/cmm/m/it/10.95 ap\U/matha/m/n/10.95 q\OML/cmm/m/it/10.95 ; ^^W\U/matha/m/n/10.
95 p\OML/cmm/m/it/10.95 bq\U/matha/m/n/10.95 qu ^^P []t[] ^^@\OML/cmm/m/it/10.9
5 ^^W\U/matha/m/n/10.95 p\OML/cmm/m/it/10.95 p\U/matha/m/n/10.95 q\OML/cmm/m/it
/10.95 ; [] \U/matha/m/n/10.95 ^^@\OML/cmm/m/it/10.95 ^^W\U/matha/m/n/10.95 p\O
ML/cmm/m/it/10.95 q\U/matha/m/n/10.95 qu ¥ []t\OML/cmm/m/it/10.95 ^^W\U/matha/m
/n/10.95 p\OML/cmm/m/it/10.95 p\U/matha/m/n/10.95 q\OML/cmm/m/it/10.95 ; ^^W\U/
matha/m/n/10.95 p\OML/cmm/m/it/10.95 q\U/matha/m/n/10.95 qu ¡ \OT1/cmr/m/n/10.9
5 0
[42] [43]
Underfull \vbox (badness 10000) has occurred while \output is active [44]
[45]
Underfull \vbox (badness 10000) has occurred while \output is active [46]
[47] [48] [49] [50] [51] [52] [53]

LaTeX Font Warning: Font shape `U/stmry/b/n' undefined
(Font)              using `U/stmry/m/n' instead on input line 1901.

[54] [55]
Underfull \vbox (badness 10000) has occurred while \output is active [56]
Overfull \hbox (25.30984pt too wide) detected at line 2011
\OT1/cmr/m/n/10.95 0  \U/matha/m/n/10.95 ^^P  [] [] \OML/cmm/m/it/10.95 a[]p[] 
\U/matha/m/n/10.95 ^^A [] \OML/cmm/m/it/10.95 b[]p[][]  \U/matha/m/n/10.95 ^^P 
 [] []  ^^@ \OML/cmm/m/it/10.95 p[] \U/matha/m/n/10.95 ^^D [] []\OML/cmm/m/it/1
0.95 :

Underfull \vbox (badness 10000) has occurred while \output is active [57]
Underfull \vbox (badness 4660) has occurred while \output is active [58]
[59]
Underfull \vbox (badness 10000) has occurred while \output is active [60]
[61] [62]
Kapitel III\hskip 1em\relax .
[63] [64] <xymatrix 3x3 161> [65] <xymatrix 3x2 149> <xymatrix 3x2 192>
<xymatrix 3x2 149> [66] [67] [68] [69] [70]
Underfull \hbox (badness 10000) in paragraph at lines 2494--2497

[71] [72]
Underfull \hbox (badness 10000) in paragraph at lines 2564--2566

[73] <xymatrix 3x3 243> [74]
Underfull \hbox (badness 10000) in paragraph at lines 2629--2632

<xymatrix 10x2 491> [75] [76] [77] [78]
Overfull \hbox (11.06415pt too wide) detected at line 2824
\OML/cmm/m/it/10.95 ht\U/matha/m/n/10.95 p\U/euf/m/n/10.95 p\U/matha/m/n/10.95 
q \OT1/cmr/m/n/10.95 :\U/matha/m/n/10.95 ^^P []t\OML/cmm/m/it/10.95 n \U/matha/
m/n/10.95 P \U/msb/m/n/10.95 N[] [] []\U/euf/m/n/10.95 p[]\OML/cmm/m/it/10.95 ;
 \U/euf/m/n/10.95 p[]\OML/cmm/m/it/10.95 ; [] ; \U/euf/m/n/10.95 p[]\OML/cmm/m/
it/10.95 ; []\U/euf/m/n/10.95 p[] \U/matha/m/n/10.95 ^^P \U/euf/m/n/10.95 p[]p[
] \U/matha/m/n/10.95 ˆ [] ˆ \U/euf/m/n/10.95 p[]\U/matha/m/n/10.95 u

Overfull \hbox (39.39798pt too wide) in paragraph at lines 2833--2833
[]\T1/cmr/m/n/10.95 Since $\U/matha/m/n/10.95 p\OT1/cmr/m/n/10.95 0\U/matha/m/n
/10.95 q ˆ p\OML/cmm/m/it/10.95 X[]\U/matha/m/n/10.95 q ˆ p\OML/cmm/m/it/10.95 
X[]; X[]\U/matha/m/n/10.95 q ˆ [] ˆ p\OML/cmm/m/it/10.95 X[]; [] ; X[]\U/matha/
m/n/10.95 q$\T1/cmr/m/n/10.95 , we ha-ve $[] [] \U/matha/m/n/10.95 ¥
[79] [80]
Underfull \hbox (badness 10000) in paragraph at lines 2878--2880

[81]
Underfull \vbox (badness 1681) has occurred while \output is active [82]
[83] [84] [85]
Underfull \hbox (badness 10000) in paragraph at lines 3074--3076

[86]
Underfull \vbox (badness 10000) has occurred while \output is active [87]
[88] (./Algebra.aux)

LaTeX Font Warning: Size substitutions with differences
(Font)              up to 4.17pt have occurred.


LaTeX Font Warning: Some font shapes were not available, defaults substituted.

 )
(see the transcript file for additional information) </home/travis/.texmf-var/f
onts/pk/ljfour/public/mathabx/mathx10.480pk>{/usr/share/texmf/fonts/enc/dvips/c
m-super/cm-super-t1.enc} </home/travis/.texmf-var/fonts/pk/ljfour/public/mathab
x/mathb8.600pk> </home/travis/.texmf-var/fonts/pk/ljfour/public/mathabx/matha6.
600pk> </home/travis/.texmf-var/fonts/pk/ljfour/public/mathabx/mathb10.657pk> <
/home/travis/.texmf-var/fonts/pk/ljfour/public/mathabx/matha8.600pk> </home/tra
vis/.texmf-var/fonts/pk/ljfour/public/mathabx/mathx10.657pk> </home/travis/.tex
mf-var/fonts/pk/ljfour/public/mathabx/matha10.657pk></usr/share/texmf-texlive/f
onts/type1/public/amsfonts/cm/cmmi10.pfb></usr/share/texmf-texlive/fonts/type1/
public/amsfonts/cm/cmmi6.pfb></usr/share/texmf-texlive/fonts/type1/public/amsfo
nts/cm/cmmi8.pfb></usr/share/texmf-texlive/fonts/type1/public/amsfonts/cm/cmmib
10.pfb></usr/share/texmf-texlive/fonts/type1/public/amsfonts/cmextra/cmmib8.pfb
></usr/share/texmf-texlive/fonts/type1/public/amsfonts/cm/cmr10.pfb></usr/share
/texmf-texlive/fonts/type1/public/amsfonts/cm/cmr6.pfb></usr/share/texmf-texliv
e/fonts/type1/public/amsfonts/cm/cmr8.pfb></usr/share/texmf-texlive/fonts/type1
/public/amsfonts/cm/cmsy10.pfb></usr/share/texmf-texlive/fonts/type1/public/ams
fonts/cm/cmti10.pfb></usr/share/texmf-texlive/fonts/type1/public/amsfonts/cm/cm
ti8.pfb></usr/share/texmf-texlive/fonts/type1/public/amsfonts/euler/eufm10.pfb>
</usr/share/texmf-texlive/fonts/type1/public/amsfonts/symbols/msbm10.pfb></usr/
share/texmf/fonts/type1/public/cm-super/sfbi1440.pfb></usr/share/texmf/fonts/ty
pe1/public/cm-super/sfbx1095.pfb></usr/share/texmf/fonts/type1/public/cm-super/
sfbx1440.pfb></usr/share/texmf/fonts/type1/public/cm-super/sfbx2074.pfb></usr/s
hare/texmf/fonts/type1/public/cm-super/sfbx2488.pfb></usr/share/texmf/fonts/typ
e1/public/cm-super/sfbx3583.pfb></usr/share/texmf/fonts/type1/public/cm-super/s
frm0800.pfb></usr/share/texmf/fonts/type1/public/cm-super/sfrm1095.pfb></usr/sh
are/texmf/fonts/type1/public/cm-super/sfrm1200.pfb></usr/share/texmf/fonts/type
1/public/cm-super/sfsl1095.pfb></usr/share/texmf/fonts/type1/public/cm-super/sf
ti0800.pfb></usr/share/texmf/fonts/type1/public/cm-super/sfti1095.pfb></usr/sha
re/texmf/fonts/type1/public/cm-super/sfti1200.pfb></usr/share/texmf-texlive/fon
ts/type1/hoekwater/stmaryrd/stmary10.pfb></usr/share/texmf-texlive/fonts/type1/
public/xypic/xyatip10.pfb></usr/share/texmf-texlive/fonts/type1/public/xypic/xy
btip10.pfb></usr/share/texmf-texlive/fonts/type1/public/xypic/xydash10.pfb>
Output written on Algebra.pdf (88 pages, 895858 bytes).
Transcript written on Algebra.log.
Result: ExitSuccess

Running /usr/bin/convert -verbose Algebra.pdf[0] -resize 70x Algebra.png in an env with 4 entries:
"gs" -q -dQUIET -dSAFER -dBATCH -dNOPAUSE -dNOPROMPT -dMaxBitmap=500000000 -dAlignToPixels=0 -dGridFitTT=2 "-sDEVICE=pngalpha" -dTextAlphaBits=4 -dGraphicsAlphaBits=4 "-r72x72" -dFirstPage=1 -dLastPage=1 "-sOutputFile=/tmp/magick-zICrLGDQ-%08d" "-f/tmp/magick-levYiyLk" "-f/tmp/magick-M2b2fuTO"
/tmp/magick-zICrLGDQ-00000001 PNG 595x842 595x842+0+0 8-bit DirectClass 12.9KB 0.010u 0:00.010
Algebra.pdf[0]=>Algebra.pdf PDF 595x842 595x842+0+0 16-bit DirectClass 12.9KB 0.000u 0:00.000
Algebra.pdf[0]=>Algebra.png PDF 595x842=>70x99 70x99+0+0 16-bit DirectClass 0.280u 0:00.099
Result: ExitSuccess

Running /usr/bin/optipng -verbose Algebra.png in an env with 4 entries:
OptiPNG 0.6.4: Advanced PNG optimizer.
Copyright (C) 2001-2010 Cosmin Truta.

** Processing: Algebra.png
70x99 pixels, 2x8 bits/pixel, grayscale+alpha
Reducing image to 8 bits/pixel, 66 colors (65 transparent) in palette
Input IDAT size = 469 bytes
Input file size = 3099 bytes

Trying:
  zc = 9  zm = 8  zs = 0  f = 0		IDAT size = 347
  zc = 9  zm = 8  zs = 1  f = 0		IDAT too big
  zc = 1  zm = 8  zs = 2  f = 0		IDAT too big
  zc = 9  zm = 8  zs = 3  f = 0		IDAT size = 337
  zc = 9  zm = 8  zs = 0  f = 5		IDAT too big
  zc = 9  zm = 8  zs = 1  f = 5		IDAT too big
  zc = 1  zm = 8  zs = 2  f = 5		IDAT too big
  zc = 9  zm = 8  zs = 3  f = 5		IDAT too big

Algebra.png is already optimized.

** Status report
1 file(s) have been processed.
Result: ExitSuccess
