
Running /usr/bin/pdflatex Algebra1Rep.tex in an env with 4 entries:
This is pdfTeX, Version 3.1415926-1.40.10 (TeX Live 2009/Debian)
entering extended mode
(data/Algebra1Rep.tex
LaTeX2e <2009/09/24>
Babel <v3.8l> and hyphenation patterns for english, usenglishmax, dumylang, noh
yphenation, farsi, arabic, croatian, bulgarian, ukrainian, russian, czech, slov
ak, danish, dutch, finnish, french, basque, ngerman, german, german-x-2009-06-1
9, ngerman-x-2009-06-19, ibycus, monogreek, greek, ancientgreek, hungarian, san
skrit, italian, latin, latvian, lithuanian, mongolian2a, mongolian, bokmal, nyn
orsk, romanian, irish, coptic, serbian, turkish, welsh, esperanto, uppersorbian
, estonian, indonesian, interlingua, icelandic, kurmanji, slovenian, polish, po
rtuguese, spanish, galician, catalan, swedish, ukenglish, loaded.
(/usr/share/texmf-texlive/tex/latex/koma-script/scrbook.cls
Document Class: scrbook 2009/07/24 v3.04a KOMA-Script document class (book)
(/usr/share/texmf-texlive/tex/latex/koma-script/scrkbase.sty
(/usr/share/texmf-texlive/tex/latex/koma-script/scrbase.sty
(/usr/share/texmf-texlive/tex/latex/graphics/keyval.sty)
(/usr/share/texmf-texlive/tex/latex/koma-script/scrlfile.sty
Package scrlfile, 2009/03/25 v3.03 KOMA-Script package (loading files)
                  Copyright (C) Markus Kohm

))) (/usr/share/texmf-texlive/tex/latex/koma-script/tocbasic.sty)
(/usr/share/texmf-texlive/tex/latex/koma-script/scrsize10pt.clo)
(/usr/share/texmf-texlive/tex/latex/koma-script/typearea.sty
Package typearea, 2009/07/24 v3.04a KOMA-Script package (type area)
                  Copyright (C) Frank Neukam, 1992-1994
                  Copyright (C) Markus Kohm, 1994-

)) (/usr/share/texmf-texlive/tex/latex/base/fontenc.sty
(/usr/share/texmf-texlive/tex/latex/base/t1enc.def))
(/usr/share/texmf-texlive/tex/generic/babel/babel.sty
(/usr/share/texmf-texlive/tex/generic/babel/germanb.ldf
(/usr/share/texmf-texlive/tex/generic/babel/babel.def)))
(/usr/share/texmf-texlive/tex/latex/cmbright/cmbright.sty
(/usr/share/texmf-texlive/tex/latex/cmbright/t1cmbr.fd))
(/usr/share/texmf-texlive/tex/latex/base/inputenc.sty
(/usr/share/texmf-texlive/tex/latex/base/ansinew.def))
(/usr/share/texmf-texlive/tex/latex/stmaryrd/stmaryrd.sty)
(/usr/share/texmf-texlive/tex/latex/colortbl/colortbl.sty
(/usr/share/texmf-texlive/tex/latex/tools/array.sty)
(/usr/share/texmf-texlive/tex/latex/graphics/color.sty
(/etc/texmf/tex/latex/config/color.cfg)
(/usr/share/texmf-texlive/tex/latex/pdftex-def/pdftex.def)))
(/usr/share/texmf/tex/latex/xcolor/xcolor.sty
(/etc/texmf/tex/latex/config/color.cfg))
(/usr/share/texmf-texlive/tex/latex/hyperref/hyperref.sty
(/usr/share/texmf-texlive/tex/generic/oberdiek/ifpdf.sty)
(/usr/share/texmf-texlive/tex/generic/oberdiek/ifvtex.sty)
(/usr/share/texmf-texlive/tex/generic/ifxetex/ifxetex.sty)
(/usr/share/texmf-texlive/tex/latex/oberdiek/hycolor.sty
(/usr/share/texmf-texlive/tex/latex/oberdiek/xcolor-patch.sty))
(/usr/share/texmf-texlive/tex/latex/hyperref/pd1enc.def)
(/usr/share/texmf-texlive/tex/generic/oberdiek/etexcmds.sty
(/usr/share/texmf-texlive/tex/generic/oberdiek/infwarerr.sty))
(/usr/share/texmf-texlive/tex/latex/latexconfig/hyperref.cfg)
(/usr/share/texmf-texlive/tex/latex/oberdiek/kvoptions.sty
(/usr/share/texmf-texlive/tex/generic/oberdiek/kvsetkeys.sty))
Implicit mode ON; LaTeX internals redefined
(/usr/share/texmf-texlive/tex/latex/ltxmisc/url.sty)
(/usr/share/texmf-texlive/tex/generic/oberdiek/bitset.sty
(/usr/share/texmf-texlive/tex/generic/oberdiek/intcalc.sty)
(/usr/share/texmf-texlive/tex/generic/oberdiek/bigintcalc.sty
(/usr/share/texmf-texlive/tex/generic/oberdiek/pdftexcmds.sty
(/usr/share/texmf-texlive/tex/generic/oberdiek/ifluatex.sty)
(/usr/share/texmf-texlive/tex/generic/oberdiek/ltxcmds.sty))))
(/usr/share/texmf-texlive/tex/generic/oberdiek/atbegshi.sty))
*hyperref using default driver hpdftex*
(/usr/share/texmf-texlive/tex/latex/hyperref/hpdftex.def)
(/usr/share/texmf-texlive/tex/latex/amsfonts/amssymb.sty
(/usr/share/texmf-texlive/tex/latex/amsfonts/amsfonts.sty))
(/usr/share/texmf-texlive/tex/latex/amsmath/amsmath.sty
For additional information on amsmath, use the `?' option.
(/usr/share/texmf-texlive/tex/latex/amsmath/amstext.sty
(/usr/share/texmf-texlive/tex/latex/amsmath/amsgen.sty))
(/usr/share/texmf-texlive/tex/latex/amsmath/amsbsy.sty)
(/usr/share/texmf-texlive/tex/latex/amsmath/amsopn.sty))
(/usr/share/texmf-texlive/tex/latex/amscls/amsthm.sty)
No file Algebra1Rep.aux.
(/usr/share/texmf-texlive/tex/context/base/supp-pdf.mkii
[Loading MPS to PDF converter (version 2006.09.02).]
) (/usr/share/texmf-texlive/tex/latex/hyperref/nameref.sty
(/usr/share/texmf-texlive/tex/latex/oberdiek/refcount.sty))
(/usr/share/texmf-texlive/tex/latex/cmbright/ot1cmbr.fd)
(/usr/share/texmf-texlive/tex/latex/cmbright/omlcmbrm.fd)
(/usr/share/texmf-texlive/tex/latex/cmbright/omscmbrs.fd)
(/usr/share/texmf-texlive/tex/latex/stmaryrd/Ustmry.fd) [1{/var/lib/texmf/fonts
/map/pdftex/updmap/pdftex.map}] [2]
Kapitel 1.
[3]

LaTeX Font Warning: Font shape `T1/cmbr/bx/it' undefined
(Font)              using `T1/cmbr/bx/n' instead on input line 253.


Overfull \hbox (13.44992pt too wide) in paragraph at lines 253--254
[][][] 

Overfull \hbox (13.44992pt too wide) in paragraph at lines 276--277
[][][]

Underfull \hbox (badness 10000) in paragraph at lines 276--277

[4] [5] [6] (/usr/share/texmf-texlive/tex/latex/cmbright/omscmbr.fd)
Overfull \hbox (1.10342pt too wide) in paragraph at lines 428--429
[][][] 

Overfull \hbox (1.10342pt too wide) in paragraph at lines 442--443
[][][] 
[7]
Overfull \hbox (1.10342pt too wide) in paragraph at lines 455--456
[][][] 

Overfull \hbox (1.10342pt too wide) in paragraph at lines 470--471
[][][] 

Overfull \hbox (1.10342pt too wide) in paragraph at lines 495--496
[][][]

Underfull \hbox (badness 10000) in paragraph at lines 495--496


Underfull \vbox (badness 10000) has occurred while \output is active [8]
[9] [10] [11] [12]
Kapitel 2.

Overfull \hbox (13.44992pt too wide) in paragraph at lines 636--637
[][][] 
[13] [14] (./Algebra1Rep.aux)

LaTeX Font Warning: Some font shapes were not available, defaults substituted.


LaTeX Warning: Label(s) may have changed. Rerun to get cross-references right.

 )
(see the transcript file for additional information){/usr/share/texmf/fonts/enc
/dvips/cm-super/cm-super-t1.enc}</usr/share/texmf-texlive/fonts/type1/public/am
sfonts/cm/cmex10.pfb></usr/share/texmf-texlive/fonts/type1/public/hfbright/hfbr
10.pfb></usr/share/texmf-texlive/fonts/type1/public/hfbright/hfbr8.pfb></usr/sh
are/texmf-texlive/fonts/type1/public/hfbright/hfbras10.pfb></usr/share/texmf-te
xlive/fonts/type1/public/hfbright/hfbrbs10.pfb></usr/share/texmf-texlive/fonts/
type1/public/hfbright/hfbrmi10.pfb></usr/share/texmf-texlive/fonts/type1/public
/hfbright/hfbrmi8.pfb></usr/share/texmf-texlive/fonts/type1/public/hfbright/hfb
rsy10.pfb></usr/share/texmf-texlive/fonts/type1/public/hfbright/hfbrsy8.pfb></u
sr/share/texmf/fonts/type1/public/cm-super/sfbbx10.pfb></usr/share/texmf/fonts/
type1/public/cm-super/sfbmo10.pfb></usr/share/texmf/fonts/type1/public/cm-super
/sfbmr10.pfb></usr/share/texmf/fonts/type1/public/cm-super/sfrm1000.pfb>
Output written on Algebra1Rep.pdf (14 pages, 198017 bytes).
Transcript written on Algebra1Rep.log.
Result: ExitSuccess

Running /usr/bin/pdflatex Algebra1Rep.tex in an env with 4 entries:
This is pdfTeX, Version 3.1415926-1.40.10 (TeX Live 2009/Debian)
entering extended mode
(data/Algebra1Rep.tex
LaTeX2e <2009/09/24>
Babel <v3.8l> and hyphenation patterns for english, usenglishmax, dumylang, noh
yphenation, farsi, arabic, croatian, bulgarian, ukrainian, russian, czech, slov
ak, danish, dutch, finnish, french, basque, ngerman, german, german-x-2009-06-1
9, ngerman-x-2009-06-19, ibycus, monogreek, greek, ancientgreek, hungarian, san
skrit, italian, latin, latvian, lithuanian, mongolian2a, mongolian, bokmal, nyn
orsk, romanian, irish, coptic, serbian, turkish, welsh, esperanto, uppersorbian
, estonian, indonesian, interlingua, icelandic, kurmanji, slovenian, polish, po
rtuguese, spanish, galician, catalan, swedish, ukenglish, loaded.
(/usr/share/texmf-texlive/tex/latex/koma-script/scrbook.cls
Document Class: scrbook 2009/07/24 v3.04a KOMA-Script document class (book)
(/usr/share/texmf-texlive/tex/latex/koma-script/scrkbase.sty
(/usr/share/texmf-texlive/tex/latex/koma-script/scrbase.sty
(/usr/share/texmf-texlive/tex/latex/graphics/keyval.sty)
(/usr/share/texmf-texlive/tex/latex/koma-script/scrlfile.sty
Package scrlfile, 2009/03/25 v3.03 KOMA-Script package (loading files)
                  Copyright (C) Markus Kohm

))) (/usr/share/texmf-texlive/tex/latex/koma-script/tocbasic.sty)
(/usr/share/texmf-texlive/tex/latex/koma-script/scrsize10pt.clo)
(/usr/share/texmf-texlive/tex/latex/koma-script/typearea.sty
Package typearea, 2009/07/24 v3.04a KOMA-Script package (type area)
                  Copyright (C) Frank Neukam, 1992-1994
                  Copyright (C) Markus Kohm, 1994-

)) (/usr/share/texmf-texlive/tex/latex/base/fontenc.sty
(/usr/share/texmf-texlive/tex/latex/base/t1enc.def))
(/usr/share/texmf-texlive/tex/generic/babel/babel.sty
(/usr/share/texmf-texlive/tex/generic/babel/germanb.ldf
(/usr/share/texmf-texlive/tex/generic/babel/babel.def)))
(/usr/share/texmf-texlive/tex/latex/cmbright/cmbright.sty
(/usr/share/texmf-texlive/tex/latex/cmbright/t1cmbr.fd))
(/usr/share/texmf-texlive/tex/latex/base/inputenc.sty
(/usr/share/texmf-texlive/tex/latex/base/ansinew.def))
(/usr/share/texmf-texlive/tex/latex/stmaryrd/stmaryrd.sty)
(/usr/share/texmf-texlive/tex/latex/colortbl/colortbl.sty
(/usr/share/texmf-texlive/tex/latex/tools/array.sty)
(/usr/share/texmf-texlive/tex/latex/graphics/color.sty
(/etc/texmf/tex/latex/config/color.cfg)
(/usr/share/texmf-texlive/tex/latex/pdftex-def/pdftex.def)))
(/usr/share/texmf/tex/latex/xcolor/xcolor.sty
(/etc/texmf/tex/latex/config/color.cfg))
(/usr/share/texmf-texlive/tex/latex/hyperref/hyperref.sty
(/usr/share/texmf-texlive/tex/generic/oberdiek/ifpdf.sty)
(/usr/share/texmf-texlive/tex/generic/oberdiek/ifvtex.sty)
(/usr/share/texmf-texlive/tex/generic/ifxetex/ifxetex.sty)
(/usr/share/texmf-texlive/tex/latex/oberdiek/hycolor.sty
(/usr/share/texmf-texlive/tex/latex/oberdiek/xcolor-patch.sty))
(/usr/share/texmf-texlive/tex/latex/hyperref/pd1enc.def)
(/usr/share/texmf-texlive/tex/generic/oberdiek/etexcmds.sty
(/usr/share/texmf-texlive/tex/generic/oberdiek/infwarerr.sty))
(/usr/share/texmf-texlive/tex/latex/latexconfig/hyperref.cfg)
(/usr/share/texmf-texlive/tex/latex/oberdiek/kvoptions.sty
(/usr/share/texmf-texlive/tex/generic/oberdiek/kvsetkeys.sty))
Implicit mode ON; LaTeX internals redefined
(/usr/share/texmf-texlive/tex/latex/ltxmisc/url.sty)
(/usr/share/texmf-texlive/tex/generic/oberdiek/bitset.sty
(/usr/share/texmf-texlive/tex/generic/oberdiek/intcalc.sty)
(/usr/share/texmf-texlive/tex/generic/oberdiek/bigintcalc.sty
(/usr/share/texmf-texlive/tex/generic/oberdiek/pdftexcmds.sty
(/usr/share/texmf-texlive/tex/generic/oberdiek/ifluatex.sty)
(/usr/share/texmf-texlive/tex/generic/oberdiek/ltxcmds.sty))))
(/usr/share/texmf-texlive/tex/generic/oberdiek/atbegshi.sty))
*hyperref using default driver hpdftex*
(/usr/share/texmf-texlive/tex/latex/hyperref/hpdftex.def)
(/usr/share/texmf-texlive/tex/latex/amsfonts/amssymb.sty
(/usr/share/texmf-texlive/tex/latex/amsfonts/amsfonts.sty))
(/usr/share/texmf-texlive/tex/latex/amsmath/amsmath.sty
For additional information on amsmath, use the `?' option.
(/usr/share/texmf-texlive/tex/latex/amsmath/amstext.sty
(/usr/share/texmf-texlive/tex/latex/amsmath/amsgen.sty))
(/usr/share/texmf-texlive/tex/latex/amsmath/amsbsy.sty)
(/usr/share/texmf-texlive/tex/latex/amsmath/amsopn.sty))
(/usr/share/texmf-texlive/tex/latex/amscls/amsthm.sty) (./Algebra1Rep.aux)
(/usr/share/texmf-texlive/tex/context/base/supp-pdf.mkii
[Loading MPS to PDF converter (version 2006.09.02).]
) (/usr/share/texmf-texlive/tex/latex/hyperref/nameref.sty
(/usr/share/texmf-texlive/tex/latex/oberdiek/refcount.sty)) (./Algebra1Rep.out)
 (./Algebra1Rep.out) (/usr/share/texmf-texlive/tex/latex/cmbright/ot1cmbr.fd)
(/usr/share/texmf-texlive/tex/latex/cmbright/omlcmbrm.fd)
(/usr/share/texmf-texlive/tex/latex/cmbright/omscmbrs.fd)
(/usr/share/texmf-texlive/tex/latex/stmaryrd/Ustmry.fd) [1{/var/lib/texmf/fonts
/map/pdftex/updmap/pdftex.map}] [2]
Kapitel 1.
[3]

LaTeX Font Warning: Font shape `T1/cmbr/bx/it' undefined
(Font)              using `T1/cmbr/bx/n' instead on input line 253.


Overfull \hbox (13.44992pt too wide) in paragraph at lines 253--254
[][][] 

Overfull \hbox (13.44992pt too wide) in paragraph at lines 276--277
[][][]

Underfull \hbox (badness 10000) in paragraph at lines 276--277

[4] [5] [6] (/usr/share/texmf-texlive/tex/latex/cmbright/omscmbr.fd)
Overfull \hbox (1.10342pt too wide) in paragraph at lines 428--429
[][][] 

Overfull \hbox (1.10342pt too wide) in paragraph at lines 442--443
[][][] 
[7]
Overfull \hbox (1.10342pt too wide) in paragraph at lines 455--456
[][][] 

Overfull \hbox (1.10342pt too wide) in paragraph at lines 470--471
[][][] 

Overfull \hbox (1.10342pt too wide) in paragraph at lines 495--496
[][][]

Underfull \hbox (badness 10000) in paragraph at lines 495--496


Underfull \vbox (badness 10000) has occurred while \output is active [8]
[9] [10] [11] [12]
Kapitel 2.

Overfull \hbox (13.44992pt too wide) in paragraph at lines 636--637
[][][] 
[13] [14] (./Algebra1Rep.aux)

LaTeX Font Warning: Some font shapes were not available, defaults substituted.

 )
(see the transcript file for additional information){/usr/share/texmf/fonts/enc
/dvips/cm-super/cm-super-t1.enc}</usr/share/texmf-texlive/fonts/type1/public/am
sfonts/cm/cmex10.pfb></usr/share/texmf-texlive/fonts/type1/public/hfbright/hfbr
10.pfb></usr/share/texmf-texlive/fonts/type1/public/hfbright/hfbr8.pfb></usr/sh
are/texmf-texlive/fonts/type1/public/hfbright/hfbras10.pfb></usr/share/texmf-te
xlive/fonts/type1/public/hfbright/hfbrbs10.pfb></usr/share/texmf-texlive/fonts/
type1/public/hfbright/hfbrmi10.pfb></usr/share/texmf-texlive/fonts/type1/public
/hfbright/hfbrmi8.pfb></usr/share/texmf-texlive/fonts/type1/public/hfbright/hfb
rsy10.pfb></usr/share/texmf-texlive/fonts/type1/public/hfbright/hfbrsy8.pfb></u
sr/share/texmf/fonts/type1/public/cm-super/sfbbx10.pfb></usr/share/texmf/fonts/
type1/public/cm-super/sfbmo10.pfb></usr/share/texmf/fonts/type1/public/cm-super
/sfbmr10.pfb></usr/share/texmf/fonts/type1/public/cm-super/sfrm1000.pfb>
Output written on Algebra1Rep.pdf (14 pages, 204143 bytes).
Transcript written on Algebra1Rep.log.
Result: ExitSuccess

Running /usr/bin/pdflatex Algebra1Rep.tex in an env with 4 entries:
This is pdfTeX, Version 3.1415926-1.40.10 (TeX Live 2009/Debian)
entering extended mode
(data/Algebra1Rep.tex
LaTeX2e <2009/09/24>
Babel <v3.8l> and hyphenation patterns for english, usenglishmax, dumylang, noh
yphenation, farsi, arabic, croatian, bulgarian, ukrainian, russian, czech, slov
ak, danish, dutch, finnish, french, basque, ngerman, german, german-x-2009-06-1
9, ngerman-x-2009-06-19, ibycus, monogreek, greek, ancientgreek, hungarian, san
skrit, italian, latin, latvian, lithuanian, mongolian2a, mongolian, bokmal, nyn
orsk, romanian, irish, coptic, serbian, turkish, welsh, esperanto, uppersorbian
, estonian, indonesian, interlingua, icelandic, kurmanji, slovenian, polish, po
rtuguese, spanish, galician, catalan, swedish, ukenglish, loaded.
(/usr/share/texmf-texlive/tex/latex/koma-script/scrbook.cls
Document Class: scrbook 2009/07/24 v3.04a KOMA-Script document class (book)
(/usr/share/texmf-texlive/tex/latex/koma-script/scrkbase.sty
(/usr/share/texmf-texlive/tex/latex/koma-script/scrbase.sty
(/usr/share/texmf-texlive/tex/latex/graphics/keyval.sty)
(/usr/share/texmf-texlive/tex/latex/koma-script/scrlfile.sty
Package scrlfile, 2009/03/25 v3.03 KOMA-Script package (loading files)
                  Copyright (C) Markus Kohm

))) (/usr/share/texmf-texlive/tex/latex/koma-script/tocbasic.sty)
(/usr/share/texmf-texlive/tex/latex/koma-script/scrsize10pt.clo)
(/usr/share/texmf-texlive/tex/latex/koma-script/typearea.sty
Package typearea, 2009/07/24 v3.04a KOMA-Script package (type area)
                  Copyright (C) Frank Neukam, 1992-1994
                  Copyright (C) Markus Kohm, 1994-

)) (/usr/share/texmf-texlive/tex/latex/base/fontenc.sty
(/usr/share/texmf-texlive/tex/latex/base/t1enc.def))
(/usr/share/texmf-texlive/tex/generic/babel/babel.sty
(/usr/share/texmf-texlive/tex/generic/babel/germanb.ldf
(/usr/share/texmf-texlive/tex/generic/babel/babel.def)))
(/usr/share/texmf-texlive/tex/latex/cmbright/cmbright.sty
(/usr/share/texmf-texlive/tex/latex/cmbright/t1cmbr.fd))
(/usr/share/texmf-texlive/tex/latex/base/inputenc.sty
(/usr/share/texmf-texlive/tex/latex/base/ansinew.def))
(/usr/share/texmf-texlive/tex/latex/stmaryrd/stmaryrd.sty)
(/usr/share/texmf-texlive/tex/latex/colortbl/colortbl.sty
(/usr/share/texmf-texlive/tex/latex/tools/array.sty)
(/usr/share/texmf-texlive/tex/latex/graphics/color.sty
(/etc/texmf/tex/latex/config/color.cfg)
(/usr/share/texmf-texlive/tex/latex/pdftex-def/pdftex.def)))
(/usr/share/texmf/tex/latex/xcolor/xcolor.sty
(/etc/texmf/tex/latex/config/color.cfg))
(/usr/share/texmf-texlive/tex/latex/hyperref/hyperref.sty
(/usr/share/texmf-texlive/tex/generic/oberdiek/ifpdf.sty)
(/usr/share/texmf-texlive/tex/generic/oberdiek/ifvtex.sty)
(/usr/share/texmf-texlive/tex/generic/ifxetex/ifxetex.sty)
(/usr/share/texmf-texlive/tex/latex/oberdiek/hycolor.sty
(/usr/share/texmf-texlive/tex/latex/oberdiek/xcolor-patch.sty))
(/usr/share/texmf-texlive/tex/latex/hyperref/pd1enc.def)
(/usr/share/texmf-texlive/tex/generic/oberdiek/etexcmds.sty
(/usr/share/texmf-texlive/tex/generic/oberdiek/infwarerr.sty))
(/usr/share/texmf-texlive/tex/latex/latexconfig/hyperref.cfg)
(/usr/share/texmf-texlive/tex/latex/oberdiek/kvoptions.sty
(/usr/share/texmf-texlive/tex/generic/oberdiek/kvsetkeys.sty))
Implicit mode ON; LaTeX internals redefined
(/usr/share/texmf-texlive/tex/latex/ltxmisc/url.sty)
(/usr/share/texmf-texlive/tex/generic/oberdiek/bitset.sty
(/usr/share/texmf-texlive/tex/generic/oberdiek/intcalc.sty)
(/usr/share/texmf-texlive/tex/generic/oberdiek/bigintcalc.sty
(/usr/share/texmf-texlive/tex/generic/oberdiek/pdftexcmds.sty
(/usr/share/texmf-texlive/tex/generic/oberdiek/ifluatex.sty)
(/usr/share/texmf-texlive/tex/generic/oberdiek/ltxcmds.sty))))
(/usr/share/texmf-texlive/tex/generic/oberdiek/atbegshi.sty))
*hyperref using default driver hpdftex*
(/usr/share/texmf-texlive/tex/latex/hyperref/hpdftex.def)
(/usr/share/texmf-texlive/tex/latex/amsfonts/amssymb.sty
(/usr/share/texmf-texlive/tex/latex/amsfonts/amsfonts.sty))
(/usr/share/texmf-texlive/tex/latex/amsmath/amsmath.sty
For additional information on amsmath, use the `?' option.
(/usr/share/texmf-texlive/tex/latex/amsmath/amstext.sty
(/usr/share/texmf-texlive/tex/latex/amsmath/amsgen.sty))
(/usr/share/texmf-texlive/tex/latex/amsmath/amsbsy.sty)
(/usr/share/texmf-texlive/tex/latex/amsmath/amsopn.sty))
(/usr/share/texmf-texlive/tex/latex/amscls/amsthm.sty) (./Algebra1Rep.aux)
(/usr/share/texmf-texlive/tex/context/base/supp-pdf.mkii
[Loading MPS to PDF converter (version 2006.09.02).]
) (/usr/share/texmf-texlive/tex/latex/hyperref/nameref.sty
(/usr/share/texmf-texlive/tex/latex/oberdiek/refcount.sty)) (./Algebra1Rep.out)
 (./Algebra1Rep.out) (/usr/share/texmf-texlive/tex/latex/cmbright/ot1cmbr.fd)
(/usr/share/texmf-texlive/tex/latex/cmbright/omlcmbrm.fd)
(/usr/share/texmf-texlive/tex/latex/cmbright/omscmbrs.fd)
(/usr/share/texmf-texlive/tex/latex/stmaryrd/Ustmry.fd) [1{/var/lib/texmf/fonts
/map/pdftex/updmap/pdftex.map}] [2]
Kapitel 1.
[3]

LaTeX Font Warning: Font shape `T1/cmbr/bx/it' undefined
(Font)              using `T1/cmbr/bx/n' instead on input line 253.


Overfull \hbox (13.44992pt too wide) in paragraph at lines 253--254
[][][] 

Overfull \hbox (13.44992pt too wide) in paragraph at lines 276--277
[][][]

Underfull \hbox (badness 10000) in paragraph at lines 276--277

[4] [5] [6] (/usr/share/texmf-texlive/tex/latex/cmbright/omscmbr.fd)
Overfull \hbox (1.10342pt too wide) in paragraph at lines 428--429
[][][] 

Overfull \hbox (1.10342pt too wide) in paragraph at lines 442--443
[][][] 
[7]
Overfull \hbox (1.10342pt too wide) in paragraph at lines 455--456
[][][] 

Overfull \hbox (1.10342pt too wide) in paragraph at lines 470--471
[][][] 

Overfull \hbox (1.10342pt too wide) in paragraph at lines 495--496
[][][]

Underfull \hbox (badness 10000) in paragraph at lines 495--496


Underfull \vbox (badness 10000) has occurred while \output is active [8]
[9] [10] [11] [12]
Kapitel 2.

Overfull \hbox (13.44992pt too wide) in paragraph at lines 636--637
[][][] 
[13] [14] (./Algebra1Rep.aux)

LaTeX Font Warning: Some font shapes were not available, defaults substituted.

 )
(see the transcript file for additional information){/usr/share/texmf/fonts/enc
/dvips/cm-super/cm-super-t1.enc}</usr/share/texmf-texlive/fonts/type1/public/am
sfonts/cm/cmex10.pfb></usr/share/texmf-texlive/fonts/type1/public/hfbright/hfbr
10.pfb></usr/share/texmf-texlive/fonts/type1/public/hfbright/hfbr8.pfb></usr/sh
are/texmf-texlive/fonts/type1/public/hfbright/hfbras10.pfb></usr/share/texmf-te
xlive/fonts/type1/public/hfbright/hfbrbs10.pfb></usr/share/texmf-texlive/fonts/
type1/public/hfbright/hfbrmi10.pfb></usr/share/texmf-texlive/fonts/type1/public
/hfbright/hfbrmi8.pfb></usr/share/texmf-texlive/fonts/type1/public/hfbright/hfb
rsy10.pfb></usr/share/texmf-texlive/fonts/type1/public/hfbright/hfbrsy8.pfb></u
sr/share/texmf/fonts/type1/public/cm-super/sfbbx10.pfb></usr/share/texmf/fonts/
type1/public/cm-super/sfbmo10.pfb></usr/share/texmf/fonts/type1/public/cm-super
/sfbmr10.pfb></usr/share/texmf/fonts/type1/public/cm-super/sfrm1000.pfb>
Output written on Algebra1Rep.pdf (14 pages, 204143 bytes).
Transcript written on Algebra1Rep.log.
Result: ExitSuccess

Running /usr/bin/convert -verbose Algebra1Rep.pdf[0] -resize 70x Algebra1Rep.png in an env with 4 entries:
"gs" -q -dQUIET -dSAFER -dBATCH -dNOPAUSE -dNOPROMPT -dMaxBitmap=500000000 -dAlignToPixels=0 -dGridFitTT=2 "-sDEVICE=pngalpha" -dTextAlphaBits=4 -dGraphicsAlphaBits=4 "-r72x72" -dFirstPage=1 -dLastPage=1 "-sOutputFile=/tmp/magick-BnCWBj6J-%08d" "-f/tmp/magick-tV6B4f2C" "-f/tmp/magick-GTizogYv"
/tmp/magick-BnCWBj6J-00000001 PNG 595x842 595x842+0+0 8-bit DirectClass 11.4KB 0.010u 0:00.010
Algebra1Rep.pdf[0]=>Algebra1Rep.pdf PDF 595x842 595x842+0+0 16-bit DirectClass 11.4KB 0.000u 0:00.000
Algebra1Rep.pdf[0]=>Algebra1Rep.png PDF 595x842=>70x99 70x99+0+0 16-bit DirectClass 0.290u 0:00.080
Result: ExitSuccess

Running /usr/bin/optipng -verbose Algebra1Rep.png in an env with 4 entries:
OptiPNG 0.6.4: Advanced PNG optimizer.
Copyright (C) 2001-2010 Cosmin Truta.

** Processing: Algebra1Rep.png
70x99 pixels, 2x8 bits/pixel, grayscale+alpha
Reducing image to 8 bits/pixel, 85 colors (84 transparent) in palette
Input IDAT size = 424 bytes
Input file size = 3054 bytes

Trying:
  zc = 9  zm = 8  zs = 0  f = 0		IDAT size = 318
  zc = 9  zm = 8  zs = 1  f = 0		IDAT size = 318
  zc = 1  zm = 8  zs = 2  f = 0		IDAT too big
  zc = 9  zm = 8  zs = 3  f = 0		IDAT size = 300
  zc = 9  zm = 8  zs = 0  f = 5		IDAT too big
  zc = 9  zm = 8  zs = 1  f = 5		IDAT too big
  zc = 1  zm = 8  zs = 2  f = 5		IDAT too big
  zc = 9  zm = 8  zs = 3  f = 5		IDAT too big

Algebra1Rep.png is already optimized.

** Status report
1 file(s) have been processed.
Result: ExitSuccess
