This is pdfTeX, Version 3.1415926-1.40.10 (TeX Live 2009/Debian) (format=pdflatex 2016.12.27)  27 DEC 2016 08:50
entering extended mode
 %&-line parsing enabled.
**Algebra1.tex
(data/Algebra1.tex
LaTeX2e <2009/09/24>
Babel <v3.8l> and hyphenation patterns for english, usenglishmax, dumylang, noh
yphenation, farsi, arabic, croatian, bulgarian, ukrainian, russian, czech, slov
ak, danish, dutch, finnish, french, basque, ngerman, german, german-x-2009-06-1
9, ngerman-x-2009-06-19, ibycus, monogreek, greek, ancientgreek, hungarian, san
skrit, italian, latin, latvian, lithuanian, mongolian2a, mongolian, bokmal, nyn
orsk, romanian, irish, coptic, serbian, turkish, welsh, esperanto, uppersorbian
, estonian, indonesian, interlingua, icelandic, kurmanji, slovenian, polish, po
rtuguese, spanish, galician, catalan, swedish, ukenglish, loaded.
(/usr/share/texmf-texlive/tex/latex/koma-script/scrbook.cls
Document Class: scrbook 2009/07/24 v3.04a KOMA-Script document class (book)
(/usr/share/texmf-texlive/tex/latex/koma-script/scrkbase.sty
Package: scrkbase 2009/07/24 v3.04a KOMA-Script package (KOMA-Script-dependent 
basics and keyval usage)

(/usr/share/texmf-texlive/tex/latex/koma-script/scrbase.sty
Package: scrbase 2009/07/24 v3.04a KOMA-Script package (KOMA-Script-independent
 basics and keyval usage)

(/usr/share/texmf-texlive/tex/latex/graphics/keyval.sty
Package: keyval 1999/03/16 v1.13 key=value parser (DPC)
\KV@toks@=\toks14
)
(/usr/share/texmf-texlive/tex/latex/koma-script/scrlfile.sty
Package: scrlfile 2009/03/25 v3.03 KOMA-Script package (loading files)

Package scrlfile, 2009/03/25 v3.03 KOMA-Script package (loading files)
                  Copyright (C) Markus Kohm

))) (/usr/share/texmf-texlive/tex/latex/koma-script/tocbasic.sty
Package: tocbasic 2009/06/08 v3.03b KOMA-Script package (handling toc-files)
)
Package tocbasic Info: omitting babel extension for `toc'
(tocbasic)             because of feature `nobabel' available
(tocbasic)             for `toc' on input line 117.
Package tocbasic Info: omitting babel extension for `lof'
(tocbasic)             because of feature `nobabel' available
(tocbasic)             for `lof' on input line 118.
Package tocbasic Info: omitting babel extension for `lot'
(tocbasic)             because of feature `nobabel' available
(tocbasic)             for `lot' on input line 119.
Package scrbook Info: You've used obsolete option `10pt'.
(scrbook)             \KOMAExecuteOptions{fontsize=10pt} will be
(scrbook)             used instead.
(scrbook)             You may simply replace `10pt'
(scrbook)             by `fontsize=10pt'.
Class scrbook Info: File `scrsize10pt.clo' used to setup font sizes on input li
ne 1272.

(/usr/share/texmf-texlive/tex/latex/koma-script/scrsize10pt.clo
File: scrsize10pt.clo 2009/07/24 v3.04a KOMA-Script font size class option (10p
t)
)
(/usr/share/texmf-texlive/tex/latex/koma-script/typearea.sty
Package: typearea 2009/07/24 v3.04a KOMA-Script package (type area)

Package typearea, 2009/07/24 v3.04a KOMA-Script package (type area)
                  Copyright (C) Frank Neukam, 1992-1994
                  Copyright (C) Markus Kohm, 1994-

\ta@bcor=\skip41
\ta@div=\count79
Package typearea Info: You've used standard option `a4paper'.
(typearea)             This is correct!
(typearea)             Internaly I'm using `paper=a4'.
(typearea)             If you'd like to set the option with \KOMAoptions,
(typearea)             you'd have to use `paper=a4' there
(typearea)             instead of `a4paper', too.
\ta@hblk=\skip42
\ta@vblk=\skip43
\ta@temp=\skip44
Package typearea Info: These are the values describing the layout:
(typearea)             DIV  = 8
(typearea)             BCOR = 0.0pt
(typearea)             \paperwidth      = 597.50793pt
(typearea)              \textwidth      = 373.44246pt
(typearea)              DIV departure   = -4%
(typearea)              \evensidemargin = 77.107pt
(typearea)              \oddsidemargin  = 2.4185pt
(typearea)             \paperheight     = 845.04694pt
(typearea)              \textheight     = 538.0pt
(typearea)              \topmargin      = 0.36087pt
(typearea)              \headheight     = 15.0pt
(typearea)              \headsep        = 18.0pt
(typearea)              \topskip        = 10.0pt
(typearea)              \footskip       = 42.0pt
(typearea)              \baselineskip   = 12.0pt
(typearea)              on input line 1115.
)
\c@part=\count80
\c@chapter=\count81
\c@section=\count82
\c@subsection=\count83
\c@subsubsection=\count84
\c@paragraph=\count85
\c@subparagraph=\count86
\abovecaptionskip=\skip45
\belowcaptionskip=\skip46
\c@pti@nb@sid@b@x=\box26
\c@figure=\count87
\c@table=\count88
\bibindent=\dimen102
) (data/latexki.sty) (/usr/share/texmf-texlive/tex/latex/base/fontenc.sty
Package: fontenc 2005/09/27 v1.99g Standard LaTeX package

(/usr/share/texmf-texlive/tex/latex/base/ot1enc.def
File: ot1enc.def 2005/09/27 v1.99g Standard LaTeX file
LaTeX Font Info:    Redeclaring font encoding OT1 on input line 43.
)
(/usr/share/texmf-texlive/tex/latex/base/t1enc.def
File: t1enc.def 2005/09/27 v1.99g Standard LaTeX file
LaTeX Font Info:    Redeclaring font encoding T1 on input line 43.
))
(/usr/share/texmf-texlive/tex/generic/babel/babel.sty
Package: babel 2008/07/06 v3.8l The Babel package

(/usr/share/texmf-texlive/tex/generic/babel/germanb.ldf
Language: germanb 2008/06/01 v2.6m German support from the babel system

(/usr/share/texmf-texlive/tex/generic/babel/babel.def
File: babel.def 2008/07/06 v3.8l Babel common definitions
\babel@savecnt=\count89
\U@D=\dimen103
)
\l@austrian = a dialect from \language\l@german 
Package babel Info: Making " an active character on input line 102.
))
(/usr/share/texmf-texlive/tex/latex/cmbright/cmbright.sty
Package: cmbright 2002/05/25 v7.1 (WaS)
LaTeX Font Info:    Redeclaring symbol font `operators' on input line 30.
LaTeX Font Info:    Overwriting symbol font `operators' in version `normal'
(Font)                  OT1/cmr/m/n --> OT1/cmbr/m/n on input line 30.
LaTeX Font Info:    Overwriting symbol font `operators' in version `bold'
(Font)                  OT1/cmr/bx/n --> OT1/cmbr/m/n on input line 30.
LaTeX Font Info:    Redeclaring symbol font `letters' on input line 31.
LaTeX Font Info:    Overwriting symbol font `letters' in version `normal'
(Font)                  OML/cmm/m/it --> OML/cmbrm/m/it on input line 31.
LaTeX Font Info:    Overwriting symbol font `letters' in version `bold'
(Font)                  OML/cmm/b/it --> OML/cmbrm/m/it on input line 31.
LaTeX Font Info:    Redeclaring symbol font `symbols' on input line 32.
LaTeX Font Info:    Overwriting symbol font `symbols' in version `normal'
(Font)                  OMS/cmsy/m/n --> OMS/cmbrs/m/n on input line 32.
LaTeX Font Info:    Overwriting symbol font `symbols' in version `bold'
(Font)                  OMS/cmsy/b/n --> OMS/cmbrs/m/n on input line 32.
LaTeX Font Info:    Redeclaring math alphabet \mathit on input line 33.
LaTeX Font Info:    Overwriting math alphabet `\mathit' in version `normal'
(Font)                  OT1/cmr/m/it --> OT1/cmbr/m/sl on input line 33.
LaTeX Font Info:    Overwriting math alphabet `\mathit' in version `bold'
(Font)                  OT1/cmr/bx/it --> OT1/cmbr/m/sl on input line 33.
LaTeX Font Info:    Redeclaring math alphabet \mathbf on input line 34.
LaTeX Font Info:    Overwriting math alphabet `\mathbf' in version `normal'
(Font)                  OT1/cmr/bx/n --> OT1/cmbr/bx/n on input line 34.
LaTeX Font Info:    Overwriting math alphabet `\mathbf' in version `bold'
(Font)                  OT1/cmr/bx/n --> OT1/cmbr/bx/n on input line 34.
LaTeX Font Info:    Redeclaring math alphabet \mathtt on input line 35.
LaTeX Font Info:    Overwriting math alphabet `\mathtt' in version `normal'
(Font)                  OT1/cmtt/m/n --> OT1/cmtl/m/n on input line 35.
LaTeX Font Info:    Overwriting math alphabet `\mathtt' in version `bold'
(Font)                  OT1/cmtt/m/n --> OT1/cmtl/m/n on input line 35.
LaTeX Font Info:    Redeclaring math symbol \alpha on input line 37.
LaTeX Font Info:    Redeclaring math symbol \beta on input line 38.
LaTeX Font Info:    Redeclaring math symbol \gamma on input line 39.
LaTeX Font Info:    Redeclaring math symbol \delta on input line 40.
LaTeX Font Info:    Redeclaring math symbol \epsilon on input line 41.
LaTeX Font Info:    Redeclaring math symbol \zeta on input line 42.
LaTeX Font Info:    Redeclaring math symbol \Gamma on input line 43.
LaTeX Font Info:    Redeclaring math symbol \eta on input line 44.
LaTeX Font Info:    Redeclaring math symbol \theta on input line 45.
LaTeX Font Info:    Redeclaring math symbol \iota on input line 46.
LaTeX Font Info:    Redeclaring math symbol \kappa on input line 47.
LaTeX Font Info:    Redeclaring math symbol \lambda on input line 48.
LaTeX Font Info:    Redeclaring math symbol \mu on input line 49.
LaTeX Font Info:    Redeclaring math symbol \nu on input line 50.
LaTeX Font Info:    Redeclaring math symbol \xi on input line 51.
LaTeX Font Info:    Redeclaring math symbol \pi on input line 52.
LaTeX Font Info:    Redeclaring math symbol \rho on input line 53.
LaTeX Font Info:    Redeclaring math symbol \sigma on input line 54.
LaTeX Font Info:    Redeclaring math symbol \tau on input line 55.
LaTeX Font Info:    Redeclaring math symbol \upsilon on input line 56.
LaTeX Font Info:    Redeclaring math symbol \phi on input line 57.
LaTeX Font Info:    Redeclaring math symbol \chi on input line 58.
LaTeX Font Info:    Redeclaring math symbol \psi on input line 59.
LaTeX Font Info:    Redeclaring math symbol \omega on input line 60.
LaTeX Font Info:    Redeclaring math symbol \varepsilon on input line 61.
LaTeX Font Info:    Redeclaring math symbol \vartheta on input line 62.
LaTeX Font Info:    Redeclaring math symbol \varpi on input line 63.
LaTeX Font Info:    Redeclaring math symbol \varrho on input line 64.
LaTeX Font Info:    Redeclaring math symbol \varsigma on input line 65.
LaTeX Font Info:    Redeclaring math symbol \varphi on input line 66.
LaTeX Font Info:    Try loading font information for T1+cmbr on input line 131.


(/usr/share/texmf-texlive/tex/latex/cmbright/t1cmbr.fd
File: t1cmbr.fd 1999/05/12 v7.3 (WaS)
))
(/usr/share/texmf-texlive/tex/latex/ltxmisc/url.sty
\Urlmuskip=\muskip10
Package: url 2006/04/12  ver 3.3  Verb mode for urls, etc.
)
(/usr/share/texmf-texlive/tex/latex/base/makeidx.sty
Package: makeidx 2000/03/29 v1.0m Standard LaTeX package
)
(/usr/share/texmf-texlive/tex/latex/ltxmisc/framed.sty
Package: framed 2007/10/04 v 0.95: framed or shaded text with page breaks
\fb@frw=\dimen104
\fb@frh=\dimen105
\FrameRule=\dimen106
\FrameSep=\dimen107
)
(/usr/share/texmf/tex/latex/xcolor/xcolor.sty
Package: xcolor 2007/01/21 v2.11 LaTeX color extensions (UK)

(/etc/texmf/tex/latex/config/color.cfg
File: color.cfg 2007/01/18 v1.5 color configuration of teTeX/TeXLive
)
Package xcolor Info: Driver file: pdftex.def on input line 225.

(/usr/share/texmf-texlive/tex/latex/pdftex-def/pdftex.def
File: pdftex.def 2010/03/12 v0.04p Graphics/color for pdfTeX
\Gread@gobject=\count90
)
Package xcolor Info: Model `cmy' substituted by `cmy0' on input line 1337.
Package xcolor Info: Model `hsb' substituted by `rgb' on input line 1341.
Package xcolor Info: Model `RGB' extended on input line 1353.
Package xcolor Info: Model `HTML' substituted by `rgb' on input line 1355.
Package xcolor Info: Model `Hsb' substituted by `hsb' on input line 1356.
Package xcolor Info: Model `tHsb' substituted by `hsb' on input line 1357.
Package xcolor Info: Model `HSB' substituted by `hsb' on input line 1358.
Package xcolor Info: Model `Gray' substituted by `gray' on input line 1359.
Package xcolor Info: Model `wave' substituted by `hsb' on input line 1360.
)
(/usr/share/texmf-texlive/tex/latex/base/inputenc.sty
Package: inputenc 2008/03/30 v1.1d Input encoding file
\inpenc@prehook=\toks15
\inpenc@posthook=\toks16

(/usr/share/texmf-texlive/tex/latex/base/utf8.def
File: utf8.def 2008/04/05 v1.1m UTF-8 support for inputenc
Now handling font encoding OML ...
... no UTF-8 mapping file for font encoding OML
Now handling font encoding T1 ...
... processing UTF-8 mapping file for font encoding T1

(/usr/share/texmf-texlive/tex/latex/base/t1enc.dfu
File: t1enc.dfu 2008/04/05 v1.1m UTF-8 support for inputenc
   defining Unicode char U+00A1 (decimal 161)
   defining Unicode char U+00A3 (decimal 163)
   defining Unicode char U+00AB (decimal 171)
   defining Unicode char U+00BB (decimal 187)
   defining Unicode char U+00BF (decimal 191)
   defining Unicode char U+00C0 (decimal 192)
   defining Unicode char U+00C1 (decimal 193)
   defining Unicode char U+00C2 (decimal 194)
   defining Unicode char U+00C3 (decimal 195)
   defining Unicode char U+00C4 (decimal 196)
   defining Unicode char U+00C5 (decimal 197)
   defining Unicode char U+00C6 (decimal 198)
   defining Unicode char U+00C7 (decimal 199)
   defining Unicode char U+00C8 (decimal 200)
   defining Unicode char U+00C9 (decimal 201)
   defining Unicode char U+00CA (decimal 202)
   defining Unicode char U+00CB (decimal 203)
   defining Unicode char U+00CC (decimal 204)
   defining Unicode char U+00CD (decimal 205)
   defining Unicode char U+00CE (decimal 206)
   defining Unicode char U+00CF (decimal 207)
   defining Unicode char U+00D0 (decimal 208)
   defining Unicode char U+00D1 (decimal 209)
   defining Unicode char U+00D2 (decimal 210)
   defining Unicode char U+00D3 (decimal 211)
   defining Unicode char U+00D4 (decimal 212)
   defining Unicode char U+00D5 (decimal 213)
   defining Unicode char U+00D6 (decimal 214)
   defining Unicode char U+00D8 (decimal 216)
   defining Unicode char U+00D9 (decimal 217)
   defining Unicode char U+00DA (decimal 218)
   defining Unicode char U+00DB (decimal 219)
   defining Unicode char U+00DC (decimal 220)
   defining Unicode char U+00DD (decimal 221)
   defining Unicode char U+00DE (decimal 222)
   defining Unicode char U+00DF (decimal 223)
   defining Unicode char U+00E0 (decimal 224)
   defining Unicode char U+00E1 (decimal 225)
   defining Unicode char U+00E2 (decimal 226)
   defining Unicode char U+00E3 (decimal 227)
   defining Unicode char U+00E4 (decimal 228)
   defining Unicode char U+00E5 (decimal 229)
   defining Unicode char U+00E6 (decimal 230)
   defining Unicode char U+00E7 (decimal 231)
   defining Unicode char U+00E8 (decimal 232)
   defining Unicode char U+00E9 (decimal 233)
   defining Unicode char U+00EA (decimal 234)
   defining Unicode char U+00EB (decimal 235)
   defining Unicode char U+00EC (decimal 236)
   defining Unicode char U+00ED (decimal 237)
   defining Unicode char U+00EE (decimal 238)
   defining Unicode char U+00EF (decimal 239)
   defining Unicode char U+00F0 (decimal 240)
   defining Unicode char U+00F1 (decimal 241)
   defining Unicode char U+00F2 (decimal 242)
   defining Unicode char U+00F3 (decimal 243)
   defining Unicode char U+00F4 (decimal 244)
   defining Unicode char U+00F5 (decimal 245)
   defining Unicode char U+00F6 (decimal 246)
   defining Unicode char U+00F8 (decimal 248)
   defining Unicode char U+00F9 (decimal 249)
   defining Unicode char U+00FA (decimal 250)
   defining Unicode char U+00FB (decimal 251)
   defining Unicode char U+00FC (decimal 252)
   defining Unicode char U+00FD (decimal 253)
   defining Unicode char U+00FE (decimal 254)
   defining Unicode char U+00FF (decimal 255)
   defining Unicode char U+0102 (decimal 258)
   defining Unicode char U+0103 (decimal 259)
   defining Unicode char U+0104 (decimal 260)
   defining Unicode char U+0105 (decimal 261)
   defining Unicode char U+0106 (decimal 262)
   defining Unicode char U+0107 (decimal 263)
   defining Unicode char U+010C (decimal 268)
   defining Unicode char U+010D (decimal 269)
   defining Unicode char U+010E (decimal 270)
   defining Unicode char U+010F (decimal 271)
   defining Unicode char U+0110 (decimal 272)
   defining Unicode char U+0111 (decimal 273)
   defining Unicode char U+0118 (decimal 280)
   defining Unicode char U+0119 (decimal 281)
   defining Unicode char U+011A (decimal 282)
   defining Unicode char U+011B (decimal 283)
   defining Unicode char U+011E (decimal 286)
   defining Unicode char U+011F (decimal 287)
   defining Unicode char U+0130 (decimal 304)
   defining Unicode char U+0131 (decimal 305)
   defining Unicode char U+0132 (decimal 306)
   defining Unicode char U+0133 (decimal 307)
   defining Unicode char U+0139 (decimal 313)
   defining Unicode char U+013A (decimal 314)
   defining Unicode char U+013D (decimal 317)
   defining Unicode char U+013E (decimal 318)
   defining Unicode char U+0141 (decimal 321)
   defining Unicode char U+0142 (decimal 322)
   defining Unicode char U+0143 (decimal 323)
   defining Unicode char U+0144 (decimal 324)
   defining Unicode char U+0147 (decimal 327)
   defining Unicode char U+0148 (decimal 328)
   defining Unicode char U+014A (decimal 330)
   defining Unicode char U+014B (decimal 331)
   defining Unicode char U+0150 (decimal 336)
   defining Unicode char U+0151 (decimal 337)
   defining Unicode char U+0152 (decimal 338)
   defining Unicode char U+0153 (decimal 339)
   defining Unicode char U+0154 (decimal 340)
   defining Unicode char U+0155 (decimal 341)
   defining Unicode char U+0158 (decimal 344)
   defining Unicode char U+0159 (decimal 345)
   defining Unicode char U+015A (decimal 346)
   defining Unicode char U+015B (decimal 347)
   defining Unicode char U+015E (decimal 350)
   defining Unicode char U+015F (decimal 351)
   defining Unicode char U+0160 (decimal 352)
   defining Unicode char U+0161 (decimal 353)
   defining Unicode char U+0162 (decimal 354)
   defining Unicode char U+0163 (decimal 355)
   defining Unicode char U+0164 (decimal 356)
   defining Unicode char U+0165 (decimal 357)
   defining Unicode char U+016E (decimal 366)
   defining Unicode char U+016F (decimal 367)
   defining Unicode char U+0170 (decimal 368)
   defining Unicode char U+0171 (decimal 369)
   defining Unicode char U+0178 (decimal 376)
   defining Unicode char U+0179 (decimal 377)
   defining Unicode char U+017A (decimal 378)
   defining Unicode char U+017B (decimal 379)
   defining Unicode char U+017C (decimal 380)
   defining Unicode char U+017D (decimal 381)
   defining Unicode char U+017E (decimal 382)
   defining Unicode char U+200C (decimal 8204)
   defining Unicode char U+2013 (decimal 8211)
   defining Unicode char U+2014 (decimal 8212)
   defining Unicode char U+2018 (decimal 8216)
   defining Unicode char U+2019 (decimal 8217)
   defining Unicode char U+201A (decimal 8218)
   defining Unicode char U+201C (decimal 8220)
   defining Unicode char U+201D (decimal 8221)
   defining Unicode char U+201E (decimal 8222)
   defining Unicode char U+2030 (decimal 8240)
   defining Unicode char U+2031 (decimal 8241)
   defining Unicode char U+2039 (decimal 8249)
   defining Unicode char U+203A (decimal 8250)
   defining Unicode char U+2423 (decimal 9251)
)
Now handling font encoding OT1 ...
... processing UTF-8 mapping file for font encoding OT1

(/usr/share/texmf-texlive/tex/latex/base/ot1enc.dfu
File: ot1enc.dfu 2008/04/05 v1.1m UTF-8 support for inputenc
   defining Unicode char U+00A1 (decimal 161)
   defining Unicode char U+00A3 (decimal 163)
   defining Unicode char U+00B8 (decimal 184)
   defining Unicode char U+00BF (decimal 191)
   defining Unicode char U+00C5 (decimal 197)
   defining Unicode char U+00C6 (decimal 198)
   defining Unicode char U+00D8 (decimal 216)
   defining Unicode char U+00DF (decimal 223)
   defining Unicode char U+00E6 (decimal 230)
   defining Unicode char U+00EC (decimal 236)
   defining Unicode char U+00ED (decimal 237)
   defining Unicode char U+00EE (decimal 238)
   defining Unicode char U+00EF (decimal 239)
   defining Unicode char U+00F8 (decimal 248)
   defining Unicode char U+0131 (decimal 305)
   defining Unicode char U+0141 (decimal 321)
   defining Unicode char U+0142 (decimal 322)
   defining Unicode char U+0152 (decimal 338)
   defining Unicode char U+0153 (decimal 339)
   defining Unicode char U+2013 (decimal 8211)
   defining Unicode char U+2014 (decimal 8212)
   defining Unicode char U+2018 (decimal 8216)
   defining Unicode char U+2019 (decimal 8217)
   defining Unicode char U+201C (decimal 8220)
   defining Unicode char U+201D (decimal 8221)
)
Now handling font encoding OMS ...
... processing UTF-8 mapping file for font encoding OMS

(/usr/share/texmf-texlive/tex/latex/base/omsenc.dfu
File: omsenc.dfu 2008/04/05 v1.1m UTF-8 support for inputenc
   defining Unicode char U+00A7 (decimal 167)
   defining Unicode char U+00B6 (decimal 182)
   defining Unicode char U+00B7 (decimal 183)
   defining Unicode char U+2020 (decimal 8224)
   defining Unicode char U+2021 (decimal 8225)
   defining Unicode char U+2022 (decimal 8226)
)
Now handling font encoding OMX ...
... no UTF-8 mapping file for font encoding OMX
Now handling font encoding U ...
... no UTF-8 mapping file for font encoding U
   defining Unicode char U+00A9 (decimal 169)
   defining Unicode char U+00AA (decimal 170)
   defining Unicode char U+00AE (decimal 174)
   defining Unicode char U+00BA (decimal 186)
   defining Unicode char U+02C6 (decimal 710)
   defining Unicode char U+02DC (decimal 732)
   defining Unicode char U+200C (decimal 8204)
   defining Unicode char U+2026 (decimal 8230)
   defining Unicode char U+2122 (decimal 8482)
   defining Unicode char U+2423 (decimal 9251)
))
(/usr/share/texmf-texlive/tex/latex/stmaryrd/stmaryrd.sty
Package: stmaryrd 1994/03/03 St Mary's Road symbol package
\symstmry=\mathgroup4
LaTeX Font Info:    Overwriting symbol font `stmry' in version `bold'
(Font)                  U/stmry/m/n --> U/stmry/b/n on input line 89.
)
(/usr/share/texmf-texlive/tex/latex/colortbl/colortbl.sty
Package: colortbl 2001/02/13 v0.1j Color table columns (DPC)

(/usr/share/texmf-texlive/tex/latex/tools/array.sty
Package: array 2008/09/09 v2.4c Tabular extension package (FMi)
\col@sep=\dimen108
\extrarowheight=\dimen109
\NC@list=\toks17
\extratabsurround=\skip47
\backup@length=\skip48
)
\everycr=\toks18
\minrowclearance=\skip49
)
(/usr/share/texmf-texlive/tex/latex/hyperref/hyperref.sty
Package: hyperref 2009/10/09 v6.79a Hypertext links for LaTeX

(/usr/share/texmf-texlive/tex/generic/oberdiek/ifpdf.sty
Package: ifpdf 2009/04/10 v2.0 Provides the ifpdf switch (HO)
Package ifpdf Info: pdfTeX in pdf mode detected.
)
(/usr/share/texmf-texlive/tex/generic/oberdiek/ifvtex.sty
Package: ifvtex 2008/11/04 v1.4 Switches for detecting VTeX and its modes (HO)
Package ifvtex Info: VTeX not detected.
)
(/usr/share/texmf-texlive/tex/generic/ifxetex/ifxetex.sty
Package: ifxetex 2009/01/23 v0.5 Provides ifxetex conditional
)
(/usr/share/texmf-texlive/tex/latex/oberdiek/hycolor.sty
Package: hycolor 2009/10/02 v1.5 Code for color options of hyperref/bookmark (H
O)

(/usr/share/texmf-texlive/tex/latex/oberdiek/xcolor-patch.sty
Package: xcolor-patch 2009/10/02 xcolor patch
))
\@linkdim=\dimen110
\Hy@linkcounter=\count91
\Hy@pagecounter=\count92

(/usr/share/texmf-texlive/tex/latex/hyperref/pd1enc.def
File: pd1enc.def 2009/10/09 v6.79a Hyperref: PDFDocEncoding definition (HO)
Now handling font encoding PD1 ...
... no UTF-8 mapping file for font encoding PD1
)
(/usr/share/texmf-texlive/tex/generic/oberdiek/etexcmds.sty
Package: etexcmds 2007/12/12 v1.2 Prefix for e-TeX command names (HO)

(/usr/share/texmf-texlive/tex/generic/oberdiek/infwarerr.sty
Package: infwarerr 2007/09/09 v1.2 Providing info/warning/message (HO)
)
Package etexcmds Info: Could not find \expanded.
(etexcmds)             That can mean that you are not using pdfTeX 1.50 or
(etexcmds)             that some package has redefined \expanded.
(etexcmds)             In the latter case, load this package earlier.
)
(/usr/share/texmf-texlive/tex/latex/latexconfig/hyperref.cfg
File: hyperref.cfg 2002/06/06 v1.2 hyperref configuration of TeXLive
)
(/usr/share/texmf-texlive/tex/latex/oberdiek/kvoptions.sty
Package: kvoptions 2009/08/13 v3.4 Keyval support for LaTeX options (HO)

(/usr/share/texmf-texlive/tex/generic/oberdiek/kvsetkeys.sty
Package: kvsetkeys 2009/07/30 v1.5 Key value parser with default handler suppor
t (HO)
))
Package hyperref Info: Hyper figures OFF on input line 2975.
Package hyperref Info: Link nesting OFF on input line 2980.
Package hyperref Info: Hyper index ON on input line 2983.
Package hyperref Info: Plain pages OFF on input line 2990.
Package hyperref Info: Backreferencing OFF on input line 2995.

Implicit mode ON; LaTeX internals redefined
Package hyperref Info: Bookmarks ON on input line 3191.
LaTeX Info: Redefining \url on input line 3428.
(/usr/share/texmf-texlive/tex/generic/oberdiek/bitset.sty
Package: bitset 2007/09/28 v1.0 Data type bit set (HO)

(/usr/share/texmf-texlive/tex/generic/oberdiek/intcalc.sty
Package: intcalc 2007/09/27 v1.1 Expandable integer calculations (HO)
)
(/usr/share/texmf-texlive/tex/generic/oberdiek/bigintcalc.sty
Package: bigintcalc 2007/11/11 v1.1 Expandable big integer calculations (HO)

(/usr/share/texmf-texlive/tex/generic/oberdiek/pdftexcmds.sty
Package: pdftexcmds 2009/09/23 v0.6 LuaTeX support for pdfTeX utility functions
 (HO)

(/usr/share/texmf-texlive/tex/generic/oberdiek/ifluatex.sty
Package: ifluatex 2009/04/17 v1.2 Provides the ifluatex switch (HO)
Package ifluatex Info: LuaTeX not detected.
)
(/usr/share/texmf-texlive/tex/generic/oberdiek/ltxcmds.sty
Package: ltxcmds 2009/08/05 v1.0 Some LaTeX kernel commands for general use (HO
)
)
Package pdftexcmds Info: LuaTeX not detected.
Package pdftexcmds Info: \pdf@primitive is available.
Package pdftexcmds Info: \pdf@ifprimitive is available.
)))
\Fld@menulength=\count93
\Field@Width=\dimen111
\Fld@charsize=\dimen112
\Field@toks=\toks19
Package hyperref Info: Hyper figures OFF on input line 4377.
Package hyperref Info: Link nesting OFF on input line 4382.
Package hyperref Info: Hyper index ON on input line 4385.
Package hyperref Info: backreferencing OFF on input line 4392.
Package hyperref Info: Link coloring OFF on input line 4397.
Package hyperref Info: Link coloring with OCG OFF on input line 4402.
Package hyperref Info: PDF/A mode OFF on input line 4407.

(/usr/share/texmf-texlive/tex/generic/oberdiek/atbegshi.sty
Package: atbegshi 2008/07/31 v1.9 At begin shipout hook (HO)
)
\Hy@abspage=\count94
\c@Item=\count95
\c@Hfootnote=\count96
)
*hyperref using default driver hpdftex*
(/usr/share/texmf-texlive/tex/latex/hyperref/hpdftex.def
File: hpdftex.def 2009/10/09 v6.79a Hyperref driver for pdfTeX
\Fld@listcount=\count97
)
(/usr/share/texmf-texlive/tex/latex/amsfonts/amssymb.sty
Package: amssymb 2009/06/22 v3.00

(/usr/share/texmf-texlive/tex/latex/amsfonts/amsfonts.sty
Package: amsfonts 2009/06/22 v3.00 Basic AMSFonts support
\@emptytoks=\toks20
\symAMSa=\mathgroup5
\symAMSb=\mathgroup6
LaTeX Font Info:    Overwriting math alphabet `\mathfrak' in version `bold'
(Font)                  U/euf/m/n --> U/euf/b/n on input line 96.
)
LaTeX Font Info:    Redeclaring math symbol \boxdot on input line 39.
)
(/usr/share/texmf-texlive/tex/latex/amsmath/amsmath.sty
Package: amsmath 2000/07/18 v2.13 AMS math features
\@mathmargin=\skip50

For additional information on amsmath, use the `?' option.
(/usr/share/texmf-texlive/tex/latex/amsmath/amstext.sty
Package: amstext 2000/06/29 v2.01

(/usr/share/texmf-texlive/tex/latex/amsmath/amsgen.sty
File: amsgen.sty 1999/11/30 v2.0
\@emptytoks=\toks21
\ex@=\dimen113
))
(/usr/share/texmf-texlive/tex/latex/amsmath/amsbsy.sty
Package: amsbsy 1999/11/29 v1.2d
\pmbraise@=\dimen114
)
(/usr/share/texmf-texlive/tex/latex/amsmath/amsopn.sty
Package: amsopn 1999/12/14 v2.01 operator names
)
\inf@bad=\count98
LaTeX Info: Redefining \frac on input line 211.
\uproot@=\count99
\leftroot@=\count100
LaTeX Info: Redefining \overline on input line 307.
\classnum@=\count101
\DOTSCASE@=\count102
LaTeX Info: Redefining \ldots on input line 379.
LaTeX Info: Redefining \dots on input line 382.
LaTeX Info: Redefining \cdots on input line 467.
\Mathstrutbox@=\box27
\strutbox@=\box28
\big@size=\dimen115
LaTeX Font Info:    Redeclaring font encoding OML on input line 567.
LaTeX Font Info:    Redeclaring font encoding OMS on input line 568.
\macc@depth=\count103
\c@MaxMatrixCols=\count104
\dotsspace@=\muskip11
\c@parentequation=\count105
\dspbrk@lvl=\count106
\tag@help=\toks22
\row@=\count107
\column@=\count108
\maxfields@=\count109
\andhelp@=\toks23
\eqnshift@=\dimen116
\alignsep@=\dimen117
\tagshift@=\dimen118
\tagwidth@=\dimen119
\totwidth@=\dimen120
\lineht@=\dimen121
\@envbody=\toks24
\multlinegap=\skip51
\multlinetaggap=\skip52
\mathdisplay@stack=\toks25
LaTeX Info: Redefining \[ on input line 2666.
LaTeX Info: Redefining \] on input line 2667.
)
(/usr/share/texmf-texlive/tex/latex/amscls/amsthm.sty
Package: amsthm 2004/08/06 v2.20
\thm@style=\toks26
\thm@bodyfont=\toks27
\thm@headfont=\toks28
\thm@notefont=\toks29
\thm@headpunct=\toks30
\thm@preskip=\skip53
\thm@postskip=\skip54
\thm@headsep=\skip55
\dth@everypar=\toks31
)
(/usr/share/texmf-texlive/tex/latex/amsmath/amscd.sty
Package: amscd 1999/11/29 v1.2d
\athelp@=\toks32
\minaw@=\dimen122
\bigaw@=\dimen123
\minCDarrowwidth=\dimen124
)
(/usr/share/texmf-texlive/tex/latex/mh/mathtools.sty
Package: mathtools 2008/08/01 v1.06 mathematical typesetting tools (MH)

(/usr/share/texmf-texlive/tex/latex/tools/calc.sty
Package: calc 2007/08/22 v4.3 Infix arithmetic (KKT,FJ)
\calc@Acount=\count110
\calc@Bcount=\count111
\calc@Adimen=\dimen125
\calc@Bdimen=\dimen126
\calc@Askip=\skip56
\calc@Bskip=\skip57
LaTeX Info: Redefining \setlength on input line 76.
LaTeX Info: Redefining \addtolength on input line 77.
\calc@Ccount=\count112
\calc@Cskip=\skip58
)
(/usr/share/texmf-texlive/tex/latex/mh/mhsetup.sty
Package: mhsetup 2007/12/03 v1.2 programming setup (MH)
)
\g_MT_multlinerow_int=\count113
\l_MT_multwidth_dim=\dimen127
) (data/faktor.sty
Package: faktor 2006/04/05 v0.1b Faktor-Ringe, -Gruppen, -Raeume (PE)
\faktor@zaehlerhoehe=\skip59
\faktor@nennerhoehe=\skip60
)
(/usr/share/texmf-texlive/tex/latex/graphics/graphicx.sty
Package: graphicx 1999/02/16 v1.0f Enhanced LaTeX Graphics (DPC,SPQR)

(/usr/share/texmf-texlive/tex/latex/graphics/graphics.sty
Package: graphics 2009/02/05 v1.0o Standard LaTeX Graphics (DPC,SPQR)

(/usr/share/texmf-texlive/tex/latex/graphics/trig.sty
Package: trig 1999/03/16 v1.09 sin cos tan (DPC)
)
(/etc/texmf/tex/latex/config/graphics.cfg
File: graphics.cfg 2009/08/28 v1.8 graphics configuration of TeX Live
)
Package graphics Info: Driver file: pdftex.def on input line 91.
)
\Gin@req@height=\dimen128
\Gin@req@width=\dimen129
)
\c@Satz=\count114
\c@Def=\count115
\@indexfile=\write3
\openout3 = `Algebra1.idx'.


Writing index file Algebra1.idx
(./Algebra1.aux)
\openout1 = `Algebra1.aux'.

LaTeX Font Info:    Checking defaults for OML/cmm/m/it on input line 89.
LaTeX Font Info:    ... okay on input line 89.
LaTeX Font Info:    Checking defaults for T1/cmr/m/n on input line 89.
LaTeX Font Info:    ... okay on input line 89.
LaTeX Font Info:    Checking defaults for OT1/cmr/m/n on input line 89.
LaTeX Font Info:    ... okay on input line 89.
LaTeX Font Info:    Checking defaults for OMS/cmsy/m/n on input line 89.
LaTeX Font Info:    ... okay on input line 89.
LaTeX Font Info:    Checking defaults for OMX/cmex/m/n on input line 89.
LaTeX Font Info:    ... okay on input line 89.
LaTeX Font Info:    Checking defaults for U/cmr/m/n on input line 89.
LaTeX Font Info:    ... okay on input line 89.
LaTeX Font Info:    Checking defaults for PD1/pdf/m/n on input line 89.
LaTeX Font Info:    ... okay on input line 89.
 (/usr/share/texmf-texlive/tex/context/base/supp-pdf.mkii
[Loading MPS to PDF converter (version 2006.09.02).]
\scratchcounter=\count116
\scratchdimen=\dimen130
\scratchbox=\box29
\nofMPsegments=\count117
\nofMParguments=\count118
\everyMPshowfont=\toks33
\MPscratchCnt=\count119
\MPscratchDim=\dimen131
\MPnumerator=\count120
\everyMPtoPDFconversion=\toks34
)
Package hyperref Info: Link coloring OFF on input line 89.
 (/usr/share/texmf-texlive/tex/latex/hyperref/nameref.sty
Package: nameref 2007/05/29 v2.31 Cross-referencing by name of section

(/usr/share/texmf-texlive/tex/latex/oberdiek/refcount.sty
Package: refcount 2008/08/11 v3.1 Data extraction from references (HO)
)
\c@section@level=\count121
)
LaTeX Info: Redefining \ref on input line 89.
LaTeX Info: Redefining \pageref on input line 89.
 (./Algebra1.out)
(./Algebra1.out)
\@outlinefile=\write4
\openout4 = `Algebra1.out'.

\AtBeginShipoutBox=\box30
Class scrbook Info: You've told me to redefine the font selection of the
(scrbook)           element `sectioning' that is an alias of element
(scrbook)           `disposition' on input line 92.
LaTeX Font Info:    Try loading font information for OT1+cmbr on input line 182
.
 (/usr/share/texmf-texlive/tex/latex/cmbright/ot1cmbr.fd
File: ot1cmbr.fd 1999/05/12 v7.3 (WaS)
)
LaTeX Font Info:    Try loading font information for OML+cmbrm on input line 18
2.

(/usr/share/texmf-texlive/tex/latex/cmbright/omlcmbrm.fd
File: omlcmbrm.fd 1999/05/12 v7.3 (WaS)
)
LaTeX Font Info:    Try loading font information for OMS+cmbrs on input line 18
2.

(/usr/share/texmf-texlive/tex/latex/cmbright/omscmbrs.fd
File: omscmbrs.fd 1999/05/12 v7.3 (WaS)
)
LaTeX Font Info:    Try loading font information for U+stmry on input line 182.


(/usr/share/texmf-texlive/tex/latex/stmaryrd/Ustmry.fd)
LaTeX Font Info:    Try loading font information for T1+cmtl on input line 182.


(/usr/share/texmf-texlive/tex/latex/cmbright/t1cmtl.fd
File: t1cmtl.fd 1999/05/12 v7.3 (WaS)
) [1



{/var/lib/texmf/fonts/map/pdftex/updmap/pdftex.map}] [2

]

Package hyperref Warning: No destination for bookmark of \addcontentsline,
(hyperref)                destination is added on input line 183.

(./Algebra1.toc
Class scrbook Info: You've told me to use the font selection of the element
(scrbook)           `sectioning' that is an alias of element `disposition'
(scrbook)            on input line 2.
Class scrbook Info: You've told me to use the font selection of the element
(scrbook)           `sectioning' that is an alias of element `disposition'
(scrbook)            on input line 3.
Class scrbook Info: You've told me to use the font selection of the element
(scrbook)           `sectioning' that is an alias of element `disposition'
(scrbook)            on input line 14.
Class scrbook Info: You've told me to use the font selection of the element
(scrbook)           `sectioning' that is an alias of element `disposition'
(scrbook)            on input line 28.
Class scrbook Info: You've told me to use the font selection of the element
(scrbook)           `sectioning' that is an alias of element `disposition'
(scrbook)            on input line 35.
)
\tf@toc=\write5
\openout5 = `Algebra1.toc'.

 [3


] [4]
Kapitel 1.

LaTeX Font Warning: Font shape `T1/cmbr/bx/it' undefined
(Font)              using `T1/cmbr/bx/n' instead on input line 195.

LaTeX Font Info:    Font shape `T1/cmbr/m/it' in size <10> not available
(Font)              Font shape `T1/cmbr/m/sl' tried instead on input line 222.
[5


]
Underfull \hbox (badness 10000) in paragraph at lines 285--290

 []

[6]
Overfull \hbox (9.15533pt too wide) in paragraph at lines 307--312
[]\T1/cmbr/m/n/10 Sind $\OML/cmbrm/m/it/10 M; M[]$ \T1/cmbr/m/n/10 Mo-noi-de/Gr
uppen, so ist $[]\OT1/cmbr/m/n/10 (\OML/cmbrm/m/it/10 f\OT1/cmbr/m/n/10 ) []= \
OMS/cmbrs/m/n/10 f\OML/cmbrm/m/it/10 x \OMS/cmbrs/m/n/10 2 \OML/cmbrm/m/it/10 M
 \OT1/cmbr/m/n/10 : \OML/cmbrm/m/it/10 f\OT1/cmbr/m/n/10 (\OML/cmbrm/m/it/10 x\
OT1/cmbr/m/n/10 ) = \OML/cmbrm/m/it/10 e[]\OMS/cmbrs/m/n/10 g$ \T1/cmbr/m/n/10 
Untermonoid/-
 []


Overfull \hbox (1.62741pt too wide) in paragraph at lines 322--329
\T1/cmbr/m/n/10 insbesondere: $\OML/cmbrm/m/it/10 M \OT1/cmbr/m/n/10 = \OMS/cmb
rs/m/n/10 f\OT1/cmbr/m/n/10 1\OML/cmbrm/m/it/10 ; [] ; n\OMS/cmbrs/m/n/10 g \OT
1/cmbr/m/n/10 : \OML/cmbrm/m/it/10 S[] \OT1/cmbr/m/n/10 = \OML/cmbrm/m/it/10 S[
]$ \T1/cmbr/m/n/10 Ist $\OT1/cmbr/m/n/10 (\OML/cmbrm/m/it/10 M; \OMS/cmbrs/m/n/
10 ^^A\OT1/cmbr/m/n/10 )$ \T1/cmbr/m/n/10 ein  $[]$ , so ist $\OML/cmbrm/m/it/1
0 End\OT1/cmbr/m/n/10 (\OML/cmbrm/m/it/10 M\OT1/cmbr/m/n/10 ) []=
 []

[7]
Underfull \hbox (badness 10000) in paragraph at lines 397--397
\OMS/cmbrs/m/n/10 ) \OML/cmbrm/m/it/10 F\OT1/cmbr/m/n/10 ((\OML/cmbrm/m/it/10 e
; [] ; e; m[]; e; [] ; e; m[]; e; [] ; e\OT1/cmbr/m/n/10 )) = \OML/cmbrm/m/it/1
0 f[]\OT1/cmbr/m/n/10 (\OML/cmbrm/m/it/10 m[]\OT1/cmbr/m/n/10 ) + \OML/cmbrm/m/
it/10 f[]\OT1/cmbr/m/n/10 (\OML/cmbrm/m/it/10 m[]\OT1/cmbr/m/n/10 ) =
 []

[8] [9] [10] [11] [12] [13] [14]

LaTeX Font Warning: Font shape `OT1/cmbr/bx/n' in size <7> not available
(Font)              Font shape `OT1/cmbr/m/n' tried instead on input line 782.


LaTeX Font Warning: Font shape `OT1/cmbr/bx/n' in size <5> not available
(Font)              Font shape `OT1/cmbr/m/n' tried instead on input line 782.


Underfull \hbox (badness 10000) in paragraph at lines 780--798

 []

[15]
Underfull \hbox (badness 10000) in paragraph at lines 824--831

 []

[16] [17] [18]
LaTeX Font Info:    Try loading font information for OMS+cmbr on input line 102
1.
 (/usr/share/texmf-texlive/tex/latex/cmbright/omscmbr.fd
File: omscmbr.fd 1999/05/12 v7.3 (WaS)
)
LaTeX Font Info:    Font shape `OMS/cmbr/m/n' in size <10> not available
(Font)              Font shape `OMS/cmbrs/m/n' tried instead on input line 1021
.

[19] [20] [21]
Overfull \hbox (24.15508pt too wide) detected at line 1167
[]
 []


Overfull \hbox (6.71806pt too wide) in paragraph at lines 1190--1195
\OML/cmbrm/m/it/10 Ob \OMS/cmbrs/m/n/10 B$\T1/cmbr/m/n/10 , so-wie für je zwei 
Ob-jek-te $\OML/cmbrm/m/it/10 X; Y \OMS/cmbrs/m/n/10 2 \OML/cmbrm/m/it/10 Ob \O
MS/cmbrs/m/n/10 A$ \T1/cmbr/m/n/10 aus ei-ner Ab-bil-dung $\OML/cmbrm/m/it/10 F
 \OT1/cmbr/m/n/10 : \OML/cmbrm/m/it/10 Mor[]\OT1/cmbr/m/n/10 (\OML/cmbrm/m/it/1
0 X; Y\OT1/cmbr/m/n/10 ) \OMS/cmbrs/m/n/10 !
 []

[22]
Underfull \hbox (badness 5388) in paragraph at lines 1227--1227
\T1/cmbr/m/n/10 ist ko-va-ri-an-ter Funk-tor (al-so Kom-po-si-ti-on des Ver-gis
sfunk-tors und des
 []

[23]
Underfull \vbox (badness 1242) detected at line 1293
 []

[24]
Overfull \hbox (10.74323pt too wide) in paragraph at lines 1304--1306
[]\T1/cmbr/m/n/10 Die Ak-tio-nen von $\OML/cmbrm/m/it/10 G$ \T1/cmbr/m/n/10 auf
 $\OML/cmbrm/m/it/10 X$ \T1/cmbr/m/n/10 ent-spre-chen bi-jek-tiv den Ab-bil-dun
-gen: $\OML/cmbrm/m/it/10 G \OMS/cmbrs/m/n/10 ^^B \OML/cmbrm/m/it/10 X \OMS/cmb
rs/m/n/10 ! \OML/cmbrm/m/it/10 X;  \OT1/cmbr/m/n/10 (\OML/cmbrm/m/it/10 g; x\OT
1/cmbr/m/n/10 ) \OMS/cmbrs/m/n/10 7!
 []

[25]
Underfull \hbox (badness 10000) in paragraph at lines 1376--1392

 []

[26] [27] [28] [29] [30]
Underfull \hbox (badness 10000) in paragraph at lines 1594--1609

 []

[31] [32] [33] [34]
Underfull \hbox (badness 10000) in paragraph at lines 1804--1804
\T1/cmbr/m/n/10 eine Nor-mal-rei-he für $\OML/cmbrm/m/it/10 G$\T1/cmbr/m/n/10 ,
 da $\OML/cmbrm/m/it/10 ^^Y[]\OT1/cmbr/m/n/10 (\OML/cmbrm/m/it/10 H[]\OT1/cmbr/
m/n/10 )$ \T1/cmbr/m/n/10 Nor-mal-tei-ler in $\OML/cmbrm/m/it/10 ^^Y[]\OT1/cmbr
/m/n/10 (\OML/cmbrm/m/it/10 H[]\OT1/cmbr/m/n/10 )$ \T1/cmbr/m/n/10 ist und
 []

[35] [36]
Kapitel 2.
[37


] [38] [39] [40] [41]
Underfull \hbox (badness 1077) in paragraph at lines 2153--2153
\T1/cmbr/m/n/10 ''$\OMS/cmbrs/m/n/10 ^^S$\T1/cmbr/m/n/10 '': De-fi-nie-re $\OML
/cmbrm/m/it/10 g \OT1/cmbr/m/n/10 = [] \OML/cmbrm/m/it/10 b[]X[]$ \T1/cmbr/m/n/
10 re-kur-siv durch $\OML/cmbrm/m/it/10 b[] \OT1/cmbr/m/n/10 = \OML/cmbrm/m/it/
10 a[]; b[] []\OT1/cmbr/m/n/10 = \OML/cmbrm/m/it/10 a[] \OMS/cmbrs/m/n/10 ^^A
 []

[42] [43] [44] [45] [46] [47] [48]
Underfull \hbox (badness 1571) in paragraph at lines 2507--2507
\OMS/cmbrs/m/n/10 ) \OML/cmbrm/m/it/10 xy \OT1/cmbr/m/n/10 = \OML/cmbrm/m/it/10
 q[] [] q[]s[] [] s[] \OT1/cmbr/m/n/10 = \OML/cmbrm/m/it/10 pa \OT1/cmbr/m/n/10
 = \OML/cmbrm/m/it/10 p \OMS/cmbrs/m/n/10 ^^A \OML/cmbrm/m/it/10 p[] \OMS/cmbrs
/m/n/10 ^^A [] ^^A \OML/cmbrm/m/it/10 p[] [] p \OMS/cmbrs/m/n/10 2
 []


Underfull \hbox (badness 10000) in paragraph at lines 2523--2548

 []


Underfull \hbox (badness 10000) in paragraph at lines 2523--2548

 []

[49] [50] [51]
LaTeX Font Info:    Try loading font information for U+euf on input line 2673.
 (/usr/share/texmf-texlive/tex/latex/amsfonts/ueuf.fd
File: ueuf.fd 2009/06/22 v3.00 Euler Fraktur
) [52]
[53]
Underfull \vbox (badness 1168) detected at line 2781
 []


Underfull \vbox (badness 7907) has occurred while \output is active []

 [54]
[55] [56] [57] [58] [59] [60


]
Kapitel 3.
[61] [62] [63]
Underfull \hbox (badness 10000) in paragraph at lines 3197--3208

 []

[64]
Underfull \hbox (badness 10000) in paragraph at lines 3221--3226

 []

[65] [66] [67] [68] [69]

LaTeX Warning: Reference `2.29' on page 70 undefined on input line 3545.


Underfull \hbox (badness 10000) in paragraph at lines 3541--3553

 []

[70]
Overfull \vbox (5.75261pt too high) detected at line 3646
 []

[71]
Underfull \vbox (badness 2134) has occurred while \output is active []

 [72]
[73]
Underfull \hbox (badness 10000) in paragraph at lines 3750--3750

 []


Overfull \hbox (0.8038pt too wide) detected at line 3759
[]\OMS/cmbrs/m/n/10 L\OT1/cmbr/m/n/10 (\OML/cmbrm/m/it/10 M\OT1/cmbr/m/n/10 ) [
]= \OMS/cmbrs/m/n/10 f\OML/cmbrm/m/it/10 L \OMS/cmbrs/m/n/10 ^^Z \U/msb/m/n/10 
R[][]\OMS/cmbrs/m/n/10 j\OML/cmbrm/m/it/10 L \OMS/cmbrs/m/n/10 \ \OML/cmbrm/m/i
t/10 M\OMS/cmbrs/m/n/10 j ^^U \OT1/cmbr/m/n/10 2\OMS/cmbrs/m/n/10 g  [  f\OML/c
mbrm/m/it/10 K[]\OT1/cmbr/m/n/10 (\OML/cmbrm/m/it/10 z[]\OT1/cmbr/m/n/10 ) : \O
ML/cmbrm/m/it/10 z[]; z[]; z[] \OMS/cmbrs/m/n/10 2 \OML/cmbrm/m/it/10 M\OMS/cmb
rs/m/n/10 g  
 []

<alg16a1.png, id=996, 912.0474pt x 609.2361pt>
File: alg16a1.png Graphic file (type png)
 <use alg16a1.png>
<alg16a2.png, id=997, 912.0474pt x 609.2361pt>
File: alg16a2.png Graphic file (type png)
 <use alg16a2.png>
<alg16a3.png, id=998, 917.829pt x 609.2361pt>
File: alg16a3.png Graphic file (type png)
 <use alg16a3.png>
<alg16a4.png, id=999, 917.829pt x 609.2361pt>
File: alg16a4.png Graphic file (type png)
 <use alg16a4.png>
<alg16b.png, id=1000, 917.829pt x 609.2361pt>
File: alg16b.png Graphic file (type png)
 <use alg16b.png>

LaTeX Font Warning: Command \scriptsize invalid in math mode on input line 3846
.


LaTeX Font Warning: Command \scriptsize invalid in math mode on input line 3846
.

[74]
Underfull \vbox (badness 10000) detected at line 3846
 []


Underfull \vbox (badness 10000) detected at line 3846
 []

[75 <./alg16a1.png (PNG copy)> <./alg16a2.png (PNG copy)>] [76 <./alg16a3.png (
PNG copy)> <./alg16a4.png (PNG copy)>] [77 <./alg16b.png (PNG copy)>] [78


]
Kapitel 4.
[79] [80] [81] [82]
Underfull \hbox (badness 10000) in paragraph at lines 4095--4097

 []


Overfull \hbox (5.50102pt too wide) in paragraph at lines 4101--4104
[]$\OML/cmbrm/m/it/10 f$ \T1/cmbr/m/n/10 hat 3 rel-le und 2 zu-ein-an-der kon-j
u-giert kom-ple-xe Null-stel-len $\OML/cmbrm/m/it/10 f\OT1/cmbr/m/n/10 (\OMS/cm
brs/m/n/10 ^^@1\OT1/cmbr/m/n/10 ) = \OMS/cmbrs/m/n/10 ^^@1\OML/cmbrm/m/it/10 ; 
 f\OT1/cmbr/m/n/10 (0) =
 []


Overfull \hbox (24.21906pt too wide) in paragraph at lines 4125--4127
[]\T1/cmbr/m/n/10 All-ge-mei-ne Glei-chung $\OML/cmbrm/m/it/10 n$\T1/cmbr/m/n/1
0 -ten Gra-des: Sei $\OML/cmbrm/m/it/10 k$ \T1/cmbr/m/n/10 ein Kör-per, $\OML/c
mbrm/m/it/10 L \OT1/cmbr/m/n/10 = \OML/cmbrm/m/it/10 k\OT1/cmbr/m/n/10 (\OML/cm
brm/m/it/10 T[]; [] ; T[]\OT1/cmbr/m/n/10 ) =$ \T1/cmbr/m/n/10 Quot$\OT1/cmbr/m
/n/10 (\OML/cmbrm/m/it/10 k\OT1/cmbr/m/n/10 [\OML/cmbrm/m/it/10 T[]; [] ; T[]\O
T1/cmbr/m/n/10 ])$ 
 []

[83]
Underfull \hbox (badness 10000) in paragraph at lines 4185--4185
[]\T1/cmbr/bx/it/10 Beweis: \T1/cmbr/m/n/10 Ist $\OML/cmbrm/m/it/10 ^^P$ \T1/cm
br/m/n/10 pri-mi-ti-ve $\OML/cmbrm/m/it/10 n$\T1/cmbr/m/n/10 -te Ein-heits-wur-
zel, so ist $\OML/cmbrm/m/it/10 ^^V[]\OT1/cmbr/m/n/10 ([]) =
 []

[84]
Underfull \hbox (badness 10000) in paragraph at lines 4237--4259

 []

[85]
Underfull \hbox (badness 10000) in paragraph at lines 4298--4300

 []

[86] [87]

LaTeX Font Warning: Command \scriptsize invalid in math mode on input line 4388
.


Underfull \hbox (badness 3590) in paragraph at lines 4388--4388
[]\T1/cmbr/bx/it/10 Beweis: \T1/cmbr/m/n/10 ×$\OML/cmbrm/m/it/10 L=K$ \T1/cmbr/
m/n/10 se-pa-ra-bel. Ist $\OML/cmbrm/m/it/10 L=K$ \T1/cmbr/m/n/10 nor-mal, al-s
o ga-loissch, so ist
 []

[88]
Underfull \hbox (badness 2846) in paragraph at lines 4495--4495
\OMS/cmbrs/m/n/10 ) \OT1/cmbr/m/n/10 (\OML/cmbrm/m/it/10  \OMS/cmbrs/m/n/10 ^^
@ \OML/cmbrm/m/it/10 ^^[\OT1/cmbr/m/n/10 (\OML/cmbrm/m/it/10 \OT1/cmbr/m/n/10 
))[][](\OML/cmbrm/m/it/10 ^^M\OT1/cmbr/m/n/10 ) = \OML/cmbrm/m/it/10 ^^L^^[\OT1
/cmbr/m/n/10 (\OML/cmbrm/m/it/10 ^^M\OT1/cmbr/m/n/10 ) + \OML/cmbrm/m/it/10 ^^L
^^[[]\OT1/cmbr/m/n/10 (\OML/cmbrm/m/it/10 ^^M\OT1/cmbr/m/n/10 ) + [] + \OML/cmb
rm/m/it/10 ^^L^^[[]\OT1/cmbr/m/n/10 (\OML/cmbrm/m/it/10 ^^M\OT1/cmbr/m/n/10 ) \
OMS/cmbrs/m/n/10 ^^@
 []

[89] [90]
Overfull \vbox (11.6951pt too high) detected at line 4622
 []

[91]
Underfull \hbox (badness 10000) in paragraph at lines 4765--4765

 []


Underfull \hbox (badness 10000) in paragraph at lines 4765--4765

 []

[92] [93] [94] (./Algebra1.aux)

LaTeX Font Warning: Some font shapes were not available, defaults substituted.


LaTeX Warning: There were undefined references.

 ) 
Here is how much of TeX's memory you used:
 9173 strings out of 493857
 124710 string characters out of 1153304
 233388 words of memory out of 3000000
 11573 multiletter control sequences out of 15000+50000
 30549 words of font info for 91 fonts, out of 3000000 for 9000
 714 hyphenation exceptions out of 8191
 43i,20n,43p,686b,526s stack positions out of 5000i,500n,10000p,200000b,50000s
{/usr/share/texmf/fonts/enc/dvips/cm-super/cm-super-t1.enc}</usr/share/texmf-
texlive/fonts/type1/public/amsfonts/cm/cmex10.pfb></usr/share/texmf-texlive/fon
ts/type1/public/amsfonts/cmextra/cmex7.pfb></usr/share/texmf-texlive/fonts/type
1/public/amsfonts/cmextra/cmex9.pfb></usr/share/texmf-texlive/fonts/type1/publi
c/amsfonts/euler/eufm10.pfb></usr/share/texmf-texlive/fonts/type1/public/amsfon
ts/euler/eufm7.pfb></usr/share/texmf-texlive/fonts/type1/public/hfbright/hfbr10
.pfb></usr/share/texmf-texlive/fonts/type1/public/hfbright/hfbr8.pfb></usr/shar
e/texmf-texlive/fonts/type1/public/hfbright/hfbras10.pfb></usr/share/texmf-texl
ive/fonts/type1/public/hfbright/hfbrbs10.pfb></usr/share/texmf-texlive/fonts/ty
pe1/public/hfbright/hfbrbs8.pfb></usr/share/texmf-texlive/fonts/type1/public/hf
bright/hfbrbx10.pfb></usr/share/texmf-texlive/fonts/type1/public/hfbright/hfbrm
i10.pfb></usr/share/texmf-texlive/fonts/type1/public/hfbright/hfbrmi8.pfb></usr
/share/texmf-texlive/fonts/type1/public/hfbright/hfbrmi9.pfb></usr/share/texmf-
texlive/fonts/type1/public/hfbright/hfbrsy10.pfb></usr/share/texmf-texlive/font
s/type1/public/hfbright/hfbrsy8.pfb></usr/share/texmf/fonts/type1/public/cm-sup
er/sfbbx10.pfb></usr/share/texmf/fonts/type1/public/cm-super/sfbmo10.pfb></usr/
share/texmf/fonts/type1/public/cm-super/sfbmr10.pfb></usr/share/texmf/fonts/typ
e1/public/cm-super/sfbmr8.pfb></usr/share/texmf/fonts/type1/public/cm-super/sfb
mr9.pfb></usr/share/texmf/fonts/type1/public/cm-super/sfbsr8.pfb></usr/share/te
xmf/fonts/type1/public/cm-super/sfbtl10.pfb></usr/share/texmf-texlive/fonts/typ
e1/hoekwater/stmaryrd/stmary10.pfb>
Output written on Algebra1.pdf (94 pages, 886061 bytes).
PDF statistics:
 1407 PDF objects out of 1440 (max. 8388607)
 664 named destinations out of 1000 (max. 500000)
 290 words of extra memory for PDF output out of 10000 (max. 10000000)

