
Running /usr/bin/pdflatex Ana1.tex in an env with 4 entries:
This is pdfTeX, Version 3.1415926-1.40.10 (TeX Live 2009/Debian)
entering extended mode
(data/Ana1.tex
LaTeX2e <2009/09/24>
Babel <v3.8l> and hyphenation patterns for english, usenglishmax, dumylang, noh
yphenation, farsi, arabic, croatian, bulgarian, ukrainian, russian, czech, slov
ak, danish, dutch, finnish, french, basque, ngerman, german, german-x-2009-06-1
9, ngerman-x-2009-06-19, ibycus, monogreek, greek, ancientgreek, hungarian, san
skrit, italian, latin, latvian, lithuanian, mongolian2a, mongolian, bokmal, nyn
orsk, romanian, irish, coptic, serbian, turkish, welsh, esperanto, uppersorbian
, estonian, indonesian, interlingua, icelandic, kurmanji, slovenian, polish, po
rtuguese, spanish, galician, catalan, swedish, ukenglish, loaded.
(/usr/share/texmf-texlive/tex/latex/koma-script/scrbook.cls
Document Class: scrbook 2009/07/24 v3.04a KOMA-Script document class (book)
(/usr/share/texmf-texlive/tex/latex/koma-script/scrkbase.sty
(/usr/share/texmf-texlive/tex/latex/koma-script/scrbase.sty
(/usr/share/texmf-texlive/tex/latex/graphics/keyval.sty)
(/usr/share/texmf-texlive/tex/latex/koma-script/scrlfile.sty
Package scrlfile, 2009/03/25 v3.03 KOMA-Script package (loading files)
                  Copyright (C) Markus Kohm

))) (/usr/share/texmf-texlive/tex/latex/koma-script/tocbasic.sty)
(/usr/share/texmf-texlive/tex/latex/koma-script/scrsize11pt.clo)
(/usr/share/texmf-texlive/tex/latex/koma-script/typearea.sty
Package typearea, 2009/07/24 v3.04a KOMA-Script package (type area)
                  Copyright (C) Frank Neukam, 1992-1994
                  Copyright (C) Markus Kohm, 1994-

)) (data/ana.sty (data/mathe.sty (data/latexki.sty)
(/usr/share/texmf-texlive/tex/latex/base/inputenc.sty
(/usr/share/texmf-texlive/tex/latex/base/utf8.def
(/usr/share/texmf-texlive/tex/latex/base/t1enc.dfu)
(/usr/share/texmf-texlive/tex/latex/base/ot1enc.dfu)
(/usr/share/texmf-texlive/tex/latex/base/omsenc.dfu)))
(/usr/share/texmf-texlive/tex/generic/babel/babel.sty
(/usr/share/texmf-texlive/tex/generic/babel/ngermanb.ldf
(/usr/share/texmf-texlive/tex/generic/babel/babel.def)))
(/usr/share/texmf-texlive/tex/latex/base/fontenc.sty
(/usr/share/texmf-texlive/tex/latex/base/t1enc.def))
(/usr/share/texmf-texlive/tex/latex/amsfonts/amsfonts.sty)
(/usr/share/texmf-texlive/tex/latex/amsfonts/amssymb.sty)
(/usr/share/texmf-texlive/tex/latex/amsmath/amsmath.sty
For additional information on amsmath, use the `?' option.
(/usr/share/texmf-texlive/tex/latex/amsmath/amstext.sty
(/usr/share/texmf-texlive/tex/latex/amsmath/amsgen.sty))
(/usr/share/texmf-texlive/tex/latex/amsmath/amsbsy.sty)
(/usr/share/texmf-texlive/tex/latex/amsmath/amsopn.sty))
(/usr/share/texmf-texlive/tex/latex/stmaryrd/stmaryrd.sty)
(/usr/share/texmf-texlive/tex/latex/tools/verbatim.sty)
(/usr/share/texmf-texlive/tex/latex/base/ifthen.sty)
(/usr/share/texmf-texlive/tex/latex/ntheorem/ntheorem.sty
Style `ntheorem', Version 1.25 <2005/07/07>
) (/usr/share/texmf-texlive/tex/latex/ltxmisc/framed.sty)
(/usr/share/texmf-texlive/tex/latex/pstricks/pstricks.sty
(/usr/share/texmf-texlive/tex/generic/pstricks/pstricks.tex
`PSTricks' v1.29  <2009/05/19> (tvz)
(/usr/share/texmf-texlive/tex/generic/pstricks/pstricks.con))
(/usr/share/texmf/tex/latex/xcolor/xcolor.sty
(/etc/texmf/tex/latex/config/color.cfg)
(/usr/share/texmf-texlive/tex/latex/pdftex-def/pdftex.def)))
(/usr/share/texmf-texlive/tex/latex/carlisle/slashed.sty)
(/usr/share/texmf-texlive/tex/latex/base/makeidx.sty)
(/usr/share/texmf-texlive/tex/latex/wasysym/wasysym.sty)
(/usr/share/texmf-texlive/tex/latex/jknapltx/mathrsfs.sty)
(/usr/share/texmf-texlive/tex/latex/mh/mathtools.sty
(/usr/share/texmf-texlive/tex/latex/tools/calc.sty)
(/usr/share/texmf-texlive/tex/latex/mh/mhsetup.sty))
(/usr/share/texmf-texlive/tex/latex/doublestroke/dsfont.sty)
(/usr/share/texmf-texlive/tex/latex/hyperref/hyperref.sty
(/usr/share/texmf-texlive/tex/generic/oberdiek/ifpdf.sty)
(/usr/share/texmf-texlive/tex/generic/oberdiek/ifvtex.sty)
(/usr/share/texmf-texlive/tex/generic/ifxetex/ifxetex.sty)
(/usr/share/texmf-texlive/tex/latex/oberdiek/hycolor.sty
(/usr/share/texmf-texlive/tex/latex/oberdiek/xcolor-patch.sty))
(/usr/share/texmf-texlive/tex/latex/hyperref/pd1enc.def)
(/usr/share/texmf-texlive/tex/generic/oberdiek/etexcmds.sty
(/usr/share/texmf-texlive/tex/generic/oberdiek/infwarerr.sty))
(/usr/share/texmf-texlive/tex/latex/latexconfig/hyperref.cfg)
(/usr/share/texmf-texlive/tex/latex/oberdiek/kvoptions.sty
(/usr/share/texmf-texlive/tex/generic/oberdiek/kvsetkeys.sty))
Implicit mode ON; LaTeX internals redefined
(/usr/share/texmf-texlive/tex/latex/ltxmisc/url.sty)
(/usr/share/texmf-texlive/tex/generic/oberdiek/bitset.sty
(/usr/share/texmf-texlive/tex/generic/oberdiek/intcalc.sty)
(/usr/share/texmf-texlive/tex/generic/oberdiek/bigintcalc.sty
(/usr/share/texmf-texlive/tex/generic/oberdiek/pdftexcmds.sty
(/usr/share/texmf-texlive/tex/generic/oberdiek/ifluatex.sty)
(/usr/share/texmf-texlive/tex/generic/oberdiek/ltxcmds.sty))))
(/usr/share/texmf-texlive/tex/generic/oberdiek/atbegshi.sty))
*hyperref using default driver hpdftex*
(/usr/share/texmf-texlive/tex/latex/hyperref/hpdftex.def)
(/usr/share/texmf-texlive/tex/latex/etex-pkg/etex.sty)))
(data/saetze-schmoeger.sty)
(/usr/share/texmf/tex/latex/pgf/frontendlayer/tikz.sty
(/usr/share/texmf/tex/latex/pgf/basiclayer/pgf.sty
(/usr/share/texmf/tex/latex/pgf/utilities/pgfrcs.sty
(/usr/share/texmf/tex/generic/pgf/utilities/pgfutil-common.tex)
(/usr/share/texmf/tex/generic/pgf/utilities/pgfutil-latex.def
(/usr/share/texmf-texlive/tex/latex/ms/everyshi.sty))
(/usr/share/texmf/tex/generic/pgf/utilities/pgfrcs.code.tex))
(/usr/share/texmf/tex/latex/pgf/basiclayer/pgfcore.sty
(/usr/share/texmf-texlive/tex/latex/graphics/graphicx.sty
(/usr/share/texmf-texlive/tex/latex/graphics/graphics.sty
(/usr/share/texmf-texlive/tex/latex/graphics/trig.sty)
(/etc/texmf/tex/latex/config/graphics.cfg)))
(/usr/share/texmf/tex/latex/pgf/systemlayer/pgfsys.sty
(/usr/share/texmf/tex/generic/pgf/systemlayer/pgfsys.code.tex
(/usr/share/texmf/tex/generic/pgf/utilities/pgfkeys.code.tex
(/usr/share/texmf/tex/generic/pgf/utilities/pgfkeysfiltered.code.tex))
(/usr/share/texmf/tex/generic/pgf/systemlayer/pgf.cfg)
(/usr/share/texmf/tex/generic/pgf/systemlayer/pgfsys-pdftex.def
(/usr/share/texmf/tex/generic/pgf/systemlayer/pgfsys-common-pdf.def)))
(/usr/share/texmf/tex/generic/pgf/systemlayer/pgfsyssoftpath.code.tex)
(/usr/share/texmf/tex/generic/pgf/systemlayer/pgfsysprotocol.code.tex))
(/usr/share/texmf/tex/generic/pgf/basiclayer/pgfcore.code.tex
(/usr/share/texmf/tex/generic/pgf/math/pgfmath.code.tex
(/usr/share/texmf/tex/generic/pgf/math/pgfmathcalc.code.tex
(/usr/share/texmf/tex/generic/pgf/math/pgfmathutil.code.tex)
(/usr/share/texmf/tex/generic/pgf/math/pgfmathparser.code.tex)
(/usr/share/texmf/tex/generic/pgf/math/pgfmathfunctions.code.tex
(/usr/share/texmf/tex/generic/pgf/math/pgfmathfunctions.basic.code.tex)
(/usr/share/texmf/tex/generic/pgf/math/pgfmathfunctions.trigonometric.code.tex)
(/usr/share/texmf/tex/generic/pgf/math/pgfmathfunctions.random.code.tex)
(/usr/share/texmf/tex/generic/pgf/math/pgfmathfunctions.comparison.code.tex)
(/usr/share/texmf/tex/generic/pgf/math/pgfmathfunctions.base.code.tex)
(/usr/share/texmf/tex/generic/pgf/math/pgfmathfunctions.round.code.tex)
(/usr/share/texmf/tex/generic/pgf/math/pgfmathfunctions.misc.code.tex)))
(/usr/share/texmf/tex/generic/pgf/math/pgfmathfloat.code.tex))
(/usr/share/texmf/tex/generic/pgf/basiclayer/pgfcorepoints.code.tex)
(/usr/share/texmf/tex/generic/pgf/basiclayer/pgfcorepathconstruct.code.tex)
(/usr/share/texmf/tex/generic/pgf/basiclayer/pgfcorepathusage.code.tex)
(/usr/share/texmf/tex/generic/pgf/basiclayer/pgfcorescopes.code.tex)
(/usr/share/texmf/tex/generic/pgf/basiclayer/pgfcoregraphicstate.code.tex)
(/usr/share/texmf/tex/generic/pgf/basiclayer/pgfcoretransformations.code.tex)
(/usr/share/texmf/tex/generic/pgf/basiclayer/pgfcorequick.code.tex)
(/usr/share/texmf/tex/generic/pgf/basiclayer/pgfcoreobjects.code.tex)
(/usr/share/texmf/tex/generic/pgf/basiclayer/pgfcorepathprocessing.code.tex)
(/usr/share/texmf/tex/generic/pgf/basiclayer/pgfcorearrows.code.tex)
(/usr/share/texmf/tex/generic/pgf/basiclayer/pgfcoreshade.code.tex)
(/usr/share/texmf/tex/generic/pgf/basiclayer/pgfcoreimage.code.tex
(/usr/share/texmf/tex/generic/pgf/basiclayer/pgfcoreexternal.code.tex))
(/usr/share/texmf/tex/generic/pgf/basiclayer/pgfcorelayers.code.tex)
(/usr/share/texmf/tex/generic/pgf/basiclayer/pgfcoretransparency.code.tex)
(/usr/share/texmf/tex/generic/pgf/basiclayer/pgfcorepatterns.code.tex)))
(/usr/share/texmf/tex/generic/pgf/modules/pgfmoduleshapes.code.tex)
(/usr/share/texmf/tex/generic/pgf/modules/pgfmoduleplot.code.tex)
(/usr/share/texmf/tex/latex/pgf/compatibility/pgfcomp-version-0-65.sty)
(/usr/share/texmf/tex/latex/pgf/compatibility/pgfcomp-version-1-18.sty))
(/usr/share/texmf/tex/latex/pgf/utilities/pgffor.sty
(/usr/share/texmf/tex/latex/pgf/utilities/pgfkeys.sty
(/usr/share/texmf/tex/generic/pgf/utilities/pgfkeys.code.tex))
(/usr/share/texmf/tex/generic/pgf/utilities/pgffor.code.tex))
(/usr/share/texmf/tex/generic/pgf/frontendlayer/tikz/tikz.code.tex
(/usr/share/texmf/tex/generic/pgf/libraries/pgflibraryplothandlers.code.tex)
(/usr/share/texmf/tex/generic/pgf/modules/pgfmodulematrix.code.tex)
(/usr/share/texmf/tex/generic/pgf/frontendlayer/tikz/libraries/tikzlibrarytopat
hs.code.tex))) (/usr/share/texmf-texlive/tex/latex/wrapfig/wrapfig.sty)
Writing index file Ana1.idx
No file Ana1.aux.
(/usr/share/texmf-texlive/tex/context/base/supp-pdf.mkii
[Loading MPS to PDF converter (version 2006.09.02).]
) (/usr/share/texmf-texlive/tex/latex/hyperref/nameref.sty
(/usr/share/texmf-texlive/tex/latex/oberdiek/refcount.sty))
ABD: EveryShipout initializing macros
(/usr/share/texmf-texlive/tex/latex/base/t1cmss.fd)
(/usr/share/texmf-texlive/tex/latex/amsfonts/umsa.fd)
(/usr/share/texmf-texlive/tex/latex/amsfonts/umsb.fd)
(/usr/share/texmf-texlive/tex/latex/stmaryrd/Ustmry.fd)
(/usr/share/texmf-texlive/tex/latex/wasysym/uwasy.fd)
(/usr/share/texmf-texlive/tex/latex/jknapltx/ursfs.fd)
(/usr/share/texmf-texlive/tex/latex/base/t1cmtt.fd) [1
Non-PDF special ignored!
Non-PDF special ignored!
Non-PDF special ignored!{/var/lib/texmf/fonts/map/pdftex/updmap/pdftex.map}]
[2]

Package hyperref Warning: No destination for bookmark of \addcontentsline,
(hyperref)                destination is added on input line 28.

[3] [4]
Kapitel I.
[5] [6]
Kapitel II.
(/usr/share/texmf-texlive/tex/latex/base/omscmr.fd) [7] [8]
\IeC {\textsection } 1.
[9]
Underfull \hbox (badness 10000) in paragraph at lines 165--167

[10]

LaTeX Font Warning: Font shape `U/stmry/b/n' undefined
(Font)              using `U/stmry/m/n' instead on input line 206.


LaTeX Font Warning: Font shape `U/wasy/b/n' in size <8> not available
(Font)              Font shape `U/wasy/m/n' tried instead on input line 206.


LaTeX Font Warning: Font shape `U/wasy/b/n' in size <6> not available
(Font)              Font shape `U/wasy/m/n' tried instead on input line 206.

[11] [12]
\IeC {\textsection } 2.
[13] [14] [15] [16]
\IeC {\textsection } 3.

Underfull \hbox (badness 10000) in paragraph at lines 344--345

[17] [18]
\IeC {\textsection } 4.

Underfull \vbox (badness 3780) has occurred while \output is active [19]
[20]
\IeC {\textsection } 5.
[21] [22]
\IeC {\textsection } 6.

Underfull \hbox (badness 10000) in paragraph at lines 525--526

[23] [24] [25] [26]
\IeC {\textsection } 7.
[27] [28] [29] [30]
\IeC {\textsection } 8.
[31] [32]
\IeC {\textsection } 9.
[33] [34] [35] [36]
\IeC {\textsection } 10.
[37] [38]
\IeC {\textsection } 11.
[39] [40] [41] [42]
\IeC {\textsection } 12.
[43] [44] [45] [46]
\IeC {\textsection } 13.
[47]
Overfull \hbox (23.94106pt too wide) in paragraph at lines 1295--1296
[]\T1/cmr/m/n/10.95 Sei $\OML/cmm/m/it/10.95 n \OMS/cmsy/m/n/10.95 2 \U/msb/m/n
/10.95 N$ \T1/cmr/m/n/10.95 und $\OML/cmm/m/it/10.95 j \OT1/cmr/m/n/10.95 := []
\OMS/cmsy/m/n/10.95 f\OML/cmm/m/it/10.95 ^^^\OT1/cmr/m/n/10.95 (1)\OML/cmm/m/it
/10.95 ; ^^^\OT1/cmr/m/n/10.95 (2)\OML/cmm/m/it/10.95 ; [] ; ^^^\OT1/cmr/m/n/10
.95 (\OML/cmm/m/it/10.95 n\OT1/cmr/m/n/10.95 )\OMS/cmsy/m/n/10.95 g$\T1/cmr/m/n
/10.95 . Dann: $\OMS/cmsy/m/n/10.95 f\OML/cmm/m/it/10.95 ^^^\OT1/cmr/m/n/10.95 
(1)\OML/cmm/m/it/10.95 ; ^^^\OT1/cmr/m/n/10.95 (2)\OML/cmm/m/it/10.95 ; [] ; ^^
^\OT1/cmr/m/n/10.95 (\OML/cmm/m/it/10.95 n\OT1/cmr/m/n/10.95 )\OMS/cmsy/m/n/10.
95 g ^^R f\OT1/cmr/m/n/10.95 1\OML/cmm/m/it/10.95 ; \OT1/cmr/m/n/10.95 2\OML/cm
m/m/it/10.95 ; [] ; j\OMS/cmsy/m/n/10.95 g  \OT1/cmr/m/n/10.95 =[]\OMS/cmsy/m/n
/10.95 )
[48]
Underfull \hbox (badness 1762) in paragraph at lines 1431--1432
[]$\OML/cmm/m/it/10.95 E\OT1/cmr/m/n/10.95 (\OML/cmm/m/it/10.95 x \OT1/cmr/m/n/
10.95 + \OML/cmm/m/it/10.95 y\OT1/cmr/m/n/10.95 ) = \OML/cmm/m/it/10.95 E\OT1/c
mr/m/n/10.95 (\OML/cmm/m/it/10.95 x\OT1/cmr/m/n/10.95 )\OML/cmm/m/it/10.95 E\OT
1/cmr/m/n/10.95 (\OML/cmm/m/it/10.95 y\OT1/cmr/m/n/10.95 ) \OMS/cmsy/m/n/10.95 
8\OML/cmm/m/it/10.95 x; y \OMS/cmsy/m/n/10.95 2 \U/msb/m/n/10.95 R$\T1/cmr/m/n/
10.95 ; all-ge-mein: $\OML/cmm/m/it/10.95 E\OT1/cmr/m/n/10.95 (\OML/cmm/m/it/10
.95 x[] \OT1/cmr/m/n/10.95 + \OML/cmm/m/it/10.95 x[] \OT1/cmr/m/n/10.95 + [] + 
\OML/cmm/m/it/10.95 x[]\OT1/cmr/m/n/10.95 ) =
[49] [50] [51] [52]
\IeC {\textsection } 14.
[53] [54]
\IeC {\textsection } 15.

Package hyperref Warning: Token not allowed in a PDF string (PDFDocEncoding):
(hyperref)                removing `math shift' on input line 1573.


Package hyperref Warning: Token not allowed in a PDF string (PDFDocEncoding):
(hyperref)                removing `math shift' on input line 1573.

[55] [56] [57] [58]
\IeC {\textsection } 16.
[59] [60]
Underfull \hbox (badness 10000) in paragraph at lines 1747--1749

[61] [62]
\IeC {\textsection } 17.
[63] [64]
\IeC {\textsection } 18.
[65] [66] [67] [68]
\IeC {\textsection } 19.
[69] [70] [71] [72]
\IeC {\textsection } 20.
[73] [74]
\IeC {\textsection } 21.
[75]
Overfull \hbox (0.58354pt too wide) in paragraph at lines 2175--2178
\T1/cmr/m/n/10.95 Es gilt: $\OML/cmm/m/it/10.95 x \OT1/cmr/m/n/10.95 = \OML/cmm
/m/it/10.95 f\OT1/cmr/m/n/10.95 (\OML/cmm/m/it/10.95 f[]\OT1/cmr/m/n/10.95 (\OM
L/cmm/m/it/10.95 x\OT1/cmr/m/n/10.95 ))(\OMS/cmsy/m/n/10.95 ^^C\OT1/cmr/m/n/10.
95 ) \OMS/cmsy/m/n/10.95 8\OML/cmm/m/it/10.95 x \OMS/cmsy/m/n/10.95 ^^U \OT1/cm
r/m/n/10.95 0$ \T1/cmr/m/n/10.95 An-nah-me: $\OML/cmm/m/it/10.95 f[]$ \T1/cmr/m
/n/10.95 ist dif-fe-ren-zier-bar in $\OML/cmm/m/it/10.95 x[] \OT1/cmr/m/n/10.95
 = 0  []
[76] [77] [78] [79] [80] [81] [82]
\IeC {\textsection } 22.
[83] [84] [85] [86]
\IeC {\textsection } 23.
(/usr/share/texmf-texlive/tex/latex/amsfonts/ueuf.fd) [87]
Overfull \hbox (26.57596pt too wide) detected at line 2633
\OML/cmm/m/it/10.95 m[] \OT1/cmr/m/n/10.95 = \OML/cmm/m/it/10.95 f\OT1/cmr/m/n/
10.95 (\OML/cmm/m/it/10.95 x[]\OT1/cmr/m/n/10.95 ) = (\OML/cmm/m/it/10.95 j \OM
S/cmsy/m/n/10.95 ^^@ \OT1/cmr/m/n/10.95 1)[]\OML/cmm/m/it/10.95 : s[]\OT1/cmr/m
/n/10.95 (\OML/cmm/m/it/10.95 Z\OT1/cmr/m/n/10.95 ) = [](\OML/cmm/m/it/10.95 j 
\OMS/cmsy/m/n/10.95 ^^@ \OT1/cmr/m/n/10.95 1)[] = [](0 + 1 + [] + (\OML/cmm/m/i
t/10.95 n \OMS/cmsy/m/n/10.95 ^^@ \OT1/cmr/m/n/10.95 1)) = [][] = []
[88]
Underfull \hbox (badness 10000) in paragraph at lines 2673--2674

[89] [90] [91] [92]
Underfull \hbox (badness 10000) in paragraph at lines 2812--2814


Underfull \vbox (badness 1371) has occurred while \output is active [93]
[94]
Overfull \hbox (38.1373pt too wide) in paragraph at lines 2865--2866
[]\T1/cmr/m/n/10.95 Sei $\OML/cmm/m/it/10.95 " > \OT1/cmr/m/n/10.95 0\OML/cmm/m
/it/10.95 :$ \T1/cmr/m/n/10.95 Nach Vor-aus-set-zung gibt es ein $\OML/cmm/m/it
/10.95 Z \OMS/cmsy/m/n/10.95 2 \U/euf/m/n/10.95 Z$ \T1/cmr/m/n/10.95 so, dass (
$\OMS/cmsy/m/n/10.95 ^^C$\T1/cmr/m/n/10.95 ) gilt. Sei $\OML/cmm/m/it/10.95 Z \
OT1/cmr/m/n/10.95 := \OMS/cmsy/m/n/10.95 f\OML/cmm/m/it/10.95 x[]; [] ; x[]\OMS
/cmsy/m/n/10.95 g\OML/cmm/m/it/10.95 ;  m[];  M[];  I[]$
[95] [96]
Overfull \hbox (5.45587pt too wide) in paragraph at lines 2935--2936
[]$[] [][] \OML/cmm/m/it/10.95 x[]x \OT1/cmr/m/n/10.95 = [] [] [] []\OML/cmm/m/
it/10.95 x \OT1/cmr/m/n/10.95 = \OMS/cmsy/m/n/10.95 ^^@ [] \OML/cmm/m/it/10.95 
x [] x \OMS/cmsy/m/n/10.95 ^^@ [] [] \OT1/cmr/m/n/10.95 = \OMS/cmsy/m/n/10.95 ^
^@ [] \OML/cmm/m/it/10.95 x [] x \OT1/cmr/m/n/10.95 + [](1 \OMS/cmsy/m/n/10.95 
^^@ [][] \OML/cmm/m/it/10.95 x\OT1/cmr/m/n/10.95 )[]\OML/cmm/m/it/10.95 x \OT1/
cmr/m/n/10.95 =
[97]
Overfull \hbox (14.73404pt too wide) in paragraph at lines 2963--2964
[][] [][]\OML/cmm/m/it/10.95 x \OT1/cmr/m/n/10.95 = [][] [] [] \OML/cmm/m/it/10
.95 t[]t \OT1/cmr/m/n/10.95 = [][] \OMS/cmsy/m/n/10.95 j [] \OML/cmm/m/it/10.95
 t\OMS/cmsy/m/n/10.95 j [] \OML/cmm/m/it/10.95 t[]t \OT1/cmr/m/n/10.95 = [][] [
][] \OML/cmm/m/it/10.95 t[]t \OT1/cmr/m/n/10.95 = [][](1 \OMS/cmsy/m/n/10.95 ^^
@ [][] \OML/cmm/m/it/10.95 t\OT1/cmr/m/n/10.95 )[]\OML/cmm/m/it/10.95 t \OT1/cm
r/m/n/10.95 =
[98] [99] [100] [101] [102]
\IeC {\textsection } 24.
[103] [104]
\IeC {\textsection } 25.
[105] [106]
\IeC {\textsection } 26.

Overfull \hbox (17.28838pt too wide) in paragraph at lines 3263--3264
[]$\OML/cmm/m/it/10.95 f$ \T1/cmr/m/n/10.95 heiÿt []\T1/cmr/bx/n/10.95 Riemann-
Stieltjes-integrierbar \T1/cmr/m/n/10.95 bzgl. $\OML/cmm/m/it/10.95 g$ \T1/cmr/
m/n/10.95 über $\OT1/cmr/m/n/10.95 [\OML/cmm/m/it/10.95 a; b\OT1/cmr/m/n/10.95 
] : \OMS/cmsy/m/n/10.95 ([])  9\OML/cmm/m/it/10.95 S \OMS/cmsy/m/n/10.95 2 \U/m
sb/m/n/10.95 R \OT1/cmr/m/n/10.95 : \OML/cmm/m/it/10.95 ^^[[]\OT1/cmr/m/n/10.95
 (\OML/cmm/m/it/10.95 Z[]; ^^X[]; g\OT1/cmr/m/n/10.95 ) \OMS/cmsy/m/n/10.95 !
[107] [108]
Overfull \hbox (4.5395pt too wide) in paragraph at lines 3353--3354
[]\T1/cmr/m/n/10.95 Sei $\OML/cmm/m/it/10.95 Z \OT1/cmr/m/n/10.95 = \OMS/cmsy/m
/n/10.95 f\OML/cmm/m/it/10.95 x[]; [] ; x[]\OMS/cmsy/m/n/10.95 g 2 \U/euf/m/n/1
0.95 Z\OML/cmm/m/it/10.95 : m[]; M[]; I[]$ \T1/cmr/m/n/10.95 sei-en wie im-mer,
 $\OML/cmm/m/it/10.95 d[] \OT1/cmr/m/n/10.95 := \OML/cmm/m/it/10.95 g\OT1/cmr/m
/n/10.95 (\OML/cmm/m/it/10.95 x[]\OT1/cmr/m/n/10.95 ) \OMS/cmsy/m/n/10.95 ^^@ \
OML/cmm/m/it/10.95 g\OT1/cmr/m/n/10.95 (\OML/cmm/m/it/10.95 x[]\OT1/cmr/m/n/10.
95 ) (\OML/cmm/m/it/10.95 j \OT1/cmr/m/n/10.95 = 1\OML/cmm/m/it/10.95 ; [] ; n\
OT1/cmr/m/n/10.95 )\OML/cmm/m/it/10.95 : s\OT1/cmr/m/n/10.95 (\OML/cmm/m/it/10.
95 Z\OT1/cmr/m/n/10.95 ) =
[109] [110]
Anhang A.
** Generating table of satz,wichtigedefinition
No file Ana1.thm.
No file Ana1.ind.
[111] [112]
Anhang B.

Underfull \hbox (badness 10000) in paragraph at lines 3391--3419

[113] (./Ana1.aux)

LaTeX Font Warning: Some font shapes were not available, defaults substituted.

 )
(see the transcript file for additional information){/usr/share/texmf/fonts/enc
/dvips/cm-super/cm-super-t1.enc}</usr/share/texmf-texlive/fonts/type1/public/am
sfonts/cm/cmbsy10.pfb></usr/share/texmf-texlive/fonts/type1/public/amsfonts/cm/
cmbx10.pfb></usr/share/texmf-texlive/fonts/type1/public/amsfonts/cm/cmex10.pfb>
</usr/share/texmf-texlive/fonts/type1/public/amsfonts/cmextra/cmex8.pfb></usr/s
hare/texmf-texlive/fonts/type1/public/amsfonts/cm/cmmi10.pfb></usr/share/texmf-
texlive/fonts/type1/public/amsfonts/cm/cmmi12.pfb></usr/share/texmf-texlive/fon
ts/type1/public/amsfonts/cm/cmmi6.pfb></usr/share/texmf-texlive/fonts/type1/pub
lic/amsfonts/cm/cmmi8.pfb></usr/share/texmf-texlive/fonts/type1/public/amsfonts
/cm/cmmib10.pfb></usr/share/texmf-texlive/fonts/type1/public/amsfonts/cmextra/c
mmib6.pfb></usr/share/texmf-texlive/fonts/type1/public/amsfonts/cmextra/cmmib8.
pfb></usr/share/texmf-texlive/fonts/type1/public/amsfonts/cm/cmr10.pfb></usr/sh
are/texmf-texlive/fonts/type1/public/amsfonts/cm/cmr6.pfb></usr/share/texmf-tex
live/fonts/type1/public/amsfonts/cm/cmr8.pfb></usr/share/texmf-texlive/fonts/ty
pe1/public/amsfonts/cm/cmsy10.pfb></usr/share/texmf-texlive/fonts/type1/public/
amsfonts/cm/cmsy6.pfb></usr/share/texmf-texlive/fonts/type1/public/amsfonts/cm/
cmsy8.pfb></usr/share/texmf-texlive/fonts/type1/public/amsfonts/euler/eufm10.pf
b></usr/share/texmf-texlive/fonts/type1/public/amsfonts/symbols/msam10.pfb></us
r/share/texmf-texlive/fonts/type1/public/amsfonts/symbols/msbm10.pfb></usr/shar
e/texmf-texlive/fonts/type1/public/rsfs/rsfs10.pfb></usr/share/texmf/fonts/type
1/public/cm-super/sfbi1095.pfb></usr/share/texmf/fonts/type1/public/cm-super/sf
bx1095.pfb></usr/share/texmf/fonts/type1/public/cm-super/sfrm0600.pfb></usr/sha
re/texmf/fonts/type1/public/cm-super/sfrm0800.pfb></usr/share/texmf/fonts/type1
/public/cm-super/sfrm1095.pfb></usr/share/texmf/fonts/type1/public/cm-super/sfr
m1440.pfb></usr/share/texmf/fonts/type1/public/cm-super/sfsl1095.pfb></usr/shar
e/texmf/fonts/type1/public/cm-super/sfsx1095.pfb></usr/share/texmf/fonts/type1/
public/cm-super/sfsx1440.pfb></usr/share/texmf/fonts/type1/public/cm-super/sfsx
2074.pfb></usr/share/texmf/fonts/type1/public/cm-super/sfti1095.pfb></usr/share
/texmf/fonts/type1/public/cm-super/sftt1095.pfb></usr/share/texmf/fonts/type1/p
ublic/cm-super/sftt1440.pfb>
Output written on Ana1.pdf (113 pages, 1086949 bytes).
Transcript written on Ana1.log.
Result: ExitSuccess

Running /usr/bin/makeindex Ana1.idx in an env with 4 entries:
This is makeindex, version 2.15 [TeX Live 2009] (kpathsea + Thai support).
Scanning input file Ana1.idx....done (146 entries accepted, 0 rejected).
Sorting entries....done (1091 comparisons).
Generating output file Ana1.ind....done (210 lines written, 0 warnings).
Output written in Ana1.ind.
Transcript written in Ana1.ilg.
Result: ExitSuccess

Running /usr/bin/pdflatex Ana1.tex in an env with 4 entries:
This is pdfTeX, Version 3.1415926-1.40.10 (TeX Live 2009/Debian)
entering extended mode
(data/Ana1.tex
LaTeX2e <2009/09/24>
Babel <v3.8l> and hyphenation patterns for english, usenglishmax, dumylang, noh
yphenation, farsi, arabic, croatian, bulgarian, ukrainian, russian, czech, slov
ak, danish, dutch, finnish, french, basque, ngerman, german, german-x-2009-06-1
9, ngerman-x-2009-06-19, ibycus, monogreek, greek, ancientgreek, hungarian, san
skrit, italian, latin, latvian, lithuanian, mongolian2a, mongolian, bokmal, nyn
orsk, romanian, irish, coptic, serbian, turkish, welsh, esperanto, uppersorbian
, estonian, indonesian, interlingua, icelandic, kurmanji, slovenian, polish, po
rtuguese, spanish, galician, catalan, swedish, ukenglish, loaded.
(/usr/share/texmf-texlive/tex/latex/koma-script/scrbook.cls
Document Class: scrbook 2009/07/24 v3.04a KOMA-Script document class (book)
(/usr/share/texmf-texlive/tex/latex/koma-script/scrkbase.sty
(/usr/share/texmf-texlive/tex/latex/koma-script/scrbase.sty
(/usr/share/texmf-texlive/tex/latex/graphics/keyval.sty)
(/usr/share/texmf-texlive/tex/latex/koma-script/scrlfile.sty
Package scrlfile, 2009/03/25 v3.03 KOMA-Script package (loading files)
                  Copyright (C) Markus Kohm

))) (/usr/share/texmf-texlive/tex/latex/koma-script/tocbasic.sty)
(/usr/share/texmf-texlive/tex/latex/koma-script/scrsize11pt.clo)
(/usr/share/texmf-texlive/tex/latex/koma-script/typearea.sty
Package typearea, 2009/07/24 v3.04a KOMA-Script package (type area)
                  Copyright (C) Frank Neukam, 1992-1994
                  Copyright (C) Markus Kohm, 1994-

)) (data/ana.sty (data/mathe.sty (data/latexki.sty)
(/usr/share/texmf-texlive/tex/latex/base/inputenc.sty
(/usr/share/texmf-texlive/tex/latex/base/utf8.def
(/usr/share/texmf-texlive/tex/latex/base/t1enc.dfu)
(/usr/share/texmf-texlive/tex/latex/base/ot1enc.dfu)
(/usr/share/texmf-texlive/tex/latex/base/omsenc.dfu)))
(/usr/share/texmf-texlive/tex/generic/babel/babel.sty
(/usr/share/texmf-texlive/tex/generic/babel/ngermanb.ldf
(/usr/share/texmf-texlive/tex/generic/babel/babel.def)))
(/usr/share/texmf-texlive/tex/latex/base/fontenc.sty
(/usr/share/texmf-texlive/tex/latex/base/t1enc.def))
(/usr/share/texmf-texlive/tex/latex/amsfonts/amsfonts.sty)
(/usr/share/texmf-texlive/tex/latex/amsfonts/amssymb.sty)
(/usr/share/texmf-texlive/tex/latex/amsmath/amsmath.sty
For additional information on amsmath, use the `?' option.
(/usr/share/texmf-texlive/tex/latex/amsmath/amstext.sty
(/usr/share/texmf-texlive/tex/latex/amsmath/amsgen.sty))
(/usr/share/texmf-texlive/tex/latex/amsmath/amsbsy.sty)
(/usr/share/texmf-texlive/tex/latex/amsmath/amsopn.sty))
(/usr/share/texmf-texlive/tex/latex/stmaryrd/stmaryrd.sty)
(/usr/share/texmf-texlive/tex/latex/tools/verbatim.sty)
(/usr/share/texmf-texlive/tex/latex/base/ifthen.sty)
(/usr/share/texmf-texlive/tex/latex/ntheorem/ntheorem.sty
Style `ntheorem', Version 1.25 <2005/07/07>
) (/usr/share/texmf-texlive/tex/latex/ltxmisc/framed.sty)
(/usr/share/texmf-texlive/tex/latex/pstricks/pstricks.sty
(/usr/share/texmf-texlive/tex/generic/pstricks/pstricks.tex
`PSTricks' v1.29  <2009/05/19> (tvz)
(/usr/share/texmf-texlive/tex/generic/pstricks/pstricks.con))
(/usr/share/texmf/tex/latex/xcolor/xcolor.sty
(/etc/texmf/tex/latex/config/color.cfg)
(/usr/share/texmf-texlive/tex/latex/pdftex-def/pdftex.def)))
(/usr/share/texmf-texlive/tex/latex/carlisle/slashed.sty)
(/usr/share/texmf-texlive/tex/latex/base/makeidx.sty)
(/usr/share/texmf-texlive/tex/latex/wasysym/wasysym.sty)
(/usr/share/texmf-texlive/tex/latex/jknapltx/mathrsfs.sty)
(/usr/share/texmf-texlive/tex/latex/mh/mathtools.sty
(/usr/share/texmf-texlive/tex/latex/tools/calc.sty)
(/usr/share/texmf-texlive/tex/latex/mh/mhsetup.sty))
(/usr/share/texmf-texlive/tex/latex/doublestroke/dsfont.sty)
(/usr/share/texmf-texlive/tex/latex/hyperref/hyperref.sty
(/usr/share/texmf-texlive/tex/generic/oberdiek/ifpdf.sty)
(/usr/share/texmf-texlive/tex/generic/oberdiek/ifvtex.sty)
(/usr/share/texmf-texlive/tex/generic/ifxetex/ifxetex.sty)
(/usr/share/texmf-texlive/tex/latex/oberdiek/hycolor.sty
(/usr/share/texmf-texlive/tex/latex/oberdiek/xcolor-patch.sty))
(/usr/share/texmf-texlive/tex/latex/hyperref/pd1enc.def)
(/usr/share/texmf-texlive/tex/generic/oberdiek/etexcmds.sty
(/usr/share/texmf-texlive/tex/generic/oberdiek/infwarerr.sty))
(/usr/share/texmf-texlive/tex/latex/latexconfig/hyperref.cfg)
(/usr/share/texmf-texlive/tex/latex/oberdiek/kvoptions.sty
(/usr/share/texmf-texlive/tex/generic/oberdiek/kvsetkeys.sty))
Implicit mode ON; LaTeX internals redefined
(/usr/share/texmf-texlive/tex/latex/ltxmisc/url.sty)
(/usr/share/texmf-texlive/tex/generic/oberdiek/bitset.sty
(/usr/share/texmf-texlive/tex/generic/oberdiek/intcalc.sty)
(/usr/share/texmf-texlive/tex/generic/oberdiek/bigintcalc.sty
(/usr/share/texmf-texlive/tex/generic/oberdiek/pdftexcmds.sty
(/usr/share/texmf-texlive/tex/generic/oberdiek/ifluatex.sty)
(/usr/share/texmf-texlive/tex/generic/oberdiek/ltxcmds.sty))))
(/usr/share/texmf-texlive/tex/generic/oberdiek/atbegshi.sty))
*hyperref using default driver hpdftex*
(/usr/share/texmf-texlive/tex/latex/hyperref/hpdftex.def)
(/usr/share/texmf-texlive/tex/latex/etex-pkg/etex.sty)))
(data/saetze-schmoeger.sty)
(/usr/share/texmf/tex/latex/pgf/frontendlayer/tikz.sty
(/usr/share/texmf/tex/latex/pgf/basiclayer/pgf.sty
(/usr/share/texmf/tex/latex/pgf/utilities/pgfrcs.sty
(/usr/share/texmf/tex/generic/pgf/utilities/pgfutil-common.tex)
(/usr/share/texmf/tex/generic/pgf/utilities/pgfutil-latex.def
(/usr/share/texmf-texlive/tex/latex/ms/everyshi.sty))
(/usr/share/texmf/tex/generic/pgf/utilities/pgfrcs.code.tex))
(/usr/share/texmf/tex/latex/pgf/basiclayer/pgfcore.sty
(/usr/share/texmf-texlive/tex/latex/graphics/graphicx.sty
(/usr/share/texmf-texlive/tex/latex/graphics/graphics.sty
(/usr/share/texmf-texlive/tex/latex/graphics/trig.sty)
(/etc/texmf/tex/latex/config/graphics.cfg)))
(/usr/share/texmf/tex/latex/pgf/systemlayer/pgfsys.sty
(/usr/share/texmf/tex/generic/pgf/systemlayer/pgfsys.code.tex
(/usr/share/texmf/tex/generic/pgf/utilities/pgfkeys.code.tex
(/usr/share/texmf/tex/generic/pgf/utilities/pgfkeysfiltered.code.tex))
(/usr/share/texmf/tex/generic/pgf/systemlayer/pgf.cfg)
(/usr/share/texmf/tex/generic/pgf/systemlayer/pgfsys-pdftex.def
(/usr/share/texmf/tex/generic/pgf/systemlayer/pgfsys-common-pdf.def)))
(/usr/share/texmf/tex/generic/pgf/systemlayer/pgfsyssoftpath.code.tex)
(/usr/share/texmf/tex/generic/pgf/systemlayer/pgfsysprotocol.code.tex))
(/usr/share/texmf/tex/generic/pgf/basiclayer/pgfcore.code.tex
(/usr/share/texmf/tex/generic/pgf/math/pgfmath.code.tex
(/usr/share/texmf/tex/generic/pgf/math/pgfmathcalc.code.tex
(/usr/share/texmf/tex/generic/pgf/math/pgfmathutil.code.tex)
(/usr/share/texmf/tex/generic/pgf/math/pgfmathparser.code.tex)
(/usr/share/texmf/tex/generic/pgf/math/pgfmathfunctions.code.tex
(/usr/share/texmf/tex/generic/pgf/math/pgfmathfunctions.basic.code.tex)
(/usr/share/texmf/tex/generic/pgf/math/pgfmathfunctions.trigonometric.code.tex)
(/usr/share/texmf/tex/generic/pgf/math/pgfmathfunctions.random.code.tex)
(/usr/share/texmf/tex/generic/pgf/math/pgfmathfunctions.comparison.code.tex)
(/usr/share/texmf/tex/generic/pgf/math/pgfmathfunctions.base.code.tex)
(/usr/share/texmf/tex/generic/pgf/math/pgfmathfunctions.round.code.tex)
(/usr/share/texmf/tex/generic/pgf/math/pgfmathfunctions.misc.code.tex)))
(/usr/share/texmf/tex/generic/pgf/math/pgfmathfloat.code.tex))
(/usr/share/texmf/tex/generic/pgf/basiclayer/pgfcorepoints.code.tex)
(/usr/share/texmf/tex/generic/pgf/basiclayer/pgfcorepathconstruct.code.tex)
(/usr/share/texmf/tex/generic/pgf/basiclayer/pgfcorepathusage.code.tex)
(/usr/share/texmf/tex/generic/pgf/basiclayer/pgfcorescopes.code.tex)
(/usr/share/texmf/tex/generic/pgf/basiclayer/pgfcoregraphicstate.code.tex)
(/usr/share/texmf/tex/generic/pgf/basiclayer/pgfcoretransformations.code.tex)
(/usr/share/texmf/tex/generic/pgf/basiclayer/pgfcorequick.code.tex)
(/usr/share/texmf/tex/generic/pgf/basiclayer/pgfcoreobjects.code.tex)
(/usr/share/texmf/tex/generic/pgf/basiclayer/pgfcorepathprocessing.code.tex)
(/usr/share/texmf/tex/generic/pgf/basiclayer/pgfcorearrows.code.tex)
(/usr/share/texmf/tex/generic/pgf/basiclayer/pgfcoreshade.code.tex)
(/usr/share/texmf/tex/generic/pgf/basiclayer/pgfcoreimage.code.tex
(/usr/share/texmf/tex/generic/pgf/basiclayer/pgfcoreexternal.code.tex))
(/usr/share/texmf/tex/generic/pgf/basiclayer/pgfcorelayers.code.tex)
(/usr/share/texmf/tex/generic/pgf/basiclayer/pgfcoretransparency.code.tex)
(/usr/share/texmf/tex/generic/pgf/basiclayer/pgfcorepatterns.code.tex)))
(/usr/share/texmf/tex/generic/pgf/modules/pgfmoduleshapes.code.tex)
(/usr/share/texmf/tex/generic/pgf/modules/pgfmoduleplot.code.tex)
(/usr/share/texmf/tex/latex/pgf/compatibility/pgfcomp-version-0-65.sty)
(/usr/share/texmf/tex/latex/pgf/compatibility/pgfcomp-version-1-18.sty))
(/usr/share/texmf/tex/latex/pgf/utilities/pgffor.sty
(/usr/share/texmf/tex/latex/pgf/utilities/pgfkeys.sty
(/usr/share/texmf/tex/generic/pgf/utilities/pgfkeys.code.tex))
(/usr/share/texmf/tex/generic/pgf/utilities/pgffor.code.tex))
(/usr/share/texmf/tex/generic/pgf/frontendlayer/tikz/tikz.code.tex
(/usr/share/texmf/tex/generic/pgf/libraries/pgflibraryplothandlers.code.tex)
(/usr/share/texmf/tex/generic/pgf/modules/pgfmodulematrix.code.tex)
(/usr/share/texmf/tex/generic/pgf/frontendlayer/tikz/libraries/tikzlibrarytopat
hs.code.tex))) (/usr/share/texmf-texlive/tex/latex/wrapfig/wrapfig.sty)
Writing index file Ana1.idx
(./Ana1.aux) (/usr/share/texmf-texlive/tex/context/base/supp-pdf.mkii
[Loading MPS to PDF converter (version 2006.09.02).]
) (/usr/share/texmf-texlive/tex/latex/hyperref/nameref.sty
(/usr/share/texmf-texlive/tex/latex/oberdiek/refcount.sty)) (./Ana1.out)
(./Ana1.out) ABD: EveryShipout initializing macros
(/usr/share/texmf-texlive/tex/latex/base/t1cmss.fd)
(/usr/share/texmf-texlive/tex/latex/amsfonts/umsa.fd)
(/usr/share/texmf-texlive/tex/latex/amsfonts/umsb.fd)
(/usr/share/texmf-texlive/tex/latex/stmaryrd/Ustmry.fd)
(/usr/share/texmf-texlive/tex/latex/wasysym/uwasy.fd)
(/usr/share/texmf-texlive/tex/latex/jknapltx/ursfs.fd)
(/usr/share/texmf-texlive/tex/latex/base/t1cmtt.fd) [1
Non-PDF special ignored!
Non-PDF special ignored!
Non-PDF special ignored!{/var/lib/texmf/fonts/map/pdftex/updmap/pdftex.map}]
[2]

Package hyperref Warning: No destination for bookmark of \addcontentsline,
(hyperref)                destination is added on input line 28.

(./Ana1.toc [3]) [4]
Kapitel I.
[5] [6]
Kapitel II.
(/usr/share/texmf-texlive/tex/latex/base/omscmr.fd) [7] [8]
\IeC {\textsection } 1.
[9]
Underfull \hbox (badness 10000) in paragraph at lines 165--167

[10]

LaTeX Font Warning: Font shape `U/stmry/b/n' undefined
(Font)              using `U/stmry/m/n' instead on input line 206.


LaTeX Font Warning: Font shape `U/wasy/b/n' in size <8> not available
(Font)              Font shape `U/wasy/m/n' tried instead on input line 206.


LaTeX Font Warning: Font shape `U/wasy/b/n' in size <6> not available
(Font)              Font shape `U/wasy/m/n' tried instead on input line 206.

[11] [12]
\IeC {\textsection } 2.
[13] [14] [15] [16]
\IeC {\textsection } 3.

Underfull \hbox (badness 10000) in paragraph at lines 344--345

[17] [18]
\IeC {\textsection } 4.

Underfull \vbox (badness 3780) has occurred while \output is active [19]
[20]
\IeC {\textsection } 5.
[21] [22]
\IeC {\textsection } 6.

Underfull \hbox (badness 10000) in paragraph at lines 525--526

[23] [24] [25] [26]
\IeC {\textsection } 7.
[27] [28] [29] [30]
\IeC {\textsection } 8.
[31] [32]
\IeC {\textsection } 9.
[33] [34] [35] [36]
\IeC {\textsection } 10.
[37] [38]
\IeC {\textsection } 11.
[39] [40] [41] [42]
\IeC {\textsection } 12.
[43] [44] [45] [46]
\IeC {\textsection } 13.
[47]
Overfull \hbox (23.94106pt too wide) in paragraph at lines 1295--1296
[]\T1/cmr/m/n/10.95 Sei $\OML/cmm/m/it/10.95 n \OMS/cmsy/m/n/10.95 2 \U/msb/m/n
/10.95 N$ \T1/cmr/m/n/10.95 und $\OML/cmm/m/it/10.95 j \OT1/cmr/m/n/10.95 := []
\OMS/cmsy/m/n/10.95 f\OML/cmm/m/it/10.95 ^^^\OT1/cmr/m/n/10.95 (1)\OML/cmm/m/it
/10.95 ; ^^^\OT1/cmr/m/n/10.95 (2)\OML/cmm/m/it/10.95 ; [] ; ^^^\OT1/cmr/m/n/10
.95 (\OML/cmm/m/it/10.95 n\OT1/cmr/m/n/10.95 )\OMS/cmsy/m/n/10.95 g$\T1/cmr/m/n
/10.95 . Dann: $\OMS/cmsy/m/n/10.95 f\OML/cmm/m/it/10.95 ^^^\OT1/cmr/m/n/10.95 
(1)\OML/cmm/m/it/10.95 ; ^^^\OT1/cmr/m/n/10.95 (2)\OML/cmm/m/it/10.95 ; [] ; ^^
^\OT1/cmr/m/n/10.95 (\OML/cmm/m/it/10.95 n\OT1/cmr/m/n/10.95 )\OMS/cmsy/m/n/10.
95 g ^^R f\OT1/cmr/m/n/10.95 1\OML/cmm/m/it/10.95 ; \OT1/cmr/m/n/10.95 2\OML/cm
m/m/it/10.95 ; [] ; j\OMS/cmsy/m/n/10.95 g  \OT1/cmr/m/n/10.95 =[]\OMS/cmsy/m/n
/10.95 )
[48]
Underfull \hbox (badness 1762) in paragraph at lines 1431--1432
[]$\OML/cmm/m/it/10.95 E\OT1/cmr/m/n/10.95 (\OML/cmm/m/it/10.95 x \OT1/cmr/m/n/
10.95 + \OML/cmm/m/it/10.95 y\OT1/cmr/m/n/10.95 ) = \OML/cmm/m/it/10.95 E\OT1/c
mr/m/n/10.95 (\OML/cmm/m/it/10.95 x\OT1/cmr/m/n/10.95 )\OML/cmm/m/it/10.95 E\OT
1/cmr/m/n/10.95 (\OML/cmm/m/it/10.95 y\OT1/cmr/m/n/10.95 ) \OMS/cmsy/m/n/10.95 
8\OML/cmm/m/it/10.95 x; y \OMS/cmsy/m/n/10.95 2 \U/msb/m/n/10.95 R$\T1/cmr/m/n/
10.95 ; all-ge-mein: $\OML/cmm/m/it/10.95 E\OT1/cmr/m/n/10.95 (\OML/cmm/m/it/10
.95 x[] \OT1/cmr/m/n/10.95 + \OML/cmm/m/it/10.95 x[] \OT1/cmr/m/n/10.95 + [] + 
\OML/cmm/m/it/10.95 x[]\OT1/cmr/m/n/10.95 ) =
[49] [50] [51] [52]
\IeC {\textsection } 14.
[53] [54]
\IeC {\textsection } 15.

Package hyperref Warning: Token not allowed in a PDF string (PDFDocEncoding):
(hyperref)                removing `math shift' on input line 1573.


Package hyperref Warning: Token not allowed in a PDF string (PDFDocEncoding):
(hyperref)                removing `math shift' on input line 1573.

[55] [56] [57] [58]
\IeC {\textsection } 16.
[59] [60]
Underfull \hbox (badness 10000) in paragraph at lines 1747--1749

[61] [62]
\IeC {\textsection } 17.
[63] [64]
\IeC {\textsection } 18.
[65] [66] [67] [68]
\IeC {\textsection } 19.
[69] [70] [71] [72]
\IeC {\textsection } 20.
[73] [74]
\IeC {\textsection } 21.
[75]
Overfull \hbox (0.58354pt too wide) in paragraph at lines 2175--2178
\T1/cmr/m/n/10.95 Es gilt: $\OML/cmm/m/it/10.95 x \OT1/cmr/m/n/10.95 = \OML/cmm
/m/it/10.95 f\OT1/cmr/m/n/10.95 (\OML/cmm/m/it/10.95 f[]\OT1/cmr/m/n/10.95 (\OM
L/cmm/m/it/10.95 x\OT1/cmr/m/n/10.95 ))(\OMS/cmsy/m/n/10.95 ^^C\OT1/cmr/m/n/10.
95 ) \OMS/cmsy/m/n/10.95 8\OML/cmm/m/it/10.95 x \OMS/cmsy/m/n/10.95 ^^U \OT1/cm
r/m/n/10.95 0$ \T1/cmr/m/n/10.95 An-nah-me: $\OML/cmm/m/it/10.95 f[]$ \T1/cmr/m
/n/10.95 ist dif-fe-ren-zier-bar in $\OML/cmm/m/it/10.95 x[] \OT1/cmr/m/n/10.95
 = 0  []
[76] [77] [78] [79] [80] [81] [82]
\IeC {\textsection } 22.
[83] [84] [85] [86]
\IeC {\textsection } 23.
(/usr/share/texmf-texlive/tex/latex/amsfonts/ueuf.fd) [87]
Overfull \hbox (26.57596pt too wide) detected at line 2633
\OML/cmm/m/it/10.95 m[] \OT1/cmr/m/n/10.95 = \OML/cmm/m/it/10.95 f\OT1/cmr/m/n/
10.95 (\OML/cmm/m/it/10.95 x[]\OT1/cmr/m/n/10.95 ) = (\OML/cmm/m/it/10.95 j \OM
S/cmsy/m/n/10.95 ^^@ \OT1/cmr/m/n/10.95 1)[]\OML/cmm/m/it/10.95 : s[]\OT1/cmr/m
/n/10.95 (\OML/cmm/m/it/10.95 Z\OT1/cmr/m/n/10.95 ) = [](\OML/cmm/m/it/10.95 j 
\OMS/cmsy/m/n/10.95 ^^@ \OT1/cmr/m/n/10.95 1)[] = [](0 + 1 + [] + (\OML/cmm/m/i
t/10.95 n \OMS/cmsy/m/n/10.95 ^^@ \OT1/cmr/m/n/10.95 1)) = [][] = []
[88]
Underfull \hbox (badness 10000) in paragraph at lines 2673--2674

[89] [90] [91] [92]
Underfull \hbox (badness 10000) in paragraph at lines 2812--2814


Underfull \vbox (badness 1371) has occurred while \output is active [93]
[94]
Overfull \hbox (38.1373pt too wide) in paragraph at lines 2865--2866
[]\T1/cmr/m/n/10.95 Sei $\OML/cmm/m/it/10.95 " > \OT1/cmr/m/n/10.95 0\OML/cmm/m
/it/10.95 :$ \T1/cmr/m/n/10.95 Nach Vor-aus-set-zung gibt es ein $\OML/cmm/m/it
/10.95 Z \OMS/cmsy/m/n/10.95 2 \U/euf/m/n/10.95 Z$ \T1/cmr/m/n/10.95 so, dass (
$\OMS/cmsy/m/n/10.95 ^^C$\T1/cmr/m/n/10.95 ) gilt. Sei $\OML/cmm/m/it/10.95 Z \
OT1/cmr/m/n/10.95 := \OMS/cmsy/m/n/10.95 f\OML/cmm/m/it/10.95 x[]; [] ; x[]\OMS
/cmsy/m/n/10.95 g\OML/cmm/m/it/10.95 ;  m[];  M[];  I[]$
[95] [96]
Overfull \hbox (5.45587pt too wide) in paragraph at lines 2935--2936
[]$[] [][] \OML/cmm/m/it/10.95 x[]x \OT1/cmr/m/n/10.95 = [] [] [] []\OML/cmm/m/
it/10.95 x \OT1/cmr/m/n/10.95 = \OMS/cmsy/m/n/10.95 ^^@ [] \OML/cmm/m/it/10.95 
x [] x \OMS/cmsy/m/n/10.95 ^^@ [] [] \OT1/cmr/m/n/10.95 = \OMS/cmsy/m/n/10.95 ^
^@ [] \OML/cmm/m/it/10.95 x [] x \OT1/cmr/m/n/10.95 + [](1 \OMS/cmsy/m/n/10.95 
^^@ [][] \OML/cmm/m/it/10.95 x\OT1/cmr/m/n/10.95 )[]\OML/cmm/m/it/10.95 x \OT1/
cmr/m/n/10.95 =
[97]
Overfull \hbox (14.73404pt too wide) in paragraph at lines 2963--2964
[][] [][]\OML/cmm/m/it/10.95 x \OT1/cmr/m/n/10.95 = [][] [] [] \OML/cmm/m/it/10
.95 t[]t \OT1/cmr/m/n/10.95 = [][] \OMS/cmsy/m/n/10.95 j [] \OML/cmm/m/it/10.95
 t\OMS/cmsy/m/n/10.95 j [] \OML/cmm/m/it/10.95 t[]t \OT1/cmr/m/n/10.95 = [][] [
][] \OML/cmm/m/it/10.95 t[]t \OT1/cmr/m/n/10.95 = [][](1 \OMS/cmsy/m/n/10.95 ^^
@ [][] \OML/cmm/m/it/10.95 t\OT1/cmr/m/n/10.95 )[]\OML/cmm/m/it/10.95 t \OT1/cm
r/m/n/10.95 =
[98] [99] [100] [101] [102]
\IeC {\textsection } 24.
[103] [104]
\IeC {\textsection } 25.
[105] [106]
\IeC {\textsection } 26.

Overfull \hbox (17.28838pt too wide) in paragraph at lines 3263--3264
[]$\OML/cmm/m/it/10.95 f$ \T1/cmr/m/n/10.95 heiÿt []\T1/cmr/bx/n/10.95 Riemann-
Stieltjes-integrierbar \T1/cmr/m/n/10.95 bzgl. $\OML/cmm/m/it/10.95 g$ \T1/cmr/
m/n/10.95 über $\OT1/cmr/m/n/10.95 [\OML/cmm/m/it/10.95 a; b\OT1/cmr/m/n/10.95 
] : \OMS/cmsy/m/n/10.95 ([])  9\OML/cmm/m/it/10.95 S \OMS/cmsy/m/n/10.95 2 \U/m
sb/m/n/10.95 R \OT1/cmr/m/n/10.95 : \OML/cmm/m/it/10.95 ^^[[]\OT1/cmr/m/n/10.95
 (\OML/cmm/m/it/10.95 Z[]; ^^X[]; g\OT1/cmr/m/n/10.95 ) \OMS/cmsy/m/n/10.95 !
[107] [108]
Overfull \hbox (4.5395pt too wide) in paragraph at lines 3353--3354
[]\T1/cmr/m/n/10.95 Sei $\OML/cmm/m/it/10.95 Z \OT1/cmr/m/n/10.95 = \OMS/cmsy/m
/n/10.95 f\OML/cmm/m/it/10.95 x[]; [] ; x[]\OMS/cmsy/m/n/10.95 g 2 \U/euf/m/n/1
0.95 Z\OML/cmm/m/it/10.95 : m[]; M[]; I[]$ \T1/cmr/m/n/10.95 sei-en wie im-mer,
 $\OML/cmm/m/it/10.95 d[] \OT1/cmr/m/n/10.95 := \OML/cmm/m/it/10.95 g\OT1/cmr/m
/n/10.95 (\OML/cmm/m/it/10.95 x[]\OT1/cmr/m/n/10.95 ) \OMS/cmsy/m/n/10.95 ^^@ \
OML/cmm/m/it/10.95 g\OT1/cmr/m/n/10.95 (\OML/cmm/m/it/10.95 x[]\OT1/cmr/m/n/10.
95 ) (\OML/cmm/m/it/10.95 j \OT1/cmr/m/n/10.95 = 1\OML/cmm/m/it/10.95 ; [] ; n\
OT1/cmr/m/n/10.95 )\OML/cmm/m/it/10.95 : s\OT1/cmr/m/n/10.95 (\OML/cmm/m/it/10.
95 Z\OT1/cmr/m/n/10.95 ) =
[109] [110]
Anhang A.
** Generating table of satz,wichtigedefinition
(./Ana1.thm [111]
Underfull \vbox (badness 5771) has occurred while \output is active [112]
Overfull \hbox (2.7858pt too wide) detected at line 286
\T1/cmr/m/n/10.95 21.10. 

Overfull \hbox (2.7858pt too wide) detected at line 288
\T1/cmr/m/n/10.95 21.11. 

Overfull \hbox (2.7858pt too wide) detected at line 335
\T1/cmr/m/n/10.95 23.10. 

Overfull \hbox (2.7858pt too wide) detected at line 337
\T1/cmr/m/n/10.95 23.11. 

Overfull \hbox (2.7858pt too wide) detected at line 339
\T1/cmr/m/n/10.95 23.12. 

Underfull \vbox (badness 5771) has occurred while \output is active [113]
Overfull \hbox (2.7858pt too wide) detected at line 343
\T1/cmr/m/n/10.95 23.13. 

Overfull \hbox (2.7858pt too wide) detected at line 345
\T1/cmr/m/n/10.95 23.14. 

Overfull \hbox (2.7858pt too wide) detected at line 348
\T1/cmr/m/n/10.95 23.15. 

Overfull \hbox (2.7858pt too wide) detected at line 351
\T1/cmr/m/n/10.95 23.16. 

Overfull \hbox (2.7858pt too wide) detected at line 356
\T1/cmr/m/n/10.95 23.17. 

Overfull \hbox (2.7858pt too wide) detected at line 359
\T1/cmr/m/n/10.95 23.18. 

Overfull \hbox (2.7858pt too wide) detected at line 363
\T1/cmr/m/n/10.95 23.19. 

Overfull \hbox (2.7858pt too wide) detected at line 366
\T1/cmr/m/n/10.95 23.20. 
) (./Ana1.ind [114] [115] [116])
Anhang B.

Underfull \hbox (badness 10000) in paragraph at lines 3391--3419

[117] (./Ana1.aux)

LaTeX Font Warning: Some font shapes were not available, defaults substituted.

 )
(see the transcript file for additional information)pdfTeX warning (dest): name
{appendix.993} has been referenced but does not exist, replaced by a fixed one

{/usr/share/texmf/fonts/enc/dvips/cm-super/cm-super-t1.enc}</usr/share/texmf-te
xlive/fonts/type1/public/amsfonts/cm/cmbsy10.pfb></usr/share/texmf-texlive/font
s/type1/public/amsfonts/cm/cmbx10.pfb></usr/share/texmf-texlive/fonts/type1/pub
lic/amsfonts/cm/cmex10.pfb></usr/share/texmf-texlive/fonts/type1/public/amsfont
s/cmextra/cmex8.pfb></usr/share/texmf-texlive/fonts/type1/public/amsfonts/cm/cm
mi10.pfb></usr/share/texmf-texlive/fonts/type1/public/amsfonts/cm/cmmi12.pfb></
usr/share/texmf-texlive/fonts/type1/public/amsfonts/cm/cmmi6.pfb></usr/share/te
xmf-texlive/fonts/type1/public/amsfonts/cm/cmmi8.pfb></usr/share/texmf-texlive/
fonts/type1/public/amsfonts/cm/cmmib10.pfb></usr/share/texmf-texlive/fonts/type
1/public/amsfonts/cmextra/cmmib6.pfb></usr/share/texmf-texlive/fonts/type1/publ
ic/amsfonts/cmextra/cmmib8.pfb></usr/share/texmf-texlive/fonts/type1/public/ams
fonts/cm/cmr10.pfb></usr/share/texmf-texlive/fonts/type1/public/amsfonts/cm/cmr
6.pfb></usr/share/texmf-texlive/fonts/type1/public/amsfonts/cm/cmr8.pfb></usr/s
hare/texmf-texlive/fonts/type1/public/amsfonts/cm/cmsy10.pfb></usr/share/texmf-
texlive/fonts/type1/public/amsfonts/cm/cmsy6.pfb></usr/share/texmf-texlive/font
s/type1/public/amsfonts/cm/cmsy8.pfb></usr/share/texmf-texlive/fonts/type1/publ
ic/amsfonts/euler/eufm10.pfb></usr/share/texmf-texlive/fonts/type1/public/amsfo
nts/symbols/msam10.pfb></usr/share/texmf-texlive/fonts/type1/public/amsfonts/sy
mbols/msbm10.pfb></usr/share/texmf-texlive/fonts/type1/public/rsfs/rsfs10.pfb><
/usr/share/texmf/fonts/type1/public/cm-super/sfbi1095.pfb></usr/share/texmf/fon
ts/type1/public/cm-super/sfbx1095.pfb></usr/share/texmf/fonts/type1/public/cm-s
uper/sfrm0600.pfb></usr/share/texmf/fonts/type1/public/cm-super/sfrm0800.pfb></
usr/share/texmf/fonts/type1/public/cm-super/sfrm1095.pfb></usr/share/texmf/font
s/type1/public/cm-super/sfrm1440.pfb></usr/share/texmf/fonts/type1/public/cm-su
per/sfsl1095.pfb></usr/share/texmf/fonts/type1/public/cm-super/sfsx1095.pfb></u
sr/share/texmf/fonts/type1/public/cm-super/sfsx1440.pfb></usr/share/texmf/fonts
/type1/public/cm-super/sfsx2074.pfb></usr/share/texmf/fonts/type1/public/cm-sup
er/sfti1095.pfb></usr/share/texmf/fonts/type1/public/cm-super/sftt1095.pfb></us
r/share/texmf/fonts/type1/public/cm-super/sftt1440.pfb>
Output written on Ana1.pdf (117 pages, 1169524 bytes).
Transcript written on Ana1.log.
Result: ExitSuccess

Running /usr/bin/pdflatex Ana1.tex in an env with 4 entries:
This is pdfTeX, Version 3.1415926-1.40.10 (TeX Live 2009/Debian)
entering extended mode
(data/Ana1.tex
LaTeX2e <2009/09/24>
Babel <v3.8l> and hyphenation patterns for english, usenglishmax, dumylang, noh
yphenation, farsi, arabic, croatian, bulgarian, ukrainian, russian, czech, slov
ak, danish, dutch, finnish, french, basque, ngerman, german, german-x-2009-06-1
9, ngerman-x-2009-06-19, ibycus, monogreek, greek, ancientgreek, hungarian, san
skrit, italian, latin, latvian, lithuanian, mongolian2a, mongolian, bokmal, nyn
orsk, romanian, irish, coptic, serbian, turkish, welsh, esperanto, uppersorbian
, estonian, indonesian, interlingua, icelandic, kurmanji, slovenian, polish, po
rtuguese, spanish, galician, catalan, swedish, ukenglish, loaded.
(/usr/share/texmf-texlive/tex/latex/koma-script/scrbook.cls
Document Class: scrbook 2009/07/24 v3.04a KOMA-Script document class (book)
(/usr/share/texmf-texlive/tex/latex/koma-script/scrkbase.sty
(/usr/share/texmf-texlive/tex/latex/koma-script/scrbase.sty
(/usr/share/texmf-texlive/tex/latex/graphics/keyval.sty)
(/usr/share/texmf-texlive/tex/latex/koma-script/scrlfile.sty
Package scrlfile, 2009/03/25 v3.03 KOMA-Script package (loading files)
                  Copyright (C) Markus Kohm

))) (/usr/share/texmf-texlive/tex/latex/koma-script/tocbasic.sty)
(/usr/share/texmf-texlive/tex/latex/koma-script/scrsize11pt.clo)
(/usr/share/texmf-texlive/tex/latex/koma-script/typearea.sty
Package typearea, 2009/07/24 v3.04a KOMA-Script package (type area)
                  Copyright (C) Frank Neukam, 1992-1994
                  Copyright (C) Markus Kohm, 1994-

)) (data/ana.sty (data/mathe.sty (data/latexki.sty)
(/usr/share/texmf-texlive/tex/latex/base/inputenc.sty
(/usr/share/texmf-texlive/tex/latex/base/utf8.def
(/usr/share/texmf-texlive/tex/latex/base/t1enc.dfu)
(/usr/share/texmf-texlive/tex/latex/base/ot1enc.dfu)
(/usr/share/texmf-texlive/tex/latex/base/omsenc.dfu)))
(/usr/share/texmf-texlive/tex/generic/babel/babel.sty
(/usr/share/texmf-texlive/tex/generic/babel/ngermanb.ldf
(/usr/share/texmf-texlive/tex/generic/babel/babel.def)))
(/usr/share/texmf-texlive/tex/latex/base/fontenc.sty
(/usr/share/texmf-texlive/tex/latex/base/t1enc.def))
(/usr/share/texmf-texlive/tex/latex/amsfonts/amsfonts.sty)
(/usr/share/texmf-texlive/tex/latex/amsfonts/amssymb.sty)
(/usr/share/texmf-texlive/tex/latex/amsmath/amsmath.sty
For additional information on amsmath, use the `?' option.
(/usr/share/texmf-texlive/tex/latex/amsmath/amstext.sty
(/usr/share/texmf-texlive/tex/latex/amsmath/amsgen.sty))
(/usr/share/texmf-texlive/tex/latex/amsmath/amsbsy.sty)
(/usr/share/texmf-texlive/tex/latex/amsmath/amsopn.sty))
(/usr/share/texmf-texlive/tex/latex/stmaryrd/stmaryrd.sty)
(/usr/share/texmf-texlive/tex/latex/tools/verbatim.sty)
(/usr/share/texmf-texlive/tex/latex/base/ifthen.sty)
(/usr/share/texmf-texlive/tex/latex/ntheorem/ntheorem.sty
Style `ntheorem', Version 1.25 <2005/07/07>
) (/usr/share/texmf-texlive/tex/latex/ltxmisc/framed.sty)
(/usr/share/texmf-texlive/tex/latex/pstricks/pstricks.sty
(/usr/share/texmf-texlive/tex/generic/pstricks/pstricks.tex
`PSTricks' v1.29  <2009/05/19> (tvz)
(/usr/share/texmf-texlive/tex/generic/pstricks/pstricks.con))
(/usr/share/texmf/tex/latex/xcolor/xcolor.sty
(/etc/texmf/tex/latex/config/color.cfg)
(/usr/share/texmf-texlive/tex/latex/pdftex-def/pdftex.def)))
(/usr/share/texmf-texlive/tex/latex/carlisle/slashed.sty)
(/usr/share/texmf-texlive/tex/latex/base/makeidx.sty)
(/usr/share/texmf-texlive/tex/latex/wasysym/wasysym.sty)
(/usr/share/texmf-texlive/tex/latex/jknapltx/mathrsfs.sty)
(/usr/share/texmf-texlive/tex/latex/mh/mathtools.sty
(/usr/share/texmf-texlive/tex/latex/tools/calc.sty)
(/usr/share/texmf-texlive/tex/latex/mh/mhsetup.sty))
(/usr/share/texmf-texlive/tex/latex/doublestroke/dsfont.sty)
(/usr/share/texmf-texlive/tex/latex/hyperref/hyperref.sty
(/usr/share/texmf-texlive/tex/generic/oberdiek/ifpdf.sty)
(/usr/share/texmf-texlive/tex/generic/oberdiek/ifvtex.sty)
(/usr/share/texmf-texlive/tex/generic/ifxetex/ifxetex.sty)
(/usr/share/texmf-texlive/tex/latex/oberdiek/hycolor.sty
(/usr/share/texmf-texlive/tex/latex/oberdiek/xcolor-patch.sty))
(/usr/share/texmf-texlive/tex/latex/hyperref/pd1enc.def)
(/usr/share/texmf-texlive/tex/generic/oberdiek/etexcmds.sty
(/usr/share/texmf-texlive/tex/generic/oberdiek/infwarerr.sty))
(/usr/share/texmf-texlive/tex/latex/latexconfig/hyperref.cfg)
(/usr/share/texmf-texlive/tex/latex/oberdiek/kvoptions.sty
(/usr/share/texmf-texlive/tex/generic/oberdiek/kvsetkeys.sty))
Implicit mode ON; LaTeX internals redefined
(/usr/share/texmf-texlive/tex/latex/ltxmisc/url.sty)
(/usr/share/texmf-texlive/tex/generic/oberdiek/bitset.sty
(/usr/share/texmf-texlive/tex/generic/oberdiek/intcalc.sty)
(/usr/share/texmf-texlive/tex/generic/oberdiek/bigintcalc.sty
(/usr/share/texmf-texlive/tex/generic/oberdiek/pdftexcmds.sty
(/usr/share/texmf-texlive/tex/generic/oberdiek/ifluatex.sty)
(/usr/share/texmf-texlive/tex/generic/oberdiek/ltxcmds.sty))))
(/usr/share/texmf-texlive/tex/generic/oberdiek/atbegshi.sty))
*hyperref using default driver hpdftex*
(/usr/share/texmf-texlive/tex/latex/hyperref/hpdftex.def)
(/usr/share/texmf-texlive/tex/latex/etex-pkg/etex.sty)))
(data/saetze-schmoeger.sty)
(/usr/share/texmf/tex/latex/pgf/frontendlayer/tikz.sty
(/usr/share/texmf/tex/latex/pgf/basiclayer/pgf.sty
(/usr/share/texmf/tex/latex/pgf/utilities/pgfrcs.sty
(/usr/share/texmf/tex/generic/pgf/utilities/pgfutil-common.tex)
(/usr/share/texmf/tex/generic/pgf/utilities/pgfutil-latex.def
(/usr/share/texmf-texlive/tex/latex/ms/everyshi.sty))
(/usr/share/texmf/tex/generic/pgf/utilities/pgfrcs.code.tex))
(/usr/share/texmf/tex/latex/pgf/basiclayer/pgfcore.sty
(/usr/share/texmf-texlive/tex/latex/graphics/graphicx.sty
(/usr/share/texmf-texlive/tex/latex/graphics/graphics.sty
(/usr/share/texmf-texlive/tex/latex/graphics/trig.sty)
(/etc/texmf/tex/latex/config/graphics.cfg)))
(/usr/share/texmf/tex/latex/pgf/systemlayer/pgfsys.sty
(/usr/share/texmf/tex/generic/pgf/systemlayer/pgfsys.code.tex
(/usr/share/texmf/tex/generic/pgf/utilities/pgfkeys.code.tex
(/usr/share/texmf/tex/generic/pgf/utilities/pgfkeysfiltered.code.tex))
(/usr/share/texmf/tex/generic/pgf/systemlayer/pgf.cfg)
(/usr/share/texmf/tex/generic/pgf/systemlayer/pgfsys-pdftex.def
(/usr/share/texmf/tex/generic/pgf/systemlayer/pgfsys-common-pdf.def)))
(/usr/share/texmf/tex/generic/pgf/systemlayer/pgfsyssoftpath.code.tex)
(/usr/share/texmf/tex/generic/pgf/systemlayer/pgfsysprotocol.code.tex))
(/usr/share/texmf/tex/generic/pgf/basiclayer/pgfcore.code.tex
(/usr/share/texmf/tex/generic/pgf/math/pgfmath.code.tex
(/usr/share/texmf/tex/generic/pgf/math/pgfmathcalc.code.tex
(/usr/share/texmf/tex/generic/pgf/math/pgfmathutil.code.tex)
(/usr/share/texmf/tex/generic/pgf/math/pgfmathparser.code.tex)
(/usr/share/texmf/tex/generic/pgf/math/pgfmathfunctions.code.tex
(/usr/share/texmf/tex/generic/pgf/math/pgfmathfunctions.basic.code.tex)
(/usr/share/texmf/tex/generic/pgf/math/pgfmathfunctions.trigonometric.code.tex)
(/usr/share/texmf/tex/generic/pgf/math/pgfmathfunctions.random.code.tex)
(/usr/share/texmf/tex/generic/pgf/math/pgfmathfunctions.comparison.code.tex)
(/usr/share/texmf/tex/generic/pgf/math/pgfmathfunctions.base.code.tex)
(/usr/share/texmf/tex/generic/pgf/math/pgfmathfunctions.round.code.tex)
(/usr/share/texmf/tex/generic/pgf/math/pgfmathfunctions.misc.code.tex)))
(/usr/share/texmf/tex/generic/pgf/math/pgfmathfloat.code.tex))
(/usr/share/texmf/tex/generic/pgf/basiclayer/pgfcorepoints.code.tex)
(/usr/share/texmf/tex/generic/pgf/basiclayer/pgfcorepathconstruct.code.tex)
(/usr/share/texmf/tex/generic/pgf/basiclayer/pgfcorepathusage.code.tex)
(/usr/share/texmf/tex/generic/pgf/basiclayer/pgfcorescopes.code.tex)
(/usr/share/texmf/tex/generic/pgf/basiclayer/pgfcoregraphicstate.code.tex)
(/usr/share/texmf/tex/generic/pgf/basiclayer/pgfcoretransformations.code.tex)
(/usr/share/texmf/tex/generic/pgf/basiclayer/pgfcorequick.code.tex)
(/usr/share/texmf/tex/generic/pgf/basiclayer/pgfcoreobjects.code.tex)
(/usr/share/texmf/tex/generic/pgf/basiclayer/pgfcorepathprocessing.code.tex)
(/usr/share/texmf/tex/generic/pgf/basiclayer/pgfcorearrows.code.tex)
(/usr/share/texmf/tex/generic/pgf/basiclayer/pgfcoreshade.code.tex)
(/usr/share/texmf/tex/generic/pgf/basiclayer/pgfcoreimage.code.tex
(/usr/share/texmf/tex/generic/pgf/basiclayer/pgfcoreexternal.code.tex))
(/usr/share/texmf/tex/generic/pgf/basiclayer/pgfcorelayers.code.tex)
(/usr/share/texmf/tex/generic/pgf/basiclayer/pgfcoretransparency.code.tex)
(/usr/share/texmf/tex/generic/pgf/basiclayer/pgfcorepatterns.code.tex)))
(/usr/share/texmf/tex/generic/pgf/modules/pgfmoduleshapes.code.tex)
(/usr/share/texmf/tex/generic/pgf/modules/pgfmoduleplot.code.tex)
(/usr/share/texmf/tex/latex/pgf/compatibility/pgfcomp-version-0-65.sty)
(/usr/share/texmf/tex/latex/pgf/compatibility/pgfcomp-version-1-18.sty))
(/usr/share/texmf/tex/latex/pgf/utilities/pgffor.sty
(/usr/share/texmf/tex/latex/pgf/utilities/pgfkeys.sty
(/usr/share/texmf/tex/generic/pgf/utilities/pgfkeys.code.tex))
(/usr/share/texmf/tex/generic/pgf/utilities/pgffor.code.tex))
(/usr/share/texmf/tex/generic/pgf/frontendlayer/tikz/tikz.code.tex
(/usr/share/texmf/tex/generic/pgf/libraries/pgflibraryplothandlers.code.tex)
(/usr/share/texmf/tex/generic/pgf/modules/pgfmodulematrix.code.tex)
(/usr/share/texmf/tex/generic/pgf/frontendlayer/tikz/libraries/tikzlibrarytopat
hs.code.tex))) (/usr/share/texmf-texlive/tex/latex/wrapfig/wrapfig.sty)
Writing index file Ana1.idx
(./Ana1.aux) (/usr/share/texmf-texlive/tex/context/base/supp-pdf.mkii
[Loading MPS to PDF converter (version 2006.09.02).]
) (/usr/share/texmf-texlive/tex/latex/hyperref/nameref.sty
(/usr/share/texmf-texlive/tex/latex/oberdiek/refcount.sty)) (./Ana1.out)
(./Ana1.out) ABD: EveryShipout initializing macros
(/usr/share/texmf-texlive/tex/latex/base/t1cmss.fd)
(/usr/share/texmf-texlive/tex/latex/amsfonts/umsa.fd)
(/usr/share/texmf-texlive/tex/latex/amsfonts/umsb.fd)
(/usr/share/texmf-texlive/tex/latex/stmaryrd/Ustmry.fd)
(/usr/share/texmf-texlive/tex/latex/wasysym/uwasy.fd)
(/usr/share/texmf-texlive/tex/latex/jknapltx/ursfs.fd)
(/usr/share/texmf-texlive/tex/latex/base/t1cmtt.fd) [1
Non-PDF special ignored!
Non-PDF special ignored!
Non-PDF special ignored!{/var/lib/texmf/fonts/map/pdftex/updmap/pdftex.map}]
[2]

Package hyperref Warning: No destination for bookmark of \addcontentsline,
(hyperref)                destination is added on input line 28.

(./Ana1.toc [3]) [4]
Kapitel I.
[5] [6]
Kapitel II.
(/usr/share/texmf-texlive/tex/latex/base/omscmr.fd) [7] [8]
\IeC {\textsection } 1.
[9]
Underfull \hbox (badness 10000) in paragraph at lines 165--167

[10]

LaTeX Font Warning: Font shape `U/stmry/b/n' undefined
(Font)              using `U/stmry/m/n' instead on input line 206.


LaTeX Font Warning: Font shape `U/wasy/b/n' in size <8> not available
(Font)              Font shape `U/wasy/m/n' tried instead on input line 206.


LaTeX Font Warning: Font shape `U/wasy/b/n' in size <6> not available
(Font)              Font shape `U/wasy/m/n' tried instead on input line 206.

[11] [12]
\IeC {\textsection } 2.
[13] [14] [15] [16]
\IeC {\textsection } 3.

Underfull \hbox (badness 10000) in paragraph at lines 344--345

[17] [18]
\IeC {\textsection } 4.

Underfull \vbox (badness 3780) has occurred while \output is active [19]
[20]
\IeC {\textsection } 5.
[21] [22]
\IeC {\textsection } 6.

Underfull \hbox (badness 10000) in paragraph at lines 525--526

[23] [24] [25] [26]
\IeC {\textsection } 7.
[27] [28] [29] [30]
\IeC {\textsection } 8.
[31] [32]
\IeC {\textsection } 9.
[33] [34] [35] [36]
\IeC {\textsection } 10.
[37] [38]
\IeC {\textsection } 11.
[39] [40] [41] [42]
\IeC {\textsection } 12.
[43] [44] [45] [46]
\IeC {\textsection } 13.
[47]
Overfull \hbox (23.94106pt too wide) in paragraph at lines 1295--1296
[]\T1/cmr/m/n/10.95 Sei $\OML/cmm/m/it/10.95 n \OMS/cmsy/m/n/10.95 2 \U/msb/m/n
/10.95 N$ \T1/cmr/m/n/10.95 und $\OML/cmm/m/it/10.95 j \OT1/cmr/m/n/10.95 := []
\OMS/cmsy/m/n/10.95 f\OML/cmm/m/it/10.95 ^^^\OT1/cmr/m/n/10.95 (1)\OML/cmm/m/it
/10.95 ; ^^^\OT1/cmr/m/n/10.95 (2)\OML/cmm/m/it/10.95 ; [] ; ^^^\OT1/cmr/m/n/10
.95 (\OML/cmm/m/it/10.95 n\OT1/cmr/m/n/10.95 )\OMS/cmsy/m/n/10.95 g$\T1/cmr/m/n
/10.95 . Dann: $\OMS/cmsy/m/n/10.95 f\OML/cmm/m/it/10.95 ^^^\OT1/cmr/m/n/10.95 
(1)\OML/cmm/m/it/10.95 ; ^^^\OT1/cmr/m/n/10.95 (2)\OML/cmm/m/it/10.95 ; [] ; ^^
^\OT1/cmr/m/n/10.95 (\OML/cmm/m/it/10.95 n\OT1/cmr/m/n/10.95 )\OMS/cmsy/m/n/10.
95 g ^^R f\OT1/cmr/m/n/10.95 1\OML/cmm/m/it/10.95 ; \OT1/cmr/m/n/10.95 2\OML/cm
m/m/it/10.95 ; [] ; j\OMS/cmsy/m/n/10.95 g  \OT1/cmr/m/n/10.95 =[]\OMS/cmsy/m/n
/10.95 )
[48]
Underfull \hbox (badness 1762) in paragraph at lines 1431--1432
[]$\OML/cmm/m/it/10.95 E\OT1/cmr/m/n/10.95 (\OML/cmm/m/it/10.95 x \OT1/cmr/m/n/
10.95 + \OML/cmm/m/it/10.95 y\OT1/cmr/m/n/10.95 ) = \OML/cmm/m/it/10.95 E\OT1/c
mr/m/n/10.95 (\OML/cmm/m/it/10.95 x\OT1/cmr/m/n/10.95 )\OML/cmm/m/it/10.95 E\OT
1/cmr/m/n/10.95 (\OML/cmm/m/it/10.95 y\OT1/cmr/m/n/10.95 ) \OMS/cmsy/m/n/10.95 
8\OML/cmm/m/it/10.95 x; y \OMS/cmsy/m/n/10.95 2 \U/msb/m/n/10.95 R$\T1/cmr/m/n/
10.95 ; all-ge-mein: $\OML/cmm/m/it/10.95 E\OT1/cmr/m/n/10.95 (\OML/cmm/m/it/10
.95 x[] \OT1/cmr/m/n/10.95 + \OML/cmm/m/it/10.95 x[] \OT1/cmr/m/n/10.95 + [] + 
\OML/cmm/m/it/10.95 x[]\OT1/cmr/m/n/10.95 ) =
[49] [50] [51] [52]
\IeC {\textsection } 14.
[53] [54]
\IeC {\textsection } 15.

Package hyperref Warning: Token not allowed in a PDF string (PDFDocEncoding):
(hyperref)                removing `math shift' on input line 1573.


Package hyperref Warning: Token not allowed in a PDF string (PDFDocEncoding):
(hyperref)                removing `math shift' on input line 1573.

[55] [56] [57] [58]
\IeC {\textsection } 16.
[59] [60]
Underfull \hbox (badness 10000) in paragraph at lines 1747--1749

[61] [62]
\IeC {\textsection } 17.
[63] [64]
\IeC {\textsection } 18.
[65] [66] [67] [68]
\IeC {\textsection } 19.
[69] [70] [71] [72]
\IeC {\textsection } 20.
[73] [74]
\IeC {\textsection } 21.
[75]
Overfull \hbox (0.58354pt too wide) in paragraph at lines 2175--2178
\T1/cmr/m/n/10.95 Es gilt: $\OML/cmm/m/it/10.95 x \OT1/cmr/m/n/10.95 = \OML/cmm
/m/it/10.95 f\OT1/cmr/m/n/10.95 (\OML/cmm/m/it/10.95 f[]\OT1/cmr/m/n/10.95 (\OM
L/cmm/m/it/10.95 x\OT1/cmr/m/n/10.95 ))(\OMS/cmsy/m/n/10.95 ^^C\OT1/cmr/m/n/10.
95 ) \OMS/cmsy/m/n/10.95 8\OML/cmm/m/it/10.95 x \OMS/cmsy/m/n/10.95 ^^U \OT1/cm
r/m/n/10.95 0$ \T1/cmr/m/n/10.95 An-nah-me: $\OML/cmm/m/it/10.95 f[]$ \T1/cmr/m
/n/10.95 ist dif-fe-ren-zier-bar in $\OML/cmm/m/it/10.95 x[] \OT1/cmr/m/n/10.95
 = 0  []
[76] [77] [78] [79] [80] [81] [82]
\IeC {\textsection } 22.
[83] [84] [85] [86]
\IeC {\textsection } 23.
(/usr/share/texmf-texlive/tex/latex/amsfonts/ueuf.fd) [87]
Overfull \hbox (26.57596pt too wide) detected at line 2633
\OML/cmm/m/it/10.95 m[] \OT1/cmr/m/n/10.95 = \OML/cmm/m/it/10.95 f\OT1/cmr/m/n/
10.95 (\OML/cmm/m/it/10.95 x[]\OT1/cmr/m/n/10.95 ) = (\OML/cmm/m/it/10.95 j \OM
S/cmsy/m/n/10.95 ^^@ \OT1/cmr/m/n/10.95 1)[]\OML/cmm/m/it/10.95 : s[]\OT1/cmr/m
/n/10.95 (\OML/cmm/m/it/10.95 Z\OT1/cmr/m/n/10.95 ) = [](\OML/cmm/m/it/10.95 j 
\OMS/cmsy/m/n/10.95 ^^@ \OT1/cmr/m/n/10.95 1)[] = [](0 + 1 + [] + (\OML/cmm/m/i
t/10.95 n \OMS/cmsy/m/n/10.95 ^^@ \OT1/cmr/m/n/10.95 1)) = [][] = []
[88]
Underfull \hbox (badness 10000) in paragraph at lines 2673--2674

[89] [90] [91] [92]
Underfull \hbox (badness 10000) in paragraph at lines 2812--2814


Underfull \vbox (badness 1371) has occurred while \output is active [93]
[94]
Overfull \hbox (38.1373pt too wide) in paragraph at lines 2865--2866
[]\T1/cmr/m/n/10.95 Sei $\OML/cmm/m/it/10.95 " > \OT1/cmr/m/n/10.95 0\OML/cmm/m
/it/10.95 :$ \T1/cmr/m/n/10.95 Nach Vor-aus-set-zung gibt es ein $\OML/cmm/m/it
/10.95 Z \OMS/cmsy/m/n/10.95 2 \U/euf/m/n/10.95 Z$ \T1/cmr/m/n/10.95 so, dass (
$\OMS/cmsy/m/n/10.95 ^^C$\T1/cmr/m/n/10.95 ) gilt. Sei $\OML/cmm/m/it/10.95 Z \
OT1/cmr/m/n/10.95 := \OMS/cmsy/m/n/10.95 f\OML/cmm/m/it/10.95 x[]; [] ; x[]\OMS
/cmsy/m/n/10.95 g\OML/cmm/m/it/10.95 ;  m[];  M[];  I[]$
[95] [96]
Overfull \hbox (5.45587pt too wide) in paragraph at lines 2935--2936
[]$[] [][] \OML/cmm/m/it/10.95 x[]x \OT1/cmr/m/n/10.95 = [] [] [] []\OML/cmm/m/
it/10.95 x \OT1/cmr/m/n/10.95 = \OMS/cmsy/m/n/10.95 ^^@ [] \OML/cmm/m/it/10.95 
x [] x \OMS/cmsy/m/n/10.95 ^^@ [] [] \OT1/cmr/m/n/10.95 = \OMS/cmsy/m/n/10.95 ^
^@ [] \OML/cmm/m/it/10.95 x [] x \OT1/cmr/m/n/10.95 + [](1 \OMS/cmsy/m/n/10.95 
^^@ [][] \OML/cmm/m/it/10.95 x\OT1/cmr/m/n/10.95 )[]\OML/cmm/m/it/10.95 x \OT1/
cmr/m/n/10.95 =
[97]
Overfull \hbox (14.73404pt too wide) in paragraph at lines 2963--2964
[][] [][]\OML/cmm/m/it/10.95 x \OT1/cmr/m/n/10.95 = [][] [] [] \OML/cmm/m/it/10
.95 t[]t \OT1/cmr/m/n/10.95 = [][] \OMS/cmsy/m/n/10.95 j [] \OML/cmm/m/it/10.95
 t\OMS/cmsy/m/n/10.95 j [] \OML/cmm/m/it/10.95 t[]t \OT1/cmr/m/n/10.95 = [][] [
][] \OML/cmm/m/it/10.95 t[]t \OT1/cmr/m/n/10.95 = [][](1 \OMS/cmsy/m/n/10.95 ^^
@ [][] \OML/cmm/m/it/10.95 t\OT1/cmr/m/n/10.95 )[]\OML/cmm/m/it/10.95 t \OT1/cm
r/m/n/10.95 =
[98] [99] [100] [101] [102]
\IeC {\textsection } 24.
[103] [104]
\IeC {\textsection } 25.
[105] [106]
\IeC {\textsection } 26.

Overfull \hbox (17.28838pt too wide) in paragraph at lines 3263--3264
[]$\OML/cmm/m/it/10.95 f$ \T1/cmr/m/n/10.95 heiÿt []\T1/cmr/bx/n/10.95 Riemann-
Stieltjes-integrierbar \T1/cmr/m/n/10.95 bzgl. $\OML/cmm/m/it/10.95 g$ \T1/cmr/
m/n/10.95 über $\OT1/cmr/m/n/10.95 [\OML/cmm/m/it/10.95 a; b\OT1/cmr/m/n/10.95 
] : \OMS/cmsy/m/n/10.95 ([])  9\OML/cmm/m/it/10.95 S \OMS/cmsy/m/n/10.95 2 \U/m
sb/m/n/10.95 R \OT1/cmr/m/n/10.95 : \OML/cmm/m/it/10.95 ^^[[]\OT1/cmr/m/n/10.95
 (\OML/cmm/m/it/10.95 Z[]; ^^X[]; g\OT1/cmr/m/n/10.95 ) \OMS/cmsy/m/n/10.95 !
[107] [108]
Overfull \hbox (4.5395pt too wide) in paragraph at lines 3353--3354
[]\T1/cmr/m/n/10.95 Sei $\OML/cmm/m/it/10.95 Z \OT1/cmr/m/n/10.95 = \OMS/cmsy/m
/n/10.95 f\OML/cmm/m/it/10.95 x[]; [] ; x[]\OMS/cmsy/m/n/10.95 g 2 \U/euf/m/n/1
0.95 Z\OML/cmm/m/it/10.95 : m[]; M[]; I[]$ \T1/cmr/m/n/10.95 sei-en wie im-mer,
 $\OML/cmm/m/it/10.95 d[] \OT1/cmr/m/n/10.95 := \OML/cmm/m/it/10.95 g\OT1/cmr/m
/n/10.95 (\OML/cmm/m/it/10.95 x[]\OT1/cmr/m/n/10.95 ) \OMS/cmsy/m/n/10.95 ^^@ \
OML/cmm/m/it/10.95 g\OT1/cmr/m/n/10.95 (\OML/cmm/m/it/10.95 x[]\OT1/cmr/m/n/10.
95 ) (\OML/cmm/m/it/10.95 j \OT1/cmr/m/n/10.95 = 1\OML/cmm/m/it/10.95 ; [] ; n\
OT1/cmr/m/n/10.95 )\OML/cmm/m/it/10.95 : s\OT1/cmr/m/n/10.95 (\OML/cmm/m/it/10.
95 Z\OT1/cmr/m/n/10.95 ) =
[109] [110]
Anhang A.
** Generating table of satz,wichtigedefinition
(./Ana1.thm [111]
Underfull \vbox (badness 5771) has occurred while \output is active [112]
Overfull \hbox (2.7858pt too wide) detected at line 286
\T1/cmr/m/n/10.95 21.10. 

Overfull \hbox (2.7858pt too wide) detected at line 288
\T1/cmr/m/n/10.95 21.11. 

Overfull \hbox (2.7858pt too wide) detected at line 335
\T1/cmr/m/n/10.95 23.10. 

Overfull \hbox (2.7858pt too wide) detected at line 337
\T1/cmr/m/n/10.95 23.11. 

Overfull \hbox (2.7858pt too wide) detected at line 339
\T1/cmr/m/n/10.95 23.12. 

Underfull \vbox (badness 5771) has occurred while \output is active [113]
Overfull \hbox (2.7858pt too wide) detected at line 343
\T1/cmr/m/n/10.95 23.13. 

Overfull \hbox (2.7858pt too wide) detected at line 345
\T1/cmr/m/n/10.95 23.14. 

Overfull \hbox (2.7858pt too wide) detected at line 348
\T1/cmr/m/n/10.95 23.15. 

Overfull \hbox (2.7858pt too wide) detected at line 351
\T1/cmr/m/n/10.95 23.16. 

Overfull \hbox (2.7858pt too wide) detected at line 356
\T1/cmr/m/n/10.95 23.17. 

Overfull \hbox (2.7858pt too wide) detected at line 359
\T1/cmr/m/n/10.95 23.18. 

Overfull \hbox (2.7858pt too wide) detected at line 363
\T1/cmr/m/n/10.95 23.19. 

Overfull \hbox (2.7858pt too wide) detected at line 366
\T1/cmr/m/n/10.95 23.20. 
) (./Ana1.ind [114] [115] [116])
Anhang B.

Underfull \hbox (badness 10000) in paragraph at lines 3391--3419

[117] (./Ana1.aux)

LaTeX Font Warning: Some font shapes were not available, defaults substituted.

 )
(see the transcript file for additional information){/usr/share/texmf/fonts/enc
/dvips/cm-super/cm-super-t1.enc}</usr/share/texmf-texlive/fonts/type1/public/am
sfonts/cm/cmbsy10.pfb></usr/share/texmf-texlive/fonts/type1/public/amsfonts/cm/
cmbx10.pfb></usr/share/texmf-texlive/fonts/type1/public/amsfonts/cm/cmex10.pfb>
</usr/share/texmf-texlive/fonts/type1/public/amsfonts/cmextra/cmex8.pfb></usr/s
hare/texmf-texlive/fonts/type1/public/amsfonts/cm/cmmi10.pfb></usr/share/texmf-
texlive/fonts/type1/public/amsfonts/cm/cmmi12.pfb></usr/share/texmf-texlive/fon
ts/type1/public/amsfonts/cm/cmmi6.pfb></usr/share/texmf-texlive/fonts/type1/pub
lic/amsfonts/cm/cmmi8.pfb></usr/share/texmf-texlive/fonts/type1/public/amsfonts
/cm/cmmib10.pfb></usr/share/texmf-texlive/fonts/type1/public/amsfonts/cmextra/c
mmib6.pfb></usr/share/texmf-texlive/fonts/type1/public/amsfonts/cmextra/cmmib8.
pfb></usr/share/texmf-texlive/fonts/type1/public/amsfonts/cm/cmr10.pfb></usr/sh
are/texmf-texlive/fonts/type1/public/amsfonts/cm/cmr6.pfb></usr/share/texmf-tex
live/fonts/type1/public/amsfonts/cm/cmr8.pfb></usr/share/texmf-texlive/fonts/ty
pe1/public/amsfonts/cm/cmsy10.pfb></usr/share/texmf-texlive/fonts/type1/public/
amsfonts/cm/cmsy6.pfb></usr/share/texmf-texlive/fonts/type1/public/amsfonts/cm/
cmsy8.pfb></usr/share/texmf-texlive/fonts/type1/public/amsfonts/euler/eufm10.pf
b></usr/share/texmf-texlive/fonts/type1/public/amsfonts/symbols/msam10.pfb></us
r/share/texmf-texlive/fonts/type1/public/amsfonts/symbols/msbm10.pfb></usr/shar
e/texmf-texlive/fonts/type1/public/rsfs/rsfs10.pfb></usr/share/texmf/fonts/type
1/public/cm-super/sfbi1095.pfb></usr/share/texmf/fonts/type1/public/cm-super/sf
bx1095.pfb></usr/share/texmf/fonts/type1/public/cm-super/sfrm0600.pfb></usr/sha
re/texmf/fonts/type1/public/cm-super/sfrm0800.pfb></usr/share/texmf/fonts/type1
/public/cm-super/sfrm1095.pfb></usr/share/texmf/fonts/type1/public/cm-super/sfr
m1440.pfb></usr/share/texmf/fonts/type1/public/cm-super/sfsl1095.pfb></usr/shar
e/texmf/fonts/type1/public/cm-super/sfsx1095.pfb></usr/share/texmf/fonts/type1/
public/cm-super/sfsx1440.pfb></usr/share/texmf/fonts/type1/public/cm-super/sfsx
2074.pfb></usr/share/texmf/fonts/type1/public/cm-super/sfti1095.pfb></usr/share
/texmf/fonts/type1/public/cm-super/sftt1095.pfb></usr/share/texmf/fonts/type1/p
ublic/cm-super/sftt1440.pfb>
Output written on Ana1.pdf (117 pages, 1169441 bytes).
Transcript written on Ana1.log.
Result: ExitSuccess

Running /usr/bin/convert -verbose Ana1.pdf[0] -resize 70x Ana1.png in an env with 4 entries:
"gs" -q -dQUIET -dSAFER -dBATCH -dNOPAUSE -dNOPROMPT -dMaxBitmap=500000000 -dAlignToPixels=0 -dGridFitTT=2 "-sDEVICE=pngalpha" -dTextAlphaBits=4 -dGraphicsAlphaBits=4 "-r72x72" -dFirstPage=1 -dLastPage=1 "-sOutputFile=/tmp/magick-NnibOHMN-%08d" "-f/tmp/magick-k_4MTpTH" "-f/tmp/magick-hWASuf0B"
/tmp/magick-NnibOHMN-00000001 PNG 595x842 595x842+0+0 8-bit DirectClass 10.5KB 0.020u 0:00.010
Ana1.pdf[0]=>Ana1.pdf PDF 595x842 595x842+0+0 16-bit DirectClass 10.5KB 0.000u 0:00.000
Ana1.pdf[0]=>Ana1.png PDF 595x842=>70x99 70x99+0+0 16-bit DirectClass 0.300u 0:00.070
Result: ExitSuccess

Running /usr/bin/optipng -verbose Ana1.png in an env with 4 entries:
OptiPNG 0.6.4: Advanced PNG optimizer.
Copyright (C) 2001-2010 Cosmin Truta.

** Processing: Ana1.png
70x99 pixels, 4x16 bits/pixel, RGB+alpha
Input IDAT size = 1014 bytes
Input file size = 3648 bytes

Trying:
  zc = 9  zm = 8  zs = 0  f = 0		IDAT size = 919
  zc = 9  zm = 8  zs = 1  f = 0		IDAT size = 919
  zc = 1  zm = 8  zs = 2  f = 0		IDAT too big
  zc = 9  zm = 8  zs = 3  f = 0		IDAT too big
  zc = 9  zm = 8  zs = 0  f = 5		IDAT too big
  zc = 9  zm = 8  zs = 1  f = 5		IDAT too big
  zc = 1  zm = 8  zs = 2  f = 5		IDAT too big
  zc = 9  zm = 8  zs = 3  f = 5		IDAT too big

Selecting parameters:
  zc = 9  zm = 8  zs = 1  f = 0		IDAT size = 919

Output IDAT size = 919 bytes (95 bytes decrease)
Output file size = 3553 bytes (95 bytes = 2.60% decrease)

** Status report
1 file(s) have been processed.
Result: ExitSuccess
