This is pdfTeX, Version 3.1415926-1.40.10 (TeX Live 2009/Debian) (format=pdflatex 2016.12.27)  27 DEC 2016 08:50
entering extended mode
 %&-line parsing enabled.
**Ana1.tex
(data/Ana1.tex
LaTeX2e <2009/09/24>
Babel <v3.8l> and hyphenation patterns for english, usenglishmax, dumylang, noh
yphenation, farsi, arabic, croatian, bulgarian, ukrainian, russian, czech, slov
ak, danish, dutch, finnish, french, basque, ngerman, german, german-x-2009-06-1
9, ngerman-x-2009-06-19, ibycus, monogreek, greek, ancientgreek, hungarian, san
skrit, italian, latin, latvian, lithuanian, mongolian2a, mongolian, bokmal, nyn
orsk, romanian, irish, coptic, serbian, turkish, welsh, esperanto, uppersorbian
, estonian, indonesian, interlingua, icelandic, kurmanji, slovenian, polish, po
rtuguese, spanish, galician, catalan, swedish, ukenglish, loaded.
(/usr/share/texmf-texlive/tex/latex/koma-script/scrbook.cls
Document Class: scrbook 2009/07/24 v3.04a KOMA-Script document class (book)
(/usr/share/texmf-texlive/tex/latex/koma-script/scrkbase.sty
Package: scrkbase 2009/07/24 v3.04a KOMA-Script package (KOMA-Script-dependent 
basics and keyval usage)

(/usr/share/texmf-texlive/tex/latex/koma-script/scrbase.sty
Package: scrbase 2009/07/24 v3.04a KOMA-Script package (KOMA-Script-independent
 basics and keyval usage)

(/usr/share/texmf-texlive/tex/latex/graphics/keyval.sty
Package: keyval 1999/03/16 v1.13 key=value parser (DPC)
\KV@toks@=\toks14
)
(/usr/share/texmf-texlive/tex/latex/koma-script/scrlfile.sty
Package: scrlfile 2009/03/25 v3.03 KOMA-Script package (loading files)

Package scrlfile, 2009/03/25 v3.03 KOMA-Script package (loading files)
                  Copyright (C) Markus Kohm

))) (/usr/share/texmf-texlive/tex/latex/koma-script/tocbasic.sty
Package: tocbasic 2009/06/08 v3.03b KOMA-Script package (handling toc-files)
)
Package tocbasic Info: omitting babel extension for `toc'
(tocbasic)             because of feature `nobabel' available
(tocbasic)             for `toc' on input line 117.
Package tocbasic Info: omitting babel extension for `lof'
(tocbasic)             because of feature `nobabel' available
(tocbasic)             for `lof' on input line 118.
Package tocbasic Info: omitting babel extension for `lot'
(tocbasic)             because of feature `nobabel' available
(tocbasic)             for `lot' on input line 119.
Class scrbook Info: File `scrsize11pt.clo' used instead of
(scrbook)           file `scrsize11.clo' to setup font sizes on input line 1272
.

(/usr/share/texmf-texlive/tex/latex/koma-script/scrsize11pt.clo
File: scrsize11pt.clo 2009/07/24 v3.04a KOMA-Script font size class option (11p
t)
)
(/usr/share/texmf-texlive/tex/latex/koma-script/typearea.sty
Package: typearea 2009/07/24 v3.04a KOMA-Script package (type area)

Package typearea, 2009/07/24 v3.04a KOMA-Script package (type area)
                  Copyright (C) Frank Neukam, 1992-1994
                  Copyright (C) Markus Kohm, 1994-

\ta@bcor=\skip41
\ta@div=\count79
Package typearea Info: You've used standard option `a4paper'.
(typearea)             This is correct!
(typearea)             Internaly I'm using `paper=a4'.
(typearea)             If you'd like to set the option with \KOMAoptions,
(typearea)             you'd have to use `paper=a4' there
(typearea)             instead of `a4paper', too.
\ta@hblk=\skip42
\ta@vblk=\skip43
\ta@temp=\skip44
Package typearea Info: These are the values describing the layout:
(typearea)             DIV  = 15
(typearea)             BCOR = 34.1433pt
(typearea)             \paperwidth      = 597.50793pt
(typearea)              \textwidth      = 450.69174pt
(typearea)              DIV departure   = -15%
(typearea)              \evensidemargin = 2.84528pt
(typearea)              \oddsidemargin  = -0.56906pt
(typearea)             \paperheight     = 845.04694pt
(typearea)              \textheight     = 677.4003pt
(typearea)              \topmargin      = -53.33354pt
(typearea)              \headheight     = 17.0pt
(typearea)              \headsep        = 20.40001pt
(typearea)              \topskip        = 11.0pt
(typearea)              \footskip       = 47.60002pt
(typearea)              \baselineskip   = 13.6pt
(typearea)              on input line 1115.
)
\c@part=\count80
\c@chapter=\count81
\c@section=\count82
\c@subsection=\count83
\c@subsubsection=\count84
\c@paragraph=\count85
\c@subparagraph=\count86
\abovecaptionskip=\skip45
\belowcaptionskip=\skip46
\c@pti@nb@sid@b@x=\box26
\c@figure=\count87
\c@table=\count88
\bibindent=\dimen102
) (data/ana.sty (data/mathe.sty (data/latexki.sty)
(/usr/share/texmf-texlive/tex/latex/base/inputenc.sty
Package: inputenc 2008/03/30 v1.1d Input encoding file
\inpenc@prehook=\toks15
\inpenc@posthook=\toks16

(/usr/share/texmf-texlive/tex/latex/base/utf8.def
File: utf8.def 2008/04/05 v1.1m UTF-8 support for inputenc
Now handling font encoding OML ...
... no UTF-8 mapping file for font encoding OML
Now handling font encoding T1 ...
... processing UTF-8 mapping file for font encoding T1

(/usr/share/texmf-texlive/tex/latex/base/t1enc.dfu
File: t1enc.dfu 2008/04/05 v1.1m UTF-8 support for inputenc
   defining Unicode char U+00A1 (decimal 161)
   defining Unicode char U+00A3 (decimal 163)
   defining Unicode char U+00AB (decimal 171)
   defining Unicode char U+00BB (decimal 187)
   defining Unicode char U+00BF (decimal 191)
   defining Unicode char U+00C0 (decimal 192)
   defining Unicode char U+00C1 (decimal 193)
   defining Unicode char U+00C2 (decimal 194)
   defining Unicode char U+00C3 (decimal 195)
   defining Unicode char U+00C4 (decimal 196)
   defining Unicode char U+00C5 (decimal 197)
   defining Unicode char U+00C6 (decimal 198)
   defining Unicode char U+00C7 (decimal 199)
   defining Unicode char U+00C8 (decimal 200)
   defining Unicode char U+00C9 (decimal 201)
   defining Unicode char U+00CA (decimal 202)
   defining Unicode char U+00CB (decimal 203)
   defining Unicode char U+00CC (decimal 204)
   defining Unicode char U+00CD (decimal 205)
   defining Unicode char U+00CE (decimal 206)
   defining Unicode char U+00CF (decimal 207)
   defining Unicode char U+00D0 (decimal 208)
   defining Unicode char U+00D1 (decimal 209)
   defining Unicode char U+00D2 (decimal 210)
   defining Unicode char U+00D3 (decimal 211)
   defining Unicode char U+00D4 (decimal 212)
   defining Unicode char U+00D5 (decimal 213)
   defining Unicode char U+00D6 (decimal 214)
   defining Unicode char U+00D8 (decimal 216)
   defining Unicode char U+00D9 (decimal 217)
   defining Unicode char U+00DA (decimal 218)
   defining Unicode char U+00DB (decimal 219)
   defining Unicode char U+00DC (decimal 220)
   defining Unicode char U+00DD (decimal 221)
   defining Unicode char U+00DE (decimal 222)
   defining Unicode char U+00DF (decimal 223)
   defining Unicode char U+00E0 (decimal 224)
   defining Unicode char U+00E1 (decimal 225)
   defining Unicode char U+00E2 (decimal 226)
   defining Unicode char U+00E3 (decimal 227)
   defining Unicode char U+00E4 (decimal 228)
   defining Unicode char U+00E5 (decimal 229)
   defining Unicode char U+00E6 (decimal 230)
   defining Unicode char U+00E7 (decimal 231)
   defining Unicode char U+00E8 (decimal 232)
   defining Unicode char U+00E9 (decimal 233)
   defining Unicode char U+00EA (decimal 234)
   defining Unicode char U+00EB (decimal 235)
   defining Unicode char U+00EC (decimal 236)
   defining Unicode char U+00ED (decimal 237)
   defining Unicode char U+00EE (decimal 238)
   defining Unicode char U+00EF (decimal 239)
   defining Unicode char U+00F0 (decimal 240)
   defining Unicode char U+00F1 (decimal 241)
   defining Unicode char U+00F2 (decimal 242)
   defining Unicode char U+00F3 (decimal 243)
   defining Unicode char U+00F4 (decimal 244)
   defining Unicode char U+00F5 (decimal 245)
   defining Unicode char U+00F6 (decimal 246)
   defining Unicode char U+00F8 (decimal 248)
   defining Unicode char U+00F9 (decimal 249)
   defining Unicode char U+00FA (decimal 250)
   defining Unicode char U+00FB (decimal 251)
   defining Unicode char U+00FC (decimal 252)
   defining Unicode char U+00FD (decimal 253)
   defining Unicode char U+00FE (decimal 254)
   defining Unicode char U+00FF (decimal 255)
   defining Unicode char U+0102 (decimal 258)
   defining Unicode char U+0103 (decimal 259)
   defining Unicode char U+0104 (decimal 260)
   defining Unicode char U+0105 (decimal 261)
   defining Unicode char U+0106 (decimal 262)
   defining Unicode char U+0107 (decimal 263)
   defining Unicode char U+010C (decimal 268)
   defining Unicode char U+010D (decimal 269)
   defining Unicode char U+010E (decimal 270)
   defining Unicode char U+010F (decimal 271)
   defining Unicode char U+0110 (decimal 272)
   defining Unicode char U+0111 (decimal 273)
   defining Unicode char U+0118 (decimal 280)
   defining Unicode char U+0119 (decimal 281)
   defining Unicode char U+011A (decimal 282)
   defining Unicode char U+011B (decimal 283)
   defining Unicode char U+011E (decimal 286)
   defining Unicode char U+011F (decimal 287)
   defining Unicode char U+0130 (decimal 304)
   defining Unicode char U+0131 (decimal 305)
   defining Unicode char U+0132 (decimal 306)
   defining Unicode char U+0133 (decimal 307)
   defining Unicode char U+0139 (decimal 313)
   defining Unicode char U+013A (decimal 314)
   defining Unicode char U+013D (decimal 317)
   defining Unicode char U+013E (decimal 318)
   defining Unicode char U+0141 (decimal 321)
   defining Unicode char U+0142 (decimal 322)
   defining Unicode char U+0143 (decimal 323)
   defining Unicode char U+0144 (decimal 324)
   defining Unicode char U+0147 (decimal 327)
   defining Unicode char U+0148 (decimal 328)
   defining Unicode char U+014A (decimal 330)
   defining Unicode char U+014B (decimal 331)
   defining Unicode char U+0150 (decimal 336)
   defining Unicode char U+0151 (decimal 337)
   defining Unicode char U+0152 (decimal 338)
   defining Unicode char U+0153 (decimal 339)
   defining Unicode char U+0154 (decimal 340)
   defining Unicode char U+0155 (decimal 341)
   defining Unicode char U+0158 (decimal 344)
   defining Unicode char U+0159 (decimal 345)
   defining Unicode char U+015A (decimal 346)
   defining Unicode char U+015B (decimal 347)
   defining Unicode char U+015E (decimal 350)
   defining Unicode char U+015F (decimal 351)
   defining Unicode char U+0160 (decimal 352)
   defining Unicode char U+0161 (decimal 353)
   defining Unicode char U+0162 (decimal 354)
   defining Unicode char U+0163 (decimal 355)
   defining Unicode char U+0164 (decimal 356)
   defining Unicode char U+0165 (decimal 357)
   defining Unicode char U+016E (decimal 366)
   defining Unicode char U+016F (decimal 367)
   defining Unicode char U+0170 (decimal 368)
   defining Unicode char U+0171 (decimal 369)
   defining Unicode char U+0178 (decimal 376)
   defining Unicode char U+0179 (decimal 377)
   defining Unicode char U+017A (decimal 378)
   defining Unicode char U+017B (decimal 379)
   defining Unicode char U+017C (decimal 380)
   defining Unicode char U+017D (decimal 381)
   defining Unicode char U+017E (decimal 382)
   defining Unicode char U+200C (decimal 8204)
   defining Unicode char U+2013 (decimal 8211)
   defining Unicode char U+2014 (decimal 8212)
   defining Unicode char U+2018 (decimal 8216)
   defining Unicode char U+2019 (decimal 8217)
   defining Unicode char U+201A (decimal 8218)
   defining Unicode char U+201C (decimal 8220)
   defining Unicode char U+201D (decimal 8221)
   defining Unicode char U+201E (decimal 8222)
   defining Unicode char U+2030 (decimal 8240)
   defining Unicode char U+2031 (decimal 8241)
   defining Unicode char U+2039 (decimal 8249)
   defining Unicode char U+203A (decimal 8250)
   defining Unicode char U+2423 (decimal 9251)
)
Now handling font encoding OT1 ...
... processing UTF-8 mapping file for font encoding OT1

(/usr/share/texmf-texlive/tex/latex/base/ot1enc.dfu
File: ot1enc.dfu 2008/04/05 v1.1m UTF-8 support for inputenc
   defining Unicode char U+00A1 (decimal 161)
   defining Unicode char U+00A3 (decimal 163)
   defining Unicode char U+00B8 (decimal 184)
   defining Unicode char U+00BF (decimal 191)
   defining Unicode char U+00C5 (decimal 197)
   defining Unicode char U+00C6 (decimal 198)
   defining Unicode char U+00D8 (decimal 216)
   defining Unicode char U+00DF (decimal 223)
   defining Unicode char U+00E6 (decimal 230)
   defining Unicode char U+00EC (decimal 236)
   defining Unicode char U+00ED (decimal 237)
   defining Unicode char U+00EE (decimal 238)
   defining Unicode char U+00EF (decimal 239)
   defining Unicode char U+00F8 (decimal 248)
   defining Unicode char U+0131 (decimal 305)
   defining Unicode char U+0141 (decimal 321)
   defining Unicode char U+0142 (decimal 322)
   defining Unicode char U+0152 (decimal 338)
   defining Unicode char U+0153 (decimal 339)
   defining Unicode char U+2013 (decimal 8211)
   defining Unicode char U+2014 (decimal 8212)
   defining Unicode char U+2018 (decimal 8216)
   defining Unicode char U+2019 (decimal 8217)
   defining Unicode char U+201C (decimal 8220)
   defining Unicode char U+201D (decimal 8221)
)
Now handling font encoding OMS ...
... processing UTF-8 mapping file for font encoding OMS

(/usr/share/texmf-texlive/tex/latex/base/omsenc.dfu
File: omsenc.dfu 2008/04/05 v1.1m UTF-8 support for inputenc
   defining Unicode char U+00A7 (decimal 167)
   defining Unicode char U+00B6 (decimal 182)
   defining Unicode char U+00B7 (decimal 183)
   defining Unicode char U+2020 (decimal 8224)
   defining Unicode char U+2021 (decimal 8225)
   defining Unicode char U+2022 (decimal 8226)
)
Now handling font encoding OMX ...
... no UTF-8 mapping file for font encoding OMX
Now handling font encoding U ...
... no UTF-8 mapping file for font encoding U
   defining Unicode char U+00A9 (decimal 169)
   defining Unicode char U+00AA (decimal 170)
   defining Unicode char U+00AE (decimal 174)
   defining Unicode char U+00BA (decimal 186)
   defining Unicode char U+02C6 (decimal 710)
   defining Unicode char U+02DC (decimal 732)
   defining Unicode char U+200C (decimal 8204)
   defining Unicode char U+2026 (decimal 8230)
   defining Unicode char U+2122 (decimal 8482)
   defining Unicode char U+2423 (decimal 9251)
))
(/usr/share/texmf-texlive/tex/generic/babel/babel.sty
Package: babel 2008/07/06 v3.8l The Babel package

(/usr/share/texmf-texlive/tex/generic/babel/ngermanb.ldf
Language: ngermanb 2008/07/06 v2.6n new German support from the babel system

(/usr/share/texmf-texlive/tex/generic/babel/babel.def
File: babel.def 2008/07/06 v3.8l Babel common definitions
\babel@savecnt=\count89
\U@D=\dimen103
)
\l@naustrian = a dialect from \language\l@ngerman 
Package babel Info: Making " an active character on input line 92.
))
(/usr/share/texmf-texlive/tex/latex/base/fontenc.sty
Package: fontenc 2005/09/27 v1.99g Standard LaTeX package

(/usr/share/texmf-texlive/tex/latex/base/t1enc.def
File: t1enc.def 2005/09/27 v1.99g Standard LaTeX file
LaTeX Font Info:    Redeclaring font encoding T1 on input line 43.
))
(/usr/share/texmf-texlive/tex/latex/amsfonts/amsfonts.sty
Package: amsfonts 2009/06/22 v3.00 Basic AMSFonts support
\@emptytoks=\toks17
\symAMSa=\mathgroup4
\symAMSb=\mathgroup5
LaTeX Font Info:    Overwriting math alphabet `\mathfrak' in version `bold'
(Font)                  U/euf/m/n --> U/euf/b/n on input line 96.
)
(/usr/share/texmf-texlive/tex/latex/amsfonts/amssymb.sty
Package: amssymb 2009/06/22 v3.00
)
(/usr/share/texmf-texlive/tex/latex/amsmath/amsmath.sty
Package: amsmath 2000/07/18 v2.13 AMS math features
\@mathmargin=\skip47

For additional information on amsmath, use the `?' option.
(/usr/share/texmf-texlive/tex/latex/amsmath/amstext.sty
Package: amstext 2000/06/29 v2.01

(/usr/share/texmf-texlive/tex/latex/amsmath/amsgen.sty
File: amsgen.sty 1999/11/30 v2.0
\@emptytoks=\toks18
\ex@=\dimen104
))
(/usr/share/texmf-texlive/tex/latex/amsmath/amsbsy.sty
Package: amsbsy 1999/11/29 v1.2d
\pmbraise@=\dimen105
)
(/usr/share/texmf-texlive/tex/latex/amsmath/amsopn.sty
Package: amsopn 1999/12/14 v2.01 operator names
)
\inf@bad=\count90
LaTeX Info: Redefining \frac on input line 211.
\uproot@=\count91
\leftroot@=\count92
LaTeX Info: Redefining \overline on input line 307.
\classnum@=\count93
\DOTSCASE@=\count94
LaTeX Info: Redefining \ldots on input line 379.
LaTeX Info: Redefining \dots on input line 382.
LaTeX Info: Redefining \cdots on input line 467.
\Mathstrutbox@=\box27
\strutbox@=\box28
\big@size=\dimen106
LaTeX Font Info:    Redeclaring font encoding OML on input line 567.
LaTeX Font Info:    Redeclaring font encoding OMS on input line 568.
\macc@depth=\count95
\c@MaxMatrixCols=\count96
\dotsspace@=\muskip10
\c@parentequation=\count97
\dspbrk@lvl=\count98
\tag@help=\toks19
\row@=\count99
\column@=\count100
\maxfields@=\count101
\andhelp@=\toks20
\eqnshift@=\dimen107
\alignsep@=\dimen108
\tagshift@=\dimen109
\tagwidth@=\dimen110
\totwidth@=\dimen111
\lineht@=\dimen112
\@envbody=\toks21
\multlinegap=\skip48
\multlinetaggap=\skip49
\mathdisplay@stack=\toks22
LaTeX Info: Redefining \[ on input line 2666.
LaTeX Info: Redefining \] on input line 2667.
)
(/usr/share/texmf-texlive/tex/latex/stmaryrd/stmaryrd.sty
Package: stmaryrd 1994/03/03 St Mary's Road symbol package
\symstmry=\mathgroup6
LaTeX Font Info:    Overwriting symbol font `stmry' in version `bold'
(Font)                  U/stmry/m/n --> U/stmry/b/n on input line 89.
)
(/usr/share/texmf-texlive/tex/latex/tools/verbatim.sty
Package: verbatim 2003/08/22 v1.5q LaTeX2e package for verbatim enhancements
\every@verbatim=\toks23
\verbatim@line=\toks24
\verbatim@in@stream=\read1
)
(/usr/share/texmf-texlive/tex/latex/base/ifthen.sty
Package: ifthen 2001/05/26 v1.1c Standard LaTeX ifthen package (DPC)
)
(/usr/share/texmf-texlive/tex/latex/ntheorem/ntheorem.sty
Style `ntheorem', Version 1.25 <2005/07/07>
Package: ntheorem 2005/07/07 1.25
\theorem@style=\toks25
\theorem@@style=\toks26
\theorembodyfont=\toks27
\theoremnumbering=\toks28
\theorempreskipamount=\skip50
\theorempostskipamount=\skip51
\theoremindent=\dimen113
\theorem@indent=\dimen114
\theoremheaderfont=\toks29
\theoremseparator=\toks30
\theoremprework=\toks31
\theorempostwork=\toks32
\theoremsymbol=\toks33
\qedsymbol=\toks34
\theoremkeyword=\toks35
\qedsymbol=\toks36
\thm@topsepadd=\skip52
Package ntheorem Info: Option `thmmarks' loaded on input line 1029.
\c@endNonectr=\count102
\c@currNonectr=\count103
\mysavskip=\skip53
Package ntheorem Info: option `amsmath' handling for `thmmarks' loaded on input
 line 1029.
\thm@amstmpdepth=\dimen115
\shadecolor=\toks37
) (/usr/share/texmf-texlive/tex/latex/ltxmisc/framed.sty
Package: framed 2007/10/04 v 0.95: framed or shaded text with page breaks
\fb@frw=\dimen116
\fb@frh=\dimen117
\FrameRule=\dimen118
\FrameSep=\dimen119
)
(/usr/share/texmf-texlive/tex/latex/pstricks/pstricks.sty
Package: pstricks 2008/11/26 v0.40 LaTeX wrapper for `PSTricks' (RN,HV)

(/usr/share/texmf-texlive/tex/generic/pstricks/pstricks.tex
`PSTricks' v1.29  <2009/05/19> (tvz)
\pst@dima=\dimen120
\pst@dimb=\dimen121
\pst@dimc=\dimen122
\pst@dimd=\dimen123
\pst@dimg=\dimen124
\pst@dimh=\dimen125
\pst@hbox=\box29
\pst@boxg=\box30
\pst@cnta=\count104
\pst@cntb=\count105
\pst@cntc=\count106
\pst@cntd=\count107
\pst@cntg=\count108
\pst@cnth=\count109
\pst@toks=\toks38
(/usr/share/texmf-texlive/tex/generic/pstricks/pstricks.con)
\psunit=\dimen126
\psxunit=\dimen127
\psyunit=\dimen128
\pslinewidth=\dimen129
\pst@customdefs=\toks39
\pslinearc=\dimen130
\everypsbox=\toks40
\psframesep=\dimen131
\pslabelsep=\dimen132
\pst@shift=\dimen133
\theoverlaybox=\box31
)
File: pstricks.tex 2009/05/19 v1.29 `PSTricks' (tvz,hv)

(/usr/share/texmf/tex/latex/xcolor/xcolor.sty
Package: xcolor 2007/01/21 v2.11 LaTeX color extensions (UK)

(/etc/texmf/tex/latex/config/color.cfg
File: color.cfg 2007/01/18 v1.5 color configuration of teTeX/TeXLive
)
Package xcolor Info: Driver file: pdftex.def on input line 225.

(/usr/share/texmf-texlive/tex/latex/pdftex-def/pdftex.def
File: pdftex.def 2010/03/12 v0.04p Graphics/color for pdfTeX
\Gread@gobject=\count110
)
Package xcolor Info: Model `cmy' substituted by `cmy0' on input line 1337.
Package xcolor Info: Model `hsb' substituted by `rgb' on input line 1341.
Package xcolor Info: Model `RGB' extended on input line 1353.
Package xcolor Info: Model `HTML' substituted by `rgb' on input line 1355.
Package xcolor Info: Model `Hsb' substituted by `hsb' on input line 1356.
Package xcolor Info: Model `tHsb' substituted by `hsb' on input line 1357.
Package xcolor Info: Model `HSB' substituted by `hsb' on input line 1358.
Package xcolor Info: Model `Gray' substituted by `gray' on input line 1359.
Package xcolor Info: Model `wave' substituted by `hsb' on input line 1360.
))
(/usr/share/texmf-texlive/tex/latex/carlisle/slashed.sty
Package: slashed 1997/01/16 v0.01 Feynman Slashed Character Notation (DPC)
)
(/usr/share/texmf-texlive/tex/latex/base/makeidx.sty
Package: makeidx 2000/03/29 v1.0m Standard LaTeX package
)
(/usr/share/texmf-texlive/tex/latex/wasysym/wasysym.sty
Package: wasysym 2003/10/30 v2.0 Wasy-2 symbol support package
\symwasy=\mathgroup7
LaTeX Font Info:    Overwriting symbol font `wasy' in version `bold'
(Font)                  U/wasy/m/n --> U/wasy/b/n on input line 90.
)
(/usr/share/texmf-texlive/tex/latex/jknapltx/mathrsfs.sty
Package: mathrsfs 1996/01/01 Math RSFS package v1.0 (jk)
\symrsfs=\mathgroup8
)
(/usr/share/texmf-texlive/tex/latex/mh/mathtools.sty
Package: mathtools 2008/08/01 v1.06 mathematical typesetting tools (MH)

(/usr/share/texmf-texlive/tex/latex/tools/calc.sty
Package: calc 2007/08/22 v4.3 Infix arithmetic (KKT,FJ)
\calc@Acount=\count111
\calc@Bcount=\count112
\calc@Adimen=\dimen134
\calc@Bdimen=\dimen135
\calc@Askip=\skip54
\calc@Bskip=\skip55
LaTeX Info: Redefining \setlength on input line 76.
LaTeX Info: Redefining \addtolength on input line 77.
\calc@Ccount=\count113
\calc@Cskip=\skip56
)
(/usr/share/texmf-texlive/tex/latex/mh/mhsetup.sty
Package: mhsetup 2007/12/03 v1.2 programming setup (MH)
)
\g_MT_multlinerow_int=\count114
\l_MT_multwidth_dim=\dimen136
)
(/usr/share/texmf-texlive/tex/latex/doublestroke/dsfont.sty
Package: dsfont 1995/08/01 v0.1 Double stroke roman fonts
)
(/usr/share/texmf-texlive/tex/latex/hyperref/hyperref.sty
Package: hyperref 2009/10/09 v6.79a Hypertext links for LaTeX

(/usr/share/texmf-texlive/tex/generic/oberdiek/ifpdf.sty
Package: ifpdf 2009/04/10 v2.0 Provides the ifpdf switch (HO)
Package ifpdf Info: pdfTeX in pdf mode detected.
)
(/usr/share/texmf-texlive/tex/generic/oberdiek/ifvtex.sty
Package: ifvtex 2008/11/04 v1.4 Switches for detecting VTeX and its modes (HO)
Package ifvtex Info: VTeX not detected.
)
(/usr/share/texmf-texlive/tex/generic/ifxetex/ifxetex.sty
Package: ifxetex 2009/01/23 v0.5 Provides ifxetex conditional
)
(/usr/share/texmf-texlive/tex/latex/oberdiek/hycolor.sty
Package: hycolor 2009/10/02 v1.5 Code for color options of hyperref/bookmark (H
O)

(/usr/share/texmf-texlive/tex/latex/oberdiek/xcolor-patch.sty
Package: xcolor-patch 2009/10/02 xcolor patch
))
\@linkdim=\dimen137
\Hy@linkcounter=\count115
\Hy@pagecounter=\count116

(/usr/share/texmf-texlive/tex/latex/hyperref/pd1enc.def
File: pd1enc.def 2009/10/09 v6.79a Hyperref: PDFDocEncoding definition (HO)
Now handling font encoding PD1 ...
... no UTF-8 mapping file for font encoding PD1
)
(/usr/share/texmf-texlive/tex/generic/oberdiek/etexcmds.sty
Package: etexcmds 2007/12/12 v1.2 Prefix for e-TeX command names (HO)

(/usr/share/texmf-texlive/tex/generic/oberdiek/infwarerr.sty
Package: infwarerr 2007/09/09 v1.2 Providing info/warning/message (HO)
)
Package etexcmds Info: Could not find \expanded.
(etexcmds)             That can mean that you are not using pdfTeX 1.50 or
(etexcmds)             that some package has redefined \expanded.
(etexcmds)             In the latter case, load this package earlier.
)
(/usr/share/texmf-texlive/tex/latex/latexconfig/hyperref.cfg
File: hyperref.cfg 2002/06/06 v1.2 hyperref configuration of TeXLive
)
(/usr/share/texmf-texlive/tex/latex/oberdiek/kvoptions.sty
Package: kvoptions 2009/08/13 v3.4 Keyval support for LaTeX options (HO)

(/usr/share/texmf-texlive/tex/generic/oberdiek/kvsetkeys.sty
Package: kvsetkeys 2009/07/30 v1.5 Key value parser with default handler suppor
t (HO)
))
Package hyperref Info: Option `bookmarks' set `true' on input line 2864.
Package hyperref Info: Option `bookmarksnumbered' set `true' on input line 2864
.
Package hyperref Info: Option `hypertexnames' set `false' on input line 2864.
Package hyperref Info: Option `colorlinks' set `true' on input line 2864.
Package hyperref Info: Hyper figures OFF on input line 2975.
Package hyperref Info: Link nesting OFF on input line 2980.
Package hyperref Info: Hyper index ON on input line 2983.
Package hyperref Info: Plain pages OFF on input line 2990.
Package hyperref Info: Backreferencing OFF on input line 2995.

Implicit mode ON; LaTeX internals redefined
Package hyperref Info: Bookmarks ON on input line 3191.
(/usr/share/texmf-texlive/tex/latex/ltxmisc/url.sty
\Urlmuskip=\muskip11
Package: url 2006/04/12  ver 3.3  Verb mode for urls, etc.
)
LaTeX Info: Redefining \url on input line 3428.

(/usr/share/texmf-texlive/tex/generic/oberdiek/bitset.sty
Package: bitset 2007/09/28 v1.0 Data type bit set (HO)

(/usr/share/texmf-texlive/tex/generic/oberdiek/intcalc.sty
Package: intcalc 2007/09/27 v1.1 Expandable integer calculations (HO)
)
(/usr/share/texmf-texlive/tex/generic/oberdiek/bigintcalc.sty
Package: bigintcalc 2007/11/11 v1.1 Expandable big integer calculations (HO)

(/usr/share/texmf-texlive/tex/generic/oberdiek/pdftexcmds.sty
Package: pdftexcmds 2009/09/23 v0.6 LuaTeX support for pdfTeX utility functions
 (HO)

(/usr/share/texmf-texlive/tex/generic/oberdiek/ifluatex.sty
Package: ifluatex 2009/04/17 v1.2 Provides the ifluatex switch (HO)
Package ifluatex Info: LuaTeX not detected.
)
(/usr/share/texmf-texlive/tex/generic/oberdiek/ltxcmds.sty
Package: ltxcmds 2009/08/05 v1.0 Some LaTeX kernel commands for general use (HO
)
)
Package pdftexcmds Info: LuaTeX not detected.
Package pdftexcmds Info: \pdf@primitive is available.
Package pdftexcmds Info: \pdf@ifprimitive is available.
)))
\Fld@menulength=\count117
\Field@Width=\dimen138
\Fld@charsize=\dimen139
\Field@toks=\toks41
Package hyperref Info: Hyper figures OFF on input line 4377.
Package hyperref Info: Link nesting OFF on input line 4382.
Package hyperref Info: Hyper index ON on input line 4385.
Package hyperref Info: backreferencing OFF on input line 4392.
Package hyperref Info: Link coloring ON on input line 4395.
Package hyperref Info: Link coloring with OCG OFF on input line 4402.
Package hyperref Info: PDF/A mode OFF on input line 4407.

(/usr/share/texmf-texlive/tex/generic/oberdiek/atbegshi.sty
Package: atbegshi 2008/07/31 v1.9 At begin shipout hook (HO)
)
\Hy@abspage=\count118
\c@Item=\count119
\c@Hfootnote=\count120
)
*hyperref using default driver hpdftex*
(/usr/share/texmf-texlive/tex/latex/hyperref/hpdftex.def
File: hpdftex.def 2009/10/09 v6.79a Hyperref driver for pdfTeX
\Fld@listcount=\count121
)
(/usr/share/texmf-texlive/tex/latex/etex-pkg/etex.sty
Package: etex 1998/03/26 v2.0 eTeX basic definition package (PEB)
\et@xins=\count122
)))
(data/saetze-schmoeger.sty
\c@currsatzctr=\count123
\c@endsatzctr=\count124
\c@satz=\count125
\c@currlemmactr=\count126
\c@endlemmactr=\count127
\c@currdefusatzctr=\count128
\c@enddefusatzctr=\count129
\c@currwichtigedefinitionctr=\count130
\c@endwichtigedefinitionctr=\count131
\c@curranwendungctr=\count132
\c@endanwendungctr=\count133
\c@currwichtigesbeispielctr=\count134
\c@endwichtigesbeispielctr=\count135
\c@currwichtigebemerkungctr=\count136
\c@endwichtigebemerkungctr=\count137
\c@currwichtigebeispieleXctr=\count138
\c@endwichtigebeispieleXctr=\count139
\c@currwichtigerhilfssatzctr=\count140
\c@endwichtigerhilfssatzctr=\count141
\c@curraxiomctr=\count142
\c@endaxiomctr=\count143
\c@currsatz*ctr=\count144
\c@endsatz*ctr=\count145
\c@satz*=\count146
\c@currplaindefinitionctr=\count147
\c@endplaindefinitionctr=\count148
\c@plaindefinition=\count149
\c@currhilfssatzctr=\count150
\c@endhilfssatzctr=\count151
\c@hilfssatz=\count152
\c@currbeweisctr=\count153
\c@endbeweisctr=\count154
\c@beweis=\count155
\c@currbeispielctr=\count156
\c@endbeispielctr=\count157
\c@beispiel=\count158
\c@currvereinbarungctr=\count159
\c@endvereinbarungctr=\count160
\c@vereinbarung=\count161
\c@currbemerkungctr=\count162
\c@endbemerkungctr=\count163
\c@bemerkung=\count164
\c@currmotivationctr=\count165
\c@endmotivationctr=\count166
\c@motivation=\count167
\c@currschreibweisenctr=\count168
\c@endschreibweisenctr=\count169
\c@schreibweisen=\count170
\c@currerinnerungctr=\count171
\c@enderinnerungctr=\count172
\c@erinnerung=\count173
\c@currvorbetrachtungenctr=\count174
\c@endvorbetrachtungenctr=\count175
\c@vorbetrachtungen=\count176
\c@currbemerkungenXctr=\count177
\c@endbemerkungenXctr=\count178
\c@bemerkungenX=\count179
\c@currbeispieleXctr=\count180
\c@endbeispieleXctr=\count181
\c@beispieleX=\count182
\c@currfolgerungctr=\count183
\c@endfolgerungctr=\count184
\c@currfolgerungenctr=\count185
\c@endfolgerungenctr=\count186
)
(/usr/share/texmf/tex/latex/pgf/frontendlayer/tikz.sty
(/usr/share/texmf/tex/latex/pgf/basiclayer/pgf.sty
(/usr/share/texmf/tex/latex/pgf/utilities/pgfrcs.sty
(/usr/share/texmf/tex/generic/pgf/utilities/pgfutil-common.tex
\pgfutil@everybye=\toks42
)
(/usr/share/texmf/tex/generic/pgf/utilities/pgfutil-latex.def
\pgfutil@abb=\box32

(/usr/share/texmf-texlive/tex/latex/ms/everyshi.sty
Package: everyshi 2001/05/15 v3.00 EveryShipout Package (MS)
))
(/usr/share/texmf/tex/generic/pgf/utilities/pgfrcs.code.tex
Package: pgfrcs 2010/10/25 v2.10 (rcs-revision 1.24)
))
Package: pgf 2008/01/15 v2.10 (rcs-revision 1.12)

(/usr/share/texmf/tex/latex/pgf/basiclayer/pgfcore.sty
(/usr/share/texmf-texlive/tex/latex/graphics/graphicx.sty
Package: graphicx 1999/02/16 v1.0f Enhanced LaTeX Graphics (DPC,SPQR)

(/usr/share/texmf-texlive/tex/latex/graphics/graphics.sty
Package: graphics 2009/02/05 v1.0o Standard LaTeX Graphics (DPC,SPQR)

(/usr/share/texmf-texlive/tex/latex/graphics/trig.sty
Package: trig 1999/03/16 v1.09 sin cos tan (DPC)
)
(/etc/texmf/tex/latex/config/graphics.cfg
File: graphics.cfg 2009/08/28 v1.8 graphics configuration of TeX Live
)
Package graphics Info: Driver file: pdftex.def on input line 91.
)
\Gin@req@height=\dimen140
\Gin@req@width=\dimen141
)
(/usr/share/texmf/tex/latex/pgf/systemlayer/pgfsys.sty
(/usr/share/texmf/tex/generic/pgf/systemlayer/pgfsys.code.tex
Package: pgfsys 2010/06/30 v2.10 (rcs-revision 1.37)

(/usr/share/texmf/tex/generic/pgf/utilities/pgfkeys.code.tex
\pgfkeys@pathtoks=\toks43
\pgfkeys@temptoks=\toks44

(/usr/share/texmf/tex/generic/pgf/utilities/pgfkeysfiltered.code.tex
\pgfkeys@tmptoks=\toks45
))
\pgf@x=\dimen142
\pgf@y=\dimen143
\pgf@xa=\dimen144
\pgf@ya=\dimen145
\pgf@xb=\dimen146
\pgf@yb=\dimen147
\pgf@xc=\dimen148
\pgf@yc=\dimen149
\w@pgf@writea=\write3
\r@pgf@reada=\read2
\c@pgf@counta=\count187
\c@pgf@countb=\count188
\c@pgf@countc=\count189
\c@pgf@countd=\count190

(/usr/share/texmf/tex/generic/pgf/systemlayer/pgf.cfg
File: pgf.cfg 2008/05/14  (rcs-revision 1.7)
)
Package pgfsys Info: Driver file for pgf: pgfsys-pdftex.def on input line 900.

(/usr/share/texmf/tex/generic/pgf/systemlayer/pgfsys-pdftex.def
File: pgfsys-pdftex.def 2009/05/22  (rcs-revision 1.26)

(/usr/share/texmf/tex/generic/pgf/systemlayer/pgfsys-common-pdf.def
File: pgfsys-common-pdf.def 2008/05/19  (rcs-revision 1.10)
)))
(/usr/share/texmf/tex/generic/pgf/systemlayer/pgfsyssoftpath.code.tex
File: pgfsyssoftpath.code.tex 2008/07/18  (rcs-revision 1.7)
\pgfsyssoftpath@smallbuffer@items=\count191
\pgfsyssoftpath@bigbuffer@items=\count192
)
(/usr/share/texmf/tex/generic/pgf/systemlayer/pgfsysprotocol.code.tex
File: pgfsysprotocol.code.tex 2006/10/16  (rcs-revision 1.4)
))
(/usr/share/texmf/tex/generic/pgf/basiclayer/pgfcore.code.tex
Package: pgfcore 2010/04/11 v2.10 (rcs-revision 1.7)

(/usr/share/texmf/tex/generic/pgf/math/pgfmath.code.tex
(/usr/share/texmf/tex/generic/pgf/math/pgfmathcalc.code.tex
(/usr/share/texmf/tex/generic/pgf/math/pgfmathutil.code.tex)
(/usr/share/texmf/tex/generic/pgf/math/pgfmathparser.code.tex
\pgfmath@dimen=\dimen150
\pgfmath@count=\count193
\pgfmath@box=\box33
\pgfmath@toks=\toks46
\pgfmath@stack@operand=\toks47
\pgfmath@stack@operation=\toks48
)
(/usr/share/texmf/tex/generic/pgf/math/pgfmathfunctions.code.tex
(/usr/share/texmf/tex/generic/pgf/math/pgfmathfunctions.basic.code.tex)
(/usr/share/texmf/tex/generic/pgf/math/pgfmathfunctions.trigonometric.code.tex)
(/usr/share/texmf/tex/generic/pgf/math/pgfmathfunctions.random.code.tex)
(/usr/share/texmf/tex/generic/pgf/math/pgfmathfunctions.comparison.code.tex)
(/usr/share/texmf/tex/generic/pgf/math/pgfmathfunctions.base.code.tex)
(/usr/share/texmf/tex/generic/pgf/math/pgfmathfunctions.round.code.tex)
(/usr/share/texmf/tex/generic/pgf/math/pgfmathfunctions.misc.code.tex)))
(/usr/share/texmf/tex/generic/pgf/math/pgfmathfloat.code.tex
\c@pgfmathroundto@lastzeros=\count194
))
(/usr/share/texmf/tex/generic/pgf/basiclayer/pgfcorepoints.code.tex
File: pgfcorepoints.code.tex 2010/04/09  (rcs-revision 1.20)
\pgf@picminx=\dimen151
\pgf@picmaxx=\dimen152
\pgf@picminy=\dimen153
\pgf@picmaxy=\dimen154
\pgf@pathminx=\dimen155
\pgf@pathmaxx=\dimen156
\pgf@pathminy=\dimen157
\pgf@pathmaxy=\dimen158
\pgf@xx=\dimen159
\pgf@xy=\dimen160
\pgf@yx=\dimen161
\pgf@yy=\dimen162
\pgf@zx=\dimen163
\pgf@zy=\dimen164
)
(/usr/share/texmf/tex/generic/pgf/basiclayer/pgfcorepathconstruct.code.tex
File: pgfcorepathconstruct.code.tex 2010/08/03  (rcs-revision 1.24)
\pgf@path@lastx=\dimen165
\pgf@path@lasty=\dimen166
)
(/usr/share/texmf/tex/generic/pgf/basiclayer/pgfcorepathusage.code.tex
File: pgfcorepathusage.code.tex 2008/04/22  (rcs-revision 1.12)
\pgf@shorten@end@additional=\dimen167
\pgf@shorten@start@additional=\dimen168
)
(/usr/share/texmf/tex/generic/pgf/basiclayer/pgfcorescopes.code.tex
File: pgfcorescopes.code.tex 2010/09/08  (rcs-revision 1.34)
\pgfpic=\box34
\pgf@hbox=\box35
\pgf@layerbox@main=\box36
\pgf@picture@serial@count=\count195
)
(/usr/share/texmf/tex/generic/pgf/basiclayer/pgfcoregraphicstate.code.tex
File: pgfcoregraphicstate.code.tex 2008/04/22  (rcs-revision 1.9)
\pgflinewidth=\dimen169
)
(/usr/share/texmf/tex/generic/pgf/basiclayer/pgfcoretransformations.code.tex
File: pgfcoretransformations.code.tex 2009/06/10  (rcs-revision 1.11)
\pgf@pt@x=\dimen170
\pgf@pt@y=\dimen171
\pgf@pt@temp=\dimen172
)
(/usr/share/texmf/tex/generic/pgf/basiclayer/pgfcorequick.code.tex
File: pgfcorequick.code.tex 2008/10/09  (rcs-revision 1.3)
)
(/usr/share/texmf/tex/generic/pgf/basiclayer/pgfcoreobjects.code.tex
File: pgfcoreobjects.code.tex 2006/10/11  (rcs-revision 1.2)
)
(/usr/share/texmf/tex/generic/pgf/basiclayer/pgfcorepathprocessing.code.tex
File: pgfcorepathprocessing.code.tex 2008/10/09  (rcs-revision 1.8)
)
(/usr/share/texmf/tex/generic/pgf/basiclayer/pgfcorearrows.code.tex
File: pgfcorearrows.code.tex 2008/04/23  (rcs-revision 1.11)
)
(/usr/share/texmf/tex/generic/pgf/basiclayer/pgfcoreshade.code.tex
File: pgfcoreshade.code.tex 2008/11/23  (rcs-revision 1.13)
\pgf@max=\dimen173
\pgf@sys@shading@range@num=\count196
)
(/usr/share/texmf/tex/generic/pgf/basiclayer/pgfcoreimage.code.tex
File: pgfcoreimage.code.tex 2010/03/25  (rcs-revision 1.16)

(/usr/share/texmf/tex/generic/pgf/basiclayer/pgfcoreexternal.code.tex
File: pgfcoreexternal.code.tex 2010/09/01  (rcs-revision 1.17)
\pgfexternal@startupbox=\box37
))
(/usr/share/texmf/tex/generic/pgf/basiclayer/pgfcorelayers.code.tex
File: pgfcorelayers.code.tex 2010/08/27  (rcs-revision 1.2)
)
(/usr/share/texmf/tex/generic/pgf/basiclayer/pgfcoretransparency.code.tex
File: pgfcoretransparency.code.tex 2008/01/17  (rcs-revision 1.2)
)
(/usr/share/texmf/tex/generic/pgf/basiclayer/pgfcorepatterns.code.tex
File: pgfcorepatterns.code.tex 2009/07/02  (rcs-revision 1.3)
)))
(/usr/share/texmf/tex/generic/pgf/modules/pgfmoduleshapes.code.tex
File: pgfmoduleshapes.code.tex 2010/09/09  (rcs-revision 1.13)
\pgfnodeparttextbox=\box38
)
(/usr/share/texmf/tex/generic/pgf/modules/pgfmoduleplot.code.tex
File: pgfmoduleplot.code.tex 2010/10/22  (rcs-revision 1.8)
)
(/usr/share/texmf/tex/latex/pgf/compatibility/pgfcomp-version-0-65.sty
Package: pgfcomp-version-0-65 2007/07/03 v2.10 (rcs-revision 1.7)
\pgf@nodesepstart=\dimen174
\pgf@nodesepend=\dimen175
)
(/usr/share/texmf/tex/latex/pgf/compatibility/pgfcomp-version-1-18.sty
Package: pgfcomp-version-1-18 2007/07/23 v2.10 (rcs-revision 1.1)
))
(/usr/share/texmf/tex/latex/pgf/utilities/pgffor.sty
(/usr/share/texmf/tex/latex/pgf/utilities/pgfkeys.sty
(/usr/share/texmf/tex/generic/pgf/utilities/pgfkeys.code.tex))
(/usr/share/texmf/tex/generic/pgf/utilities/pgffor.code.tex
Package: pgffor 2010/03/23 v2.10 (rcs-revision 1.18)
\pgffor@iter=\dimen176
\pgffor@skip=\dimen177
\pgffor@stack=\toks49
\pgffor@toks=\toks50
))
(/usr/share/texmf/tex/generic/pgf/frontendlayer/tikz/tikz.code.tex
Package: tikz 2010/10/13 v2.10 (rcs-revision 1.76)

(/usr/share/texmf/tex/generic/pgf/libraries/pgflibraryplothandlers.code.tex
File: pgflibraryplothandlers.code.tex 2010/05/31 v2.10 (rcs-revision 1.15)
\pgf@plot@mark@count=\count197
\pgfplotmarksize=\dimen178
)
\tikz@lastx=\dimen179
\tikz@lasty=\dimen180
\tikz@lastxsaved=\dimen181
\tikz@lastysaved=\dimen182
\tikzleveldistance=\dimen183
\tikzsiblingdistance=\dimen184
\tikz@figbox=\box39
\tikz@tempbox=\box40
\tikztreelevel=\count198
\tikznumberofchildren=\count199
\tikznumberofcurrentchild=\count200
\tikz@fig@count=\count201

(/usr/share/texmf/tex/generic/pgf/modules/pgfmodulematrix.code.tex
File: pgfmodulematrix.code.tex 2010/08/24  (rcs-revision 1.4)
\pgfmatrixcurrentrow=\count202
\pgfmatrixcurrentcolumn=\count203
\pgf@matrix@numberofcolumns=\count204
)
\tikz@expandcount=\count205

(/usr/share/texmf/tex/generic/pgf/frontendlayer/tikz/libraries/tikzlibrarytopat
hs.code.tex
File: tikzlibrarytopaths.code.tex 2008/06/17 v2.10 (rcs-revision 1.2)
))) (/usr/share/texmf-texlive/tex/latex/wrapfig/wrapfig.sty
\wrapoverhang=\dimen185
\WF@size=\dimen186
Normal \count register pool exhausted, switching to extended pool.
\c@WF@wrappedlines=\count277
\WF@box=\box41
\WF@everypar=\toks51
Package: wrapfig 2003/01/31  v 3.6
)
\@indexfile=\write4
\openout4 = `Ana1.idx'.


Writing index file Ana1.idx
(./Ana1.aux)
\openout1 = `Ana1.aux'.

LaTeX Font Info:    Checking defaults for OML/cmm/m/it on input line 23.
LaTeX Font Info:    ... okay on input line 23.
LaTeX Font Info:    Checking defaults for T1/cmr/m/n on input line 23.
LaTeX Font Info:    ... okay on input line 23.
LaTeX Font Info:    Checking defaults for OT1/cmr/m/n on input line 23.
LaTeX Font Info:    ... okay on input line 23.
LaTeX Font Info:    Checking defaults for OMS/cmsy/m/n on input line 23.
LaTeX Font Info:    ... okay on input line 23.
LaTeX Font Info:    Checking defaults for OMX/cmex/m/n on input line 23.
LaTeX Font Info:    ... okay on input line 23.
LaTeX Font Info:    Checking defaults for U/cmr/m/n on input line 23.
LaTeX Font Info:    ... okay on input line 23.
LaTeX Font Info:    Checking defaults for PD1/pdf/m/n on input line 23.
LaTeX Font Info:    ... okay on input line 23.
 (/usr/share/texmf-texlive/tex/context/base/supp-pdf.mkii
[Loading MPS to PDF converter (version 2006.09.02).]
\scratchcounter=\count278
\scratchdimen=\dimen187
\scratchbox=\box42
\nofMPsegments=\count279
\nofMParguments=\count280
\everyMPshowfont=\toks52
\MPscratchCnt=\count281
\MPscratchDim=\dimen188
\MPnumerator=\count282
\everyMPtoPDFconversion=\toks53
)
Package hyperref Info: Link coloring ON on input line 23.
 (/usr/share/texmf-texlive/tex/latex/hyperref/nameref.sty
Package: nameref 2007/05/29 v2.31 Cross-referencing by name of section

(/usr/share/texmf-texlive/tex/latex/oberdiek/refcount.sty
Package: refcount 2008/08/11 v3.1 Data extraction from references (HO)
)
\c@section@level=\count283
)
LaTeX Info: Redefining \ref on input line 23.
LaTeX Info: Redefining \pageref on input line 23.
 (./Ana1.out)
(./Ana1.out)
\@outlinefile=\write5
\openout5 = `Ana1.out'.

\AtBeginShipoutBox=\box43
 ABD: EveryShipout initializing macros
LaTeX Font Info:    Try loading font information for T1+cmss on input line 25.

(/usr/share/texmf-texlive/tex/latex/base/t1cmss.fd
File: t1cmss.fd 1999/05/25 v2.5h Standard LaTeX font definitions
)
LaTeX Font Info:    Try loading font information for U+msa on input line 25.

(/usr/share/texmf-texlive/tex/latex/amsfonts/umsa.fd
File: umsa.fd 2009/06/22 v3.00 AMS symbols A
)
LaTeX Font Info:    Try loading font information for U+msb on input line 25.

(/usr/share/texmf-texlive/tex/latex/amsfonts/umsb.fd
File: umsb.fd 2009/06/22 v3.00 AMS symbols B
)
LaTeX Font Info:    Try loading font information for U+stmry on input line 25.

(/usr/share/texmf-texlive/tex/latex/stmaryrd/Ustmry.fd)
LaTeX Font Info:    Try loading font information for U+wasy on input line 25.

(/usr/share/texmf-texlive/tex/latex/wasysym/uwasy.fd
File: uwasy.fd 2003/10/30 v2.0 Wasy-2 symbol font definitions
)
LaTeX Font Info:    Try loading font information for U+rsfs on input line 25.

(/usr/share/texmf-texlive/tex/latex/jknapltx/ursfs.fd
File: ursfs.fd 1998/03/24 rsfs font definition file (jk)
)
LaTeX Font Info:    Try loading font information for T1+cmtt on input line 25.

(/usr/share/texmf-texlive/tex/latex/base/t1cmtt.fd
File: t1cmtt.fd 1999/05/25 v2.5h Standard LaTeX font definitions
) [1
Non-PDF special ignored!
Non-PDF special ignored!
Non-PDF special ignored!



{/var/lib/texmf/fonts/map/pdftex/updmap/pdftex.map}]
[2

]

Package hyperref Warning: No destination for bookmark of \addcontentsline,
(hyperref)                destination is added on input line 28.

(./Ana1.toc
Class scrbook Info: You've told me to use the font selection of the element
(scrbook)           `sectioning' that is an alias of element `disposition'
(scrbook)            on input line 2.
Class scrbook Info: You've told me to use the font selection of the element
(scrbook)           `sectioning' that is an alias of element `disposition'
(scrbook)            on input line 3.
Class scrbook Info: You've told me to use the font selection of the element
(scrbook)           `sectioning' that is an alias of element `disposition'
(scrbook)            on input line 7.
Class scrbook Info: You've told me to use the font selection of the element
(scrbook)           `sectioning' that is an alias of element `disposition'
(scrbook)            on input line 11.
Class scrbook Info: You've told me to use the font selection of the element
(scrbook)           `sectioning' that is an alias of element `disposition'
(scrbook)            on input line 12.
Class scrbook Info: You've told me to use the font selection of the element
(scrbook)           `sectioning' that is an alias of element `disposition'
(scrbook)            on input line 13.
Class scrbook Info: You've told me to use the font selection of the element
(scrbook)           `sectioning' that is an alias of element `disposition'
(scrbook)            on input line 14.
Class scrbook Info: You've told me to use the font selection of the element
(scrbook)           `sectioning' that is an alias of element `disposition'
(scrbook)            on input line 15.
Class scrbook Info: You've told me to use the font selection of the element
(scrbook)           `sectioning' that is an alias of element `disposition'
(scrbook)            on input line 16.
Class scrbook Info: You've told me to use the font selection of the element
(scrbook)           `sectioning' that is an alias of element `disposition'
(scrbook)            on input line 19.
Class scrbook Info: You've told me to use the font selection of the element
(scrbook)           `sectioning' that is an alias of element `disposition'
(scrbook)            on input line 20.
Class scrbook Info: You've told me to use the font selection of the element
(scrbook)           `sectioning' that is an alias of element `disposition'
(scrbook)            on input line 23.
Class scrbook Info: You've told me to use the font selection of the element
(scrbook)           `sectioning' that is an alias of element `disposition'
(scrbook)            on input line 24.
Class scrbook Info: You've told me to use the font selection of the element
(scrbook)           `sectioning' that is an alias of element `disposition'
(scrbook)            on input line 25.
Class scrbook Info: You've told me to use the font selection of the element
(scrbook)           `sectioning' that is an alias of element `disposition'
(scrbook)            on input line 26.
Class scrbook Info: You've told me to use the font selection of the element
(scrbook)           `sectioning' that is an alias of element `disposition'
(scrbook)            on input line 27.
Class scrbook Info: You've told me to use the font selection of the element
(scrbook)           `sectioning' that is an alias of element `disposition'
(scrbook)            on input line 28.
Class scrbook Info: You've told me to use the font selection of the element
(scrbook)           `sectioning' that is an alias of element `disposition'
(scrbook)            on input line 29.
Class scrbook Info: You've told me to use the font selection of the element
(scrbook)           `sectioning' that is an alias of element `disposition'
(scrbook)            on input line 30.
Class scrbook Info: You've told me to use the font selection of the element
(scrbook)           `sectioning' that is an alias of element `disposition'
(scrbook)            on input line 32.
Class scrbook Info: You've told me to use the font selection of the element
(scrbook)           `sectioning' that is an alias of element `disposition'
(scrbook)            on input line 33.
 [3


]
Class scrbook Info: You've told me to use the font selection of the element
(scrbook)           `sectioning' that is an alias of element `disposition'
(scrbook)            on input line 34.
Class scrbook Info: You've told me to use the font selection of the element
(scrbook)           `sectioning' that is an alias of element `disposition'
(scrbook)            on input line 35.
Class scrbook Info: You've told me to use the font selection of the element
(scrbook)           `sectioning' that is an alias of element `disposition'
(scrbook)            on input line 36.
Class scrbook Info: You've told me to use the font selection of the element
(scrbook)           `sectioning' that is an alias of element `disposition'
(scrbook)            on input line 37.
Class scrbook Info: You've told me to use the font selection of the element
(scrbook)           `sectioning' that is an alias of element `disposition'
(scrbook)            on input line 38.
Class scrbook Info: You've told me to use the font selection of the element
(scrbook)           `sectioning' that is an alias of element `disposition'
(scrbook)            on input line 40.
Class scrbook Info: You've told me to use the font selection of the element
(scrbook)           `sectioning' that is an alias of element `disposition'
(scrbook)            on input line 44.
Class scrbook Info: You've told me to use the font selection of the element
(scrbook)           `sectioning' that is an alias of element `disposition'
(scrbook)            on input line 45.
Class scrbook Info: You've told me to use the font selection of the element
(scrbook)           `sectioning' that is an alias of element `disposition'
(scrbook)            on input line 46.
Class scrbook Info: You've told me to use the font selection of the element
(scrbook)           `sectioning' that is an alias of element `disposition'
(scrbook)            on input line 47.
Class scrbook Info: You've told me to use the font selection of the element
(scrbook)           `sectioning' that is an alias of element `disposition'
(scrbook)            on input line 48.
)
\tf@toc=\write6
\openout6 = `Ana1.toc'.

 [4]
Kapitel I.
[5


] [6


]
Kapitel II.
LaTeX Font Info:    Try loading font information for OMS+cmr on input line 62.
(/usr/share/texmf-texlive/tex/latex/base/omscmr.fd
File: omscmr.fd 1999/05/25 v2.5h Standard LaTeX font definitions
)
LaTeX Font Info:    Font shape `OMS/cmr/m/n' in size <10.95> not available
(Font)              Font shape `OMS/cmsy/m/n' tried instead on input line 62.
 [7] [8


]
\IeC {\textsection } 1.
Package hyperref Info: bookmark level for unknown axiom defaults to 0 on input 
line 84.
Package hyperref Info: bookmark level for unknown beispieleX defaults to 0 on i
nput line 102.
[9]
Package hyperref Info: bookmark level for unknown schreibweisen defaults to 0 o
n input line 118.
Package hyperref Info: bookmark level for unknown plaindefinition defaults to 0
 on input line 142.
Package hyperref Info: bookmark level for unknown satz defaults to 0 on input l
ine 152.
Package hyperref Info: bookmark level for unknown beweis defaults to 0 on input
 line 163.

Underfull \hbox (badness 10000) in paragraph at lines 165--167

 []

[10]

LaTeX Font Warning: Font shape `U/stmry/b/n' undefined
(Font)              using `U/stmry/m/n' instead on input line 206.


LaTeX Font Warning: Font shape `U/wasy/b/n' in size <8> not available
(Font)              Font shape `U/wasy/m/n' tried instead on input line 206.


LaTeX Font Warning: Font shape `U/wasy/b/n' in size <6> not available
(Font)              Font shape `U/wasy/m/n' tried instead on input line 206.

[11] [12]
\IeC {\textsection } 2.
Package hyperref Info: bookmark level for unknown beispiel defaults to 0 on inp
ut line 239.
[13


] [14] [15] [16


]
\IeC {\textsection } 3.

Underfull \hbox (badness 10000) in paragraph at lines 344--345

 []

[17]
Package hyperref Info: bookmark level for unknown satz* defaults to 0 on input 
line 373.
 [18]
\IeC {\textsection } 4.

Underfull \vbox (badness 3780) has occurred while \output is active []

 [19


]
[20]
\IeC {\textsection } 5.
Package hyperref Info: bookmark level for unknown wichtigerhilfssatz defaults t
o 0 on input line 465.
Package hyperref Info: bookmark level for unknown wichtigedefinition defaults t
o 0 on input line 480.
Package hyperref Info: bookmark level for unknown bemerkung defaults to 0 on in
put line 485.
[21


] [22]
\IeC {\textsection } 6.

Underfull \hbox (badness 10000) in paragraph at lines 525--526

 []

Package hyperref Info: bookmark level for unknown vereinbarung defaults to 0 on
 input line 535.
[23


] [24] [25] [26]
\IeC {\textsection } 7.
Package hyperref Info: bookmark level for unknown wichtigesbeispiel defaults to
 0 on input line 707.
[27


] [28] [29] [30


]
\IeC {\textsection } 8.
Package hyperref Info: bookmark level for unknown erinnerung defaults to 0 on i
nput line 778.
[31]
Package hyperref Info: bookmark level for unknown hilfssatz defaults to 0 on in
put line 834.
 [32]
\IeC {\textsection } 9.
[33


] [34]
Package hyperref Info: bookmark level for unknown folgerung defaults to 0 on in
put line 928.
 [35] [36


]
\IeC {\textsection } 10.
Package hyperref Info: bookmark level for unknown motivation defaults to 0 on i
nput line 958.
[37] [38


]
\IeC {\textsection } 11.
[39] [40] [41] [42


]
\IeC {\textsection } 12.
[43] [44] [45] [46]
\IeC {\textsection } 13.
[47


]
Overfull \hbox (23.94106pt too wide) in paragraph at lines 1295--1296
[]\T1/cmr/m/n/10.95 Sei $\OML/cmm/m/it/10.95 n \OMS/cmsy/m/n/10.95 2 \U/msb/m/n
/10.95 N$ \T1/cmr/m/n/10.95 und $\OML/cmm/m/it/10.95 j \OT1/cmr/m/n/10.95 := []
\OMS/cmsy/m/n/10.95 f\OML/cmm/m/it/10.95 ^^^\OT1/cmr/m/n/10.95 (1)\OML/cmm/m/it
/10.95 ; ^^^\OT1/cmr/m/n/10.95 (2)\OML/cmm/m/it/10.95 ; [] ; ^^^\OT1/cmr/m/n/10
.95 (\OML/cmm/m/it/10.95 n\OT1/cmr/m/n/10.95 )\OMS/cmsy/m/n/10.95 g$\T1/cmr/m/n
/10.95 . Dann: $\OMS/cmsy/m/n/10.95 f\OML/cmm/m/it/10.95 ^^^\OT1/cmr/m/n/10.95 
(1)\OML/cmm/m/it/10.95 ; ^^^\OT1/cmr/m/n/10.95 (2)\OML/cmm/m/it/10.95 ; [] ; ^^
^\OT1/cmr/m/n/10.95 (\OML/cmm/m/it/10.95 n\OT1/cmr/m/n/10.95 )\OMS/cmsy/m/n/10.
95 g ^^R f\OT1/cmr/m/n/10.95 1\OML/cmm/m/it/10.95 ; \OT1/cmr/m/n/10.95 2\OML/cm
m/m/it/10.95 ; [] ; j\OMS/cmsy/m/n/10.95 g  \OT1/cmr/m/n/10.95 =[]\OMS/cmsy/m/n
/10.95 )
 []

[48]
Underfull \hbox (badness 1762) in paragraph at lines 1431--1432
[]$\OML/cmm/m/it/10.95 E\OT1/cmr/m/n/10.95 (\OML/cmm/m/it/10.95 x \OT1/cmr/m/n/
10.95 + \OML/cmm/m/it/10.95 y\OT1/cmr/m/n/10.95 ) = \OML/cmm/m/it/10.95 E\OT1/c
mr/m/n/10.95 (\OML/cmm/m/it/10.95 x\OT1/cmr/m/n/10.95 )\OML/cmm/m/it/10.95 E\OT
1/cmr/m/n/10.95 (\OML/cmm/m/it/10.95 y\OT1/cmr/m/n/10.95 ) \OMS/cmsy/m/n/10.95 
8\OML/cmm/m/it/10.95 x; y \OMS/cmsy/m/n/10.95 2 \U/msb/m/n/10.95 R$\T1/cmr/m/n/
10.95 ; all-ge-mein: $\OML/cmm/m/it/10.95 E\OT1/cmr/m/n/10.95 (\OML/cmm/m/it/10
.95 x[] \OT1/cmr/m/n/10.95 + \OML/cmm/m/it/10.95 x[] \OT1/cmr/m/n/10.95 + [] + 
\OML/cmm/m/it/10.95 x[]\OT1/cmr/m/n/10.95 ) =
 []

[49] [50] [51] [52


]
\IeC {\textsection } 14.
[53] [54]
\IeC {\textsection } 15.

Package hyperref Warning: Token not allowed in a PDF string (PDFDocEncoding):
(hyperref)                removing `math shift' on input line 1573.


Package hyperref Warning: Token not allowed in a PDF string (PDFDocEncoding):
(hyperref)                removing `math shift' on input line 1573.

[55


] [56] [57] [58


]
\IeC {\textsection } 16.
[59] [60]
Underfull \hbox (badness 10000) in paragraph at lines 1747--1749

 []

[61] [62]
\IeC {\textsection } 17.
[63


] [64]
\IeC {\textsection } 18.
Package hyperref Info: bookmark level for unknown anwendung defaults to 0 on in
put line 1865.
[65


] [66]
\c@curreigenschaftenctr=\count284
\c@endeigenschaftenctr=\count285
Package hyperref Info: bookmark level for unknown eigenschaften defaults to 0 o
n input line 1940.
 [67] [68]
\IeC {\textsection } 19.
[69


] [70] [71] [72


]
\IeC {\textsection } 20.
[73] [74]
\IeC {\textsection } 21.
[75


]
Overfull \hbox (0.58354pt too wide) in paragraph at lines 2175--2178
\T1/cmr/m/n/10.95 Es gilt: $\OML/cmm/m/it/10.95 x \OT1/cmr/m/n/10.95 = \OML/cmm
/m/it/10.95 f\OT1/cmr/m/n/10.95 (\OML/cmm/m/it/10.95 f[]\OT1/cmr/m/n/10.95 (\OM
L/cmm/m/it/10.95 x\OT1/cmr/m/n/10.95 ))(\OMS/cmsy/m/n/10.95 ^^C\OT1/cmr/m/n/10.
95 ) \OMS/cmsy/m/n/10.95 8\OML/cmm/m/it/10.95 x \OMS/cmsy/m/n/10.95 ^^U \OT1/cm
r/m/n/10.95 0$ \T1/cmr/m/n/10.95 An-nah-me: $\OML/cmm/m/it/10.95 f[]$ \T1/cmr/m
/n/10.95 ist dif-fe-ren-zier-bar in $\OML/cmm/m/it/10.95 x[] \OT1/cmr/m/n/10.95
 = 0  []
 []

[76]
Package hyperref Info: bookmark level for unknown bemerkungenX defaults to 0 on
 input line 2228.
 [77]
Package hyperref Info: bookmark level for unknown folgerungen defaults to 0 on 
input line 2266.
 [78] [79] [80] [81] [82]
\IeC {\textsection } 22.
[83


] [84] [85]
\c@currmerkregelctr=\count286
\c@endmerkregelctr=\count287
\c@merkregel=\count288
 [86]
\IeC {\textsection } 23.
LaTeX Font Info:    Try loading font information for U+euf on input line 2578.
(/usr/share/texmf-texlive/tex/latex/amsfonts/ueuf.fd
File: ueuf.fd 2009/06/22 v3.00 Euler Fraktur
) [87


]
Overfull \hbox (26.57596pt too wide) detected at line 2633
\OML/cmm/m/it/10.95 m[] \OT1/cmr/m/n/10.95 = \OML/cmm/m/it/10.95 f\OT1/cmr/m/n/
10.95 (\OML/cmm/m/it/10.95 x[]\OT1/cmr/m/n/10.95 ) = (\OML/cmm/m/it/10.95 j \OM
S/cmsy/m/n/10.95 ^^@ \OT1/cmr/m/n/10.95 1)[]\OML/cmm/m/it/10.95 : s[]\OT1/cmr/m
/n/10.95 (\OML/cmm/m/it/10.95 Z\OT1/cmr/m/n/10.95 ) = [](\OML/cmm/m/it/10.95 j 
\OMS/cmsy/m/n/10.95 ^^@ \OT1/cmr/m/n/10.95 1)[] = [](0 + 1 + [] + (\OML/cmm/m/i
t/10.95 n \OMS/cmsy/m/n/10.95 ^^@ \OT1/cmr/m/n/10.95 1)) = [][] = []
 []

[88]
Underfull \hbox (badness 10000) in paragraph at lines 2673--2674

 []

[89] [90] [91] [92]
Underfull \hbox (badness 10000) in paragraph at lines 2812--2814

 []


Underfull \vbox (badness 1371) has occurred while \output is active []

 [93]
[94]
Overfull \hbox (38.1373pt too wide) in paragraph at lines 2865--2866
[]\T1/cmr/m/n/10.95 Sei $\OML/cmm/m/it/10.95 " > \OT1/cmr/m/n/10.95 0\OML/cmm/m
/it/10.95 :$ \T1/cmr/m/n/10.95 Nach Vor-aus-set-zung gibt es ein $\OML/cmm/m/it
/10.95 Z \OMS/cmsy/m/n/10.95 2 \U/euf/m/n/10.95 Z$ \T1/cmr/m/n/10.95 so, dass (
$\OMS/cmsy/m/n/10.95 ^^C$\T1/cmr/m/n/10.95 ) gilt. Sei $\OML/cmm/m/it/10.95 Z \
OT1/cmr/m/n/10.95 := \OMS/cmsy/m/n/10.95 f\OML/cmm/m/it/10.95 x[]; [] ; x[]\OMS
/cmsy/m/n/10.95 g\OML/cmm/m/it/10.95 ;  m[];  M[];  I[]$
 []

[95] [96]
Overfull \hbox (5.45587pt too wide) in paragraph at lines 2935--2936
[]$[] [][] \OML/cmm/m/it/10.95 x[]x \OT1/cmr/m/n/10.95 = [] [] [] []\OML/cmm/m/
it/10.95 x \OT1/cmr/m/n/10.95 = \OMS/cmsy/m/n/10.95 ^^@ [] \OML/cmm/m/it/10.95 
x [] x \OMS/cmsy/m/n/10.95 ^^@ [] [] \OT1/cmr/m/n/10.95 = \OMS/cmsy/m/n/10.95 ^
^@ [] \OML/cmm/m/it/10.95 x [] x \OT1/cmr/m/n/10.95 + [](1 \OMS/cmsy/m/n/10.95 
^^@ [][] \OML/cmm/m/it/10.95 x\OT1/cmr/m/n/10.95 )[]\OML/cmm/m/it/10.95 x \OT1/
cmr/m/n/10.95 =
 []

Package hyperref Info: bookmark level for unknown merkregel defaults to 0 on in
put line 2952.
[97]
Overfull \hbox (14.73404pt too wide) in paragraph at lines 2963--2964
[][] [][]\OML/cmm/m/it/10.95 x \OT1/cmr/m/n/10.95 = [][] [] [] \OML/cmm/m/it/10
.95 t[]t \OT1/cmr/m/n/10.95 = [][] \OMS/cmsy/m/n/10.95 j [] \OML/cmm/m/it/10.95
 t\OMS/cmsy/m/n/10.95 j [] \OML/cmm/m/it/10.95 t[]t \OT1/cmr/m/n/10.95 = [][] [
][] \OML/cmm/m/it/10.95 t[]t \OT1/cmr/m/n/10.95 = [][](1 \OMS/cmsy/m/n/10.95 ^^
@ [][] \OML/cmm/m/it/10.95 t\OT1/cmr/m/n/10.95 )[]\OML/cmm/m/it/10.95 t \OT1/cm
r/m/n/10.95 =
 []

[98] [99] [100] [101] [102


]
\IeC {\textsection } 24.
[103] [104]
\IeC {\textsection } 25.
[105


] [106]
\IeC {\textsection } 26.
\c@currbezeichnungenctr=\count289
\c@endbezeichnungenctr=\count290
\c@bezeichnungen=\count291

Overfull \hbox (17.28838pt too wide) in paragraph at lines 3263--3264
[]$\OML/cmm/m/it/10.95 f$ \T1/cmr/m/n/10.95 heit []\T1/cmr/bx/n/10.95 Riemann-
Stieltjes-integrierbar \T1/cmr/m/n/10.95 bzgl. $\OML/cmm/m/it/10.95 g$ \T1/cmr/
m/n/10.95 ber $\OT1/cmr/m/n/10.95 [\OML/cmm/m/it/10.95 a; b\OT1/cmr/m/n/10.95 
] : \OMS/cmsy/m/n/10.95 ([])  9\OML/cmm/m/it/10.95 S \OMS/cmsy/m/n/10.95 2 \U/m
sb/m/n/10.95 R \OT1/cmr/m/n/10.95 : \OML/cmm/m/it/10.95 ^^[[]\OT1/cmr/m/n/10.95
 (\OML/cmm/m/it/10.95 Z[]; ^^X[]; g\OT1/cmr/m/n/10.95 ) \OMS/cmsy/m/n/10.95 !
 []

[107


] [108]
Package hyperref Info: bookmark level for unknown bezeichnungen defaults to 0 o
n input line 3353.

Overfull \hbox (4.5395pt too wide) in paragraph at lines 3353--3354
[]\T1/cmr/m/n/10.95 Sei $\OML/cmm/m/it/10.95 Z \OT1/cmr/m/n/10.95 = \OMS/cmsy/m
/n/10.95 f\OML/cmm/m/it/10.95 x[]; [] ; x[]\OMS/cmsy/m/n/10.95 g 2 \U/euf/m/n/1
0.95 Z\OML/cmm/m/it/10.95 : m[]; M[]; I[]$ \T1/cmr/m/n/10.95 sei-en wie im-mer,
 $\OML/cmm/m/it/10.95 d[] \OT1/cmr/m/n/10.95 := \OML/cmm/m/it/10.95 g\OT1/cmr/m
/n/10.95 (\OML/cmm/m/it/10.95 x[]\OT1/cmr/m/n/10.95 ) \OMS/cmsy/m/n/10.95 ^^@ \
OML/cmm/m/it/10.95 g\OT1/cmr/m/n/10.95 (\OML/cmm/m/it/10.95 x[]\OT1/cmr/m/n/10.
95 ) (\OML/cmm/m/it/10.95 j \OT1/cmr/m/n/10.95 = 1\OML/cmm/m/it/10.95 ; [] ; n\
OT1/cmr/m/n/10.95 )\OML/cmm/m/it/10.95 : s\OT1/cmr/m/n/10.95 (\OML/cmm/m/it/10.
95 Z\OT1/cmr/m/n/10.95 ) =
 []

[109] [110]
Anhang A.
** Generating table of satz,wichtigedefinition
(./Ana1.thm [111


]
Underfull \vbox (badness 5771) has occurred while \output is active []

 [112]
Overfull \hbox (2.7858pt too wide) detected at line 286
\T1/cmr/m/n/10.95 21.10. 
 []


Overfull \hbox (2.7858pt too wide) detected at line 288
\T1/cmr/m/n/10.95 21.11. 
 []


Overfull \hbox (2.7858pt too wide) detected at line 335
\T1/cmr/m/n/10.95 23.10. 
 []


Overfull \hbox (2.7858pt too wide) detected at line 337
\T1/cmr/m/n/10.95 23.11. 
 []


Overfull \hbox (2.7858pt too wide) detected at line 339
\T1/cmr/m/n/10.95 23.12. 
 []


Underfull \vbox (badness 5771) has occurred while \output is active []

 [113]
Overfull \hbox (2.7858pt too wide) detected at line 343
\T1/cmr/m/n/10.95 23.13. 
 []


Overfull \hbox (2.7858pt too wide) detected at line 345
\T1/cmr/m/n/10.95 23.14. 
 []


Overfull \hbox (2.7858pt too wide) detected at line 348
\T1/cmr/m/n/10.95 23.15. 
 []


Overfull \hbox (2.7858pt too wide) detected at line 351
\T1/cmr/m/n/10.95 23.16. 
 []


Overfull \hbox (2.7858pt too wide) detected at line 356
\T1/cmr/m/n/10.95 23.17. 
 []


Overfull \hbox (2.7858pt too wide) detected at line 359
\T1/cmr/m/n/10.95 23.18. 
 []


Overfull \hbox (2.7858pt too wide) detected at line 363
\T1/cmr/m/n/10.95 23.19. 
 []


Overfull \hbox (2.7858pt too wide) detected at line 366
\T1/cmr/m/n/10.95 23.20. 
 []

) (./Ana1.ind [114] [115





] [116])
Anhang B.

Underfull \hbox (badness 10000) in paragraph at lines 3391--3419

 []

\tf@thm=\write7
\openout7 = `Ana1.thm'.

[117



] (./Ana1.aux)

LaTeX Font Warning: Some font shapes were not available, defaults substituted.

 ) 
Here is how much of TeX's memory you used:
 19782 strings out of 493857
 322807 string characters out of 1153304
 421692 words of memory out of 3000000
 21485 multiletter control sequences out of 15000+50000
 36509 words of font info for 117 fonts, out of 3000000 for 9000
 714 hyphenation exceptions out of 8191
 61i,16n,55p,953b,510s stack positions out of 5000i,500n,10000p,200000b,50000s
{/usr/share/texmf/fonts/enc/dvips/cm-super/cm-super-t1.enc}</usr/share/texmf-
texlive/fonts/type1/public/amsfonts/cm/cmbsy10.pfb></usr/share/texmf-texlive/fo
nts/type1/public/amsfonts/cm/cmbx10.pfb></usr/share/texmf-texlive/fonts/type1/p
ublic/amsfonts/cm/cmex10.pfb></usr/share/texmf-texlive/fonts/type1/public/amsfo
nts/cmextra/cmex8.pfb></usr/share/texmf-texlive/fonts/type1/public/amsfonts/cm/
cmmi10.pfb></usr/share/texmf-texlive/fonts/type1/public/amsfonts/cm/cmmi12.pfb>
</usr/share/texmf-texlive/fonts/type1/public/amsfonts/cm/cmmi6.pfb></usr/share/
texmf-texlive/fonts/type1/public/amsfonts/cm/cmmi8.pfb></usr/share/texmf-texliv
e/fonts/type1/public/amsfonts/cm/cmmib10.pfb></usr/share/texmf-texlive/fonts/ty
pe1/public/amsfonts/cmextra/cmmib6.pfb></usr/share/texmf-texlive/fonts/type1/pu
blic/amsfonts/cmextra/cmmib8.pfb></usr/share/texmf-texlive/fonts/type1/public/a
msfonts/cm/cmr10.pfb></usr/share/texmf-texlive/fonts/type1/public/amsfonts/cm/c
mr6.pfb></usr/share/texmf-texlive/fonts/type1/public/amsfonts/cm/cmr8.pfb></usr
/share/texmf-texlive/fonts/type1/public/amsfonts/cm/cmsy10.pfb></usr/share/texm
f-texlive/fonts/type1/public/amsfonts/cm/cmsy6.pfb></usr/share/texmf-texlive/fo
nts/type1/public/amsfonts/cm/cmsy8.pfb></usr/share/texmf-texlive/fonts/type1/pu
blic/amsfonts/euler/eufm10.pfb></usr/share/texmf-texlive/fonts/type1/public/ams
fonts/symbols/msam10.pfb></usr/share/texmf-texlive/fonts/type1/public/amsfonts/
symbols/msbm10.pfb></usr/share/texmf-texlive/fonts/type1/public/rsfs/rsfs10.pfb
></usr/share/texmf/fonts/type1/public/cm-super/sfbi1095.pfb></usr/share/texmf/f
onts/type1/public/cm-super/sfbx1095.pfb></usr/share/texmf/fonts/type1/public/cm
-super/sfrm0600.pfb></usr/share/texmf/fonts/type1/public/cm-super/sfrm0800.pfb>
</usr/share/texmf/fonts/type1/public/cm-super/sfrm1095.pfb></usr/share/texmf/fo
nts/type1/public/cm-super/sfrm1440.pfb></usr/share/texmf/fonts/type1/public/cm-
super/sfsl1095.pfb></usr/share/texmf/fonts/type1/public/cm-super/sfsx1095.pfb><
/usr/share/texmf/fonts/type1/public/cm-super/sfsx1440.pfb></usr/share/texmf/fon
ts/type1/public/cm-super/sfsx2074.pfb></usr/share/texmf/fonts/type1/public/cm-s
uper/sfti1095.pfb></usr/share/texmf/fonts/type1/public/cm-super/sftt1095.pfb></
usr/share/texmf/fonts/type1/public/cm-super/sftt1440.pfb>
Output written on Ana1.pdf (117 pages, 1169441 bytes).
PDF statistics:
 2255 PDF objects out of 2487 (max. 8388607)
 1112 named destinations out of 1200 (max. 500000)
 317 words of extra memory for PDF output out of 10000 (max. 10000000)

