
Running /usr/bin/pdflatex Ana2.tex in an env with 4 entries:
This is pdfTeX, Version 3.1415926-1.40.10 (TeX Live 2009/Debian)
entering extended mode
(data/Ana2.tex
LaTeX2e <2009/09/24>
Babel <v3.8l> and hyphenation patterns for english, usenglishmax, dumylang, noh
yphenation, farsi, arabic, croatian, bulgarian, ukrainian, russian, czech, slov
ak, danish, dutch, finnish, french, basque, ngerman, german, german-x-2009-06-1
9, ngerman-x-2009-06-19, ibycus, monogreek, greek, ancientgreek, hungarian, san
skrit, italian, latin, latvian, lithuanian, mongolian2a, mongolian, bokmal, nyn
orsk, romanian, irish, coptic, serbian, turkish, welsh, esperanto, uppersorbian
, estonian, indonesian, interlingua, icelandic, kurmanji, slovenian, polish, po
rtuguese, spanish, galician, catalan, swedish, ukenglish, loaded.
(/usr/share/texmf-texlive/tex/latex/koma-script/scrbook.cls
Document Class: scrbook 2009/07/24 v3.04a KOMA-Script document class (book)
(/usr/share/texmf-texlive/tex/latex/koma-script/scrkbase.sty
(/usr/share/texmf-texlive/tex/latex/koma-script/scrbase.sty
(/usr/share/texmf-texlive/tex/latex/graphics/keyval.sty)
(/usr/share/texmf-texlive/tex/latex/koma-script/scrlfile.sty
Package scrlfile, 2009/03/25 v3.03 KOMA-Script package (loading files)
                  Copyright (C) Markus Kohm

))) (/usr/share/texmf-texlive/tex/latex/koma-script/tocbasic.sty)
(/usr/share/texmf-texlive/tex/latex/koma-script/scrsize11pt.clo)
(/usr/share/texmf-texlive/tex/latex/koma-script/typearea.sty
Package typearea, 2009/07/24 v3.04a KOMA-Script package (type area)
                  Copyright (C) Frank Neukam, 1992-1994
                  Copyright (C) Markus Kohm, 1994-

)) (data/ana.sty (data/mathe.sty (data/latexki.sty)
(/usr/share/texmf-texlive/tex/latex/base/inputenc.sty
(/usr/share/texmf-texlive/tex/latex/base/utf8.def
(/usr/share/texmf-texlive/tex/latex/base/t1enc.dfu)
(/usr/share/texmf-texlive/tex/latex/base/ot1enc.dfu)
(/usr/share/texmf-texlive/tex/latex/base/omsenc.dfu)))
(/usr/share/texmf-texlive/tex/generic/babel/babel.sty
(/usr/share/texmf-texlive/tex/generic/babel/ngermanb.ldf
(/usr/share/texmf-texlive/tex/generic/babel/babel.def)))
(/usr/share/texmf-texlive/tex/latex/base/fontenc.sty
(/usr/share/texmf-texlive/tex/latex/base/t1enc.def))
(/usr/share/texmf-texlive/tex/latex/amsfonts/amsfonts.sty)
(/usr/share/texmf-texlive/tex/latex/amsfonts/amssymb.sty)
(/usr/share/texmf-texlive/tex/latex/amsmath/amsmath.sty
For additional information on amsmath, use the `?' option.
(/usr/share/texmf-texlive/tex/latex/amsmath/amstext.sty
(/usr/share/texmf-texlive/tex/latex/amsmath/amsgen.sty))
(/usr/share/texmf-texlive/tex/latex/amsmath/amsbsy.sty)
(/usr/share/texmf-texlive/tex/latex/amsmath/amsopn.sty))
(/usr/share/texmf-texlive/tex/latex/stmaryrd/stmaryrd.sty)
(/usr/share/texmf-texlive/tex/latex/tools/verbatim.sty)
(/usr/share/texmf-texlive/tex/latex/base/ifthen.sty)
(/usr/share/texmf-texlive/tex/latex/ntheorem/ntheorem.sty
Style `ntheorem', Version 1.25 <2005/07/07>
) (/usr/share/texmf-texlive/tex/latex/ltxmisc/framed.sty)
(/usr/share/texmf-texlive/tex/latex/pstricks/pstricks.sty
(/usr/share/texmf-texlive/tex/generic/pstricks/pstricks.tex
`PSTricks' v1.29  <2009/05/19> (tvz)
(/usr/share/texmf-texlive/tex/generic/pstricks/pstricks.con))
(/usr/share/texmf/tex/latex/xcolor/xcolor.sty
(/etc/texmf/tex/latex/config/color.cfg)
(/usr/share/texmf-texlive/tex/latex/pdftex-def/pdftex.def)))
(/usr/share/texmf-texlive/tex/latex/carlisle/slashed.sty)
(/usr/share/texmf-texlive/tex/latex/base/makeidx.sty)
(/usr/share/texmf-texlive/tex/latex/wasysym/wasysym.sty)
(/usr/share/texmf-texlive/tex/latex/jknapltx/mathrsfs.sty)
(/usr/share/texmf-texlive/tex/latex/mh/mathtools.sty
(/usr/share/texmf-texlive/tex/latex/tools/calc.sty)
(/usr/share/texmf-texlive/tex/latex/mh/mhsetup.sty))
(/usr/share/texmf-texlive/tex/latex/doublestroke/dsfont.sty)
(/usr/share/texmf-texlive/tex/latex/hyperref/hyperref.sty
(/usr/share/texmf-texlive/tex/generic/oberdiek/ifpdf.sty)
(/usr/share/texmf-texlive/tex/generic/oberdiek/ifvtex.sty)
(/usr/share/texmf-texlive/tex/generic/ifxetex/ifxetex.sty)
(/usr/share/texmf-texlive/tex/latex/oberdiek/hycolor.sty
(/usr/share/texmf-texlive/tex/latex/oberdiek/xcolor-patch.sty))
(/usr/share/texmf-texlive/tex/latex/hyperref/pd1enc.def)
(/usr/share/texmf-texlive/tex/generic/oberdiek/etexcmds.sty
(/usr/share/texmf-texlive/tex/generic/oberdiek/infwarerr.sty))
(/usr/share/texmf-texlive/tex/latex/latexconfig/hyperref.cfg)
(/usr/share/texmf-texlive/tex/latex/oberdiek/kvoptions.sty
(/usr/share/texmf-texlive/tex/generic/oberdiek/kvsetkeys.sty))
Implicit mode ON; LaTeX internals redefined
(/usr/share/texmf-texlive/tex/latex/ltxmisc/url.sty)
(/usr/share/texmf-texlive/tex/generic/oberdiek/bitset.sty
(/usr/share/texmf-texlive/tex/generic/oberdiek/intcalc.sty)
(/usr/share/texmf-texlive/tex/generic/oberdiek/bigintcalc.sty
(/usr/share/texmf-texlive/tex/generic/oberdiek/pdftexcmds.sty
(/usr/share/texmf-texlive/tex/generic/oberdiek/ifluatex.sty)
(/usr/share/texmf-texlive/tex/generic/oberdiek/ltxcmds.sty))))
(/usr/share/texmf-texlive/tex/generic/oberdiek/atbegshi.sty))
*hyperref using default driver hpdftex*
(/usr/share/texmf-texlive/tex/latex/hyperref/hpdftex.def)
(/usr/share/texmf-texlive/tex/latex/etex-pkg/etex.sty)))
(data/saetze-schmoeger.sty)
Writing index file Ana2.idx
No file Ana2.aux.
(/usr/share/texmf-texlive/tex/context/base/supp-pdf.mkii
[Loading MPS to PDF converter (version 2006.09.02).]
) (/usr/share/texmf-texlive/tex/latex/hyperref/nameref.sty
(/usr/share/texmf-texlive/tex/latex/oberdiek/refcount.sty))
(/usr/share/texmf-texlive/tex/latex/base/t1cmss.fd)
(/usr/share/texmf-texlive/tex/latex/amsfonts/umsa.fd)
(/usr/share/texmf-texlive/tex/latex/amsfonts/umsb.fd)
(/usr/share/texmf-texlive/tex/latex/stmaryrd/Ustmry.fd)
(/usr/share/texmf-texlive/tex/latex/wasysym/uwasy.fd)
(/usr/share/texmf-texlive/tex/latex/jknapltx/ursfs.fd)
(/usr/share/texmf-texlive/tex/latex/base/t1cmtt.fd) [1
Non-PDF special ignored!
Non-PDF special ignored!
Non-PDF special ignored!{/var/lib/texmf/fonts/map/pdftex/updmap/pdftex.map}]
[2]

Package hyperref Warning: No destination for bookmark of \addcontentsline,
(hyperref)                destination is added on input line 18.

[3] [4]
Kapitel I.
[5] [6]
\IeC {\textsection } 1.

Package hyperref Warning: Token not allowed in a PDF string (PDFDocEncoding):
(hyperref)                removing `math shift' on input line 44.


Package hyperref Warning: Token not allowed in a PDF string (PDFDocEncoding):
(hyperref)                removing `math shift' on input line 44.


Package hyperref Warning: Token not allowed in a PDF string (PDFDocEncoding):
(hyperref)                removing `math shift' on input line 44.


Package hyperref Warning: Token not allowed in a PDF string (PDFDocEncoding):
(hyperref)                removing `superscript' on input line 44.


Package hyperref Warning: Token not allowed in a PDF string (PDFDocEncoding):
(hyperref)                removing `math shift' on input line 44.

[7] [8] [9] [10]
\IeC {\textsection } 2.

Package hyperref Warning: Token not allowed in a PDF string (PDFDocEncoding):
(hyperref)                removing `math shift' on input line 159.


Package hyperref Warning: Token not allowed in a PDF string (PDFDocEncoding):
(hyperref)                removing `math shift' on input line 159.


Package hyperref Warning: Token not allowed in a PDF string (PDFDocEncoding):
(hyperref)                removing `math shift' on input line 159.


Package hyperref Warning: Token not allowed in a PDF string (PDFDocEncoding):
(hyperref)                removing `superscript' on input line 159.


Package hyperref Warning: Token not allowed in a PDF string (PDFDocEncoding):
(hyperref)                removing `math shift' on input line 159.

[11] [12] [13] [14]
\IeC {\textsection } 3.

Overfull \hbox (19.00331pt too wide) in paragraph at lines 229--230
[]\T1/cmr/m/n/10.95 Stets in dem Pa-ra-gra-phen: Sei $\OMS/cmsy/m/n/10.95 ; 6\O
T1/cmr/m/n/10.95 = \OML/cmm/m/it/10.95 D \OMS/cmsy/m/n/10.95 ^^R \U/msb/m/n/10.
95 R[]$ \T1/cmr/m/n/10.95 und $\OML/cmm/m/it/10.95 f \OT1/cmr/m/n/10.95 : \OML/
cmm/m/it/10.95 D \OMS/cmsy/m/n/10.95 ! \U/msb/m/n/10.95 R[]$ \T1/cmr/m/n/10.95 
ei-ne (\T1/cmr/bx/n/10.95 vektorwertige\T1/cmr/m/n/10.95 )
[15] [16]

LaTeX Font Warning: Font shape `U/stmry/b/n' undefined
(Font)              using `U/stmry/m/n' instead on input line 356.


LaTeX Font Warning: Font shape `U/wasy/b/n' in size <8> not available
(Font)              Font shape `U/wasy/m/n' tried instead on input line 356.


LaTeX Font Warning: Font shape `U/wasy/b/n' in size <6> not available
(Font)              Font shape `U/wasy/m/n' tried instead on input line 356.

[17] [18]
\IeC {\textsection } 4.
[19] [20] [21] [22]
\IeC {\textsection } 5.

Overfull \hbox (71.57036pt too wide) in paragraph at lines 519--520
[]\T1/cmr/m/n/10.95 Sei $\OML/cmm/m/it/10.95 x[] \OMS/cmsy/m/n/10.95 2 \OML/cmm
/m/it/10.95 D$\T1/cmr/m/n/10.95 . $\OML/cmm/m/it/10.95 f$ \T1/cmr/m/n/10.95 hei
ÿt []\T1/cmr/bx/n/10.95 dif-fe-ren-zier-bar \T1/cmr/m/n/10.95 (db) in $\OML/cmm
/m/it/10.95 x[] \OT1/cmr/m/n/10.95 : \OMS/cmsy/m/n/10.95 ([])  9\OT1/cmr/m/n/10
.95 (\OML/cmm/m/it/10.95 m \OMS/cmsy/m/n/10.95 ^^B \OML/cmm/m/it/10.95 n\OT1/cm
r/m/n/10.95 )$\T1/cmr/m/n/10.95 -Matrix $\OML/cmm/m/it/10.95 A \OT1/cmr/m/n/10.
95 : [] [] =
[23] [24] [25] [26]
Overfull \hbox (147.67357pt too wide) in paragraph at lines 667--668
[] \T1/cmss/bx/n/10.95 Wich-tigs-ter Fall[][] $\OML/cmm/m/it/10.95 g \OT1/cmr/m
/n/10.95 = \OML/cmm/m/it/10.95 g\OT1/cmr/m/n/10.95 (\OML/cmm/m/it/10.95 x[]; []
 ; x[]\OT1/cmr/m/n/10.95 )$ \T1/cmr/m/n/10.95 re-ell-wer-tig, $\OML/cmm/m/it/10
.95 h\OT1/cmr/m/n/10.95 (\OML/cmm/m/it/10.95 x\OT1/cmr/m/n/10.95 ) = \OML/cmm/m
/it/10.95 h\OT1/cmr/m/n/10.95 (\OML/cmm/m/it/10.95 x[]; [] ; x[]\OT1/cmr/m/n/10
.95 ) = \OML/cmm/m/it/10.95 g\OT1/cmr/m/n/10.95 (\OML/cmm/m/it/10.95 f[]\OT1/cm
r/m/n/10.95 (\OML/cmm/m/it/10.95 x[]; [] ; x[]\OT1/cmr/m/n/10.95 )\OML/cmm/m/it
/10.95 ; f[]\OT1/cmr/m/n/10.95 (\OML/cmm/m/it/10.95 x[]; [] ; x[]\OT1/cmr/m/n/1
0.95 )\OML/cmm/m/it/10.95 ; [] ; f[]\OT1/cmr/m/n/10.95 (\OML/cmm/m/it/10.95 x[]
; [] ; x[]\OT1/cmr/m/n/10.95 )) =

Overfull \hbox (14.64386pt too wide) in paragraph at lines 687--690
[]$\OT1/cmr/m/n/10.95 ^^H(\OML/cmm/m/it/10.95 x\OT1/cmr/m/n/10.95 ) := \OML/cmm
/m/it/10.95 Ax\OT1/cmr/m/n/10.95 (\OML/cmm/m/it/10.95 x \OMS/cmsy/m/n/10.95 2 \
U/msb/m/n/10.95 R[]\OT1/cmr/m/n/10.95 )\OML/cmm/m/it/10.95 :[]  \OT1/cmr/m/n/10
.95 =[]\OMS/cmsy/m/n/10.95 )  \OT1/cmr/m/n/10.95 ^^H[]^^H : \U/msb/m/n/10.95 R[
] \OMS/cmsy/m/n/10.95 ! \U/msb/m/n/10.95 R[]\OML/cmm/m/it/10.95 :  []  \OT1/cmr
/m/n/10.95 ^^H[]\OML/cmm/m/it/10.95 Kern\OT1/cmr/m/n/10.95 ^^H =
[27]

LaTeX Warning: Unknown theoremstyle `numberbreak'. Using `plain' on input line 
709.

[28]
\IeC {\textsection } 6.
[29]
Overfull \hbox (9.68068pt too wide) in paragraph at lines 797--798
[][] \OT1/cmr/m/n/10.95 = []$\T1/cmr/m/n/10.95 . D.h.: $[]\OT1/cmr/m/n/10.95 (0
\OML/cmm/m/it/10.95 ; \OT1/cmr/m/n/10.95 0)$ \T1/cmr/m/n/10.95 ex. $ \OMS/cmsy/
m/n/10.95 ([])  \OML/cmm/m/it/10.95 a[]a[] \OT1/cmr/m/n/10.95 = 0  \OMS/cmsy/m/
n/10.95 ([])  \OML/cmm/m/it/10.95 a \OMS/cmsy/m/n/10.95 2 f\OT1/cmr/m/n/10.95 (
1\OML/cmm/m/it/10.95 ; \OT1/cmr/m/n/10.95 0)\OML/cmm/m/it/10.95 ; \OT1/cmr/m/n/
10.95 (\OMS/cmsy/m/n/10.95 ^^@\OT1/cmr/m/n/10.95 1\OML/cmm/m/it/10.95 ; \OT1/cm
r/m/n/10.95 0)\OML/cmm/m/it/10.95 ; \OT1/cmr/m/n/10.95 (0\OML/cmm/m/it/10.95 ; 
\OT1/cmr/m/n/10.95 1)\OML/cmm/m/it/10.95 ; \OT1/cmr/m/n/10.95 (0\OML/cmm/m/it/1
0.95 ; \OMS/cmsy/m/n/10.95 ^^@\OT1/cmr/m/n/10.95 1)\OMS/cmsy/m/n/10.95 g$\T1/cm
r/m/n/10.95 .
[30]
Overfull \hbox (30.9037pt too wide) in paragraph at lines 829--830
[]$[]  []  \OMS/cmsy/m/n/10.95 j\OML/cmm/m/it/10.95 a \OMS/cmsy/m/n/10.95 ^^A [
] \OML/cmm/m/it/10.95 f\OT1/cmr/m/n/10.95 (\OML/cmm/m/it/10.95 x[]\OT1/cmr/m/n/
10.95 )\OMS/cmsy/m/n/10.95 j [] jj\OML/cmm/m/it/10.95 a\OMS/cmsy/m/n/10.95 jj ^
^A jj [] \OML/cmm/m/it/10.95 f\OT1/cmr/m/n/10.95 (\OML/cmm/m/it/10.95 x[]\OT1/c
mr/m/n/10.95 )\OMS/cmsy/m/n/10.95 jj \OT1/cmr/m/n/10.95 = \OMS/cmsy/m/n/10.95 j
j [] \OML/cmm/m/it/10.95 f\OT1/cmr/m/n/10.95 (\OML/cmm/m/it/10.95 x[]\OT1/cmr/m
/n/10.95 )\OMS/cmsy/m/n/10.95 jj \OT1/cmr/m/n/10.95 = [] [] \OML/cmm/m/it/10.95
 f\OT1/cmr/m/n/10.95 (\OML/cmm/m/it/10.95 x[]\OT1/cmr/m/n/10.95 ) \OMS/cmsy/m/n
/10.95 ^^A
[31]
Overfull \hbox (28.17564pt too wide) detected at line 843
\OT1/cmr/m/n/10.95 (\OML/cmm/m/it/10.95 h \OMS/cmsy/m/n/10.95 ^^A r\OT1/cmr/m/n
/10.95 ) := \OML/cmm/m/it/10.95 h[][] \OT1/cmr/m/n/10.95 + [] + \OML/cmm/m/it/1
0.95 h[][]\OT1/cmr/m/n/10.95 ;  (\OML/cmm/m/it/10.95 h \OMS/cmsy/m/n/10.95 ^^A 
r\OT1/cmr/m/n/10.95 )\OML/cmm/m/it/10.95 f \OT1/cmr/m/n/10.95 := \OML/cmm/m/it/
10.95 h[][] \OT1/cmr/m/n/10.95 + [] + \OML/cmm/m/it/10.95 h[][] \OT1/cmr/m/n/10
.95 = \OML/cmm/m/it/10.95 h [] f\OT1/cmr/m/n/10.95 ;  (\OML/cmm/m/it/10.95 h \O
MS/cmsy/m/n/10.95 ^^A r\OT1/cmr/m/n/10.95 )\OML/cmm/m/it/10.95 f\OT1/cmr/m/n/10
.95 (\OML/cmm/m/it/10.95 x[]\OT1/cmr/m/n/10.95 ) := \OML/cmm/m/it/10.95 h \OMS/
cmsy/m/n/10.95 ^^A [] \OML/cmm/m/it/10.95 f\OT1/cmr/m/n/10.95 (\OML/cmm/m/it/10
.95 x[]\OT1/cmr/m/n/10.95 )
[32] [33] [34]
\IeC {\textsection } 7.

Underfull \hbox (badness 10000) in paragraph at lines 909--911

[35] [36]
\IeC {\textsection } 8.
[37]
Underfull \hbox (badness 10000) in paragraph at lines 1007--1008


Underfull \hbox (badness 10000) in paragraph at lines 1011--1013

[38]
\IeC {\textsection } 9.
[39] [40] [41] [42]
\IeC {\textsection } 10.
[43] [44]
\IeC {\textsection } 11.
[45]
Overfull \hbox (19.34203pt too wide) detected at line 1297
\OT1/cmr/m/n/10.95 0 = \OML/cmm/m/it/10.95 h[]\OT1/cmr/m/n/10.95 (\OML/cmm/m/it
/10.95 z[]\OT1/cmr/m/n/10.95 )  []  \OML/cmm/m/it/10.95 f[]\OT1/cmr/m/n/10.95 (
\OML/cmm/m/it/10.95 g\OT1/cmr/m/n/10.95 (\OML/cmm/m/it/10.95 z[]\OT1/cmr/m/n/10
.95 )\OML/cmm/m/it/10.95 ; z[]\OT1/cmr/m/n/10.95 ) \OMS/cmsy/m/n/10.95 ^^A [] \
OT1/cmr/m/n/10.95 = [] \OMS/cmsy/m/n/10.95 ^^A [] \OT1/cmr/m/n/10.95 = [](\OML/
cmm/m/it/10.95 x[]\OT1/cmr/m/n/10.95 )\OML/cmm/m/it/10.95 g[]\OT1/cmr/m/n/10.95
 (\OML/cmm/m/it/10.95 z[]\OT1/cmr/m/n/10.95 ) + [](\OML/cmm/m/it/10.95 x[]\OT1/
cmr/m/n/10.95 )

Underfull \hbox (badness 10000) in paragraph at lines 1321--1322

[46] [47] [48]
\IeC {\textsection } 12.

Package hyperref Warning: Token not allowed in a PDF string (PDFDocEncoding):
(hyperref)                removing `math shift' on input line 1352.


Package hyperref Warning: Token not allowed in a PDF string (PDFDocEncoding):
(hyperref)                removing `math shift' on input line 1352.


Package hyperref Warning: Token not allowed in a PDF string (PDFDocEncoding):
(hyperref)                removing `math shift' on input line 1352.


Package hyperref Warning: Token not allowed in a PDF string (PDFDocEncoding):
(hyperref)                removing `superscript' on input line 1352.


Package hyperref Warning: Token not allowed in a PDF string (PDFDocEncoding):
(hyperref)                removing `math shift' on input line 1352.

(/usr/share/texmf-texlive/tex/latex/amsfonts/ueuf.fd)
Underfull \hbox (badness 10000) in paragraph at lines 1380--1381

[49] [50]
Overfull \hbox (11.85016pt too wide) detected at line 1459
[] \OMS/cmsy/m/n/10.95 ! k\OML/cmm/m/it/10.95 ^^M[]\OT1/cmr/m/n/10.95 (\OML/cmm
/m/it/10.95 t[]\OT1/cmr/m/n/10.95 )\OMS/cmsy/m/n/10.95 k \OT1/cmr/m/n/10.95 (\O
ML/cmm/m/it/10.95 t \OMS/cmsy/m/n/10.95 ! \OML/cmm/m/it/10.95 t[] \OT1/cmr/m/n/
10.95 + 0)[][] \OMS/cmsy/m/n/10.95 ! k\OML/cmm/m/it/10.95 ^^M[]\OT1/cmr/m/n/10.
95 (\OML/cmm/m/it/10.95 t[]\OT1/cmr/m/n/10.95 )\OMS/cmsy/m/n/10.95 k \OT1/cmr/m
/n/10.95 (\OML/cmm/m/it/10.95 t \OMS/cmsy/m/n/10.95 ! \OML/cmm/m/it/10.95 t[] \
OMS/cmsy/m/n/10.95 ^^@ \OT1/cmr/m/n/10.95 0)[]

Overfull \hbox (7.54262pt too wide) detected at line 1463
[][] \OML/cmm/m/it/10.95 ^^M[]\OT1/cmr/m/n/10.95 (\OML/cmm/m/it/10.95 ^^\\OT1/c
mr/m/n/10.95 )[]\OML/cmm/m/it/10.95 ^^\ \OT1/cmr/m/n/10.95 = []  []  [] = \OML/
cmm/m/it/10.95 ^^M\OT1/cmr/m/n/10.95 (\OML/cmm/m/it/10.95 ^^\[]\OT1/cmr/m/n/10.
95 ) \OMS/cmsy/m/n/10.95 ^^@ \OML/cmm/m/it/10.95 ^^M\OT1/cmr/m/n/10.95 (\OML/cm
m/m/it/10.95 ^^\[]\OT1/cmr/m/n/10.95 )
[51] [52] [53] [54]
\IeC {\textsection } 13.
[55] [56] [57] [58]
\IeC {\textsection } 14.
[59]
Underfull \hbox (badness 10000) in paragraph at lines 1724--1726

[60] [61] [62]
\IeC {\textsection } 15.
[63]
Overfull \hbox (4.18782pt too wide) in paragraph at lines 1880--1881
[]$\OML/cmm/m/it/10.95 '[]\OT1/cmr/m/n/10.95 (\OML/cmm/m/it/10.95 x\OT1/cmr/m/n
/10.95 ) = \OML/cmm/m/it/10.95 '\OT1/cmr/m/n/10.95 (\OML/cmm/m/it/10.95 x; y\OT
1/cmr/m/n/10.95 )  []  [][] \OML/cmm/m/it/10.95 c[]\OT1/cmr/m/n/10.95 1[](\OML/
cmm/m/it/10.95 x; y\OT1/cmr/m/n/10.95 )  []  [][] \OML/cmm/m/it/10.95 c[]\OT1/c
mr/m/n/10.95 1[](\OML/cmm/m/it/10.95 x\OT1/cmr/m/n/10.95 ) \OMS/cmsy/m/n/10.95 
^^A \OT1/cmr/m/n/10.95 1[](\OML/cmm/m/it/10.95 y\OT1/cmr/m/n/10.95 ) = [][] [] 
\OMS/cmsy/m/n/10.95 ^^A\OT1/cmr/m/n/10.95 1[](\OML/cmm/m/it/10.95 x\OT1/cmr/m/n
/10.95 ) =
[64] [65] [66]
\IeC {\textsection } 16.
[67] [68]
Overfull \hbox (7.29791pt too wide) in paragraph at lines 1992--1993
[]\T1/cmr/m/n/10.95 Sei $\OML/cmm/m/it/10.95 z \OMS/cmsy/m/n/10.95 2 \OML/cmm/m
/it/10.95 Q$\T1/cmr/m/n/10.95 : $\OMS/cmsy/m/n/10.95 9\OML/cmm/m/it/10.95 j \OM
S/cmsy/m/n/10.95 2 f\OT1/cmr/m/n/10.95 1\OML/cmm/m/it/10.95 ; [] ; p\OMS/cmsy/m
/n/10.95 g \OT1/cmr/m/n/10.95 : \OML/cmm/m/it/10.95 z \OMS/cmsy/m/n/10.95 2 \OM
L/cmm/m/it/10.95 U[]\OT1/cmr/m/n/10.95 (\OML/cmm/m/it/10.95 x[]\OT1/cmr/m/n/10.
95 )  =[]\OMS/cmsy/m/n/10.95 )  \OML/cmm/m/it/10.95 '[]\OT1/cmr/m/n/10.95 (\OML
/cmm/m/it/10.95 z\OT1/cmr/m/n/10.95 ) = [][] \OML/cmm/m/it/10.95 c[]\OT1/cmr/m/
n/10.95 1[](\OML/cmm/m/it/10.95 z\OT1/cmr/m/n/10.95 ) \OMS/cmsy/m/n/10.95 ^^U [
][] \OML/cmm/m/it/10.95 c[]\OT1/cmr/m/n/10.95 1[](\OML/cmm/m/it/10.95 z\OT1/cmr
/m/n/10.95 ) \OMS/cmsy/m/n/10.95 ^^U

Overfull \hbox (8.88391pt too wide) in paragraph at lines 2013--2015
\T1/cmr/m/n/10.95 wobei $\OML/cmm/m/it/10.95 Q[]; [] ; Q[]; R[]; [] ; R[]$ \T1/
cmr/m/n/10.95 paar-wei-se dis-kunkt, $\OML/cmm/m/it/10.95 Q[] [] ; Q[]$ \T1/cmr
/m/n/10.95 of-fen, $\OML/cmm/m/it/10.95 v[]\OT1/cmr/m/n/10.95 (\OML/cmm/m/it/10
.95 R[]\OT1/cmr/m/n/10.95 ) = 0$ $(\OML/cmm/m/it/10.95 j \OT1/cmr/m/n/10.95 = 1
\OML/cmm/m/it/10.95 ; [] ; r\OT1/cmr/m/n/10.95 )$\T1/cmr/m/n/10.95 .
[69] [70] [71] [72] [73] [74] [75] [76] [77] [78]
\IeC {\textsection } 17.
[79] [80]
Overfull \hbox (40.3329pt too wide) in paragraph at lines 2461--2462
[]$\OML/cmm/m/it/10.95 G[]$ \T1/cmr/m/n/10.95 ist be-schränkt und ab-ge-schlos-
sen $ []  \OML/cmm/m/it/10.95 G[]$ \T1/cmr/m/n/10.95 ist qb. $\OML/cmm/m/it/10.
95 v[]\OT1/cmr/m/n/10.95 (\OML/cmm/m/it/10.95 G[]\OT1/cmr/m/n/10.95 ) = [][] 1\
OML/cmm/m/it/10.95 d\OT1/cmr/m/n/10.95 (\OML/cmm/m/it/10.95 x; y\OT1/cmr/m/n/10
.95 )  []  [][] [] \OML/cmm/m/it/10.95 dx \OT1/cmr/m/n/10.95 =
[81] [82] [83] [84]
\IeC {\textsection } 18.
[85] [86] [87]
Overfull \hbox (1.13979pt too wide) in paragraph at lines 2719--2720
[]\T1/cmr/m/n/10.95 18.6 $ \OT1/cmr/m/n/10.95 =[]\OMS/cmsy/m/n/10.95 )  \OML/cm
m/m/it/10.95 g \OMS/cmsy/m/n/10.95 2 \OML/cmm/m/it/10.95 L\OT1/cmr/m/n/10.95 ([
\OML/cmm/m/it/10.95 a; b\OT1/cmr/m/n/10.95 ])  []  \OML/cmm/m/it/10.95 f[] \OMS
/cmsy/m/n/10.95 2 \OML/cmm/m/it/10.95 L\OT1/cmr/m/n/10.95 ([\OML/cmm/m/it/10.95
 a; b\OT1/cmr/m/n/10.95 ])$ \T1/cmr/m/n/10.95 und $[][] \OML/cmm/m/it/10.95 f[]
dx \OT1/cmr/m/n/10.95 = [][] \OML/cmm/m/it/10.95 gdx  []  [][] [][] f[]dx  []
[88] [89] [90]
\IeC {\textsection } 19.
[91] [92]
\IeC {\textsection } 20.

Underfull \vbox (badness 10000) has occurred while \output is active [93]
[94] [95] [96]
\IeC {\textsection } 21.

Underfull \hbox (badness 10000) in paragraph at lines 2939--2940

[97] [98]
Anhang A.
** Generating table of satz,wichtigedefinition
No file Ana2.thm.
No file Ana2.ind.
[99] [100]
Anhang B.

Underfull \hbox (badness 10000) in paragraph at lines 2977--2999

[101] (./Ana2.aux)

LaTeX Font Warning: Some font shapes were not available, defaults substituted.

 )
(see the transcript file for additional information){/usr/share/texmf/fonts/enc
/dvips/cm-super/cm-super-t1.enc}</usr/share/texmf-texlive/fonts/type1/public/am
sfonts/cm/cmbx8.pfb></usr/share/texmf-texlive/fonts/type1/public/amsfonts/cm/cm
ex10.pfb></usr/share/texmf-texlive/fonts/type1/public/amsfonts/cmextra/cmex8.pf
b></usr/share/texmf-texlive/fonts/type1/public/amsfonts/cm/cmmi10.pfb></usr/sha
re/texmf-texlive/fonts/type1/public/amsfonts/cm/cmmi12.pfb></usr/share/texmf-te
xlive/fonts/type1/public/amsfonts/cm/cmmi6.pfb></usr/share/texmf-texlive/fonts/
type1/public/amsfonts/cm/cmmi8.pfb></usr/share/texmf-texlive/fonts/type1/public
/amsfonts/cm/cmmib10.pfb></usr/share/texmf-texlive/fonts/type1/public/amsfonts/
cmextra/cmmib8.pfb></usr/share/texmf-texlive/fonts/type1/public/amsfonts/cm/cmr
10.pfb></usr/share/texmf-texlive/fonts/type1/public/amsfonts/cm/cmr6.pfb></usr/
share/texmf-texlive/fonts/type1/public/amsfonts/cm/cmr8.pfb></usr/share/texmf-t
exlive/fonts/type1/public/amsfonts/cm/cmsy10.pfb></usr/share/texmf-texlive/font
s/type1/public/amsfonts/cm/cmsy6.pfb></usr/share/texmf-texlive/fonts/type1/publ
ic/amsfonts/cm/cmsy8.pfb></usr/share/texmf-texlive/fonts/type1/public/amsfonts/
euler/eufm10.pfb></usr/share/texmf-texlive/fonts/type1/public/amsfonts/symbols/
msam10.pfb></usr/share/texmf-texlive/fonts/type1/public/amsfonts/symbols/msbm10
.pfb></usr/share/texmf-texlive/fonts/type1/public/rsfs/rsfs10.pfb></usr/share/t
exmf/fonts/type1/public/cm-super/sfbx1095.pfb></usr/share/texmf/fonts/type1/pub
lic/cm-super/sfrm0600.pfb></usr/share/texmf/fonts/type1/public/cm-super/sfrm080
0.pfb></usr/share/texmf/fonts/type1/public/cm-super/sfrm0900.pfb></usr/share/te
xmf/fonts/type1/public/cm-super/sfrm1095.pfb></usr/share/texmf/fonts/type1/publ
ic/cm-super/sfrm1440.pfb></usr/share/texmf/fonts/type1/public/cm-super/sfsl1095
.pfb></usr/share/texmf/fonts/type1/public/cm-super/sfsx1095.pfb></usr/share/tex
mf/fonts/type1/public/cm-super/sfsx1440.pfb></usr/share/texmf/fonts/type1/publi
c/cm-super/sfsx2074.pfb></usr/share/texmf/fonts/type1/public/cm-super/sfti1095.
pfb></usr/share/texmf/fonts/type1/public/cm-super/sftt1095.pfb></usr/share/texm
f/fonts/type1/public/cm-super/sftt1440.pfb>
Output written on Ana2.pdf (101 pages, 968649 bytes).
Transcript written on Ana2.log.
Result: ExitSuccess

Running /usr/bin/makeindex Ana2.idx in an env with 4 entries:
This is makeindex, version 2.15 [TeX Live 2009] (kpathsea + Thai support).
Scanning input file Ana2.idx....done (113 entries accepted, 0 rejected).
Sorting entries....done (791 comparisons).
Generating output file Ana2.ind....done (191 lines written, 0 warnings).
Output written in Ana2.ind.
Transcript written in Ana2.ilg.
Result: ExitSuccess

Running /usr/bin/pdflatex Ana2.tex in an env with 4 entries:
This is pdfTeX, Version 3.1415926-1.40.10 (TeX Live 2009/Debian)
entering extended mode
(data/Ana2.tex
LaTeX2e <2009/09/24>
Babel <v3.8l> and hyphenation patterns for english, usenglishmax, dumylang, noh
yphenation, farsi, arabic, croatian, bulgarian, ukrainian, russian, czech, slov
ak, danish, dutch, finnish, french, basque, ngerman, german, german-x-2009-06-1
9, ngerman-x-2009-06-19, ibycus, monogreek, greek, ancientgreek, hungarian, san
skrit, italian, latin, latvian, lithuanian, mongolian2a, mongolian, bokmal, nyn
orsk, romanian, irish, coptic, serbian, turkish, welsh, esperanto, uppersorbian
, estonian, indonesian, interlingua, icelandic, kurmanji, slovenian, polish, po
rtuguese, spanish, galician, catalan, swedish, ukenglish, loaded.
(/usr/share/texmf-texlive/tex/latex/koma-script/scrbook.cls
Document Class: scrbook 2009/07/24 v3.04a KOMA-Script document class (book)
(/usr/share/texmf-texlive/tex/latex/koma-script/scrkbase.sty
(/usr/share/texmf-texlive/tex/latex/koma-script/scrbase.sty
(/usr/share/texmf-texlive/tex/latex/graphics/keyval.sty)
(/usr/share/texmf-texlive/tex/latex/koma-script/scrlfile.sty
Package scrlfile, 2009/03/25 v3.03 KOMA-Script package (loading files)
                  Copyright (C) Markus Kohm

))) (/usr/share/texmf-texlive/tex/latex/koma-script/tocbasic.sty)
(/usr/share/texmf-texlive/tex/latex/koma-script/scrsize11pt.clo)
(/usr/share/texmf-texlive/tex/latex/koma-script/typearea.sty
Package typearea, 2009/07/24 v3.04a KOMA-Script package (type area)
                  Copyright (C) Frank Neukam, 1992-1994
                  Copyright (C) Markus Kohm, 1994-

)) (data/ana.sty (data/mathe.sty (data/latexki.sty)
(/usr/share/texmf-texlive/tex/latex/base/inputenc.sty
(/usr/share/texmf-texlive/tex/latex/base/utf8.def
(/usr/share/texmf-texlive/tex/latex/base/t1enc.dfu)
(/usr/share/texmf-texlive/tex/latex/base/ot1enc.dfu)
(/usr/share/texmf-texlive/tex/latex/base/omsenc.dfu)))
(/usr/share/texmf-texlive/tex/generic/babel/babel.sty
(/usr/share/texmf-texlive/tex/generic/babel/ngermanb.ldf
(/usr/share/texmf-texlive/tex/generic/babel/babel.def)))
(/usr/share/texmf-texlive/tex/latex/base/fontenc.sty
(/usr/share/texmf-texlive/tex/latex/base/t1enc.def))
(/usr/share/texmf-texlive/tex/latex/amsfonts/amsfonts.sty)
(/usr/share/texmf-texlive/tex/latex/amsfonts/amssymb.sty)
(/usr/share/texmf-texlive/tex/latex/amsmath/amsmath.sty
For additional information on amsmath, use the `?' option.
(/usr/share/texmf-texlive/tex/latex/amsmath/amstext.sty
(/usr/share/texmf-texlive/tex/latex/amsmath/amsgen.sty))
(/usr/share/texmf-texlive/tex/latex/amsmath/amsbsy.sty)
(/usr/share/texmf-texlive/tex/latex/amsmath/amsopn.sty))
(/usr/share/texmf-texlive/tex/latex/stmaryrd/stmaryrd.sty)
(/usr/share/texmf-texlive/tex/latex/tools/verbatim.sty)
(/usr/share/texmf-texlive/tex/latex/base/ifthen.sty)
(/usr/share/texmf-texlive/tex/latex/ntheorem/ntheorem.sty
Style `ntheorem', Version 1.25 <2005/07/07>
) (/usr/share/texmf-texlive/tex/latex/ltxmisc/framed.sty)
(/usr/share/texmf-texlive/tex/latex/pstricks/pstricks.sty
(/usr/share/texmf-texlive/tex/generic/pstricks/pstricks.tex
`PSTricks' v1.29  <2009/05/19> (tvz)
(/usr/share/texmf-texlive/tex/generic/pstricks/pstricks.con))
(/usr/share/texmf/tex/latex/xcolor/xcolor.sty
(/etc/texmf/tex/latex/config/color.cfg)
(/usr/share/texmf-texlive/tex/latex/pdftex-def/pdftex.def)))
(/usr/share/texmf-texlive/tex/latex/carlisle/slashed.sty)
(/usr/share/texmf-texlive/tex/latex/base/makeidx.sty)
(/usr/share/texmf-texlive/tex/latex/wasysym/wasysym.sty)
(/usr/share/texmf-texlive/tex/latex/jknapltx/mathrsfs.sty)
(/usr/share/texmf-texlive/tex/latex/mh/mathtools.sty
(/usr/share/texmf-texlive/tex/latex/tools/calc.sty)
(/usr/share/texmf-texlive/tex/latex/mh/mhsetup.sty))
(/usr/share/texmf-texlive/tex/latex/doublestroke/dsfont.sty)
(/usr/share/texmf-texlive/tex/latex/hyperref/hyperref.sty
(/usr/share/texmf-texlive/tex/generic/oberdiek/ifpdf.sty)
(/usr/share/texmf-texlive/tex/generic/oberdiek/ifvtex.sty)
(/usr/share/texmf-texlive/tex/generic/ifxetex/ifxetex.sty)
(/usr/share/texmf-texlive/tex/latex/oberdiek/hycolor.sty
(/usr/share/texmf-texlive/tex/latex/oberdiek/xcolor-patch.sty))
(/usr/share/texmf-texlive/tex/latex/hyperref/pd1enc.def)
(/usr/share/texmf-texlive/tex/generic/oberdiek/etexcmds.sty
(/usr/share/texmf-texlive/tex/generic/oberdiek/infwarerr.sty))
(/usr/share/texmf-texlive/tex/latex/latexconfig/hyperref.cfg)
(/usr/share/texmf-texlive/tex/latex/oberdiek/kvoptions.sty
(/usr/share/texmf-texlive/tex/generic/oberdiek/kvsetkeys.sty))
Implicit mode ON; LaTeX internals redefined
(/usr/share/texmf-texlive/tex/latex/ltxmisc/url.sty)
(/usr/share/texmf-texlive/tex/generic/oberdiek/bitset.sty
(/usr/share/texmf-texlive/tex/generic/oberdiek/intcalc.sty)
(/usr/share/texmf-texlive/tex/generic/oberdiek/bigintcalc.sty
(/usr/share/texmf-texlive/tex/generic/oberdiek/pdftexcmds.sty
(/usr/share/texmf-texlive/tex/generic/oberdiek/ifluatex.sty)
(/usr/share/texmf-texlive/tex/generic/oberdiek/ltxcmds.sty))))
(/usr/share/texmf-texlive/tex/generic/oberdiek/atbegshi.sty))
*hyperref using default driver hpdftex*
(/usr/share/texmf-texlive/tex/latex/hyperref/hpdftex.def)
(/usr/share/texmf-texlive/tex/latex/etex-pkg/etex.sty)))
(data/saetze-schmoeger.sty)
Writing index file Ana2.idx
(./Ana2.aux) (/usr/share/texmf-texlive/tex/context/base/supp-pdf.mkii
[Loading MPS to PDF converter (version 2006.09.02).]
) (/usr/share/texmf-texlive/tex/latex/hyperref/nameref.sty
(/usr/share/texmf-texlive/tex/latex/oberdiek/refcount.sty)) (./Ana2.out)
(./Ana2.out) (/usr/share/texmf-texlive/tex/latex/base/t1cmss.fd)
(/usr/share/texmf-texlive/tex/latex/amsfonts/umsa.fd)
(/usr/share/texmf-texlive/tex/latex/amsfonts/umsb.fd)
(/usr/share/texmf-texlive/tex/latex/stmaryrd/Ustmry.fd)
(/usr/share/texmf-texlive/tex/latex/wasysym/uwasy.fd)
(/usr/share/texmf-texlive/tex/latex/jknapltx/ursfs.fd)
(/usr/share/texmf-texlive/tex/latex/base/t1cmtt.fd) [1
Non-PDF special ignored!
Non-PDF special ignored!
Non-PDF special ignored!{/var/lib/texmf/fonts/map/pdftex/updmap/pdftex.map}]
[2]

Package hyperref Warning: No destination for bookmark of \addcontentsline,
(hyperref)                destination is added on input line 18.

(./Ana2.toc [3]) [4]
Kapitel I.
[5] [6]
\IeC {\textsection } 1.

Package hyperref Warning: Token not allowed in a PDF string (PDFDocEncoding):
(hyperref)                removing `math shift' on input line 44.


Package hyperref Warning: Token not allowed in a PDF string (PDFDocEncoding):
(hyperref)                removing `math shift' on input line 44.


Package hyperref Warning: Token not allowed in a PDF string (PDFDocEncoding):
(hyperref)                removing `math shift' on input line 44.


Package hyperref Warning: Token not allowed in a PDF string (PDFDocEncoding):
(hyperref)                removing `superscript' on input line 44.


Package hyperref Warning: Token not allowed in a PDF string (PDFDocEncoding):
(hyperref)                removing `math shift' on input line 44.

[7] [8] [9] [10]
\IeC {\textsection } 2.

Package hyperref Warning: Token not allowed in a PDF string (PDFDocEncoding):
(hyperref)                removing `math shift' on input line 159.


Package hyperref Warning: Token not allowed in a PDF string (PDFDocEncoding):
(hyperref)                removing `math shift' on input line 159.


Package hyperref Warning: Token not allowed in a PDF string (PDFDocEncoding):
(hyperref)                removing `math shift' on input line 159.


Package hyperref Warning: Token not allowed in a PDF string (PDFDocEncoding):
(hyperref)                removing `superscript' on input line 159.


Package hyperref Warning: Token not allowed in a PDF string (PDFDocEncoding):
(hyperref)                removing `math shift' on input line 159.

[11] [12] [13] [14]
\IeC {\textsection } 3.

Overfull \hbox (19.00331pt too wide) in paragraph at lines 229--230
[]\T1/cmr/m/n/10.95 Stets in dem Pa-ra-gra-phen: Sei $\OMS/cmsy/m/n/10.95 ; 6\O
T1/cmr/m/n/10.95 = \OML/cmm/m/it/10.95 D \OMS/cmsy/m/n/10.95 ^^R \U/msb/m/n/10.
95 R[]$ \T1/cmr/m/n/10.95 und $\OML/cmm/m/it/10.95 f \OT1/cmr/m/n/10.95 : \OML/
cmm/m/it/10.95 D \OMS/cmsy/m/n/10.95 ! \U/msb/m/n/10.95 R[]$ \T1/cmr/m/n/10.95 
ei-ne (\T1/cmr/bx/n/10.95 vektorwertige\T1/cmr/m/n/10.95 )
[15] [16]

LaTeX Font Warning: Font shape `U/stmry/b/n' undefined
(Font)              using `U/stmry/m/n' instead on input line 356.


LaTeX Font Warning: Font shape `U/wasy/b/n' in size <8> not available
(Font)              Font shape `U/wasy/m/n' tried instead on input line 356.


LaTeX Font Warning: Font shape `U/wasy/b/n' in size <6> not available
(Font)              Font shape `U/wasy/m/n' tried instead on input line 356.

[17] [18]
\IeC {\textsection } 4.
[19] [20] [21] [22]
\IeC {\textsection } 5.

Overfull \hbox (71.57036pt too wide) in paragraph at lines 519--520
[]\T1/cmr/m/n/10.95 Sei $\OML/cmm/m/it/10.95 x[] \OMS/cmsy/m/n/10.95 2 \OML/cmm
/m/it/10.95 D$\T1/cmr/m/n/10.95 . $\OML/cmm/m/it/10.95 f$ \T1/cmr/m/n/10.95 hei
ÿt []\T1/cmr/bx/n/10.95 dif-fe-ren-zier-bar \T1/cmr/m/n/10.95 (db) in $\OML/cmm
/m/it/10.95 x[] \OT1/cmr/m/n/10.95 : \OMS/cmsy/m/n/10.95 ([])  9\OT1/cmr/m/n/10
.95 (\OML/cmm/m/it/10.95 m \OMS/cmsy/m/n/10.95 ^^B \OML/cmm/m/it/10.95 n\OT1/cm
r/m/n/10.95 )$\T1/cmr/m/n/10.95 -Matrix $\OML/cmm/m/it/10.95 A \OT1/cmr/m/n/10.
95 : [] [] =
[23] [24] [25] [26]
Overfull \hbox (147.67357pt too wide) in paragraph at lines 667--668
[] \T1/cmss/bx/n/10.95 Wich-tigs-ter Fall[][] $\OML/cmm/m/it/10.95 g \OT1/cmr/m
/n/10.95 = \OML/cmm/m/it/10.95 g\OT1/cmr/m/n/10.95 (\OML/cmm/m/it/10.95 x[]; []
 ; x[]\OT1/cmr/m/n/10.95 )$ \T1/cmr/m/n/10.95 re-ell-wer-tig, $\OML/cmm/m/it/10
.95 h\OT1/cmr/m/n/10.95 (\OML/cmm/m/it/10.95 x\OT1/cmr/m/n/10.95 ) = \OML/cmm/m
/it/10.95 h\OT1/cmr/m/n/10.95 (\OML/cmm/m/it/10.95 x[]; [] ; x[]\OT1/cmr/m/n/10
.95 ) = \OML/cmm/m/it/10.95 g\OT1/cmr/m/n/10.95 (\OML/cmm/m/it/10.95 f[]\OT1/cm
r/m/n/10.95 (\OML/cmm/m/it/10.95 x[]; [] ; x[]\OT1/cmr/m/n/10.95 )\OML/cmm/m/it
/10.95 ; f[]\OT1/cmr/m/n/10.95 (\OML/cmm/m/it/10.95 x[]; [] ; x[]\OT1/cmr/m/n/1
0.95 )\OML/cmm/m/it/10.95 ; [] ; f[]\OT1/cmr/m/n/10.95 (\OML/cmm/m/it/10.95 x[]
; [] ; x[]\OT1/cmr/m/n/10.95 )) =

Overfull \hbox (14.64386pt too wide) in paragraph at lines 687--690
[]$\OT1/cmr/m/n/10.95 ^^H(\OML/cmm/m/it/10.95 x\OT1/cmr/m/n/10.95 ) := \OML/cmm
/m/it/10.95 Ax\OT1/cmr/m/n/10.95 (\OML/cmm/m/it/10.95 x \OMS/cmsy/m/n/10.95 2 \
U/msb/m/n/10.95 R[]\OT1/cmr/m/n/10.95 )\OML/cmm/m/it/10.95 :[]  \OT1/cmr/m/n/10
.95 =[]\OMS/cmsy/m/n/10.95 )  \OT1/cmr/m/n/10.95 ^^H[]^^H : \U/msb/m/n/10.95 R[
] \OMS/cmsy/m/n/10.95 ! \U/msb/m/n/10.95 R[]\OML/cmm/m/it/10.95 :  []  \OT1/cmr
/m/n/10.95 ^^H[]\OML/cmm/m/it/10.95 Kern\OT1/cmr/m/n/10.95 ^^H =
[27]

LaTeX Warning: Unknown theoremstyle `numberbreak'. Using `plain' on input line 
709.

[28]
\IeC {\textsection } 6.
[29]
Overfull \hbox (9.68068pt too wide) in paragraph at lines 797--798
[][] \OT1/cmr/m/n/10.95 = []$\T1/cmr/m/n/10.95 . D.h.: $[]\OT1/cmr/m/n/10.95 (0
\OML/cmm/m/it/10.95 ; \OT1/cmr/m/n/10.95 0)$ \T1/cmr/m/n/10.95 ex. $ \OMS/cmsy/
m/n/10.95 ([])  \OML/cmm/m/it/10.95 a[]a[] \OT1/cmr/m/n/10.95 = 0  \OMS/cmsy/m/
n/10.95 ([])  \OML/cmm/m/it/10.95 a \OMS/cmsy/m/n/10.95 2 f\OT1/cmr/m/n/10.95 (
1\OML/cmm/m/it/10.95 ; \OT1/cmr/m/n/10.95 0)\OML/cmm/m/it/10.95 ; \OT1/cmr/m/n/
10.95 (\OMS/cmsy/m/n/10.95 ^^@\OT1/cmr/m/n/10.95 1\OML/cmm/m/it/10.95 ; \OT1/cm
r/m/n/10.95 0)\OML/cmm/m/it/10.95 ; \OT1/cmr/m/n/10.95 (0\OML/cmm/m/it/10.95 ; 
\OT1/cmr/m/n/10.95 1)\OML/cmm/m/it/10.95 ; \OT1/cmr/m/n/10.95 (0\OML/cmm/m/it/1
0.95 ; \OMS/cmsy/m/n/10.95 ^^@\OT1/cmr/m/n/10.95 1)\OMS/cmsy/m/n/10.95 g$\T1/cm
r/m/n/10.95 .
[30]
Overfull \hbox (30.9037pt too wide) in paragraph at lines 829--830
[]$[]  []  \OMS/cmsy/m/n/10.95 j\OML/cmm/m/it/10.95 a \OMS/cmsy/m/n/10.95 ^^A [
] \OML/cmm/m/it/10.95 f\OT1/cmr/m/n/10.95 (\OML/cmm/m/it/10.95 x[]\OT1/cmr/m/n/
10.95 )\OMS/cmsy/m/n/10.95 j [] jj\OML/cmm/m/it/10.95 a\OMS/cmsy/m/n/10.95 jj ^
^A jj [] \OML/cmm/m/it/10.95 f\OT1/cmr/m/n/10.95 (\OML/cmm/m/it/10.95 x[]\OT1/c
mr/m/n/10.95 )\OMS/cmsy/m/n/10.95 jj \OT1/cmr/m/n/10.95 = \OMS/cmsy/m/n/10.95 j
j [] \OML/cmm/m/it/10.95 f\OT1/cmr/m/n/10.95 (\OML/cmm/m/it/10.95 x[]\OT1/cmr/m
/n/10.95 )\OMS/cmsy/m/n/10.95 jj \OT1/cmr/m/n/10.95 = [] [] \OML/cmm/m/it/10.95
 f\OT1/cmr/m/n/10.95 (\OML/cmm/m/it/10.95 x[]\OT1/cmr/m/n/10.95 ) \OMS/cmsy/m/n
/10.95 ^^A
[31]
Overfull \hbox (28.17564pt too wide) detected at line 843
\OT1/cmr/m/n/10.95 (\OML/cmm/m/it/10.95 h \OMS/cmsy/m/n/10.95 ^^A r\OT1/cmr/m/n
/10.95 ) := \OML/cmm/m/it/10.95 h[][] \OT1/cmr/m/n/10.95 + [] + \OML/cmm/m/it/1
0.95 h[][]\OT1/cmr/m/n/10.95 ;  (\OML/cmm/m/it/10.95 h \OMS/cmsy/m/n/10.95 ^^A 
r\OT1/cmr/m/n/10.95 )\OML/cmm/m/it/10.95 f \OT1/cmr/m/n/10.95 := \OML/cmm/m/it/
10.95 h[][] \OT1/cmr/m/n/10.95 + [] + \OML/cmm/m/it/10.95 h[][] \OT1/cmr/m/n/10
.95 = \OML/cmm/m/it/10.95 h [] f\OT1/cmr/m/n/10.95 ;  (\OML/cmm/m/it/10.95 h \O
MS/cmsy/m/n/10.95 ^^A r\OT1/cmr/m/n/10.95 )\OML/cmm/m/it/10.95 f\OT1/cmr/m/n/10
.95 (\OML/cmm/m/it/10.95 x[]\OT1/cmr/m/n/10.95 ) := \OML/cmm/m/it/10.95 h \OMS/
cmsy/m/n/10.95 ^^A [] \OML/cmm/m/it/10.95 f\OT1/cmr/m/n/10.95 (\OML/cmm/m/it/10
.95 x[]\OT1/cmr/m/n/10.95 )
[32] [33] [34]
\IeC {\textsection } 7.

Underfull \hbox (badness 10000) in paragraph at lines 909--911

[35] [36]
\IeC {\textsection } 8.
[37]
Underfull \hbox (badness 10000) in paragraph at lines 1007--1008


Underfull \hbox (badness 10000) in paragraph at lines 1011--1013

[38]
\IeC {\textsection } 9.
[39] [40] [41] [42]
\IeC {\textsection } 10.
[43] [44]
\IeC {\textsection } 11.
[45]
Overfull \hbox (19.34203pt too wide) detected at line 1297
\OT1/cmr/m/n/10.95 0 = \OML/cmm/m/it/10.95 h[]\OT1/cmr/m/n/10.95 (\OML/cmm/m/it
/10.95 z[]\OT1/cmr/m/n/10.95 )  []  \OML/cmm/m/it/10.95 f[]\OT1/cmr/m/n/10.95 (
\OML/cmm/m/it/10.95 g\OT1/cmr/m/n/10.95 (\OML/cmm/m/it/10.95 z[]\OT1/cmr/m/n/10
.95 )\OML/cmm/m/it/10.95 ; z[]\OT1/cmr/m/n/10.95 ) \OMS/cmsy/m/n/10.95 ^^A [] \
OT1/cmr/m/n/10.95 = [] \OMS/cmsy/m/n/10.95 ^^A [] \OT1/cmr/m/n/10.95 = [](\OML/
cmm/m/it/10.95 x[]\OT1/cmr/m/n/10.95 )\OML/cmm/m/it/10.95 g[]\OT1/cmr/m/n/10.95
 (\OML/cmm/m/it/10.95 z[]\OT1/cmr/m/n/10.95 ) + [](\OML/cmm/m/it/10.95 x[]\OT1/
cmr/m/n/10.95 )

Underfull \hbox (badness 10000) in paragraph at lines 1321--1322

[46] [47] [48]
\IeC {\textsection } 12.

Package hyperref Warning: Token not allowed in a PDF string (PDFDocEncoding):
(hyperref)                removing `math shift' on input line 1352.


Package hyperref Warning: Token not allowed in a PDF string (PDFDocEncoding):
(hyperref)                removing `math shift' on input line 1352.


Package hyperref Warning: Token not allowed in a PDF string (PDFDocEncoding):
(hyperref)                removing `math shift' on input line 1352.


Package hyperref Warning: Token not allowed in a PDF string (PDFDocEncoding):
(hyperref)                removing `superscript' on input line 1352.


Package hyperref Warning: Token not allowed in a PDF string (PDFDocEncoding):
(hyperref)                removing `math shift' on input line 1352.

(/usr/share/texmf-texlive/tex/latex/amsfonts/ueuf.fd)
Underfull \hbox (badness 10000) in paragraph at lines 1380--1381

[49] [50]
Overfull \hbox (11.85016pt too wide) detected at line 1459
[] \OMS/cmsy/m/n/10.95 ! k\OML/cmm/m/it/10.95 ^^M[]\OT1/cmr/m/n/10.95 (\OML/cmm
/m/it/10.95 t[]\OT1/cmr/m/n/10.95 )\OMS/cmsy/m/n/10.95 k \OT1/cmr/m/n/10.95 (\O
ML/cmm/m/it/10.95 t \OMS/cmsy/m/n/10.95 ! \OML/cmm/m/it/10.95 t[] \OT1/cmr/m/n/
10.95 + 0)[][] \OMS/cmsy/m/n/10.95 ! k\OML/cmm/m/it/10.95 ^^M[]\OT1/cmr/m/n/10.
95 (\OML/cmm/m/it/10.95 t[]\OT1/cmr/m/n/10.95 )\OMS/cmsy/m/n/10.95 k \OT1/cmr/m
/n/10.95 (\OML/cmm/m/it/10.95 t \OMS/cmsy/m/n/10.95 ! \OML/cmm/m/it/10.95 t[] \
OMS/cmsy/m/n/10.95 ^^@ \OT1/cmr/m/n/10.95 0)[]

Overfull \hbox (7.54262pt too wide) detected at line 1463
[][] \OML/cmm/m/it/10.95 ^^M[]\OT1/cmr/m/n/10.95 (\OML/cmm/m/it/10.95 ^^\\OT1/c
mr/m/n/10.95 )[]\OML/cmm/m/it/10.95 ^^\ \OT1/cmr/m/n/10.95 = []  []  [] = \OML/
cmm/m/it/10.95 ^^M\OT1/cmr/m/n/10.95 (\OML/cmm/m/it/10.95 ^^\[]\OT1/cmr/m/n/10.
95 ) \OMS/cmsy/m/n/10.95 ^^@ \OML/cmm/m/it/10.95 ^^M\OT1/cmr/m/n/10.95 (\OML/cm
m/m/it/10.95 ^^\[]\OT1/cmr/m/n/10.95 )
[51] [52] [53] [54]
\IeC {\textsection } 13.
[55] [56] [57] [58]
\IeC {\textsection } 14.
[59]
Underfull \hbox (badness 10000) in paragraph at lines 1724--1726

[60] [61] [62]
\IeC {\textsection } 15.
[63]
Overfull \hbox (4.18782pt too wide) in paragraph at lines 1880--1881
[]$\OML/cmm/m/it/10.95 '[]\OT1/cmr/m/n/10.95 (\OML/cmm/m/it/10.95 x\OT1/cmr/m/n
/10.95 ) = \OML/cmm/m/it/10.95 '\OT1/cmr/m/n/10.95 (\OML/cmm/m/it/10.95 x; y\OT
1/cmr/m/n/10.95 )  []  [][] \OML/cmm/m/it/10.95 c[]\OT1/cmr/m/n/10.95 1[](\OML/
cmm/m/it/10.95 x; y\OT1/cmr/m/n/10.95 )  []  [][] \OML/cmm/m/it/10.95 c[]\OT1/c
mr/m/n/10.95 1[](\OML/cmm/m/it/10.95 x\OT1/cmr/m/n/10.95 ) \OMS/cmsy/m/n/10.95 
^^A \OT1/cmr/m/n/10.95 1[](\OML/cmm/m/it/10.95 y\OT1/cmr/m/n/10.95 ) = [][] [] 
\OMS/cmsy/m/n/10.95 ^^A\OT1/cmr/m/n/10.95 1[](\OML/cmm/m/it/10.95 x\OT1/cmr/m/n
/10.95 ) =
[64] [65] [66]
\IeC {\textsection } 16.
[67] [68]
Overfull \hbox (7.29791pt too wide) in paragraph at lines 1992--1993
[]\T1/cmr/m/n/10.95 Sei $\OML/cmm/m/it/10.95 z \OMS/cmsy/m/n/10.95 2 \OML/cmm/m
/it/10.95 Q$\T1/cmr/m/n/10.95 : $\OMS/cmsy/m/n/10.95 9\OML/cmm/m/it/10.95 j \OM
S/cmsy/m/n/10.95 2 f\OT1/cmr/m/n/10.95 1\OML/cmm/m/it/10.95 ; [] ; p\OMS/cmsy/m
/n/10.95 g \OT1/cmr/m/n/10.95 : \OML/cmm/m/it/10.95 z \OMS/cmsy/m/n/10.95 2 \OM
L/cmm/m/it/10.95 U[]\OT1/cmr/m/n/10.95 (\OML/cmm/m/it/10.95 x[]\OT1/cmr/m/n/10.
95 )  =[]\OMS/cmsy/m/n/10.95 )  \OML/cmm/m/it/10.95 '[]\OT1/cmr/m/n/10.95 (\OML
/cmm/m/it/10.95 z\OT1/cmr/m/n/10.95 ) = [][] \OML/cmm/m/it/10.95 c[]\OT1/cmr/m/
n/10.95 1[](\OML/cmm/m/it/10.95 z\OT1/cmr/m/n/10.95 ) \OMS/cmsy/m/n/10.95 ^^U [
][] \OML/cmm/m/it/10.95 c[]\OT1/cmr/m/n/10.95 1[](\OML/cmm/m/it/10.95 z\OT1/cmr
/m/n/10.95 ) \OMS/cmsy/m/n/10.95 ^^U

Overfull \hbox (8.88391pt too wide) in paragraph at lines 2013--2015
\T1/cmr/m/n/10.95 wobei $\OML/cmm/m/it/10.95 Q[]; [] ; Q[]; R[]; [] ; R[]$ \T1/
cmr/m/n/10.95 paar-wei-se dis-kunkt, $\OML/cmm/m/it/10.95 Q[] [] ; Q[]$ \T1/cmr
/m/n/10.95 of-fen, $\OML/cmm/m/it/10.95 v[]\OT1/cmr/m/n/10.95 (\OML/cmm/m/it/10
.95 R[]\OT1/cmr/m/n/10.95 ) = 0$ $(\OML/cmm/m/it/10.95 j \OT1/cmr/m/n/10.95 = 1
\OML/cmm/m/it/10.95 ; [] ; r\OT1/cmr/m/n/10.95 )$\T1/cmr/m/n/10.95 .
[69] [70] [71] [72] [73] [74] [75] [76] [77] [78]
\IeC {\textsection } 17.
[79] [80]
Overfull \hbox (40.3329pt too wide) in paragraph at lines 2461--2462
[]$\OML/cmm/m/it/10.95 G[]$ \T1/cmr/m/n/10.95 ist be-schränkt und ab-ge-schlos-
sen $ []  \OML/cmm/m/it/10.95 G[]$ \T1/cmr/m/n/10.95 ist qb. $\OML/cmm/m/it/10.
95 v[]\OT1/cmr/m/n/10.95 (\OML/cmm/m/it/10.95 G[]\OT1/cmr/m/n/10.95 ) = [][] 1\
OML/cmm/m/it/10.95 d\OT1/cmr/m/n/10.95 (\OML/cmm/m/it/10.95 x; y\OT1/cmr/m/n/10
.95 )  []  [][] [] \OML/cmm/m/it/10.95 dx \OT1/cmr/m/n/10.95 =
[81] [82] [83] [84]
\IeC {\textsection } 18.
[85] [86] [87]
Overfull \hbox (1.13979pt too wide) in paragraph at lines 2719--2720
[]\T1/cmr/m/n/10.95 18.6 $ \OT1/cmr/m/n/10.95 =[]\OMS/cmsy/m/n/10.95 )  \OML/cm
m/m/it/10.95 g \OMS/cmsy/m/n/10.95 2 \OML/cmm/m/it/10.95 L\OT1/cmr/m/n/10.95 ([
\OML/cmm/m/it/10.95 a; b\OT1/cmr/m/n/10.95 ])  []  \OML/cmm/m/it/10.95 f[] \OMS
/cmsy/m/n/10.95 2 \OML/cmm/m/it/10.95 L\OT1/cmr/m/n/10.95 ([\OML/cmm/m/it/10.95
 a; b\OT1/cmr/m/n/10.95 ])$ \T1/cmr/m/n/10.95 und $[][] \OML/cmm/m/it/10.95 f[]
dx \OT1/cmr/m/n/10.95 = [][] \OML/cmm/m/it/10.95 gdx  []  [][] [][] f[]dx  []
[88] [89] [90]
\IeC {\textsection } 19.
[91] [92]
\IeC {\textsection } 20.

Underfull \vbox (badness 10000) has occurred while \output is active [93]
[94] [95] [96]
\IeC {\textsection } 21.

Underfull \hbox (badness 10000) in paragraph at lines 2939--2940

[97] [98]
Anhang A.
** Generating table of satz,wichtigedefinition
(./Ana2.thm [99]
Underfull \vbox (badness 5771) has occurred while \output is active [100]
Overfull \hbox (2.7858pt too wide) detected at line 194
\T1/cmr/m/n/10.95 16.10. 

Overfull \hbox (2.7858pt too wide) detected at line 196
\T1/cmr/m/n/10.95 16.11. 

Overfull \hbox (2.7858pt too wide) detected at line 198
\T1/cmr/m/n/10.95 16.12. 

Overfull \hbox (2.7858pt too wide) detected at line 200
\T1/cmr/m/n/10.95 16.13. 

Overfull \hbox (2.7858pt too wide) detected at line 203
\T1/cmr/m/n/10.95 16.14. 

Overfull \hbox (2.7858pt too wide) detected at line 230
\T1/cmr/m/n/10.95 17.10. 

Overfull \hbox (2.7858pt too wide) detected at line 232
\T1/cmr/m/n/10.95 17.11. 

Overfull \hbox (2.7858pt too wide) detected at line 236
\T1/cmr/m/n/10.95 17.13. 

Underfull \vbox (badness 5771) has occurred while \output is active [101])
(./Ana2.ind [102] [103] [104])
Anhang B.

Underfull \hbox (badness 10000) in paragraph at lines 2977--2999

[105] (./Ana2.aux)

LaTeX Font Warning: Some font shapes were not available, defaults substituted.

 )
(see the transcript file for additional information)pdfTeX warning (dest): name
{appendix.700} has been referenced but does not exist, replaced by a fixed one

{/usr/share/texmf/fonts/enc/dvips/cm-super/cm-super-t1.enc}</usr/share/texmf-te
xlive/fonts/type1/public/amsfonts/cm/cmbx8.pfb></usr/share/texmf-texlive/fonts/
type1/public/amsfonts/cm/cmex10.pfb></usr/share/texmf-texlive/fonts/type1/publi
c/amsfonts/cmextra/cmex8.pfb></usr/share/texmf-texlive/fonts/type1/public/amsfo
nts/cm/cmmi10.pfb></usr/share/texmf-texlive/fonts/type1/public/amsfonts/cm/cmmi
12.pfb></usr/share/texmf-texlive/fonts/type1/public/amsfonts/cm/cmmi6.pfb></usr
/share/texmf-texlive/fonts/type1/public/amsfonts/cm/cmmi8.pfb></usr/share/texmf
-texlive/fonts/type1/public/amsfonts/cm/cmmib10.pfb></usr/share/texmf-texlive/f
onts/type1/public/amsfonts/cmextra/cmmib8.pfb></usr/share/texmf-texlive/fonts/t
ype1/public/amsfonts/cm/cmr10.pfb></usr/share/texmf-texlive/fonts/type1/public/
amsfonts/cm/cmr6.pfb></usr/share/texmf-texlive/fonts/type1/public/amsfonts/cm/c
mr8.pfb></usr/share/texmf-texlive/fonts/type1/public/amsfonts/cm/cmsy10.pfb></u
sr/share/texmf-texlive/fonts/type1/public/amsfonts/cm/cmsy6.pfb></usr/share/tex
mf-texlive/fonts/type1/public/amsfonts/cm/cmsy8.pfb></usr/share/texmf-texlive/f
onts/type1/public/amsfonts/euler/eufm10.pfb></usr/share/texmf-texlive/fonts/typ
e1/public/amsfonts/symbols/msam10.pfb></usr/share/texmf-texlive/fonts/type1/pub
lic/amsfonts/symbols/msbm10.pfb></usr/share/texmf-texlive/fonts/type1/public/rs
fs/rsfs10.pfb></usr/share/texmf/fonts/type1/public/cm-super/sfbx1095.pfb></usr/
share/texmf/fonts/type1/public/cm-super/sfrm0600.pfb></usr/share/texmf/fonts/ty
pe1/public/cm-super/sfrm0800.pfb></usr/share/texmf/fonts/type1/public/cm-super/
sfrm0900.pfb></usr/share/texmf/fonts/type1/public/cm-super/sfrm1095.pfb></usr/s
hare/texmf/fonts/type1/public/cm-super/sfrm1440.pfb></usr/share/texmf/fonts/typ
e1/public/cm-super/sfsl1095.pfb></usr/share/texmf/fonts/type1/public/cm-super/s
fsx1095.pfb></usr/share/texmf/fonts/type1/public/cm-super/sfsx1440.pfb></usr/sh
are/texmf/fonts/type1/public/cm-super/sfsx2074.pfb></usr/share/texmf/fonts/type
1/public/cm-super/sfti1095.pfb></usr/share/texmf/fonts/type1/public/cm-super/sf
tt1095.pfb></usr/share/texmf/fonts/type1/public/cm-super/sftt1440.pfb>
Output written on Ana2.pdf (105 pages, 1036285 bytes).
Transcript written on Ana2.log.
Result: ExitSuccess

Running /usr/bin/pdflatex Ana2.tex in an env with 4 entries:
This is pdfTeX, Version 3.1415926-1.40.10 (TeX Live 2009/Debian)
entering extended mode
(data/Ana2.tex
LaTeX2e <2009/09/24>
Babel <v3.8l> and hyphenation patterns for english, usenglishmax, dumylang, noh
yphenation, farsi, arabic, croatian, bulgarian, ukrainian, russian, czech, slov
ak, danish, dutch, finnish, french, basque, ngerman, german, german-x-2009-06-1
9, ngerman-x-2009-06-19, ibycus, monogreek, greek, ancientgreek, hungarian, san
skrit, italian, latin, latvian, lithuanian, mongolian2a, mongolian, bokmal, nyn
orsk, romanian, irish, coptic, serbian, turkish, welsh, esperanto, uppersorbian
, estonian, indonesian, interlingua, icelandic, kurmanji, slovenian, polish, po
rtuguese, spanish, galician, catalan, swedish, ukenglish, loaded.
(/usr/share/texmf-texlive/tex/latex/koma-script/scrbook.cls
Document Class: scrbook 2009/07/24 v3.04a KOMA-Script document class (book)
(/usr/share/texmf-texlive/tex/latex/koma-script/scrkbase.sty
(/usr/share/texmf-texlive/tex/latex/koma-script/scrbase.sty
(/usr/share/texmf-texlive/tex/latex/graphics/keyval.sty)
(/usr/share/texmf-texlive/tex/latex/koma-script/scrlfile.sty
Package scrlfile, 2009/03/25 v3.03 KOMA-Script package (loading files)
                  Copyright (C) Markus Kohm

))) (/usr/share/texmf-texlive/tex/latex/koma-script/tocbasic.sty)
(/usr/share/texmf-texlive/tex/latex/koma-script/scrsize11pt.clo)
(/usr/share/texmf-texlive/tex/latex/koma-script/typearea.sty
Package typearea, 2009/07/24 v3.04a KOMA-Script package (type area)
                  Copyright (C) Frank Neukam, 1992-1994
                  Copyright (C) Markus Kohm, 1994-

)) (data/ana.sty (data/mathe.sty (data/latexki.sty)
(/usr/share/texmf-texlive/tex/latex/base/inputenc.sty
(/usr/share/texmf-texlive/tex/latex/base/utf8.def
(/usr/share/texmf-texlive/tex/latex/base/t1enc.dfu)
(/usr/share/texmf-texlive/tex/latex/base/ot1enc.dfu)
(/usr/share/texmf-texlive/tex/latex/base/omsenc.dfu)))
(/usr/share/texmf-texlive/tex/generic/babel/babel.sty
(/usr/share/texmf-texlive/tex/generic/babel/ngermanb.ldf
(/usr/share/texmf-texlive/tex/generic/babel/babel.def)))
(/usr/share/texmf-texlive/tex/latex/base/fontenc.sty
(/usr/share/texmf-texlive/tex/latex/base/t1enc.def))
(/usr/share/texmf-texlive/tex/latex/amsfonts/amsfonts.sty)
(/usr/share/texmf-texlive/tex/latex/amsfonts/amssymb.sty)
(/usr/share/texmf-texlive/tex/latex/amsmath/amsmath.sty
For additional information on amsmath, use the `?' option.
(/usr/share/texmf-texlive/tex/latex/amsmath/amstext.sty
(/usr/share/texmf-texlive/tex/latex/amsmath/amsgen.sty))
(/usr/share/texmf-texlive/tex/latex/amsmath/amsbsy.sty)
(/usr/share/texmf-texlive/tex/latex/amsmath/amsopn.sty))
(/usr/share/texmf-texlive/tex/latex/stmaryrd/stmaryrd.sty)
(/usr/share/texmf-texlive/tex/latex/tools/verbatim.sty)
(/usr/share/texmf-texlive/tex/latex/base/ifthen.sty)
(/usr/share/texmf-texlive/tex/latex/ntheorem/ntheorem.sty
Style `ntheorem', Version 1.25 <2005/07/07>
) (/usr/share/texmf-texlive/tex/latex/ltxmisc/framed.sty)
(/usr/share/texmf-texlive/tex/latex/pstricks/pstricks.sty
(/usr/share/texmf-texlive/tex/generic/pstricks/pstricks.tex
`PSTricks' v1.29  <2009/05/19> (tvz)
(/usr/share/texmf-texlive/tex/generic/pstricks/pstricks.con))
(/usr/share/texmf/tex/latex/xcolor/xcolor.sty
(/etc/texmf/tex/latex/config/color.cfg)
(/usr/share/texmf-texlive/tex/latex/pdftex-def/pdftex.def)))
(/usr/share/texmf-texlive/tex/latex/carlisle/slashed.sty)
(/usr/share/texmf-texlive/tex/latex/base/makeidx.sty)
(/usr/share/texmf-texlive/tex/latex/wasysym/wasysym.sty)
(/usr/share/texmf-texlive/tex/latex/jknapltx/mathrsfs.sty)
(/usr/share/texmf-texlive/tex/latex/mh/mathtools.sty
(/usr/share/texmf-texlive/tex/latex/tools/calc.sty)
(/usr/share/texmf-texlive/tex/latex/mh/mhsetup.sty))
(/usr/share/texmf-texlive/tex/latex/doublestroke/dsfont.sty)
(/usr/share/texmf-texlive/tex/latex/hyperref/hyperref.sty
(/usr/share/texmf-texlive/tex/generic/oberdiek/ifpdf.sty)
(/usr/share/texmf-texlive/tex/generic/oberdiek/ifvtex.sty)
(/usr/share/texmf-texlive/tex/generic/ifxetex/ifxetex.sty)
(/usr/share/texmf-texlive/tex/latex/oberdiek/hycolor.sty
(/usr/share/texmf-texlive/tex/latex/oberdiek/xcolor-patch.sty))
(/usr/share/texmf-texlive/tex/latex/hyperref/pd1enc.def)
(/usr/share/texmf-texlive/tex/generic/oberdiek/etexcmds.sty
(/usr/share/texmf-texlive/tex/generic/oberdiek/infwarerr.sty))
(/usr/share/texmf-texlive/tex/latex/latexconfig/hyperref.cfg)
(/usr/share/texmf-texlive/tex/latex/oberdiek/kvoptions.sty
(/usr/share/texmf-texlive/tex/generic/oberdiek/kvsetkeys.sty))
Implicit mode ON; LaTeX internals redefined
(/usr/share/texmf-texlive/tex/latex/ltxmisc/url.sty)
(/usr/share/texmf-texlive/tex/generic/oberdiek/bitset.sty
(/usr/share/texmf-texlive/tex/generic/oberdiek/intcalc.sty)
(/usr/share/texmf-texlive/tex/generic/oberdiek/bigintcalc.sty
(/usr/share/texmf-texlive/tex/generic/oberdiek/pdftexcmds.sty
(/usr/share/texmf-texlive/tex/generic/oberdiek/ifluatex.sty)
(/usr/share/texmf-texlive/tex/generic/oberdiek/ltxcmds.sty))))
(/usr/share/texmf-texlive/tex/generic/oberdiek/atbegshi.sty))
*hyperref using default driver hpdftex*
(/usr/share/texmf-texlive/tex/latex/hyperref/hpdftex.def)
(/usr/share/texmf-texlive/tex/latex/etex-pkg/etex.sty)))
(data/saetze-schmoeger.sty)
Writing index file Ana2.idx
(./Ana2.aux) (/usr/share/texmf-texlive/tex/context/base/supp-pdf.mkii
[Loading MPS to PDF converter (version 2006.09.02).]
) (/usr/share/texmf-texlive/tex/latex/hyperref/nameref.sty
(/usr/share/texmf-texlive/tex/latex/oberdiek/refcount.sty)) (./Ana2.out)
(./Ana2.out) (/usr/share/texmf-texlive/tex/latex/base/t1cmss.fd)
(/usr/share/texmf-texlive/tex/latex/amsfonts/umsa.fd)
(/usr/share/texmf-texlive/tex/latex/amsfonts/umsb.fd)
(/usr/share/texmf-texlive/tex/latex/stmaryrd/Ustmry.fd)
(/usr/share/texmf-texlive/tex/latex/wasysym/uwasy.fd)
(/usr/share/texmf-texlive/tex/latex/jknapltx/ursfs.fd)
(/usr/share/texmf-texlive/tex/latex/base/t1cmtt.fd) [1
Non-PDF special ignored!
Non-PDF special ignored!
Non-PDF special ignored!{/var/lib/texmf/fonts/map/pdftex/updmap/pdftex.map}]
[2]

Package hyperref Warning: No destination for bookmark of \addcontentsline,
(hyperref)                destination is added on input line 18.

(./Ana2.toc [3]) [4]
Kapitel I.
[5] [6]
\IeC {\textsection } 1.

Package hyperref Warning: Token not allowed in a PDF string (PDFDocEncoding):
(hyperref)                removing `math shift' on input line 44.


Package hyperref Warning: Token not allowed in a PDF string (PDFDocEncoding):
(hyperref)                removing `math shift' on input line 44.


Package hyperref Warning: Token not allowed in a PDF string (PDFDocEncoding):
(hyperref)                removing `math shift' on input line 44.


Package hyperref Warning: Token not allowed in a PDF string (PDFDocEncoding):
(hyperref)                removing `superscript' on input line 44.


Package hyperref Warning: Token not allowed in a PDF string (PDFDocEncoding):
(hyperref)                removing `math shift' on input line 44.

[7] [8] [9] [10]
\IeC {\textsection } 2.

Package hyperref Warning: Token not allowed in a PDF string (PDFDocEncoding):
(hyperref)                removing `math shift' on input line 159.


Package hyperref Warning: Token not allowed in a PDF string (PDFDocEncoding):
(hyperref)                removing `math shift' on input line 159.


Package hyperref Warning: Token not allowed in a PDF string (PDFDocEncoding):
(hyperref)                removing `math shift' on input line 159.


Package hyperref Warning: Token not allowed in a PDF string (PDFDocEncoding):
(hyperref)                removing `superscript' on input line 159.


Package hyperref Warning: Token not allowed in a PDF string (PDFDocEncoding):
(hyperref)                removing `math shift' on input line 159.

[11] [12] [13] [14]
\IeC {\textsection } 3.

Overfull \hbox (19.00331pt too wide) in paragraph at lines 229--230
[]\T1/cmr/m/n/10.95 Stets in dem Pa-ra-gra-phen: Sei $\OMS/cmsy/m/n/10.95 ; 6\O
T1/cmr/m/n/10.95 = \OML/cmm/m/it/10.95 D \OMS/cmsy/m/n/10.95 ^^R \U/msb/m/n/10.
95 R[]$ \T1/cmr/m/n/10.95 und $\OML/cmm/m/it/10.95 f \OT1/cmr/m/n/10.95 : \OML/
cmm/m/it/10.95 D \OMS/cmsy/m/n/10.95 ! \U/msb/m/n/10.95 R[]$ \T1/cmr/m/n/10.95 
ei-ne (\T1/cmr/bx/n/10.95 vektorwertige\T1/cmr/m/n/10.95 )
[15] [16]

LaTeX Font Warning: Font shape `U/stmry/b/n' undefined
(Font)              using `U/stmry/m/n' instead on input line 356.


LaTeX Font Warning: Font shape `U/wasy/b/n' in size <8> not available
(Font)              Font shape `U/wasy/m/n' tried instead on input line 356.


LaTeX Font Warning: Font shape `U/wasy/b/n' in size <6> not available
(Font)              Font shape `U/wasy/m/n' tried instead on input line 356.

[17] [18]
\IeC {\textsection } 4.
[19] [20] [21] [22]
\IeC {\textsection } 5.

Overfull \hbox (71.57036pt too wide) in paragraph at lines 519--520
[]\T1/cmr/m/n/10.95 Sei $\OML/cmm/m/it/10.95 x[] \OMS/cmsy/m/n/10.95 2 \OML/cmm
/m/it/10.95 D$\T1/cmr/m/n/10.95 . $\OML/cmm/m/it/10.95 f$ \T1/cmr/m/n/10.95 hei
ÿt []\T1/cmr/bx/n/10.95 dif-fe-ren-zier-bar \T1/cmr/m/n/10.95 (db) in $\OML/cmm
/m/it/10.95 x[] \OT1/cmr/m/n/10.95 : \OMS/cmsy/m/n/10.95 ([])  9\OT1/cmr/m/n/10
.95 (\OML/cmm/m/it/10.95 m \OMS/cmsy/m/n/10.95 ^^B \OML/cmm/m/it/10.95 n\OT1/cm
r/m/n/10.95 )$\T1/cmr/m/n/10.95 -Matrix $\OML/cmm/m/it/10.95 A \OT1/cmr/m/n/10.
95 : [] [] =
[23] [24] [25] [26]
Overfull \hbox (147.67357pt too wide) in paragraph at lines 667--668
[] \T1/cmss/bx/n/10.95 Wich-tigs-ter Fall[][] $\OML/cmm/m/it/10.95 g \OT1/cmr/m
/n/10.95 = \OML/cmm/m/it/10.95 g\OT1/cmr/m/n/10.95 (\OML/cmm/m/it/10.95 x[]; []
 ; x[]\OT1/cmr/m/n/10.95 )$ \T1/cmr/m/n/10.95 re-ell-wer-tig, $\OML/cmm/m/it/10
.95 h\OT1/cmr/m/n/10.95 (\OML/cmm/m/it/10.95 x\OT1/cmr/m/n/10.95 ) = \OML/cmm/m
/it/10.95 h\OT1/cmr/m/n/10.95 (\OML/cmm/m/it/10.95 x[]; [] ; x[]\OT1/cmr/m/n/10
.95 ) = \OML/cmm/m/it/10.95 g\OT1/cmr/m/n/10.95 (\OML/cmm/m/it/10.95 f[]\OT1/cm
r/m/n/10.95 (\OML/cmm/m/it/10.95 x[]; [] ; x[]\OT1/cmr/m/n/10.95 )\OML/cmm/m/it
/10.95 ; f[]\OT1/cmr/m/n/10.95 (\OML/cmm/m/it/10.95 x[]; [] ; x[]\OT1/cmr/m/n/1
0.95 )\OML/cmm/m/it/10.95 ; [] ; f[]\OT1/cmr/m/n/10.95 (\OML/cmm/m/it/10.95 x[]
; [] ; x[]\OT1/cmr/m/n/10.95 )) =

Overfull \hbox (14.64386pt too wide) in paragraph at lines 687--690
[]$\OT1/cmr/m/n/10.95 ^^H(\OML/cmm/m/it/10.95 x\OT1/cmr/m/n/10.95 ) := \OML/cmm
/m/it/10.95 Ax\OT1/cmr/m/n/10.95 (\OML/cmm/m/it/10.95 x \OMS/cmsy/m/n/10.95 2 \
U/msb/m/n/10.95 R[]\OT1/cmr/m/n/10.95 )\OML/cmm/m/it/10.95 :[]  \OT1/cmr/m/n/10
.95 =[]\OMS/cmsy/m/n/10.95 )  \OT1/cmr/m/n/10.95 ^^H[]^^H : \U/msb/m/n/10.95 R[
] \OMS/cmsy/m/n/10.95 ! \U/msb/m/n/10.95 R[]\OML/cmm/m/it/10.95 :  []  \OT1/cmr
/m/n/10.95 ^^H[]\OML/cmm/m/it/10.95 Kern\OT1/cmr/m/n/10.95 ^^H =
[27]

LaTeX Warning: Unknown theoremstyle `numberbreak'. Using `plain' on input line 
709.

[28]
\IeC {\textsection } 6.
[29]
Overfull \hbox (9.68068pt too wide) in paragraph at lines 797--798
[][] \OT1/cmr/m/n/10.95 = []$\T1/cmr/m/n/10.95 . D.h.: $[]\OT1/cmr/m/n/10.95 (0
\OML/cmm/m/it/10.95 ; \OT1/cmr/m/n/10.95 0)$ \T1/cmr/m/n/10.95 ex. $ \OMS/cmsy/
m/n/10.95 ([])  \OML/cmm/m/it/10.95 a[]a[] \OT1/cmr/m/n/10.95 = 0  \OMS/cmsy/m/
n/10.95 ([])  \OML/cmm/m/it/10.95 a \OMS/cmsy/m/n/10.95 2 f\OT1/cmr/m/n/10.95 (
1\OML/cmm/m/it/10.95 ; \OT1/cmr/m/n/10.95 0)\OML/cmm/m/it/10.95 ; \OT1/cmr/m/n/
10.95 (\OMS/cmsy/m/n/10.95 ^^@\OT1/cmr/m/n/10.95 1\OML/cmm/m/it/10.95 ; \OT1/cm
r/m/n/10.95 0)\OML/cmm/m/it/10.95 ; \OT1/cmr/m/n/10.95 (0\OML/cmm/m/it/10.95 ; 
\OT1/cmr/m/n/10.95 1)\OML/cmm/m/it/10.95 ; \OT1/cmr/m/n/10.95 (0\OML/cmm/m/it/1
0.95 ; \OMS/cmsy/m/n/10.95 ^^@\OT1/cmr/m/n/10.95 1)\OMS/cmsy/m/n/10.95 g$\T1/cm
r/m/n/10.95 .
[30]
Overfull \hbox (30.9037pt too wide) in paragraph at lines 829--830
[]$[]  []  \OMS/cmsy/m/n/10.95 j\OML/cmm/m/it/10.95 a \OMS/cmsy/m/n/10.95 ^^A [
] \OML/cmm/m/it/10.95 f\OT1/cmr/m/n/10.95 (\OML/cmm/m/it/10.95 x[]\OT1/cmr/m/n/
10.95 )\OMS/cmsy/m/n/10.95 j [] jj\OML/cmm/m/it/10.95 a\OMS/cmsy/m/n/10.95 jj ^
^A jj [] \OML/cmm/m/it/10.95 f\OT1/cmr/m/n/10.95 (\OML/cmm/m/it/10.95 x[]\OT1/c
mr/m/n/10.95 )\OMS/cmsy/m/n/10.95 jj \OT1/cmr/m/n/10.95 = \OMS/cmsy/m/n/10.95 j
j [] \OML/cmm/m/it/10.95 f\OT1/cmr/m/n/10.95 (\OML/cmm/m/it/10.95 x[]\OT1/cmr/m
/n/10.95 )\OMS/cmsy/m/n/10.95 jj \OT1/cmr/m/n/10.95 = [] [] \OML/cmm/m/it/10.95
 f\OT1/cmr/m/n/10.95 (\OML/cmm/m/it/10.95 x[]\OT1/cmr/m/n/10.95 ) \OMS/cmsy/m/n
/10.95 ^^A
[31]
Overfull \hbox (28.17564pt too wide) detected at line 843
\OT1/cmr/m/n/10.95 (\OML/cmm/m/it/10.95 h \OMS/cmsy/m/n/10.95 ^^A r\OT1/cmr/m/n
/10.95 ) := \OML/cmm/m/it/10.95 h[][] \OT1/cmr/m/n/10.95 + [] + \OML/cmm/m/it/1
0.95 h[][]\OT1/cmr/m/n/10.95 ;  (\OML/cmm/m/it/10.95 h \OMS/cmsy/m/n/10.95 ^^A 
r\OT1/cmr/m/n/10.95 )\OML/cmm/m/it/10.95 f \OT1/cmr/m/n/10.95 := \OML/cmm/m/it/
10.95 h[][] \OT1/cmr/m/n/10.95 + [] + \OML/cmm/m/it/10.95 h[][] \OT1/cmr/m/n/10
.95 = \OML/cmm/m/it/10.95 h [] f\OT1/cmr/m/n/10.95 ;  (\OML/cmm/m/it/10.95 h \O
MS/cmsy/m/n/10.95 ^^A r\OT1/cmr/m/n/10.95 )\OML/cmm/m/it/10.95 f\OT1/cmr/m/n/10
.95 (\OML/cmm/m/it/10.95 x[]\OT1/cmr/m/n/10.95 ) := \OML/cmm/m/it/10.95 h \OMS/
cmsy/m/n/10.95 ^^A [] \OML/cmm/m/it/10.95 f\OT1/cmr/m/n/10.95 (\OML/cmm/m/it/10
.95 x[]\OT1/cmr/m/n/10.95 )
[32] [33] [34]
\IeC {\textsection } 7.

Underfull \hbox (badness 10000) in paragraph at lines 909--911

[35] [36]
\IeC {\textsection } 8.
[37]
Underfull \hbox (badness 10000) in paragraph at lines 1007--1008


Underfull \hbox (badness 10000) in paragraph at lines 1011--1013

[38]
\IeC {\textsection } 9.
[39] [40] [41] [42]
\IeC {\textsection } 10.
[43] [44]
\IeC {\textsection } 11.
[45]
Overfull \hbox (19.34203pt too wide) detected at line 1297
\OT1/cmr/m/n/10.95 0 = \OML/cmm/m/it/10.95 h[]\OT1/cmr/m/n/10.95 (\OML/cmm/m/it
/10.95 z[]\OT1/cmr/m/n/10.95 )  []  \OML/cmm/m/it/10.95 f[]\OT1/cmr/m/n/10.95 (
\OML/cmm/m/it/10.95 g\OT1/cmr/m/n/10.95 (\OML/cmm/m/it/10.95 z[]\OT1/cmr/m/n/10
.95 )\OML/cmm/m/it/10.95 ; z[]\OT1/cmr/m/n/10.95 ) \OMS/cmsy/m/n/10.95 ^^A [] \
OT1/cmr/m/n/10.95 = [] \OMS/cmsy/m/n/10.95 ^^A [] \OT1/cmr/m/n/10.95 = [](\OML/
cmm/m/it/10.95 x[]\OT1/cmr/m/n/10.95 )\OML/cmm/m/it/10.95 g[]\OT1/cmr/m/n/10.95
 (\OML/cmm/m/it/10.95 z[]\OT1/cmr/m/n/10.95 ) + [](\OML/cmm/m/it/10.95 x[]\OT1/
cmr/m/n/10.95 )

Underfull \hbox (badness 10000) in paragraph at lines 1321--1322

[46] [47] [48]
\IeC {\textsection } 12.

Package hyperref Warning: Token not allowed in a PDF string (PDFDocEncoding):
(hyperref)                removing `math shift' on input line 1352.


Package hyperref Warning: Token not allowed in a PDF string (PDFDocEncoding):
(hyperref)                removing `math shift' on input line 1352.


Package hyperref Warning: Token not allowed in a PDF string (PDFDocEncoding):
(hyperref)                removing `math shift' on input line 1352.


Package hyperref Warning: Token not allowed in a PDF string (PDFDocEncoding):
(hyperref)                removing `superscript' on input line 1352.


Package hyperref Warning: Token not allowed in a PDF string (PDFDocEncoding):
(hyperref)                removing `math shift' on input line 1352.

(/usr/share/texmf-texlive/tex/latex/amsfonts/ueuf.fd)
Underfull \hbox (badness 10000) in paragraph at lines 1380--1381

[49] [50]
Overfull \hbox (11.85016pt too wide) detected at line 1459
[] \OMS/cmsy/m/n/10.95 ! k\OML/cmm/m/it/10.95 ^^M[]\OT1/cmr/m/n/10.95 (\OML/cmm
/m/it/10.95 t[]\OT1/cmr/m/n/10.95 )\OMS/cmsy/m/n/10.95 k \OT1/cmr/m/n/10.95 (\O
ML/cmm/m/it/10.95 t \OMS/cmsy/m/n/10.95 ! \OML/cmm/m/it/10.95 t[] \OT1/cmr/m/n/
10.95 + 0)[][] \OMS/cmsy/m/n/10.95 ! k\OML/cmm/m/it/10.95 ^^M[]\OT1/cmr/m/n/10.
95 (\OML/cmm/m/it/10.95 t[]\OT1/cmr/m/n/10.95 )\OMS/cmsy/m/n/10.95 k \OT1/cmr/m
/n/10.95 (\OML/cmm/m/it/10.95 t \OMS/cmsy/m/n/10.95 ! \OML/cmm/m/it/10.95 t[] \
OMS/cmsy/m/n/10.95 ^^@ \OT1/cmr/m/n/10.95 0)[]

Overfull \hbox (7.54262pt too wide) detected at line 1463
[][] \OML/cmm/m/it/10.95 ^^M[]\OT1/cmr/m/n/10.95 (\OML/cmm/m/it/10.95 ^^\\OT1/c
mr/m/n/10.95 )[]\OML/cmm/m/it/10.95 ^^\ \OT1/cmr/m/n/10.95 = []  []  [] = \OML/
cmm/m/it/10.95 ^^M\OT1/cmr/m/n/10.95 (\OML/cmm/m/it/10.95 ^^\[]\OT1/cmr/m/n/10.
95 ) \OMS/cmsy/m/n/10.95 ^^@ \OML/cmm/m/it/10.95 ^^M\OT1/cmr/m/n/10.95 (\OML/cm
m/m/it/10.95 ^^\[]\OT1/cmr/m/n/10.95 )
[51] [52] [53] [54]
\IeC {\textsection } 13.
[55] [56] [57] [58]
\IeC {\textsection } 14.
[59]
Underfull \hbox (badness 10000) in paragraph at lines 1724--1726

[60] [61] [62]
\IeC {\textsection } 15.
[63]
Overfull \hbox (4.18782pt too wide) in paragraph at lines 1880--1881
[]$\OML/cmm/m/it/10.95 '[]\OT1/cmr/m/n/10.95 (\OML/cmm/m/it/10.95 x\OT1/cmr/m/n
/10.95 ) = \OML/cmm/m/it/10.95 '\OT1/cmr/m/n/10.95 (\OML/cmm/m/it/10.95 x; y\OT
1/cmr/m/n/10.95 )  []  [][] \OML/cmm/m/it/10.95 c[]\OT1/cmr/m/n/10.95 1[](\OML/
cmm/m/it/10.95 x; y\OT1/cmr/m/n/10.95 )  []  [][] \OML/cmm/m/it/10.95 c[]\OT1/c
mr/m/n/10.95 1[](\OML/cmm/m/it/10.95 x\OT1/cmr/m/n/10.95 ) \OMS/cmsy/m/n/10.95 
^^A \OT1/cmr/m/n/10.95 1[](\OML/cmm/m/it/10.95 y\OT1/cmr/m/n/10.95 ) = [][] [] 
\OMS/cmsy/m/n/10.95 ^^A\OT1/cmr/m/n/10.95 1[](\OML/cmm/m/it/10.95 x\OT1/cmr/m/n
/10.95 ) =
[64] [65] [66]
\IeC {\textsection } 16.
[67] [68]
Overfull \hbox (7.29791pt too wide) in paragraph at lines 1992--1993
[]\T1/cmr/m/n/10.95 Sei $\OML/cmm/m/it/10.95 z \OMS/cmsy/m/n/10.95 2 \OML/cmm/m
/it/10.95 Q$\T1/cmr/m/n/10.95 : $\OMS/cmsy/m/n/10.95 9\OML/cmm/m/it/10.95 j \OM
S/cmsy/m/n/10.95 2 f\OT1/cmr/m/n/10.95 1\OML/cmm/m/it/10.95 ; [] ; p\OMS/cmsy/m
/n/10.95 g \OT1/cmr/m/n/10.95 : \OML/cmm/m/it/10.95 z \OMS/cmsy/m/n/10.95 2 \OM
L/cmm/m/it/10.95 U[]\OT1/cmr/m/n/10.95 (\OML/cmm/m/it/10.95 x[]\OT1/cmr/m/n/10.
95 )  =[]\OMS/cmsy/m/n/10.95 )  \OML/cmm/m/it/10.95 '[]\OT1/cmr/m/n/10.95 (\OML
/cmm/m/it/10.95 z\OT1/cmr/m/n/10.95 ) = [][] \OML/cmm/m/it/10.95 c[]\OT1/cmr/m/
n/10.95 1[](\OML/cmm/m/it/10.95 z\OT1/cmr/m/n/10.95 ) \OMS/cmsy/m/n/10.95 ^^U [
][] \OML/cmm/m/it/10.95 c[]\OT1/cmr/m/n/10.95 1[](\OML/cmm/m/it/10.95 z\OT1/cmr
/m/n/10.95 ) \OMS/cmsy/m/n/10.95 ^^U

Overfull \hbox (8.88391pt too wide) in paragraph at lines 2013--2015
\T1/cmr/m/n/10.95 wobei $\OML/cmm/m/it/10.95 Q[]; [] ; Q[]; R[]; [] ; R[]$ \T1/
cmr/m/n/10.95 paar-wei-se dis-kunkt, $\OML/cmm/m/it/10.95 Q[] [] ; Q[]$ \T1/cmr
/m/n/10.95 of-fen, $\OML/cmm/m/it/10.95 v[]\OT1/cmr/m/n/10.95 (\OML/cmm/m/it/10
.95 R[]\OT1/cmr/m/n/10.95 ) = 0$ $(\OML/cmm/m/it/10.95 j \OT1/cmr/m/n/10.95 = 1
\OML/cmm/m/it/10.95 ; [] ; r\OT1/cmr/m/n/10.95 )$\T1/cmr/m/n/10.95 .
[69] [70] [71] [72] [73] [74] [75] [76] [77] [78]
\IeC {\textsection } 17.
[79] [80]
Overfull \hbox (40.3329pt too wide) in paragraph at lines 2461--2462
[]$\OML/cmm/m/it/10.95 G[]$ \T1/cmr/m/n/10.95 ist be-schränkt und ab-ge-schlos-
sen $ []  \OML/cmm/m/it/10.95 G[]$ \T1/cmr/m/n/10.95 ist qb. $\OML/cmm/m/it/10.
95 v[]\OT1/cmr/m/n/10.95 (\OML/cmm/m/it/10.95 G[]\OT1/cmr/m/n/10.95 ) = [][] 1\
OML/cmm/m/it/10.95 d\OT1/cmr/m/n/10.95 (\OML/cmm/m/it/10.95 x; y\OT1/cmr/m/n/10
.95 )  []  [][] [] \OML/cmm/m/it/10.95 dx \OT1/cmr/m/n/10.95 =
[81] [82] [83] [84]
\IeC {\textsection } 18.
[85] [86] [87]
Overfull \hbox (1.13979pt too wide) in paragraph at lines 2719--2720
[]\T1/cmr/m/n/10.95 18.6 $ \OT1/cmr/m/n/10.95 =[]\OMS/cmsy/m/n/10.95 )  \OML/cm
m/m/it/10.95 g \OMS/cmsy/m/n/10.95 2 \OML/cmm/m/it/10.95 L\OT1/cmr/m/n/10.95 ([
\OML/cmm/m/it/10.95 a; b\OT1/cmr/m/n/10.95 ])  []  \OML/cmm/m/it/10.95 f[] \OMS
/cmsy/m/n/10.95 2 \OML/cmm/m/it/10.95 L\OT1/cmr/m/n/10.95 ([\OML/cmm/m/it/10.95
 a; b\OT1/cmr/m/n/10.95 ])$ \T1/cmr/m/n/10.95 und $[][] \OML/cmm/m/it/10.95 f[]
dx \OT1/cmr/m/n/10.95 = [][] \OML/cmm/m/it/10.95 gdx  []  [][] [][] f[]dx  []
[88] [89] [90]
\IeC {\textsection } 19.
[91] [92]
\IeC {\textsection } 20.

Underfull \vbox (badness 10000) has occurred while \output is active [93]
[94] [95] [96]
\IeC {\textsection } 21.

Underfull \hbox (badness 10000) in paragraph at lines 2939--2940

[97] [98]
Anhang A.
** Generating table of satz,wichtigedefinition
(./Ana2.thm [99]
Underfull \vbox (badness 5771) has occurred while \output is active [100]
Overfull \hbox (2.7858pt too wide) detected at line 194
\T1/cmr/m/n/10.95 16.10. 

Overfull \hbox (2.7858pt too wide) detected at line 196
\T1/cmr/m/n/10.95 16.11. 

Overfull \hbox (2.7858pt too wide) detected at line 198
\T1/cmr/m/n/10.95 16.12. 

Overfull \hbox (2.7858pt too wide) detected at line 200
\T1/cmr/m/n/10.95 16.13. 

Overfull \hbox (2.7858pt too wide) detected at line 203
\T1/cmr/m/n/10.95 16.14. 

Overfull \hbox (2.7858pt too wide) detected at line 230
\T1/cmr/m/n/10.95 17.10. 

Overfull \hbox (2.7858pt too wide) detected at line 232
\T1/cmr/m/n/10.95 17.11. 

Overfull \hbox (2.7858pt too wide) detected at line 236
\T1/cmr/m/n/10.95 17.13. 

Underfull \vbox (badness 5771) has occurred while \output is active [101])
(./Ana2.ind [102] [103] [104])
Anhang B.

Underfull \hbox (badness 10000) in paragraph at lines 2977--2999

[105] (./Ana2.aux)

LaTeX Font Warning: Some font shapes were not available, defaults substituted.

 )
(see the transcript file for additional information){/usr/share/texmf/fonts/enc
/dvips/cm-super/cm-super-t1.enc}</usr/share/texmf-texlive/fonts/type1/public/am
sfonts/cm/cmbx8.pfb></usr/share/texmf-texlive/fonts/type1/public/amsfonts/cm/cm
ex10.pfb></usr/share/texmf-texlive/fonts/type1/public/amsfonts/cmextra/cmex8.pf
b></usr/share/texmf-texlive/fonts/type1/public/amsfonts/cm/cmmi10.pfb></usr/sha
re/texmf-texlive/fonts/type1/public/amsfonts/cm/cmmi12.pfb></usr/share/texmf-te
xlive/fonts/type1/public/amsfonts/cm/cmmi6.pfb></usr/share/texmf-texlive/fonts/
type1/public/amsfonts/cm/cmmi8.pfb></usr/share/texmf-texlive/fonts/type1/public
/amsfonts/cm/cmmib10.pfb></usr/share/texmf-texlive/fonts/type1/public/amsfonts/
cmextra/cmmib8.pfb></usr/share/texmf-texlive/fonts/type1/public/amsfonts/cm/cmr
10.pfb></usr/share/texmf-texlive/fonts/type1/public/amsfonts/cm/cmr6.pfb></usr/
share/texmf-texlive/fonts/type1/public/amsfonts/cm/cmr8.pfb></usr/share/texmf-t
exlive/fonts/type1/public/amsfonts/cm/cmsy10.pfb></usr/share/texmf-texlive/font
s/type1/public/amsfonts/cm/cmsy6.pfb></usr/share/texmf-texlive/fonts/type1/publ
ic/amsfonts/cm/cmsy8.pfb></usr/share/texmf-texlive/fonts/type1/public/amsfonts/
euler/eufm10.pfb></usr/share/texmf-texlive/fonts/type1/public/amsfonts/symbols/
msam10.pfb></usr/share/texmf-texlive/fonts/type1/public/amsfonts/symbols/msbm10
.pfb></usr/share/texmf-texlive/fonts/type1/public/rsfs/rsfs10.pfb></usr/share/t
exmf/fonts/type1/public/cm-super/sfbx1095.pfb></usr/share/texmf/fonts/type1/pub
lic/cm-super/sfrm0600.pfb></usr/share/texmf/fonts/type1/public/cm-super/sfrm080
0.pfb></usr/share/texmf/fonts/type1/public/cm-super/sfrm0900.pfb></usr/share/te
xmf/fonts/type1/public/cm-super/sfrm1095.pfb></usr/share/texmf/fonts/type1/publ
ic/cm-super/sfrm1440.pfb></usr/share/texmf/fonts/type1/public/cm-super/sfsl1095
.pfb></usr/share/texmf/fonts/type1/public/cm-super/sfsx1095.pfb></usr/share/tex
mf/fonts/type1/public/cm-super/sfsx1440.pfb></usr/share/texmf/fonts/type1/publi
c/cm-super/sfsx2074.pfb></usr/share/texmf/fonts/type1/public/cm-super/sfti1095.
pfb></usr/share/texmf/fonts/type1/public/cm-super/sftt1095.pfb></usr/share/texm
f/fonts/type1/public/cm-super/sftt1440.pfb>
Output written on Ana2.pdf (105 pages, 1036213 bytes).
Transcript written on Ana2.log.
Result: ExitSuccess

Running /usr/bin/convert -verbose Ana2.pdf[0] -resize 70x Ana2.png in an env with 4 entries:
"gs" -q -dQUIET -dSAFER -dBATCH -dNOPAUSE -dNOPROMPT -dMaxBitmap=500000000 -dAlignToPixels=0 -dGridFitTT=2 "-sDEVICE=pngalpha" -dTextAlphaBits=4 -dGraphicsAlphaBits=4 "-r72x72" -dFirstPage=1 -dLastPage=1 "-sOutputFile=/tmp/magick-K7Nsbl2V-%08d" "-f/tmp/magick-ad4WrWFq" "-f/tmp/magick-QiJJRDjV"
/tmp/magick-K7Nsbl2V-00000001 PNG 595x842 595x842+0+0 8-bit DirectClass 10.5KB 0.020u 0:00.010
Ana2.pdf[0]=>Ana2.pdf PDF 595x842 595x842+0+0 16-bit DirectClass 10.5KB 0.000u 0:00.000
Ana2.pdf[0]=>Ana2.png PDF 595x842=>70x99 70x99+0+0 16-bit DirectClass 0.310u 0:00.070
Result: ExitSuccess

Running /usr/bin/optipng -verbose Ana2.png in an env with 4 entries:
OptiPNG 0.6.4: Advanced PNG optimizer.
Copyright (C) 2001-2010 Cosmin Truta.

** Processing: Ana2.png
70x99 pixels, 4x16 bits/pixel, RGB+alpha
Input IDAT size = 1025 bytes
Input file size = 3659 bytes

Trying:
  zc = 9  zm = 8  zs = 0  f = 0		IDAT size = 939
  zc = 9  zm = 8  zs = 1  f = 0		IDAT size = 936
  zc = 1  zm = 8  zs = 2  f = 0		IDAT too big
  zc = 9  zm = 8  zs = 3  f = 0		IDAT too big
  zc = 9  zm = 8  zs = 0  f = 5		IDAT too big
  zc = 9  zm = 8  zs = 1  f = 5		IDAT too big
  zc = 1  zm = 8  zs = 2  f = 5		IDAT too big
  zc = 9  zm = 8  zs = 3  f = 5		IDAT too big

Selecting parameters:
  zc = 9  zm = 8  zs = 1  f = 0		IDAT size = 936

Output IDAT size = 936 bytes (89 bytes decrease)
Output file size = 3570 bytes (89 bytes = 2.43% decrease)

** Status report
1 file(s) have been processed.
Result: ExitSuccess
