This is pdfTeX, Version 3.1415926-1.40.10 (TeX Live 2009/Debian) (format=pdflatex 2016.12.27)  27 DEC 2016 08:50
entering extended mode
 %&-line parsing enabled.
**Ana3.tex
(data/Ana3.tex
LaTeX2e <2009/09/24>
Babel <v3.8l> and hyphenation patterns for english, usenglishmax, dumylang, noh
yphenation, farsi, arabic, croatian, bulgarian, ukrainian, russian, czech, slov
ak, danish, dutch, finnish, french, basque, ngerman, german, german-x-2009-06-1
9, ngerman-x-2009-06-19, ibycus, monogreek, greek, ancientgreek, hungarian, san
skrit, italian, latin, latvian, lithuanian, mongolian2a, mongolian, bokmal, nyn
orsk, romanian, irish, coptic, serbian, turkish, welsh, esperanto, uppersorbian
, estonian, indonesian, interlingua, icelandic, kurmanji, slovenian, polish, po
rtuguese, spanish, galician, catalan, swedish, ukenglish, loaded.
(/usr/share/texmf-texlive/tex/latex/koma-script/scrbook.cls
Document Class: scrbook 2009/07/24 v3.04a KOMA-Script document class (book)
(/usr/share/texmf-texlive/tex/latex/koma-script/scrkbase.sty
Package: scrkbase 2009/07/24 v3.04a KOMA-Script package (KOMA-Script-dependent 
basics and keyval usage)

(/usr/share/texmf-texlive/tex/latex/koma-script/scrbase.sty
Package: scrbase 2009/07/24 v3.04a KOMA-Script package (KOMA-Script-independent
 basics and keyval usage)

(/usr/share/texmf-texlive/tex/latex/graphics/keyval.sty
Package: keyval 1999/03/16 v1.13 key=value parser (DPC)
\KV@toks@=\toks14
)
(/usr/share/texmf-texlive/tex/latex/koma-script/scrlfile.sty
Package: scrlfile 2009/03/25 v3.03 KOMA-Script package (loading files)

Package scrlfile, 2009/03/25 v3.03 KOMA-Script package (loading files)
                  Copyright (C) Markus Kohm

))) (/usr/share/texmf-texlive/tex/latex/koma-script/tocbasic.sty
Package: tocbasic 2009/06/08 v3.03b KOMA-Script package (handling toc-files)
)
Package tocbasic Info: omitting babel extension for `toc'
(tocbasic)             because of feature `nobabel' available
(tocbasic)             for `toc' on input line 117.
Package tocbasic Info: omitting babel extension for `lof'
(tocbasic)             because of feature `nobabel' available
(tocbasic)             for `lof' on input line 118.
Package tocbasic Info: omitting babel extension for `lot'
(tocbasic)             because of feature `nobabel' available
(tocbasic)             for `lot' on input line 119.
Class scrbook Info: File `scrsize11pt.clo' used instead of
(scrbook)           file `scrsize11.clo' to setup font sizes on input line 1272
.

(/usr/share/texmf-texlive/tex/latex/koma-script/scrsize11pt.clo
File: scrsize11pt.clo 2009/07/24 v3.04a KOMA-Script font size class option (11p
t)
)
(/usr/share/texmf-texlive/tex/latex/koma-script/typearea.sty
Package: typearea 2009/07/24 v3.04a KOMA-Script package (type area)

Package typearea, 2009/07/24 v3.04a KOMA-Script package (type area)
                  Copyright (C) Frank Neukam, 1992-1994
                  Copyright (C) Markus Kohm, 1994-

\ta@bcor=\skip41
\ta@div=\count79
Package typearea Info: You've used standard option `a4paper'.
(typearea)             This is correct!
(typearea)             Internaly I'm using `paper=a4'.
(typearea)             If you'd like to set the option with \KOMAoptions,
(typearea)             you'd have to use `paper=a4' there
(typearea)             instead of `a4paper', too.
\ta@hblk=\skip42
\ta@vblk=\skip43
\ta@temp=\skip44
Package typearea Info: These are the values describing the layout:
(typearea)             DIV  = 15
(typearea)             BCOR = 34.1433pt
(typearea)             \paperwidth      = 597.50793pt
(typearea)              \textwidth      = 450.69174pt
(typearea)              DIV departure   = -15%
(typearea)              \evensidemargin = 2.84528pt
(typearea)              \oddsidemargin  = -0.56906pt
(typearea)             \paperheight     = 845.04694pt
(typearea)              \textheight     = 677.4003pt
(typearea)              \topmargin      = -53.33354pt
(typearea)              \headheight     = 17.0pt
(typearea)              \headsep        = 20.40001pt
(typearea)              \topskip        = 11.0pt
(typearea)              \footskip       = 47.60002pt
(typearea)              \baselineskip   = 13.6pt
(typearea)              on input line 1115.
)
\c@part=\count80
\c@chapter=\count81
\c@section=\count82
\c@subsection=\count83
\c@subsubsection=\count84
\c@paragraph=\count85
\c@subparagraph=\count86
\abovecaptionskip=\skip45
\belowcaptionskip=\skip46
\c@pti@nb@sid@b@x=\box26
\c@figure=\count87
\c@table=\count88
\bibindent=\dimen102
) (data/ana.sty (data/mathe.sty (data/latexki.sty)
(/usr/share/texmf-texlive/tex/latex/base/inputenc.sty
Package: inputenc 2008/03/30 v1.1d Input encoding file
\inpenc@prehook=\toks15
\inpenc@posthook=\toks16

(/usr/share/texmf-texlive/tex/latex/base/utf8.def
File: utf8.def 2008/04/05 v1.1m UTF-8 support for inputenc
Now handling font encoding OML ...
... no UTF-8 mapping file for font encoding OML
Now handling font encoding T1 ...
... processing UTF-8 mapping file for font encoding T1

(/usr/share/texmf-texlive/tex/latex/base/t1enc.dfu
File: t1enc.dfu 2008/04/05 v1.1m UTF-8 support for inputenc
   defining Unicode char U+00A1 (decimal 161)
   defining Unicode char U+00A3 (decimal 163)
   defining Unicode char U+00AB (decimal 171)
   defining Unicode char U+00BB (decimal 187)
   defining Unicode char U+00BF (decimal 191)
   defining Unicode char U+00C0 (decimal 192)
   defining Unicode char U+00C1 (decimal 193)
   defining Unicode char U+00C2 (decimal 194)
   defining Unicode char U+00C3 (decimal 195)
   defining Unicode char U+00C4 (decimal 196)
   defining Unicode char U+00C5 (decimal 197)
   defining Unicode char U+00C6 (decimal 198)
   defining Unicode char U+00C7 (decimal 199)
   defining Unicode char U+00C8 (decimal 200)
   defining Unicode char U+00C9 (decimal 201)
   defining Unicode char U+00CA (decimal 202)
   defining Unicode char U+00CB (decimal 203)
   defining Unicode char U+00CC (decimal 204)
   defining Unicode char U+00CD (decimal 205)
   defining Unicode char U+00CE (decimal 206)
   defining Unicode char U+00CF (decimal 207)
   defining Unicode char U+00D0 (decimal 208)
   defining Unicode char U+00D1 (decimal 209)
   defining Unicode char U+00D2 (decimal 210)
   defining Unicode char U+00D3 (decimal 211)
   defining Unicode char U+00D4 (decimal 212)
   defining Unicode char U+00D5 (decimal 213)
   defining Unicode char U+00D6 (decimal 214)
   defining Unicode char U+00D8 (decimal 216)
   defining Unicode char U+00D9 (decimal 217)
   defining Unicode char U+00DA (decimal 218)
   defining Unicode char U+00DB (decimal 219)
   defining Unicode char U+00DC (decimal 220)
   defining Unicode char U+00DD (decimal 221)
   defining Unicode char U+00DE (decimal 222)
   defining Unicode char U+00DF (decimal 223)
   defining Unicode char U+00E0 (decimal 224)
   defining Unicode char U+00E1 (decimal 225)
   defining Unicode char U+00E2 (decimal 226)
   defining Unicode char U+00E3 (decimal 227)
   defining Unicode char U+00E4 (decimal 228)
   defining Unicode char U+00E5 (decimal 229)
   defining Unicode char U+00E6 (decimal 230)
   defining Unicode char U+00E7 (decimal 231)
   defining Unicode char U+00E8 (decimal 232)
   defining Unicode char U+00E9 (decimal 233)
   defining Unicode char U+00EA (decimal 234)
   defining Unicode char U+00EB (decimal 235)
   defining Unicode char U+00EC (decimal 236)
   defining Unicode char U+00ED (decimal 237)
   defining Unicode char U+00EE (decimal 238)
   defining Unicode char U+00EF (decimal 239)
   defining Unicode char U+00F0 (decimal 240)
   defining Unicode char U+00F1 (decimal 241)
   defining Unicode char U+00F2 (decimal 242)
   defining Unicode char U+00F3 (decimal 243)
   defining Unicode char U+00F4 (decimal 244)
   defining Unicode char U+00F5 (decimal 245)
   defining Unicode char U+00F6 (decimal 246)
   defining Unicode char U+00F8 (decimal 248)
   defining Unicode char U+00F9 (decimal 249)
   defining Unicode char U+00FA (decimal 250)
   defining Unicode char U+00FB (decimal 251)
   defining Unicode char U+00FC (decimal 252)
   defining Unicode char U+00FD (decimal 253)
   defining Unicode char U+00FE (decimal 254)
   defining Unicode char U+00FF (decimal 255)
   defining Unicode char U+0102 (decimal 258)
   defining Unicode char U+0103 (decimal 259)
   defining Unicode char U+0104 (decimal 260)
   defining Unicode char U+0105 (decimal 261)
   defining Unicode char U+0106 (decimal 262)
   defining Unicode char U+0107 (decimal 263)
   defining Unicode char U+010C (decimal 268)
   defining Unicode char U+010D (decimal 269)
   defining Unicode char U+010E (decimal 270)
   defining Unicode char U+010F (decimal 271)
   defining Unicode char U+0110 (decimal 272)
   defining Unicode char U+0111 (decimal 273)
   defining Unicode char U+0118 (decimal 280)
   defining Unicode char U+0119 (decimal 281)
   defining Unicode char U+011A (decimal 282)
   defining Unicode char U+011B (decimal 283)
   defining Unicode char U+011E (decimal 286)
   defining Unicode char U+011F (decimal 287)
   defining Unicode char U+0130 (decimal 304)
   defining Unicode char U+0131 (decimal 305)
   defining Unicode char U+0132 (decimal 306)
   defining Unicode char U+0133 (decimal 307)
   defining Unicode char U+0139 (decimal 313)
   defining Unicode char U+013A (decimal 314)
   defining Unicode char U+013D (decimal 317)
   defining Unicode char U+013E (decimal 318)
   defining Unicode char U+0141 (decimal 321)
   defining Unicode char U+0142 (decimal 322)
   defining Unicode char U+0143 (decimal 323)
   defining Unicode char U+0144 (decimal 324)
   defining Unicode char U+0147 (decimal 327)
   defining Unicode char U+0148 (decimal 328)
   defining Unicode char U+014A (decimal 330)
   defining Unicode char U+014B (decimal 331)
   defining Unicode char U+0150 (decimal 336)
   defining Unicode char U+0151 (decimal 337)
   defining Unicode char U+0152 (decimal 338)
   defining Unicode char U+0153 (decimal 339)
   defining Unicode char U+0154 (decimal 340)
   defining Unicode char U+0155 (decimal 341)
   defining Unicode char U+0158 (decimal 344)
   defining Unicode char U+0159 (decimal 345)
   defining Unicode char U+015A (decimal 346)
   defining Unicode char U+015B (decimal 347)
   defining Unicode char U+015E (decimal 350)
   defining Unicode char U+015F (decimal 351)
   defining Unicode char U+0160 (decimal 352)
   defining Unicode char U+0161 (decimal 353)
   defining Unicode char U+0162 (decimal 354)
   defining Unicode char U+0163 (decimal 355)
   defining Unicode char U+0164 (decimal 356)
   defining Unicode char U+0165 (decimal 357)
   defining Unicode char U+016E (decimal 366)
   defining Unicode char U+016F (decimal 367)
   defining Unicode char U+0170 (decimal 368)
   defining Unicode char U+0171 (decimal 369)
   defining Unicode char U+0178 (decimal 376)
   defining Unicode char U+0179 (decimal 377)
   defining Unicode char U+017A (decimal 378)
   defining Unicode char U+017B (decimal 379)
   defining Unicode char U+017C (decimal 380)
   defining Unicode char U+017D (decimal 381)
   defining Unicode char U+017E (decimal 382)
   defining Unicode char U+200C (decimal 8204)
   defining Unicode char U+2013 (decimal 8211)
   defining Unicode char U+2014 (decimal 8212)
   defining Unicode char U+2018 (decimal 8216)
   defining Unicode char U+2019 (decimal 8217)
   defining Unicode char U+201A (decimal 8218)
   defining Unicode char U+201C (decimal 8220)
   defining Unicode char U+201D (decimal 8221)
   defining Unicode char U+201E (decimal 8222)
   defining Unicode char U+2030 (decimal 8240)
   defining Unicode char U+2031 (decimal 8241)
   defining Unicode char U+2039 (decimal 8249)
   defining Unicode char U+203A (decimal 8250)
   defining Unicode char U+2423 (decimal 9251)
)
Now handling font encoding OT1 ...
... processing UTF-8 mapping file for font encoding OT1

(/usr/share/texmf-texlive/tex/latex/base/ot1enc.dfu
File: ot1enc.dfu 2008/04/05 v1.1m UTF-8 support for inputenc
   defining Unicode char U+00A1 (decimal 161)
   defining Unicode char U+00A3 (decimal 163)
   defining Unicode char U+00B8 (decimal 184)
   defining Unicode char U+00BF (decimal 191)
   defining Unicode char U+00C5 (decimal 197)
   defining Unicode char U+00C6 (decimal 198)
   defining Unicode char U+00D8 (decimal 216)
   defining Unicode char U+00DF (decimal 223)
   defining Unicode char U+00E6 (decimal 230)
   defining Unicode char U+00EC (decimal 236)
   defining Unicode char U+00ED (decimal 237)
   defining Unicode char U+00EE (decimal 238)
   defining Unicode char U+00EF (decimal 239)
   defining Unicode char U+00F8 (decimal 248)
   defining Unicode char U+0131 (decimal 305)
   defining Unicode char U+0141 (decimal 321)
   defining Unicode char U+0142 (decimal 322)
   defining Unicode char U+0152 (decimal 338)
   defining Unicode char U+0153 (decimal 339)
   defining Unicode char U+2013 (decimal 8211)
   defining Unicode char U+2014 (decimal 8212)
   defining Unicode char U+2018 (decimal 8216)
   defining Unicode char U+2019 (decimal 8217)
   defining Unicode char U+201C (decimal 8220)
   defining Unicode char U+201D (decimal 8221)
)
Now handling font encoding OMS ...
... processing UTF-8 mapping file for font encoding OMS

(/usr/share/texmf-texlive/tex/latex/base/omsenc.dfu
File: omsenc.dfu 2008/04/05 v1.1m UTF-8 support for inputenc
   defining Unicode char U+00A7 (decimal 167)
   defining Unicode char U+00B6 (decimal 182)
   defining Unicode char U+00B7 (decimal 183)
   defining Unicode char U+2020 (decimal 8224)
   defining Unicode char U+2021 (decimal 8225)
   defining Unicode char U+2022 (decimal 8226)
)
Now handling font encoding OMX ...
... no UTF-8 mapping file for font encoding OMX
Now handling font encoding U ...
... no UTF-8 mapping file for font encoding U
   defining Unicode char U+00A9 (decimal 169)
   defining Unicode char U+00AA (decimal 170)
   defining Unicode char U+00AE (decimal 174)
   defining Unicode char U+00BA (decimal 186)
   defining Unicode char U+02C6 (decimal 710)
   defining Unicode char U+02DC (decimal 732)
   defining Unicode char U+200C (decimal 8204)
   defining Unicode char U+2026 (decimal 8230)
   defining Unicode char U+2122 (decimal 8482)
   defining Unicode char U+2423 (decimal 9251)
))
(/usr/share/texmf-texlive/tex/generic/babel/babel.sty
Package: babel 2008/07/06 v3.8l The Babel package

(/usr/share/texmf-texlive/tex/generic/babel/ngermanb.ldf
Language: ngermanb 2008/07/06 v2.6n new German support from the babel system

(/usr/share/texmf-texlive/tex/generic/babel/babel.def
File: babel.def 2008/07/06 v3.8l Babel common definitions
\babel@savecnt=\count89
\U@D=\dimen103
)
\l@naustrian = a dialect from \language\l@ngerman 
Package babel Info: Making " an active character on input line 92.
))
(/usr/share/texmf-texlive/tex/latex/base/fontenc.sty
Package: fontenc 2005/09/27 v1.99g Standard LaTeX package

(/usr/share/texmf-texlive/tex/latex/base/t1enc.def
File: t1enc.def 2005/09/27 v1.99g Standard LaTeX file
LaTeX Font Info:    Redeclaring font encoding T1 on input line 43.
))
(/usr/share/texmf-texlive/tex/latex/amsfonts/amsfonts.sty
Package: amsfonts 2009/06/22 v3.00 Basic AMSFonts support
\@emptytoks=\toks17
\symAMSa=\mathgroup4
\symAMSb=\mathgroup5
LaTeX Font Info:    Overwriting math alphabet `\mathfrak' in version `bold'
(Font)                  U/euf/m/n --> U/euf/b/n on input line 96.
)
(/usr/share/texmf-texlive/tex/latex/amsfonts/amssymb.sty
Package: amssymb 2009/06/22 v3.00
)
(/usr/share/texmf-texlive/tex/latex/amsmath/amsmath.sty
Package: amsmath 2000/07/18 v2.13 AMS math features
\@mathmargin=\skip47

For additional information on amsmath, use the `?' option.
(/usr/share/texmf-texlive/tex/latex/amsmath/amstext.sty
Package: amstext 2000/06/29 v2.01

(/usr/share/texmf-texlive/tex/latex/amsmath/amsgen.sty
File: amsgen.sty 1999/11/30 v2.0
\@emptytoks=\toks18
\ex@=\dimen104
))
(/usr/share/texmf-texlive/tex/latex/amsmath/amsbsy.sty
Package: amsbsy 1999/11/29 v1.2d
\pmbraise@=\dimen105
)
(/usr/share/texmf-texlive/tex/latex/amsmath/amsopn.sty
Package: amsopn 1999/12/14 v2.01 operator names
)
\inf@bad=\count90
LaTeX Info: Redefining \frac on input line 211.
\uproot@=\count91
\leftroot@=\count92
LaTeX Info: Redefining \overline on input line 307.
\classnum@=\count93
\DOTSCASE@=\count94
LaTeX Info: Redefining \ldots on input line 379.
LaTeX Info: Redefining \dots on input line 382.
LaTeX Info: Redefining \cdots on input line 467.
\Mathstrutbox@=\box27
\strutbox@=\box28
\big@size=\dimen106
LaTeX Font Info:    Redeclaring font encoding OML on input line 567.
LaTeX Font Info:    Redeclaring font encoding OMS on input line 568.
\macc@depth=\count95
\c@MaxMatrixCols=\count96
\dotsspace@=\muskip10
\c@parentequation=\count97
\dspbrk@lvl=\count98
\tag@help=\toks19
\row@=\count99
\column@=\count100
\maxfields@=\count101
\andhelp@=\toks20
\eqnshift@=\dimen107
\alignsep@=\dimen108
\tagshift@=\dimen109
\tagwidth@=\dimen110
\totwidth@=\dimen111
\lineht@=\dimen112
\@envbody=\toks21
\multlinegap=\skip48
\multlinetaggap=\skip49
\mathdisplay@stack=\toks22
LaTeX Info: Redefining \[ on input line 2666.
LaTeX Info: Redefining \] on input line 2667.
)
(/usr/share/texmf-texlive/tex/latex/stmaryrd/stmaryrd.sty
Package: stmaryrd 1994/03/03 St Mary's Road symbol package
\symstmry=\mathgroup6
LaTeX Font Info:    Overwriting symbol font `stmry' in version `bold'
(Font)                  U/stmry/m/n --> U/stmry/b/n on input line 89.
)
(/usr/share/texmf-texlive/tex/latex/tools/verbatim.sty
Package: verbatim 2003/08/22 v1.5q LaTeX2e package for verbatim enhancements
\every@verbatim=\toks23
\verbatim@line=\toks24
\verbatim@in@stream=\read1
)
(/usr/share/texmf-texlive/tex/latex/base/ifthen.sty
Package: ifthen 2001/05/26 v1.1c Standard LaTeX ifthen package (DPC)
)
(/usr/share/texmf-texlive/tex/latex/ntheorem/ntheorem.sty
Style `ntheorem', Version 1.25 <2005/07/07>
Package: ntheorem 2005/07/07 1.25
\theorem@style=\toks25
\theorem@@style=\toks26
\theorembodyfont=\toks27
\theoremnumbering=\toks28
\theorempreskipamount=\skip50
\theorempostskipamount=\skip51
\theoremindent=\dimen113
\theorem@indent=\dimen114
\theoremheaderfont=\toks29
\theoremseparator=\toks30
\theoremprework=\toks31
\theorempostwork=\toks32
\theoremsymbol=\toks33
\qedsymbol=\toks34
\theoremkeyword=\toks35
\qedsymbol=\toks36
\thm@topsepadd=\skip52
Package ntheorem Info: Option `thmmarks' loaded on input line 1029.
\c@endNonectr=\count102
\c@currNonectr=\count103
\mysavskip=\skip53
Package ntheorem Info: option `amsmath' handling for `thmmarks' loaded on input
 line 1029.
\thm@amstmpdepth=\dimen115
\shadecolor=\toks37
) (/usr/share/texmf-texlive/tex/latex/ltxmisc/framed.sty
Package: framed 2007/10/04 v 0.95: framed or shaded text with page breaks
\fb@frw=\dimen116
\fb@frh=\dimen117
\FrameRule=\dimen118
\FrameSep=\dimen119
)
(/usr/share/texmf-texlive/tex/latex/pstricks/pstricks.sty
Package: pstricks 2008/11/26 v0.40 LaTeX wrapper for `PSTricks' (RN,HV)

(/usr/share/texmf-texlive/tex/generic/pstricks/pstricks.tex
`PSTricks' v1.29  <2009/05/19> (tvz)
\pst@dima=\dimen120
\pst@dimb=\dimen121
\pst@dimc=\dimen122
\pst@dimd=\dimen123
\pst@dimg=\dimen124
\pst@dimh=\dimen125
\pst@hbox=\box29
\pst@boxg=\box30
\pst@cnta=\count104
\pst@cntb=\count105
\pst@cntc=\count106
\pst@cntd=\count107
\pst@cntg=\count108
\pst@cnth=\count109
\pst@toks=\toks38
(/usr/share/texmf-texlive/tex/generic/pstricks/pstricks.con)
\psunit=\dimen126
\psxunit=\dimen127
\psyunit=\dimen128
\pslinewidth=\dimen129
\pst@customdefs=\toks39
\pslinearc=\dimen130
\everypsbox=\toks40
\psframesep=\dimen131
\pslabelsep=\dimen132
\pst@shift=\dimen133
\theoverlaybox=\box31
)
File: pstricks.tex 2009/05/19 v1.29 `PSTricks' (tvz,hv)

(/usr/share/texmf/tex/latex/xcolor/xcolor.sty
Package: xcolor 2007/01/21 v2.11 LaTeX color extensions (UK)

(/etc/texmf/tex/latex/config/color.cfg
File: color.cfg 2007/01/18 v1.5 color configuration of teTeX/TeXLive
)
Package xcolor Info: Driver file: pdftex.def on input line 225.

(/usr/share/texmf-texlive/tex/latex/pdftex-def/pdftex.def
File: pdftex.def 2010/03/12 v0.04p Graphics/color for pdfTeX
\Gread@gobject=\count110
)
Package xcolor Info: Model `cmy' substituted by `cmy0' on input line 1337.
Package xcolor Info: Model `hsb' substituted by `rgb' on input line 1341.
Package xcolor Info: Model `RGB' extended on input line 1353.
Package xcolor Info: Model `HTML' substituted by `rgb' on input line 1355.
Package xcolor Info: Model `Hsb' substituted by `hsb' on input line 1356.
Package xcolor Info: Model `tHsb' substituted by `hsb' on input line 1357.
Package xcolor Info: Model `HSB' substituted by `hsb' on input line 1358.
Package xcolor Info: Model `Gray' substituted by `gray' on input line 1359.
Package xcolor Info: Model `wave' substituted by `hsb' on input line 1360.
))
(/usr/share/texmf-texlive/tex/latex/carlisle/slashed.sty
Package: slashed 1997/01/16 v0.01 Feynman Slashed Character Notation (DPC)
)
(/usr/share/texmf-texlive/tex/latex/base/makeidx.sty
Package: makeidx 2000/03/29 v1.0m Standard LaTeX package
)
(/usr/share/texmf-texlive/tex/latex/wasysym/wasysym.sty
Package: wasysym 2003/10/30 v2.0 Wasy-2 symbol support package
\symwasy=\mathgroup7
LaTeX Font Info:    Overwriting symbol font `wasy' in version `bold'
(Font)                  U/wasy/m/n --> U/wasy/b/n on input line 90.
)
(/usr/share/texmf-texlive/tex/latex/jknapltx/mathrsfs.sty
Package: mathrsfs 1996/01/01 Math RSFS package v1.0 (jk)
\symrsfs=\mathgroup8
)
(/usr/share/texmf-texlive/tex/latex/mh/mathtools.sty
Package: mathtools 2008/08/01 v1.06 mathematical typesetting tools (MH)

(/usr/share/texmf-texlive/tex/latex/tools/calc.sty
Package: calc 2007/08/22 v4.3 Infix arithmetic (KKT,FJ)
\calc@Acount=\count111
\calc@Bcount=\count112
\calc@Adimen=\dimen134
\calc@Bdimen=\dimen135
\calc@Askip=\skip54
\calc@Bskip=\skip55
LaTeX Info: Redefining \setlength on input line 76.
LaTeX Info: Redefining \addtolength on input line 77.
\calc@Ccount=\count113
\calc@Cskip=\skip56
)
(/usr/share/texmf-texlive/tex/latex/mh/mhsetup.sty
Package: mhsetup 2007/12/03 v1.2 programming setup (MH)
)
\g_MT_multlinerow_int=\count114
\l_MT_multwidth_dim=\dimen136
)
(/usr/share/texmf-texlive/tex/latex/doublestroke/dsfont.sty
Package: dsfont 1995/08/01 v0.1 Double stroke roman fonts
)
(/usr/share/texmf-texlive/tex/latex/hyperref/hyperref.sty
Package: hyperref 2009/10/09 v6.79a Hypertext links for LaTeX

(/usr/share/texmf-texlive/tex/generic/oberdiek/ifpdf.sty
Package: ifpdf 2009/04/10 v2.0 Provides the ifpdf switch (HO)
Package ifpdf Info: pdfTeX in pdf mode detected.
)
(/usr/share/texmf-texlive/tex/generic/oberdiek/ifvtex.sty
Package: ifvtex 2008/11/04 v1.4 Switches for detecting VTeX and its modes (HO)
Package ifvtex Info: VTeX not detected.
)
(/usr/share/texmf-texlive/tex/generic/ifxetex/ifxetex.sty
Package: ifxetex 2009/01/23 v0.5 Provides ifxetex conditional
)
(/usr/share/texmf-texlive/tex/latex/oberdiek/hycolor.sty
Package: hycolor 2009/10/02 v1.5 Code for color options of hyperref/bookmark (H
O)

(/usr/share/texmf-texlive/tex/latex/oberdiek/xcolor-patch.sty
Package: xcolor-patch 2009/10/02 xcolor patch
))
\@linkdim=\dimen137
\Hy@linkcounter=\count115
\Hy@pagecounter=\count116

(/usr/share/texmf-texlive/tex/latex/hyperref/pd1enc.def
File: pd1enc.def 2009/10/09 v6.79a Hyperref: PDFDocEncoding definition (HO)
Now handling font encoding PD1 ...
... no UTF-8 mapping file for font encoding PD1
)
(/usr/share/texmf-texlive/tex/generic/oberdiek/etexcmds.sty
Package: etexcmds 2007/12/12 v1.2 Prefix for e-TeX command names (HO)

(/usr/share/texmf-texlive/tex/generic/oberdiek/infwarerr.sty
Package: infwarerr 2007/09/09 v1.2 Providing info/warning/message (HO)
)
Package etexcmds Info: Could not find \expanded.
(etexcmds)             That can mean that you are not using pdfTeX 1.50 or
(etexcmds)             that some package has redefined \expanded.
(etexcmds)             In the latter case, load this package earlier.
)
(/usr/share/texmf-texlive/tex/latex/latexconfig/hyperref.cfg
File: hyperref.cfg 2002/06/06 v1.2 hyperref configuration of TeXLive
)
(/usr/share/texmf-texlive/tex/latex/oberdiek/kvoptions.sty
Package: kvoptions 2009/08/13 v3.4 Keyval support for LaTeX options (HO)

(/usr/share/texmf-texlive/tex/generic/oberdiek/kvsetkeys.sty
Package: kvsetkeys 2009/07/30 v1.5 Key value parser with default handler suppor
t (HO)
))
Package hyperref Info: Option `bookmarks' set `true' on input line 2864.
Package hyperref Info: Option `bookmarksnumbered' set `true' on input line 2864
.
Package hyperref Info: Option `hypertexnames' set `false' on input line 2864.
Package hyperref Info: Option `colorlinks' set `true' on input line 2864.
Package hyperref Info: Hyper figures OFF on input line 2975.
Package hyperref Info: Link nesting OFF on input line 2980.
Package hyperref Info: Hyper index ON on input line 2983.
Package hyperref Info: Plain pages OFF on input line 2990.
Package hyperref Info: Backreferencing OFF on input line 2995.

Implicit mode ON; LaTeX internals redefined
Package hyperref Info: Bookmarks ON on input line 3191.
(/usr/share/texmf-texlive/tex/latex/ltxmisc/url.sty
\Urlmuskip=\muskip11
Package: url 2006/04/12  ver 3.3  Verb mode for urls, etc.
)
LaTeX Info: Redefining \url on input line 3428.

(/usr/share/texmf-texlive/tex/generic/oberdiek/bitset.sty
Package: bitset 2007/09/28 v1.0 Data type bit set (HO)

(/usr/share/texmf-texlive/tex/generic/oberdiek/intcalc.sty
Package: intcalc 2007/09/27 v1.1 Expandable integer calculations (HO)
)
(/usr/share/texmf-texlive/tex/generic/oberdiek/bigintcalc.sty
Package: bigintcalc 2007/11/11 v1.1 Expandable big integer calculations (HO)

(/usr/share/texmf-texlive/tex/generic/oberdiek/pdftexcmds.sty
Package: pdftexcmds 2009/09/23 v0.6 LuaTeX support for pdfTeX utility functions
 (HO)

(/usr/share/texmf-texlive/tex/generic/oberdiek/ifluatex.sty
Package: ifluatex 2009/04/17 v1.2 Provides the ifluatex switch (HO)
Package ifluatex Info: LuaTeX not detected.
)
(/usr/share/texmf-texlive/tex/generic/oberdiek/ltxcmds.sty
Package: ltxcmds 2009/08/05 v1.0 Some LaTeX kernel commands for general use (HO
)
)
Package pdftexcmds Info: LuaTeX not detected.
Package pdftexcmds Info: \pdf@primitive is available.
Package pdftexcmds Info: \pdf@ifprimitive is available.
)))
\Fld@menulength=\count117
\Field@Width=\dimen138
\Fld@charsize=\dimen139
\Field@toks=\toks41
Package hyperref Info: Hyper figures OFF on input line 4377.
Package hyperref Info: Link nesting OFF on input line 4382.
Package hyperref Info: Hyper index ON on input line 4385.
Package hyperref Info: backreferencing OFF on input line 4392.
Package hyperref Info: Link coloring ON on input line 4395.
Package hyperref Info: Link coloring with OCG OFF on input line 4402.
Package hyperref Info: PDF/A mode OFF on input line 4407.

(/usr/share/texmf-texlive/tex/generic/oberdiek/atbegshi.sty
Package: atbegshi 2008/07/31 v1.9 At begin shipout hook (HO)
)
\Hy@abspage=\count118
\c@Item=\count119
\c@Hfootnote=\count120
)
*hyperref using default driver hpdftex*
(/usr/share/texmf-texlive/tex/latex/hyperref/hpdftex.def
File: hpdftex.def 2009/10/09 v6.79a Hyperref driver for pdfTeX
\Fld@listcount=\count121
)
(/usr/share/texmf-texlive/tex/latex/etex-pkg/etex.sty
Package: etex 1998/03/26 v2.0 eTeX basic definition package (PEB)
\et@xins=\count122
)))
(data/saetze-schmoeger.sty
\c@currsatzctr=\count123
\c@endsatzctr=\count124
\c@satz=\count125
\c@currlemmactr=\count126
\c@endlemmactr=\count127
\c@currdefusatzctr=\count128
\c@enddefusatzctr=\count129
\c@currwichtigedefinitionctr=\count130
\c@endwichtigedefinitionctr=\count131
\c@curranwendungctr=\count132
\c@endanwendungctr=\count133
\c@currwichtigesbeispielctr=\count134
\c@endwichtigesbeispielctr=\count135
\c@currwichtigebemerkungctr=\count136
\c@endwichtigebemerkungctr=\count137
\c@currwichtigebeispieleXctr=\count138
\c@endwichtigebeispieleXctr=\count139
\c@currwichtigerhilfssatzctr=\count140
\c@endwichtigerhilfssatzctr=\count141
\c@curraxiomctr=\count142
\c@endaxiomctr=\count143
\c@currsatz*ctr=\count144
\c@endsatz*ctr=\count145
\c@satz*=\count146
\c@currplaindefinitionctr=\count147
\c@endplaindefinitionctr=\count148
\c@plaindefinition=\count149
\c@currhilfssatzctr=\count150
\c@endhilfssatzctr=\count151
\c@hilfssatz=\count152
\c@currbeweisctr=\count153
\c@endbeweisctr=\count154
\c@beweis=\count155
\c@currbeispielctr=\count156
\c@endbeispielctr=\count157
\c@beispiel=\count158
\c@currvereinbarungctr=\count159
\c@endvereinbarungctr=\count160
\c@vereinbarung=\count161
\c@currbemerkungctr=\count162
\c@endbemerkungctr=\count163
\c@bemerkung=\count164
\c@currmotivationctr=\count165
\c@endmotivationctr=\count166
\c@motivation=\count167
\c@currschreibweisenctr=\count168
\c@endschreibweisenctr=\count169
\c@schreibweisen=\count170
\c@currerinnerungctr=\count171
\c@enderinnerungctr=\count172
\c@erinnerung=\count173
\c@currvorbetrachtungenctr=\count174
\c@endvorbetrachtungenctr=\count175
\c@vorbetrachtungen=\count176
\c@currbemerkungenXctr=\count177
\c@endbemerkungenXctr=\count178
\c@bemerkungenX=\count179
\c@currbeispieleXctr=\count180
\c@endbeispieleXctr=\count181
\c@beispieleX=\count182
\c@currfolgerungctr=\count183
\c@endfolgerungctr=\count184
\c@currfolgerungenctr=\count185
\c@endfolgerungenctr=\count186
)
\@indexfile=\write3
\openout3 = `Ana3.idx'.


Writing index file Ana3.idx
(./Ana3.aux)
\openout1 = `Ana3.aux'.

LaTeX Font Info:    Checking defaults for OML/cmm/m/it on input line 13.
LaTeX Font Info:    ... okay on input line 13.
LaTeX Font Info:    Checking defaults for T1/cmr/m/n on input line 13.
LaTeX Font Info:    ... okay on input line 13.
LaTeX Font Info:    Checking defaults for OT1/cmr/m/n on input line 13.
LaTeX Font Info:    ... okay on input line 13.
LaTeX Font Info:    Checking defaults for OMS/cmsy/m/n on input line 13.
LaTeX Font Info:    ... okay on input line 13.
LaTeX Font Info:    Checking defaults for OMX/cmex/m/n on input line 13.
LaTeX Font Info:    ... okay on input line 13.
LaTeX Font Info:    Checking defaults for U/cmr/m/n on input line 13.
LaTeX Font Info:    ... okay on input line 13.
LaTeX Font Info:    Checking defaults for PD1/pdf/m/n on input line 13.
LaTeX Font Info:    ... okay on input line 13.
 (/usr/share/texmf-texlive/tex/context/base/supp-pdf.mkii
[Loading MPS to PDF converter (version 2006.09.02).]
\scratchcounter=\count187
\scratchdimen=\dimen140
\scratchbox=\box32
\nofMPsegments=\count188
\nofMParguments=\count189
\everyMPshowfont=\toks42
\MPscratchCnt=\count190
\MPscratchDim=\dimen141
\MPnumerator=\count191
\everyMPtoPDFconversion=\toks43
)
Package hyperref Info: Link coloring ON on input line 13.
 (/usr/share/texmf-texlive/tex/latex/hyperref/nameref.sty
Package: nameref 2007/05/29 v2.31 Cross-referencing by name of section

(/usr/share/texmf-texlive/tex/latex/oberdiek/refcount.sty
Package: refcount 2008/08/11 v3.1 Data extraction from references (HO)
)
\c@section@level=\count192
)
LaTeX Info: Redefining \ref on input line 13.
LaTeX Info: Redefining \pageref on input line 13.
 (./Ana3.out)
(./Ana3.out)
\@outlinefile=\write4
\openout4 = `Ana3.out'.

\AtBeginShipoutBox=\box33
LaTeX Font Info:    Try loading font information for T1+cmss on input line 15.
 (/usr/share/texmf-texlive/tex/latex/base/t1cmss.fd
File: t1cmss.fd 1999/05/25 v2.5h Standard LaTeX font definitions
)
LaTeX Font Info:    Try loading font information for U+msa on input line 15.

(/usr/share/texmf-texlive/tex/latex/amsfonts/umsa.fd
File: umsa.fd 2009/06/22 v3.00 AMS symbols A
)
LaTeX Font Info:    Try loading font information for U+msb on input line 15.

(/usr/share/texmf-texlive/tex/latex/amsfonts/umsb.fd
File: umsb.fd 2009/06/22 v3.00 AMS symbols B
)
LaTeX Font Info:    Try loading font information for U+stmry on input line 15.

(/usr/share/texmf-texlive/tex/latex/stmaryrd/Ustmry.fd)
LaTeX Font Info:    Try loading font information for U+wasy on input line 15.

(/usr/share/texmf-texlive/tex/latex/wasysym/uwasy.fd
File: uwasy.fd 2003/10/30 v2.0 Wasy-2 symbol font definitions
)
LaTeX Font Info:    Try loading font information for U+rsfs on input line 15.

(/usr/share/texmf-texlive/tex/latex/jknapltx/ursfs.fd
File: ursfs.fd 1998/03/24 rsfs font definition file (jk)
)
LaTeX Font Info:    Try loading font information for T1+cmtt on input line 15.

(/usr/share/texmf-texlive/tex/latex/base/t1cmtt.fd
File: t1cmtt.fd 1999/05/25 v2.5h Standard LaTeX font definitions
) [1
Non-PDF special ignored!
Non-PDF special ignored!
Non-PDF special ignored!



{/var/lib/texmf/fonts/map/pdftex/updmap/pdftex.map}]
[2

]

Package hyperref Warning: No destination for bookmark of \addcontentsline,
(hyperref)                destination is added on input line 18.

(./Ana3.toc
Class scrbook Info: You've told me to use the font selection of the element
(scrbook)           `sectioning' that is an alias of element `disposition'
(scrbook)            on input line 2.
Class scrbook Info: You've told me to use the font selection of the element
(scrbook)           `sectioning' that is an alias of element `disposition'
(scrbook)            on input line 3.
Class scrbook Info: You've told me to use the font selection of the element
(scrbook)           `sectioning' that is an alias of element `disposition'
(scrbook)            on input line 7.
Class scrbook Info: You've told me to use the font selection of the element
(scrbook)           `sectioning' that is an alias of element `disposition'
(scrbook)            on input line 8.
Class scrbook Info: You've told me to use the font selection of the element
(scrbook)           `sectioning' that is an alias of element `disposition'
(scrbook)            on input line 9.
Class scrbook Info: You've told me to use the font selection of the element
(scrbook)           `sectioning' that is an alias of element `disposition'
(scrbook)            on input line 10.
Class scrbook Info: You've told me to use the font selection of the element
(scrbook)           `sectioning' that is an alias of element `disposition'
(scrbook)            on input line 11.
Class scrbook Info: You've told me to use the font selection of the element
(scrbook)           `sectioning' that is an alias of element `disposition'
(scrbook)            on input line 12.
Class scrbook Info: You've told me to use the font selection of the element
(scrbook)           `sectioning' that is an alias of element `disposition'
(scrbook)            on input line 13.
Class scrbook Info: You've told me to use the font selection of the element
(scrbook)           `sectioning' that is an alias of element `disposition'
(scrbook)            on input line 15.
Class scrbook Info: You've told me to use the font selection of the element
(scrbook)           `sectioning' that is an alias of element `disposition'
(scrbook)            on input line 16.
Class scrbook Info: You've told me to use the font selection of the element
(scrbook)           `sectioning' that is an alias of element `disposition'
(scrbook)            on input line 18.
Class scrbook Info: You've told me to use the font selection of the element
(scrbook)           `sectioning' that is an alias of element `disposition'
(scrbook)            on input line 22.
Class scrbook Info: You've told me to use the font selection of the element
(scrbook)           `sectioning' that is an alias of element `disposition'
(scrbook)            on input line 23.
Class scrbook Info: You've told me to use the font selection of the element
(scrbook)           `sectioning' that is an alias of element `disposition'
(scrbook)            on input line 24.
Class scrbook Info: You've told me to use the font selection of the element
(scrbook)           `sectioning' that is an alias of element `disposition'
(scrbook)            on input line 25.
Class scrbook Info: You've told me to use the font selection of the element
(scrbook)           `sectioning' that is an alias of element `disposition'
(scrbook)            on input line 26.
Class scrbook Info: You've told me to use the font selection of the element
(scrbook)           `sectioning' that is an alias of element `disposition'
(scrbook)            on input line 27.
Class scrbook Info: You've told me to use the font selection of the element
(scrbook)           `sectioning' that is an alias of element `disposition'
(scrbook)            on input line 28.
Class scrbook Info: You've told me to use the font selection of the element
(scrbook)           `sectioning' that is an alias of element `disposition'
(scrbook)            on input line 30.
Class scrbook Info: You've told me to use the font selection of the element
(scrbook)           `sectioning' that is an alias of element `disposition'
(scrbook)            on input line 34.
Class scrbook Info: You've told me to use the font selection of the element
(scrbook)           `sectioning' that is an alias of element `disposition'
(scrbook)            on input line 35.
Class scrbook Info: You've told me to use the font selection of the element
(scrbook)           `sectioning' that is an alias of element `disposition'
(scrbook)            on input line 36.
 [3


]
Class scrbook Info: You've told me to use the font selection of the element
(scrbook)           `sectioning' that is an alias of element `disposition'
(scrbook)            on input line 37.
Class scrbook Info: You've told me to use the font selection of the element
(scrbook)           `sectioning' that is an alias of element `disposition'
(scrbook)            on input line 38.
Class scrbook Info: You've told me to use the font selection of the element
(scrbook)           `sectioning' that is an alias of element `disposition'
(scrbook)            on input line 39.
Class scrbook Info: You've told me to use the font selection of the element
(scrbook)           `sectioning' that is an alias of element `disposition'
(scrbook)            on input line 42.
Class scrbook Info: You've told me to use the font selection of the element
(scrbook)           `sectioning' that is an alias of element `disposition'
(scrbook)            on input line 43.
Class scrbook Info: You've told me to use the font selection of the element
(scrbook)           `sectioning' that is an alias of element `disposition'
(scrbook)            on input line 45.
Class scrbook Info: You've told me to use the font selection of the element
(scrbook)           `sectioning' that is an alias of element `disposition'
(scrbook)            on input line 46.
Class scrbook Info: You've told me to use the font selection of the element
(scrbook)           `sectioning' that is an alias of element `disposition'
(scrbook)            on input line 47.
Class scrbook Info: You've told me to use the font selection of the element
(scrbook)           `sectioning' that is an alias of element `disposition'
(scrbook)            on input line 48.
Class scrbook Info: You've told me to use the font selection of the element
(scrbook)           `sectioning' that is an alias of element `disposition'
(scrbook)            on input line 49.
Class scrbook Info: You've told me to use the font selection of the element
(scrbook)           `sectioning' that is an alias of element `disposition'
(scrbook)            on input line 50.
)
\tf@toc=\write5
\openout5 = `Ana3.toc'.

 [4]
Kapitel I.
[5


] [6


]
Kapitel II.
Package hyperref Info: bookmark level for unknown plaindefinition defaults to 0
 on input line 42.
Package hyperref Info: bookmark level for unknown beispiel defaults to 0 on inp
ut line 51.
Package hyperref Info: bookmark level for unknown bemerkung defaults to 0 on in
put line 55.
[7] [8


]
\IeC {\textsection } 1.
Package hyperref Info: bookmark level for unknown satz* defaults to 0 on input 
line 102.
Package hyperref Info: bookmark level for unknown beweis defaults to 0 on input
 line 109.
[9] [10]
\IeC {\textsection } 2.

Package hyperref Warning: Token not allowed in a PDF string (PDFDocEncoding):
(hyperref)                removing `math shift' on input line 151.


Package hyperref Warning: Token not allowed in a PDF string (PDFDocEncoding):
(hyperref)                removing `math shift' on input line 151.


Package hyperref Warning: Token not allowed in a PDF string (PDFDocEncoding):
(hyperref)                removing `math shift' on input line 151.


Package hyperref Warning: Token not allowed in a PDF string (PDFDocEncoding):
(hyperref)                removing `superscript' on input line 151.


Package hyperref Warning: Token not allowed in a PDF string (PDFDocEncoding):
(hyperref)                removing `math shift' on input line 151.


LaTeX Font Warning: Font shape `U/stmry/b/n' undefined
(Font)              using `U/stmry/m/n' instead on input line 186.


LaTeX Font Warning: Font shape `U/wasy/b/n' in size <8> not available
(Font)              Font shape `U/wasy/m/n' tried instead on input line 186.


LaTeX Font Warning: Font shape `U/wasy/b/n' in size <6> not available
(Font)              Font shape `U/wasy/m/n' tried instead on input line 186.

Package hyperref Info: bookmark level for unknown satz defaults to 0 on input l
ine 186.
Package hyperref Info: bookmark level for unknown anwendung defaults to 0 on in
put line 196.
[11


] [12]
\IeC {\textsection } 3.

Package hyperref Warning: Token not allowed in a PDF string (PDFDocEncoding):
(hyperref)                removing `math shift' on input line 212.


Package hyperref Warning: Token not allowed in a PDF string (PDFDocEncoding):
(hyperref)                removing `math shift' on input line 212.


Package hyperref Warning: Token not allowed in a PDF string (PDFDocEncoding):
(hyperref)                removing `math shift' on input line 212.


Package hyperref Warning: Token not allowed in a PDF string (PDFDocEncoding):
(hyperref)                removing `superscript' on input line 212.


Package hyperref Warning: Token not allowed in a PDF string (PDFDocEncoding):
(hyperref)                removing `math shift' on input line 212.

Package hyperref Info: bookmark level for unknown beispieleX defaults to 0 on i
nput line 243.
[13


] [14


]
\IeC {\textsection } 4.

Overfull \hbox (36.34283pt too wide) in paragraph at lines 274--277
[]\T1/cmr/m/n/10.95 Sei $\OT1/cmr/m/n/10.95 ^^H = (^^H[]\OML/cmm/m/it/10.95 ; \
OT1/cmr/m/n/10.95 ^^H[]\OML/cmm/m/it/10.95 ; \OT1/cmr/m/n/10.95 ^^H[])$ \T1/cmr
/m/n/10.95 ei-ne Flä-che mit Pa-ra-me-ter-be-reich $\OML/cmm/m/it/10.95 B \OMS/
cmsy/m/n/10.95 ^^R \U/msb/m/n/10.95 R[]\OML/cmm/m/it/10.95 ; D \OMS/cmsy/m/n/10
.95 ^^R \U/msb/m/n/10.95 R[]$ \T1/cmr/m/n/10.95 of-fen, $\OML/cmm/m/it/10.95 B 
 \OMS/cmsy/m/n/10.95 ^^R  \OML/cmm/m/it/10.95 D; \OT1/cmr/m/n/10.95 ^^H  \OMS/c
msy/m/n/10.95 2  \OML/cmm/m/it/10.95 C[] \OT1/cmr/m/n/10.95 (\OML/cmm/m/it/10.9
5 D;  \U/msb/m/n/10.95 R[]\OT1/cmr/m/n/10.95 )$
 []

Package hyperref Info: bookmark level for unknown wichtigebeispieleX defaults t
o 0 on input line 290.

Underfull \hbox (badness 10000) in paragraph at lines 292--295

 []


Overfull \hbox (54.68059pt too wide) in paragraph at lines 295--301
[][]\OT1/cmr/m/n/10.95 (\OML/cmm/m/it/10.95 u; v; u[] \OT1/cmr/m/n/10.95 + \OML
/cmm/m/it/10.95 v[]\OT1/cmr/m/n/10.95 ) \OMS/cmsy/m/n/10.95 ^^A \OT1/cmr/m/n/10
.95 (\OMS/cmsy/m/n/10.95 ^^@\OT1/cmr/m/n/10.95 2\OML/cmm/m/it/10.95 u; \OMS/cms
y/m/n/10.95 ^^@\OT1/cmr/m/n/10.95 2\OML/cmm/m/it/10.95 v; \OT1/cmr/m/n/10.95 1)
d(\OML/cmm/m/it/10.95 u; v\OT1/cmr/m/n/10.95 ) = \OMS/cmsy/m/n/10.95 ^^@ [][]\O
T1/cmr/m/n/10.95 (\OML/cmm/m/it/10.95 u[] \OT1/cmr/m/n/10.95 + \OML/cmm/m/it/10
.95 v[]\OT1/cmr/m/n/10.95 )\OML/cmm/m/it/10.95 d\OT1/cmr/m/n/10.95 (\OML/cmm/m/
it/10.95 u; v\OT1/cmr/m/n/10.95 ) [] \OMS/cmsy/m/n/10.95 ^^@ [][]\OT1/cmr/m/n/1
0.95 ([][] \OML/cmm/m/it/10.95 r[]\OT1/cmr/m/n/10.95 d\OML/cmm/m/it/10.95 r\OT1
/cmr/m/n/10.95 )d\OML/cmm/m/it/10.95 '  \OT1/cmr/m/n/10.95 =  \OMS/cmsy/m/n/10.
95 ^^@ []$ 
 []

[15] [16]
\IeC {\textsection } 5.

Overfull \hbox (36.34283pt too wide) in paragraph at lines 362--365
[]\T1/cmr/m/n/10.95 Sei $\OT1/cmr/m/n/10.95 ^^H = (^^H[]\OML/cmm/m/it/10.95 ; \
OT1/cmr/m/n/10.95 ^^H[]\OML/cmm/m/it/10.95 ; \OT1/cmr/m/n/10.95 ^^H[])$ \T1/cmr
/m/n/10.95 ei-ne Flä-che mit Pa-ra-me-ter-be-reich $\OML/cmm/m/it/10.95 B \OMS/
cmsy/m/n/10.95 ^^R \U/msb/m/n/10.95 R[]\OML/cmm/m/it/10.95 ; D \OMS/cmsy/m/n/10
.95 ^^R \U/msb/m/n/10.95 R[]$ \T1/cmr/m/n/10.95 of-fen, $\OML/cmm/m/it/10.95 B 
 \OMS/cmsy/m/n/10.95 ^^R  \OML/cmm/m/it/10.95 D; \OT1/cmr/m/n/10.95 ^^H  \OMS/c
msy/m/n/10.95 2  \OML/cmm/m/it/10.95 C[] \OT1/cmr/m/n/10.95 (\OML/cmm/m/it/10.9
5 D;  \U/msb/m/n/10.95 R[]\OT1/cmr/m/n/10.95 )$
 []


Underfull \hbox (badness 10000) in paragraph at lines 380--383

 []


Overfull \hbox (54.68059pt too wide) in paragraph at lines 383--389
[][]\OT1/cmr/m/n/10.95 (\OML/cmm/m/it/10.95 u; v; u[] \OT1/cmr/m/n/10.95 + \OML
/cmm/m/it/10.95 v[]\OT1/cmr/m/n/10.95 ) \OMS/cmsy/m/n/10.95 ^^A \OT1/cmr/m/n/10
.95 (\OMS/cmsy/m/n/10.95 ^^@\OT1/cmr/m/n/10.95 2\OML/cmm/m/it/10.95 u; \OMS/cms
y/m/n/10.95 ^^@\OT1/cmr/m/n/10.95 2\OML/cmm/m/it/10.95 v; \OT1/cmr/m/n/10.95 1)
d(\OML/cmm/m/it/10.95 u; v\OT1/cmr/m/n/10.95 ) = \OMS/cmsy/m/n/10.95 ^^@ [][]\O
T1/cmr/m/n/10.95 (\OML/cmm/m/it/10.95 u[] \OT1/cmr/m/n/10.95 + \OML/cmm/m/it/10
.95 v[]\OT1/cmr/m/n/10.95 )\OML/cmm/m/it/10.95 d\OT1/cmr/m/n/10.95 (\OML/cmm/m/
it/10.95 u; v\OT1/cmr/m/n/10.95 ) [] \OMS/cmsy/m/n/10.95 ^^@ [][]\OT1/cmr/m/n/1
0.95 ([][] \OML/cmm/m/it/10.95 r[]\OT1/cmr/m/n/10.95 d\OML/cmm/m/it/10.95 r\OT1
/cmr/m/n/10.95 )d\OML/cmm/m/it/10.95 '  \OT1/cmr/m/n/10.95 =  \OMS/cmsy/m/n/10.
95 ^^@ []$ 
 []

[17


] [18]
\IeC {\textsection } 6.
LaTeX Font Info:    Try loading font information for OMS+cmr on input line 466.

(/usr/share/texmf-texlive/tex/latex/base/omscmr.fd
File: omscmr.fd 1999/05/25 v2.5h Standard LaTeX font definitions
)
LaTeX Font Info:    Font shape `OMS/cmr/m/n' in size <10.95> not available
(Font)              Font shape `OMS/cmsy/m/n' tried instead on input line 466.
 [19


] [20] [21] [22


]
\IeC {\textsection } 7.
[23] [24] [25] [26


]
\IeC {\textsection } 8.
LaTeX Font Info:    Try loading font information for U+euf on input line 703.
(/usr/share/texmf-texlive/tex/latex/amsfonts/ueuf.fd
File: ueuf.fd 2009/06/22 v3.00 Euler Fraktur
)
Overfull \hbox (13.08804pt too wide) in paragraph at lines 700--705
\OML/cmm/m/it/10.95 G[]\OT1/cmr/m/n/10.95 (\OML/cmm/m/it/10.95 F\OT1/cmr/m/n/10
.95 (\OML/cmm/m/it/10.95 x[]\OT1/cmr/m/n/10.95 )) = \OML/cmm/m/it/10.95 G[]\OT1
/cmr/m/n/10.95 (0) = \OML/cmm/m/it/10.95 y[]$\T1/cmr/m/n/10.95 ; $\OMS/cmsy/m/n
/10.95 8\OML/cmm/m/it/10.95 x \OMS/cmsy/m/n/10.95 2 \OML/cmm/m/it/10.95 I[] \OT
1/cmr/m/n/10.95 : \OML/cmm/m/it/10.95 G\OT1/cmr/m/n/10.95 (\OML/cmm/m/it/10.95 
y\OT1/cmr/m/n/10.95 (\OML/cmm/m/it/10.95 x\OT1/cmr/m/n/10.95 )) = \OML/cmm/m/it
/10.95 F\OT1/cmr/m/n/10.95 (\OML/cmm/m/it/10.95 x\OT1/cmr/m/n/10.95 )  =[]\OMS/
cmsy/m/n/10.95 )  \OT1/cmr/m/n/10.95 (2)$ \T1/cmr/m/n/10.95 und (Diff): $[] \OM
L/cmm/m/it/10.95 y[]\OT1/cmr/m/n/10.95 (\OML/cmm/m/it/10.95 x\OT1/cmr/m/n/10.95
 ) =
 []

[27] [28] [29] [30


]
\IeC {\textsection } 9.
[31] [32]
\IeC {\textsection } 10.
Package hyperref Info: bookmark level for unknown vereinbarung defaults to 0 on
 input line 796.
Package hyperref Info: bookmark level for unknown erinnerung defaults to 0 on i
nput line 807.
[33


] [34]
\IeC {\textsection } 11.
[35


] [36] [37]
Overfull \hbox (20.03497pt too wide) in paragraph at lines 1033--1034
[]$\OMS/cmsy/m/n/10.95 k\OML/cmm/m/it/10.95 T[] \OMS/cmsy/m/n/10.95 ^^@ \OML/cm
m/m/it/10.95 x[]\OMS/cmsy/m/n/10.95 k \OT1/cmr/m/n/10.95 = \OMS/cmsy/m/n/10.95 
k\OML/cmm/m/it/10.95 T[] \OMS/cmsy/m/n/10.95 ^^@ \OML/cmm/m/it/10.95 x[] \OT1/c
mr/m/n/10.95 + \OML/cmm/m/it/10.95 x[] \OMS/cmsy/m/n/10.95 ^^@ \OML/cmm/m/it/10
.95 x[]\OMS/cmsy/m/n/10.95 k ^^T k\OML/cmm/m/it/10.95 T[] \OMS/cmsy/m/n/10.95 ^
^@ [] k \OT1/cmr/m/n/10.95 + \OMS/cmsy/m/n/10.95 k\OML/cmm/m/it/10.95 x[] \OMS/
cmsy/m/n/10.95 ^^@ \OML/cmm/m/it/10.95 x[]\OMS/cmsy/m/n/10.95 k ^^T []  \OT1/cm
r/m/n/10.95 =[]\OMS/cmsy/m/n/10.95 )
 []

[38]

LaTeX Warning: Command \textsection invalid in math mode on input line 1049.

Missing character: There is no Ÿ in font cmr10!

Underfull \hbox (badness 2635) in paragraph at lines 1053--1056
\T1/cmr/m/n/10.95 Dann ist $\OML/cmm/m/it/10.95 A$ \T1/cmr/m/n/10.95 ei-ne nich
t lee-re, kon-ve-xe und kom-pak-te Teil-men-ge des Ba-nach-rau-
 []

[39] [40


]
\IeC {\textsection } 12.
[41]
Package hyperref Info: bookmark level for unknown folgerung defaults to 0 on in
put line 1113.

Underfull \hbox (badness 10000) in paragraph at lines 1113--1115

 []


Underfull \hbox (badness 10000) in paragraph at lines 1115--1116

 []


Underfull \hbox (badness 10000) in paragraph at lines 1125--1126

 []


Underfull \hbox (badness 10000) in paragraph at lines 1126--1127

 []


Underfull \hbox (badness 10000) in paragraph at lines 1147--1165

 []


Underfull \hbox (badness 10000) in paragraph at lines 1147--1165

 []


Overfull \hbox (12.68924pt too wide) in paragraph at lines 1147--1165
\OML/cmm/m/it/10.95 g[]\OT1/cmr/m/n/10.95 (\OML/cmm/m/it/10.95 t\OT1/cmr/m/n/10
.95 ) := \OML/cmm/m/it/10.95 z[]\OT1/cmr/m/n/10.95 (\OML/cmm/m/it/10.95 t \OMS/
cmsy/m/n/10.95 ^^@ []\OT1/cmr/m/n/10.95 )$ $(\OML/cmm/m/it/10.95 t \OMS/cmsy/m/
n/10.95 2 \OML/cmm/m/it/10.95 I\OT1/cmr/m/n/10.95 )$\T1/cmr/m/n/10.95 . $\OMS/c
msy/m/n/10.95 8\OML/cmm/m/it/10.95 t \OMS/cmsy/m/n/10.95 2 \OML/cmm/m/it/10.95 
I \OT1/cmr/m/n/10.95 : \OMS/cmsy/m/n/10.95 j\OML/cmm/m/it/10.95 g[]\OT1/cmr/m/n
/10.95 (\OML/cmm/m/it/10.95 t\OT1/cmr/m/n/10.95 ) \OMS/cmsy/m/n/10.95 ^^@ \OML/
cmm/m/it/10.95 y\OT1/cmr/m/n/10.95 (\OML/cmm/m/it/10.95 t\OT1/cmr/m/n/10.95 )\O
MS/cmsy/m/n/10.95 j \OT1/cmr/m/n/10.95 = \OMS/cmsy/m/n/10.95 j\OML/cmm/m/it/10.
95 g[]\OT1/cmr/m/n/10.95 (\OML/cmm/m/it/10.95 t\OT1/cmr/m/n/10.95 ) \OMS/cmsy/m
/n/10.95 ^^@ \OML/cmm/m/it/10.95 z[]\OT1/cmr/m/n/10.95 (\OML/cmm/m/it/10.95 t\O
T1/cmr/m/n/10.95 ) + \OML/cmm/m/it/10.95 z[]\OT1/cmr/m/n/10.95 (\OML/cmm/m/it/1
0.95 t\OT1/cmr/m/n/10.95 ) \OMS/cmsy/m/n/10.95 ^^@ \OML/cmm/m/it/10.95 y\OT1/cm
r/m/n/10.95 (\OML/cmm/m/it/10.95 t\OT1/cmr/m/n/10.95 )\OMS/cmsy/m/n/10.95 j ^^T
 j [] j \OT1/cmr/m/n/10.95 +
 []

[42]
Underfull \hbox (badness 10000) in paragraph at lines 1168--1171

 []


Underfull \hbox (badness 10000) in paragraph at lines 1175--1176

 []


Underfull \hbox (badness 10000) in paragraph at lines 1176--1178

 []


Underfull \hbox (badness 10000) in paragraph at lines 1178--1180

 []

[43] [44]
\IeC {\textsection } 13.
Package hyperref Info: bookmark level for unknown vorbetrachtungen defaults to 
0 on input line 1213.

Underfull \hbox (badness 10000) in paragraph at lines 1213--1214

 []


Underfull \hbox (badness 10000) in paragraph at lines 1214--1226

 []


Underfull \hbox (badness 10000) in paragraph at lines 1214--1226

 []


Underfull \hbox (badness 10000) in paragraph at lines 1228--1234

 []

[45


]
Underfull \hbox (badness 10000) in paragraph at lines 1241--1251

 []


Underfull \hbox (badness 10000) in paragraph at lines 1241--1251

 []

[46] [47] [48]
\IeC {\textsection } 14.
[49


]
Overfull \hbox (0.48665pt too wide) in paragraph at lines 1403--1405
[]\T1/cmr/m/n/10.95 Sei $\OML/cmm/m/it/10.95 y \OT1/cmr/m/n/10.95 = (\OML/cmm/m
/it/10.95 y[]; [] ; y[]\OT1/cmr/m/n/10.95 ) : [\OML/cmm/m/it/10.95 a; b\OT1/cmr
/m/n/10.95 ] \OMS/cmsy/m/n/10.95 ! \U/msb/m/n/10.95 R[]$\T1/cmr/m/n/10.95 . Es 
gel-te: $\OML/cmm/m/it/10.95 y[] \OMS/cmsy/m/n/10.95 2 \OML/cmm/m/it/10.95 R\OT
1/cmr/m/n/10.95 [\OML/cmm/m/it/10.95 a; b\OT1/cmr/m/n/10.95 ] (\OML/cmm/m/it/10
.95 j \OT1/cmr/m/n/10.95 =
 []

[50]
Underfull \hbox (badness 10000) in paragraph at lines 1424--1425

 []


Underfull \hbox (badness 10000) in paragraph at lines 1428--1450

 []


Underfull \hbox (badness 10000) in paragraph at lines 1428--1450

 []

[51]
Underfull \hbox (badness 10000) in paragraph at lines 1471--1473

 []


Underfull \hbox (badness 10000) in paragraph at lines 1471--1473

 []


Underfull \hbox (badness 10000) in paragraph at lines 1485--1488

 []

[52]
Underfull \hbox (badness 10000) in paragraph at lines 1499--1500

 []

[53]
Overfull \hbox (7.5341pt too wide) in paragraph at lines 1551--1628
\OML/cmm/m/it/10.95 e[] \OT1/cmr/m/n/10.95 = \OML/cmm/m/it/10.95 e[]$ $\OT1/cmr
/m/n/10.95 = \OML/cmm/m/it/10.95 e[]e[]$ $\OT1/cmr/m/n/10.95 = \OML/cmm/m/it/10
.95 e[]e[]$ $\OT1/cmr/m/n/10.95 = \OML/cmm/m/it/10.95 e[] [][] []\OT1/cmr/m/n/1
0.95 (\OML/cmm/m/it/10.95 A \OMS/cmsy/m/n/10.95 ^^@ \OML/cmm/m/it/10.95 ^^UE\OT
1/cmr/m/n/10.95 )[]$ $= \OML/cmm/m/it/10.95 e[] [][] []\OT1/cmr/m/n/10.95 (\OML
/cmm/m/it/10.95 A \OMS/cmsy/m/n/10.95 ^^@
 []


Underfull \hbox (badness 10000) in paragraph at lines 1551--1628

 []

[54]
\IeC {\textsection } 15.
[55


] [56]
\IeC {\textsection } 16.

Overfull \hbox (8.79813pt too wide) in paragraph at lines 1717--1720
\T1/cmr/m/n/10.95 heiÿt ein []\T1/cmr/bx/n/10.95 li-nea-res Sys-tem\T1/cmr/m/n/
10.95 . Mit $\OML/cmm/m/it/10.95 A\OT1/cmr/m/n/10.95 (\OML/cmm/m/it/10.95 x\OT1
/cmr/m/n/10.95 ) [] (\OML/cmm/m/it/10.95 a[]\OT1/cmr/m/n/10.95 (\OML/cmm/m/it/1
0.95 x\OT1/cmr/m/n/10.95 ))\OML/cmm/m/it/10.95 ;  b\OT1/cmr/m/n/10.95 (\OML/cmm
/m/it/10.95 x\OT1/cmr/m/n/10.95 ) [] (\OML/cmm/m/it/10.95 b[]\OT1/cmr/m/n/10.95
 (\OML/cmm/m/it/10.95 x\OT1/cmr/m/n/10.95 )\OML/cmm/m/it/10.95 ; [] ; b[]\OT1/c
mr/m/n/10.95 (\OML/cmm/m/it/10.95 x\OT1/cmr/m/n/10.95 ))$ \T1/cmr/m/n/10.95 und
 $\OML/cmm/m/it/10.95 y [] \OT1/cmr/m/n/10.95 (\OML/cmm/m/it/10.95 y[]; [] ; y[
]\OT1/cmr/m/n/10.95 )$
 []

Package hyperref Info: bookmark level for unknown wichtigebemerkung defaults to
 0 on input line 1747.
[57


] [58]
Underfull \hbox (badness 10000) in paragraph at lines 1852--1853

 []

[59]
Underfull \hbox (badness 10000) in paragraph at lines 1863--1864

 []


Overfull \hbox (3.21986pt too wide) in paragraph at lines 1879--1880
[]$\OML/cmm/m/it/10.95 y[]\OT1/cmr/m/n/10.95 (\OML/cmm/m/it/10.95 x\OT1/cmr/m/n
/10.95 ) = ([] \OML/cmm/m/it/10.95 x; \OMS/cmsy/m/n/10.95 ^^@ [] \OML/cmm/m/it/
10.95 x\OT1/cmr/m/n/10.95 )\OML/cmm/m/it/10.95 ;  y[]\OT1/cmr/m/n/10.95 (\OML/c
mm/m/it/10.95 x\OT1/cmr/m/n/10.95 ) = ([] \OML/cmm/m/it/10.95 x; [] x\OT1/cmr/m
/n/10.95 )$\T1/cmr/m/n/10.95 . Die all-ge-mei-ne Lö-sung von $\OML/cmm/m/it/10.
95 y[] \OT1/cmr/m/n/10.95 = [] \OML/cmm/m/it/10.95 y \OT1/cmr/m/n/10.95 :$ 
 []

[60]
Overfull \hbox (1.15144pt too wide) in paragraph at lines 1927--1929
\OML/cmm/m/it/10.95 Yc[]C [] \OT1/cmr/m/n/10.95 (\OML/cmm/m/it/10.95 c[]; [] ; 
c[]\OT1/cmr/m/n/10.95 ) \OMS/cmsy/m/n/10.95 2 \U/msb/m/n/10.95 M[] \OMS/cmsy/m/
n/10.95 ) \OML/cmm/m/it/10.95 C \OT1/cmr/m/n/10.95 = []$ \T1/cmr/m/n/10.95 und 
$\OML/cmm/m/it/10.95 Z \OT1/cmr/m/n/10.95 = \OML/cmm/m/it/10.95 YC$\T1/cmr/m/n/
10.95 , $\OT1/cmr/m/n/10.95 0 \OMS/cmsy/m/n/10.95 6\OT1/cmr/m/n/10.95 = [] \OML
/cmm/m/it/10.95 Z\OT1/cmr/m/n/10.95 (\OML/cmm/m/it/10.95 x\OT1/cmr/m/n/10.95 ) 
= [] \OML/cmm/m/it/10.95 Y\OT1/cmr/m/n/10.95 (\OML/cmm/m/it/10.95 x\OT1/cmr/m/n
/10.95 ) [] \OML/cmm/m/it/10.95 C \OMS/cmsy/m/n/10.95 )
 []


LaTeX Warning: Command \textsection invalid in math mode on input line 1937.

Missing character: There is no Ÿ in font cmr8!

Overfull \hbox (47.84717pt too wide) in paragraph at lines 1935--1939
\OML/cmm/m/it/10.95 '\OT1/cmr/m/n/10.95 (\OML/cmm/m/it/10.95 x\OT1/cmr/m/n/10.9
5 ) [] [][] [](\OML/cmm/m/it/10.95 z[]\OT1/cmr/m/n/10.95 (\OML/cmm/m/it/10.95 x
\OT1/cmr/m/n/10.95 )\OML/cmm/m/it/10.95 ; [] ; z[]\OT1/cmr/m/n/10.95 (\OML/cmm/
m/it/10.95 x\OT1/cmr/m/n/10.95 )\OML/cmm/m/it/10.95 ; \OT1/cmr/m/n/10.95 (\OML/
cmm/m/it/10.95 z[]\OT1/cmr/m/n/10.95 (\OML/cmm/m/it/10.95 x\OT1/cmr/m/n/10.95 )
)[]\OML/cmm/m/it/10.95 ; z[]\OT1/cmr/m/n/10.95 (\OML/cmm/m/it/10.95 x\OT1/cmr/m
/n/10.95 )\OML/cmm/m/it/10.95 ; [] ; z[]\OT1/cmr/m/n/10.95 (\OML/cmm/m/it/10.95
 x\OT1/cmr/m/n/10.95 ))$ $(\OML/cmm/m/it/10.95 z[]\OT1/cmr/m/n/10.95 (\OML/cmm/
m/it/10.95 x\OT1/cmr/m/n/10.95 ))[] = \OML/cmm/m/it/10.95 A\OT1/cmr/m/n/10.95 (
\OML/cmm/m/it/10.95 x\OT1/cmr/m/n/10.95 )\OML/cmm/m/it/10.95 z[]\OT1/cmr/m/n/10
.95 (\OML/cmm/m/it/10.95 x\OT1/cmr/m/n/10.95 ) =
 []


LaTeX Warning: Command \textsection invalid in math mode on input line 1952.

Missing character: There is no Ÿ in font cmr8!
[61]
Overfull \hbox (36.38379pt too wide) in paragraph at lines 1972--1984
\T1/cmr/m/n/10.95 Bekannt: FS von $\OML/cmm/m/it/10.95 y[] \OT1/cmr/m/n/10.95 =
 \OML/cmm/m/it/10.95 Ay \OT1/cmr/m/n/10.95 : \OML/cmm/m/it/10.95 y[]\OT1/cmr/m/
n/10.95 (\OML/cmm/m/it/10.95 x\OT1/cmr/m/n/10.95 ) = ([] \OML/cmm/m/it/10.95 x;
 [] x\OT1/cmr/m/n/10.95 )\OML/cmm/m/it/10.95 ; y[]\OT1/cmr/m/n/10.95 (\OML/cmm/
m/it/10.95 x\OT1/cmr/m/n/10.95 ) = ([] \OML/cmm/m/it/10.95 x; \OMS/cmsy/m/n/10.
95 ^^@ [] \OML/cmm/m/it/10.95 x\OT1/cmr/m/n/10.95 )\OML/cmm/m/it/10.95 :W\OT1/c
mr/m/n/10.95 (\OML/cmm/m/it/10.95 x\OT1/cmr/m/n/10.95 ) = [] =
 []


Overfull \hbox (25.00764pt too wide) in paragraph at lines 1972--1984
\T1/cmr/m/n/10.95 Allgemeine Lö-sung der in-ho-mo-ge-nen Glei-chung: $\OML/cmm/
m/it/10.95 y\OT1/cmr/m/n/10.95 (\OML/cmm/m/it/10.95 x\OT1/cmr/m/n/10.95 ) = \OM
L/cmm/m/it/10.95 c[] [] \OT1/cmr/m/n/10.95 + \OML/cmm/m/it/10.95 c[] [] \OT1/cm
r/m/n/10.95 + \OML/cmm/m/it/10.95 x [] ; c[]; c[] \OMS/cmsy/m/n/10.95 2
 []

[62] [63] [64


]
\IeC {\textsection } 17.
[65]
Package hyperref Info: bookmark level for unknown motivation defaults to 0 on i
nput line 2047.

Underfull \hbox (badness 10000) in paragraph at lines 2056--2059

 []

[66]
Underfull \hbox (badness 10000) in paragraph at lines 2079--2083

 []

Package hyperref Info: bookmark level for unknown hilfssatz defaults to 0 on in
put line 2092.
[67] [68]
Underfull \vbox (badness 10000) has occurred while \output is active []

 [69]
[70] [71] [72


]
\IeC {\textsection } 18.
[73] [74]
\IeC {\textsection } 19.

Package hyperref Warning: Token not allowed in a PDF string (PDFDocEncoding):
(hyperref)                removing `math shift' on input line 2411.


Package hyperref Warning: Token not allowed in a PDF string (PDFDocEncoding):
(hyperref)                removing `math shift' on input line 2411.

[75


] [76]
Underfull \hbox (badness 10000) in paragraph at lines 2527--2536

 []


Underfull \hbox (badness 10000) in paragraph at lines 2527--2536

 []

[77] [78


]
\IeC {\textsection } 20.

Package hyperref Warning: Token not allowed in a PDF string (PDFDocEncoding):
(hyperref)                removing `math shift' on input line 2538.


Package hyperref Warning: Token not allowed in a PDF string (PDFDocEncoding):
(hyperref)                removing `math shift' on input line 2538.


Underfull \hbox (badness 10000) in paragraph at lines 2564--2565

 []

[79]
Underfull \hbox (badness 10000) in paragraph at lines 2578--2580

 []


Underfull \hbox (badness 10000) in paragraph at lines 2578--2580

 []

[80] [81] [82]
\IeC {\textsection } 21.
[83


] [84]
\IeC {\textsection } 22.

Underfull \hbox (badness 10000) in paragraph at lines 2767--2768

 []


Underfull \hbox (badness 10000) in paragraph at lines 2768--2769

 []


Underfull \hbox (badness 10000) in paragraph at lines 2769--2770

 []

Package hyperref Info: bookmark level for unknown lemma defaults to 0 on input 
line 2774.
[85


] [86


]
\IeC {\textsection } 22.
[87] [88] [89] [90


]
\IeC {\textsection } 23.
[91] [92] [93] [94


]
\IeC {\textsection } 24.
Package hyperref Info: bookmark level for unknown wichtigerhilfssatz defaults t
o 0 on input line 3022.
[95] [96] [97] [98


]
\IeC {\textsection } 25.

Underfull \hbox (badness 1082) in paragraph at lines 3180--3181
[]$\OT1/cmr/m/n/10.95 (\OML/cmm/m/it/10.95 y[]\OT1/cmr/m/n/10.95 )$ \T1/cmr/m/n
/10.95 ent-hält ei-ne auf $\OML/cmm/m/it/10.95 I$ \T1/cmr/m/n/10.95 gleich-mä-ÿ
ig kon-ver-gen-te Teil-fol-ge $\OT1/cmr/m/n/10.95 (\OML/cmm/m/it/10.95 y[]\OT1/
cmr/m/n/10.95 )$ \T1/cmr/m/n/10.95 und $\OML/cmm/m/it/10.95 y\OT1/cmr/m/n/10.95
 (\OML/cmm/m/it/10.95 x\OT1/cmr/m/n/10.95 ) :=
 []

[99]
Overfull \hbox (24.40231pt too wide) in paragraph at lines 3210--3211
[]\T1/cmr/m/n/10.95 (1) $ \OT1/cmr/m/n/10.95 =[]\OMS/cmsy/m/n/10.95 )  \OT1/cmr
/m/n/10.95 (\OML/cmm/m/it/10.95 y[]\OT1/cmr/m/n/10.95 )$ \T1/cmr/m/n/10.95 en-h
ält ei-ne auf $\OML/cmm/m/it/10.95 I$ \T1/cmr/m/n/10.95 gleich-mä-ÿig kon-ver-g
en-te Teil-fol-ge $\OML/cmm/m/it/10.95 y[]$\T1/cmr/m/n/10.95 ; $\OML/cmm/m/it/1
0.95 z\OT1/cmr/m/n/10.95 (\OML/cmm/m/it/10.95 x\OT1/cmr/m/n/10.95 ) := [][] \OM
L/cmm/m/it/10.95 y[] \OT1/cmr/m/n/10.95 (\OML/cmm/m/it/10.95 x \OMS/cmsy/m/n/10
.95 2
 []

[100] [101] [102


]
\IeC {\textsection } 26.
[103]
Underfull \hbox (badness 10000) in paragraph at lines 3290--3292

 []


Underfull \hbox (badness 10000) in paragraph at lines 3293--3303

 []


Underfull \hbox (badness 10000) in paragraph at lines 3304--3311

 []

[104] [105] [106


]
\IeC {\textsection } 27.

Underfull \hbox (badness 10000) in paragraph at lines 3338--3340

 []


Underfull \hbox (badness 10000) in paragraph at lines 3347--3350

 []


Underfull \hbox (badness 10000) in paragraph at lines 3357--3360

 []


Underfull \hbox (badness 10000) in paragraph at lines 3367--3371

 []

[107]
Underfull \hbox (badness 10000) in paragraph at lines 3390--3392

 []


Underfull \hbox (badness 10000) in paragraph at lines 3404--3409

 []


Underfull \hbox (badness 10000) in paragraph at lines 3421--3422

 []

[108]
Underfull \hbox (badness 10000) in paragraph at lines 3440--3444

 []


Overfull \hbox (32.69319pt too wide) in paragraph at lines 3467--3483
\OT1/cmr/m/n/10.95 =[]\OMS/cmsy/m/n/10.95 )  j\OT1/cmr/m/n/10.95 (\OML/cmm/m/it
/10.95 T[]\OT1/cmr/m/n/10.95 )(\OML/cmm/m/it/10.95 x\OT1/cmr/m/n/10.95 ) \OMS/c
msy/m/n/10.95 ^^@ \OT1/cmr/m/n/10.95 (\OML/cmm/m/it/10.95 T[]\OT1/cmr/m/n/10.95
 )(\OML/cmm/m/it/10.95 x\OT1/cmr/m/n/10.95 )\OMS/cmsy/m/n/10.95 j ^^T \OML/cmm/
m/it/10.95 L\OMS/cmsy/m/n/10.95 jj\OML/cmm/m/it/10.95 u \OMS/cmsy/m/n/10.95 ^^@
 \OML/cmm/m/it/10.95 v\OMS/cmsy/m/n/10.95 jj[]\OT1/cmr/m/n/10.95 (\OML/cmm/m/it
/10.95 ^^^\OT1/cmr/m/n/10.95 (\OML/cmm/m/it/10.95 x\OT1/cmr/m/n/10.95 ) \OMS/cm
sy/m/n/10.95 ^^@ [] []\OT1/cmr/m/n/10.95 ) = []\OMS/cmsy/m/n/10.95 jj\OML/cmm/m
/it/10.95 u \OMS/cmsy/m/n/10.95 ^^@ \OML/cmm/m/it/10.95 v\OMS/cmsy/m/n/10.95 jj
\OT1/cmr/m/n/10.95 (\OML/cmm/m/it/10.95 ^^^\OT1/cmr/m/n/10.95 (\OML/cmm/m/it/10
.95 x\OT1/cmr/m/n/10.95 ) \OMS/cmsy/m/n/10.95 ^^@ [] []\OT1/cmr/m/n/10.95 )$ $ 
=[]\OMS/cmsy/m/n/10.95 )  [] ^^T
 []

[109] [110] [111] [112


]
Anhang A.
** Generating table of satz,wichtigedefinition
(./Ana3.thm [113]
Underfull \vbox (badness 5771) has occurred while \output is active []

 [114])
(./Ana3.ind [115] [116


]
Overfull \hbox (7.29721pt too wide) in paragraph at lines 3--5
[]$\OML/cmm/m/it/10.95 f$ \T1/cmr/m/n/10.95 ge-nügt auf $\OML/cmm/m/it/10.95 D$
 \T1/cmr/m/n/10.95 ei-ner Lip-schitz-be-din-gung (LB)
 []


Overfull \hbox (2.4359pt too wide) in paragraph at lines 90--92
[]\T1/cmr/m/n/10.95 Lösung ei-ner ex-pli-zi-ten Dif-fe-ren-ti-al-glei-chung,
 []

[117



] [118

])
Anhang B.

Underfull \hbox (badness 10000) in paragraph at lines 3552--3580

 []

\tf@thm=\write6
\openout6 = `Ana3.thm'.

[119



] (./Ana3.aux)

LaTeX Font Warning: Some font shapes were not available, defaults substituted.

 ) 
Here is how much of TeX's memory you used:
 11025 strings out of 493857
 152399 string characters out of 1153304
 275210 words of memory out of 3000000
 13516 multiletter control sequences out of 15000+50000
 33680 words of font info for 110 fonts, out of 3000000 for 9000
 714 hyphenation exceptions out of 8191
 59i,21n,43p,556b,564s stack positions out of 5000i,500n,10000p,200000b,50000s
{/usr/share/texmf/fonts/enc/dvips/cm-super/cm-super-t1.enc}</usr/share/texmf-
texlive/fonts/type1/public/amsfonts/cm/cmbx10.pfb></usr/share/texmf-texlive/fon
ts/type1/public/amsfonts/cm/cmbx8.pfb></usr/share/texmf-texlive/fonts/type1/pub
lic/amsfonts/cm/cmex10.pfb></usr/share/texmf-texlive/fonts/type1/public/amsfont
s/cmextra/cmex8.pfb></usr/share/texmf-texlive/fonts/type1/public/amsfonts/cm/cm
mi10.pfb></usr/share/texmf-texlive/fonts/type1/public/amsfonts/cm/cmmi12.pfb></
usr/share/texmf-texlive/fonts/type1/public/amsfonts/cm/cmmi6.pfb></usr/share/te
xmf-texlive/fonts/type1/public/amsfonts/cm/cmmi8.pfb></usr/share/texmf-texlive/
fonts/type1/public/amsfonts/cm/cmmib10.pfb></usr/share/texmf-texlive/fonts/type
1/public/amsfonts/cmextra/cmmib8.pfb></usr/share/texmf-texlive/fonts/type1/publ
ic/amsfonts/cm/cmr10.pfb></usr/share/texmf-texlive/fonts/type1/public/amsfonts/
cm/cmr12.pfb></usr/share/texmf-texlive/fonts/type1/public/amsfonts/cm/cmr6.pfb>
</usr/share/texmf-texlive/fonts/type1/public/amsfonts/cm/cmr8.pfb></usr/share/t
exmf-texlive/fonts/type1/public/amsfonts/cm/cmsy10.pfb></usr/share/texmf-texliv
e/fonts/type1/public/amsfonts/cm/cmsy6.pfb></usr/share/texmf-texlive/fonts/type
1/public/amsfonts/cm/cmsy8.pfb></usr/share/texmf-texlive/fonts/type1/public/ams
fonts/euler/eufm10.pfb></usr/share/texmf-texlive/fonts/type1/public/amsfonts/sy
mbols/msam10.pfb></usr/share/texmf-texlive/fonts/type1/public/amsfonts/symbols/
msbm10.pfb></usr/share/texmf/fonts/type1/public/cm-super/sfbx1095.pfb></usr/sha
re/texmf/fonts/type1/public/cm-super/sfrm0800.pfb></usr/share/texmf/fonts/type1
/public/cm-super/sfrm1095.pfb></usr/share/texmf/fonts/type1/public/cm-super/sfr
m1440.pfb></usr/share/texmf/fonts/type1/public/cm-super/sfsl1095.pfb></usr/shar
e/texmf/fonts/type1/public/cm-super/sfsx1095.pfb></usr/share/texmf/fonts/type1/
public/cm-super/sfsx1440.pfb></usr/share/texmf/fonts/type1/public/cm-super/sfsx
2074.pfb></usr/share/texmf/fonts/type1/public/cm-super/sfti1095.pfb></usr/share
/texmf/fonts/type1/public/cm-super/sftt1095.pfb></usr/share/texmf/fonts/type1/p
ublic/cm-super/sftt1440.pfb></usr/share/texmf-texlive/fonts/type1/hoekwater/stm
aryrd/stmary10.pfb>
Output written on Ana3.pdf (119 pages, 944517 bytes).
PDF statistics:
 1468 PDF objects out of 1728 (max. 8388607)
 535 named destinations out of 1000 (max. 500000)
 297 words of extra memory for PDF output out of 10000 (max. 10000000)

