
Running /usr/bin/pdflatex Ana3.tex in an env with 4 entries:
This is pdfTeX, Version 3.1415926-1.40.10 (TeX Live 2009/Debian)
entering extended mode
(data/Ana3.tex
LaTeX2e <2009/09/24>
Babel <v3.8l> and hyphenation patterns for english, usenglishmax, dumylang, noh
yphenation, farsi, arabic, croatian, bulgarian, ukrainian, russian, czech, slov
ak, danish, dutch, finnish, french, basque, ngerman, german, german-x-2009-06-1
9, ngerman-x-2009-06-19, ibycus, monogreek, greek, ancientgreek, hungarian, san
skrit, italian, latin, latvian, lithuanian, mongolian2a, mongolian, bokmal, nyn
orsk, romanian, irish, coptic, serbian, turkish, welsh, esperanto, uppersorbian
, estonian, indonesian, interlingua, icelandic, kurmanji, slovenian, polish, po
rtuguese, spanish, galician, catalan, swedish, ukenglish, loaded.
(/usr/share/texmf-texlive/tex/latex/koma-script/scrbook.cls
Document Class: scrbook 2009/07/24 v3.04a KOMA-Script document class (book)
(/usr/share/texmf-texlive/tex/latex/koma-script/scrkbase.sty
(/usr/share/texmf-texlive/tex/latex/koma-script/scrbase.sty
(/usr/share/texmf-texlive/tex/latex/graphics/keyval.sty)
(/usr/share/texmf-texlive/tex/latex/koma-script/scrlfile.sty
Package scrlfile, 2009/03/25 v3.03 KOMA-Script package (loading files)
                  Copyright (C) Markus Kohm

))) (/usr/share/texmf-texlive/tex/latex/koma-script/tocbasic.sty)
(/usr/share/texmf-texlive/tex/latex/koma-script/scrsize11pt.clo)
(/usr/share/texmf-texlive/tex/latex/koma-script/typearea.sty
Package typearea, 2009/07/24 v3.04a KOMA-Script package (type area)
                  Copyright (C) Frank Neukam, 1992-1994
                  Copyright (C) Markus Kohm, 1994-

)) (data/ana.sty (data/mathe.sty (data/latexki.sty)
(/usr/share/texmf-texlive/tex/latex/base/inputenc.sty
(/usr/share/texmf-texlive/tex/latex/base/utf8.def
(/usr/share/texmf-texlive/tex/latex/base/t1enc.dfu)
(/usr/share/texmf-texlive/tex/latex/base/ot1enc.dfu)
(/usr/share/texmf-texlive/tex/latex/base/omsenc.dfu)))
(/usr/share/texmf-texlive/tex/generic/babel/babel.sty
(/usr/share/texmf-texlive/tex/generic/babel/ngermanb.ldf
(/usr/share/texmf-texlive/tex/generic/babel/babel.def)))
(/usr/share/texmf-texlive/tex/latex/base/fontenc.sty
(/usr/share/texmf-texlive/tex/latex/base/t1enc.def))
(/usr/share/texmf-texlive/tex/latex/amsfonts/amsfonts.sty)
(/usr/share/texmf-texlive/tex/latex/amsfonts/amssymb.sty)
(/usr/share/texmf-texlive/tex/latex/amsmath/amsmath.sty
For additional information on amsmath, use the `?' option.
(/usr/share/texmf-texlive/tex/latex/amsmath/amstext.sty
(/usr/share/texmf-texlive/tex/latex/amsmath/amsgen.sty))
(/usr/share/texmf-texlive/tex/latex/amsmath/amsbsy.sty)
(/usr/share/texmf-texlive/tex/latex/amsmath/amsopn.sty))
(/usr/share/texmf-texlive/tex/latex/stmaryrd/stmaryrd.sty)
(/usr/share/texmf-texlive/tex/latex/tools/verbatim.sty)
(/usr/share/texmf-texlive/tex/latex/base/ifthen.sty)
(/usr/share/texmf-texlive/tex/latex/ntheorem/ntheorem.sty
Style `ntheorem', Version 1.25 <2005/07/07>
) (/usr/share/texmf-texlive/tex/latex/ltxmisc/framed.sty)
(/usr/share/texmf-texlive/tex/latex/pstricks/pstricks.sty
(/usr/share/texmf-texlive/tex/generic/pstricks/pstricks.tex
`PSTricks' v1.29  <2009/05/19> (tvz)
(/usr/share/texmf-texlive/tex/generic/pstricks/pstricks.con))
(/usr/share/texmf/tex/latex/xcolor/xcolor.sty
(/etc/texmf/tex/latex/config/color.cfg)
(/usr/share/texmf-texlive/tex/latex/pdftex-def/pdftex.def)))
(/usr/share/texmf-texlive/tex/latex/carlisle/slashed.sty)
(/usr/share/texmf-texlive/tex/latex/base/makeidx.sty)
(/usr/share/texmf-texlive/tex/latex/wasysym/wasysym.sty)
(/usr/share/texmf-texlive/tex/latex/jknapltx/mathrsfs.sty)
(/usr/share/texmf-texlive/tex/latex/mh/mathtools.sty
(/usr/share/texmf-texlive/tex/latex/tools/calc.sty)
(/usr/share/texmf-texlive/tex/latex/mh/mhsetup.sty))
(/usr/share/texmf-texlive/tex/latex/doublestroke/dsfont.sty)
(/usr/share/texmf-texlive/tex/latex/hyperref/hyperref.sty
(/usr/share/texmf-texlive/tex/generic/oberdiek/ifpdf.sty)
(/usr/share/texmf-texlive/tex/generic/oberdiek/ifvtex.sty)
(/usr/share/texmf-texlive/tex/generic/ifxetex/ifxetex.sty)
(/usr/share/texmf-texlive/tex/latex/oberdiek/hycolor.sty
(/usr/share/texmf-texlive/tex/latex/oberdiek/xcolor-patch.sty))
(/usr/share/texmf-texlive/tex/latex/hyperref/pd1enc.def)
(/usr/share/texmf-texlive/tex/generic/oberdiek/etexcmds.sty
(/usr/share/texmf-texlive/tex/generic/oberdiek/infwarerr.sty))
(/usr/share/texmf-texlive/tex/latex/latexconfig/hyperref.cfg)
(/usr/share/texmf-texlive/tex/latex/oberdiek/kvoptions.sty
(/usr/share/texmf-texlive/tex/generic/oberdiek/kvsetkeys.sty))
Implicit mode ON; LaTeX internals redefined
(/usr/share/texmf-texlive/tex/latex/ltxmisc/url.sty)
(/usr/share/texmf-texlive/tex/generic/oberdiek/bitset.sty
(/usr/share/texmf-texlive/tex/generic/oberdiek/intcalc.sty)
(/usr/share/texmf-texlive/tex/generic/oberdiek/bigintcalc.sty
(/usr/share/texmf-texlive/tex/generic/oberdiek/pdftexcmds.sty
(/usr/share/texmf-texlive/tex/generic/oberdiek/ifluatex.sty)
(/usr/share/texmf-texlive/tex/generic/oberdiek/ltxcmds.sty))))
(/usr/share/texmf-texlive/tex/generic/oberdiek/atbegshi.sty))
*hyperref using default driver hpdftex*
(/usr/share/texmf-texlive/tex/latex/hyperref/hpdftex.def)
(/usr/share/texmf-texlive/tex/latex/etex-pkg/etex.sty)))
(data/saetze-schmoeger.sty)
Writing index file Ana3.idx
No file Ana3.aux.
(/usr/share/texmf-texlive/tex/context/base/supp-pdf.mkii
[Loading MPS to PDF converter (version 2006.09.02).]
) (/usr/share/texmf-texlive/tex/latex/hyperref/nameref.sty
(/usr/share/texmf-texlive/tex/latex/oberdiek/refcount.sty))
(/usr/share/texmf-texlive/tex/latex/base/t1cmss.fd)
(/usr/share/texmf-texlive/tex/latex/amsfonts/umsa.fd)
(/usr/share/texmf-texlive/tex/latex/amsfonts/umsb.fd)
(/usr/share/texmf-texlive/tex/latex/stmaryrd/Ustmry.fd)
(/usr/share/texmf-texlive/tex/latex/wasysym/uwasy.fd)
(/usr/share/texmf-texlive/tex/latex/jknapltx/ursfs.fd)
(/usr/share/texmf-texlive/tex/latex/base/t1cmtt.fd) [1
Non-PDF special ignored!
Non-PDF special ignored!
Non-PDF special ignored!{/var/lib/texmf/fonts/map/pdftex/updmap/pdftex.map}]
[2]

Package hyperref Warning: No destination for bookmark of \addcontentsline,
(hyperref)                destination is added on input line 18.

[3] [4]
Kapitel I.
[5] [6]
Kapitel II.
[7] [8]
\IeC {\textsection } 1.
[9] [10]
\IeC {\textsection } 2.

Package hyperref Warning: Token not allowed in a PDF string (PDFDocEncoding):
(hyperref)                removing `math shift' on input line 151.


Package hyperref Warning: Token not allowed in a PDF string (PDFDocEncoding):
(hyperref)                removing `math shift' on input line 151.


Package hyperref Warning: Token not allowed in a PDF string (PDFDocEncoding):
(hyperref)                removing `math shift' on input line 151.


Package hyperref Warning: Token not allowed in a PDF string (PDFDocEncoding):
(hyperref)                removing `superscript' on input line 151.


Package hyperref Warning: Token not allowed in a PDF string (PDFDocEncoding):
(hyperref)                removing `math shift' on input line 151.


LaTeX Font Warning: Font shape `U/stmry/b/n' undefined
(Font)              using `U/stmry/m/n' instead on input line 186.


LaTeX Font Warning: Font shape `U/wasy/b/n' in size <8> not available
(Font)              Font shape `U/wasy/m/n' tried instead on input line 186.


LaTeX Font Warning: Font shape `U/wasy/b/n' in size <6> not available
(Font)              Font shape `U/wasy/m/n' tried instead on input line 186.

[11] [12]
\IeC {\textsection } 3.

Package hyperref Warning: Token not allowed in a PDF string (PDFDocEncoding):
(hyperref)                removing `math shift' on input line 212.


Package hyperref Warning: Token not allowed in a PDF string (PDFDocEncoding):
(hyperref)                removing `math shift' on input line 212.


Package hyperref Warning: Token not allowed in a PDF string (PDFDocEncoding):
(hyperref)                removing `math shift' on input line 212.


Package hyperref Warning: Token not allowed in a PDF string (PDFDocEncoding):
(hyperref)                removing `superscript' on input line 212.


Package hyperref Warning: Token not allowed in a PDF string (PDFDocEncoding):
(hyperref)                removing `math shift' on input line 212.

[13] [14]
\IeC {\textsection } 4.

Overfull \hbox (36.34283pt too wide) in paragraph at lines 274--277
[]\T1/cmr/m/n/10.95 Sei $\OT1/cmr/m/n/10.95 ^^H = (^^H[]\OML/cmm/m/it/10.95 ; \
OT1/cmr/m/n/10.95 ^^H[]\OML/cmm/m/it/10.95 ; \OT1/cmr/m/n/10.95 ^^H[])$ \T1/cmr
/m/n/10.95 ei-ne Flä-che mit Pa-ra-me-ter-be-reich $\OML/cmm/m/it/10.95 B \OMS/
cmsy/m/n/10.95 ^^R \U/msb/m/n/10.95 R[]\OML/cmm/m/it/10.95 ; D \OMS/cmsy/m/n/10
.95 ^^R \U/msb/m/n/10.95 R[]$ \T1/cmr/m/n/10.95 of-fen, $\OML/cmm/m/it/10.95 B 
 \OMS/cmsy/m/n/10.95 ^^R  \OML/cmm/m/it/10.95 D; \OT1/cmr/m/n/10.95 ^^H  \OMS/c
msy/m/n/10.95 2  \OML/cmm/m/it/10.95 C[] \OT1/cmr/m/n/10.95 (\OML/cmm/m/it/10.9
5 D;  \U/msb/m/n/10.95 R[]\OT1/cmr/m/n/10.95 )$

Underfull \hbox (badness 10000) in paragraph at lines 292--295


Overfull \hbox (54.68059pt too wide) in paragraph at lines 295--301
[][]\OT1/cmr/m/n/10.95 (\OML/cmm/m/it/10.95 u; v; u[] \OT1/cmr/m/n/10.95 + \OML
/cmm/m/it/10.95 v[]\OT1/cmr/m/n/10.95 ) \OMS/cmsy/m/n/10.95 ^^A \OT1/cmr/m/n/10
.95 (\OMS/cmsy/m/n/10.95 ^^@\OT1/cmr/m/n/10.95 2\OML/cmm/m/it/10.95 u; \OMS/cms
y/m/n/10.95 ^^@\OT1/cmr/m/n/10.95 2\OML/cmm/m/it/10.95 v; \OT1/cmr/m/n/10.95 1)
d(\OML/cmm/m/it/10.95 u; v\OT1/cmr/m/n/10.95 ) = \OMS/cmsy/m/n/10.95 ^^@ [][]\O
T1/cmr/m/n/10.95 (\OML/cmm/m/it/10.95 u[] \OT1/cmr/m/n/10.95 + \OML/cmm/m/it/10
.95 v[]\OT1/cmr/m/n/10.95 )\OML/cmm/m/it/10.95 d\OT1/cmr/m/n/10.95 (\OML/cmm/m/
it/10.95 u; v\OT1/cmr/m/n/10.95 ) [] \OMS/cmsy/m/n/10.95 ^^@ [][]\OT1/cmr/m/n/1
0.95 ([][] \OML/cmm/m/it/10.95 r[]\OT1/cmr/m/n/10.95 d\OML/cmm/m/it/10.95 r\OT1
/cmr/m/n/10.95 )d\OML/cmm/m/it/10.95 '  \OT1/cmr/m/n/10.95 =  \OMS/cmsy/m/n/10.
95 ^^@ []$ 
[15] [16]
\IeC {\textsection } 5.

Overfull \hbox (36.34283pt too wide) in paragraph at lines 362--365
[]\T1/cmr/m/n/10.95 Sei $\OT1/cmr/m/n/10.95 ^^H = (^^H[]\OML/cmm/m/it/10.95 ; \
OT1/cmr/m/n/10.95 ^^H[]\OML/cmm/m/it/10.95 ; \OT1/cmr/m/n/10.95 ^^H[])$ \T1/cmr
/m/n/10.95 ei-ne Flä-che mit Pa-ra-me-ter-be-reich $\OML/cmm/m/it/10.95 B \OMS/
cmsy/m/n/10.95 ^^R \U/msb/m/n/10.95 R[]\OML/cmm/m/it/10.95 ; D \OMS/cmsy/m/n/10
.95 ^^R \U/msb/m/n/10.95 R[]$ \T1/cmr/m/n/10.95 of-fen, $\OML/cmm/m/it/10.95 B 
 \OMS/cmsy/m/n/10.95 ^^R  \OML/cmm/m/it/10.95 D; \OT1/cmr/m/n/10.95 ^^H  \OMS/c
msy/m/n/10.95 2  \OML/cmm/m/it/10.95 C[] \OT1/cmr/m/n/10.95 (\OML/cmm/m/it/10.9
5 D;  \U/msb/m/n/10.95 R[]\OT1/cmr/m/n/10.95 )$

Underfull \hbox (badness 10000) in paragraph at lines 380--383


Overfull \hbox (54.68059pt too wide) in paragraph at lines 383--389
[][]\OT1/cmr/m/n/10.95 (\OML/cmm/m/it/10.95 u; v; u[] \OT1/cmr/m/n/10.95 + \OML
/cmm/m/it/10.95 v[]\OT1/cmr/m/n/10.95 ) \OMS/cmsy/m/n/10.95 ^^A \OT1/cmr/m/n/10
.95 (\OMS/cmsy/m/n/10.95 ^^@\OT1/cmr/m/n/10.95 2\OML/cmm/m/it/10.95 u; \OMS/cms
y/m/n/10.95 ^^@\OT1/cmr/m/n/10.95 2\OML/cmm/m/it/10.95 v; \OT1/cmr/m/n/10.95 1)
d(\OML/cmm/m/it/10.95 u; v\OT1/cmr/m/n/10.95 ) = \OMS/cmsy/m/n/10.95 ^^@ [][]\O
T1/cmr/m/n/10.95 (\OML/cmm/m/it/10.95 u[] \OT1/cmr/m/n/10.95 + \OML/cmm/m/it/10
.95 v[]\OT1/cmr/m/n/10.95 )\OML/cmm/m/it/10.95 d\OT1/cmr/m/n/10.95 (\OML/cmm/m/
it/10.95 u; v\OT1/cmr/m/n/10.95 ) [] \OMS/cmsy/m/n/10.95 ^^@ [][]\OT1/cmr/m/n/1
0.95 ([][] \OML/cmm/m/it/10.95 r[]\OT1/cmr/m/n/10.95 d\OML/cmm/m/it/10.95 r\OT1
/cmr/m/n/10.95 )d\OML/cmm/m/it/10.95 '  \OT1/cmr/m/n/10.95 =  \OMS/cmsy/m/n/10.
95 ^^@ []$ 
[17] [18]
\IeC {\textsection } 6.
(/usr/share/texmf-texlive/tex/latex/base/omscmr.fd) [19] [20] [21] [22]
\IeC {\textsection } 7.
[23] [24] [25] [26]
\IeC {\textsection } 8.
(/usr/share/texmf-texlive/tex/latex/amsfonts/ueuf.fd)
Overfull \hbox (13.08804pt too wide) in paragraph at lines 700--705
\OML/cmm/m/it/10.95 G[]\OT1/cmr/m/n/10.95 (\OML/cmm/m/it/10.95 F\OT1/cmr/m/n/10
.95 (\OML/cmm/m/it/10.95 x[]\OT1/cmr/m/n/10.95 )) = \OML/cmm/m/it/10.95 G[]\OT1
/cmr/m/n/10.95 (0) = \OML/cmm/m/it/10.95 y[]$\T1/cmr/m/n/10.95 ; $\OMS/cmsy/m/n
/10.95 8\OML/cmm/m/it/10.95 x \OMS/cmsy/m/n/10.95 2 \OML/cmm/m/it/10.95 I[] \OT
1/cmr/m/n/10.95 : \OML/cmm/m/it/10.95 G\OT1/cmr/m/n/10.95 (\OML/cmm/m/it/10.95 
y\OT1/cmr/m/n/10.95 (\OML/cmm/m/it/10.95 x\OT1/cmr/m/n/10.95 )) = \OML/cmm/m/it
/10.95 F\OT1/cmr/m/n/10.95 (\OML/cmm/m/it/10.95 x\OT1/cmr/m/n/10.95 )  =[]\OMS/
cmsy/m/n/10.95 )  \OT1/cmr/m/n/10.95 (2)$ \T1/cmr/m/n/10.95 und (Diff): $[] \OM
L/cmm/m/it/10.95 y[]\OT1/cmr/m/n/10.95 (\OML/cmm/m/it/10.95 x\OT1/cmr/m/n/10.95
 ) =
[27] [28] [29] [30]
\IeC {\textsection } 9.
[31] [32]
\IeC {\textsection } 10.
[33] [34]
\IeC {\textsection } 11.
[35] [36] [37]
Overfull \hbox (20.03497pt too wide) in paragraph at lines 1033--1034
[]$\OMS/cmsy/m/n/10.95 k\OML/cmm/m/it/10.95 T[] \OMS/cmsy/m/n/10.95 ^^@ \OML/cm
m/m/it/10.95 x[]\OMS/cmsy/m/n/10.95 k \OT1/cmr/m/n/10.95 = \OMS/cmsy/m/n/10.95 
k\OML/cmm/m/it/10.95 T[] \OMS/cmsy/m/n/10.95 ^^@ \OML/cmm/m/it/10.95 x[] \OT1/c
mr/m/n/10.95 + \OML/cmm/m/it/10.95 x[] \OMS/cmsy/m/n/10.95 ^^@ \OML/cmm/m/it/10
.95 x[]\OMS/cmsy/m/n/10.95 k ^^T k\OML/cmm/m/it/10.95 T[] \OMS/cmsy/m/n/10.95 ^
^@ [] k \OT1/cmr/m/n/10.95 + \OMS/cmsy/m/n/10.95 k\OML/cmm/m/it/10.95 x[] \OMS/
cmsy/m/n/10.95 ^^@ \OML/cmm/m/it/10.95 x[]\OMS/cmsy/m/n/10.95 k ^^T []  \OT1/cm
r/m/n/10.95 =[]\OMS/cmsy/m/n/10.95 )
[38]

LaTeX Warning: Command \textsection invalid in math mode on input line 1049.


Underfull \hbox (badness 2635) in paragraph at lines 1053--1056
\T1/cmr/m/n/10.95 Dann ist $\OML/cmm/m/it/10.95 A$ \T1/cmr/m/n/10.95 ei-ne nich
t lee-re, kon-ve-xe und kom-pak-te Teil-men-ge des Ba-nach-rau-
[39] [40]
\IeC {\textsection } 12.
[41]
Underfull \hbox (badness 10000) in paragraph at lines 1113--1115


Underfull \hbox (badness 10000) in paragraph at lines 1115--1116


Underfull \hbox (badness 10000) in paragraph at lines 1125--1126


Underfull \hbox (badness 10000) in paragraph at lines 1126--1127


Underfull \hbox (badness 10000) in paragraph at lines 1147--1165


Underfull \hbox (badness 10000) in paragraph at lines 1147--1165


Overfull \hbox (12.68924pt too wide) in paragraph at lines 1147--1165
\OML/cmm/m/it/10.95 g[]\OT1/cmr/m/n/10.95 (\OML/cmm/m/it/10.95 t\OT1/cmr/m/n/10
.95 ) := \OML/cmm/m/it/10.95 z[]\OT1/cmr/m/n/10.95 (\OML/cmm/m/it/10.95 t \OMS/
cmsy/m/n/10.95 ^^@ []\OT1/cmr/m/n/10.95 )$ $(\OML/cmm/m/it/10.95 t \OMS/cmsy/m/
n/10.95 2 \OML/cmm/m/it/10.95 I\OT1/cmr/m/n/10.95 )$\T1/cmr/m/n/10.95 . $\OMS/c
msy/m/n/10.95 8\OML/cmm/m/it/10.95 t \OMS/cmsy/m/n/10.95 2 \OML/cmm/m/it/10.95 
I \OT1/cmr/m/n/10.95 : \OMS/cmsy/m/n/10.95 j\OML/cmm/m/it/10.95 g[]\OT1/cmr/m/n
/10.95 (\OML/cmm/m/it/10.95 t\OT1/cmr/m/n/10.95 ) \OMS/cmsy/m/n/10.95 ^^@ \OML/
cmm/m/it/10.95 y\OT1/cmr/m/n/10.95 (\OML/cmm/m/it/10.95 t\OT1/cmr/m/n/10.95 )\O
MS/cmsy/m/n/10.95 j \OT1/cmr/m/n/10.95 = \OMS/cmsy/m/n/10.95 j\OML/cmm/m/it/10.
95 g[]\OT1/cmr/m/n/10.95 (\OML/cmm/m/it/10.95 t\OT1/cmr/m/n/10.95 ) \OMS/cmsy/m
/n/10.95 ^^@ \OML/cmm/m/it/10.95 z[]\OT1/cmr/m/n/10.95 (\OML/cmm/m/it/10.95 t\O
T1/cmr/m/n/10.95 ) + \OML/cmm/m/it/10.95 z[]\OT1/cmr/m/n/10.95 (\OML/cmm/m/it/1
0.95 t\OT1/cmr/m/n/10.95 ) \OMS/cmsy/m/n/10.95 ^^@ \OML/cmm/m/it/10.95 y\OT1/cm
r/m/n/10.95 (\OML/cmm/m/it/10.95 t\OT1/cmr/m/n/10.95 )\OMS/cmsy/m/n/10.95 j ^^T
 j [] j \OT1/cmr/m/n/10.95 +
[42]
Underfull \hbox (badness 10000) in paragraph at lines 1168--1171


Underfull \hbox (badness 10000) in paragraph at lines 1175--1176


Underfull \hbox (badness 10000) in paragraph at lines 1176--1178


Underfull \hbox (badness 10000) in paragraph at lines 1178--1180

[43] [44]
\IeC {\textsection } 13.

Underfull \hbox (badness 10000) in paragraph at lines 1213--1214


Underfull \hbox (badness 10000) in paragraph at lines 1214--1226


Underfull \hbox (badness 10000) in paragraph at lines 1214--1226


Underfull \hbox (badness 10000) in paragraph at lines 1228--1234

[45]
Underfull \hbox (badness 10000) in paragraph at lines 1241--1251


Underfull \hbox (badness 10000) in paragraph at lines 1241--1251

[46] [47] [48]
\IeC {\textsection } 14.
[49]
Overfull \hbox (0.48665pt too wide) in paragraph at lines 1403--1405
[]\T1/cmr/m/n/10.95 Sei $\OML/cmm/m/it/10.95 y \OT1/cmr/m/n/10.95 = (\OML/cmm/m
/it/10.95 y[]; [] ; y[]\OT1/cmr/m/n/10.95 ) : [\OML/cmm/m/it/10.95 a; b\OT1/cmr
/m/n/10.95 ] \OMS/cmsy/m/n/10.95 ! \U/msb/m/n/10.95 R[]$\T1/cmr/m/n/10.95 . Es 
gel-te: $\OML/cmm/m/it/10.95 y[] \OMS/cmsy/m/n/10.95 2 \OML/cmm/m/it/10.95 R\OT
1/cmr/m/n/10.95 [\OML/cmm/m/it/10.95 a; b\OT1/cmr/m/n/10.95 ] (\OML/cmm/m/it/10
.95 j \OT1/cmr/m/n/10.95 =
[50]
Underfull \hbox (badness 10000) in paragraph at lines 1424--1425


Underfull \hbox (badness 10000) in paragraph at lines 1428--1450


Underfull \hbox (badness 10000) in paragraph at lines 1428--1450

[51]
Underfull \hbox (badness 10000) in paragraph at lines 1471--1473


Underfull \hbox (badness 10000) in paragraph at lines 1471--1473


Underfull \hbox (badness 10000) in paragraph at lines 1485--1488

[52]
Underfull \hbox (badness 10000) in paragraph at lines 1499--1500

[53]
Overfull \hbox (7.5341pt too wide) in paragraph at lines 1551--1628
\OML/cmm/m/it/10.95 e[] \OT1/cmr/m/n/10.95 = \OML/cmm/m/it/10.95 e[]$ $\OT1/cmr
/m/n/10.95 = \OML/cmm/m/it/10.95 e[]e[]$ $\OT1/cmr/m/n/10.95 = \OML/cmm/m/it/10
.95 e[]e[]$ $\OT1/cmr/m/n/10.95 = \OML/cmm/m/it/10.95 e[] [][] []\OT1/cmr/m/n/1
0.95 (\OML/cmm/m/it/10.95 A \OMS/cmsy/m/n/10.95 ^^@ \OML/cmm/m/it/10.95 ^^UE\OT
1/cmr/m/n/10.95 )[]$ $= \OML/cmm/m/it/10.95 e[] [][] []\OT1/cmr/m/n/10.95 (\OML
/cmm/m/it/10.95 A \OMS/cmsy/m/n/10.95 ^^@

Underfull \hbox (badness 10000) in paragraph at lines 1551--1628

[54]
\IeC {\textsection } 15.
[55] [56]
\IeC {\textsection } 16.

Overfull \hbox (8.79813pt too wide) in paragraph at lines 1717--1720
\T1/cmr/m/n/10.95 heiÿt ein []\T1/cmr/bx/n/10.95 li-nea-res Sys-tem\T1/cmr/m/n/
10.95 . Mit $\OML/cmm/m/it/10.95 A\OT1/cmr/m/n/10.95 (\OML/cmm/m/it/10.95 x\OT1
/cmr/m/n/10.95 ) [] (\OML/cmm/m/it/10.95 a[]\OT1/cmr/m/n/10.95 (\OML/cmm/m/it/1
0.95 x\OT1/cmr/m/n/10.95 ))\OML/cmm/m/it/10.95 ;  b\OT1/cmr/m/n/10.95 (\OML/cmm
/m/it/10.95 x\OT1/cmr/m/n/10.95 ) [] (\OML/cmm/m/it/10.95 b[]\OT1/cmr/m/n/10.95
 (\OML/cmm/m/it/10.95 x\OT1/cmr/m/n/10.95 )\OML/cmm/m/it/10.95 ; [] ; b[]\OT1/c
mr/m/n/10.95 (\OML/cmm/m/it/10.95 x\OT1/cmr/m/n/10.95 ))$ \T1/cmr/m/n/10.95 und
 $\OML/cmm/m/it/10.95 y [] \OT1/cmr/m/n/10.95 (\OML/cmm/m/it/10.95 y[]; [] ; y[
]\OT1/cmr/m/n/10.95 )$
[57] [58]
Underfull \hbox (badness 10000) in paragraph at lines 1852--1853

[59]
Underfull \hbox (badness 10000) in paragraph at lines 1863--1864


Overfull \hbox (3.21986pt too wide) in paragraph at lines 1879--1880
[]$\OML/cmm/m/it/10.95 y[]\OT1/cmr/m/n/10.95 (\OML/cmm/m/it/10.95 x\OT1/cmr/m/n
/10.95 ) = ([] \OML/cmm/m/it/10.95 x; \OMS/cmsy/m/n/10.95 ^^@ [] \OML/cmm/m/it/
10.95 x\OT1/cmr/m/n/10.95 )\OML/cmm/m/it/10.95 ;  y[]\OT1/cmr/m/n/10.95 (\OML/c
mm/m/it/10.95 x\OT1/cmr/m/n/10.95 ) = ([] \OML/cmm/m/it/10.95 x; [] x\OT1/cmr/m
/n/10.95 )$\T1/cmr/m/n/10.95 . Die all-ge-mei-ne Lö-sung von $\OML/cmm/m/it/10.
95 y[] \OT1/cmr/m/n/10.95 = [] \OML/cmm/m/it/10.95 y \OT1/cmr/m/n/10.95 :$ 
[60]
Overfull \hbox (1.15144pt too wide) in paragraph at lines 1927--1929
\OML/cmm/m/it/10.95 Yc[]C [] \OT1/cmr/m/n/10.95 (\OML/cmm/m/it/10.95 c[]; [] ; 
c[]\OT1/cmr/m/n/10.95 ) \OMS/cmsy/m/n/10.95 2 \U/msb/m/n/10.95 M[] \OMS/cmsy/m/
n/10.95 ) \OML/cmm/m/it/10.95 C \OT1/cmr/m/n/10.95 = []$ \T1/cmr/m/n/10.95 und 
$\OML/cmm/m/it/10.95 Z \OT1/cmr/m/n/10.95 = \OML/cmm/m/it/10.95 YC$\T1/cmr/m/n/
10.95 , $\OT1/cmr/m/n/10.95 0 \OMS/cmsy/m/n/10.95 6\OT1/cmr/m/n/10.95 = [] \OML
/cmm/m/it/10.95 Z\OT1/cmr/m/n/10.95 (\OML/cmm/m/it/10.95 x\OT1/cmr/m/n/10.95 ) 
= [] \OML/cmm/m/it/10.95 Y\OT1/cmr/m/n/10.95 (\OML/cmm/m/it/10.95 x\OT1/cmr/m/n
/10.95 ) [] \OML/cmm/m/it/10.95 C \OMS/cmsy/m/n/10.95 )

LaTeX Warning: Command \textsection invalid in math mode on input line 1937.


Overfull \hbox (47.84717pt too wide) in paragraph at lines 1935--1939
\OML/cmm/m/it/10.95 '\OT1/cmr/m/n/10.95 (\OML/cmm/m/it/10.95 x\OT1/cmr/m/n/10.9
5 ) [] [][] [](\OML/cmm/m/it/10.95 z[]\OT1/cmr/m/n/10.95 (\OML/cmm/m/it/10.95 x
\OT1/cmr/m/n/10.95 )\OML/cmm/m/it/10.95 ; [] ; z[]\OT1/cmr/m/n/10.95 (\OML/cmm/
m/it/10.95 x\OT1/cmr/m/n/10.95 )\OML/cmm/m/it/10.95 ; \OT1/cmr/m/n/10.95 (\OML/
cmm/m/it/10.95 z[]\OT1/cmr/m/n/10.95 (\OML/cmm/m/it/10.95 x\OT1/cmr/m/n/10.95 )
)[]\OML/cmm/m/it/10.95 ; z[]\OT1/cmr/m/n/10.95 (\OML/cmm/m/it/10.95 x\OT1/cmr/m
/n/10.95 )\OML/cmm/m/it/10.95 ; [] ; z[]\OT1/cmr/m/n/10.95 (\OML/cmm/m/it/10.95
 x\OT1/cmr/m/n/10.95 ))$ $(\OML/cmm/m/it/10.95 z[]\OT1/cmr/m/n/10.95 (\OML/cmm/
m/it/10.95 x\OT1/cmr/m/n/10.95 ))[] = \OML/cmm/m/it/10.95 A\OT1/cmr/m/n/10.95 (
\OML/cmm/m/it/10.95 x\OT1/cmr/m/n/10.95 )\OML/cmm/m/it/10.95 z[]\OT1/cmr/m/n/10
.95 (\OML/cmm/m/it/10.95 x\OT1/cmr/m/n/10.95 ) =

LaTeX Warning: Command \textsection invalid in math mode on input line 1952.

[61]
Overfull \hbox (36.38379pt too wide) in paragraph at lines 1972--1984
\T1/cmr/m/n/10.95 Bekannt: FS von $\OML/cmm/m/it/10.95 y[] \OT1/cmr/m/n/10.95 =
 \OML/cmm/m/it/10.95 Ay \OT1/cmr/m/n/10.95 : \OML/cmm/m/it/10.95 y[]\OT1/cmr/m/
n/10.95 (\OML/cmm/m/it/10.95 x\OT1/cmr/m/n/10.95 ) = ([] \OML/cmm/m/it/10.95 x;
 [] x\OT1/cmr/m/n/10.95 )\OML/cmm/m/it/10.95 ; y[]\OT1/cmr/m/n/10.95 (\OML/cmm/
m/it/10.95 x\OT1/cmr/m/n/10.95 ) = ([] \OML/cmm/m/it/10.95 x; \OMS/cmsy/m/n/10.
95 ^^@ [] \OML/cmm/m/it/10.95 x\OT1/cmr/m/n/10.95 )\OML/cmm/m/it/10.95 :W\OT1/c
mr/m/n/10.95 (\OML/cmm/m/it/10.95 x\OT1/cmr/m/n/10.95 ) = [] =

Overfull \hbox (25.00764pt too wide) in paragraph at lines 1972--1984
\T1/cmr/m/n/10.95 Allgemeine Lö-sung der in-ho-mo-ge-nen Glei-chung: $\OML/cmm/
m/it/10.95 y\OT1/cmr/m/n/10.95 (\OML/cmm/m/it/10.95 x\OT1/cmr/m/n/10.95 ) = \OM
L/cmm/m/it/10.95 c[] [] \OT1/cmr/m/n/10.95 + \OML/cmm/m/it/10.95 c[] [] \OT1/cm
r/m/n/10.95 + \OML/cmm/m/it/10.95 x [] ; c[]; c[] \OMS/cmsy/m/n/10.95 2
[62] [63] [64]
\IeC {\textsection } 17.
[65]
Underfull \hbox (badness 10000) in paragraph at lines 2056--2059

[66]
Underfull \hbox (badness 10000) in paragraph at lines 2079--2083

[67] [68]
Underfull \vbox (badness 10000) has occurred while \output is active [69]
[70] [71] [72]
\IeC {\textsection } 18.
[73] [74]
\IeC {\textsection } 19.

Package hyperref Warning: Token not allowed in a PDF string (PDFDocEncoding):
(hyperref)                removing `math shift' on input line 2411.


Package hyperref Warning: Token not allowed in a PDF string (PDFDocEncoding):
(hyperref)                removing `math shift' on input line 2411.

[75] [76]
Underfull \hbox (badness 10000) in paragraph at lines 2527--2536


Underfull \hbox (badness 10000) in paragraph at lines 2527--2536

[77] [78]
\IeC {\textsection } 20.

Package hyperref Warning: Token not allowed in a PDF string (PDFDocEncoding):
(hyperref)                removing `math shift' on input line 2538.


Package hyperref Warning: Token not allowed in a PDF string (PDFDocEncoding):
(hyperref)                removing `math shift' on input line 2538.


Underfull \hbox (badness 10000) in paragraph at lines 2564--2565

[79]
Underfull \hbox (badness 10000) in paragraph at lines 2578--2580


Underfull \hbox (badness 10000) in paragraph at lines 2578--2580

[80] [81] [82]
\IeC {\textsection } 21.
[83] [84]
\IeC {\textsection } 22.

Underfull \hbox (badness 10000) in paragraph at lines 2767--2768


Underfull \hbox (badness 10000) in paragraph at lines 2768--2769


Underfull \hbox (badness 10000) in paragraph at lines 2769--2770

[85] [86]
\IeC {\textsection } 22.
[87] [88] [89] [90]
\IeC {\textsection } 23.
[91] [92] [93] [94]
\IeC {\textsection } 24.
[95] [96] [97] [98]
\IeC {\textsection } 25.

Underfull \hbox (badness 1082) in paragraph at lines 3180--3181
[]$\OT1/cmr/m/n/10.95 (\OML/cmm/m/it/10.95 y[]\OT1/cmr/m/n/10.95 )$ \T1/cmr/m/n
/10.95 ent-hält ei-ne auf $\OML/cmm/m/it/10.95 I$ \T1/cmr/m/n/10.95 gleich-mä-ÿ
ig kon-ver-gen-te Teil-fol-ge $\OT1/cmr/m/n/10.95 (\OML/cmm/m/it/10.95 y[]\OT1/
cmr/m/n/10.95 )$ \T1/cmr/m/n/10.95 und $\OML/cmm/m/it/10.95 y\OT1/cmr/m/n/10.95
 (\OML/cmm/m/it/10.95 x\OT1/cmr/m/n/10.95 ) :=
[99]
Overfull \hbox (24.40231pt too wide) in paragraph at lines 3210--3211
[]\T1/cmr/m/n/10.95 (1) $ \OT1/cmr/m/n/10.95 =[]\OMS/cmsy/m/n/10.95 )  \OT1/cmr
/m/n/10.95 (\OML/cmm/m/it/10.95 y[]\OT1/cmr/m/n/10.95 )$ \T1/cmr/m/n/10.95 en-h
ält ei-ne auf $\OML/cmm/m/it/10.95 I$ \T1/cmr/m/n/10.95 gleich-mä-ÿig kon-ver-g
en-te Teil-fol-ge $\OML/cmm/m/it/10.95 y[]$\T1/cmr/m/n/10.95 ; $\OML/cmm/m/it/1
0.95 z\OT1/cmr/m/n/10.95 (\OML/cmm/m/it/10.95 x\OT1/cmr/m/n/10.95 ) := [][] \OM
L/cmm/m/it/10.95 y[] \OT1/cmr/m/n/10.95 (\OML/cmm/m/it/10.95 x \OMS/cmsy/m/n/10
.95 2
[100] [101] [102]
\IeC {\textsection } 26.
[103]
Underfull \hbox (badness 10000) in paragraph at lines 3290--3292


Underfull \hbox (badness 10000) in paragraph at lines 3293--3303


Underfull \hbox (badness 10000) in paragraph at lines 3304--3311

[104] [105] [106]
\IeC {\textsection } 27.

Underfull \hbox (badness 10000) in paragraph at lines 3338--3340


Underfull \hbox (badness 10000) in paragraph at lines 3347--3350


Underfull \hbox (badness 10000) in paragraph at lines 3357--3360


Underfull \hbox (badness 10000) in paragraph at lines 3367--3371

[107]
Underfull \hbox (badness 10000) in paragraph at lines 3390--3392


Underfull \hbox (badness 10000) in paragraph at lines 3404--3409


Underfull \hbox (badness 10000) in paragraph at lines 3421--3422

[108]
Underfull \hbox (badness 10000) in paragraph at lines 3440--3444


Overfull \hbox (32.69319pt too wide) in paragraph at lines 3467--3483
\OT1/cmr/m/n/10.95 =[]\OMS/cmsy/m/n/10.95 )  j\OT1/cmr/m/n/10.95 (\OML/cmm/m/it
/10.95 T[]\OT1/cmr/m/n/10.95 )(\OML/cmm/m/it/10.95 x\OT1/cmr/m/n/10.95 ) \OMS/c
msy/m/n/10.95 ^^@ \OT1/cmr/m/n/10.95 (\OML/cmm/m/it/10.95 T[]\OT1/cmr/m/n/10.95
 )(\OML/cmm/m/it/10.95 x\OT1/cmr/m/n/10.95 )\OMS/cmsy/m/n/10.95 j ^^T \OML/cmm/
m/it/10.95 L\OMS/cmsy/m/n/10.95 jj\OML/cmm/m/it/10.95 u \OMS/cmsy/m/n/10.95 ^^@
 \OML/cmm/m/it/10.95 v\OMS/cmsy/m/n/10.95 jj[]\OT1/cmr/m/n/10.95 (\OML/cmm/m/it
/10.95 ^^^\OT1/cmr/m/n/10.95 (\OML/cmm/m/it/10.95 x\OT1/cmr/m/n/10.95 ) \OMS/cm
sy/m/n/10.95 ^^@ [] []\OT1/cmr/m/n/10.95 ) = []\OMS/cmsy/m/n/10.95 jj\OML/cmm/m
/it/10.95 u \OMS/cmsy/m/n/10.95 ^^@ \OML/cmm/m/it/10.95 v\OMS/cmsy/m/n/10.95 jj
\OT1/cmr/m/n/10.95 (\OML/cmm/m/it/10.95 ^^^\OT1/cmr/m/n/10.95 (\OML/cmm/m/it/10
.95 x\OT1/cmr/m/n/10.95 ) \OMS/cmsy/m/n/10.95 ^^@ [] []\OT1/cmr/m/n/10.95 )$ $ 
=[]\OMS/cmsy/m/n/10.95 )  [] ^^T
[109] [110] [111] [112]
Anhang A.
** Generating table of satz,wichtigedefinition
No file Ana3.thm.
No file Ana3.ind.
[113] [114]
Anhang B.

Underfull \hbox (badness 10000) in paragraph at lines 3552--3580

[115] (./Ana3.aux)

LaTeX Font Warning: Some font shapes were not available, defaults substituted.

 )
(see the transcript file for additional information){/usr/share/texmf/fonts/enc
/dvips/cm-super/cm-super-t1.enc}</usr/share/texmf-texlive/fonts/type1/public/am
sfonts/cm/cmbx10.pfb></usr/share/texmf-texlive/fonts/type1/public/amsfonts/cm/c
mbx8.pfb></usr/share/texmf-texlive/fonts/type1/public/amsfonts/cm/cmex10.pfb></
usr/share/texmf-texlive/fonts/type1/public/amsfonts/cmextra/cmex8.pfb></usr/sha
re/texmf-texlive/fonts/type1/public/amsfonts/cm/cmmi10.pfb></usr/share/texmf-te
xlive/fonts/type1/public/amsfonts/cm/cmmi12.pfb></usr/share/texmf-texlive/fonts
/type1/public/amsfonts/cm/cmmi6.pfb></usr/share/texmf-texlive/fonts/type1/publi
c/amsfonts/cm/cmmi8.pfb></usr/share/texmf-texlive/fonts/type1/public/amsfonts/c
m/cmmib10.pfb></usr/share/texmf-texlive/fonts/type1/public/amsfonts/cmextra/cmm
ib8.pfb></usr/share/texmf-texlive/fonts/type1/public/amsfonts/cm/cmr10.pfb></us
r/share/texmf-texlive/fonts/type1/public/amsfonts/cm/cmr12.pfb></usr/share/texm
f-texlive/fonts/type1/public/amsfonts/cm/cmr6.pfb></usr/share/texmf-texlive/fon
ts/type1/public/amsfonts/cm/cmr8.pfb></usr/share/texmf-texlive/fonts/type1/publ
ic/amsfonts/cm/cmsy10.pfb></usr/share/texmf-texlive/fonts/type1/public/amsfonts
/cm/cmsy6.pfb></usr/share/texmf-texlive/fonts/type1/public/amsfonts/cm/cmsy8.pf
b></usr/share/texmf-texlive/fonts/type1/public/amsfonts/euler/eufm10.pfb></usr/
share/texmf-texlive/fonts/type1/public/amsfonts/symbols/msam10.pfb></usr/share/
texmf-texlive/fonts/type1/public/amsfonts/symbols/msbm10.pfb></usr/share/texmf/
fonts/type1/public/cm-super/sfbx1095.pfb></usr/share/texmf/fonts/type1/public/c
m-super/sfrm0800.pfb></usr/share/texmf/fonts/type1/public/cm-super/sfrm1095.pfb
></usr/share/texmf/fonts/type1/public/cm-super/sfrm1440.pfb></usr/share/texmf/f
onts/type1/public/cm-super/sfsl1095.pfb></usr/share/texmf/fonts/type1/public/cm
-super/sfsx1095.pfb></usr/share/texmf/fonts/type1/public/cm-super/sfsx1440.pfb>
</usr/share/texmf/fonts/type1/public/cm-super/sfsx2074.pfb></usr/share/texmf/fo
nts/type1/public/cm-super/sfti1095.pfb></usr/share/texmf/fonts/type1/public/cm-
super/sftt1095.pfb></usr/share/texmf/fonts/type1/public/cm-super/sftt1440.pfb><
/usr/share/texmf-texlive/fonts/type1/hoekwater/stmaryrd/stmary10.pfb>
Output written on Ana3.pdf (115 pages, 884046 bytes).
Transcript written on Ana3.log.
Result: ExitSuccess

Running /usr/bin/makeindex Ana3.idx in an env with 4 entries:
This is makeindex, version 2.15 [TeX Live 2009] (kpathsea + Thai support).
Scanning input file Ana3.idx....done (92 entries accepted, 0 rejected).
Sorting entries....done (667 comparisons).
Generating output file Ana3.ind....done (161 lines written, 0 warnings).
Output written in Ana3.ind.
Transcript written in Ana3.ilg.
Result: ExitSuccess

Running /usr/bin/pdflatex Ana3.tex in an env with 4 entries:
This is pdfTeX, Version 3.1415926-1.40.10 (TeX Live 2009/Debian)
entering extended mode
(data/Ana3.tex
LaTeX2e <2009/09/24>
Babel <v3.8l> and hyphenation patterns for english, usenglishmax, dumylang, noh
yphenation, farsi, arabic, croatian, bulgarian, ukrainian, russian, czech, slov
ak, danish, dutch, finnish, french, basque, ngerman, german, german-x-2009-06-1
9, ngerman-x-2009-06-19, ibycus, monogreek, greek, ancientgreek, hungarian, san
skrit, italian, latin, latvian, lithuanian, mongolian2a, mongolian, bokmal, nyn
orsk, romanian, irish, coptic, serbian, turkish, welsh, esperanto, uppersorbian
, estonian, indonesian, interlingua, icelandic, kurmanji, slovenian, polish, po
rtuguese, spanish, galician, catalan, swedish, ukenglish, loaded.
(/usr/share/texmf-texlive/tex/latex/koma-script/scrbook.cls
Document Class: scrbook 2009/07/24 v3.04a KOMA-Script document class (book)
(/usr/share/texmf-texlive/tex/latex/koma-script/scrkbase.sty
(/usr/share/texmf-texlive/tex/latex/koma-script/scrbase.sty
(/usr/share/texmf-texlive/tex/latex/graphics/keyval.sty)
(/usr/share/texmf-texlive/tex/latex/koma-script/scrlfile.sty
Package scrlfile, 2009/03/25 v3.03 KOMA-Script package (loading files)
                  Copyright (C) Markus Kohm

))) (/usr/share/texmf-texlive/tex/latex/koma-script/tocbasic.sty)
(/usr/share/texmf-texlive/tex/latex/koma-script/scrsize11pt.clo)
(/usr/share/texmf-texlive/tex/latex/koma-script/typearea.sty
Package typearea, 2009/07/24 v3.04a KOMA-Script package (type area)
                  Copyright (C) Frank Neukam, 1992-1994
                  Copyright (C) Markus Kohm, 1994-

)) (data/ana.sty (data/mathe.sty (data/latexki.sty)
(/usr/share/texmf-texlive/tex/latex/base/inputenc.sty
(/usr/share/texmf-texlive/tex/latex/base/utf8.def
(/usr/share/texmf-texlive/tex/latex/base/t1enc.dfu)
(/usr/share/texmf-texlive/tex/latex/base/ot1enc.dfu)
(/usr/share/texmf-texlive/tex/latex/base/omsenc.dfu)))
(/usr/share/texmf-texlive/tex/generic/babel/babel.sty
(/usr/share/texmf-texlive/tex/generic/babel/ngermanb.ldf
(/usr/share/texmf-texlive/tex/generic/babel/babel.def)))
(/usr/share/texmf-texlive/tex/latex/base/fontenc.sty
(/usr/share/texmf-texlive/tex/latex/base/t1enc.def))
(/usr/share/texmf-texlive/tex/latex/amsfonts/amsfonts.sty)
(/usr/share/texmf-texlive/tex/latex/amsfonts/amssymb.sty)
(/usr/share/texmf-texlive/tex/latex/amsmath/amsmath.sty
For additional information on amsmath, use the `?' option.
(/usr/share/texmf-texlive/tex/latex/amsmath/amstext.sty
(/usr/share/texmf-texlive/tex/latex/amsmath/amsgen.sty))
(/usr/share/texmf-texlive/tex/latex/amsmath/amsbsy.sty)
(/usr/share/texmf-texlive/tex/latex/amsmath/amsopn.sty))
(/usr/share/texmf-texlive/tex/latex/stmaryrd/stmaryrd.sty)
(/usr/share/texmf-texlive/tex/latex/tools/verbatim.sty)
(/usr/share/texmf-texlive/tex/latex/base/ifthen.sty)
(/usr/share/texmf-texlive/tex/latex/ntheorem/ntheorem.sty
Style `ntheorem', Version 1.25 <2005/07/07>
) (/usr/share/texmf-texlive/tex/latex/ltxmisc/framed.sty)
(/usr/share/texmf-texlive/tex/latex/pstricks/pstricks.sty
(/usr/share/texmf-texlive/tex/generic/pstricks/pstricks.tex
`PSTricks' v1.29  <2009/05/19> (tvz)
(/usr/share/texmf-texlive/tex/generic/pstricks/pstricks.con))
(/usr/share/texmf/tex/latex/xcolor/xcolor.sty
(/etc/texmf/tex/latex/config/color.cfg)
(/usr/share/texmf-texlive/tex/latex/pdftex-def/pdftex.def)))
(/usr/share/texmf-texlive/tex/latex/carlisle/slashed.sty)
(/usr/share/texmf-texlive/tex/latex/base/makeidx.sty)
(/usr/share/texmf-texlive/tex/latex/wasysym/wasysym.sty)
(/usr/share/texmf-texlive/tex/latex/jknapltx/mathrsfs.sty)
(/usr/share/texmf-texlive/tex/latex/mh/mathtools.sty
(/usr/share/texmf-texlive/tex/latex/tools/calc.sty)
(/usr/share/texmf-texlive/tex/latex/mh/mhsetup.sty))
(/usr/share/texmf-texlive/tex/latex/doublestroke/dsfont.sty)
(/usr/share/texmf-texlive/tex/latex/hyperref/hyperref.sty
(/usr/share/texmf-texlive/tex/generic/oberdiek/ifpdf.sty)
(/usr/share/texmf-texlive/tex/generic/oberdiek/ifvtex.sty)
(/usr/share/texmf-texlive/tex/generic/ifxetex/ifxetex.sty)
(/usr/share/texmf-texlive/tex/latex/oberdiek/hycolor.sty
(/usr/share/texmf-texlive/tex/latex/oberdiek/xcolor-patch.sty))
(/usr/share/texmf-texlive/tex/latex/hyperref/pd1enc.def)
(/usr/share/texmf-texlive/tex/generic/oberdiek/etexcmds.sty
(/usr/share/texmf-texlive/tex/generic/oberdiek/infwarerr.sty))
(/usr/share/texmf-texlive/tex/latex/latexconfig/hyperref.cfg)
(/usr/share/texmf-texlive/tex/latex/oberdiek/kvoptions.sty
(/usr/share/texmf-texlive/tex/generic/oberdiek/kvsetkeys.sty))
Implicit mode ON; LaTeX internals redefined
(/usr/share/texmf-texlive/tex/latex/ltxmisc/url.sty)
(/usr/share/texmf-texlive/tex/generic/oberdiek/bitset.sty
(/usr/share/texmf-texlive/tex/generic/oberdiek/intcalc.sty)
(/usr/share/texmf-texlive/tex/generic/oberdiek/bigintcalc.sty
(/usr/share/texmf-texlive/tex/generic/oberdiek/pdftexcmds.sty
(/usr/share/texmf-texlive/tex/generic/oberdiek/ifluatex.sty)
(/usr/share/texmf-texlive/tex/generic/oberdiek/ltxcmds.sty))))
(/usr/share/texmf-texlive/tex/generic/oberdiek/atbegshi.sty))
*hyperref using default driver hpdftex*
(/usr/share/texmf-texlive/tex/latex/hyperref/hpdftex.def)
(/usr/share/texmf-texlive/tex/latex/etex-pkg/etex.sty)))
(data/saetze-schmoeger.sty)
Writing index file Ana3.idx
(./Ana3.aux) (/usr/share/texmf-texlive/tex/context/base/supp-pdf.mkii
[Loading MPS to PDF converter (version 2006.09.02).]
) (/usr/share/texmf-texlive/tex/latex/hyperref/nameref.sty
(/usr/share/texmf-texlive/tex/latex/oberdiek/refcount.sty)) (./Ana3.out)
(./Ana3.out) (/usr/share/texmf-texlive/tex/latex/base/t1cmss.fd)
(/usr/share/texmf-texlive/tex/latex/amsfonts/umsa.fd)
(/usr/share/texmf-texlive/tex/latex/amsfonts/umsb.fd)
(/usr/share/texmf-texlive/tex/latex/stmaryrd/Ustmry.fd)
(/usr/share/texmf-texlive/tex/latex/wasysym/uwasy.fd)
(/usr/share/texmf-texlive/tex/latex/jknapltx/ursfs.fd)
(/usr/share/texmf-texlive/tex/latex/base/t1cmtt.fd) [1
Non-PDF special ignored!
Non-PDF special ignored!
Non-PDF special ignored!{/var/lib/texmf/fonts/map/pdftex/updmap/pdftex.map}]
[2]

Package hyperref Warning: No destination for bookmark of \addcontentsline,
(hyperref)                destination is added on input line 18.

(./Ana3.toc [3]) [4]
Kapitel I.
[5] [6]
Kapitel II.
[7] [8]
\IeC {\textsection } 1.
[9] [10]
\IeC {\textsection } 2.

Package hyperref Warning: Token not allowed in a PDF string (PDFDocEncoding):
(hyperref)                removing `math shift' on input line 151.


Package hyperref Warning: Token not allowed in a PDF string (PDFDocEncoding):
(hyperref)                removing `math shift' on input line 151.


Package hyperref Warning: Token not allowed in a PDF string (PDFDocEncoding):
(hyperref)                removing `math shift' on input line 151.


Package hyperref Warning: Token not allowed in a PDF string (PDFDocEncoding):
(hyperref)                removing `superscript' on input line 151.


Package hyperref Warning: Token not allowed in a PDF string (PDFDocEncoding):
(hyperref)                removing `math shift' on input line 151.


LaTeX Font Warning: Font shape `U/stmry/b/n' undefined
(Font)              using `U/stmry/m/n' instead on input line 186.


LaTeX Font Warning: Font shape `U/wasy/b/n' in size <8> not available
(Font)              Font shape `U/wasy/m/n' tried instead on input line 186.


LaTeX Font Warning: Font shape `U/wasy/b/n' in size <6> not available
(Font)              Font shape `U/wasy/m/n' tried instead on input line 186.

[11] [12]
\IeC {\textsection } 3.

Package hyperref Warning: Token not allowed in a PDF string (PDFDocEncoding):
(hyperref)                removing `math shift' on input line 212.


Package hyperref Warning: Token not allowed in a PDF string (PDFDocEncoding):
(hyperref)                removing `math shift' on input line 212.


Package hyperref Warning: Token not allowed in a PDF string (PDFDocEncoding):
(hyperref)                removing `math shift' on input line 212.


Package hyperref Warning: Token not allowed in a PDF string (PDFDocEncoding):
(hyperref)                removing `superscript' on input line 212.


Package hyperref Warning: Token not allowed in a PDF string (PDFDocEncoding):
(hyperref)                removing `math shift' on input line 212.

[13] [14]
\IeC {\textsection } 4.

Overfull \hbox (36.34283pt too wide) in paragraph at lines 274--277
[]\T1/cmr/m/n/10.95 Sei $\OT1/cmr/m/n/10.95 ^^H = (^^H[]\OML/cmm/m/it/10.95 ; \
OT1/cmr/m/n/10.95 ^^H[]\OML/cmm/m/it/10.95 ; \OT1/cmr/m/n/10.95 ^^H[])$ \T1/cmr
/m/n/10.95 ei-ne Flä-che mit Pa-ra-me-ter-be-reich $\OML/cmm/m/it/10.95 B \OMS/
cmsy/m/n/10.95 ^^R \U/msb/m/n/10.95 R[]\OML/cmm/m/it/10.95 ; D \OMS/cmsy/m/n/10
.95 ^^R \U/msb/m/n/10.95 R[]$ \T1/cmr/m/n/10.95 of-fen, $\OML/cmm/m/it/10.95 B 
 \OMS/cmsy/m/n/10.95 ^^R  \OML/cmm/m/it/10.95 D; \OT1/cmr/m/n/10.95 ^^H  \OMS/c
msy/m/n/10.95 2  \OML/cmm/m/it/10.95 C[] \OT1/cmr/m/n/10.95 (\OML/cmm/m/it/10.9
5 D;  \U/msb/m/n/10.95 R[]\OT1/cmr/m/n/10.95 )$

Underfull \hbox (badness 10000) in paragraph at lines 292--295


Overfull \hbox (54.68059pt too wide) in paragraph at lines 295--301
[][]\OT1/cmr/m/n/10.95 (\OML/cmm/m/it/10.95 u; v; u[] \OT1/cmr/m/n/10.95 + \OML
/cmm/m/it/10.95 v[]\OT1/cmr/m/n/10.95 ) \OMS/cmsy/m/n/10.95 ^^A \OT1/cmr/m/n/10
.95 (\OMS/cmsy/m/n/10.95 ^^@\OT1/cmr/m/n/10.95 2\OML/cmm/m/it/10.95 u; \OMS/cms
y/m/n/10.95 ^^@\OT1/cmr/m/n/10.95 2\OML/cmm/m/it/10.95 v; \OT1/cmr/m/n/10.95 1)
d(\OML/cmm/m/it/10.95 u; v\OT1/cmr/m/n/10.95 ) = \OMS/cmsy/m/n/10.95 ^^@ [][]\O
T1/cmr/m/n/10.95 (\OML/cmm/m/it/10.95 u[] \OT1/cmr/m/n/10.95 + \OML/cmm/m/it/10
.95 v[]\OT1/cmr/m/n/10.95 )\OML/cmm/m/it/10.95 d\OT1/cmr/m/n/10.95 (\OML/cmm/m/
it/10.95 u; v\OT1/cmr/m/n/10.95 ) [] \OMS/cmsy/m/n/10.95 ^^@ [][]\OT1/cmr/m/n/1
0.95 ([][] \OML/cmm/m/it/10.95 r[]\OT1/cmr/m/n/10.95 d\OML/cmm/m/it/10.95 r\OT1
/cmr/m/n/10.95 )d\OML/cmm/m/it/10.95 '  \OT1/cmr/m/n/10.95 =  \OMS/cmsy/m/n/10.
95 ^^@ []$ 
[15] [16]
\IeC {\textsection } 5.

Overfull \hbox (36.34283pt too wide) in paragraph at lines 362--365
[]\T1/cmr/m/n/10.95 Sei $\OT1/cmr/m/n/10.95 ^^H = (^^H[]\OML/cmm/m/it/10.95 ; \
OT1/cmr/m/n/10.95 ^^H[]\OML/cmm/m/it/10.95 ; \OT1/cmr/m/n/10.95 ^^H[])$ \T1/cmr
/m/n/10.95 ei-ne Flä-che mit Pa-ra-me-ter-be-reich $\OML/cmm/m/it/10.95 B \OMS/
cmsy/m/n/10.95 ^^R \U/msb/m/n/10.95 R[]\OML/cmm/m/it/10.95 ; D \OMS/cmsy/m/n/10
.95 ^^R \U/msb/m/n/10.95 R[]$ \T1/cmr/m/n/10.95 of-fen, $\OML/cmm/m/it/10.95 B 
 \OMS/cmsy/m/n/10.95 ^^R  \OML/cmm/m/it/10.95 D; \OT1/cmr/m/n/10.95 ^^H  \OMS/c
msy/m/n/10.95 2  \OML/cmm/m/it/10.95 C[] \OT1/cmr/m/n/10.95 (\OML/cmm/m/it/10.9
5 D;  \U/msb/m/n/10.95 R[]\OT1/cmr/m/n/10.95 )$

Underfull \hbox (badness 10000) in paragraph at lines 380--383


Overfull \hbox (54.68059pt too wide) in paragraph at lines 383--389
[][]\OT1/cmr/m/n/10.95 (\OML/cmm/m/it/10.95 u; v; u[] \OT1/cmr/m/n/10.95 + \OML
/cmm/m/it/10.95 v[]\OT1/cmr/m/n/10.95 ) \OMS/cmsy/m/n/10.95 ^^A \OT1/cmr/m/n/10
.95 (\OMS/cmsy/m/n/10.95 ^^@\OT1/cmr/m/n/10.95 2\OML/cmm/m/it/10.95 u; \OMS/cms
y/m/n/10.95 ^^@\OT1/cmr/m/n/10.95 2\OML/cmm/m/it/10.95 v; \OT1/cmr/m/n/10.95 1)
d(\OML/cmm/m/it/10.95 u; v\OT1/cmr/m/n/10.95 ) = \OMS/cmsy/m/n/10.95 ^^@ [][]\O
T1/cmr/m/n/10.95 (\OML/cmm/m/it/10.95 u[] \OT1/cmr/m/n/10.95 + \OML/cmm/m/it/10
.95 v[]\OT1/cmr/m/n/10.95 )\OML/cmm/m/it/10.95 d\OT1/cmr/m/n/10.95 (\OML/cmm/m/
it/10.95 u; v\OT1/cmr/m/n/10.95 ) [] \OMS/cmsy/m/n/10.95 ^^@ [][]\OT1/cmr/m/n/1
0.95 ([][] \OML/cmm/m/it/10.95 r[]\OT1/cmr/m/n/10.95 d\OML/cmm/m/it/10.95 r\OT1
/cmr/m/n/10.95 )d\OML/cmm/m/it/10.95 '  \OT1/cmr/m/n/10.95 =  \OMS/cmsy/m/n/10.
95 ^^@ []$ 
[17] [18]
\IeC {\textsection } 6.
(/usr/share/texmf-texlive/tex/latex/base/omscmr.fd) [19] [20] [21] [22]
\IeC {\textsection } 7.
[23] [24] [25] [26]
\IeC {\textsection } 8.
(/usr/share/texmf-texlive/tex/latex/amsfonts/ueuf.fd)
Overfull \hbox (13.08804pt too wide) in paragraph at lines 700--705
\OML/cmm/m/it/10.95 G[]\OT1/cmr/m/n/10.95 (\OML/cmm/m/it/10.95 F\OT1/cmr/m/n/10
.95 (\OML/cmm/m/it/10.95 x[]\OT1/cmr/m/n/10.95 )) = \OML/cmm/m/it/10.95 G[]\OT1
/cmr/m/n/10.95 (0) = \OML/cmm/m/it/10.95 y[]$\T1/cmr/m/n/10.95 ; $\OMS/cmsy/m/n
/10.95 8\OML/cmm/m/it/10.95 x \OMS/cmsy/m/n/10.95 2 \OML/cmm/m/it/10.95 I[] \OT
1/cmr/m/n/10.95 : \OML/cmm/m/it/10.95 G\OT1/cmr/m/n/10.95 (\OML/cmm/m/it/10.95 
y\OT1/cmr/m/n/10.95 (\OML/cmm/m/it/10.95 x\OT1/cmr/m/n/10.95 )) = \OML/cmm/m/it
/10.95 F\OT1/cmr/m/n/10.95 (\OML/cmm/m/it/10.95 x\OT1/cmr/m/n/10.95 )  =[]\OMS/
cmsy/m/n/10.95 )  \OT1/cmr/m/n/10.95 (2)$ \T1/cmr/m/n/10.95 und (Diff): $[] \OM
L/cmm/m/it/10.95 y[]\OT1/cmr/m/n/10.95 (\OML/cmm/m/it/10.95 x\OT1/cmr/m/n/10.95
 ) =
[27] [28] [29] [30]
\IeC {\textsection } 9.
[31] [32]
\IeC {\textsection } 10.
[33] [34]
\IeC {\textsection } 11.
[35] [36] [37]
Overfull \hbox (20.03497pt too wide) in paragraph at lines 1033--1034
[]$\OMS/cmsy/m/n/10.95 k\OML/cmm/m/it/10.95 T[] \OMS/cmsy/m/n/10.95 ^^@ \OML/cm
m/m/it/10.95 x[]\OMS/cmsy/m/n/10.95 k \OT1/cmr/m/n/10.95 = \OMS/cmsy/m/n/10.95 
k\OML/cmm/m/it/10.95 T[] \OMS/cmsy/m/n/10.95 ^^@ \OML/cmm/m/it/10.95 x[] \OT1/c
mr/m/n/10.95 + \OML/cmm/m/it/10.95 x[] \OMS/cmsy/m/n/10.95 ^^@ \OML/cmm/m/it/10
.95 x[]\OMS/cmsy/m/n/10.95 k ^^T k\OML/cmm/m/it/10.95 T[] \OMS/cmsy/m/n/10.95 ^
^@ [] k \OT1/cmr/m/n/10.95 + \OMS/cmsy/m/n/10.95 k\OML/cmm/m/it/10.95 x[] \OMS/
cmsy/m/n/10.95 ^^@ \OML/cmm/m/it/10.95 x[]\OMS/cmsy/m/n/10.95 k ^^T []  \OT1/cm
r/m/n/10.95 =[]\OMS/cmsy/m/n/10.95 )
[38]

LaTeX Warning: Command \textsection invalid in math mode on input line 1049.


Underfull \hbox (badness 2635) in paragraph at lines 1053--1056
\T1/cmr/m/n/10.95 Dann ist $\OML/cmm/m/it/10.95 A$ \T1/cmr/m/n/10.95 ei-ne nich
t lee-re, kon-ve-xe und kom-pak-te Teil-men-ge des Ba-nach-rau-
[39] [40]
\IeC {\textsection } 12.
[41]
Underfull \hbox (badness 10000) in paragraph at lines 1113--1115


Underfull \hbox (badness 10000) in paragraph at lines 1115--1116


Underfull \hbox (badness 10000) in paragraph at lines 1125--1126


Underfull \hbox (badness 10000) in paragraph at lines 1126--1127


Underfull \hbox (badness 10000) in paragraph at lines 1147--1165


Underfull \hbox (badness 10000) in paragraph at lines 1147--1165


Overfull \hbox (12.68924pt too wide) in paragraph at lines 1147--1165
\OML/cmm/m/it/10.95 g[]\OT1/cmr/m/n/10.95 (\OML/cmm/m/it/10.95 t\OT1/cmr/m/n/10
.95 ) := \OML/cmm/m/it/10.95 z[]\OT1/cmr/m/n/10.95 (\OML/cmm/m/it/10.95 t \OMS/
cmsy/m/n/10.95 ^^@ []\OT1/cmr/m/n/10.95 )$ $(\OML/cmm/m/it/10.95 t \OMS/cmsy/m/
n/10.95 2 \OML/cmm/m/it/10.95 I\OT1/cmr/m/n/10.95 )$\T1/cmr/m/n/10.95 . $\OMS/c
msy/m/n/10.95 8\OML/cmm/m/it/10.95 t \OMS/cmsy/m/n/10.95 2 \OML/cmm/m/it/10.95 
I \OT1/cmr/m/n/10.95 : \OMS/cmsy/m/n/10.95 j\OML/cmm/m/it/10.95 g[]\OT1/cmr/m/n
/10.95 (\OML/cmm/m/it/10.95 t\OT1/cmr/m/n/10.95 ) \OMS/cmsy/m/n/10.95 ^^@ \OML/
cmm/m/it/10.95 y\OT1/cmr/m/n/10.95 (\OML/cmm/m/it/10.95 t\OT1/cmr/m/n/10.95 )\O
MS/cmsy/m/n/10.95 j \OT1/cmr/m/n/10.95 = \OMS/cmsy/m/n/10.95 j\OML/cmm/m/it/10.
95 g[]\OT1/cmr/m/n/10.95 (\OML/cmm/m/it/10.95 t\OT1/cmr/m/n/10.95 ) \OMS/cmsy/m
/n/10.95 ^^@ \OML/cmm/m/it/10.95 z[]\OT1/cmr/m/n/10.95 (\OML/cmm/m/it/10.95 t\O
T1/cmr/m/n/10.95 ) + \OML/cmm/m/it/10.95 z[]\OT1/cmr/m/n/10.95 (\OML/cmm/m/it/1
0.95 t\OT1/cmr/m/n/10.95 ) \OMS/cmsy/m/n/10.95 ^^@ \OML/cmm/m/it/10.95 y\OT1/cm
r/m/n/10.95 (\OML/cmm/m/it/10.95 t\OT1/cmr/m/n/10.95 )\OMS/cmsy/m/n/10.95 j ^^T
 j [] j \OT1/cmr/m/n/10.95 +
[42]
Underfull \hbox (badness 10000) in paragraph at lines 1168--1171


Underfull \hbox (badness 10000) in paragraph at lines 1175--1176


Underfull \hbox (badness 10000) in paragraph at lines 1176--1178


Underfull \hbox (badness 10000) in paragraph at lines 1178--1180

[43] [44]
\IeC {\textsection } 13.

Underfull \hbox (badness 10000) in paragraph at lines 1213--1214


Underfull \hbox (badness 10000) in paragraph at lines 1214--1226


Underfull \hbox (badness 10000) in paragraph at lines 1214--1226


Underfull \hbox (badness 10000) in paragraph at lines 1228--1234

[45]
Underfull \hbox (badness 10000) in paragraph at lines 1241--1251


Underfull \hbox (badness 10000) in paragraph at lines 1241--1251

[46] [47] [48]
\IeC {\textsection } 14.
[49]
Overfull \hbox (0.48665pt too wide) in paragraph at lines 1403--1405
[]\T1/cmr/m/n/10.95 Sei $\OML/cmm/m/it/10.95 y \OT1/cmr/m/n/10.95 = (\OML/cmm/m
/it/10.95 y[]; [] ; y[]\OT1/cmr/m/n/10.95 ) : [\OML/cmm/m/it/10.95 a; b\OT1/cmr
/m/n/10.95 ] \OMS/cmsy/m/n/10.95 ! \U/msb/m/n/10.95 R[]$\T1/cmr/m/n/10.95 . Es 
gel-te: $\OML/cmm/m/it/10.95 y[] \OMS/cmsy/m/n/10.95 2 \OML/cmm/m/it/10.95 R\OT
1/cmr/m/n/10.95 [\OML/cmm/m/it/10.95 a; b\OT1/cmr/m/n/10.95 ] (\OML/cmm/m/it/10
.95 j \OT1/cmr/m/n/10.95 =
[50]
Underfull \hbox (badness 10000) in paragraph at lines 1424--1425


Underfull \hbox (badness 10000) in paragraph at lines 1428--1450


Underfull \hbox (badness 10000) in paragraph at lines 1428--1450

[51]
Underfull \hbox (badness 10000) in paragraph at lines 1471--1473


Underfull \hbox (badness 10000) in paragraph at lines 1471--1473


Underfull \hbox (badness 10000) in paragraph at lines 1485--1488

[52]
Underfull \hbox (badness 10000) in paragraph at lines 1499--1500

[53]
Overfull \hbox (7.5341pt too wide) in paragraph at lines 1551--1628
\OML/cmm/m/it/10.95 e[] \OT1/cmr/m/n/10.95 = \OML/cmm/m/it/10.95 e[]$ $\OT1/cmr
/m/n/10.95 = \OML/cmm/m/it/10.95 e[]e[]$ $\OT1/cmr/m/n/10.95 = \OML/cmm/m/it/10
.95 e[]e[]$ $\OT1/cmr/m/n/10.95 = \OML/cmm/m/it/10.95 e[] [][] []\OT1/cmr/m/n/1
0.95 (\OML/cmm/m/it/10.95 A \OMS/cmsy/m/n/10.95 ^^@ \OML/cmm/m/it/10.95 ^^UE\OT
1/cmr/m/n/10.95 )[]$ $= \OML/cmm/m/it/10.95 e[] [][] []\OT1/cmr/m/n/10.95 (\OML
/cmm/m/it/10.95 A \OMS/cmsy/m/n/10.95 ^^@

Underfull \hbox (badness 10000) in paragraph at lines 1551--1628

[54]
\IeC {\textsection } 15.
[55] [56]
\IeC {\textsection } 16.

Overfull \hbox (8.79813pt too wide) in paragraph at lines 1717--1720
\T1/cmr/m/n/10.95 heiÿt ein []\T1/cmr/bx/n/10.95 li-nea-res Sys-tem\T1/cmr/m/n/
10.95 . Mit $\OML/cmm/m/it/10.95 A\OT1/cmr/m/n/10.95 (\OML/cmm/m/it/10.95 x\OT1
/cmr/m/n/10.95 ) [] (\OML/cmm/m/it/10.95 a[]\OT1/cmr/m/n/10.95 (\OML/cmm/m/it/1
0.95 x\OT1/cmr/m/n/10.95 ))\OML/cmm/m/it/10.95 ;  b\OT1/cmr/m/n/10.95 (\OML/cmm
/m/it/10.95 x\OT1/cmr/m/n/10.95 ) [] (\OML/cmm/m/it/10.95 b[]\OT1/cmr/m/n/10.95
 (\OML/cmm/m/it/10.95 x\OT1/cmr/m/n/10.95 )\OML/cmm/m/it/10.95 ; [] ; b[]\OT1/c
mr/m/n/10.95 (\OML/cmm/m/it/10.95 x\OT1/cmr/m/n/10.95 ))$ \T1/cmr/m/n/10.95 und
 $\OML/cmm/m/it/10.95 y [] \OT1/cmr/m/n/10.95 (\OML/cmm/m/it/10.95 y[]; [] ; y[
]\OT1/cmr/m/n/10.95 )$
[57] [58]
Underfull \hbox (badness 10000) in paragraph at lines 1852--1853

[59]
Underfull \hbox (badness 10000) in paragraph at lines 1863--1864


Overfull \hbox (3.21986pt too wide) in paragraph at lines 1879--1880
[]$\OML/cmm/m/it/10.95 y[]\OT1/cmr/m/n/10.95 (\OML/cmm/m/it/10.95 x\OT1/cmr/m/n
/10.95 ) = ([] \OML/cmm/m/it/10.95 x; \OMS/cmsy/m/n/10.95 ^^@ [] \OML/cmm/m/it/
10.95 x\OT1/cmr/m/n/10.95 )\OML/cmm/m/it/10.95 ;  y[]\OT1/cmr/m/n/10.95 (\OML/c
mm/m/it/10.95 x\OT1/cmr/m/n/10.95 ) = ([] \OML/cmm/m/it/10.95 x; [] x\OT1/cmr/m
/n/10.95 )$\T1/cmr/m/n/10.95 . Die all-ge-mei-ne Lö-sung von $\OML/cmm/m/it/10.
95 y[] \OT1/cmr/m/n/10.95 = [] \OML/cmm/m/it/10.95 y \OT1/cmr/m/n/10.95 :$ 
[60]
Overfull \hbox (1.15144pt too wide) in paragraph at lines 1927--1929
\OML/cmm/m/it/10.95 Yc[]C [] \OT1/cmr/m/n/10.95 (\OML/cmm/m/it/10.95 c[]; [] ; 
c[]\OT1/cmr/m/n/10.95 ) \OMS/cmsy/m/n/10.95 2 \U/msb/m/n/10.95 M[] \OMS/cmsy/m/
n/10.95 ) \OML/cmm/m/it/10.95 C \OT1/cmr/m/n/10.95 = []$ \T1/cmr/m/n/10.95 und 
$\OML/cmm/m/it/10.95 Z \OT1/cmr/m/n/10.95 = \OML/cmm/m/it/10.95 YC$\T1/cmr/m/n/
10.95 , $\OT1/cmr/m/n/10.95 0 \OMS/cmsy/m/n/10.95 6\OT1/cmr/m/n/10.95 = [] \OML
/cmm/m/it/10.95 Z\OT1/cmr/m/n/10.95 (\OML/cmm/m/it/10.95 x\OT1/cmr/m/n/10.95 ) 
= [] \OML/cmm/m/it/10.95 Y\OT1/cmr/m/n/10.95 (\OML/cmm/m/it/10.95 x\OT1/cmr/m/n
/10.95 ) [] \OML/cmm/m/it/10.95 C \OMS/cmsy/m/n/10.95 )

LaTeX Warning: Command \textsection invalid in math mode on input line 1937.


Overfull \hbox (47.84717pt too wide) in paragraph at lines 1935--1939
\OML/cmm/m/it/10.95 '\OT1/cmr/m/n/10.95 (\OML/cmm/m/it/10.95 x\OT1/cmr/m/n/10.9
5 ) [] [][] [](\OML/cmm/m/it/10.95 z[]\OT1/cmr/m/n/10.95 (\OML/cmm/m/it/10.95 x
\OT1/cmr/m/n/10.95 )\OML/cmm/m/it/10.95 ; [] ; z[]\OT1/cmr/m/n/10.95 (\OML/cmm/
m/it/10.95 x\OT1/cmr/m/n/10.95 )\OML/cmm/m/it/10.95 ; \OT1/cmr/m/n/10.95 (\OML/
cmm/m/it/10.95 z[]\OT1/cmr/m/n/10.95 (\OML/cmm/m/it/10.95 x\OT1/cmr/m/n/10.95 )
)[]\OML/cmm/m/it/10.95 ; z[]\OT1/cmr/m/n/10.95 (\OML/cmm/m/it/10.95 x\OT1/cmr/m
/n/10.95 )\OML/cmm/m/it/10.95 ; [] ; z[]\OT1/cmr/m/n/10.95 (\OML/cmm/m/it/10.95
 x\OT1/cmr/m/n/10.95 ))$ $(\OML/cmm/m/it/10.95 z[]\OT1/cmr/m/n/10.95 (\OML/cmm/
m/it/10.95 x\OT1/cmr/m/n/10.95 ))[] = \OML/cmm/m/it/10.95 A\OT1/cmr/m/n/10.95 (
\OML/cmm/m/it/10.95 x\OT1/cmr/m/n/10.95 )\OML/cmm/m/it/10.95 z[]\OT1/cmr/m/n/10
.95 (\OML/cmm/m/it/10.95 x\OT1/cmr/m/n/10.95 ) =

LaTeX Warning: Command \textsection invalid in math mode on input line 1952.

[61]
Overfull \hbox (36.38379pt too wide) in paragraph at lines 1972--1984
\T1/cmr/m/n/10.95 Bekannt: FS von $\OML/cmm/m/it/10.95 y[] \OT1/cmr/m/n/10.95 =
 \OML/cmm/m/it/10.95 Ay \OT1/cmr/m/n/10.95 : \OML/cmm/m/it/10.95 y[]\OT1/cmr/m/
n/10.95 (\OML/cmm/m/it/10.95 x\OT1/cmr/m/n/10.95 ) = ([] \OML/cmm/m/it/10.95 x;
 [] x\OT1/cmr/m/n/10.95 )\OML/cmm/m/it/10.95 ; y[]\OT1/cmr/m/n/10.95 (\OML/cmm/
m/it/10.95 x\OT1/cmr/m/n/10.95 ) = ([] \OML/cmm/m/it/10.95 x; \OMS/cmsy/m/n/10.
95 ^^@ [] \OML/cmm/m/it/10.95 x\OT1/cmr/m/n/10.95 )\OML/cmm/m/it/10.95 :W\OT1/c
mr/m/n/10.95 (\OML/cmm/m/it/10.95 x\OT1/cmr/m/n/10.95 ) = [] =

Overfull \hbox (25.00764pt too wide) in paragraph at lines 1972--1984
\T1/cmr/m/n/10.95 Allgemeine Lö-sung der in-ho-mo-ge-nen Glei-chung: $\OML/cmm/
m/it/10.95 y\OT1/cmr/m/n/10.95 (\OML/cmm/m/it/10.95 x\OT1/cmr/m/n/10.95 ) = \OM
L/cmm/m/it/10.95 c[] [] \OT1/cmr/m/n/10.95 + \OML/cmm/m/it/10.95 c[] [] \OT1/cm
r/m/n/10.95 + \OML/cmm/m/it/10.95 x [] ; c[]; c[] \OMS/cmsy/m/n/10.95 2
[62] [63] [64]
\IeC {\textsection } 17.
[65]
Underfull \hbox (badness 10000) in paragraph at lines 2056--2059

[66]
Underfull \hbox (badness 10000) in paragraph at lines 2079--2083

[67] [68]
Underfull \vbox (badness 10000) has occurred while \output is active [69]
[70] [71] [72]
\IeC {\textsection } 18.
[73] [74]
\IeC {\textsection } 19.

Package hyperref Warning: Token not allowed in a PDF string (PDFDocEncoding):
(hyperref)                removing `math shift' on input line 2411.


Package hyperref Warning: Token not allowed in a PDF string (PDFDocEncoding):
(hyperref)                removing `math shift' on input line 2411.

[75] [76]
Underfull \hbox (badness 10000) in paragraph at lines 2527--2536


Underfull \hbox (badness 10000) in paragraph at lines 2527--2536

[77] [78]
\IeC {\textsection } 20.

Package hyperref Warning: Token not allowed in a PDF string (PDFDocEncoding):
(hyperref)                removing `math shift' on input line 2538.


Package hyperref Warning: Token not allowed in a PDF string (PDFDocEncoding):
(hyperref)                removing `math shift' on input line 2538.


Underfull \hbox (badness 10000) in paragraph at lines 2564--2565

[79]
Underfull \hbox (badness 10000) in paragraph at lines 2578--2580


Underfull \hbox (badness 10000) in paragraph at lines 2578--2580

[80] [81] [82]
\IeC {\textsection } 21.
[83] [84]
\IeC {\textsection } 22.

Underfull \hbox (badness 10000) in paragraph at lines 2767--2768


Underfull \hbox (badness 10000) in paragraph at lines 2768--2769


Underfull \hbox (badness 10000) in paragraph at lines 2769--2770

[85] [86]
\IeC {\textsection } 22.
[87] [88] [89] [90]
\IeC {\textsection } 23.
[91] [92] [93] [94]
\IeC {\textsection } 24.
[95] [96] [97] [98]
\IeC {\textsection } 25.

Underfull \hbox (badness 1082) in paragraph at lines 3180--3181
[]$\OT1/cmr/m/n/10.95 (\OML/cmm/m/it/10.95 y[]\OT1/cmr/m/n/10.95 )$ \T1/cmr/m/n
/10.95 ent-hält ei-ne auf $\OML/cmm/m/it/10.95 I$ \T1/cmr/m/n/10.95 gleich-mä-ÿ
ig kon-ver-gen-te Teil-fol-ge $\OT1/cmr/m/n/10.95 (\OML/cmm/m/it/10.95 y[]\OT1/
cmr/m/n/10.95 )$ \T1/cmr/m/n/10.95 und $\OML/cmm/m/it/10.95 y\OT1/cmr/m/n/10.95
 (\OML/cmm/m/it/10.95 x\OT1/cmr/m/n/10.95 ) :=
[99]
Overfull \hbox (24.40231pt too wide) in paragraph at lines 3210--3211
[]\T1/cmr/m/n/10.95 (1) $ \OT1/cmr/m/n/10.95 =[]\OMS/cmsy/m/n/10.95 )  \OT1/cmr
/m/n/10.95 (\OML/cmm/m/it/10.95 y[]\OT1/cmr/m/n/10.95 )$ \T1/cmr/m/n/10.95 en-h
ält ei-ne auf $\OML/cmm/m/it/10.95 I$ \T1/cmr/m/n/10.95 gleich-mä-ÿig kon-ver-g
en-te Teil-fol-ge $\OML/cmm/m/it/10.95 y[]$\T1/cmr/m/n/10.95 ; $\OML/cmm/m/it/1
0.95 z\OT1/cmr/m/n/10.95 (\OML/cmm/m/it/10.95 x\OT1/cmr/m/n/10.95 ) := [][] \OM
L/cmm/m/it/10.95 y[] \OT1/cmr/m/n/10.95 (\OML/cmm/m/it/10.95 x \OMS/cmsy/m/n/10
.95 2
[100] [101] [102]
\IeC {\textsection } 26.
[103]
Underfull \hbox (badness 10000) in paragraph at lines 3290--3292


Underfull \hbox (badness 10000) in paragraph at lines 3293--3303


Underfull \hbox (badness 10000) in paragraph at lines 3304--3311

[104] [105] [106]
\IeC {\textsection } 27.

Underfull \hbox (badness 10000) in paragraph at lines 3338--3340


Underfull \hbox (badness 10000) in paragraph at lines 3347--3350


Underfull \hbox (badness 10000) in paragraph at lines 3357--3360


Underfull \hbox (badness 10000) in paragraph at lines 3367--3371

[107]
Underfull \hbox (badness 10000) in paragraph at lines 3390--3392


Underfull \hbox (badness 10000) in paragraph at lines 3404--3409


Underfull \hbox (badness 10000) in paragraph at lines 3421--3422

[108]
Underfull \hbox (badness 10000) in paragraph at lines 3440--3444


Overfull \hbox (32.69319pt too wide) in paragraph at lines 3467--3483
\OT1/cmr/m/n/10.95 =[]\OMS/cmsy/m/n/10.95 )  j\OT1/cmr/m/n/10.95 (\OML/cmm/m/it
/10.95 T[]\OT1/cmr/m/n/10.95 )(\OML/cmm/m/it/10.95 x\OT1/cmr/m/n/10.95 ) \OMS/c
msy/m/n/10.95 ^^@ \OT1/cmr/m/n/10.95 (\OML/cmm/m/it/10.95 T[]\OT1/cmr/m/n/10.95
 )(\OML/cmm/m/it/10.95 x\OT1/cmr/m/n/10.95 )\OMS/cmsy/m/n/10.95 j ^^T \OML/cmm/
m/it/10.95 L\OMS/cmsy/m/n/10.95 jj\OML/cmm/m/it/10.95 u \OMS/cmsy/m/n/10.95 ^^@
 \OML/cmm/m/it/10.95 v\OMS/cmsy/m/n/10.95 jj[]\OT1/cmr/m/n/10.95 (\OML/cmm/m/it
/10.95 ^^^\OT1/cmr/m/n/10.95 (\OML/cmm/m/it/10.95 x\OT1/cmr/m/n/10.95 ) \OMS/cm
sy/m/n/10.95 ^^@ [] []\OT1/cmr/m/n/10.95 ) = []\OMS/cmsy/m/n/10.95 jj\OML/cmm/m
/it/10.95 u \OMS/cmsy/m/n/10.95 ^^@ \OML/cmm/m/it/10.95 v\OMS/cmsy/m/n/10.95 jj
\OT1/cmr/m/n/10.95 (\OML/cmm/m/it/10.95 ^^^\OT1/cmr/m/n/10.95 (\OML/cmm/m/it/10
.95 x\OT1/cmr/m/n/10.95 ) \OMS/cmsy/m/n/10.95 ^^@ [] []\OT1/cmr/m/n/10.95 )$ $ 
=[]\OMS/cmsy/m/n/10.95 )  [] ^^T
[109] [110] [111] [112]
Anhang A.
** Generating table of satz,wichtigedefinition
(./Ana3.thm [113]
Underfull \vbox (badness 5771) has occurred while \output is active [114])
(./Ana3.ind [115] [116]
Overfull \hbox (7.29721pt too wide) in paragraph at lines 3--5
[]$\OML/cmm/m/it/10.95 f$ \T1/cmr/m/n/10.95 ge-nügt auf $\OML/cmm/m/it/10.95 D$
 \T1/cmr/m/n/10.95 ei-ner Lip-schitz-be-din-gung (LB)

Overfull \hbox (2.4359pt too wide) in paragraph at lines 90--92
[]\T1/cmr/m/n/10.95 Lösung ei-ner ex-pli-zi-ten Dif-fe-ren-ti-al-glei-chung,
[117] [118])
Anhang B.

Underfull \hbox (badness 10000) in paragraph at lines 3552--3580

[119] (./Ana3.aux)

LaTeX Font Warning: Some font shapes were not available, defaults substituted.

 )
(see the transcript file for additional information)pdfTeX warning (dest): name
{appendix.414} has been referenced but does not exist, replaced by a fixed one

{/usr/share/texmf/fonts/enc/dvips/cm-super/cm-super-t1.enc}</usr/share/texmf-te
xlive/fonts/type1/public/amsfonts/cm/cmbx10.pfb></usr/share/texmf-texlive/fonts
/type1/public/amsfonts/cm/cmbx8.pfb></usr/share/texmf-texlive/fonts/type1/publi
c/amsfonts/cm/cmex10.pfb></usr/share/texmf-texlive/fonts/type1/public/amsfonts/
cmextra/cmex8.pfb></usr/share/texmf-texlive/fonts/type1/public/amsfonts/cm/cmmi
10.pfb></usr/share/texmf-texlive/fonts/type1/public/amsfonts/cm/cmmi12.pfb></us
r/share/texmf-texlive/fonts/type1/public/amsfonts/cm/cmmi6.pfb></usr/share/texm
f-texlive/fonts/type1/public/amsfonts/cm/cmmi8.pfb></usr/share/texmf-texlive/fo
nts/type1/public/amsfonts/cm/cmmib10.pfb></usr/share/texmf-texlive/fonts/type1/
public/amsfonts/cmextra/cmmib8.pfb></usr/share/texmf-texlive/fonts/type1/public
/amsfonts/cm/cmr10.pfb></usr/share/texmf-texlive/fonts/type1/public/amsfonts/cm
/cmr12.pfb></usr/share/texmf-texlive/fonts/type1/public/amsfonts/cm/cmr6.pfb></
usr/share/texmf-texlive/fonts/type1/public/amsfonts/cm/cmr8.pfb></usr/share/tex
mf-texlive/fonts/type1/public/amsfonts/cm/cmsy10.pfb></usr/share/texmf-texlive/
fonts/type1/public/amsfonts/cm/cmsy6.pfb></usr/share/texmf-texlive/fonts/type1/
public/amsfonts/cm/cmsy8.pfb></usr/share/texmf-texlive/fonts/type1/public/amsfo
nts/euler/eufm10.pfb></usr/share/texmf-texlive/fonts/type1/public/amsfonts/symb
ols/msam10.pfb></usr/share/texmf-texlive/fonts/type1/public/amsfonts/symbols/ms
bm10.pfb></usr/share/texmf/fonts/type1/public/cm-super/sfbx1095.pfb></usr/share
/texmf/fonts/type1/public/cm-super/sfrm0800.pfb></usr/share/texmf/fonts/type1/p
ublic/cm-super/sfrm1095.pfb></usr/share/texmf/fonts/type1/public/cm-super/sfrm1
440.pfb></usr/share/texmf/fonts/type1/public/cm-super/sfsl1095.pfb></usr/share/
texmf/fonts/type1/public/cm-super/sfsx1095.pfb></usr/share/texmf/fonts/type1/pu
blic/cm-super/sfsx1440.pfb></usr/share/texmf/fonts/type1/public/cm-super/sfsx20
74.pfb></usr/share/texmf/fonts/type1/public/cm-super/sfti1095.pfb></usr/share/t
exmf/fonts/type1/public/cm-super/sftt1095.pfb></usr/share/texmf/fonts/type1/pub
lic/cm-super/sftt1440.pfb></usr/share/texmf-texlive/fonts/type1/hoekwater/stmar
yrd/stmary10.pfb>
Output written on Ana3.pdf (119 pages, 944593 bytes).
Transcript written on Ana3.log.
Result: ExitSuccess

Running /usr/bin/pdflatex Ana3.tex in an env with 4 entries:
This is pdfTeX, Version 3.1415926-1.40.10 (TeX Live 2009/Debian)
entering extended mode
(data/Ana3.tex
LaTeX2e <2009/09/24>
Babel <v3.8l> and hyphenation patterns for english, usenglishmax, dumylang, noh
yphenation, farsi, arabic, croatian, bulgarian, ukrainian, russian, czech, slov
ak, danish, dutch, finnish, french, basque, ngerman, german, german-x-2009-06-1
9, ngerman-x-2009-06-19, ibycus, monogreek, greek, ancientgreek, hungarian, san
skrit, italian, latin, latvian, lithuanian, mongolian2a, mongolian, bokmal, nyn
orsk, romanian, irish, coptic, serbian, turkish, welsh, esperanto, uppersorbian
, estonian, indonesian, interlingua, icelandic, kurmanji, slovenian, polish, po
rtuguese, spanish, galician, catalan, swedish, ukenglish, loaded.
(/usr/share/texmf-texlive/tex/latex/koma-script/scrbook.cls
Document Class: scrbook 2009/07/24 v3.04a KOMA-Script document class (book)
(/usr/share/texmf-texlive/tex/latex/koma-script/scrkbase.sty
(/usr/share/texmf-texlive/tex/latex/koma-script/scrbase.sty
(/usr/share/texmf-texlive/tex/latex/graphics/keyval.sty)
(/usr/share/texmf-texlive/tex/latex/koma-script/scrlfile.sty
Package scrlfile, 2009/03/25 v3.03 KOMA-Script package (loading files)
                  Copyright (C) Markus Kohm

))) (/usr/share/texmf-texlive/tex/latex/koma-script/tocbasic.sty)
(/usr/share/texmf-texlive/tex/latex/koma-script/scrsize11pt.clo)
(/usr/share/texmf-texlive/tex/latex/koma-script/typearea.sty
Package typearea, 2009/07/24 v3.04a KOMA-Script package (type area)
                  Copyright (C) Frank Neukam, 1992-1994
                  Copyright (C) Markus Kohm, 1994-

)) (data/ana.sty (data/mathe.sty (data/latexki.sty)
(/usr/share/texmf-texlive/tex/latex/base/inputenc.sty
(/usr/share/texmf-texlive/tex/latex/base/utf8.def
(/usr/share/texmf-texlive/tex/latex/base/t1enc.dfu)
(/usr/share/texmf-texlive/tex/latex/base/ot1enc.dfu)
(/usr/share/texmf-texlive/tex/latex/base/omsenc.dfu)))
(/usr/share/texmf-texlive/tex/generic/babel/babel.sty
(/usr/share/texmf-texlive/tex/generic/babel/ngermanb.ldf
(/usr/share/texmf-texlive/tex/generic/babel/babel.def)))
(/usr/share/texmf-texlive/tex/latex/base/fontenc.sty
(/usr/share/texmf-texlive/tex/latex/base/t1enc.def))
(/usr/share/texmf-texlive/tex/latex/amsfonts/amsfonts.sty)
(/usr/share/texmf-texlive/tex/latex/amsfonts/amssymb.sty)
(/usr/share/texmf-texlive/tex/latex/amsmath/amsmath.sty
For additional information on amsmath, use the `?' option.
(/usr/share/texmf-texlive/tex/latex/amsmath/amstext.sty
(/usr/share/texmf-texlive/tex/latex/amsmath/amsgen.sty))
(/usr/share/texmf-texlive/tex/latex/amsmath/amsbsy.sty)
(/usr/share/texmf-texlive/tex/latex/amsmath/amsopn.sty))
(/usr/share/texmf-texlive/tex/latex/stmaryrd/stmaryrd.sty)
(/usr/share/texmf-texlive/tex/latex/tools/verbatim.sty)
(/usr/share/texmf-texlive/tex/latex/base/ifthen.sty)
(/usr/share/texmf-texlive/tex/latex/ntheorem/ntheorem.sty
Style `ntheorem', Version 1.25 <2005/07/07>
) (/usr/share/texmf-texlive/tex/latex/ltxmisc/framed.sty)
(/usr/share/texmf-texlive/tex/latex/pstricks/pstricks.sty
(/usr/share/texmf-texlive/tex/generic/pstricks/pstricks.tex
`PSTricks' v1.29  <2009/05/19> (tvz)
(/usr/share/texmf-texlive/tex/generic/pstricks/pstricks.con))
(/usr/share/texmf/tex/latex/xcolor/xcolor.sty
(/etc/texmf/tex/latex/config/color.cfg)
(/usr/share/texmf-texlive/tex/latex/pdftex-def/pdftex.def)))
(/usr/share/texmf-texlive/tex/latex/carlisle/slashed.sty)
(/usr/share/texmf-texlive/tex/latex/base/makeidx.sty)
(/usr/share/texmf-texlive/tex/latex/wasysym/wasysym.sty)
(/usr/share/texmf-texlive/tex/latex/jknapltx/mathrsfs.sty)
(/usr/share/texmf-texlive/tex/latex/mh/mathtools.sty
(/usr/share/texmf-texlive/tex/latex/tools/calc.sty)
(/usr/share/texmf-texlive/tex/latex/mh/mhsetup.sty))
(/usr/share/texmf-texlive/tex/latex/doublestroke/dsfont.sty)
(/usr/share/texmf-texlive/tex/latex/hyperref/hyperref.sty
(/usr/share/texmf-texlive/tex/generic/oberdiek/ifpdf.sty)
(/usr/share/texmf-texlive/tex/generic/oberdiek/ifvtex.sty)
(/usr/share/texmf-texlive/tex/generic/ifxetex/ifxetex.sty)
(/usr/share/texmf-texlive/tex/latex/oberdiek/hycolor.sty
(/usr/share/texmf-texlive/tex/latex/oberdiek/xcolor-patch.sty))
(/usr/share/texmf-texlive/tex/latex/hyperref/pd1enc.def)
(/usr/share/texmf-texlive/tex/generic/oberdiek/etexcmds.sty
(/usr/share/texmf-texlive/tex/generic/oberdiek/infwarerr.sty))
(/usr/share/texmf-texlive/tex/latex/latexconfig/hyperref.cfg)
(/usr/share/texmf-texlive/tex/latex/oberdiek/kvoptions.sty
(/usr/share/texmf-texlive/tex/generic/oberdiek/kvsetkeys.sty))
Implicit mode ON; LaTeX internals redefined
(/usr/share/texmf-texlive/tex/latex/ltxmisc/url.sty)
(/usr/share/texmf-texlive/tex/generic/oberdiek/bitset.sty
(/usr/share/texmf-texlive/tex/generic/oberdiek/intcalc.sty)
(/usr/share/texmf-texlive/tex/generic/oberdiek/bigintcalc.sty
(/usr/share/texmf-texlive/tex/generic/oberdiek/pdftexcmds.sty
(/usr/share/texmf-texlive/tex/generic/oberdiek/ifluatex.sty)
(/usr/share/texmf-texlive/tex/generic/oberdiek/ltxcmds.sty))))
(/usr/share/texmf-texlive/tex/generic/oberdiek/atbegshi.sty))
*hyperref using default driver hpdftex*
(/usr/share/texmf-texlive/tex/latex/hyperref/hpdftex.def)
(/usr/share/texmf-texlive/tex/latex/etex-pkg/etex.sty)))
(data/saetze-schmoeger.sty)
Writing index file Ana3.idx
(./Ana3.aux) (/usr/share/texmf-texlive/tex/context/base/supp-pdf.mkii
[Loading MPS to PDF converter (version 2006.09.02).]
) (/usr/share/texmf-texlive/tex/latex/hyperref/nameref.sty
(/usr/share/texmf-texlive/tex/latex/oberdiek/refcount.sty)) (./Ana3.out)
(./Ana3.out) (/usr/share/texmf-texlive/tex/latex/base/t1cmss.fd)
(/usr/share/texmf-texlive/tex/latex/amsfonts/umsa.fd)
(/usr/share/texmf-texlive/tex/latex/amsfonts/umsb.fd)
(/usr/share/texmf-texlive/tex/latex/stmaryrd/Ustmry.fd)
(/usr/share/texmf-texlive/tex/latex/wasysym/uwasy.fd)
(/usr/share/texmf-texlive/tex/latex/jknapltx/ursfs.fd)
(/usr/share/texmf-texlive/tex/latex/base/t1cmtt.fd) [1
Non-PDF special ignored!
Non-PDF special ignored!
Non-PDF special ignored!{/var/lib/texmf/fonts/map/pdftex/updmap/pdftex.map}]
[2]

Package hyperref Warning: No destination for bookmark of \addcontentsline,
(hyperref)                destination is added on input line 18.

(./Ana3.toc [3]) [4]
Kapitel I.
[5] [6]
Kapitel II.
[7] [8]
\IeC {\textsection } 1.
[9] [10]
\IeC {\textsection } 2.

Package hyperref Warning: Token not allowed in a PDF string (PDFDocEncoding):
(hyperref)                removing `math shift' on input line 151.


Package hyperref Warning: Token not allowed in a PDF string (PDFDocEncoding):
(hyperref)                removing `math shift' on input line 151.


Package hyperref Warning: Token not allowed in a PDF string (PDFDocEncoding):
(hyperref)                removing `math shift' on input line 151.


Package hyperref Warning: Token not allowed in a PDF string (PDFDocEncoding):
(hyperref)                removing `superscript' on input line 151.


Package hyperref Warning: Token not allowed in a PDF string (PDFDocEncoding):
(hyperref)                removing `math shift' on input line 151.


LaTeX Font Warning: Font shape `U/stmry/b/n' undefined
(Font)              using `U/stmry/m/n' instead on input line 186.


LaTeX Font Warning: Font shape `U/wasy/b/n' in size <8> not available
(Font)              Font shape `U/wasy/m/n' tried instead on input line 186.


LaTeX Font Warning: Font shape `U/wasy/b/n' in size <6> not available
(Font)              Font shape `U/wasy/m/n' tried instead on input line 186.

[11] [12]
\IeC {\textsection } 3.

Package hyperref Warning: Token not allowed in a PDF string (PDFDocEncoding):
(hyperref)                removing `math shift' on input line 212.


Package hyperref Warning: Token not allowed in a PDF string (PDFDocEncoding):
(hyperref)                removing `math shift' on input line 212.


Package hyperref Warning: Token not allowed in a PDF string (PDFDocEncoding):
(hyperref)                removing `math shift' on input line 212.


Package hyperref Warning: Token not allowed in a PDF string (PDFDocEncoding):
(hyperref)                removing `superscript' on input line 212.


Package hyperref Warning: Token not allowed in a PDF string (PDFDocEncoding):
(hyperref)                removing `math shift' on input line 212.

[13] [14]
\IeC {\textsection } 4.

Overfull \hbox (36.34283pt too wide) in paragraph at lines 274--277
[]\T1/cmr/m/n/10.95 Sei $\OT1/cmr/m/n/10.95 ^^H = (^^H[]\OML/cmm/m/it/10.95 ; \
OT1/cmr/m/n/10.95 ^^H[]\OML/cmm/m/it/10.95 ; \OT1/cmr/m/n/10.95 ^^H[])$ \T1/cmr
/m/n/10.95 ei-ne Flä-che mit Pa-ra-me-ter-be-reich $\OML/cmm/m/it/10.95 B \OMS/
cmsy/m/n/10.95 ^^R \U/msb/m/n/10.95 R[]\OML/cmm/m/it/10.95 ; D \OMS/cmsy/m/n/10
.95 ^^R \U/msb/m/n/10.95 R[]$ \T1/cmr/m/n/10.95 of-fen, $\OML/cmm/m/it/10.95 B 
 \OMS/cmsy/m/n/10.95 ^^R  \OML/cmm/m/it/10.95 D; \OT1/cmr/m/n/10.95 ^^H  \OMS/c
msy/m/n/10.95 2  \OML/cmm/m/it/10.95 C[] \OT1/cmr/m/n/10.95 (\OML/cmm/m/it/10.9
5 D;  \U/msb/m/n/10.95 R[]\OT1/cmr/m/n/10.95 )$

Underfull \hbox (badness 10000) in paragraph at lines 292--295


Overfull \hbox (54.68059pt too wide) in paragraph at lines 295--301
[][]\OT1/cmr/m/n/10.95 (\OML/cmm/m/it/10.95 u; v; u[] \OT1/cmr/m/n/10.95 + \OML
/cmm/m/it/10.95 v[]\OT1/cmr/m/n/10.95 ) \OMS/cmsy/m/n/10.95 ^^A \OT1/cmr/m/n/10
.95 (\OMS/cmsy/m/n/10.95 ^^@\OT1/cmr/m/n/10.95 2\OML/cmm/m/it/10.95 u; \OMS/cms
y/m/n/10.95 ^^@\OT1/cmr/m/n/10.95 2\OML/cmm/m/it/10.95 v; \OT1/cmr/m/n/10.95 1)
d(\OML/cmm/m/it/10.95 u; v\OT1/cmr/m/n/10.95 ) = \OMS/cmsy/m/n/10.95 ^^@ [][]\O
T1/cmr/m/n/10.95 (\OML/cmm/m/it/10.95 u[] \OT1/cmr/m/n/10.95 + \OML/cmm/m/it/10
.95 v[]\OT1/cmr/m/n/10.95 )\OML/cmm/m/it/10.95 d\OT1/cmr/m/n/10.95 (\OML/cmm/m/
it/10.95 u; v\OT1/cmr/m/n/10.95 ) [] \OMS/cmsy/m/n/10.95 ^^@ [][]\OT1/cmr/m/n/1
0.95 ([][] \OML/cmm/m/it/10.95 r[]\OT1/cmr/m/n/10.95 d\OML/cmm/m/it/10.95 r\OT1
/cmr/m/n/10.95 )d\OML/cmm/m/it/10.95 '  \OT1/cmr/m/n/10.95 =  \OMS/cmsy/m/n/10.
95 ^^@ []$ 
[15] [16]
\IeC {\textsection } 5.

Overfull \hbox (36.34283pt too wide) in paragraph at lines 362--365
[]\T1/cmr/m/n/10.95 Sei $\OT1/cmr/m/n/10.95 ^^H = (^^H[]\OML/cmm/m/it/10.95 ; \
OT1/cmr/m/n/10.95 ^^H[]\OML/cmm/m/it/10.95 ; \OT1/cmr/m/n/10.95 ^^H[])$ \T1/cmr
/m/n/10.95 ei-ne Flä-che mit Pa-ra-me-ter-be-reich $\OML/cmm/m/it/10.95 B \OMS/
cmsy/m/n/10.95 ^^R \U/msb/m/n/10.95 R[]\OML/cmm/m/it/10.95 ; D \OMS/cmsy/m/n/10
.95 ^^R \U/msb/m/n/10.95 R[]$ \T1/cmr/m/n/10.95 of-fen, $\OML/cmm/m/it/10.95 B 
 \OMS/cmsy/m/n/10.95 ^^R  \OML/cmm/m/it/10.95 D; \OT1/cmr/m/n/10.95 ^^H  \OMS/c
msy/m/n/10.95 2  \OML/cmm/m/it/10.95 C[] \OT1/cmr/m/n/10.95 (\OML/cmm/m/it/10.9
5 D;  \U/msb/m/n/10.95 R[]\OT1/cmr/m/n/10.95 )$

Underfull \hbox (badness 10000) in paragraph at lines 380--383


Overfull \hbox (54.68059pt too wide) in paragraph at lines 383--389
[][]\OT1/cmr/m/n/10.95 (\OML/cmm/m/it/10.95 u; v; u[] \OT1/cmr/m/n/10.95 + \OML
/cmm/m/it/10.95 v[]\OT1/cmr/m/n/10.95 ) \OMS/cmsy/m/n/10.95 ^^A \OT1/cmr/m/n/10
.95 (\OMS/cmsy/m/n/10.95 ^^@\OT1/cmr/m/n/10.95 2\OML/cmm/m/it/10.95 u; \OMS/cms
y/m/n/10.95 ^^@\OT1/cmr/m/n/10.95 2\OML/cmm/m/it/10.95 v; \OT1/cmr/m/n/10.95 1)
d(\OML/cmm/m/it/10.95 u; v\OT1/cmr/m/n/10.95 ) = \OMS/cmsy/m/n/10.95 ^^@ [][]\O
T1/cmr/m/n/10.95 (\OML/cmm/m/it/10.95 u[] \OT1/cmr/m/n/10.95 + \OML/cmm/m/it/10
.95 v[]\OT1/cmr/m/n/10.95 )\OML/cmm/m/it/10.95 d\OT1/cmr/m/n/10.95 (\OML/cmm/m/
it/10.95 u; v\OT1/cmr/m/n/10.95 ) [] \OMS/cmsy/m/n/10.95 ^^@ [][]\OT1/cmr/m/n/1
0.95 ([][] \OML/cmm/m/it/10.95 r[]\OT1/cmr/m/n/10.95 d\OML/cmm/m/it/10.95 r\OT1
/cmr/m/n/10.95 )d\OML/cmm/m/it/10.95 '  \OT1/cmr/m/n/10.95 =  \OMS/cmsy/m/n/10.
95 ^^@ []$ 
[17] [18]
\IeC {\textsection } 6.
(/usr/share/texmf-texlive/tex/latex/base/omscmr.fd) [19] [20] [21] [22]
\IeC {\textsection } 7.
[23] [24] [25] [26]
\IeC {\textsection } 8.
(/usr/share/texmf-texlive/tex/latex/amsfonts/ueuf.fd)
Overfull \hbox (13.08804pt too wide) in paragraph at lines 700--705
\OML/cmm/m/it/10.95 G[]\OT1/cmr/m/n/10.95 (\OML/cmm/m/it/10.95 F\OT1/cmr/m/n/10
.95 (\OML/cmm/m/it/10.95 x[]\OT1/cmr/m/n/10.95 )) = \OML/cmm/m/it/10.95 G[]\OT1
/cmr/m/n/10.95 (0) = \OML/cmm/m/it/10.95 y[]$\T1/cmr/m/n/10.95 ; $\OMS/cmsy/m/n
/10.95 8\OML/cmm/m/it/10.95 x \OMS/cmsy/m/n/10.95 2 \OML/cmm/m/it/10.95 I[] \OT
1/cmr/m/n/10.95 : \OML/cmm/m/it/10.95 G\OT1/cmr/m/n/10.95 (\OML/cmm/m/it/10.95 
y\OT1/cmr/m/n/10.95 (\OML/cmm/m/it/10.95 x\OT1/cmr/m/n/10.95 )) = \OML/cmm/m/it
/10.95 F\OT1/cmr/m/n/10.95 (\OML/cmm/m/it/10.95 x\OT1/cmr/m/n/10.95 )  =[]\OMS/
cmsy/m/n/10.95 )  \OT1/cmr/m/n/10.95 (2)$ \T1/cmr/m/n/10.95 und (Diff): $[] \OM
L/cmm/m/it/10.95 y[]\OT1/cmr/m/n/10.95 (\OML/cmm/m/it/10.95 x\OT1/cmr/m/n/10.95
 ) =
[27] [28] [29] [30]
\IeC {\textsection } 9.
[31] [32]
\IeC {\textsection } 10.
[33] [34]
\IeC {\textsection } 11.
[35] [36] [37]
Overfull \hbox (20.03497pt too wide) in paragraph at lines 1033--1034
[]$\OMS/cmsy/m/n/10.95 k\OML/cmm/m/it/10.95 T[] \OMS/cmsy/m/n/10.95 ^^@ \OML/cm
m/m/it/10.95 x[]\OMS/cmsy/m/n/10.95 k \OT1/cmr/m/n/10.95 = \OMS/cmsy/m/n/10.95 
k\OML/cmm/m/it/10.95 T[] \OMS/cmsy/m/n/10.95 ^^@ \OML/cmm/m/it/10.95 x[] \OT1/c
mr/m/n/10.95 + \OML/cmm/m/it/10.95 x[] \OMS/cmsy/m/n/10.95 ^^@ \OML/cmm/m/it/10
.95 x[]\OMS/cmsy/m/n/10.95 k ^^T k\OML/cmm/m/it/10.95 T[] \OMS/cmsy/m/n/10.95 ^
^@ [] k \OT1/cmr/m/n/10.95 + \OMS/cmsy/m/n/10.95 k\OML/cmm/m/it/10.95 x[] \OMS/
cmsy/m/n/10.95 ^^@ \OML/cmm/m/it/10.95 x[]\OMS/cmsy/m/n/10.95 k ^^T []  \OT1/cm
r/m/n/10.95 =[]\OMS/cmsy/m/n/10.95 )
[38]

LaTeX Warning: Command \textsection invalid in math mode on input line 1049.


Underfull \hbox (badness 2635) in paragraph at lines 1053--1056
\T1/cmr/m/n/10.95 Dann ist $\OML/cmm/m/it/10.95 A$ \T1/cmr/m/n/10.95 ei-ne nich
t lee-re, kon-ve-xe und kom-pak-te Teil-men-ge des Ba-nach-rau-
[39] [40]
\IeC {\textsection } 12.
[41]
Underfull \hbox (badness 10000) in paragraph at lines 1113--1115


Underfull \hbox (badness 10000) in paragraph at lines 1115--1116


Underfull \hbox (badness 10000) in paragraph at lines 1125--1126


Underfull \hbox (badness 10000) in paragraph at lines 1126--1127


Underfull \hbox (badness 10000) in paragraph at lines 1147--1165


Underfull \hbox (badness 10000) in paragraph at lines 1147--1165


Overfull \hbox (12.68924pt too wide) in paragraph at lines 1147--1165
\OML/cmm/m/it/10.95 g[]\OT1/cmr/m/n/10.95 (\OML/cmm/m/it/10.95 t\OT1/cmr/m/n/10
.95 ) := \OML/cmm/m/it/10.95 z[]\OT1/cmr/m/n/10.95 (\OML/cmm/m/it/10.95 t \OMS/
cmsy/m/n/10.95 ^^@ []\OT1/cmr/m/n/10.95 )$ $(\OML/cmm/m/it/10.95 t \OMS/cmsy/m/
n/10.95 2 \OML/cmm/m/it/10.95 I\OT1/cmr/m/n/10.95 )$\T1/cmr/m/n/10.95 . $\OMS/c
msy/m/n/10.95 8\OML/cmm/m/it/10.95 t \OMS/cmsy/m/n/10.95 2 \OML/cmm/m/it/10.95 
I \OT1/cmr/m/n/10.95 : \OMS/cmsy/m/n/10.95 j\OML/cmm/m/it/10.95 g[]\OT1/cmr/m/n
/10.95 (\OML/cmm/m/it/10.95 t\OT1/cmr/m/n/10.95 ) \OMS/cmsy/m/n/10.95 ^^@ \OML/
cmm/m/it/10.95 y\OT1/cmr/m/n/10.95 (\OML/cmm/m/it/10.95 t\OT1/cmr/m/n/10.95 )\O
MS/cmsy/m/n/10.95 j \OT1/cmr/m/n/10.95 = \OMS/cmsy/m/n/10.95 j\OML/cmm/m/it/10.
95 g[]\OT1/cmr/m/n/10.95 (\OML/cmm/m/it/10.95 t\OT1/cmr/m/n/10.95 ) \OMS/cmsy/m
/n/10.95 ^^@ \OML/cmm/m/it/10.95 z[]\OT1/cmr/m/n/10.95 (\OML/cmm/m/it/10.95 t\O
T1/cmr/m/n/10.95 ) + \OML/cmm/m/it/10.95 z[]\OT1/cmr/m/n/10.95 (\OML/cmm/m/it/1
0.95 t\OT1/cmr/m/n/10.95 ) \OMS/cmsy/m/n/10.95 ^^@ \OML/cmm/m/it/10.95 y\OT1/cm
r/m/n/10.95 (\OML/cmm/m/it/10.95 t\OT1/cmr/m/n/10.95 )\OMS/cmsy/m/n/10.95 j ^^T
 j [] j \OT1/cmr/m/n/10.95 +
[42]
Underfull \hbox (badness 10000) in paragraph at lines 1168--1171


Underfull \hbox (badness 10000) in paragraph at lines 1175--1176


Underfull \hbox (badness 10000) in paragraph at lines 1176--1178


Underfull \hbox (badness 10000) in paragraph at lines 1178--1180

[43] [44]
\IeC {\textsection } 13.

Underfull \hbox (badness 10000) in paragraph at lines 1213--1214


Underfull \hbox (badness 10000) in paragraph at lines 1214--1226


Underfull \hbox (badness 10000) in paragraph at lines 1214--1226


Underfull \hbox (badness 10000) in paragraph at lines 1228--1234

[45]
Underfull \hbox (badness 10000) in paragraph at lines 1241--1251


Underfull \hbox (badness 10000) in paragraph at lines 1241--1251

[46] [47] [48]
\IeC {\textsection } 14.
[49]
Overfull \hbox (0.48665pt too wide) in paragraph at lines 1403--1405
[]\T1/cmr/m/n/10.95 Sei $\OML/cmm/m/it/10.95 y \OT1/cmr/m/n/10.95 = (\OML/cmm/m
/it/10.95 y[]; [] ; y[]\OT1/cmr/m/n/10.95 ) : [\OML/cmm/m/it/10.95 a; b\OT1/cmr
/m/n/10.95 ] \OMS/cmsy/m/n/10.95 ! \U/msb/m/n/10.95 R[]$\T1/cmr/m/n/10.95 . Es 
gel-te: $\OML/cmm/m/it/10.95 y[] \OMS/cmsy/m/n/10.95 2 \OML/cmm/m/it/10.95 R\OT
1/cmr/m/n/10.95 [\OML/cmm/m/it/10.95 a; b\OT1/cmr/m/n/10.95 ] (\OML/cmm/m/it/10
.95 j \OT1/cmr/m/n/10.95 =
[50]
Underfull \hbox (badness 10000) in paragraph at lines 1424--1425


Underfull \hbox (badness 10000) in paragraph at lines 1428--1450


Underfull \hbox (badness 10000) in paragraph at lines 1428--1450

[51]
Underfull \hbox (badness 10000) in paragraph at lines 1471--1473


Underfull \hbox (badness 10000) in paragraph at lines 1471--1473


Underfull \hbox (badness 10000) in paragraph at lines 1485--1488

[52]
Underfull \hbox (badness 10000) in paragraph at lines 1499--1500

[53]
Overfull \hbox (7.5341pt too wide) in paragraph at lines 1551--1628
\OML/cmm/m/it/10.95 e[] \OT1/cmr/m/n/10.95 = \OML/cmm/m/it/10.95 e[]$ $\OT1/cmr
/m/n/10.95 = \OML/cmm/m/it/10.95 e[]e[]$ $\OT1/cmr/m/n/10.95 = \OML/cmm/m/it/10
.95 e[]e[]$ $\OT1/cmr/m/n/10.95 = \OML/cmm/m/it/10.95 e[] [][] []\OT1/cmr/m/n/1
0.95 (\OML/cmm/m/it/10.95 A \OMS/cmsy/m/n/10.95 ^^@ \OML/cmm/m/it/10.95 ^^UE\OT
1/cmr/m/n/10.95 )[]$ $= \OML/cmm/m/it/10.95 e[] [][] []\OT1/cmr/m/n/10.95 (\OML
/cmm/m/it/10.95 A \OMS/cmsy/m/n/10.95 ^^@

Underfull \hbox (badness 10000) in paragraph at lines 1551--1628

[54]
\IeC {\textsection } 15.
[55] [56]
\IeC {\textsection } 16.

Overfull \hbox (8.79813pt too wide) in paragraph at lines 1717--1720
\T1/cmr/m/n/10.95 heiÿt ein []\T1/cmr/bx/n/10.95 li-nea-res Sys-tem\T1/cmr/m/n/
10.95 . Mit $\OML/cmm/m/it/10.95 A\OT1/cmr/m/n/10.95 (\OML/cmm/m/it/10.95 x\OT1
/cmr/m/n/10.95 ) [] (\OML/cmm/m/it/10.95 a[]\OT1/cmr/m/n/10.95 (\OML/cmm/m/it/1
0.95 x\OT1/cmr/m/n/10.95 ))\OML/cmm/m/it/10.95 ;  b\OT1/cmr/m/n/10.95 (\OML/cmm
/m/it/10.95 x\OT1/cmr/m/n/10.95 ) [] (\OML/cmm/m/it/10.95 b[]\OT1/cmr/m/n/10.95
 (\OML/cmm/m/it/10.95 x\OT1/cmr/m/n/10.95 )\OML/cmm/m/it/10.95 ; [] ; b[]\OT1/c
mr/m/n/10.95 (\OML/cmm/m/it/10.95 x\OT1/cmr/m/n/10.95 ))$ \T1/cmr/m/n/10.95 und
 $\OML/cmm/m/it/10.95 y [] \OT1/cmr/m/n/10.95 (\OML/cmm/m/it/10.95 y[]; [] ; y[
]\OT1/cmr/m/n/10.95 )$
[57] [58]
Underfull \hbox (badness 10000) in paragraph at lines 1852--1853

[59]
Underfull \hbox (badness 10000) in paragraph at lines 1863--1864


Overfull \hbox (3.21986pt too wide) in paragraph at lines 1879--1880
[]$\OML/cmm/m/it/10.95 y[]\OT1/cmr/m/n/10.95 (\OML/cmm/m/it/10.95 x\OT1/cmr/m/n
/10.95 ) = ([] \OML/cmm/m/it/10.95 x; \OMS/cmsy/m/n/10.95 ^^@ [] \OML/cmm/m/it/
10.95 x\OT1/cmr/m/n/10.95 )\OML/cmm/m/it/10.95 ;  y[]\OT1/cmr/m/n/10.95 (\OML/c
mm/m/it/10.95 x\OT1/cmr/m/n/10.95 ) = ([] \OML/cmm/m/it/10.95 x; [] x\OT1/cmr/m
/n/10.95 )$\T1/cmr/m/n/10.95 . Die all-ge-mei-ne Lö-sung von $\OML/cmm/m/it/10.
95 y[] \OT1/cmr/m/n/10.95 = [] \OML/cmm/m/it/10.95 y \OT1/cmr/m/n/10.95 :$ 
[60]
Overfull \hbox (1.15144pt too wide) in paragraph at lines 1927--1929
\OML/cmm/m/it/10.95 Yc[]C [] \OT1/cmr/m/n/10.95 (\OML/cmm/m/it/10.95 c[]; [] ; 
c[]\OT1/cmr/m/n/10.95 ) \OMS/cmsy/m/n/10.95 2 \U/msb/m/n/10.95 M[] \OMS/cmsy/m/
n/10.95 ) \OML/cmm/m/it/10.95 C \OT1/cmr/m/n/10.95 = []$ \T1/cmr/m/n/10.95 und 
$\OML/cmm/m/it/10.95 Z \OT1/cmr/m/n/10.95 = \OML/cmm/m/it/10.95 YC$\T1/cmr/m/n/
10.95 , $\OT1/cmr/m/n/10.95 0 \OMS/cmsy/m/n/10.95 6\OT1/cmr/m/n/10.95 = [] \OML
/cmm/m/it/10.95 Z\OT1/cmr/m/n/10.95 (\OML/cmm/m/it/10.95 x\OT1/cmr/m/n/10.95 ) 
= [] \OML/cmm/m/it/10.95 Y\OT1/cmr/m/n/10.95 (\OML/cmm/m/it/10.95 x\OT1/cmr/m/n
/10.95 ) [] \OML/cmm/m/it/10.95 C \OMS/cmsy/m/n/10.95 )

LaTeX Warning: Command \textsection invalid in math mode on input line 1937.


Overfull \hbox (47.84717pt too wide) in paragraph at lines 1935--1939
\OML/cmm/m/it/10.95 '\OT1/cmr/m/n/10.95 (\OML/cmm/m/it/10.95 x\OT1/cmr/m/n/10.9
5 ) [] [][] [](\OML/cmm/m/it/10.95 z[]\OT1/cmr/m/n/10.95 (\OML/cmm/m/it/10.95 x
\OT1/cmr/m/n/10.95 )\OML/cmm/m/it/10.95 ; [] ; z[]\OT1/cmr/m/n/10.95 (\OML/cmm/
m/it/10.95 x\OT1/cmr/m/n/10.95 )\OML/cmm/m/it/10.95 ; \OT1/cmr/m/n/10.95 (\OML/
cmm/m/it/10.95 z[]\OT1/cmr/m/n/10.95 (\OML/cmm/m/it/10.95 x\OT1/cmr/m/n/10.95 )
)[]\OML/cmm/m/it/10.95 ; z[]\OT1/cmr/m/n/10.95 (\OML/cmm/m/it/10.95 x\OT1/cmr/m
/n/10.95 )\OML/cmm/m/it/10.95 ; [] ; z[]\OT1/cmr/m/n/10.95 (\OML/cmm/m/it/10.95
 x\OT1/cmr/m/n/10.95 ))$ $(\OML/cmm/m/it/10.95 z[]\OT1/cmr/m/n/10.95 (\OML/cmm/
m/it/10.95 x\OT1/cmr/m/n/10.95 ))[] = \OML/cmm/m/it/10.95 A\OT1/cmr/m/n/10.95 (
\OML/cmm/m/it/10.95 x\OT1/cmr/m/n/10.95 )\OML/cmm/m/it/10.95 z[]\OT1/cmr/m/n/10
.95 (\OML/cmm/m/it/10.95 x\OT1/cmr/m/n/10.95 ) =

LaTeX Warning: Command \textsection invalid in math mode on input line 1952.

[61]
Overfull \hbox (36.38379pt too wide) in paragraph at lines 1972--1984
\T1/cmr/m/n/10.95 Bekannt: FS von $\OML/cmm/m/it/10.95 y[] \OT1/cmr/m/n/10.95 =
 \OML/cmm/m/it/10.95 Ay \OT1/cmr/m/n/10.95 : \OML/cmm/m/it/10.95 y[]\OT1/cmr/m/
n/10.95 (\OML/cmm/m/it/10.95 x\OT1/cmr/m/n/10.95 ) = ([] \OML/cmm/m/it/10.95 x;
 [] x\OT1/cmr/m/n/10.95 )\OML/cmm/m/it/10.95 ; y[]\OT1/cmr/m/n/10.95 (\OML/cmm/
m/it/10.95 x\OT1/cmr/m/n/10.95 ) = ([] \OML/cmm/m/it/10.95 x; \OMS/cmsy/m/n/10.
95 ^^@ [] \OML/cmm/m/it/10.95 x\OT1/cmr/m/n/10.95 )\OML/cmm/m/it/10.95 :W\OT1/c
mr/m/n/10.95 (\OML/cmm/m/it/10.95 x\OT1/cmr/m/n/10.95 ) = [] =

Overfull \hbox (25.00764pt too wide) in paragraph at lines 1972--1984
\T1/cmr/m/n/10.95 Allgemeine Lö-sung der in-ho-mo-ge-nen Glei-chung: $\OML/cmm/
m/it/10.95 y\OT1/cmr/m/n/10.95 (\OML/cmm/m/it/10.95 x\OT1/cmr/m/n/10.95 ) = \OM
L/cmm/m/it/10.95 c[] [] \OT1/cmr/m/n/10.95 + \OML/cmm/m/it/10.95 c[] [] \OT1/cm
r/m/n/10.95 + \OML/cmm/m/it/10.95 x [] ; c[]; c[] \OMS/cmsy/m/n/10.95 2
[62] [63] [64]
\IeC {\textsection } 17.
[65]
Underfull \hbox (badness 10000) in paragraph at lines 2056--2059

[66]
Underfull \hbox (badness 10000) in paragraph at lines 2079--2083

[67] [68]
Underfull \vbox (badness 10000) has occurred while \output is active [69]
[70] [71] [72]
\IeC {\textsection } 18.
[73] [74]
\IeC {\textsection } 19.

Package hyperref Warning: Token not allowed in a PDF string (PDFDocEncoding):
(hyperref)                removing `math shift' on input line 2411.


Package hyperref Warning: Token not allowed in a PDF string (PDFDocEncoding):
(hyperref)                removing `math shift' on input line 2411.

[75] [76]
Underfull \hbox (badness 10000) in paragraph at lines 2527--2536


Underfull \hbox (badness 10000) in paragraph at lines 2527--2536

[77] [78]
\IeC {\textsection } 20.

Package hyperref Warning: Token not allowed in a PDF string (PDFDocEncoding):
(hyperref)                removing `math shift' on input line 2538.


Package hyperref Warning: Token not allowed in a PDF string (PDFDocEncoding):
(hyperref)                removing `math shift' on input line 2538.


Underfull \hbox (badness 10000) in paragraph at lines 2564--2565

[79]
Underfull \hbox (badness 10000) in paragraph at lines 2578--2580


Underfull \hbox (badness 10000) in paragraph at lines 2578--2580

[80] [81] [82]
\IeC {\textsection } 21.
[83] [84]
\IeC {\textsection } 22.

Underfull \hbox (badness 10000) in paragraph at lines 2767--2768


Underfull \hbox (badness 10000) in paragraph at lines 2768--2769


Underfull \hbox (badness 10000) in paragraph at lines 2769--2770

[85] [86]
\IeC {\textsection } 22.
[87] [88] [89] [90]
\IeC {\textsection } 23.
[91] [92] [93] [94]
\IeC {\textsection } 24.
[95] [96] [97] [98]
\IeC {\textsection } 25.

Underfull \hbox (badness 1082) in paragraph at lines 3180--3181
[]$\OT1/cmr/m/n/10.95 (\OML/cmm/m/it/10.95 y[]\OT1/cmr/m/n/10.95 )$ \T1/cmr/m/n
/10.95 ent-hält ei-ne auf $\OML/cmm/m/it/10.95 I$ \T1/cmr/m/n/10.95 gleich-mä-ÿ
ig kon-ver-gen-te Teil-fol-ge $\OT1/cmr/m/n/10.95 (\OML/cmm/m/it/10.95 y[]\OT1/
cmr/m/n/10.95 )$ \T1/cmr/m/n/10.95 und $\OML/cmm/m/it/10.95 y\OT1/cmr/m/n/10.95
 (\OML/cmm/m/it/10.95 x\OT1/cmr/m/n/10.95 ) :=
[99]
Overfull \hbox (24.40231pt too wide) in paragraph at lines 3210--3211
[]\T1/cmr/m/n/10.95 (1) $ \OT1/cmr/m/n/10.95 =[]\OMS/cmsy/m/n/10.95 )  \OT1/cmr
/m/n/10.95 (\OML/cmm/m/it/10.95 y[]\OT1/cmr/m/n/10.95 )$ \T1/cmr/m/n/10.95 en-h
ält ei-ne auf $\OML/cmm/m/it/10.95 I$ \T1/cmr/m/n/10.95 gleich-mä-ÿig kon-ver-g
en-te Teil-fol-ge $\OML/cmm/m/it/10.95 y[]$\T1/cmr/m/n/10.95 ; $\OML/cmm/m/it/1
0.95 z\OT1/cmr/m/n/10.95 (\OML/cmm/m/it/10.95 x\OT1/cmr/m/n/10.95 ) := [][] \OM
L/cmm/m/it/10.95 y[] \OT1/cmr/m/n/10.95 (\OML/cmm/m/it/10.95 x \OMS/cmsy/m/n/10
.95 2
[100] [101] [102]
\IeC {\textsection } 26.
[103]
Underfull \hbox (badness 10000) in paragraph at lines 3290--3292


Underfull \hbox (badness 10000) in paragraph at lines 3293--3303


Underfull \hbox (badness 10000) in paragraph at lines 3304--3311

[104] [105] [106]
\IeC {\textsection } 27.

Underfull \hbox (badness 10000) in paragraph at lines 3338--3340


Underfull \hbox (badness 10000) in paragraph at lines 3347--3350


Underfull \hbox (badness 10000) in paragraph at lines 3357--3360


Underfull \hbox (badness 10000) in paragraph at lines 3367--3371

[107]
Underfull \hbox (badness 10000) in paragraph at lines 3390--3392


Underfull \hbox (badness 10000) in paragraph at lines 3404--3409


Underfull \hbox (badness 10000) in paragraph at lines 3421--3422

[108]
Underfull \hbox (badness 10000) in paragraph at lines 3440--3444


Overfull \hbox (32.69319pt too wide) in paragraph at lines 3467--3483
\OT1/cmr/m/n/10.95 =[]\OMS/cmsy/m/n/10.95 )  j\OT1/cmr/m/n/10.95 (\OML/cmm/m/it
/10.95 T[]\OT1/cmr/m/n/10.95 )(\OML/cmm/m/it/10.95 x\OT1/cmr/m/n/10.95 ) \OMS/c
msy/m/n/10.95 ^^@ \OT1/cmr/m/n/10.95 (\OML/cmm/m/it/10.95 T[]\OT1/cmr/m/n/10.95
 )(\OML/cmm/m/it/10.95 x\OT1/cmr/m/n/10.95 )\OMS/cmsy/m/n/10.95 j ^^T \OML/cmm/
m/it/10.95 L\OMS/cmsy/m/n/10.95 jj\OML/cmm/m/it/10.95 u \OMS/cmsy/m/n/10.95 ^^@
 \OML/cmm/m/it/10.95 v\OMS/cmsy/m/n/10.95 jj[]\OT1/cmr/m/n/10.95 (\OML/cmm/m/it
/10.95 ^^^\OT1/cmr/m/n/10.95 (\OML/cmm/m/it/10.95 x\OT1/cmr/m/n/10.95 ) \OMS/cm
sy/m/n/10.95 ^^@ [] []\OT1/cmr/m/n/10.95 ) = []\OMS/cmsy/m/n/10.95 jj\OML/cmm/m
/it/10.95 u \OMS/cmsy/m/n/10.95 ^^@ \OML/cmm/m/it/10.95 v\OMS/cmsy/m/n/10.95 jj
\OT1/cmr/m/n/10.95 (\OML/cmm/m/it/10.95 ^^^\OT1/cmr/m/n/10.95 (\OML/cmm/m/it/10
.95 x\OT1/cmr/m/n/10.95 ) \OMS/cmsy/m/n/10.95 ^^@ [] []\OT1/cmr/m/n/10.95 )$ $ 
=[]\OMS/cmsy/m/n/10.95 )  [] ^^T
[109] [110] [111] [112]
Anhang A.
** Generating table of satz,wichtigedefinition
(./Ana3.thm [113]
Underfull \vbox (badness 5771) has occurred while \output is active [114])
(./Ana3.ind [115] [116]
Overfull \hbox (7.29721pt too wide) in paragraph at lines 3--5
[]$\OML/cmm/m/it/10.95 f$ \T1/cmr/m/n/10.95 ge-nügt auf $\OML/cmm/m/it/10.95 D$
 \T1/cmr/m/n/10.95 ei-ner Lip-schitz-be-din-gung (LB)

Overfull \hbox (2.4359pt too wide) in paragraph at lines 90--92
[]\T1/cmr/m/n/10.95 Lösung ei-ner ex-pli-zi-ten Dif-fe-ren-ti-al-glei-chung,
[117] [118])
Anhang B.

Underfull \hbox (badness 10000) in paragraph at lines 3552--3580

[119] (./Ana3.aux)

LaTeX Font Warning: Some font shapes were not available, defaults substituted.

 )
(see the transcript file for additional information){/usr/share/texmf/fonts/enc
/dvips/cm-super/cm-super-t1.enc}</usr/share/texmf-texlive/fonts/type1/public/am
sfonts/cm/cmbx10.pfb></usr/share/texmf-texlive/fonts/type1/public/amsfonts/cm/c
mbx8.pfb></usr/share/texmf-texlive/fonts/type1/public/amsfonts/cm/cmex10.pfb></
usr/share/texmf-texlive/fonts/type1/public/amsfonts/cmextra/cmex8.pfb></usr/sha
re/texmf-texlive/fonts/type1/public/amsfonts/cm/cmmi10.pfb></usr/share/texmf-te
xlive/fonts/type1/public/amsfonts/cm/cmmi12.pfb></usr/share/texmf-texlive/fonts
/type1/public/amsfonts/cm/cmmi6.pfb></usr/share/texmf-texlive/fonts/type1/publi
c/amsfonts/cm/cmmi8.pfb></usr/share/texmf-texlive/fonts/type1/public/amsfonts/c
m/cmmib10.pfb></usr/share/texmf-texlive/fonts/type1/public/amsfonts/cmextra/cmm
ib8.pfb></usr/share/texmf-texlive/fonts/type1/public/amsfonts/cm/cmr10.pfb></us
r/share/texmf-texlive/fonts/type1/public/amsfonts/cm/cmr12.pfb></usr/share/texm
f-texlive/fonts/type1/public/amsfonts/cm/cmr6.pfb></usr/share/texmf-texlive/fon
ts/type1/public/amsfonts/cm/cmr8.pfb></usr/share/texmf-texlive/fonts/type1/publ
ic/amsfonts/cm/cmsy10.pfb></usr/share/texmf-texlive/fonts/type1/public/amsfonts
/cm/cmsy6.pfb></usr/share/texmf-texlive/fonts/type1/public/amsfonts/cm/cmsy8.pf
b></usr/share/texmf-texlive/fonts/type1/public/amsfonts/euler/eufm10.pfb></usr/
share/texmf-texlive/fonts/type1/public/amsfonts/symbols/msam10.pfb></usr/share/
texmf-texlive/fonts/type1/public/amsfonts/symbols/msbm10.pfb></usr/share/texmf/
fonts/type1/public/cm-super/sfbx1095.pfb></usr/share/texmf/fonts/type1/public/c
m-super/sfrm0800.pfb></usr/share/texmf/fonts/type1/public/cm-super/sfrm1095.pfb
></usr/share/texmf/fonts/type1/public/cm-super/sfrm1440.pfb></usr/share/texmf/f
onts/type1/public/cm-super/sfsl1095.pfb></usr/share/texmf/fonts/type1/public/cm
-super/sfsx1095.pfb></usr/share/texmf/fonts/type1/public/cm-super/sfsx1440.pfb>
</usr/share/texmf/fonts/type1/public/cm-super/sfsx2074.pfb></usr/share/texmf/fo
nts/type1/public/cm-super/sfti1095.pfb></usr/share/texmf/fonts/type1/public/cm-
super/sftt1095.pfb></usr/share/texmf/fonts/type1/public/cm-super/sftt1440.pfb><
/usr/share/texmf-texlive/fonts/type1/hoekwater/stmaryrd/stmary10.pfb>
Output written on Ana3.pdf (119 pages, 944517 bytes).
Transcript written on Ana3.log.
Result: ExitSuccess

Running /usr/bin/convert -verbose Ana3.pdf[0] -resize 70x Ana3.png in an env with 4 entries:
"gs" -q -dQUIET -dSAFER -dBATCH -dNOPAUSE -dNOPROMPT -dMaxBitmap=500000000 -dAlignToPixels=0 -dGridFitTT=2 "-sDEVICE=pngalpha" -dTextAlphaBits=4 -dGraphicsAlphaBits=4 "-r72x72" -dFirstPage=1 -dLastPage=1 "-sOutputFile=/tmp/magick-w9fbMGjB-%08d" "-f/tmp/magick-R4GHttLH" "-f/tmp/magick-bqfU6kdO"
/tmp/magick-w9fbMGjB-00000001 PNG 595x842 595x842+0+0 8-bit DirectClass 10.5KB 0.000u 0:00.010
Ana3.pdf[0]=>Ana3.pdf PDF 595x842 595x842+0+0 16-bit DirectClass 10.5KB 0.000u 0:00.000
Ana3.pdf[0]=>Ana3.png PDF 595x842=>70x99 70x99+0+0 16-bit DirectClass 0.280u 0:00.079
Result: ExitSuccess

Running /usr/bin/optipng -verbose Ana3.png in an env with 4 entries:
OptiPNG 0.6.4: Advanced PNG optimizer.
Copyright (C) 2001-2010 Cosmin Truta.

** Processing: Ana3.png
70x99 pixels, 4x16 bits/pixel, RGB+alpha
Input IDAT size = 1060 bytes
Input file size = 3694 bytes

Trying:
  zc = 9  zm = 8  zs = 0  f = 0		IDAT size = 947
  zc = 9  zm = 8  zs = 1  f = 0		IDAT too big
  zc = 1  zm = 8  zs = 2  f = 0		IDAT too big
  zc = 9  zm = 8  zs = 3  f = 0		IDAT too big
  zc = 9  zm = 8  zs = 0  f = 5		IDAT too big
  zc = 9  zm = 8  zs = 1  f = 5		IDAT too big
  zc = 1  zm = 8  zs = 2  f = 5		IDAT too big
  zc = 9  zm = 8  zs = 3  f = 5		IDAT too big

Selecting parameters:
  zc = 9  zm = 8  zs = 0  f = 0		IDAT size = 947

Output IDAT size = 947 bytes (113 bytes decrease)
Output file size = 3581 bytes (113 bytes = 3.06% decrease)

** Status report
1 file(s) have been processed.
Result: ExitSuccess
