This is pdfTeX, Version 3.1415926-1.40.10 (TeX Live 2009/Debian) (format=pdflatex 2016.12.27)  27 DEC 2016 08:49
entering extended mode
 %&-line parsing enabled.
**DiffGeo2012Skript.tex
(data/DiffGeo2012Skript.tex
LaTeX2e <2009/09/24>
Babel <v3.8l> and hyphenation patterns for english, usenglishmax, dumylang, noh
yphenation, farsi, arabic, croatian, bulgarian, ukrainian, russian, czech, slov
ak, danish, dutch, finnish, french, basque, ngerman, german, german-x-2009-06-1
9, ngerman-x-2009-06-19, ibycus, monogreek, greek, ancientgreek, hungarian, san
skrit, italian, latin, latvian, lithuanian, mongolian2a, mongolian, bokmal, nyn
orsk, romanian, irish, coptic, serbian, turkish, welsh, esperanto, uppersorbian
, estonian, indonesian, interlingua, icelandic, kurmanji, slovenian, polish, po
rtuguese, spanish, galician, catalan, swedish, ukenglish, loaded.
(/usr/share/texmf-texlive/tex/latex/koma-script/scrbook.cls
Document Class: scrbook 2009/07/24 v3.04a KOMA-Script document class (book)
(/usr/share/texmf-texlive/tex/latex/koma-script/scrkbase.sty
Package: scrkbase 2009/07/24 v3.04a KOMA-Script package (KOMA-Script-dependent 
basics and keyval usage)

(/usr/share/texmf-texlive/tex/latex/koma-script/scrbase.sty
Package: scrbase 2009/07/24 v3.04a KOMA-Script package (KOMA-Script-independent
 basics and keyval usage)

(/usr/share/texmf-texlive/tex/latex/graphics/keyval.sty
Package: keyval 1999/03/16 v1.13 key=value parser (DPC)
\KV@toks@=\toks14
)
(/usr/share/texmf-texlive/tex/latex/koma-script/scrlfile.sty
Package: scrlfile 2009/03/25 v3.03 KOMA-Script package (loading files)

Package scrlfile, 2009/03/25 v3.03 KOMA-Script package (loading files)
                  Copyright (C) Markus Kohm

))) (/usr/share/texmf-texlive/tex/latex/koma-script/tocbasic.sty
Package: tocbasic 2009/06/08 v3.03b KOMA-Script package (handling toc-files)
)
Package tocbasic Info: omitting babel extension for `toc'
(tocbasic)             because of feature `nobabel' available
(tocbasic)             for `toc' on input line 117.
Package tocbasic Info: omitting babel extension for `lof'
(tocbasic)             because of feature `nobabel' available
(tocbasic)             for `lof' on input line 118.
Package tocbasic Info: omitting babel extension for `lot'
(tocbasic)             because of feature `nobabel' available
(tocbasic)             for `lot' on input line 119.
Class scrbook Info: File `scrsize11pt.clo' used instead of
(scrbook)           file `scrsize11.clo' to setup font sizes on input line 1272
.

(/usr/share/texmf-texlive/tex/latex/koma-script/scrsize11pt.clo
File: scrsize11pt.clo 2009/07/24 v3.04a KOMA-Script font size class option (11p
t)
)
(/usr/share/texmf-texlive/tex/latex/koma-script/typearea.sty
Package: typearea 2009/07/24 v3.04a KOMA-Script package (type area)

Package typearea, 2009/07/24 v3.04a KOMA-Script package (type area)
                  Copyright (C) Frank Neukam, 1992-1994
                  Copyright (C) Markus Kohm, 1994-

\ta@bcor=\skip41
\ta@div=\count79
\ta@hblk=\skip42
\ta@vblk=\skip43
\ta@temp=\skip44
Package typearea Info: These are the values describing the layout:
(typearea)             DIV  = 10
(typearea)             BCOR = 0.0pt
(typearea)             \paperwidth      = 597.50793pt
(typearea)              \textwidth      = 418.25555pt
(typearea)              DIV departure   = -6%
(typearea)              \evensidemargin = 47.2316pt
(typearea)              \oddsidemargin  = -12.5192pt
(typearea)             \paperheight     = 845.04694pt
(typearea)              \textheight     = 555.00024pt
(typearea)              \topmargin      = 12.2347pt
(typearea)              \headheight     = 17.0pt
(typearea)              \headsep        = 20.40001pt
(typearea)              \topskip        = 11.0pt
(typearea)              \footskip       = 47.60002pt
(typearea)              \baselineskip   = 13.6pt
(typearea)              on input line 1115.
)
\c@part=\count80
\c@chapter=\count81
\c@section=\count82
\c@subsection=\count83
\c@subsubsection=\count84
\c@paragraph=\count85
\c@subparagraph=\count86
\abovecaptionskip=\skip45
\belowcaptionskip=\skip46
\c@pti@nb@sid@b@x=\box26
\c@figure=\count87
\c@table=\count88
\bibindent=\dimen102
) (data/latexki.sty) (/usr/share/texmf-texlive/tex/latex/base/inputenc.sty
Package: inputenc 2008/03/30 v1.1d Input encoding file
\inpenc@prehook=\toks15
\inpenc@posthook=\toks16

(/usr/share/texmf-texlive/tex/latex/ucs/utf8x.def
File: utf8x.def 2004/10/17 UCS: Input encoding UTF-8
))
(/usr/share/texmf-texlive/tex/latex/ucs/ucs.sty
Package: ucs 2004/10/17 UCS: Unicode input support

(/usr/share/texmf-texlive/tex/latex/ucs/data/uni-global.def
File: uni-global.def 2004/10/17 UCS: Unicode global data
)
\uc@secondtry=\count89
\uc@combtoks=\toks17
\uc@combtoksb=\toks18
\uc@temptokena=\toks19
)
(/usr/share/texmf-texlive/tex/latex/base/fontenc.sty
Package: fontenc 2005/09/27 v1.99g Standard LaTeX package

(/usr/share/texmf-texlive/tex/latex/base/t1enc.def
File: t1enc.def 2005/09/27 v1.99g Standard LaTeX file
LaTeX Font Info:    Redeclaring font encoding T1 on input line 43.
))
(/usr/share/texmf/tex/latex/lm/lmodern.sty
Package: lmodern 2009/10/30 v1.6 Latin Modern Fonts
LaTeX Font Info:    Overwriting symbol font `operators' in version `normal'
(Font)                  OT1/cmr/m/n --> OT1/lmr/m/n on input line 22.
LaTeX Font Info:    Overwriting symbol font `letters' in version `normal'
(Font)                  OML/cmm/m/it --> OML/lmm/m/it on input line 23.
LaTeX Font Info:    Overwriting symbol font `symbols' in version `normal'
(Font)                  OMS/cmsy/m/n --> OMS/lmsy/m/n on input line 24.
LaTeX Font Info:    Overwriting symbol font `largesymbols' in version `normal'
(Font)                  OMX/cmex/m/n --> OMX/lmex/m/n on input line 25.
LaTeX Font Info:    Overwriting symbol font `operators' in version `bold'
(Font)                  OT1/cmr/bx/n --> OT1/lmr/bx/n on input line 26.
LaTeX Font Info:    Overwriting symbol font `letters' in version `bold'
(Font)                  OML/cmm/b/it --> OML/lmm/b/it on input line 27.
LaTeX Font Info:    Overwriting symbol font `symbols' in version `bold'
(Font)                  OMS/cmsy/b/n --> OMS/lmsy/b/n on input line 28.
LaTeX Font Info:    Overwriting symbol font `largesymbols' in version `bold'
(Font)                  OMX/cmex/m/n --> OMX/lmex/m/n on input line 29.
LaTeX Font Info:    Overwriting math alphabet `\mathbf' in version `normal'
(Font)                  OT1/cmr/bx/n --> OT1/lmr/bx/n on input line 31.
LaTeX Font Info:    Overwriting math alphabet `\mathsf' in version `normal'
(Font)                  OT1/cmss/m/n --> OT1/lmss/m/n on input line 32.
LaTeX Font Info:    Overwriting math alphabet `\mathit' in version `normal'
(Font)                  OT1/cmr/m/it --> OT1/lmr/m/it on input line 33.
LaTeX Font Info:    Overwriting math alphabet `\mathtt' in version `normal'
(Font)                  OT1/cmtt/m/n --> OT1/lmtt/m/n on input line 34.
LaTeX Font Info:    Overwriting math alphabet `\mathbf' in version `bold'
(Font)                  OT1/cmr/bx/n --> OT1/lmr/bx/n on input line 35.
LaTeX Font Info:    Overwriting math alphabet `\mathsf' in version `bold'
(Font)                  OT1/cmss/bx/n --> OT1/lmss/bx/n on input line 36.
LaTeX Font Info:    Overwriting math alphabet `\mathit' in version `bold'
(Font)                  OT1/cmr/bx/it --> OT1/lmr/bx/it on input line 37.
LaTeX Font Info:    Overwriting math alphabet `\mathtt' in version `bold'
(Font)                  OT1/cmtt/m/n --> OT1/lmtt/m/n on input line 38.
)
(/usr/share/texmf-texlive/tex/generic/babel/babel.sty
Package: babel 2008/07/06 v3.8l The Babel package

(/usr/share/texmf-texlive/tex/generic/babel/ngermanb.ldf
Language: ngermanb 2008/07/06 v2.6n new German support from the babel system

(/usr/share/texmf-texlive/tex/generic/babel/babel.def
File: babel.def 2008/07/06 v3.8l Babel common definitions
\babel@savecnt=\count90
\U@D=\dimen103
)
\l@naustrian = a dialect from \language\l@ngerman 
Package babel Info: Making " an active character on input line 92.
))
(/usr/share/texmf-texlive/tex/latex/geometry/geometry.sty
Package: geometry 2008/12/21 v4.2 Page Geometry

(/usr/share/texmf-texlive/tex/generic/oberdiek/ifpdf.sty
Package: ifpdf 2009/04/10 v2.0 Provides the ifpdf switch (HO)
Package ifpdf Info: pdfTeX in pdf mode detected.
)
(/usr/share/texmf-texlive/tex/generic/oberdiek/ifvtex.sty
Package: ifvtex 2008/11/04 v1.4 Switches for detecting VTeX and its modes (HO)
Package ifvtex Info: VTeX not detected.
)
\Gm@cnth=\count91
\Gm@cntv=\count92
\c@Gm@tempcnt=\count93
\Gm@bindingoffset=\dimen104
\Gm@wd@mp=\dimen105
\Gm@odd@mp=\dimen106
\Gm@even@mp=\dimen107
\Gm@dimlist=\toks20

(/usr/share/texmf-texlive/tex/xelatex/xetexconfig/geometry.cfg))
(/usr/share/texmf-texlive/tex/latex/fancyhdr/fancyhdr.sty
\fancy@headwidth=\skip47
\f@ncyO@elh=\skip48
\f@ncyO@erh=\skip49
\f@ncyO@olh=\skip50
\f@ncyO@orh=\skip51
\f@ncyO@elf=\skip52
\f@ncyO@erf=\skip53
\f@ncyO@olf=\skip54
\f@ncyO@orf=\skip55
)
(/usr/share/texmf/tex/latex/xcolor/xcolor.sty
Package: xcolor 2007/01/21 v2.11 LaTeX color extensions (UK)

(/etc/texmf/tex/latex/config/color.cfg
File: color.cfg 2007/01/18 v1.5 color configuration of teTeX/TeXLive
)
Package xcolor Info: Driver file: pdftex.def on input line 225.

(/usr/share/texmf-texlive/tex/latex/pdftex-def/pdftex.def
File: pdftex.def 2010/03/12 v0.04p Graphics/color for pdfTeX
\Gread@gobject=\count94
)
Package xcolor Info: Model `cmy' substituted by `cmy0' on input line 1337.
Package xcolor Info: Model `hsb' substituted by `rgb' on input line 1341.
Package xcolor Info: Model `RGB' extended on input line 1353.
Package xcolor Info: Model `HTML' substituted by `rgb' on input line 1355.
Package xcolor Info: Model `Hsb' substituted by `hsb' on input line 1356.
Package xcolor Info: Model `tHsb' substituted by `hsb' on input line 1357.
Package xcolor Info: Model `HSB' substituted by `hsb' on input line 1358.
Package xcolor Info: Model `Gray' substituted by `gray' on input line 1359.
Package xcolor Info: Model `wave' substituted by `hsb' on input line 1360.
)
(/usr/share/texmf-texlive/tex/latex/marginnote/marginnote.sty
Package: marginnote 2009/05/06 v1.1d non floating margin notes for LaTeX
\c@mn@abspage=\count95
)
(/usr/share/texmf-texlive/tex/latex/enumitem/enumitem.sty
Package: enumitem 2009/05/18 v2.2 Customized lists
\enit@toks=\toks21
\labelindent=\skip56
\enit@outerparindent=\dimen108
\enitdp@desc=\count96
)
(/usr/share/texmf-texlive/tex/latex/xifthen/xifthen.sty
Package: xifthen 2009/04/17 v1.3 Extended ifthen features

(/usr/share/texmf-texlive/tex/latex/etex-pkg/etex.sty
Package: etex 1998/03/26 v2.0 eTeX basic definition package (PEB)
\et@xins=\count97
)
(/usr/share/texmf-texlive/tex/latex/tools/calc.sty
Package: calc 2007/08/22 v4.3 Infix arithmetic (KKT,FJ)
\calc@Acount=\count98
\calc@Bcount=\count99
\calc@Adimen=\dimen109
\calc@Bdimen=\dimen110
\calc@Askip=\skip57
\calc@Bskip=\skip58
LaTeX Info: Redefining \setlength on input line 76.
LaTeX Info: Redefining \addtolength on input line 77.
\calc@Ccount=\count100
\calc@Cskip=\skip59
)
(/usr/share/texmf-texlive/tex/latex/base/ifthen.sty
Package: ifthen 2001/05/26 v1.1c Standard LaTeX ifthen package (DPC)
)
(/usr/share/texmf-texlive/tex/latex/ifmtarg/ifmtarg.sty
Package: ifmtarg 2009/09/02 v1.2a check for an empty argument
))
(/usr/share/texmf-texlive/tex/latex/index/index.sty
Package: index 2004/01/20 v4.2beta Improved index support (dmj)
\@indexbox=\insert233
\indexproofstyle=\toks22


LaTeX Warning: Command \markboth  has changed.
               Check if current package is valid.


LaTeX Warning: Command \markright  has changed.
               Check if current package is valid.

)
\idxtitle@default=\toks23
\tf@default=\write3
\openout3 = `DiffGeo2012Skript.idx'.

Package index Info: Writing index file DiffGeo2012Skript.idx on input line 68.
 (/usr/share/texmf-texlive/tex/latex/tools/xspace.sty
Package: xspace 2006/05/08 v1.12 Space after command names (DPC,MH)
)
(/usr/share/texmf-texlive/tex/latex/ltxmisc/ulem.sty
\UL@box=\box27
\UL@hyphenbox=\box28
\UL@skip=\skip60
\UL@hook=\toks24
\UL@pe=\count101
\UL@pixel=\dimen111
\ULC@box=\box29
Package: ulem 2000/05/26
\ULdepth=\dimen112
)
(/usr/share/texmf-texlive/tex/latex/ltxmisc/cancel.sty
Package: cancel 2000/03/12 v2.1 Cancel math terms
)
(/usr/share/texmf-texlive/tex/latex/units/units.sty
Package: units 1998/08/04 v0.9b Typesetting units

(/usr/share/texmf-texlive/tex/latex/units/nicefrac.sty
Package: nicefrac 1998/08/04 v0.9b Nice fractions
\L@UnitsRaiseDisplaystyle=\skip61
\L@UnitsRaiseTextstyle=\skip62
\L@UnitsRaiseScriptstyle=\skip63
))
(/usr/share/texmf-texlive/tex/latex/hyperref/hyperref.sty
Package: hyperref 2009/10/09 v6.79a Hypertext links for LaTeX

(/usr/share/texmf-texlive/tex/generic/ifxetex/ifxetex.sty
Package: ifxetex 2009/01/23 v0.5 Provides ifxetex conditional
)
(/usr/share/texmf-texlive/tex/latex/oberdiek/hycolor.sty
Package: hycolor 2009/10/02 v1.5 Code for color options of hyperref/bookmark (H
O)

(/usr/share/texmf-texlive/tex/latex/oberdiek/xcolor-patch.sty
Package: xcolor-patch 2009/10/02 xcolor patch
))
\@linkdim=\dimen113
\Hy@linkcounter=\count102
\Hy@pagecounter=\count103

(/usr/share/texmf-texlive/tex/latex/hyperref/pd1enc.def
File: pd1enc.def 2009/10/09 v6.79a Hyperref: PDFDocEncoding definition (HO)
)
(/usr/share/texmf-texlive/tex/generic/oberdiek/etexcmds.sty
Package: etexcmds 2007/12/12 v1.2 Prefix for e-TeX command names (HO)

(/usr/share/texmf-texlive/tex/generic/oberdiek/infwarerr.sty
Package: infwarerr 2007/09/09 v1.2 Providing info/warning/message (HO)
)
Package etexcmds Info: Could not find \expanded.
(etexcmds)             That can mean that you are not using pdfTeX 1.50 or
(etexcmds)             that some package has redefined \expanded.
(etexcmds)             In the latter case, load this package earlier.
)
(/usr/share/texmf-texlive/tex/latex/latexconfig/hyperref.cfg
File: hyperref.cfg 2002/06/06 v1.2 hyperref configuration of TeXLive
)
(/usr/share/texmf-texlive/tex/latex/oberdiek/kvoptions.sty
Package: kvoptions 2009/08/13 v3.4 Keyval support for LaTeX options (HO)

(/usr/share/texmf-texlive/tex/generic/oberdiek/kvsetkeys.sty
Package: kvsetkeys 2009/07/30 v1.5 Key value parser with default handler suppor
t (HO)
))
Package hyperref Info: Option `hyperindex' set `true' on input line 2864.
Package hyperref Info: Hyper figures OFF on input line 2975.
Package hyperref Info: Link nesting OFF on input line 2980.
Package hyperref Info: Hyper index ON on input line 2983.
Package hyperref Info: Plain pages OFF on input line 2990.
Package hyperref Info: Backreferencing OFF on input line 2995.

Implicit mode ON; LaTeX internals redefined
Package hyperref Info: Bookmarks ON on input line 3191.
(/usr/share/texmf-texlive/tex/latex/ltxmisc/url.sty
\Urlmuskip=\muskip10
Package: url 2006/04/12  ver 3.3  Verb mode for urls, etc.
)
LaTeX Info: Redefining \url on input line 3428.

(/usr/share/texmf-texlive/tex/generic/oberdiek/bitset.sty
Package: bitset 2007/09/28 v1.0 Data type bit set (HO)

(/usr/share/texmf-texlive/tex/generic/oberdiek/intcalc.sty
Package: intcalc 2007/09/27 v1.1 Expandable integer calculations (HO)
)
(/usr/share/texmf-texlive/tex/generic/oberdiek/bigintcalc.sty
Package: bigintcalc 2007/11/11 v1.1 Expandable big integer calculations (HO)

(/usr/share/texmf-texlive/tex/generic/oberdiek/pdftexcmds.sty
Package: pdftexcmds 2009/09/23 v0.6 LuaTeX support for pdfTeX utility functions
 (HO)

(/usr/share/texmf-texlive/tex/generic/oberdiek/ifluatex.sty
Package: ifluatex 2009/04/17 v1.2 Provides the ifluatex switch (HO)
Package ifluatex Info: LuaTeX not detected.
)
(/usr/share/texmf-texlive/tex/generic/oberdiek/ltxcmds.sty
Package: ltxcmds 2009/08/05 v1.0 Some LaTeX kernel commands for general use (HO
)
)
Package pdftexcmds Info: LuaTeX not detected.
Package pdftexcmds Info: \pdf@primitive is available.
Package pdftexcmds Info: \pdf@ifprimitive is available.
)))
\Fld@menulength=\count104
\Field@Width=\dimen114
\Fld@charsize=\dimen115
\Field@toks=\toks25
Package hyperref Info: Hyper figures OFF on input line 4377.
Package hyperref Info: Link nesting OFF on input line 4382.
Package hyperref Info: Hyper index ON on input line 4385.
Package hyperref Info: backreferencing OFF on input line 4392.
Package hyperref Info: Link coloring OFF on input line 4397.
Package hyperref Info: Link coloring with OCG OFF on input line 4402.
Package hyperref Info: PDF/A mode OFF on input line 4407.

(/usr/share/texmf-texlive/tex/generic/oberdiek/atbegshi.sty
Package: atbegshi 2008/07/31 v1.9 At begin shipout hook (HO)
)
\Hy@abspage=\count105
\c@Item=\count106
\c@Hfootnote=\count107
)
*hyperref using default driver hpdftex*
(/usr/share/texmf-texlive/tex/latex/hyperref/hpdftex.def
File: hpdftex.def 2009/10/09 v6.79a Hyperref driver for pdfTeX
\Fld@listcount=\count108
)
Package hyperref Info: Option `colorlinks' set `true' on input line 101.
Package hyperref Info: Option `bookmarksopen' set `true' on input line 101.
Package hyperref Info: Option `bookmarksnumbered' set `true' on input line 101.



Package hyperref Warning: Option `backref' has already been used,
(hyperref)                setting the option has no effect on input line 101.


Package hyperref Warning: Option `pagebackref' has already been used,
(hyperref)                setting the option has no effect on input line 101.


Package hyperref Warning: Values of option `pdfpagemode':
(hyperref)                * `UseNone'
(hyperref)                * `UseOutlines'
(hyperref)                * `UseThumbs'
(hyperref)                * `FullScreen'
(hyperref)                * `UseOC' (PDF 1.5)
(hyperref)                * `UseAttachments' (PDF 1.6)
(hyperref)                * An empty value disables the option.
(hyperref)                Unknown value `None' on input line 101.

(/usr/share/texmf/tex/latex/pgf/frontendlayer/tikz.sty
(/usr/share/texmf/tex/latex/pgf/basiclayer/pgf.sty
(/usr/share/texmf/tex/latex/pgf/utilities/pgfrcs.sty
(/usr/share/texmf/tex/generic/pgf/utilities/pgfutil-common.tex
\pgfutil@everybye=\toks26
)
(/usr/share/texmf/tex/generic/pgf/utilities/pgfutil-latex.def
\pgfutil@abb=\box30

(/usr/share/texmf-texlive/tex/latex/ms/everyshi.sty
Package: everyshi 2001/05/15 v3.00 EveryShipout Package (MS)
))
(/usr/share/texmf/tex/generic/pgf/utilities/pgfrcs.code.tex
Package: pgfrcs 2010/10/25 v2.10 (rcs-revision 1.24)
))
Package: pgf 2008/01/15 v2.10 (rcs-revision 1.12)

(/usr/share/texmf/tex/latex/pgf/basiclayer/pgfcore.sty
(/usr/share/texmf-texlive/tex/latex/graphics/graphicx.sty
Package: graphicx 1999/02/16 v1.0f Enhanced LaTeX Graphics (DPC,SPQR)

(/usr/share/texmf-texlive/tex/latex/graphics/graphics.sty
Package: graphics 2009/02/05 v1.0o Standard LaTeX Graphics (DPC,SPQR)

(/usr/share/texmf-texlive/tex/latex/graphics/trig.sty
Package: trig 1999/03/16 v1.09 sin cos tan (DPC)
)
(/etc/texmf/tex/latex/config/graphics.cfg
File: graphics.cfg 2009/08/28 v1.8 graphics configuration of TeX Live
)
Package graphics Info: Driver file: pdftex.def on input line 91.
)
\Gin@req@height=\dimen116
\Gin@req@width=\dimen117
)
(/usr/share/texmf/tex/latex/pgf/systemlayer/pgfsys.sty
(/usr/share/texmf/tex/generic/pgf/systemlayer/pgfsys.code.tex
Package: pgfsys 2010/06/30 v2.10 (rcs-revision 1.37)

(/usr/share/texmf/tex/generic/pgf/utilities/pgfkeys.code.tex
\pgfkeys@pathtoks=\toks27
\pgfkeys@temptoks=\toks28

(/usr/share/texmf/tex/generic/pgf/utilities/pgfkeysfiltered.code.tex
\pgfkeys@tmptoks=\toks29
))
\pgf@x=\dimen118
\pgf@y=\dimen119
\pgf@xa=\dimen120
\pgf@ya=\dimen121
\pgf@xb=\dimen122
\pgf@yb=\dimen123
\pgf@xc=\dimen124
\pgf@yc=\dimen125
\w@pgf@writea=\write4
\r@pgf@reada=\read1
\c@pgf@counta=\count109
\c@pgf@countb=\count110
\c@pgf@countc=\count111
\c@pgf@countd=\count112

(/usr/share/texmf/tex/generic/pgf/systemlayer/pgf.cfg
File: pgf.cfg 2008/05/14  (rcs-revision 1.7)
)
Package pgfsys Info: Driver file for pgf: pgfsys-pdftex.def on input line 900.

(/usr/share/texmf/tex/generic/pgf/systemlayer/pgfsys-pdftex.def
File: pgfsys-pdftex.def 2009/05/22  (rcs-revision 1.26)

(/usr/share/texmf/tex/generic/pgf/systemlayer/pgfsys-common-pdf.def
File: pgfsys-common-pdf.def 2008/05/19  (rcs-revision 1.10)
)))
(/usr/share/texmf/tex/generic/pgf/systemlayer/pgfsyssoftpath.code.tex
File: pgfsyssoftpath.code.tex 2008/07/18  (rcs-revision 1.7)
\pgfsyssoftpath@smallbuffer@items=\count113
\pgfsyssoftpath@bigbuffer@items=\count114
)
(/usr/share/texmf/tex/generic/pgf/systemlayer/pgfsysprotocol.code.tex
File: pgfsysprotocol.code.tex 2006/10/16  (rcs-revision 1.4)
))
(/usr/share/texmf/tex/generic/pgf/basiclayer/pgfcore.code.tex
Package: pgfcore 2010/04/11 v2.10 (rcs-revision 1.7)

(/usr/share/texmf/tex/generic/pgf/math/pgfmath.code.tex
(/usr/share/texmf/tex/generic/pgf/math/pgfmathcalc.code.tex
(/usr/share/texmf/tex/generic/pgf/math/pgfmathutil.code.tex)
(/usr/share/texmf/tex/generic/pgf/math/pgfmathparser.code.tex
\pgfmath@dimen=\dimen126
\pgfmath@count=\count115
\pgfmath@box=\box31
\pgfmath@toks=\toks30
\pgfmath@stack@operand=\toks31
\pgfmath@stack@operation=\toks32
)
(/usr/share/texmf/tex/generic/pgf/math/pgfmathfunctions.code.tex
(/usr/share/texmf/tex/generic/pgf/math/pgfmathfunctions.basic.code.tex)
(/usr/share/texmf/tex/generic/pgf/math/pgfmathfunctions.trigonometric.code.tex)
(/usr/share/texmf/tex/generic/pgf/math/pgfmathfunctions.random.code.tex)
(/usr/share/texmf/tex/generic/pgf/math/pgfmathfunctions.comparison.code.tex)
(/usr/share/texmf/tex/generic/pgf/math/pgfmathfunctions.base.code.tex)
(/usr/share/texmf/tex/generic/pgf/math/pgfmathfunctions.round.code.tex)
(/usr/share/texmf/tex/generic/pgf/math/pgfmathfunctions.misc.code.tex)))
(/usr/share/texmf/tex/generic/pgf/math/pgfmathfloat.code.tex
\c@pgfmathroundto@lastzeros=\count116
))
(/usr/share/texmf/tex/generic/pgf/basiclayer/pgfcorepoints.code.tex
File: pgfcorepoints.code.tex 2010/04/09  (rcs-revision 1.20)
\pgf@picminx=\dimen127
\pgf@picmaxx=\dimen128
\pgf@picminy=\dimen129
\pgf@picmaxy=\dimen130
\pgf@pathminx=\dimen131
\pgf@pathmaxx=\dimen132
\pgf@pathminy=\dimen133
\pgf@pathmaxy=\dimen134
\pgf@xx=\dimen135
\pgf@xy=\dimen136
\pgf@yx=\dimen137
\pgf@yy=\dimen138
\pgf@zx=\dimen139
\pgf@zy=\dimen140
)
(/usr/share/texmf/tex/generic/pgf/basiclayer/pgfcorepathconstruct.code.tex
File: pgfcorepathconstruct.code.tex 2010/08/03  (rcs-revision 1.24)
\pgf@path@lastx=\dimen141
\pgf@path@lasty=\dimen142
)
(/usr/share/texmf/tex/generic/pgf/basiclayer/pgfcorepathusage.code.tex
File: pgfcorepathusage.code.tex 2008/04/22  (rcs-revision 1.12)
\pgf@shorten@end@additional=\dimen143
\pgf@shorten@start@additional=\dimen144
)
(/usr/share/texmf/tex/generic/pgf/basiclayer/pgfcorescopes.code.tex
File: pgfcorescopes.code.tex 2010/09/08  (rcs-revision 1.34)
\pgfpic=\box32
\pgf@hbox=\box33
\pgf@layerbox@main=\box34
\pgf@picture@serial@count=\count117
)
(/usr/share/texmf/tex/generic/pgf/basiclayer/pgfcoregraphicstate.code.tex
File: pgfcoregraphicstate.code.tex 2008/04/22  (rcs-revision 1.9)
\pgflinewidth=\dimen145
)
(/usr/share/texmf/tex/generic/pgf/basiclayer/pgfcoretransformations.code.tex
File: pgfcoretransformations.code.tex 2009/06/10  (rcs-revision 1.11)
\pgf@pt@x=\dimen146
\pgf@pt@y=\dimen147
\pgf@pt@temp=\dimen148
)
(/usr/share/texmf/tex/generic/pgf/basiclayer/pgfcorequick.code.tex
File: pgfcorequick.code.tex 2008/10/09  (rcs-revision 1.3)
)
(/usr/share/texmf/tex/generic/pgf/basiclayer/pgfcoreobjects.code.tex
File: pgfcoreobjects.code.tex 2006/10/11  (rcs-revision 1.2)
)
(/usr/share/texmf/tex/generic/pgf/basiclayer/pgfcorepathprocessing.code.tex
File: pgfcorepathprocessing.code.tex 2008/10/09  (rcs-revision 1.8)
)
(/usr/share/texmf/tex/generic/pgf/basiclayer/pgfcorearrows.code.tex
File: pgfcorearrows.code.tex 2008/04/23  (rcs-revision 1.11)
)
(/usr/share/texmf/tex/generic/pgf/basiclayer/pgfcoreshade.code.tex
File: pgfcoreshade.code.tex 2008/11/23  (rcs-revision 1.13)
\pgf@max=\dimen149
\pgf@sys@shading@range@num=\count118
)
(/usr/share/texmf/tex/generic/pgf/basiclayer/pgfcoreimage.code.tex
File: pgfcoreimage.code.tex 2010/03/25  (rcs-revision 1.16)

(/usr/share/texmf/tex/generic/pgf/basiclayer/pgfcoreexternal.code.tex
File: pgfcoreexternal.code.tex 2010/09/01  (rcs-revision 1.17)
\pgfexternal@startupbox=\box35
))
(/usr/share/texmf/tex/generic/pgf/basiclayer/pgfcorelayers.code.tex
File: pgfcorelayers.code.tex 2010/08/27  (rcs-revision 1.2)
)
(/usr/share/texmf/tex/generic/pgf/basiclayer/pgfcoretransparency.code.tex
File: pgfcoretransparency.code.tex 2008/01/17  (rcs-revision 1.2)
)
(/usr/share/texmf/tex/generic/pgf/basiclayer/pgfcorepatterns.code.tex
File: pgfcorepatterns.code.tex 2009/07/02  (rcs-revision 1.3)
)))
(/usr/share/texmf/tex/generic/pgf/modules/pgfmoduleshapes.code.tex
File: pgfmoduleshapes.code.tex 2010/09/09  (rcs-revision 1.13)
\pgfnodeparttextbox=\box36
)
(/usr/share/texmf/tex/generic/pgf/modules/pgfmoduleplot.code.tex
File: pgfmoduleplot.code.tex 2010/10/22  (rcs-revision 1.8)
)
(/usr/share/texmf/tex/latex/pgf/compatibility/pgfcomp-version-0-65.sty
Package: pgfcomp-version-0-65 2007/07/03 v2.10 (rcs-revision 1.7)
\pgf@nodesepstart=\dimen150
\pgf@nodesepend=\dimen151
)
(/usr/share/texmf/tex/latex/pgf/compatibility/pgfcomp-version-1-18.sty
Package: pgfcomp-version-1-18 2007/07/23 v2.10 (rcs-revision 1.1)
))
(/usr/share/texmf/tex/latex/pgf/utilities/pgffor.sty
(/usr/share/texmf/tex/latex/pgf/utilities/pgfkeys.sty
(/usr/share/texmf/tex/generic/pgf/utilities/pgfkeys.code.tex))
(/usr/share/texmf/tex/generic/pgf/utilities/pgffor.code.tex
Package: pgffor 2010/03/23 v2.10 (rcs-revision 1.18)
\pgffor@iter=\dimen152
\pgffor@skip=\dimen153
\pgffor@stack=\toks33
\pgffor@toks=\toks34
))
(/usr/share/texmf/tex/generic/pgf/frontendlayer/tikz/tikz.code.tex
Package: tikz 2010/10/13 v2.10 (rcs-revision 1.76)

(/usr/share/texmf/tex/generic/pgf/libraries/pgflibraryplothandlers.code.tex
File: pgflibraryplothandlers.code.tex 2010/05/31 v2.10 (rcs-revision 1.15)
\pgf@plot@mark@count=\count119
\pgfplotmarksize=\dimen154
)
\tikz@lastx=\dimen155
\tikz@lasty=\dimen156
\tikz@lastxsaved=\dimen157
\tikz@lastysaved=\dimen158
\tikzleveldistance=\dimen159
\tikzsiblingdistance=\dimen160
\tikz@figbox=\box37
\tikz@tempbox=\box38
\tikztreelevel=\count120
\tikznumberofchildren=\count121
\tikznumberofcurrentchild=\count122
\tikz@fig@count=\count123

(/usr/share/texmf/tex/generic/pgf/modules/pgfmodulematrix.code.tex
File: pgfmodulematrix.code.tex 2010/08/24  (rcs-revision 1.4)
\pgfmatrixcurrentrow=\count124
\pgfmatrixcurrentcolumn=\count125
\pgf@matrix@numberofcolumns=\count126
)
\tikz@expandcount=\count127

(/usr/share/texmf/tex/generic/pgf/frontendlayer/tikz/libraries/tikzlibrarytopat
hs.code.tex
File: tikzlibrarytopaths.code.tex 2008/06/17 v2.10 (rcs-revision 1.2)
)))
(/usr/share/texmf/tex/generic/pgf/frontendlayer/tikz/libraries/tikzlibrarymatri
x.code.tex
File: tikzlibrarymatrix.code.tex 2008/06/18 v2.10 (rcs-revision 1.2)
)
(/usr/share/texmf/tex/generic/pgf/frontendlayer/tikz/libraries/tikzlibraryarrow
s.code.tex
File: tikzlibraryarrows.code.tex 2008/01/09 v2.10 (rcs-revision 1.1)

(/usr/share/texmf/tex/generic/pgf/libraries/pgflibraryarrows.code.tex
File: pgflibraryarrows.code.tex 2008/10/27 v2.10 (rcs-revision 1.9)
\arrowsize=\dimen161
))
(/usr/share/texmf/tex/generic/pgf/frontendlayer/tikz/libraries/tikzlibrarycalc.
code.tex
File: tikzlibrarycalc.code.tex 2009/09/04 v2.10 (rcs-revision 1.6)
)
(/usr/share/texmf/tex/generic/pgf/frontendlayer/tikz/libraries/tikzlibraryinter
sections.code.tex
(/usr/share/texmf/tex/generic/pgf/libraries/pgflibraryintersections.code.tex
\pgf@intersect@solutions=\count128
))
(/usr/share/texmf/tex/generic/pgf/frontendlayer/tikz/libraries/tikzlibrarythrou
gh.code.tex
File: tikzlibrarythrough.code.tex 2008/02/03 v2.10 (rcs-revision 1.1)
)
(/usr/share/texmf/tex/generic/pgf/frontendlayer/tikz/libraries/tikzlibraryposit
ioning.code.tex
File: tikzlibrarypositioning.code.tex 2008/10/06 v2.10 (rcs-revision 1.7)
)
(/usr/share/texmf/tex/generic/pgf/frontendlayer/tikz/libraries/tikzlibrarypatte
rns.code.tex
File: tikzlibrarypatterns.code.tex 2008/01/15 v2.10 (rcs-revision 1.2)

(/usr/share/texmf/tex/generic/pgf/libraries/pgflibrarypatterns.code.tex
File: pgflibrarypatterns.code.tex 2008/03/03 v2.10 (rcs-revision 1.13)
))
(/usr/share/texmf/tex/generic/pgf/frontendlayer/tikz/libraries/tikzlibrarydecor
ations.text.code.tex
(/usr/share/texmf/tex/generic/pgf/frontendlayer/tikz/libraries/tikzlibrarydecor
ations.code.tex
(/usr/share/texmf/tex/generic/pgf/modules/pgfmoduledecorations.code.tex
\pgfdecoratedcompleteddistance=\dimen162
\pgfdecoratedremainingdistance=\dimen163
\pgfdecoratedinputsegmentcompleteddistance=\dimen164
\pgfdecoratedinputsegmentremainingdistance=\dimen165
\pgf@decorate@distancetomove=\dimen166
\pgf@decorate@repeatstate=\count129
\pgfdecorationsegmentamplitude=\dimen167
\pgfdecorationsegmentlength=\dimen168
)
\tikz@lib@dec@box=\box39
)
(/usr/share/texmf/tex/generic/pgf/libraries/decorations/pgflibrarydecorations.t
ext.code.tex
\pgf@lib@dec@text@box=\box40
))
(/usr/share/texmf/tex/generic/pgf/frontendlayer/tikz/libraries/tikzlibrarydecor
ations.pathmorphing.code.tex
(/usr/share/texmf/tex/generic/pgf/libraries/decorations/pgflibrarydecorations.p
athmorphing.code.tex))
(/usr/share/texmf/tex/generic/pgf/frontendlayer/tikz/libraries/tikzlibrarydecor
ations.markings.code.tex
(/usr/share/texmf/tex/generic/pgf/libraries/decorations/pgflibrarydecorations.m
arkings.code.tex))
(/usr/share/texmf/tex/generic/pgf/frontendlayer/tikz/libraries/tikzlibrarydecor
ations.pathreplacing.code.tex
(/usr/share/texmf/tex/generic/pgf/libraries/decorations/pgflibrarydecorations.p
athreplacing.code.tex))
(/usr/share/texmf-texlive/tex/latex/glossaries/base/glossaries.sty
Package: glossaries 2009/09/23 v2.03 (NLCT)

(/usr/share/texmf-texlive/tex/latex/xkeyval/xkeyval.sty
Package: xkeyval 2008/08/13 v2.6a package option processing (HA)

(/usr/share/texmf-texlive/tex/generic/xkeyval/xkeyval.tex
\XKV@toks=\toks35
\XKV@tempa@toks=\toks36
\XKV@depth=\count130
File: xkeyval.tex 2008/08/13 v2.6a key=value parser (HA)
))
(/usr/share/texmf-texlive/tex/latex/glossaries/base/mfirstuc.sty
Package: mfirstuc 2008/12/22 v1.03 (NLCT)
)
(/usr/share/texmf-texlive/tex/latex/xfor/xfor.sty
Package: xfor 2009/02/05 v1.05 (NLCT)
)
(/usr/share/texmf-texlive/tex/latex/amsmath/amsgen.sty
File: amsgen.sty 1999/11/30 v2.0
\@emptytoks=\toks37
\ex@=\dimen169
)
(/usr/share/texmf/tex/latex/beamer/base/translator/translator.sty
Package: translator 2010/06/12 ver 1.10

(/usr/share/texmf/tex/latex/beamer/base/translator/translator-language-mappings
.tex))
\gls@level=\count131
\@gls@tmpb=\toks38
\gls@tmplen=\skip64
\istfile=\write5

(/usr/share/texmf-texlive/tex/latex/glossaries/styles/glossary-hypernav.sty
Package: glossary-hypernav 2007/07/04 v1.01 (NLCT)
)
(/usr/share/texmf-texlive/tex/latex/glossaries/styles/glossary-list.sty
Package: glossary-list 2009/05/30 v2.01 (NLCT)
\glslistdottedwidth=\skip65
)
(/usr/share/texmf-texlive/tex/latex/glossaries/styles/glossary-long.sty
Package: glossary-long 2009/05/30 v2.01 (NLCT)

(/usr/share/texmf-texlive/tex/latex/tools/longtable.sty
Package: longtable 2004/02/01 v4.11 Multi-page Table package (DPC)
\LTleft=\skip66
\LTright=\skip67
\LTpre=\skip68
\LTpost=\skip69
\LTchunksize=\count132
\LTcapwidth=\dimen170
\LT@head=\box41
\LT@firsthead=\box42
\LT@foot=\box43
\LT@lastfoot=\box44
\LT@cols=\count133
\LT@rows=\count134
\c@LT@tables=\count135
\c@LT@chunks=\count136
\LT@p@ftn=\toks39
)
Class scrbook Info: longtable captions redefined on input line 43.
\glsdescwidth=\skip70
\glspagelistwidth=\skip71
)
(/usr/share/texmf-texlive/tex/latex/glossaries/styles/glossary-super.sty
Package: glossary-super 2009/05/30 v2.01 (NLCT)

(/usr/share/texmf-texlive/tex/latex/supertabular/supertabular.sty
Package: supertabular 2004/02/20 v4.1e the supertabular environment
\c@tracingst=\count137
\ST@wd=\dimen171
\ST@rightskip=\skip72
\ST@leftskip=\skip73
\ST@parfillskip=\skip74
\ST@pageleft=\dimen172
\ST@headht=\dimen173
\ST@tailht=\dimen174
\ST@pagesofar=\dimen175
\ST@pboxht=\dimen176
\ST@lineht=\dimen177
\ST@stretchht=\dimen178
\ST@prevht=\dimen179
\ST@toadd=\dimen180
\ST@dimen=\dimen181
\ST@pbox=\box45
))
(/usr/share/texmf-texlive/tex/latex/glossaries/styles/glossary-tree.sty
Package: glossary-tree 2009/01/14 v1.01 (NLCT)
\glstreeindent=\skip75
))
\glo@main@file=\write6
\openout6 = `DiffGeo2012Skript.glo'.

Package glossaries Info: Writing glossary file DiffGeo2012Skript.glo on input l
ine 212.

(/usr/share/texmf-texlive/tex/latex/amsmath/amsmath.sty
Package: amsmath 2000/07/18 v2.13 AMS math features
\@mathmargin=\skip76

For additional information on amsmath, use the `?' option.
(/usr/share/texmf-texlive/tex/latex/amsmath/amstext.sty
Package: amstext 2000/06/29 v2.01
)
(/usr/share/texmf-texlive/tex/latex/amsmath/amsbsy.sty
Package: amsbsy 1999/11/29 v1.2d
\pmbraise@=\dimen182
)
(/usr/share/texmf-texlive/tex/latex/amsmath/amsopn.sty
Package: amsopn 1999/12/14 v2.01 operator names
)
\inf@bad=\count138
LaTeX Info: Redefining \frac on input line 211.
\uproot@=\count139
\leftroot@=\count140
LaTeX Info: Redefining \overline on input line 307.
\classnum@=\count141
\DOTSCASE@=\count142
LaTeX Info: Redefining \ldots on input line 379.
LaTeX Info: Redefining \dots on input line 382.
LaTeX Info: Redefining \cdots on input line 467.
\Mathstrutbox@=\box46
\strutbox@=\box47
\big@size=\dimen183
LaTeX Font Info:    Redeclaring font encoding OML on input line 567.
LaTeX Font Info:    Redeclaring font encoding OMS on input line 568.
\macc@depth=\count143
\c@MaxMatrixCols=\count144
\dotsspace@=\muskip11
\c@parentequation=\count145
\dspbrk@lvl=\count146
\tag@help=\toks40
\row@=\count147
\column@=\count148
\maxfields@=\count149
\andhelp@=\toks41
\eqnshift@=\dimen184
\alignsep@=\dimen185
\tagshift@=\dimen186
\tagwidth@=\dimen187
\totwidth@=\dimen188
\lineht@=\dimen189
\@envbody=\toks42
\multlinegap=\skip77
\multlinetaggap=\skip78
\mathdisplay@stack=\toks43
LaTeX Info: Redefining \[ on input line 2666.
LaTeX Info: Redefining \] on input line 2667.
)
(/usr/share/texmf-texlive/tex/latex/amsfonts/amssymb.sty
Package: amssymb 2009/06/22 v3.00

(/usr/share/texmf-texlive/tex/latex/amsfonts/amsfonts.sty
Package: amsfonts 2009/06/22 v3.00 Basic AMSFonts support
\symAMSa=\mathgroup4
\symAMSb=\mathgroup5
LaTeX Font Info:    Overwriting math alphabet `\mathfrak' in version `bold'
(Font)                  U/euf/m/n --> U/euf/b/n on input line 96.
))
(/usr/share/texmf-texlive/tex/latex/stmaryrd/stmaryrd.sty
Package: stmaryrd 1994/03/03 St Mary's Road symbol package
\symstmry=\mathgroup6
LaTeX Font Info:    Overwriting symbol font `stmry' in version `bold'
(Font)                  U/stmry/m/n --> U/stmry/b/n on input line 89.
)
(/usr/share/texmf-texlive/tex/latex/tools/bm.sty
Package: bm 2004/02/26 v1.1c Bold Symbol Support (DPC/FMi)
\symboldoperators=\mathgroup7
\symboldletters=\mathgroup8
\symboldsymbols=\mathgroup9
\symboldstmry=\mathgroup10
LaTeX Font Info:    Redeclaring math alphabet \mathbf on input line 138.
LaTeX Info: Redefining \bm on input line 204.
)
(/usr/share/texmf-texlive/tex/latex/ntheorem/ntheorem.sty
Style `ntheorem', Version 1.25 <2005/07/07>
Package: ntheorem 2005/07/07 1.25
\theorem@style=\toks44
\theorem@@style=\toks45
\theorembodyfont=\toks46
\theoremnumbering=\toks47
\theorempreskipamount=\skip79
\theorempostskipamount=\skip80
\theoremindent=\dimen190
\theorem@indent=\dimen191
\theoremheaderfont=\toks48
\theoremseparator=\toks49
\theoremprework=\toks50
\theorempostwork=\toks51
\theoremsymbol=\toks52
\qedsymbol=\toks53
\theoremkeyword=\toks54
\qedsymbol=\toks55
\thm@topsepadd=\skip81
Package ntheorem Info: Option `thmmarks' loaded on input line 1029.
\c@endNonectr=\count150
\c@currNonectr=\count151
\mysavskip=\skip82
Package ntheorem Info: Option `thref' loaded on input line 1029.
\mysavskip=\skip83
Package ntheorem Info: option `amsmath' handling for `thref' loaded on input li
ne 1029.
Package ntheorem Info: option `amsmath' handling for `thmmarks' loaded on input
 line 1029.
\thm@amstmpdepth=\dimen192
)
\c@currDfnctr=\count152
\c@endDfnctr=\count153
\c@Dfn=\count154
\c@currSatzctr=\count155
\c@endSatzctr=\count156
\c@currLemmactr=\count157
\c@endLemmactr=\count158
\c@currKorctr=\count159
\c@endKorctr=\count160
\c@currPropctr=\count161
\c@endPropctr=\count162
\c@currBspctr=\count163
\c@endBspctr=\count164
\c@currBspectr=\count165
\c@endBspectr=\count166
\c@currBemctr=\count167
\c@endBemctr=\count168
\c@currdfnctr=\count169
\c@enddfnctr=\count170
\c@dfn=\count171
\c@currsatzctr=\count172
\c@endsatzctr=\count173
\c@satz=\count174
\c@currlemmactr=\count175
\c@endlemmactr=\count176
\c@lemma=\count177
\c@currkorctr=\count178
\c@endkorctr=\count179
\c@kor=\count180
\c@currpropctr=\count181
\c@endpropctr=\count182
\c@prop=\count183
\c@currbspctr=\count184
\c@endbspctr=\count185
\c@bsp=\count186
\c@currbspectr=\count187
\c@endbspectr=\count188
\c@bspe=\count189
\c@currbemctr=\count190
\c@endbemctr=\count191
\c@bem=\count192
\c@currbewctr=\count193
\c@endbewctr=\count194
\c@bew=\count195
\c@curremptythmctr=\count196
\c@endemptythmctr=\count197
\c@emptythm=\count198
\c@currAufgctr=\count199
\c@endAufgctr=\count200
\c@Aufg=\count201
\c@currLoesctr=\count202
\c@endLoesctr=\count203
\c@Loes=\count204
 (/usr/share/texmf-texlive/tex/latex/mh/mathtools.sty
Package: mathtools 2008/08/01 v1.06 mathematical typesetting tools (MH)

(/usr/share/texmf-texlive/tex/latex/mh/mhsetup.sty
Package: mhsetup 2007/12/03 v1.2 programming setup (MH)
)
\g_MT_multlinerow_int=\count205
\l_MT_multwidth_dim=\dimen193
)
(/usr/share/texmf-texlive/tex/latex/float/float.sty
Package: float 2001/11/08 v1.3d Float enhancements (AL)
\c@float@type=\count206
\float@exts=\toks56
\float@box=\box48
\@float@everytoks=\toks57
\@floatcapt=\box49
)
(/usr/share/texmf-texlive/tex/latex/oberdiek/transparent.sty
Package: transparent 2007/01/08 v1.0 Using a pdfTeX's color stack for transpare
ncy (HO)

(/usr/share/texmf-texlive/tex/latex/oberdiek/auxhook.sty
Package: auxhook 2007/04/06 v1.1 Hooks for auxiliary files (HO)
))
(/usr/share/texmf-texlive/tex/latex/wrapfig/wrapfig.sty
\wrapoverhang=\dimen194
\WF@size=\dimen195
\c@WF@wrappedlines=\count207
\WF@box=\box50
\WF@everypar=\toks58
Package: wrapfig 2003/01/31  v 3.6
)
(./DiffGeo2012Skript.aux)
\openout1 = `DiffGeo2012Skript.aux'.

LaTeX Font Info:    Checking defaults for OML/cmm/m/it on input line 511.
LaTeX Font Info:    ... okay on input line 511.
LaTeX Font Info:    Checking defaults for T1/cmr/m/n on input line 511.
LaTeX Font Info:    ... okay on input line 511.
LaTeX Font Info:    Checking defaults for OT1/cmr/m/n on input line 511.
LaTeX Font Info:    ... okay on input line 511.
LaTeX Font Info:    Checking defaults for OMS/cmsy/m/n on input line 511.
LaTeX Font Info:    ... okay on input line 511.
LaTeX Font Info:    Checking defaults for OMX/cmex/m/n on input line 511.
LaTeX Font Info:    ... okay on input line 511.
LaTeX Font Info:    Checking defaults for U/cmr/m/n on input line 511.
LaTeX Font Info:    ... okay on input line 511.
LaTeX Font Info:    Checking defaults for PD1/pdf/m/n on input line 511.
LaTeX Font Info:    ... okay on input line 511.
LaTeX Font Info:    Try loading font information for T1+lmr on input line 511.
 (/usr/share/texmf/tex/latex/lm/t1lmr.fd
File: t1lmr.fd 2009/10/30 v1.6 Font defs for Latin Modern
)
(/usr/share/texmf-texlive/tex/latex/ucs/ucsencs.def
File: ucsencs.def 2003/11/29 Fixes to fontencodings LGR, T3
)
*geometry auto-detecting driver*
*geometry detected driver: pdftex*
-------------------- Geometry parameters
paper: class default
landscape: --
twocolumn: --
twoside: true
asymmetric: --
h-parts: 71.13188pt, 398.33865pt, 128.0374pt
v-parts: 71.13188pt, 688.5568pt, 85.35826pt
hmarginratio: --
vmarginratio: --
lines: --
heightrounded: --
bindingoffset: 0.0pt
truedimen: --
includehead: --
includefoot: --
includemp: --
driver: pdftex
-------------------- Page layout dimensions and switches
\paperwidth  597.50793pt
\paperheight 845.04694pt
\textwidth  398.33865pt
\textheight 688.5568pt
\oddsidemargin  -1.1381pt
\evensidemargin 55.76741pt
\topmargin  -38.53812pt
\headheight 17.0pt
\headsep    20.40001pt
\footskip   47.60002pt
\marginparwidth 89.62619pt
\marginparsep   12.8401pt
\columnsep  10.0pt
\skip\footins  10.0pt plus 4.0pt minus 2.0pt
\hoffset 0.0pt
\voffset 0.0pt
\mag 1000
\@twosidetrue \@mparswitchtrue 
(1in=72.27pt, 1cm=28.45pt)
-----------------------
(/usr/share/texmf-texlive/tex/context/base/supp-pdf.mkii
[Loading MPS to PDF converter (version 2006.09.02).]
\scratchcounter=\count208
\scratchdimen=\dimen196
\scratchbox=\box51
\nofMPsegments=\count209
\nofMParguments=\count210
\everyMPshowfont=\toks59
\MPscratchCnt=\count211
\MPscratchDim=\dimen197
\MPnumerator=\count212
\everyMPtoPDFconversion=\toks60
)
Package marginnote Info: \pdfoutput not 0 and \pdflastxpos available.
(marginnote)             Extended position detection mode activated.
Package hyperref Info: Link coloring ON on input line 511.
 (/usr/share/texmf-texlive/tex/latex/hyperref/nameref.sty
Package: nameref 2007/05/29 v2.31 Cross-referencing by name of section

(/usr/share/texmf-texlive/tex/latex/oberdiek/refcount.sty
Package: refcount 2008/08/11 v3.1 Data extraction from references (HO)
)
\c@section@level=\count213
)
LaTeX Info: Redefining \ref on input line 511.
LaTeX Info: Redefining \pageref on input line 511.

(./DiffGeo2012Skript.out) (./DiffGeo2012Skript.out)
\@outlinefile=\write7
\openout7 = `DiffGeo2012Skript.out'.

\AtBeginShipoutBox=\box52

ABD: EveryShipout initializing macros
(/usr/share/texmf-texlive/tex/latex/glossaries/dict/glossaries-dictionary-Engli
sh.dict
Dictionary: glossaries-dictionary, Language: English 
)
LaTeX Font Info:    Try loading font information for OT1+lmr on input line 514.

 (/usr/share/texmf/tex/latex/lm/ot1lmr.fd
File: ot1lmr.fd 2009/10/30 v1.6 Font defs for Latin Modern
)
LaTeX Font Info:    Try loading font information for OML+lmm on input line 514.


(/usr/share/texmf/tex/latex/lm/omllmm.fd
File: omllmm.fd 2009/10/30 v1.6 Font defs for Latin Modern
)
LaTeX Font Info:    Try loading font information for OMS+lmsy on input line 514
.

(/usr/share/texmf/tex/latex/lm/omslmsy.fd
File: omslmsy.fd 2009/10/30 v1.6 Font defs for Latin Modern
)
LaTeX Font Info:    Try loading font information for OMX+lmex on input line 514
.

(/usr/share/texmf/tex/latex/lm/omxlmex.fd
File: omxlmex.fd 2009/10/30 v1.6 Font defs for Latin Modern
)
LaTeX Font Info:    External font `lmex10' loaded for size
(Font)              <14.4> on input line 514.
LaTeX Font Info:    External font `lmex10' loaded for size
(Font)              <10> on input line 514.
LaTeX Font Info:    External font `lmex10' loaded for size
(Font)              <7> on input line 514.
LaTeX Font Info:    Try loading font information for U+msa on input line 514.

(/usr/share/texmf-texlive/tex/latex/amsfonts/umsa.fd
File: umsa.fd 2009/06/22 v3.00 AMS symbols A
)
LaTeX Font Info:    Try loading font information for U+msb on input line 514.

(/usr/share/texmf-texlive/tex/latex/amsfonts/umsb.fd
File: umsb.fd 2009/06/22 v3.00 AMS symbols B
)
LaTeX Font Info:    Try loading font information for U+stmry on input line 514.


(/usr/share/texmf-texlive/tex/latex/stmaryrd/Ustmry.fd)

LaTeX Font Warning: Font shape `U/stmry/b/n' undefined
(Font)              using `U/stmry/m/n' instead on input line 514.

LaTeX Font Info:    External font `lmex10' loaded for size
(Font)              <5> on input line 514.
[1

\openout5 = `DiffGeo2012Skript.ist'.



{/var/lib/texmf/fonts/map/pdftex/updmap/pdftex.map}] [2

]
(./DiffGeo2012Skript.toc
LaTeX Font Info:    External font `lmex10' loaded for size
(Font)              <10.95> on input line 4.
LaTeX Font Info:    External font `lmex10' loaded for size
(Font)              <8> on input line 4.
LaTeX Font Info:    External font `lmex10' loaded for size
(Font)              <6> on input line 4.
 [3


])
\tf@toc=\write8
\openout8 = `DiffGeo2012Skript.toc'.

 [4]
Overfull \hbox (6.14793pt too wide) in paragraph at lines 528--530
\T1/lmr/m/n/10.95 San-dic ge-tippt. Bei An-mer-kun-gen be-zie-hungs-wei-se beim
 Auf-fin-den von Feh-lern schickt
 []

LaTeX Font Info:    Try loading font information for T1+lmtt on input line 539.

(/usr/share/texmf/tex/latex/lm/t1lmtt.fd
File: t1lmtt.fd 2009/10/30 v1.6 Font defs for Latin Modern
) [5


] [6


]
Kapitel 1.

Class scrbook Warning: \float@addtolists detected!
(scrbook)              You should use the features of package `tocbasic'
(scrbook)              instead of \float@addtolists.
(scrbook)              Support for \float@addtolists may be removed from
(scrbook)              `scrbook' soon .

Package hyperref Info: bookmark level for unknown dfn defaults to 0 on input li
ne 562.
Missing character: There is no ( in font nullfont!
Missing character: There is no 2 in font nullfont!
Missing character: There is no . in font nullfont!
Missing character: There is no 5 in font nullfont!
Missing character: There is no , in font nullfont!
Missing character: There is no - in font nullfont!
Missing character: There is no 0 in font nullfont!
Missing character: There is no . in font nullfont!
Missing character: There is no 2 in font nullfont!
Missing character: There is no 5 in font nullfont!
Missing character: There is no ) in font nullfont!
Missing character: There is no . in font nullfont!
Missing character: There is no . in font nullfont!
Missing character: There is no c in font nullfont!
Missing character: There is no o in font nullfont!
Missing character: There is no n in font nullfont!
Missing character: There is no t in font nullfont!
Missing character: There is no r in font nullfont!
Missing character: There is no o in font nullfont!
Missing character: There is no l in font nullfont!
Missing character: There is no s in font nullfont!
Missing character: There is no ( in font nullfont!
Missing character: There is no c in font nullfont!
Missing character: There is no t in font nullfont!
Missing character: There is no r in font nullfont!
Missing character: There is no l in font nullfont!
Missing character: There is no 0 in font nullfont!
Missing character: There is no u in font nullfont!
Missing character: There is no p in font nullfont!
Missing character: There is no ) in font nullfont!
Missing character: There is no a in font nullfont!
Missing character: There is no n in font nullfont!
Missing character: There is no d in font nullfont!
Missing character: There is no ( in font nullfont!
Missing character: There is no c in font nullfont!
Missing character: There is no t in font nullfont!
Missing character: There is no r in font nullfont!
Missing character: There is no l in font nullfont!
Missing character: There is no 1 in font nullfont!
Missing character: There is no d in font nullfont!
Missing character: There is no o in font nullfont!
Missing character: There is no w in font nullfont!
Missing character: There is no n in font nullfont!
Missing character: There is no ) in font nullfont!
Missing character: There is no . in font nullfont!
Missing character: There is no . in font nullfont!
Missing character: There is no ( in font nullfont!
Missing character: There is no 3 in font nullfont!
Missing character: There is no , in font nullfont!
Missing character: There is no 0 in font nullfont!
Missing character: There is no . in font nullfont!
Missing character: There is no 2 in font nullfont!
Missing character: There is no 5 in font nullfont!
Missing character: There is no ) in font nullfont!
Missing character: There is no . in font nullfont!
Missing character: There is no . in font nullfont!
Missing character: There is no c in font nullfont!
Missing character: There is no o in font nullfont!
Missing character: There is no n in font nullfont!
Missing character: There is no t in font nullfont!
Missing character: There is no r in font nullfont!
Missing character: There is no o in font nullfont!
Missing character: There is no l in font nullfont!
Missing character: There is no s in font nullfont!
Missing character: There is no ( in font nullfont!
Missing character: There is no c in font nullfont!
Missing character: There is no t in font nullfont!
Missing character: There is no r in font nullfont!
Missing character: There is no l in font nullfont!
Missing character: There is no 1 in font nullfont!
Missing character: There is no u in font nullfont!
Missing character: There is no p in font nullfont!
Missing character: There is no ) in font nullfont!
Missing character: There is no a in font nullfont!
Missing character: There is no n in font nullfont!
Missing character: There is no d in font nullfont!
Missing character: There is no ( in font nullfont!
Missing character: There is no c in font nullfont!
Missing character: There is no t in font nullfont!
Missing character: There is no r in font nullfont!
Missing character: There is no l in font nullfont!
Missing character: There is no 2 in font nullfont!
Missing character: There is no d in font nullfont!
Missing character: There is no o in font nullfont!
Missing character: There is no w in font nullfont!
Missing character: There is no n in font nullfont!
Missing character: There is no ) in font nullfont!
Missing character: There is no . in font nullfont!
Missing character: There is no . in font nullfont!
Missing character: There is no ( in font nullfont!
Missing character: There is no 3 in font nullfont!
Missing character: There is no , in font nullfont!
Missing character: There is no 0 in font nullfont!
Missing character: There is no . in font nullfont!
Missing character: There is no 7 in font nullfont!
Missing character: There is no ) in font nullfont!
Missing character: There is no . in font nullfont!
Missing character: There is no . in font nullfont!
Missing character: There is no c in font nullfont!
Missing character: There is no o in font nullfont!
Missing character: There is no n in font nullfont!
Missing character: There is no t in font nullfont!
Missing character: There is no r in font nullfont!
Missing character: There is no o in font nullfont!
Missing character: There is no l in font nullfont!
Missing character: There is no s in font nullfont!
Missing character: There is no ( in font nullfont!
Missing character: There is no c in font nullfont!
Missing character: There is no t in font nullfont!
Missing character: There is no r in font nullfont!
Missing character: There is no l in font nullfont!
Missing character: There is no 2 in font nullfont!
Missing character: There is no u in font nullfont!
Missing character: There is no p in font nullfont!
Missing character: There is no ) in font nullfont!
Missing character: There is no a in font nullfont!
Missing character: There is no n in font nullfont!
Missing character: There is no d in font nullfont!
Missing character: There is no ( in font nullfont!
Missing character: There is no c in font nullfont!
Missing character: There is no t in font nullfont!
Missing character: There is no r in font nullfont!
Missing character: There is no l in font nullfont!
Missing character: There is no 3 in font nullfont!
Missing character: There is no d in font nullfont!
Missing character: There is no o in font nullfont!
Missing character: There is no w in font nullfont!
Missing character: There is no n in font nullfont!
Missing character: There is no ) in font nullfont!
Missing character: There is no . in font nullfont!
Missing character: There is no . in font nullfont!
Missing character: There is no ( in font nullfont!
Missing character: There is no 4 in font nullfont!
Missing character: There is no , in font nullfont!
Missing character: There is no 0 in font nullfont!
Missing character: There is no . in font nullfont!
Missing character: There is no 5 in font nullfont!
Missing character: There is no ) in font nullfont!
Missing character: There is no . in font nullfont!
Missing character: There is no . in font nullfont!
Missing character: There is no c in font nullfont!
Missing character: There is no o in font nullfont!
Missing character: There is no n in font nullfont!
Missing character: There is no t in font nullfont!
Missing character: There is no r in font nullfont!
Missing character: There is no o in font nullfont!
Missing character: There is no l in font nullfont!
Missing character: There is no s in font nullfont!
Missing character: There is no ( in font nullfont!
Missing character: There is no c in font nullfont!
Missing character: There is no t in font nullfont!
Missing character: There is no r in font nullfont!
Missing character: There is no l in font nullfont!
Missing character: There is no 3 in font nullfont!
Missing character: There is no u in font nullfont!
Missing character: There is no p in font nullfont!
Missing character: There is no ) in font nullfont!
Missing character: There is no a in font nullfont!
Missing character: There is no n in font nullfont!
Missing character: There is no d in font nullfont!
Missing character: There is no ( in font nullfont!
Missing character: There is no c in font nullfont!
Missing character: There is no t in font nullfont!
Missing character: There is no r in font nullfont!
Missing character: There is no l in font nullfont!
Missing character: There is no 4 in font nullfont!
Missing character: There is no d in font nullfont!
Missing character: There is no o in font nullfont!
Missing character: There is no w in font nullfont!
Missing character: There is no n in font nullfont!
Missing character: There is no ) in font nullfont!
Missing character: There is no . in font nullfont!
Missing character: There is no . in font nullfont!
Missing character: There is no ( in font nullfont!
Missing character: There is no 3 in font nullfont!
Missing character: There is no . in font nullfont!
Missing character: There is no 7 in font nullfont!
Missing character: There is no 5 in font nullfont!
Missing character: There is no , in font nullfont!
Missing character: There is no - in font nullfont!
Missing character: There is no 0 in font nullfont!
Missing character: There is no . in font nullfont!
Missing character: There is no 3 in font nullfont!
Missing character: There is no ) in font nullfont!
Missing character: There is no . in font nullfont!
Missing character: There is no . in font nullfont!
Missing character: There is no c in font nullfont!
Missing character: There is no o in font nullfont!
Missing character: There is no n in font nullfont!
Missing character: There is no t in font nullfont!
Missing character: There is no r in font nullfont!
Missing character: There is no o in font nullfont!
Missing character: There is no l in font nullfont!
Missing character: There is no s in font nullfont!
Missing character: There is no ( in font nullfont!
Missing character: There is no c in font nullfont!
Missing character: There is no t in font nullfont!
Missing character: There is no r in font nullfont!
Missing character: There is no l in font nullfont!
Missing character: There is no 4 in font nullfont!
Missing character: There is no u in font nullfont!
Missing character: There is no p in font nullfont!
Missing character: There is no ) in font nullfont!
Missing character: There is no a in font nullfont!
Missing character: There is no n in font nullfont!
Missing character: There is no d in font nullfont!
Missing character: There is no ( in font nullfont!
Missing character: There is no c in font nullfont!
Missing character: There is no t in font nullfont!
Missing character: There is no r in font nullfont!
Missing character: There is no l in font nullfont!
Missing character: There is no 0 in font nullfont!
Missing character: There is no d in font nullfont!
Missing character: There is no o in font nullfont!
Missing character: There is no w in font nullfont!
Missing character: There is no n in font nullfont!
Missing character: There is no ) in font nullfont!
Missing character: There is no . in font nullfont!
Missing character: There is no . in font nullfont!
Missing character: There is no ( in font nullfont!
Missing character: There is no 2 in font nullfont!
Missing character: There is no . in font nullfont!
Missing character: There is no 5 in font nullfont!
Missing character: There is no , in font nullfont!
Missing character: There is no - in font nullfont!
Missing character: There is no 0 in font nullfont!
Missing character: There is no . in font nullfont!
Missing character: There is no 2 in font nullfont!
Missing character: There is no 5 in font nullfont!
Missing character: There is no ) in font nullfont!
Missing character: There is no ; in font nullfont!

Underfull \hbox (badness 10000) in paragraph at lines 597--598

 []


Underfull \hbox (badness 10000) in paragraph at lines 599--600

 []


Underfull \hbox (badness 10000) in paragraph at lines 601--602

 []


Underfull \vbox (badness 7168) has occurred while \output is active []

 [7]
Package hyperref Info: bookmark level for unknown Dfn defaults to 0 on input li
ne 637.

Overfull \hbox (19.46976pt too wide) in paragraph at lines 638--639
[]\T1/lmr/m/it/10.95 Eine []\T1/lmr/bx/it/10.95 dif-fe-ren-zier-ba-re Man-
 []


Underfull \hbox (badness 10000) in paragraph at lines 638--639

 []

Package hyperref Info: bookmark level for unknown bsp defaults to 0 on input li
ne 642.
Package marginnote Info: Margin note 8.1 is on absolute page 8
(marginnote)              on input line 658.
LaTeX Font Info:    External font `lmex10' loaded for size
(Font)              <9> on input line 658.
Package marginnote Info: xpos seams to be 128.0374pt,
(marginnote)             \marginnoteleftadjust ignored on input line 658.

Underfull \hbox (badness 10000) in paragraph at lines 686--687

 []

[8]
Package marginnote Info: Margin note 9.1 is on absolute page 9
(marginnote)              on input line 701.
Package marginnote Info: xpos seams to be 71.13188pt,
(marginnote)             \marginnoterightadjust ignored on input line 701.

Overfull \hbox (0.8859pt too wide) in paragraph at lines 701--701
 [] 
 []


Overfull \hbox (6.45883pt too wide) in paragraph at lines 714--717
[]\T1/lmr/m/it/10.95 Eine ste-ti-ge Ab-bil-dung $\OML/lmm/m/it/10.95 f [] [] M 
\OMS/lmsy/m/n/10.95 !
 []

Package hyperref Info: bookmark level for unknown emptythm defaults to 0 on inp
ut line 752.
Package hyperref Info: bookmark level for unknown bem defaults to 0 on input li
ne 757.
[9]
Package marginnote Info: Margin note 10.1 is on absolute page 10
(marginnote)              on input line 806.
Missing character: There is no ; in font nullfont!

Overfull \hbox (23.88373pt too wide) in paragraph at lines 806--806
 |[]
 []

Package marginnote Info: xpos seams to be 176.47026pt,
(marginnote)             \marginnoteleftadjust ignored on input line 806.
Package hyperref Info: bookmark level for unknown Lemma defaults to 0 on input 
line 861.
[10]
Package hyperref Info: bookmark level for unknown bew defaults to 0 on input li
ne 870.
 [11] [12


]
Kapitel 2.
Package marginnote Info: Margin note 13.1 is on absolute page 13
(marginnote)              on input line 925.
Package marginnote Info: xpos seams to be 71.13188pt,
(marginnote)             \marginnoterightadjust ignored on input line 925.

Overfull \hbox (16.48122pt too wide) in paragraph at lines 925--925
 |[]  
 []


Overfull \hbox (4.37047pt too wide) in paragraph at lines 954--955
[]\T1/lmr/m/it/10.95 Es sei $\OML/lmm/m/it/10.95 M$ \T1/lmr/m/it/10.95 ei-
 []

[13]
Overfull \hbox (5.21416pt too wide) in paragraph at lines 1054--1055
[]\T1/lmr/m/it/10.95 Es sei $\OML/lmm/m/it/10.95 M$ \T1/lmr/m/it/10.95 ei-
 []

[14] [15]
Underfull \hbox (badness 10000) in paragraph at lines 1252--1254

 []

Package hyperref Info: bookmark level for unknown Satz defaults to 0 on input l
ine 1279.

Overfull \hbox (2.66713pt too wide) in paragraph at lines 1307--1307
[] 
 []

[16] [17] [18


]
Kapitel 3.
[19]
Package marginnote Info: Margin note 20.1 is on absolute page 20
(marginnote)              on input line 1546.

Overfull \hbox (14.65828pt too wide) in paragraph at lines 1546--1546
 |[]
 []

Package marginnote Info: xpos seams to be 498.4724pt,
(marginnote)             \marginnoteleftadjust ignored on input line 1546.
[20]
Package hyperref Info: bookmark level for unknown Kor defaults to 0 on input li
ne 1638.
 [21] [22]
Missing character: There is no ; in font nullfont!
Missing character: There is no ; in font nullfont!
 [23]
Package hyperref Info: bookmark level for unknown Bsp defaults to 0 on input li
ne 1802.
 [24]
Kapitel 4.
Package marginnote Info: Margin note 25.1 is on absolute page 25
(marginnote)              on input line 1850.
Package marginnote Info: xpos seams to be 211.59372pt,
(marginnote)             \marginnoterightadjust ignored on input line 1850.

Overfull \hbox (3.13892pt too wide) in paragraph at lines 1866--1867
[]\T1/lmr/m/n/10.95 Ist $\OT1/lmr/m/n/10.95 (\OML/lmm/m/it/10.95 '; U\OT1/lmr/m
/n/10.95 )$ \T1/lmr/m/n/10.95 ei-ne Kar-te von $\OML/lmm/m/it/10.95 M$\T1/lmr/m
/n/10.95 , so sind die Ab-bil-dun-gen $\OML/lmm/m/it/10.95 U \OMS/lmsy/m/n/10.9
5 ! [] \OML/lmm/m/it/10.95 M\OMS/lmsy/m/n/10.95 j[]\OML/lmm/m/it/10.95 ;  p \OM
S/lmsy/m/n/10.95 7!
 []

[25


]
Overfull \hbox (17.45334pt too wide) in paragraph at lines 1919--1920
[]\T1/lmr/m/it/10.95 Die Lie-klam-mer ist ei-ne schief-sym-me-tri-sche $[]$-bil
ineare Ab-bil-dung $\OMS/lmsy/m/n/10.95 V\OT1/lmr/m/n/10.95 (\OML/lmm/m/it/10.9
5 M\OT1/lmr/m/n/10.95 ) \OMS/lmsy/m/n/10.95 ^^B
 []

[26]
Package marginnote Info: Margin note 27.1 is on absolute page 27
(marginnote)              on input line 1959.
Package marginnote Info: xpos seams to be 71.13188pt,
(marginnote)             \marginnoterightadjust ignored on input line 1959.

Overfull \hbox (12.142pt too wide) in paragraph at lines 1959--1959
 |[]  
 []

[27] [28]
LaTeX Font Info:    Try loading font information for OMS+lmr on input line 2099
.
 (/usr/share/texmf/tex/latex/lm/omslmr.fd
File: omslmr.fd 2009/10/30 v1.6 Font defs for Latin Modern
)
LaTeX Font Info:    Font shape `OMS/lmr/m/n' in size <10.95> not available
(Font)              Font shape `OMS/lmsy/m/n' tried instead on input line 2099.

Package marginnote Info: Margin note 29.1 is on absolute page 29
(marginnote)              on input line 2113.
Package marginnote Info: xpos seams to be 270.88824pt,
(marginnote)             \marginnoterightadjust ignored on input line 2113.

Overfull \hbox (8.91791pt too wide) in paragraph at lines 2113--2113
|[]  
 []

[29]
Package hyperref Info: bookmark level for unknown Bem defaults to 0 on input li
ne 2166.

Overfull \hbox (3.79543pt too wide) in paragraph at lines 2167--2168
[]\T1/lmr/m/n/10.95 Integralkurven exis-tie-ren fr al-
 []

Package marginnote Info: Margin note 30.1 is on absolute page 30
(marginnote)              on input line 2187.

Overfull \hbox (7.98071pt too wide) in paragraph at lines 2187--2187
 |[]
 []

Package marginnote Info: xpos seams to be 377.70007pt,
(marginnote)             \marginnoteleftadjust ignored on input line 2187.
[30] [31] [32]
Kapitel 5.
[33


]
Overfull \hbox (12.94687pt too wide) in paragraph at lines 2447--2448
[]\T1/lmr/m/it/10.95 Es sei $\OML/lmm/m/it/10.95 M$ \T1/lmr/m/it/10.95 ei-ne gl
at-te Man-nig-fal-tig-keit mit ei-ner of-fe-nen ber-de-ckung $\OMS/lmsy/m/n/10
.95 f\OML/lmm/m/it/10.95 U[]\OMS/lmsy/m/n/10.95 g[]$
 []

[34]
Package hyperref Info: bookmark level for unknown kor defaults to 0 on input li
ne 2463.
 [35] [36]
Overfull \hbox (3.51917pt too wide) in paragraph at lines 2574--2576
\T1/lmr/m/n/10.95 ein Ele-ment $\OML/lmm/m/it/10.95 ' \OMS/lmsy/m/n/10.95 
 \OML/lmm/m/it/10.95   \OMS/lmsy/m/n/10.95 2 []\OT1/lmr/m/n/10.95 (\OML/lmm/m/i
t/10.95 V[] \OMS/lmsy/m/n/10.95 
 \OML/lmm/m/it/10.95 V[]; W[] \OMS/lmsy/m/n/10.95 
 \OML/lmm/m/it/10.95 W[]\OT1/lmr/m/n/10.95 )$\T1/lmr/m/n/10.95 . Sind $\OML/lmm
/m/it/10.95 V$\T1/lmr/m/n/10.95 , $\OML/lmm/m/it/10.95 W$ \T1/lmr/m/n/10.95 Vek
-tor-ru-me und $\OML/lmm/m/it/10.95 '[]; [] ; '[] \OMS/lmsy/m/n/10.95 2
 []

[37] [38]
Overfull \hbox (4.49565pt too wide) in paragraph at lines 2665--2668
\OML/lmm/m/it/10.95 M$\T1/lmr/m/n/10.95 ; $\OMS/lmsy/m/n/10.95 T[]\OT1/lmr/m/n/
10.95 (\OML/lmm/m/it/10.95 M\OT1/lmr/m/n/10.95 ) = \OMS/lmsy/m/n/10.95 V\OT1/lm
r/m/n/10.95 (\OML/lmm/m/it/10.95 M\OT1/lmr/m/n/10.95 )$\T1/lmr/m/n/10.95 . Es b
e-zeich-ne $\OMS/lmsy/m/n/10.95 V[]\OT1/lmr/m/n/10.95 (\OML/lmm/m/it/10.95 M\OT
1/lmr/m/n/10.95 ) = \OMS/lmsy/m/n/10.95 T[]\OT1/lmr/m/n/10.95 (\OML/lmm/m/it/10
.95 M\OT1/lmr/m/n/10.95 )$ \T1/lmr/m/n/10.95 den Raum der $\OT1/lmr/m/n/10.95 (
0\OML/lmm/m/it/10.95 ; \OT1/lmr/m/n/10.95 1)$\T1/lmr/m/n/10.95 -Tensorfelder. 
 []

Package hyperref Info: bookmark level for unknown Prop defaults to 0 on input l
ine 2669.
(/usr/share/texmf-texlive/tex/latex/ucs/data/uni-0.def
File: uni-0.def 2004/10/17 UCS: Unicode data U+0000..U+00FF
) [39] [40] [41] [42]
[43] [44] [45] [46]
Kapitel 6.

Underfull \vbox (badness 5316) has occurred while \output is active []

 [47


]
[48]
Package hyperref Info: bookmark level for unknown satz defaults to 0 on input l
ine 3218.
 [49]
Package marginnote Info: Margin note 50.1 is on absolute page 50
(marginnote)              on input line 3254.
Package marginnote Info: xpos seams to be 497.59637pt,
(marginnote)             \marginnoteleftadjust ignored on input line 3254.
 [50]
Package marginnote Info: Margin note 51.1 is on absolute page 51
(marginnote)              on input line 3275.
Package marginnote Info: xpos seams to be 71.13188pt,
(marginnote)             \marginnoterightadjust ignored on input line 3275.

Overfull \hbox (1.8736pt too wide) in paragraph at lines 3275--3275
|[]  
 []

[51] [52]
Overfull \hbox (7.72243pt too wide) in paragraph at lines 3406--3408
[]\T1/lmr/m/n/10.95 Es sei $\OML/lmm/m/it/10.95 ^^M$ \T1/lmr/m/n/10.95 mi-ni-ma
-le Geo-d-ti-sche, das heit $\OMS/lmsy/m/n/10.95 L\OT1/lmr/m/n/10.95 (\OML/lm
m/m/it/10.95 ^^M\OMS/lmsy/m/n/10.95 j[]\OT1/lmr/m/n/10.95 ) = \OML/lmm/m/it/10.
95 ^^Ut \OT1/lmr/m/n/10.95 = d(\OML/lmm/m/it/10.95 ^^M\OT1/lmr/m/n/10.95 (0)\OM
L/lmm/m/it/10.95 ; ^^M\OT1/lmr/m/n/10.95 (\OML/lmm/m/it/10.95 t\OT1/lmr/m/n/10.
95 ))$\T1/lmr/m/n/10.95 .
 []

[53] [54


]
Kapitel 7.
[55]
LaTeX Font Info:    Try loading font information for U+euf on input line 3523.
 (/usr/share/texmf-texlive/tex/latex/amsfonts/ueuf.fd
File: ueuf.fd 2009/06/22 v3.00 Euler Fraktur
) [56] [57] [58]
[59] [60] [61]
Overfull \hbox (2.34628pt too wide) in paragraph at lines 3882--3883
[]\T1/lmr/m/it/10.95 Auf ei-ner Rie-mann-schen Man-nig-fal-tig-keit exis-tiert
 []


Overfull \hbox (9.88931pt too wide) in paragraph at lines 3894--3894
[] 
 []

[62]
Package marginnote Info: Margin note 63.1 is on absolute page 63
(marginnote)              on input line 3925.
Package marginnote Info: xpos seams to be 71.13188pt,
(marginnote)             \marginnoterightadjust ignored on input line 3925.

Overfull \hbox (13.34167pt too wide) in paragraph at lines 3930--3930
[] 
 []

[63]
Overfull \hbox (1.11209pt too wide) in paragraph at lines 3967--3969
 \T1/lmr/bx/n/10.95 Lo-ka-le Ko-or-di-na-ten[] \T1/lmr/m/n/10.95 Es sei $\OT1/l
mr/m/n/10.95 (\OML/lmm/m/it/10.95 M; g\OT1/lmr/m/n/10.95 )$ \T1/lmr/m/n/10.95 e
i-ne Riem-mann-sche Man-nig-fal-tig-keit mit Levi-
 []


Overfull \hbox (4.19382pt too wide) in paragraph at lines 3995--3997
\T1/lmr/m/n/10.95 (Formale Pro-dukt-re-gel: $\OMS/lmsy/m/n/10.95 r[]\OT1/lmr/m/
n/10.95 (\OMS/lmsy/m/n/10.95 r[]\OML/lmm/m/it/10.95 Z\OT1/lmr/m/n/10.95 ) = \OM
S/lmsy/m/n/10.95 r[]\OT1/lmr/m/n/10.95 (\OMS/lmsy/m/n/10.95 r\OML/lmm/m/it/10.9
5 Z\OT1/lmr/m/n/10.95 (\OML/lmm/m/it/10.95 Y\OT1/lmr/m/n/10.95 )) = (\OMS/lmsy/
m/n/10.95 r[]\OT1/lmr/m/n/10.95 (\OMS/lmsy/m/n/10.95 r\OML/lmm/m/it/10.95 Z\OT1
/lmr/m/n/10.95 ))(\OML/lmm/m/it/10.95 Y\OT1/lmr/m/n/10.95 ) + (\OMS/lmsy/m/n/10
.95 r\OML/lmm/m/it/10.95 Z\OT1/lmr/m/n/10.95 )(\OMS/lmsy/m/n/10.95 r[]\OML/lmm/
m/it/10.95 Y\OT1/lmr/m/n/10.95 ) =
 []

[64] [65] [66]
Kapitel 8.
[67


] [68]
Overfull \hbox (1.50125pt too wide) in paragraph at lines 4226--4228
[]\T1/lmr/m/n/10.95 Der De-fi-ni-ti-ons-be-reich $\OMS/lmsy/m/n/10.95 D[]$ \T1/
lmr/m/n/10.95 des geo-d-ti-schen Flus-ses ist ei-ne of-fe-ne Men-ge in $[] \OM
S/lmsy/m/n/10.95 ^^B [][] \OML/lmm/m/it/10.95 M$
 []

[69]
Missing character: There is no ; in font nullfont!

Underfull \vbox (badness 6396) has occurred while \output is active []

 [70]
Package marginnote Info: Margin note 71.1 is on absolute page 72
(marginnote)              on input line 4439.

Overfull \hbox (15.84973pt too wide) in paragraph at lines 4439--4439
 |[]
 []

Package marginnote Info: xpos seams to be 171.22363pt,
(marginnote)             \marginnoteleftadjust ignored on input line 4439.
[71]
Missing character: There is no ; in font nullfont!
 [72]
Package marginnote Info: Margin note 73.1 is on absolute page 73
(marginnote)              on input line 4522.
Package marginnote Info: xpos seams to be 114.31812pt,
(marginnote)             \marginnoterightadjust ignored on input line 4522.

Overfull \hbox (3.42616pt too wide) in paragraph at lines 4522--4522
|[]  
 []

[73] [74] [75] [76]
Kapitel 9.
[77


] [78]
Missing character: There is no ; in font nullfont!
Missing character: There is no ; in font nullfont!
Missing character: There is no ; in font nullfont!
Missing character: There is no ; in font nullfont!

Underfull \vbox (badness 5008) has occurred while \output is active []

 [79]
[80] [81]
Overfull \hbox (1.16743pt too wide) in paragraph at lines 5136--5137
[]\T1/lmr/m/it/10.95 Ein Vek-tor-feld ent-lang ei-ner Geo-d-ti-schen $\OML/lmm
/m/it/10.95 c$ \T1/lmr/m/it/10.95 heit []\T1/lmr/bx/it/10.95 Ja-co-bi-feld\T1/
lmr/m/it/10.95 , wenn
 []

[82] [83] [84] [85] [86] [87] [88]

LaTeX Warning: Command \d invalid in math mode on input line 5605.

[89] [90] [91] [92] [93]
Overfull \hbox (7.75755pt too wide) in paragraph at lines 5989--5991
[]\T1/lmr/m/it/10.95 Es sei $\OT1/lmr/m/n/10.95 (\OML/lmm/m/it/10.95 M; g\OT1/l
mr/m/n/10.95 )$ \T1/lmr/m/it/10.95 ei-ne voll-stn-di-ge Rie-mann-sche Man-
 []

[94]
Package marginnote Info: Margin note 95.1 is on absolute page 95
(marginnote)              on input line 6047.
Package marginnote Info: xpos seams to be 71.13188pt,
(marginnote)             \marginnoterightadjust ignored on input line 6047.

Overfull \hbox (13.20297pt too wide) in paragraph at lines 6047--6047
 |[]  
 []

[95] [96]
LaTeX Font Info:    Font shape `OMS/lmr/m/it' in size <10.95> not available
(Font)              Font shape `OMS/lmsy/m/n' tried instead on input line 6208.

 [97] [98] [99] [100] [101] [102] [103]
Missing character: There is no ; in font nullfont!
Missing character: There is no ; in font nullfont!
 [104] [105] [106


]
Anhang A.
Package marginnote Info: Margin note 107.1 is on absolute page 107
(marginnote)              on input line 6869.
Package marginnote Info: xpos seams to be 344.06009pt,
(marginnote)             \marginnoterightadjust ignored on input line 6869.

Overfull \hbox (6.49251pt too wide) in paragraph at lines 6869--6869
|[]  
 []


Overfull \hbox (33.98529pt too wide) in paragraph at lines 6889--6891
$\OML/lmm/m/it/10.95 V$ \T1/lmr/m/n/10.95 ist of-fen in $\OT1/lmr/m/n/10.95 ([]
[])[]$\T1/lmr/m/n/10.95 : $\OML/lmm/m/it/10.95 V \OT1/lmr/m/n/10.95 = [][]([][]
 \OMS/lmsy/m/n/10.95 nf\OT1/lmr/m/n/10.95 0\OMS/lmsy/m/n/10.95 g\OT1/lmr/m/n/10
.95 )$ \T1/lmr/m/n/10.95 mit $[]\OT1/lmr/m/n/10.95 (\OML/lmm/m/it/10.95 v[]; []
 ; v[]\OT1/lmr/m/n/10.95 ) = ([](\OML/lmm/m/it/10.95 k \OMS/lmsy/m/n/10.95 ^^B 
\OML/lmm/m/it/10.95 k[]\OT1/lmr/m/n/10.95 ))$ 
 []

[107]
Overfull \hbox (30.97409pt too wide) in paragraph at lines 6902--6903
[]\T1/lmr/m/n/10.95 Fr $\OT1/lmr/m/n/10.95 (\OML/lmm/m/it/10.95 v[]; [] ; v[]\
OT1/lmr/m/n/10.95 ) \OMS/lmsy/m/n/10.95 2 \OML/lmm/m/it/10.95 ^^Y[]\OT1/lmr/m/n
/10.95 (\OML/lmm/m/it/10.95 U[]\OT1/lmr/m/n/10.95 )$ \T1/lmr/m/n/10.95 ist $\OM
L/lmm/m/it/10.95 B \OMS/lmsy/m/n/10.95 ^^N \OML/lmm/m/it/10.95 ^^Y\OT1/lmr/m/n/
10.95 (\OML/lmm/m/it/10.95 v[]; [] ; v[]\OT1/lmr/m/n/10.95 ) = (([][] \OMS/lmsy
/m/n/10.95 j[]\OT1/lmr/m/n/10.95 )[]\OML/lmm/m/it/10.95 X[]\OT1/lmr/m/n/10.95 )
[]$\T1/lmr/m/n/10.95 .
 []


Overfull \hbox (11.24615pt too wide) in paragraph at lines 6902--6903
\T1/lmr/m/n/10.95 Die Dar-stel-lungs-ma-trix von $\OT1/lmr/m/n/10.95 ([][] \OMS
/lmsy/m/n/10.95 j[]\OT1/lmr/m/n/10.95 )[]$ \T1/lmr/m/n/10.95 be-zg-lich $\OMS/
lmsy/m/n/10.95 f\OML/lmm/m/it/10.95 x[]\OMS/lmsy/m/n/10.95 g\OML/lmm/m/it/10.95
 ; \OMS/lmsy/m/n/10.95 f\OML/lmm/m/it/10.95 y[]\OMS/lmsy/m/n/10.95 g$ \T1/lmr/m
/n/10.95 hngt
 []

Package hyperref Info: bookmark level for unknown Aufg defaults to 0 on input l
ine 6934.
[108]
Package hyperref Info: bookmark level for unknown Loes defaults to 0 on input l
ine 6978.

Overfull \hbox (38.54076pt too wide) in paragraph at lines 7013--7014
[]$\OML/lmm/m/it/10.95 ';  $ \T1/lmr/m/n/10.95 Ho-mo-mor-phis-men, $\OT1/lmr/m
/n/10.95 ^^H : \OMS/lmsy/m/n/10.95 f\OT1/lmr/m/n/10.95 (\OML/lmm/m/it/10.95 x[]
; [] ; x[]\OT1/lmr/m/n/10.95 ) \OMS/lmsy/m/n/10.95 2 [][] j \OML/lmm/m/it/10.95
 x[] < \OT1/lmr/m/n/10.95 1\OMS/lmsy/m/n/10.95 g ! [][]\OML/lmm/m/it/10.95 ; x 
\OMS/lmsy/m/n/10.95 7! []\OT1/lmr/m/n/10.95 (\OML/lmm/m/it/10.95 x[]; [] ; x[]\
OT1/lmr/m/n/10.95 ) \OMS/lmsy/m/n/10.95 )
 []

Package marginnote Info: Margin note 109.1 is on absolute page 109
(marginnote)              on input line 7031.
Package marginnote Info: xpos seams to be 302.06804pt,
(marginnote)             \marginnoterightadjust ignored on input line 7031.
[109]
Package marginnote Info: Margin note 110.1 is on absolute page 110
(marginnote)              on input line 7081.

Overfull \hbox (10.38538pt too wide) in paragraph at lines 7081--7081
 |[]
 []

Package marginnote Info: xpos seams to be 159.06245pt,
(marginnote)             \marginnoteleftadjust ignored on input line 7081.
[110]
Package marginnote Info: Margin note 111.1 is on absolute page 111
(marginnote)              on input line 7124.
Package marginnote Info: xpos seams to be 350.52074pt,
(marginnote)             \marginnoterightadjust ignored on input line 7124.
pdfTeX warning (ext4): destination with the same identifier (name{Aufg.1}) has 
been already used, duplicate ignored
<to be read again> 
                   \relax 
l.7161 \begin{Aufg}
                   pdfTeX warning (ext4): destination with the same identifier 
(name{Aufg.2}) has been already used, duplicate ignored
<to be read again> 
                   \relax 
l.7167 \begin{Aufg}
                   \begin{enumerate}[label=\alph*),leftmargin=*,widest=b]
[111]pdfTeX warning (ext4): destination with the same identifier (name{Aufg.3})
 has been already used, duplicate ignored
<to be read again> 
                   \relax 
l.7182 \begin{Aufg}
                   pdfTeX warning (ext4): destination with the same identifier 
(name{Aufg.4}) has been already used, duplicate ignored
<to be read again> 
                   \relax 
l.7188 \begin{Aufg}
                   pdfTeX warning (ext4): destination with the same identifier 
(name{Loes.1}) has been already used, duplicate ignored
<to be read again> 
                   \relax 
l.7192 \begin{Loes}
                    [112]pdfTeX warning (ext4): destination with the same ident
ifier (name{Loes.2}) has been already used, duplicate ignored
<to be read again> 
                   \relax 
l.7234 \begin{Loes}
                   \begin{enumerate}[label=\alph*),widest=b,leftmargin=*]
[113]
Package marginnote Info: Margin note 114.1 is on absolute page 114
(marginnote)              on input line 7284.
Package marginnote Info: xpos seams to be 257.87965pt,
(marginnote)             \marginnoteleftadjust ignored on input line 7284.
pdfTeX warning (ext4): destination with the same identifier (name{Loes.3}) has 
been already used, duplicate ignored
<to be read again> 
                   \relax 
l.7288 \begin{Loes}
                   pdfTeX warning (ext4): destination with the same identifier 
(name{Loes.4}) has been already used, duplicate ignored
<to be read again> 
                   \relax 
l.7329 \begin{Loes}
                    [114]
Package marginnote Info: Margin note 115.1 is on absolute page 115
(marginnote)              on input line 7333.
Package marginnote Info: xpos seams to be 346.0263pt,
(marginnote)             \marginnoterightadjust ignored on input line 7333.
pdfTeX warning (ext4): destination with the same identifier (name{Aufg.1}) has 
been already used, duplicate ignored
<to be read again> 
                   \relax 
l.7357 \begin{Aufg}
                   pdfTeX warning (ext4): destination with the same identifier 
(name{Aufg.2}) has been already used, duplicate ignored
<to be read again> 
                   \relax 
l.7368 \begin{Aufg}
                   pdfTeX warning (ext4): destination with the same identifier 
(name{Aufg.3}) has been already used, duplicate ignored
<to be read again> 
                   \relax 
l.7383 \begin{Aufg}
                   \begin{enumerate}[label=\alph*),leftmargin=*,widest=b]
[115]pdfTeX warning (ext4): destination with the same identifier (name{Loes.1})
 has been already used, duplicate ignored
<to be read again> 
                   \relax 
l.7390 \begin{Loes}
                   pdfTeX warning (ext4): destination with the same identifier 
(name{Loes.2}) has been already used, duplicate ignored
<to be read again> 
                   \relax 
l.7428 \begin{Loes}
                   \begin{enumerate}[label=\alph*),leftmargin=*,widest=a]
[116]pdfTeX warning (ext4): destination with the same identifier (name{Loes.3})
 has been already used, duplicate ignored
<to be read again> 
                   \relax 
l.7460 \begin{Loes}
                   \begin{enumerate}[label=\alph*),widest=a,leftmargin=*]
[117]pdfTeX warning (ext4): destination with the same identifier (name{Aufg.1})
 has been already used, duplicate ignored
<to be read again> 
                   \relax 
l.7499 \begin{Aufg}
                   pdfTeX warning (ext4): destination with the same identifier 
(name{Aufg.2}) has been already used, duplicate ignored
<to be read again> 
                   \relax 
l.7510 \begin{Aufg}
                   pdfTeX warning (ext4): destination with the same identifier 
(name{Aufg.3}) has been already used, duplicate ignored
<to be read again> 
                   \relax 
l.7520 \begin{Aufg}
                    [118]pdfTeX warning (ext4): destination with the same ident
ifier (name{Aufg.4}) has been already used, duplicate ignored
<to be read again> 
                   \relax 
l.7526 \begin{Aufg}
                   \begin{enumerate}[label=\alph*),leftmargin=*,widest=b]pdfTeX
 warning (ext4): destination with the same identifier (name{Loes.1}) has been a
lready used, duplicate ignored
<to be read again> 
                   \relax 
l.7535 \begin{Loes}
                    [119]pdfTeX warning (ext4): destination with the same ident
ifier (name{Loes.2}) has been already used, duplicate ignored
<to be read again> 
                   \relax 
l.7574 \begin{Loes}
                   
Overfull \hbox (26.50963pt too wide) in paragraph at lines 7589--7589
[][] 
 []

[120]pdfTeX warning (ext4): destination with the same identifier (name{Loes.3})
 has been already used, duplicate ignored
<to be read again> 
                   \relax 
l.7631 \begin{Loes}
                   pdfTeX warning (ext4): destination with the same identifier 
(name{Loes.4}) has been already used, duplicate ignored
<to be read again> 
                   \relax 
l.7661 \begin{Loes}
                   \begin{enumerate}[label=(\alph*),leftmargin=*,widest=a]
Package marginnote Info: Margin note 121.1 is on absolute page 121
(marginnote)              on input line 7665.
Package marginnote Info: xpos seams to be 415.479pt,
(marginnote)             \marginnoterightadjust ignored on input line 7665.

[121]pdfTeX warning (ext4): destination with the same identifier (name{Aufg.1})
 has been already used, duplicate ignored
<to be read again> 
                   \relax 
l.7693 \begin{Aufg}
                   pdfTeX warning (ext4): destination with the same identifier 
(name{Aufg.2}) has been already used, duplicate ignored
<to be read again> 
                   \relax 
l.7698 \begin{Aufg}
                   pdfTeX warning (ext4): destination with the same identifier 
(name{Aufg.3}) has been already used, duplicate ignored
<to be read again> 
                   \relax 
l.7711 \begin{Aufg}
                   pdfTeX warning (ext4): destination with the same identifier 
(name{Loes.1}) has been already used, duplicate ignored
<to be read again> 
                   \relax 
l.7721 \begin{Loes}
                   \label{exc:ueb5-a1} [122] [123]
Overfull \hbox (30.3387pt too wide) in paragraph at lines 7777--7778
[]\T1/lmr/m/n/10.95 lokale Ko-or-di-na-ten $\U/msa/m/n/10.95   []\OML/lmm/m/it/
10.95 x[]$\T1/lmr/m/n/10.95 , Ko-ef-fi-zi-en-ten von $\OML/lmm/m/it/10.95 ![]; 
[] ; X[]$
 []

Package marginnote Info: Margin note 124.1 is on absolute page 124
(marginnote)              on input line 7791.
Package marginnote Info: xpos seams to be 363.96341pt,
(marginnote)             \marginnoteleftadjust ignored on input line 7791.
pdfTeX warning (ext4): destination with the same identifier (name{Loes.2}) has 
been already used, duplicate ignored
<to be read again> 
                   \relax 
l.7805 \begin{Loes}
                   \begin{enumerate}[label=\alph*), leftmargin=*] [124]pdfTeX w
arning (ext4): destination with the same identifier (name{Loes.3}) has been alr
eady used, duplicate ignored
<to be read again> 
                   \relax 
l.7820 \begin{Loes}
                   pdfTeX warning (ext4): destination with the same identifier 
(name{Aufg.1}) has been already used, duplicate ignored
<to be read again> 
                   \relax 
l.7845 \begin{Aufg}
                   pdfTeX warning (ext4): destination with the same identifier 
(name{Aufg.2}) has been already used, duplicate ignored
<to be read again> 
                   \relax 
l.7856 \begin{Aufg}
                   
Overfull \hbox (8.36499pt too wide) in paragraph at lines 7863--7864
[]\T1/lmr/m/n/10.95 Die Rie-mann-sche Man-nig-fal-tig-keit $\OT1/lmr/m/n/10.95 
(\U/msb/m/n/10.95 H[]\OML/lmm/m/it/10.95 ; g\OT1/lmr/m/n/10.95 )$ \T1/lmr/m/n/1
0.95 heit $\OML/lmm/m/it/10.95 n$\T1/lmr/m/it/10.95 -dimensionaler hy-per-bo-l
i-scher Raum\T1/lmr/m/n/10.95 . 
 []

pdfTeX warning (ext4): destination with the same identifier (name{Aufg.3}) has 
been already used, duplicate ignored
<to be read again> 
                   \relax 
l.7866 \begin{Aufg}
                    [125]pdfTeX warning (ext4): destination with the same ident
ifier (name{Loes.1}) has been already used, duplicate ignored
<to be read again> 
                   \relax 
l.7877 \begin{Loes}
                   \begin{enumerate}[label=\alph*),leftmargin=*,widest=b]pdfTeX
 warning (ext4): destination with the same identifier (name{Loes.2}) has been a
lready used, duplicate ignored
<to be read again> 
                   \relax 
l.7884 \begin{Loes}
                   pdfTeX warning (ext4): destination with the same identifier 
(name{Loes.3}) has been already used, duplicate ignored
<to be read again> 
                   \relax 
l.7888 \begin{Loes}
                   \begin{enumerate}[label=\alph*),leftmargin=*,widest=b]pdfTeX
 warning (ext4): destination with the same identifier (name{Aufg.1}) has been a
lready used, duplicate ignored
<to be read again> 
                   \relax 
l.7906 \begin{Aufg}
                   pdfTeX warning (ext4): destination with the same identifier 
(name{Aufg.2}) has been already used, duplicate ignored
<to be read again> 
                   \relax 
l.7912 \begin{Aufg}
                   pdfTeX warning (ext4): destination with the same identifier 
(name{Aufg.3}) has been already used, duplicate ignored
<to be read again> 
                   \relax 
l.7922 \begin{Aufg}
                   pdfTeX warning (ext4): destination with the same identifier 
(name{Loes.1}) has been already used, duplicate ignored
<to be read again> 
                   \relax 
l.7934 \begin{Loes}
                    [126]pdfTeX warning (ext4): destination with the same ident
ifier (name{Loes.2}) has been already used, duplicate ignored
<to be read again> 
                   \relax 
l.7962 \begin{Loes}
                    [127] [128]
Overfull \hbox (6.37263pt too wide) in paragraph at lines 8019--8021
[]$\OMS/lmsy/m/n/10.95 r[]$ \T1/lmr/m/n/10.95 ist der []\T1/lmr/bx/n/10.95 Levi
-Civita Zu-sam-men-hang \T1/lmr/m/n/10.95 von $\OT1/lmr/m/n/10.95 (\OML/lmm/m/i
t/10.95 M; g\OT1/lmr/m/n/10.95 )$ \T1/lmr/m/n/10.95 mit $\OML/lmm/m/it/10.95 g\
OT1/lmr/m/n/10.95 (\OML/lmm/m/it/10.95 X; Y\OT1/lmr/m/n/10.95 ) =
 []

pdfTeX warning (ext4): destination with the same identifier (name{Loes.3}) has 
been already used, duplicate ignored
<to be read again> 
                   \relax 
l.8025 \begin{Loes}
                   \begin{enumerate}[label=\alph*),leftmargin=*,widest=b]pdfTeX
 warning (ext4): destination with the same identifier (name{Aufg.1}) has been a
lready used, duplicate ignored
<to be read again> 
                   \relax 
l.8063 \begin{Aufg}
                    [129]pdfTeX warning (ext4): destination with the same ident
ifier (name{Aufg.2}) has been already used, duplicate ignored
<to be read again> 
                   \relax 
l.8073 \begin{Aufg}
                   pdfTeX warning (ext4): destination with the same identifier 
(name{Aufg.3}) has been already used, duplicate ignored
<to be read again> 
                   \relax 
l.8085 \begin{Aufg}
                   
Overfull \hbox (35.37292pt too wide) in paragraph at lines 8117--8117
[] 
 []


Underfull \vbox (badness 10000) has occurred while \output is active []

 [130]pdfTeX warning (ext4): destination with the same identifier (name{Loes.1}
) has been already used, duplicate ignored
<to be read again> 
                   \relax 
l.8121 \begin{Loes}
                    [131]pdfTeX warning (ext4): destination with the same ident
ifier (name{Loes.2}) has been already used, duplicate ignored
<to be read again> 
                   \relax 
l.8151 \begin{Loes}
                   pdfTeX warning (ext4): destination with the same identifier 
(name{Loes.3}) has been already used, duplicate ignored
<to be read again> 
                   \relax 
l.8187 \begin{Loes}
                    [132]pdfTeX warning (ext4): destination with the same ident
ifier (name{Aufg.1}) has been already used, duplicate ignored
<to be read again> 
                   \relax 
l.8207 \begin{Aufg}
                   pdfTeX warning (ext4): destination with the same identifier 
(name{Aufg.2}) has been already used, duplicate ignored
<to be read again> 
                   \relax 
l.8213 \begin{Aufg}
                   
Overfull \hbox (18.51144pt too wide) in paragraph at lines 8214--8215
[]\T1/lmr/m/n/10.95 Bestimmen Sie die Schnitt-krm-mun-gen der Rie-mann-schen M
an-nig-fal-tig-kei-ten $\OT1/lmr/m/n/10.95 ([][]\OML/lmm/m/it/10.95 ; g[]\OT1/l
mr/m/n/10.95 )$
 []

pdfTeX warning (ext4): destination with the same identifier (name{Aufg.3}) has 
been already used, duplicate ignored
<to be read again> 
                   \relax 
l.8217 \begin{Aufg}
                   pdfTeX warning (ext4): destination with the same identifier 
(name{Loes.1}) has been already used, duplicate ignored
<to be read again> 
                   \relax 
l.8223 \begin{Loes}
                    [133]pdfTeX warning (ext4): destination with the same ident
ifier (name{Loes.2}) has been already used, duplicate ignored
<to be read again> 
                   \relax 
l.8287 \begin{Loes}
                   \begin{enumerate}[label=\alph*), widest=b, leftmargin=*]\...
[134]
Overfull \hbox (19.2354pt too wide) in paragraph at lines 8311--8312
[]\T1/lmr/m/n/10.95 Wir be-rech-nen die Kom-po-nen-ten $\OML/lmm/m/it/10.95 R[]
 \OT1/lmr/m/n/10.95 = \OML/lmm/m/it/10.95 R\OT1/lmr/m/n/10.95 ([]\OML/lmm/m/it/
10.95 ; []; []; []\OT1/lmr/m/n/10.95 ) = \OML/lmm/m/it/10.95 g\OT1/lmr/m/n/10.9
5 (\OML/lmm/m/it/10.95 R\OT1/lmr/m/n/10.95 ([]\OML/lmm/m/it/10.95 ; []\OT1/lmr/
m/n/10.95 )[]\OML/lmm/m/it/10.95 ; []\OT1/lmr/m/n/10.95 )$
 []


Overfull \hbox (13.04242pt too wide) in paragraph at lines 8321--8321
[] 
 []


Overfull \hbox (36.99953pt too wide) in paragraph at lines 8330--8330
[] 
 []


Underfull \vbox (badness 1755) has occurred while \output is active []

 [135]
Overfull \hbox (100.82646pt too wide) in paragraph at lines 8352--8352
[] 
 []


Overfull \hbox (26.51044pt too wide) in paragraph at lines 8367--8367
[] 
 []

[136]pdfTeX warning (ext4): destination with the same identifier (name{Loes.3})
 has been already used, duplicate ignored
<to be read again> 
                   \relax 
l.8372 \begin{Loes}
                   
Overfull \hbox (26.24988pt too wide) in paragraph at lines 8402--8402
[] 
 []


Underfull \vbox (badness 10000) has occurred while \output is active []

 [137]
[138] [139] [140] [141]pdfTeX warning (ext4): destination with the same identif
ier (name{Aufg.1}) has been already used, duplicate ignored
<to be read again> 
                   \relax 
l.8629 \begin{Aufg}
                   pdfTeX warning (ext4): destination with the same identifier 
(name{Aufg.2}) has been already used, duplicate ignored
<to be read again> 
                   \relax 
l.8640 \begin{Aufg}
                   pdfTeX warning (ext4): destination with the same identifier 
(name{Loes.1}) has been already used, duplicate ignored
<to be read again> 
                   \relax 
l.8646 \begin{Loes}
                    [142]
Package marginnote Info: Margin note 143.1 is on absolute page 143
(marginnote)              on input line 8673.
Package marginnote Info: xpos seams to be 235.82802pt,
(marginnote)             \marginnoterightadjust ignored on input line 8673.
pdfTeX warning (ext4): destination with the same identifier (name{Loes.2}) has 
been already used, duplicate ignored
<to be read again> 
                   \relax 
l.8686 \begin{Loes}
                   \begin{description}[leftmargin=*]

LaTeX Font Warning: Command \scriptsize invalid in math mode on input line 8708
.


LaTeX Font Warning: Command \scriptsize invalid in math mode on input line 8708
.


LaTeX Font Warning: Command \scriptsize invalid in math mode on input line 8708
.


LaTeX Font Warning: Command \scriptsize invalid in math mode on input line 8708
.


LaTeX Font Warning: Command \scriptsize invalid in math mode on input line 8708
.


LaTeX Font Warning: Command \scriptsize invalid in math mode on input line 8708
.


LaTeX Font Warning: Command \scriptsize invalid in math mode on input line 8708
.


LaTeX Font Warning: Command \scriptsize invalid in math mode on input line 8708
.


LaTeX Font Warning: Command \scriptsize invalid in math mode on input line 8708
.


LaTeX Font Warning: Command \scriptsize invalid in math mode on input line 8708
.


LaTeX Font Warning: Command \scriptsize invalid in math mode on input line 8708
.


LaTeX Font Warning: Command \scriptsize invalid in math mode on input line 8708
.


LaTeX Font Warning: Command \scriptsize invalid in math mode on input line 8708
.


LaTeX Font Warning: Command \scriptsize invalid in math mode on input line 8708
.


LaTeX Font Warning: Command \scriptsize invalid in math mode on input line 8708
.


LaTeX Font Warning: Command \scriptsize invalid in math mode on input line 8708
.

[143] [144]pdfTeX warning (ext4): destination with the same identifier (name{Au
fg.1}) has been already used, duplicate ignored
<to be read again> 
                   \relax 
l.8811 \begin{Aufg}
                   pdfTeX warning (ext4): destination with the same identifier 
(name{Aufg.2}) has been already used, duplicate ignored
<to be read again> 
                   \relax 
l.8819 \begin{Aufg}
                    [145]pdfTeX warning (ext4): destination with the same ident
ifier (name{Loes.1}) has been already used, duplicate ignored
<to be read again> 
                   \relax 
l.8844 \begin{Loes}
                    [146]pdfTeX warning (ext4): destination with the same ident
ifier (name{Loes.2}) has been already used, duplicate ignored
<to be read again> 
                   \relax 
l.8897 \begin{Loes}
                    [147]pdfTeX warning (ext4): destination with the same ident
ifier (name{Aufg.1}) has been already used, duplicate ignored
<to be read again> 
                   \relax 
l.8993 \begin{Aufg}
                   pdfTeX warning (ext4): destination with the same identifier 
(name{Aufg.2}) has been already used, duplicate ignored
<to be read again> 
                   \relax 
l.9001 \begin{Aufg}
                   pdfTeX warning (ext4): destination with the same identifier 
(name{Aufg.3}) has been already used, duplicate ignored
<to be read again> 
                   \relax 
l.9005 \begin{Aufg}
                    [148]pdfTeX warning (ext4): destination with the same ident
ifier (name{Loes.1}) has been already used, duplicate ignored
<to be read again> 
                   \relax 
l.9009 \begin{Loes}
                   \begin{description}[leftmargin=*] [149]pdfTeX warning (ext4)
: destination with the same identifier (name{Loes.2}) has been already used, du
plicate ignored
<to be read again> 
                   \relax 
l.9066 \begin{Loes}
                   pdfTeX warning (ext4): destination with the same identifier 
(name{Loes.3}) has been already used, duplicate ignored
<to be read again> 
                   \relax 
l.9071 \begin{Loes}
                   
Package marginnote Info: Margin note 150.1 is on absolute page 150
(marginnote)              on input line 9091.

Overfull \hbox (0.37314pt too wide) in paragraph at lines 9091--9091
 |[]
 []

Package marginnote Info: xpos seams to be 365.11876pt,
(marginnote)             \marginnoteleftadjust ignored on input line 9091.
Package marginnote Info: Margin note 150.2 is on absolute page 150
(marginnote)              on input line 9117.

Overfull \hbox (0.37314pt too wide) in paragraph at lines 9117--9117
 |[]
 []

Package marginnote Info: xpos seams to be 334.01714pt,
(marginnote)             \marginnoteleftadjust ignored on input line 9117.
(./DiffGeo2012Skript.ind [150] [151

] [152])
No file DiffGeo2012Skript.gls.
(./DiffGeo2012Skript.bbl) [153



]
\tf@thm=\write9
\openout9 = `DiffGeo2012Skript.thm'.

 (./DiffGeo2012Skript.aux)

LaTeX Font Warning: Some font shapes were not available, defaults substituted.

 ) 
Here is how much of TeX's memory you used:
 26111 strings out of 493857
 447133 string characters out of 1153304
 568805 words of memory out of 3000000
 28053 multiletter control sequences out of 15000+50000
 137052 words of font info for 117 fonts, out of 3000000 for 9000
 714 hyphenation exceptions out of 8191
 70i,26n,402p,1096b,1722s stack positions out of 5000i,500n,10000p,200000b,50000s
pdfTeX warning (dest): name{glo:spur} has been referenced but does not exist,
 replaced by a fixed one

pdfTeX warning (dest): name{glo:Dualraum} has been referenced but does not exis
t, replaced by a fixed one

pdfTeX warning (dest): name{glo:GL} has been referenced but does not exist, rep
laced by a fixed one

pdfTeX warning (dest): name{glo:Homomorphismus} has been referenced but does no
t exist, replaced by a fixed one

pdfTeX warning (dest): name{glo:Isomorphismus} has been referenced but does not
 exist, replaced by a fixed one

pdfTeX warning (dest): name{glo:supp} has been referenced but does not exist, r
eplaced by a fixed one

pdfTeX warning (dest): name{glo:Kurve} has been referenced but does not exist, 
replaced by a fixed one

pdfTeX warning (dest): name{glo:Produkttopologie} has been referenced but does 
not exist, replaced by a fixed one

pdfTeX warning (dest): name{glo:Endomorphismus} has been referenced but does no
t exist, replaced by a fixed one

pdfTeX warning (dest): name{glo:Diffeomorphismus} has been referenced but does 
not exist, replaced by a fixed one

pdfTeX warning (dest): name{glo:Homoeomorphismus} has been referenced but does 
not exist, replaced by a fixed one

pdfTeX warning (dest): name{glo:Topologie} has been referenced but does not exi
st, replaced by a fixed one

pdfTeX warning (dest): name{glo:Hausdorff-Raum} has been referenced but does no
t exist, replaced by a fixed one

{/usr/share/texmf/fonts/enc/dvips/lm/lm-rm.enc}{/usr/share/texmf/fonts/enc/dvip
s/lm/lm-mathsy.enc}{/usr/share/texmf/fonts/enc/dvips/lm/lm-ec.enc}{/usr/share/t
exmf/fonts/enc/dvips/lm/lm-mathit.enc}{/usr/share/texmf/fonts/enc/dvips/lm/lm-m
athex.enc}</usr/share/texmf-texlive/fonts/type1/public/amsfonts/euler/eufm10.pf
b></usr/share/texmf/fonts/type1/public/lm/lmbsy10.pfb></usr/share/texmf/fonts/t
ype1/public/lm/lmbx10.pfb></usr/share/texmf/fonts/type1/public/lm/lmbx12.pfb></
usr/share/texmf/fonts/type1/public/lm/lmbx8.pfb></usr/share/texmf/fonts/type1/p
ublic/lm/lmbx9.pfb></usr/share/texmf/fonts/type1/public/lm/lmbxi10.pfb></usr/sh
are/texmf/fonts/type1/public/lm/lmex10.pfb></usr/share/texmf/fonts/type1/public
/lm/lmmi10.pfb></usr/share/texmf/fonts/type1/public/lm/lmmi5.pfb></usr/share/te
xmf/fonts/type1/public/lm/lmmi6.pfb></usr/share/texmf/fonts/type1/public/lm/lmm
i8.pfb></usr/share/texmf/fonts/type1/public/lm/lmmi9.pfb></usr/share/texmf/font
s/type1/public/lm/lmmib10.pfb></usr/share/texmf/fonts/type1/public/lm/lmr10.pfb
></usr/share/texmf/fonts/type1/public/lm/lmr12.pfb></usr/share/texmf/fonts/type
1/public/lm/lmr5.pfb></usr/share/texmf/fonts/type1/public/lm/lmr6.pfb></usr/sha
re/texmf/fonts/type1/public/lm/lmr8.pfb></usr/share/texmf/fonts/type1/public/lm
/lmr9.pfb></usr/share/texmf/fonts/type1/public/lm/lmri10.pfb></usr/share/texmf/
fonts/type1/public/lm/lmri8.pfb></usr/share/texmf/fonts/type1/public/lm/lmro10.
pfb></usr/share/texmf/fonts/type1/public/lm/lmsy10.pfb></usr/share/texmf/fonts/
type1/public/lm/lmsy5.pfb></usr/share/texmf/fonts/type1/public/lm/lmsy6.pfb></u
sr/share/texmf/fonts/type1/public/lm/lmsy7.pfb></usr/share/texmf/fonts/type1/pu
blic/lm/lmsy8.pfb></usr/share/texmf/fonts/type1/public/lm/lmsy9.pfb></usr/share
/texmf/fonts/type1/public/lm/lmtt10.pfb></usr/share/texmf-texlive/fonts/type1/p
ublic/amsfonts/symbols/msam10.pfb></usr/share/texmf-texlive/fonts/type1/public/
amsfonts/symbols/msbm10.pfb></usr/share/texmf-texlive/fonts/type1/public/amsfon
ts/symbols/msbm5.pfb></usr/share/texmf-texlive/fonts/type1/public/amsfonts/symb
ols/msbm7.pfb></usr/share/texmf-texlive/fonts/type1/hoekwater/stmaryrd/stmary10
.pfb>
Output written on DiffGeo2012Skript.pdf (153 pages, 1413745 bytes).
PDF statistics:
 1938 PDF objects out of 2073 (max. 8388607)
 718 named destinations out of 1000 (max. 500000)
 397 words of extra memory for PDF output out of 10000 (max. 10000000)

