
Running /usr/bin/pdflatex Fa221106.tex in an env with 4 entries:
This is pdfTeX, Version 3.1415926-1.40.10 (TeX Live 2009/Debian)
entering extended mode
(data/Fa221106.tex
LaTeX2e <2009/09/24>
Babel <v3.8l> and hyphenation patterns for english, usenglishmax, dumylang, noh
yphenation, farsi, arabic, croatian, bulgarian, ukrainian, russian, czech, slov
ak, danish, dutch, finnish, french, basque, ngerman, german, german-x-2009-06-1
9, ngerman-x-2009-06-19, ibycus, monogreek, greek, ancientgreek, hungarian, san
skrit, italian, latin, latvian, lithuanian, mongolian2a, mongolian, bokmal, nyn
orsk, romanian, irish, coptic, serbian, turkish, welsh, esperanto, uppersorbian
, estonian, indonesian, interlingua, icelandic, kurmanji, slovenian, polish, po
rtuguese, spanish, galician, catalan, swedish, ukenglish, loaded.
(/usr/share/texmf-texlive/tex/latex/base/article.cls
Document Class: article 2007/10/19 v1.4h Standard LaTeX document class
(/usr/share/texmf-texlive/tex/latex/base/size10.clo))
No file Fa221106.aux.
[1{/var/lib/texmf/fonts/map/pdftex/updmap/pdftex.map}] (./Fa221106.aux) )</usr/
share/texmf-texlive/fonts/type1/public/amsfonts/cm/cmr10.pfb>
Output written on Fa221106.pdf (1 page, 11995 bytes).
Transcript written on Fa221106.log.
Result: ExitSuccess

Running /usr/bin/pdflatex Fa221106.tex in an env with 4 entries:
This is pdfTeX, Version 3.1415926-1.40.10 (TeX Live 2009/Debian)
entering extended mode
(data/Fa221106.tex
LaTeX2e <2009/09/24>
Babel <v3.8l> and hyphenation patterns for english, usenglishmax, dumylang, noh
yphenation, farsi, arabic, croatian, bulgarian, ukrainian, russian, czech, slov
ak, danish, dutch, finnish, french, basque, ngerman, german, german-x-2009-06-1
9, ngerman-x-2009-06-19, ibycus, monogreek, greek, ancientgreek, hungarian, san
skrit, italian, latin, latvian, lithuanian, mongolian2a, mongolian, bokmal, nyn
orsk, romanian, irish, coptic, serbian, turkish, welsh, esperanto, uppersorbian
, estonian, indonesian, interlingua, icelandic, kurmanji, slovenian, polish, po
rtuguese, spanish, galician, catalan, swedish, ukenglish, loaded.
(/usr/share/texmf-texlive/tex/latex/base/article.cls
Document Class: article 2007/10/19 v1.4h Standard LaTeX document class
(/usr/share/texmf-texlive/tex/latex/base/size10.clo)) (./Fa221106.aux) [1{/var/
lib/texmf/fonts/map/pdftex/updmap/pdftex.map}] (./Fa221106.aux) )</usr/share/te
xmf-texlive/fonts/type1/public/amsfonts/cm/cmr10.pfb>
Output written on Fa221106.pdf (1 page, 11995 bytes).
Transcript written on Fa221106.log.
Result: ExitSuccess

Running /usr/bin/pdflatex Fa221106.tex in an env with 4 entries:
This is pdfTeX, Version 3.1415926-1.40.10 (TeX Live 2009/Debian)
entering extended mode
(data/Fa221106.tex
LaTeX2e <2009/09/24>
Babel <v3.8l> and hyphenation patterns for english, usenglishmax, dumylang, noh
yphenation, farsi, arabic, croatian, bulgarian, ukrainian, russian, czech, slov
ak, danish, dutch, finnish, french, basque, ngerman, german, german-x-2009-06-1
9, ngerman-x-2009-06-19, ibycus, monogreek, greek, ancientgreek, hungarian, san
skrit, italian, latin, latvian, lithuanian, mongolian2a, mongolian, bokmal, nyn
orsk, romanian, irish, coptic, serbian, turkish, welsh, esperanto, uppersorbian
, estonian, indonesian, interlingua, icelandic, kurmanji, slovenian, polish, po
rtuguese, spanish, galician, catalan, swedish, ukenglish, loaded.
(/usr/share/texmf-texlive/tex/latex/base/article.cls
Document Class: article 2007/10/19 v1.4h Standard LaTeX document class
(/usr/share/texmf-texlive/tex/latex/base/size10.clo)) (./Fa221106.aux) [1{/var/
lib/texmf/fonts/map/pdftex/updmap/pdftex.map}] (./Fa221106.aux) )</usr/share/te
xmf-texlive/fonts/type1/public/amsfonts/cm/cmr10.pfb>
Output written on Fa221106.pdf (1 page, 11995 bytes).
Transcript written on Fa221106.log.
Result: ExitSuccess

Running /usr/bin/convert -verbose Fa221106.pdf[0] -resize 70x Fa221106.png in an env with 4 entries:
"gs" -q -dQUIET -dSAFER -dBATCH -dNOPAUSE -dNOPROMPT -dMaxBitmap=500000000 -dAlignToPixels=0 -dGridFitTT=2 "-sDEVICE=pngalpha" -dTextAlphaBits=4 -dGraphicsAlphaBits=4 "-r72x72" -dFirstPage=1 -dLastPage=1 "-sOutputFile=/tmp/magick-N6VT9BcF-%08d" "-f/tmp/magick-6OiLmdp5" "-f/tmp/magick-kyoNcTBv"
/tmp/magick-N6VT9BcF-00000001 PNG 612x792 612x792+0+0 8-bit DirectClass 6.52KB 0.000u 0:00.009
Fa221106.pdf[0]=>Fa221106.pdf PDF 612x792 612x792+0+0 16-bit DirectClass 6.52KB 0.000u 0:00.000
Fa221106.pdf[0]=>Fa221106.png PDF 612x792=>70x91 70x91+0+0 16-bit DirectClass 0.320u 0:00.059
Result: ExitSuccess

Running /usr/bin/optipng -verbose Fa221106.png in an env with 4 entries:
OptiPNG 0.6.4: Advanced PNG optimizer.
Copyright (C) 2001-2010 Cosmin Truta.

** Processing: Fa221106.png
70x91 pixels, 2x8 bits/pixel, grayscale+alpha
Reducing image to 4 bits/pixel, 13 colors (12 transparent) in palette
Input IDAT size = 97 bytes
Input file size = 2720 bytes

Trying:
  zc = 9  zm = 8  zs = 0  f = 0		IDAT size = 53
  zc = 9  zm = 8  zs = 1  f = 0		IDAT size = 53
  zc = 1  zm = 8  zs = 2  f = 0		IDAT too big
  zc = 9  zm = 8  zs = 3  f = 0		IDAT size = 53
  zc = 9  zm = 8  zs = 0  f = 5		IDAT too big
  zc = 9  zm = 8  zs = 1  f = 5		IDAT too big
  zc = 1  zm = 8  zs = 2  f = 5		IDAT too big
  zc = 9  zm = 8  zs = 3  f = 5		IDAT too big

Fa221106.png is already optimized.

** Status report
1 file(s) have been processed.
Result: ExitSuccess
