
Running /usr/bin/pdflatex Fakap2.tex in an env with 4 entries:
This is pdfTeX, Version 3.1415926-1.40.10 (TeX Live 2009/Debian)
entering extended mode
(data/Fakap2.tex
LaTeX2e <2009/09/24>
Babel <v3.8l> and hyphenation patterns for english, usenglishmax, dumylang, noh
yphenation, farsi, arabic, croatian, bulgarian, ukrainian, russian, czech, slov
ak, danish, dutch, finnish, french, basque, ngerman, german, german-x-2009-06-1
9, ngerman-x-2009-06-19, ibycus, monogreek, greek, ancientgreek, hungarian, san
skrit, italian, latin, latvian, lithuanian, mongolian2a, mongolian, bokmal, nyn
orsk, romanian, irish, coptic, serbian, turkish, welsh, esperanto, uppersorbian
, estonian, indonesian, interlingua, icelandic, kurmanji, slovenian, polish, po
rtuguese, spanish, galician, catalan, swedish, ukenglish, loaded.
(/usr/share/texmf-texlive/tex/latex/base/book.cls
Document Class: book 2007/10/19 v1.4h Standard LaTeX document class
(/usr/share/texmf-texlive/tex/latex/base/bk11.clo))
(/usr/share/texmf-texlive/tex/latex/amsfonts/amssymb.sty
(/usr/share/texmf-texlive/tex/latex/amsfonts/amsfonts.sty))
(/usr/share/texmf-texlive/tex/latex/amsmath/amsmath.sty
For additional information on amsmath, use the `?' option.
(/usr/share/texmf-texlive/tex/latex/amsmath/amstext.sty
(/usr/share/texmf-texlive/tex/latex/amsmath/amsgen.sty))
(/usr/share/texmf-texlive/tex/latex/amsmath/amsbsy.sty)
(/usr/share/texmf-texlive/tex/latex/amsmath/amsopn.sty))
(/usr/share/texmf-texlive/tex/generic/german/ngerman.sty v2.5e 1998-07-08)
(/usr/share/texmf-texlive/tex/latex/fancyhdr/fancyhdr.sty)
(/usr/share/texmf-texlive/tex/latex/amsfonts/euscript.sty)
(/usr/share/texmf-texlive/tex/latex/base/makeidx.sty)
(/usr/share/texmf-texlive/tex/latex/hyperref/hyperref.sty
(/usr/share/texmf-texlive/tex/latex/graphics/keyval.sty)
(/usr/share/texmf-texlive/tex/generic/oberdiek/ifpdf.sty)
(/usr/share/texmf-texlive/tex/generic/oberdiek/ifvtex.sty)
(/usr/share/texmf-texlive/tex/generic/ifxetex/ifxetex.sty)
(/usr/share/texmf-texlive/tex/latex/oberdiek/hycolor.sty
(/usr/share/texmf-texlive/tex/latex/oberdiek/xcolor-patch.sty))
(/usr/share/texmf-texlive/tex/latex/hyperref/pd1enc.def)
(/usr/share/texmf-texlive/tex/generic/oberdiek/etexcmds.sty
(/usr/share/texmf-texlive/tex/generic/oberdiek/infwarerr.sty))
(/usr/share/texmf-texlive/tex/latex/latexconfig/hyperref.cfg)
(/usr/share/texmf-texlive/tex/latex/oberdiek/kvoptions.sty
(/usr/share/texmf-texlive/tex/generic/oberdiek/kvsetkeys.sty))
Implicit mode ON; LaTeX internals redefined
(/usr/share/texmf-texlive/tex/latex/ltxmisc/url.sty)
(/usr/share/texmf-texlive/tex/generic/oberdiek/bitset.sty
(/usr/share/texmf-texlive/tex/generic/oberdiek/intcalc.sty)
(/usr/share/texmf-texlive/tex/generic/oberdiek/bigintcalc.sty
(/usr/share/texmf-texlive/tex/generic/oberdiek/pdftexcmds.sty
(/usr/share/texmf-texlive/tex/generic/oberdiek/ifluatex.sty)
(/usr/share/texmf-texlive/tex/generic/oberdiek/ltxcmds.sty))))
(/usr/share/texmf-texlive/tex/generic/oberdiek/atbegshi.sty))
*hyperref using default driver hpdftex*
(/usr/share/texmf-texlive/tex/latex/hyperref/hpdftex.def)
(/usr/share/texmf-texlive/tex/latex/ntheorem/ntheorem.sty
Style `ntheorem', Version 1.25 <2005/07/07>
) (/usr/share/texmf-texlive/tex/latex/tools/enumerate.sty)
(/usr/share/texmf-texlive/tex/latex/mh/mathtools.sty
(/usr/share/texmf-texlive/tex/latex/tools/calc.sty)
(/usr/share/texmf-texlive/tex/latex/mh/mhsetup.sty))
(/usr/share/texmf-texlive/tex/generic/xypic/xy.sty
(/usr/share/texmf-texlive/tex/generic/xypic/xy.tex Bootstrap'ing: catcodes,
docmode, (/usr/share/texmf-texlive/tex/generic/xypic/xyrecat.tex)
(/usr/share/texmf-texlive/tex/generic/xypic/xyidioms.tex)

 Xy-pic version 3.7 <1999/02/16>
 Copyright (c) 1991-1998 by Kristoffer H. Rose <krisrose@ens-lyon.fr>
 Xy-pic is free software: see the User's Guide for details.

Loading kernel: messages; fonts; allocations: state, direction,
utility macros; pictures: \xy, positions, objects, decorations;
kernel objects: directionals, circles, text; options; algorithms: directions,
edges, connections;  Xy-pic loaded)
(/usr/share/texmf-texlive/tex/generic/xypic/xyarrow.tex
 Xy-pic option: Arrow and Path feature v.3.5 path, \ar, loaded)
(/usr/share/texmf-texlive/tex/generic/xypic/xymatrix.tex
 Xy-pic option: Matrix feature v.3.4 loaded)
(/usr/share/texmf-texlive/tex/generic/xypic/xycurve.tex
 Xy-pic option: Curve and Spline extension v.3.7 curve, circles, loaded))
(/usr/share/texmf-texlive/tex/latex/base/inputenc.sty
(/usr/share/texmf-texlive/tex/latex/base/latin1.def))
No file Fakap2.aux.
(/usr/share/texmf-texlive/tex/latex/hyperref/nameref.sty
(/usr/share/texmf-texlive/tex/latex/oberdiek/refcount.sty))
Kapitel 2.
(/usr/share/texmf-texlive/tex/latex/amsfonts/umsa.fd)
(/usr/share/texmf-texlive/tex/latex/amsfonts/umsb.fd)
Overfull \hbox (2.51096pt too wide) in paragraph at lines 132--133
[]\OT1/cmr/m/n/10.95 Aus a) - c) fol-gen $(\OML/cmm/m/it/10.95 x; \OT1/cmr/m/n/
10.95 0) = 0$ und $(\OML/cmm/m/it/10.95 x; []y[] \OT1/cmr/m/n/10.95 + \OML/cmm
/m/it/10.95 []y[]\OT1/cmr/m/n/10.95 ) = [](\OML/cmm/m/it/10.95 x\OMS/cmsy/m/n/
10.95 j\OML/cmm/m/it/10.95 y[]\OT1/cmr/m/n/10.95 ) +

Overfull \hbox (1.33237pt too wide) in alignment at lines 147--150
 [][][] []
[1{/var/lib/texmf/fonts/map/pdftex/updmap/pdftex.map}]
Overfull \hbox (10.13895pt too wide) in paragraph at lines 202--204
[]\OT1/cmr/m/it/10.95 Zwei Ele-me-ten $\OML/cmm/m/it/10.95 x; y$ \OT1/cmr/m/it/
10.95 ei-nes Pr[]aHR $\OML/cmm/m/it/10.95 X$ \OT1/cmr/m/it/10.95 hei-^^Yen \OT1
/cmr/bx/it/10.95 or-tho-go-nal\OT1/cmr/m/it/10.95 , wenn $\OT1/cmr/m/n/10.95 (\
OML/cmm/m/it/10.95 x\OMS/cmsy/m/n/10.95 j\OML/cmm/m/it/10.95 y\OT1/cmr/m/n/10.9
5 ) =
[2]
Underfull \hbox (badness 10000) in paragraph at lines 242--245

[3]

LaTeX Warning: Command \textquotedblleft invalid in math mode on input line 283
.


LaTeX Warning: Command \textquotedblright invalid in math mode on input line 28
3.


Overfull \hbox (6.85869pt too wide) in paragraph at lines 309--313
[]\OT1/cmr/m/n/10.95 Offenbar ist $^^H$ kon-ju-giert li-ne-ar. Sei $\OML/cmm/m/
it/10.95 y \OMS/cmsy/m/n/10.95 2 \OML/cmm/m/it/10.95 X\OMS/cmsy/m/n/10.95 nf\OT
1/cmr/m/n/10.95 0\OMS/cmsy/m/n/10.95 g$\OT1/cmr/m/n/10.95 . Set-ze $\OML/cmm/m/
it/10.95 x \OT1/cmr/m/n/10.95 = [] \OMS/cmsy/m/n/10.95 ) k\OT1/cmr/m/n/10.95 ^^
H(\OML/cmm/m/it/10.95 y\OT1/cmr/m/n/10.95 )\OMS/cmsy/m/n/10.95 k[] ^^U

Overfull \hbox (8.58824pt too wide) in paragraph at lines 321--322
[]\OT1/cmr/m/it/10.95 Ein Or-tho-nor-mal-sys-tem (ONS) $\OML/cmm/m/it/10.95 S$ 
\OT1/cmr/m/it/10.95 hei^^Yt \OT1/cmr/bx/it/10.95 Or-tho-nor-mal-ba-sis \OT1/cmr
/m/it/10.95 (ONB)
[4] [5]
Overfull \hbox (66.30492pt too wide) in paragraph at lines 441--443
[]$\OML/cmm/m/it/10.95 Px \OT1/cmr/m/n/10.95 := \OML/cmm/m/it/10.95 y$ \OT1/cmr
/m/n/10.95 ist li-ne-ar und nach $(\OMS/cmsy/m/n/10.95 ^^C\OT1/cmr/m/n/10.95 )$
 ste-tig auf $\OML/cmm/m/it/10.95 X$\OT1/cmr/m/n/10.95 . Sei $\OML/cmm/m/it/10.
95 x \OMS/cmsy/m/n/10.95 2 \OML/cmm/m/it/10.95 X \OMS/cmsy/m/n/10.95 ) \OML/cmm
/m/it/10.95 P[]x \OT1/cmr/m/n/10.95 = [][] [][](\OML/cmm/m/it/10.95 x\OMS/cmsy/
m/n/10.95 j\OML/cmm/m/it/10.95 b\OT1/cmr/m/n/10.95 )(\OML/cmm/m/it/10.95 b\OMS/
cmsy/m/n/10.95 j\OML/cmm/m/it/10.95 b[]\OT1/cmr/m/n/10.95 )\OML/cmm/m/it/10.95 
b[] []
[6] [7]
Overfull \hbox (13.30127pt too wide) in paragraph at lines 572--574
[]\OT1/cmr/m/n/10.95 Sei $\OML/cmm/m/it/10.95 X \OT1/cmr/m/n/10.95 = \OML/cmm/m
/it/10.95 L[]\OT1/cmr/m/n/10.95 ([0\OML/cmm/m/it/10.95 ; \OT1/cmr/m/n/10.95 2\O
ML/cmm/m/it/10.95 ^^Y\OT1/cmr/m/n/10.95 ])\OML/cmm/m/it/10.95 ;  f[]\OT1/cmr/m/
n/10.95 (\OML/cmm/m/it/10.95 t\OT1/cmr/m/n/10.95 ) = []\OML/cmm/m/it/10.95 e[];
  t \OMS/cmsy/m/n/10.95 2 \OT1/cmr/m/n/10.95 [0\OML/cmm/m/it/10.95 ; \OT1/cmr/m
/n/10.95 2\OML/cmm/m/it/10.95 ^^Y\OT1/cmr/m/n/10.95 ]\OML/cmm/m/it/10.95 ;  n \
OMS/cmsy/m/n/10.95 2
[8] [9]
Overfull \hbox (13.58392pt too wide) in paragraph at lines 658--660
\OMS/cmsy/m/n/10.95 ) \OML/cmm/m/it/10.95 T[] \OMS/cmsy/m/n/10.95 2 \OML/cmm/m/
it/10.95 B\OT1/cmr/m/n/10.95 (\OML/cmm/m/it/10.95 X; Y\OT1/cmr/m/n/10.95 ) \OMS
/cmsy/m/n/10.95 ) \OT1/cmr/m/n/10.95 (\OML/cmm/m/it/10.95 Tx\OMS/cmsy/m/n/10.95
 j\OML/cmm/m/it/10.95 y\OT1/cmr/m/n/10.95 ) [] (\OML/cmm/m/it/10.95 x\OMS/cmsy/
m/n/10.95 j\OML/cmm/m/it/10.95 T[]y\OT1/cmr/m/n/10.95 ) = [] [] [] = (\OML/cmm/
m/it/10.95 T[]x\OMS/cmsy/m/n/10.95 j\OML/cmm/m/it/10.95 y\OT1/cmr/m/n/10.95 ) [
]
[10]
Overfull \hbox (35.24615pt too wide) in alignment at lines 754--758
 [][][] []

Overfull \hbox (0.87799pt too wide) in alignment at lines 761--764
 [][][] []
[11] [12] [13] [14] (./Fakap2.aux) )
(see the transcript file for additional information)</usr/share/texmf-texlive/f
onts/type1/public/amsfonts/cm/cmbx10.pfb></usr/share/texmf-texlive/fonts/type1/
public/amsfonts/cm/cmbx12.pfb></usr/share/texmf-texlive/fonts/type1/public/amsf
onts/cm/cmbxti10.pfb></usr/share/texmf-texlive/fonts/type1/public/amsfonts/cm/c
mex10.pfb></usr/share/texmf-texlive/fonts/type1/public/amsfonts/cm/cmmi10.pfb><
/usr/share/texmf-texlive/fonts/type1/public/amsfonts/cm/cmmi6.pfb></usr/share/t
exmf-texlive/fonts/type1/public/amsfonts/cm/cmmi8.pfb></usr/share/texmf-texlive
/fonts/type1/public/amsfonts/cm/cmr10.pfb></usr/share/texmf-texlive/fonts/type1
/public/amsfonts/cm/cmr6.pfb></usr/share/texmf-texlive/fonts/type1/public/amsfo
nts/cm/cmr8.pfb></usr/share/texmf-texlive/fonts/type1/public/amsfonts/cm/cmsl10
.pfb></usr/share/texmf-texlive/fonts/type1/public/amsfonts/cm/cmsy10.pfb></usr/
share/texmf-texlive/fonts/type1/public/amsfonts/cm/cmsy6.pfb></usr/share/texmf-
texlive/fonts/type1/public/amsfonts/cm/cmsy8.pfb></usr/share/texmf-texlive/font
s/type1/public/amsfonts/cm/cmti10.pfb></usr/share/texmf-texlive/fonts/type1/pub
lic/amsfonts/symbols/msam10.pfb></usr/share/texmf-texlive/fonts/type1/public/am
sfonts/symbols/msbm10.pfb>
Output written on Fakap2.pdf (14 pages, 305576 bytes).
Transcript written on Fakap2.log.
Result: ExitSuccess

Running /usr/bin/pdflatex Fakap2.tex in an env with 4 entries:
This is pdfTeX, Version 3.1415926-1.40.10 (TeX Live 2009/Debian)
entering extended mode
(data/Fakap2.tex
LaTeX2e <2009/09/24>
Babel <v3.8l> and hyphenation patterns for english, usenglishmax, dumylang, noh
yphenation, farsi, arabic, croatian, bulgarian, ukrainian, russian, czech, slov
ak, danish, dutch, finnish, french, basque, ngerman, german, german-x-2009-06-1
9, ngerman-x-2009-06-19, ibycus, monogreek, greek, ancientgreek, hungarian, san
skrit, italian, latin, latvian, lithuanian, mongolian2a, mongolian, bokmal, nyn
orsk, romanian, irish, coptic, serbian, turkish, welsh, esperanto, uppersorbian
, estonian, indonesian, interlingua, icelandic, kurmanji, slovenian, polish, po
rtuguese, spanish, galician, catalan, swedish, ukenglish, loaded.
(/usr/share/texmf-texlive/tex/latex/base/book.cls
Document Class: book 2007/10/19 v1.4h Standard LaTeX document class
(/usr/share/texmf-texlive/tex/latex/base/bk11.clo))
(/usr/share/texmf-texlive/tex/latex/amsfonts/amssymb.sty
(/usr/share/texmf-texlive/tex/latex/amsfonts/amsfonts.sty))
(/usr/share/texmf-texlive/tex/latex/amsmath/amsmath.sty
For additional information on amsmath, use the `?' option.
(/usr/share/texmf-texlive/tex/latex/amsmath/amstext.sty
(/usr/share/texmf-texlive/tex/latex/amsmath/amsgen.sty))
(/usr/share/texmf-texlive/tex/latex/amsmath/amsbsy.sty)
(/usr/share/texmf-texlive/tex/latex/amsmath/amsopn.sty))
(/usr/share/texmf-texlive/tex/generic/german/ngerman.sty v2.5e 1998-07-08)
(/usr/share/texmf-texlive/tex/latex/fancyhdr/fancyhdr.sty)
(/usr/share/texmf-texlive/tex/latex/amsfonts/euscript.sty)
(/usr/share/texmf-texlive/tex/latex/base/makeidx.sty)
(/usr/share/texmf-texlive/tex/latex/hyperref/hyperref.sty
(/usr/share/texmf-texlive/tex/latex/graphics/keyval.sty)
(/usr/share/texmf-texlive/tex/generic/oberdiek/ifpdf.sty)
(/usr/share/texmf-texlive/tex/generic/oberdiek/ifvtex.sty)
(/usr/share/texmf-texlive/tex/generic/ifxetex/ifxetex.sty)
(/usr/share/texmf-texlive/tex/latex/oberdiek/hycolor.sty
(/usr/share/texmf-texlive/tex/latex/oberdiek/xcolor-patch.sty))
(/usr/share/texmf-texlive/tex/latex/hyperref/pd1enc.def)
(/usr/share/texmf-texlive/tex/generic/oberdiek/etexcmds.sty
(/usr/share/texmf-texlive/tex/generic/oberdiek/infwarerr.sty))
(/usr/share/texmf-texlive/tex/latex/latexconfig/hyperref.cfg)
(/usr/share/texmf-texlive/tex/latex/oberdiek/kvoptions.sty
(/usr/share/texmf-texlive/tex/generic/oberdiek/kvsetkeys.sty))
Implicit mode ON; LaTeX internals redefined
(/usr/share/texmf-texlive/tex/latex/ltxmisc/url.sty)
(/usr/share/texmf-texlive/tex/generic/oberdiek/bitset.sty
(/usr/share/texmf-texlive/tex/generic/oberdiek/intcalc.sty)
(/usr/share/texmf-texlive/tex/generic/oberdiek/bigintcalc.sty
(/usr/share/texmf-texlive/tex/generic/oberdiek/pdftexcmds.sty
(/usr/share/texmf-texlive/tex/generic/oberdiek/ifluatex.sty)
(/usr/share/texmf-texlive/tex/generic/oberdiek/ltxcmds.sty))))
(/usr/share/texmf-texlive/tex/generic/oberdiek/atbegshi.sty))
*hyperref using default driver hpdftex*
(/usr/share/texmf-texlive/tex/latex/hyperref/hpdftex.def)
(/usr/share/texmf-texlive/tex/latex/ntheorem/ntheorem.sty
Style `ntheorem', Version 1.25 <2005/07/07>
) (/usr/share/texmf-texlive/tex/latex/tools/enumerate.sty)
(/usr/share/texmf-texlive/tex/latex/mh/mathtools.sty
(/usr/share/texmf-texlive/tex/latex/tools/calc.sty)
(/usr/share/texmf-texlive/tex/latex/mh/mhsetup.sty))
(/usr/share/texmf-texlive/tex/generic/xypic/xy.sty
(/usr/share/texmf-texlive/tex/generic/xypic/xy.tex Bootstrap'ing: catcodes,
docmode, (/usr/share/texmf-texlive/tex/generic/xypic/xyrecat.tex)
(/usr/share/texmf-texlive/tex/generic/xypic/xyidioms.tex)

 Xy-pic version 3.7 <1999/02/16>
 Copyright (c) 1991-1998 by Kristoffer H. Rose <krisrose@ens-lyon.fr>
 Xy-pic is free software: see the User's Guide for details.

Loading kernel: messages; fonts; allocations: state, direction,
utility macros; pictures: \xy, positions, objects, decorations;
kernel objects: directionals, circles, text; options; algorithms: directions,
edges, connections;  Xy-pic loaded)
(/usr/share/texmf-texlive/tex/generic/xypic/xyarrow.tex
 Xy-pic option: Arrow and Path feature v.3.5 path, \ar, loaded)
(/usr/share/texmf-texlive/tex/generic/xypic/xymatrix.tex
 Xy-pic option: Matrix feature v.3.4 loaded)
(/usr/share/texmf-texlive/tex/generic/xypic/xycurve.tex
 Xy-pic option: Curve and Spline extension v.3.7 curve, circles, loaded))
(/usr/share/texmf-texlive/tex/latex/base/inputenc.sty
(/usr/share/texmf-texlive/tex/latex/base/latin1.def)) (./Fakap2.aux)
(/usr/share/texmf-texlive/tex/latex/hyperref/nameref.sty
(/usr/share/texmf-texlive/tex/latex/oberdiek/refcount.sty)) (./Fakap2.out)
(./Fakap2.out)
Kapitel 2.
(/usr/share/texmf-texlive/tex/latex/amsfonts/umsa.fd)
(/usr/share/texmf-texlive/tex/latex/amsfonts/umsb.fd)
Overfull \hbox (2.51096pt too wide) in paragraph at lines 132--133
[]\OT1/cmr/m/n/10.95 Aus a) - c) fol-gen $(\OML/cmm/m/it/10.95 x; \OT1/cmr/m/n/
10.95 0) = 0$ und $(\OML/cmm/m/it/10.95 x; []y[] \OT1/cmr/m/n/10.95 + \OML/cmm
/m/it/10.95 []y[]\OT1/cmr/m/n/10.95 ) = [](\OML/cmm/m/it/10.95 x\OMS/cmsy/m/n/
10.95 j\OML/cmm/m/it/10.95 y[]\OT1/cmr/m/n/10.95 ) +

Overfull \hbox (1.33237pt too wide) in alignment at lines 147--150
 [][][] []
[1{/var/lib/texmf/fonts/map/pdftex/updmap/pdftex.map}]
Overfull \hbox (10.13895pt too wide) in paragraph at lines 202--204
[]\OT1/cmr/m/it/10.95 Zwei Ele-me-ten $\OML/cmm/m/it/10.95 x; y$ \OT1/cmr/m/it/
10.95 ei-nes Pr[]aHR $\OML/cmm/m/it/10.95 X$ \OT1/cmr/m/it/10.95 hei-^^Yen \OT1
/cmr/bx/it/10.95 or-tho-go-nal\OT1/cmr/m/it/10.95 , wenn $\OT1/cmr/m/n/10.95 (\
OML/cmm/m/it/10.95 x\OMS/cmsy/m/n/10.95 j\OML/cmm/m/it/10.95 y\OT1/cmr/m/n/10.9
5 ) =
[2]
Underfull \hbox (badness 10000) in paragraph at lines 242--245

[3]

LaTeX Warning: Command \textquotedblleft invalid in math mode on input line 283
.


LaTeX Warning: Command \textquotedblright invalid in math mode on input line 28
3.


Overfull \hbox (6.85869pt too wide) in paragraph at lines 309--313
[]\OT1/cmr/m/n/10.95 Offenbar ist $^^H$ kon-ju-giert li-ne-ar. Sei $\OML/cmm/m/
it/10.95 y \OMS/cmsy/m/n/10.95 2 \OML/cmm/m/it/10.95 X\OMS/cmsy/m/n/10.95 nf\OT
1/cmr/m/n/10.95 0\OMS/cmsy/m/n/10.95 g$\OT1/cmr/m/n/10.95 . Set-ze $\OML/cmm/m/
it/10.95 x \OT1/cmr/m/n/10.95 = [] \OMS/cmsy/m/n/10.95 ) k\OT1/cmr/m/n/10.95 ^^
H(\OML/cmm/m/it/10.95 y\OT1/cmr/m/n/10.95 )\OMS/cmsy/m/n/10.95 k[] ^^U

Overfull \hbox (8.58824pt too wide) in paragraph at lines 321--322
[]\OT1/cmr/m/it/10.95 Ein Or-tho-nor-mal-sys-tem (ONS) $\OML/cmm/m/it/10.95 S$ 
\OT1/cmr/m/it/10.95 hei^^Yt \OT1/cmr/bx/it/10.95 Or-tho-nor-mal-ba-sis \OT1/cmr
/m/it/10.95 (ONB)
[4] [5]
Overfull \hbox (66.30492pt too wide) in paragraph at lines 441--443
[]$\OML/cmm/m/it/10.95 Px \OT1/cmr/m/n/10.95 := \OML/cmm/m/it/10.95 y$ \OT1/cmr
/m/n/10.95 ist li-ne-ar und nach $(\OMS/cmsy/m/n/10.95 ^^C\OT1/cmr/m/n/10.95 )$
 ste-tig auf $\OML/cmm/m/it/10.95 X$\OT1/cmr/m/n/10.95 . Sei $\OML/cmm/m/it/10.
95 x \OMS/cmsy/m/n/10.95 2 \OML/cmm/m/it/10.95 X \OMS/cmsy/m/n/10.95 ) \OML/cmm
/m/it/10.95 P[]x \OT1/cmr/m/n/10.95 = [][] [][](\OML/cmm/m/it/10.95 x\OMS/cmsy/
m/n/10.95 j\OML/cmm/m/it/10.95 b\OT1/cmr/m/n/10.95 )(\OML/cmm/m/it/10.95 b\OMS/
cmsy/m/n/10.95 j\OML/cmm/m/it/10.95 b[]\OT1/cmr/m/n/10.95 )\OML/cmm/m/it/10.95 
b[] []
[6] [7]
Overfull \hbox (13.30127pt too wide) in paragraph at lines 572--574
[]\OT1/cmr/m/n/10.95 Sei $\OML/cmm/m/it/10.95 X \OT1/cmr/m/n/10.95 = \OML/cmm/m
/it/10.95 L[]\OT1/cmr/m/n/10.95 ([0\OML/cmm/m/it/10.95 ; \OT1/cmr/m/n/10.95 2\O
ML/cmm/m/it/10.95 ^^Y\OT1/cmr/m/n/10.95 ])\OML/cmm/m/it/10.95 ;  f[]\OT1/cmr/m/
n/10.95 (\OML/cmm/m/it/10.95 t\OT1/cmr/m/n/10.95 ) = []\OML/cmm/m/it/10.95 e[];
  t \OMS/cmsy/m/n/10.95 2 \OT1/cmr/m/n/10.95 [0\OML/cmm/m/it/10.95 ; \OT1/cmr/m
/n/10.95 2\OML/cmm/m/it/10.95 ^^Y\OT1/cmr/m/n/10.95 ]\OML/cmm/m/it/10.95 ;  n \
OMS/cmsy/m/n/10.95 2
[8] [9]
Overfull \hbox (13.58392pt too wide) in paragraph at lines 658--660
\OMS/cmsy/m/n/10.95 ) \OML/cmm/m/it/10.95 T[] \OMS/cmsy/m/n/10.95 2 \OML/cmm/m/
it/10.95 B\OT1/cmr/m/n/10.95 (\OML/cmm/m/it/10.95 X; Y\OT1/cmr/m/n/10.95 ) \OMS
/cmsy/m/n/10.95 ) \OT1/cmr/m/n/10.95 (\OML/cmm/m/it/10.95 Tx\OMS/cmsy/m/n/10.95
 j\OML/cmm/m/it/10.95 y\OT1/cmr/m/n/10.95 ) [] (\OML/cmm/m/it/10.95 x\OMS/cmsy/
m/n/10.95 j\OML/cmm/m/it/10.95 T[]y\OT1/cmr/m/n/10.95 ) = [] [] [] = (\OML/cmm/
m/it/10.95 T[]x\OMS/cmsy/m/n/10.95 j\OML/cmm/m/it/10.95 y\OT1/cmr/m/n/10.95 ) [
]
[10]
Overfull \hbox (35.24615pt too wide) in alignment at lines 754--758
 [][][] []

Overfull \hbox (0.87799pt too wide) in alignment at lines 761--764
 [][][] []
[11] [12] [13] [14] (./Fakap2.aux) )
(see the transcript file for additional information)</usr/share/texmf-texlive/f
onts/type1/public/amsfonts/cm/cmbx10.pfb></usr/share/texmf-texlive/fonts/type1/
public/amsfonts/cm/cmbx12.pfb></usr/share/texmf-texlive/fonts/type1/public/amsf
onts/cm/cmbxti10.pfb></usr/share/texmf-texlive/fonts/type1/public/amsfonts/cm/c
mex10.pfb></usr/share/texmf-texlive/fonts/type1/public/amsfonts/cm/cmmi10.pfb><
/usr/share/texmf-texlive/fonts/type1/public/amsfonts/cm/cmmi6.pfb></usr/share/t
exmf-texlive/fonts/type1/public/amsfonts/cm/cmmi8.pfb></usr/share/texmf-texlive
/fonts/type1/public/amsfonts/cm/cmr10.pfb></usr/share/texmf-texlive/fonts/type1
/public/amsfonts/cm/cmr6.pfb></usr/share/texmf-texlive/fonts/type1/public/amsfo
nts/cm/cmr8.pfb></usr/share/texmf-texlive/fonts/type1/public/amsfonts/cm/cmsl10
.pfb></usr/share/texmf-texlive/fonts/type1/public/amsfonts/cm/cmsy10.pfb></usr/
share/texmf-texlive/fonts/type1/public/amsfonts/cm/cmsy6.pfb></usr/share/texmf-
texlive/fonts/type1/public/amsfonts/cm/cmsy8.pfb></usr/share/texmf-texlive/font
s/type1/public/amsfonts/cm/cmti10.pfb></usr/share/texmf-texlive/fonts/type1/pub
lic/amsfonts/symbols/msam10.pfb></usr/share/texmf-texlive/fonts/type1/public/am
sfonts/symbols/msbm10.pfb>
Output written on Fakap2.pdf (14 pages, 306869 bytes).
Transcript written on Fakap2.log.
Result: ExitSuccess

Running /usr/bin/pdflatex Fakap2.tex in an env with 4 entries:
This is pdfTeX, Version 3.1415926-1.40.10 (TeX Live 2009/Debian)
entering extended mode
(data/Fakap2.tex
LaTeX2e <2009/09/24>
Babel <v3.8l> and hyphenation patterns for english, usenglishmax, dumylang, noh
yphenation, farsi, arabic, croatian, bulgarian, ukrainian, russian, czech, slov
ak, danish, dutch, finnish, french, basque, ngerman, german, german-x-2009-06-1
9, ngerman-x-2009-06-19, ibycus, monogreek, greek, ancientgreek, hungarian, san
skrit, italian, latin, latvian, lithuanian, mongolian2a, mongolian, bokmal, nyn
orsk, romanian, irish, coptic, serbian, turkish, welsh, esperanto, uppersorbian
, estonian, indonesian, interlingua, icelandic, kurmanji, slovenian, polish, po
rtuguese, spanish, galician, catalan, swedish, ukenglish, loaded.
(/usr/share/texmf-texlive/tex/latex/base/book.cls
Document Class: book 2007/10/19 v1.4h Standard LaTeX document class
(/usr/share/texmf-texlive/tex/latex/base/bk11.clo))
(/usr/share/texmf-texlive/tex/latex/amsfonts/amssymb.sty
(/usr/share/texmf-texlive/tex/latex/amsfonts/amsfonts.sty))
(/usr/share/texmf-texlive/tex/latex/amsmath/amsmath.sty
For additional information on amsmath, use the `?' option.
(/usr/share/texmf-texlive/tex/latex/amsmath/amstext.sty
(/usr/share/texmf-texlive/tex/latex/amsmath/amsgen.sty))
(/usr/share/texmf-texlive/tex/latex/amsmath/amsbsy.sty)
(/usr/share/texmf-texlive/tex/latex/amsmath/amsopn.sty))
(/usr/share/texmf-texlive/tex/generic/german/ngerman.sty v2.5e 1998-07-08)
(/usr/share/texmf-texlive/tex/latex/fancyhdr/fancyhdr.sty)
(/usr/share/texmf-texlive/tex/latex/amsfonts/euscript.sty)
(/usr/share/texmf-texlive/tex/latex/base/makeidx.sty)
(/usr/share/texmf-texlive/tex/latex/hyperref/hyperref.sty
(/usr/share/texmf-texlive/tex/latex/graphics/keyval.sty)
(/usr/share/texmf-texlive/tex/generic/oberdiek/ifpdf.sty)
(/usr/share/texmf-texlive/tex/generic/oberdiek/ifvtex.sty)
(/usr/share/texmf-texlive/tex/generic/ifxetex/ifxetex.sty)
(/usr/share/texmf-texlive/tex/latex/oberdiek/hycolor.sty
(/usr/share/texmf-texlive/tex/latex/oberdiek/xcolor-patch.sty))
(/usr/share/texmf-texlive/tex/latex/hyperref/pd1enc.def)
(/usr/share/texmf-texlive/tex/generic/oberdiek/etexcmds.sty
(/usr/share/texmf-texlive/tex/generic/oberdiek/infwarerr.sty))
(/usr/share/texmf-texlive/tex/latex/latexconfig/hyperref.cfg)
(/usr/share/texmf-texlive/tex/latex/oberdiek/kvoptions.sty
(/usr/share/texmf-texlive/tex/generic/oberdiek/kvsetkeys.sty))
Implicit mode ON; LaTeX internals redefined
(/usr/share/texmf-texlive/tex/latex/ltxmisc/url.sty)
(/usr/share/texmf-texlive/tex/generic/oberdiek/bitset.sty
(/usr/share/texmf-texlive/tex/generic/oberdiek/intcalc.sty)
(/usr/share/texmf-texlive/tex/generic/oberdiek/bigintcalc.sty
(/usr/share/texmf-texlive/tex/generic/oberdiek/pdftexcmds.sty
(/usr/share/texmf-texlive/tex/generic/oberdiek/ifluatex.sty)
(/usr/share/texmf-texlive/tex/generic/oberdiek/ltxcmds.sty))))
(/usr/share/texmf-texlive/tex/generic/oberdiek/atbegshi.sty))
*hyperref using default driver hpdftex*
(/usr/share/texmf-texlive/tex/latex/hyperref/hpdftex.def)
(/usr/share/texmf-texlive/tex/latex/ntheorem/ntheorem.sty
Style `ntheorem', Version 1.25 <2005/07/07>
) (/usr/share/texmf-texlive/tex/latex/tools/enumerate.sty)
(/usr/share/texmf-texlive/tex/latex/mh/mathtools.sty
(/usr/share/texmf-texlive/tex/latex/tools/calc.sty)
(/usr/share/texmf-texlive/tex/latex/mh/mhsetup.sty))
(/usr/share/texmf-texlive/tex/generic/xypic/xy.sty
(/usr/share/texmf-texlive/tex/generic/xypic/xy.tex Bootstrap'ing: catcodes,
docmode, (/usr/share/texmf-texlive/tex/generic/xypic/xyrecat.tex)
(/usr/share/texmf-texlive/tex/generic/xypic/xyidioms.tex)

 Xy-pic version 3.7 <1999/02/16>
 Copyright (c) 1991-1998 by Kristoffer H. Rose <krisrose@ens-lyon.fr>
 Xy-pic is free software: see the User's Guide for details.

Loading kernel: messages; fonts; allocations: state, direction,
utility macros; pictures: \xy, positions, objects, decorations;
kernel objects: directionals, circles, text; options; algorithms: directions,
edges, connections;  Xy-pic loaded)
(/usr/share/texmf-texlive/tex/generic/xypic/xyarrow.tex
 Xy-pic option: Arrow and Path feature v.3.5 path, \ar, loaded)
(/usr/share/texmf-texlive/tex/generic/xypic/xymatrix.tex
 Xy-pic option: Matrix feature v.3.4 loaded)
(/usr/share/texmf-texlive/tex/generic/xypic/xycurve.tex
 Xy-pic option: Curve and Spline extension v.3.7 curve, circles, loaded))
(/usr/share/texmf-texlive/tex/latex/base/inputenc.sty
(/usr/share/texmf-texlive/tex/latex/base/latin1.def)) (./Fakap2.aux)
(/usr/share/texmf-texlive/tex/latex/hyperref/nameref.sty
(/usr/share/texmf-texlive/tex/latex/oberdiek/refcount.sty)) (./Fakap2.out)
(./Fakap2.out)
Kapitel 2.
(/usr/share/texmf-texlive/tex/latex/amsfonts/umsa.fd)
(/usr/share/texmf-texlive/tex/latex/amsfonts/umsb.fd)
Overfull \hbox (2.51096pt too wide) in paragraph at lines 132--133
[]\OT1/cmr/m/n/10.95 Aus a) - c) fol-gen $(\OML/cmm/m/it/10.95 x; \OT1/cmr/m/n/
10.95 0) = 0$ und $(\OML/cmm/m/it/10.95 x; []y[] \OT1/cmr/m/n/10.95 + \OML/cmm
/m/it/10.95 []y[]\OT1/cmr/m/n/10.95 ) = [](\OML/cmm/m/it/10.95 x\OMS/cmsy/m/n/
10.95 j\OML/cmm/m/it/10.95 y[]\OT1/cmr/m/n/10.95 ) +

Overfull \hbox (1.33237pt too wide) in alignment at lines 147--150
 [][][] []
[1{/var/lib/texmf/fonts/map/pdftex/updmap/pdftex.map}]
Overfull \hbox (10.13895pt too wide) in paragraph at lines 202--204
[]\OT1/cmr/m/it/10.95 Zwei Ele-me-ten $\OML/cmm/m/it/10.95 x; y$ \OT1/cmr/m/it/
10.95 ei-nes Pr[]aHR $\OML/cmm/m/it/10.95 X$ \OT1/cmr/m/it/10.95 hei-^^Yen \OT1
/cmr/bx/it/10.95 or-tho-go-nal\OT1/cmr/m/it/10.95 , wenn $\OT1/cmr/m/n/10.95 (\
OML/cmm/m/it/10.95 x\OMS/cmsy/m/n/10.95 j\OML/cmm/m/it/10.95 y\OT1/cmr/m/n/10.9
5 ) =
[2]
Underfull \hbox (badness 10000) in paragraph at lines 242--245

[3]

LaTeX Warning: Command \textquotedblleft invalid in math mode on input line 283
.


LaTeX Warning: Command \textquotedblright invalid in math mode on input line 28
3.


Overfull \hbox (6.85869pt too wide) in paragraph at lines 309--313
[]\OT1/cmr/m/n/10.95 Offenbar ist $^^H$ kon-ju-giert li-ne-ar. Sei $\OML/cmm/m/
it/10.95 y \OMS/cmsy/m/n/10.95 2 \OML/cmm/m/it/10.95 X\OMS/cmsy/m/n/10.95 nf\OT
1/cmr/m/n/10.95 0\OMS/cmsy/m/n/10.95 g$\OT1/cmr/m/n/10.95 . Set-ze $\OML/cmm/m/
it/10.95 x \OT1/cmr/m/n/10.95 = [] \OMS/cmsy/m/n/10.95 ) k\OT1/cmr/m/n/10.95 ^^
H(\OML/cmm/m/it/10.95 y\OT1/cmr/m/n/10.95 )\OMS/cmsy/m/n/10.95 k[] ^^U

Overfull \hbox (8.58824pt too wide) in paragraph at lines 321--322
[]\OT1/cmr/m/it/10.95 Ein Or-tho-nor-mal-sys-tem (ONS) $\OML/cmm/m/it/10.95 S$ 
\OT1/cmr/m/it/10.95 hei^^Yt \OT1/cmr/bx/it/10.95 Or-tho-nor-mal-ba-sis \OT1/cmr
/m/it/10.95 (ONB)
[4] [5]
Overfull \hbox (66.30492pt too wide) in paragraph at lines 441--443
[]$\OML/cmm/m/it/10.95 Px \OT1/cmr/m/n/10.95 := \OML/cmm/m/it/10.95 y$ \OT1/cmr
/m/n/10.95 ist li-ne-ar und nach $(\OMS/cmsy/m/n/10.95 ^^C\OT1/cmr/m/n/10.95 )$
 ste-tig auf $\OML/cmm/m/it/10.95 X$\OT1/cmr/m/n/10.95 . Sei $\OML/cmm/m/it/10.
95 x \OMS/cmsy/m/n/10.95 2 \OML/cmm/m/it/10.95 X \OMS/cmsy/m/n/10.95 ) \OML/cmm
/m/it/10.95 P[]x \OT1/cmr/m/n/10.95 = [][] [][](\OML/cmm/m/it/10.95 x\OMS/cmsy/
m/n/10.95 j\OML/cmm/m/it/10.95 b\OT1/cmr/m/n/10.95 )(\OML/cmm/m/it/10.95 b\OMS/
cmsy/m/n/10.95 j\OML/cmm/m/it/10.95 b[]\OT1/cmr/m/n/10.95 )\OML/cmm/m/it/10.95 
b[] []
[6] [7]
Overfull \hbox (13.30127pt too wide) in paragraph at lines 572--574
[]\OT1/cmr/m/n/10.95 Sei $\OML/cmm/m/it/10.95 X \OT1/cmr/m/n/10.95 = \OML/cmm/m
/it/10.95 L[]\OT1/cmr/m/n/10.95 ([0\OML/cmm/m/it/10.95 ; \OT1/cmr/m/n/10.95 2\O
ML/cmm/m/it/10.95 ^^Y\OT1/cmr/m/n/10.95 ])\OML/cmm/m/it/10.95 ;  f[]\OT1/cmr/m/
n/10.95 (\OML/cmm/m/it/10.95 t\OT1/cmr/m/n/10.95 ) = []\OML/cmm/m/it/10.95 e[];
  t \OMS/cmsy/m/n/10.95 2 \OT1/cmr/m/n/10.95 [0\OML/cmm/m/it/10.95 ; \OT1/cmr/m
/n/10.95 2\OML/cmm/m/it/10.95 ^^Y\OT1/cmr/m/n/10.95 ]\OML/cmm/m/it/10.95 ;  n \
OMS/cmsy/m/n/10.95 2
[8] [9]
Overfull \hbox (13.58392pt too wide) in paragraph at lines 658--660
\OMS/cmsy/m/n/10.95 ) \OML/cmm/m/it/10.95 T[] \OMS/cmsy/m/n/10.95 2 \OML/cmm/m/
it/10.95 B\OT1/cmr/m/n/10.95 (\OML/cmm/m/it/10.95 X; Y\OT1/cmr/m/n/10.95 ) \OMS
/cmsy/m/n/10.95 ) \OT1/cmr/m/n/10.95 (\OML/cmm/m/it/10.95 Tx\OMS/cmsy/m/n/10.95
 j\OML/cmm/m/it/10.95 y\OT1/cmr/m/n/10.95 ) [] (\OML/cmm/m/it/10.95 x\OMS/cmsy/
m/n/10.95 j\OML/cmm/m/it/10.95 T[]y\OT1/cmr/m/n/10.95 ) = [] [] [] = (\OML/cmm/
m/it/10.95 T[]x\OMS/cmsy/m/n/10.95 j\OML/cmm/m/it/10.95 y\OT1/cmr/m/n/10.95 ) [
]
[10]
Overfull \hbox (35.24615pt too wide) in alignment at lines 754--758
 [][][] []

Overfull \hbox (0.87799pt too wide) in alignment at lines 761--764
 [][][] []
[11] [12] [13] [14] (./Fakap2.aux) )
(see the transcript file for additional information)</usr/share/texmf-texlive/f
onts/type1/public/amsfonts/cm/cmbx10.pfb></usr/share/texmf-texlive/fonts/type1/
public/amsfonts/cm/cmbx12.pfb></usr/share/texmf-texlive/fonts/type1/public/amsf
onts/cm/cmbxti10.pfb></usr/share/texmf-texlive/fonts/type1/public/amsfonts/cm/c
mex10.pfb></usr/share/texmf-texlive/fonts/type1/public/amsfonts/cm/cmmi10.pfb><
/usr/share/texmf-texlive/fonts/type1/public/amsfonts/cm/cmmi6.pfb></usr/share/t
exmf-texlive/fonts/type1/public/amsfonts/cm/cmmi8.pfb></usr/share/texmf-texlive
/fonts/type1/public/amsfonts/cm/cmr10.pfb></usr/share/texmf-texlive/fonts/type1
/public/amsfonts/cm/cmr6.pfb></usr/share/texmf-texlive/fonts/type1/public/amsfo
nts/cm/cmr8.pfb></usr/share/texmf-texlive/fonts/type1/public/amsfonts/cm/cmsl10
.pfb></usr/share/texmf-texlive/fonts/type1/public/amsfonts/cm/cmsy10.pfb></usr/
share/texmf-texlive/fonts/type1/public/amsfonts/cm/cmsy6.pfb></usr/share/texmf-
texlive/fonts/type1/public/amsfonts/cm/cmsy8.pfb></usr/share/texmf-texlive/font
s/type1/public/amsfonts/cm/cmti10.pfb></usr/share/texmf-texlive/fonts/type1/pub
lic/amsfonts/symbols/msam10.pfb></usr/share/texmf-texlive/fonts/type1/public/am
sfonts/symbols/msbm10.pfb>
Output written on Fakap2.pdf (14 pages, 306869 bytes).
Transcript written on Fakap2.log.
Result: ExitSuccess

Running /usr/bin/convert -verbose Fakap2.pdf[0] -resize 70x Fakap2.png in an env with 4 entries:
"gs" -q -dQUIET -dSAFER -dBATCH -dNOPAUSE -dNOPROMPT -dMaxBitmap=500000000 -dAlignToPixels=0 -dGridFitTT=2 "-sDEVICE=pngalpha" -dTextAlphaBits=4 -dGraphicsAlphaBits=4 "-r72x72" -dFirstPage=1 -dLastPage=1 "-sOutputFile=/tmp/magick-Snj2JdEQ-%08d" "-f/tmp/magick-iAyD4otx" "-f/tmp/magick-egXBjFie"
/tmp/magick-Snj2JdEQ-00000001 PNG 595x842 595x842+0+0 8-bit DirectClass 30.8KB 0.010u 0:00.019
Fakap2.pdf[0]=>Fakap2.pdf PDF 595x842 595x842+0+0 16-bit DirectClass 30.8KB 0.000u 0:00.000
Fakap2.pdf[0]=>Fakap2.png PDF 595x842=>70x99 70x99+0+0 16-bit DirectClass 4.1KB 0.310u 0:00.059
Result: ExitSuccess

Running /usr/bin/optipng -verbose Fakap2.png in an env with 4 entries:
OptiPNG 0.6.4: Advanced PNG optimizer.
Copyright (C) 2001-2010 Cosmin Truta.

** Processing: Fakap2.png
70x99 pixels, 2x8 bits/pixel, grayscale+alpha
Reducing image to 8 bits/pixel, 83 colors (82 transparent) in palette
Input IDAT size = 1624 bytes
Input file size = 4254 bytes

Trying:
  zc = 9  zm = 8  zs = 0  f = 0		IDAT size = 1212
  zc = 9  zm = 8  zs = 1  f = 0		IDAT size = 1205
  zc = 1  zm = 8  zs = 2  f = 0		IDAT too big
  zc = 9  zm = 8  zs = 3  f = 0		IDAT size = 1186
  zc = 9  zm = 8  zs = 0  f = 5		IDAT too big
  zc = 9  zm = 8  zs = 1  f = 5		IDAT too big
  zc = 1  zm = 8  zs = 2  f = 5		IDAT too big
  zc = 9  zm = 8  zs = 3  f = 5		IDAT too big

Selecting parameters:
  zc = 9  zm = 8  zs = 3  f = 0		IDAT size = 1186

Output IDAT size = 1186 bytes (438 bytes decrease)
Output file size = 4170 bytes (84 bytes = 1.97% decrease)

** Status report
1 file(s) have been processed.
Result: ExitSuccess
