
Running /usr/bin/pdflatex fth1.tex in an env with 4 entries:
This is pdfTeX, Version 3.1415926-1.40.10 (TeX Live 2009/Debian)
entering extended mode
(data/fth1.tex
LaTeX2e <2009/09/24>
Babel <v3.8l> and hyphenation patterns for english, usenglishmax, dumylang, noh
yphenation, farsi, arabic, croatian, bulgarian, ukrainian, russian, czech, slov
ak, danish, dutch, finnish, french, basque, ngerman, german, german-x-2009-06-1
9, ngerman-x-2009-06-19, ibycus, monogreek, greek, ancientgreek, hungarian, san
skrit, italian, latin, latvian, lithuanian, mongolian2a, mongolian, bokmal, nyn
orsk, romanian, irish, coptic, serbian, turkish, welsh, esperanto, uppersorbian
, estonian, indonesian, interlingua, icelandic, kurmanji, slovenian, polish, po
rtuguese, spanish, galician, catalan, swedish, ukenglish, loaded.
(/usr/share/texmf-texlive/tex/latex/koma-script/scrbook.cls
Document Class: scrbook 2009/07/24 v3.04a KOMA-Script document class (book)
(/usr/share/texmf-texlive/tex/latex/koma-script/scrkbase.sty
(/usr/share/texmf-texlive/tex/latex/koma-script/scrbase.sty
(/usr/share/texmf-texlive/tex/latex/graphics/keyval.sty)
(/usr/share/texmf-texlive/tex/latex/koma-script/scrlfile.sty
Package scrlfile, 2009/03/25 v3.03 KOMA-Script package (loading files)
                  Copyright (C) Markus Kohm

))) (/usr/share/texmf-texlive/tex/latex/koma-script/tocbasic.sty)
(/usr/share/texmf-texlive/tex/latex/koma-script/scrsize11pt.clo)
(/usr/share/texmf-texlive/tex/latex/koma-script/typearea.sty
Package typearea, 2009/07/24 v3.04a KOMA-Script package (type area)
                  Copyright (C) Frank Neukam, 1992-1994
                  Copyright (C) Markus Kohm, 1994-

)) (data/ana.sty (data/mathe.sty (data/latexki.sty)
(/usr/share/texmf-texlive/tex/latex/base/inputenc.sty
(/usr/share/texmf-texlive/tex/latex/base/utf8.def
(/usr/share/texmf-texlive/tex/latex/base/t1enc.dfu)
(/usr/share/texmf-texlive/tex/latex/base/ot1enc.dfu)
(/usr/share/texmf-texlive/tex/latex/base/omsenc.dfu)))
(/usr/share/texmf-texlive/tex/generic/babel/babel.sty
(/usr/share/texmf-texlive/tex/generic/babel/ngermanb.ldf
(/usr/share/texmf-texlive/tex/generic/babel/babel.def)))
(/usr/share/texmf-texlive/tex/latex/base/fontenc.sty
(/usr/share/texmf-texlive/tex/latex/base/t1enc.def))
(/usr/share/texmf-texlive/tex/latex/amsfonts/amsfonts.sty)
(/usr/share/texmf-texlive/tex/latex/amsfonts/amssymb.sty)
(/usr/share/texmf-texlive/tex/latex/amsmath/amsmath.sty
For additional information on amsmath, use the `?' option.
(/usr/share/texmf-texlive/tex/latex/amsmath/amstext.sty
(/usr/share/texmf-texlive/tex/latex/amsmath/amsgen.sty))
(/usr/share/texmf-texlive/tex/latex/amsmath/amsbsy.sty)
(/usr/share/texmf-texlive/tex/latex/amsmath/amsopn.sty))
(/usr/share/texmf-texlive/tex/latex/stmaryrd/stmaryrd.sty)
(/usr/share/texmf-texlive/tex/latex/tools/verbatim.sty)
(/usr/share/texmf-texlive/tex/latex/base/ifthen.sty)
(/usr/share/texmf-texlive/tex/latex/ntheorem/ntheorem.sty
Style `ntheorem', Version 1.25 <2005/07/07>
) (/usr/share/texmf-texlive/tex/latex/ltxmisc/framed.sty)
(/usr/share/texmf-texlive/tex/latex/pstricks/pstricks.sty
(/usr/share/texmf-texlive/tex/generic/pstricks/pstricks.tex
`PSTricks' v1.29  <2009/05/19> (tvz)
(/usr/share/texmf-texlive/tex/generic/pstricks/pstricks.con))
(/usr/share/texmf/tex/latex/xcolor/xcolor.sty
(/etc/texmf/tex/latex/config/color.cfg)
(/usr/share/texmf-texlive/tex/latex/pdftex-def/pdftex.def)))
(/usr/share/texmf-texlive/tex/latex/carlisle/slashed.sty)
(/usr/share/texmf-texlive/tex/latex/base/makeidx.sty)
(/usr/share/texmf-texlive/tex/latex/wasysym/wasysym.sty)
(/usr/share/texmf-texlive/tex/latex/jknapltx/mathrsfs.sty)
(/usr/share/texmf-texlive/tex/latex/mh/mathtools.sty
(/usr/share/texmf-texlive/tex/latex/tools/calc.sty)
(/usr/share/texmf-texlive/tex/latex/mh/mhsetup.sty))
(/usr/share/texmf-texlive/tex/latex/doublestroke/dsfont.sty)
(/usr/share/texmf-texlive/tex/latex/hyperref/hyperref.sty
(/usr/share/texmf-texlive/tex/generic/oberdiek/ifpdf.sty)
(/usr/share/texmf-texlive/tex/generic/oberdiek/ifvtex.sty)
(/usr/share/texmf-texlive/tex/generic/ifxetex/ifxetex.sty)
(/usr/share/texmf-texlive/tex/latex/oberdiek/hycolor.sty
(/usr/share/texmf-texlive/tex/latex/oberdiek/xcolor-patch.sty))
(/usr/share/texmf-texlive/tex/latex/hyperref/pd1enc.def)
(/usr/share/texmf-texlive/tex/generic/oberdiek/etexcmds.sty
(/usr/share/texmf-texlive/tex/generic/oberdiek/infwarerr.sty))
(/usr/share/texmf-texlive/tex/latex/latexconfig/hyperref.cfg)
(/usr/share/texmf-texlive/tex/latex/oberdiek/kvoptions.sty
(/usr/share/texmf-texlive/tex/generic/oberdiek/kvsetkeys.sty))
Implicit mode ON; LaTeX internals redefined
(/usr/share/texmf-texlive/tex/latex/ltxmisc/url.sty)
(/usr/share/texmf-texlive/tex/generic/oberdiek/bitset.sty
(/usr/share/texmf-texlive/tex/generic/oberdiek/intcalc.sty)
(/usr/share/texmf-texlive/tex/generic/oberdiek/bigintcalc.sty
(/usr/share/texmf-texlive/tex/generic/oberdiek/pdftexcmds.sty
(/usr/share/texmf-texlive/tex/generic/oberdiek/ifluatex.sty)
(/usr/share/texmf-texlive/tex/generic/oberdiek/ltxcmds.sty))))
(/usr/share/texmf-texlive/tex/generic/oberdiek/atbegshi.sty))
*hyperref using default driver hpdftex*
(/usr/share/texmf-texlive/tex/latex/hyperref/hpdftex.def)
(/usr/share/texmf-texlive/tex/latex/etex-pkg/etex.sty)))
(data/saetze-schmoeger.sty)
Writing index file fth1.idx
No file fth1.aux.
(/usr/share/texmf-texlive/tex/context/base/supp-pdf.mkii
[Loading MPS to PDF converter (version 2006.09.02).]
) (/usr/share/texmf-texlive/tex/latex/hyperref/nameref.sty
(/usr/share/texmf-texlive/tex/latex/oberdiek/refcount.sty))
(/usr/share/texmf-texlive/tex/latex/base/t1cmss.fd)
(/usr/share/texmf-texlive/tex/latex/amsfonts/umsa.fd)
(/usr/share/texmf-texlive/tex/latex/amsfonts/umsb.fd)
(/usr/share/texmf-texlive/tex/latex/stmaryrd/Ustmry.fd)
(/usr/share/texmf-texlive/tex/latex/wasysym/uwasy.fd)
(/usr/share/texmf-texlive/tex/latex/jknapltx/ursfs.fd)
(/usr/share/texmf-texlive/tex/latex/base/t1cmtt.fd) [1
Non-PDF special ignored!
Non-PDF special ignored!
Non-PDF special ignored!{/var/lib/texmf/fonts/map/pdftex/updmap/pdftex.map}]
[2]

Package hyperref Warning: No destination for bookmark of \addcontentsline,
(hyperref)                destination is added on input line 45.

[3] [4]
Kapitel I.
[5] [6]
\IeC {\textsection } 1.

Underfull \hbox (badness 10000) in paragraph at lines 73--76


Underfull \hbox (badness 10000) in paragraph at lines 109--110


Underfull \hbox (badness 10000) in paragraph at lines 111--112

[7]
Underfull \hbox (badness 10000) in paragraph at lines 120--121


Underfull \hbox (badness 10000) in paragraph at lines 146--151


Underfull \hbox (badness 10000) in paragraph at lines 157--159

[8]
Underfull \hbox (badness 10000) in paragraph at lines 169--170


Underfull \hbox (badness 10000) in paragraph at lines 184--185

[9] [10]
\IeC {\textsection } 2.
[11] [12] [13] [14]
\IeC {\textsection } 3.
[15] [16] [17] [18]
\IeC {\textsection } 4.

Underfull \hbox (badness 10000) in paragraph at lines 469--470


Underfull \hbox (badness 10000) in paragraph at lines 478--481

[19]
Underfull \hbox (badness 10000) in paragraph at lines 484--486

[20] [21] [22]
\IeC {\textsection } 5.

Overfull \hbox (25.76106pt too wide) in paragraph at lines 554--557
[] \OML/cmm/m/it/10.95 f[][] \OT1/cmr/m/n/10.95 : \OMS/cmsy/m/n/10.95 ([])  \OT
1/cmr/m/n/10.95 (\OML/cmm/m/it/10.95 s[]\OT1/cmr/m/n/10.95 )[]$ 

Underfull \hbox (badness 10000) in paragraph at lines 554--557


Underfull \hbox (badness 10000) in paragraph at lines 561--563


Overfull \vbox (2.27625pt too high) detected at line 572
[23]
Underfull \hbox (badness 10000) in paragraph at lines 584--585


Underfull \hbox (badness 10000) in paragraph at lines 598--599

[24] [25] [26]
\IeC {\textsection } 6.

Underfull \hbox (badness 10000) in paragraph at lines 695--696

[27]
Underfull \hbox (badness 10000) in paragraph at lines 709--710

[28] [29] [30]
\IeC {\textsection } 7.
[31]
Underfull \hbox (badness 10000) in paragraph at lines 839--842


Underfull \hbox (badness 10000) in paragraph at lines 850--861


Overfull \hbox (0.30148pt too wide) detected at line 863
[]\OML/cmm/m/it/10.95 e[] \OMS/cmsy/m/n/10.95 ^^U \OML/cmm/m/it/10.95 ^^N > \OM
S/cmsy/m/n/10.95 j\OML/cmm/m/it/10.95 w \OMS/cmsy/m/n/10.95 ^^@ \OML/cmm/m/it/1
0.95 w[]\OMS/cmsy/m/n/10.95 j \OT1/cmr/m/n/10.95 = \OMS/cmsy/m/n/10.95 j\OML/cm
m/m/it/10.95 e[] \OMS/cmsy/m/n/10.95 ^^@ \OML/cmm/m/it/10.95 e[]\OMS/cmsy/m/n/1
0.95 j ^^U jj\OML/cmm/m/it/10.95 e[]\OMS/cmsy/m/n/10.95 j ^^@ j\OML/cmm/m/it/10
.95 e[]\OMS/cmsy/m/n/10.95 jj \OT1/cmr/m/n/10.95 = \OMS/cmsy/m/n/10.95 j\OML/cm
m/m/it/10.95 e[] \OMS/cmsy/m/n/10.95 ^^@ \OML/cmm/m/it/10.95 e[]\OMS/cmsy/m/n/1
0.95 j ^^U \OML/cmm/m/it/10.95 e[] \OMS/cmsy/m/n/10.95 ^^@ \OML/cmm/m/it/10.95 
e[] > e[] \OMS/cmsy/m/n/10.95 ^^@ \OML/cmm/m/it/10.95 e[] \OT1/cmr/m/n/10.95 = 
\OML/cmm/m/it/10.95 e[] []
[32]
Underfull \hbox (badness 10000) in paragraph at lines 875--876

[33] [34]
\IeC {\textsection } 8.

Underfull \hbox (badness 10000) in paragraph at lines 930--931

[35]
Underfull \hbox (badness 10000) in paragraph at lines 1002--1003

[36]
Underfull \hbox (badness 10000) in paragraph at lines 1047--1048


Underfull \hbox (badness 10000) in paragraph at lines 1048--1051


Overfull \hbox (27.37506pt too wide) in paragraph at lines 1048--1051
[] 
[37]
Underfull \hbox (badness 10000) in paragraph at lines 1069--1071


Underfull \hbox (badness 10000) in paragraph at lines 1084--1086

[38]
Underfull \hbox (badness 10000) in paragraph at lines 1118--1121

[39] [40]
\IeC {\textsection } 9.
[41]
Overfull \hbox (11.9138pt too wide) in paragraph at lines 1169--1173
\T1/cmr/m/n/10.95 O.B.d.A: $\OML/cmm/m/it/10.95 a[] \OT1/cmr/m/n/10.95 = []\OMS
/cmsy/m/n/10.95 f\OML/cmm/m/it/10.95 a[]; [] ; a[]\OMS/cmsy/m/n/10.95 g\OML/cmm
/m/it/10.95 :\OT1/cmr/m/n/10.95 ^^A[] := ^^A[]$\T1/cmr/m/n/10.95 . Fa-zit: $\OM
S/cmsy/m/n/10.95 j [][] \OML/cmm/m/it/10.95 f\OT1/cmr/m/n/10.95 (\OML/cmm/m/it/
10.95 z\OT1/cmr/m/n/10.95 )\OML/cmm/m/it/10.95 dz\OMS/cmsy/m/n/10.95 j ^^T \OT1
/cmr/m/n/10.95 4\OMS/cmsy/m/n/10.95 j [][] \OML/cmm/m/it/10.95 f\OT1/cmr/m/n/10
.95 (\OML/cmm/m/it/10.95 z\OT1/cmr/m/n/10.95 )\OML/cmm/m/it/10.95 dz\OMS/cmsy/m
/n/10.95 j$ \T1/cmr/m/n/10.95 und $\OML/cmm/m/it/10.95 L\OT1/cmr/m/n/10.95 (\OM
L/cmm/m/it/10.95 @\OT1/cmr/m/n/10.95 ^^A[]) =

Overfull \hbox (10.64645pt too wide) in paragraph at lines 1169--1173
\T1/cmr/m/n/10.95 Verfahre mit $\OT1/cmr/m/n/10.95 ^^A[]$ \T1/cmr/m/n/10.95 ge-
nau-so wie mit $\OT1/cmr/m/n/10.95 ^^A$\T1/cmr/m/n/10.95 . Wir er-hal-ten ein D
rei-eck $\OT1/cmr/m/n/10.95 ^^A[] \OMS/cmsy/m/n/10.95 ^^R \OT1/cmr/m/n/10.95 ^^
A[] \OMS/cmsy/m/n/10.95 ^^R \OT1/cmr/m/n/10.95 ^^A : \OMS/cmsy/m/n/10.95 j [][]
 \OML/cmm/m/it/10.95 f\OT1/cmr/m/n/10.95 (\OML/cmm/m/it/10.95 z\OT1/cmr/m/n/10.
95 )\OML/cmm/m/it/10.95 dz\OMS/cmsy/m/n/10.95 j ^^T

Underfull \hbox (badness 10000) in paragraph at lines 1169--1173


Underfull \hbox (badness 10000) in paragraph at lines 1174--1175


Underfull \hbox (badness 10000) in paragraph at lines 1176--1179


Underfull \hbox (badness 10000) in paragraph at lines 1183--1188


Underfull \hbox (badness 10000) in paragraph at lines 1189--1193


Overfull \hbox (31.42358pt too wide) in paragraph at lines 1196--1197
[]\T1/cmr/m/n/10.95 Dann: $\OMS/cmsy/m/n/10.95 j [][] \OML/cmm/m/it/10.95 f\OT1
/cmr/m/n/10.95 (\OML/cmm/m/it/10.95 z\OT1/cmr/m/n/10.95 )\OML/cmm/m/it/10.95 dz
\OMS/cmsy/m/n/10.95 j ^^T \OT1/cmr/m/n/10.95 4[]\OMS/cmsy/m/n/10.95 j [][] \OML
/cmm/m/it/10.95 f\OT1/cmr/m/n/10.95 (\OML/cmm/m/it/10.95 z\OT1/cmr/m/n/10.95 )\
OML/cmm/m/it/10.95 dz\OMS/cmsy/m/n/10.95 j \OT1/cmr/m/n/10.95 = 4[]\OMS/cmsy/m/
n/10.95 j [][] \OML/cmm/m/it/10.95 f[]\OT1/cmr/m/n/10.95 (\OML/cmm/m/it/10.95 z
\OT1/cmr/m/n/10.95 )\OML/cmm/m/it/10.95 dz\OMS/cmsy/m/n/10.95 j ^^T \OT1/cmr/m/
n/10.95 4[]\OML/cmm/m/it/10.95 "L\OT1/cmr/m/n/10.95 (\OML/cmm/m/it/10.95 @\OT1/
cmr/m/n/10.95 ^^A[])[] = 4[]\OML/cmm/m/it/10.95 "\OT1/cmr/m/n/10.95 ([]\OML/cmm
/m/it/10.95 L\OT1/cmr/m/n/10.95 (\OML/cmm/m/it/10.95 @\OT1/cmr/m/n/10.95 ^^A))[
] =

Underfull \hbox (badness 10000) in paragraph at lines 1196--1197


Underfull \hbox (badness 10000) in paragraph at lines 1200--1202

[42]
Underfull \hbox (badness 10000) in paragraph at lines 1210--1217


Underfull \hbox (badness 10000) in paragraph at lines 1227--1229

[43] [44] [45]
Underfull \hbox (badness 10000) in paragraph at lines 1364--1365


Underfull \hbox (badness 10000) in paragraph at lines 1390--1393


Overfull \vbox (4.3449pt too high) detected at line 1399
[46]
Underfull \hbox (badness 10000) in paragraph at lines 1401--1402


Underfull \hbox (badness 10000) in paragraph at lines 1413--1414

[47] [48]
\IeC {\textsection } 10.
[49] [50] [51] [52]
\IeC {\textsection } 11.
[53] [54] [55]
Underfull \hbox (badness 10000) in paragraph at lines 1774--1781


Underfull \hbox (badness 10000) in paragraph at lines 1774--1781


Overfull \hbox (27.37506pt too wide) in paragraph at lines 1825--1841
[] 
[56] [57] [58] [59] [60]
\IeC {\textsection } 12.

Underfull \hbox (badness 10000) in paragraph at lines 1955--1957

[61] [62]
\IeC {\textsection } 13.
[63] [64] [65] [66]
\IeC {\textsection } 14.
[67]
Underfull \hbox (badness 10000) in paragraph at lines 2334--2345


Overfull \hbox (3.0261pt too wide) in paragraph at lines 2334--2345
[]\T1/cmr/m/n/10.95 . 

Overfull \hbox (3.0261pt too wide) in paragraph at lines 2348--2365
[]\T1/cmr/m/n/10.95 .

Underfull \vbox (badness 2884) has occurred while \output is active [68]
[69] [70]
\IeC {\textsection } 15.

Underfull \hbox (badness 10000) in paragraph at lines 2432--2442


Underfull \hbox (badness 10000) in paragraph at lines 2432--2442


Underfull \hbox (badness 10000) in paragraph at lines 2445--2452


Overfull \hbox (3.0261pt too wide) in paragraph at lines 2445--2452
[]\T1/cmr/m/n/10.95 . 

Underfull \hbox (badness 10000) in paragraph at lines 2445--2452

[71] [72] [73]
Underfull \hbox (badness 10000) in paragraph at lines 2619--2627


Underfull \hbox (badness 10000) in paragraph at lines 2619--2627

[74] [75] [76]
\IeC {\textsection } 16.
[77] [78] [79] [80]
\IeC {\textsection } 17.

Underfull \hbox (badness 10000) in paragraph at lines 2758--2767


Underfull \hbox (badness 10000) in paragraph at lines 2769--2795


Overfull \hbox (3.0261pt too wide) in paragraph at lines 2769--2795
[]\T1/cmr/m/n/10.95 ,

Underfull \hbox (badness 10000) in paragraph at lines 2803--2805


Overfull \hbox (27.37506pt too wide) in paragraph at lines 2803--2805
[] 
[81]
Underfull \hbox (badness 10000) in paragraph at lines 2805--2808


Overfull \hbox (27.37506pt too wide) in paragraph at lines 2805--2808
[] 

Underfull \hbox (badness 10000) in paragraph at lines 2831--2836

[82]
Underfull \hbox (badness 10000) in paragraph at lines 2869--2877


Underfull \hbox (badness 10000) in paragraph at lines 2895--2919


Underfull \hbox (badness 10000) in paragraph at lines 2895--2919

[83]
Underfull \hbox (badness 10000) in paragraph at lines 2973--2987


Overfull \hbox (27.37506pt too wide) in paragraph at lines 2973--2987
[] 
[84] [85] [86]
\IeC {\textsection } 18.

Underfull \hbox (badness 10000) in paragraph at lines 3047--3048


Underfull \hbox (badness 10000) in paragraph at lines 3048--3057

[87] [88]
\IeC {\textsection } 19.

Underfull \hbox (badness 10000) in paragraph at lines 3064--3065


Underfull \hbox (badness 10000) in paragraph at lines 3076--3080


Underfull \hbox (badness 10000) in paragraph at lines 3096--3097


Underfull \hbox (badness 10000) in paragraph at lines 3100--3105

[89]
Underfull \hbox (badness 10000) in paragraph at lines 3106--3110


Underfull \hbox (badness 10000) in paragraph at lines 3111--3116


Underfull \hbox (badness 10000) in paragraph at lines 3117--3119

[90]
Underfull \hbox (badness 10000) in paragraph at lines 3145--3146


Underfull \hbox (badness 10000) in paragraph at lines 3154--3157


Underfull \hbox (badness 10000) in paragraph at lines 3168--3169

[91] [92]
\IeC {\textsection } 20.

Underfull \hbox (badness 10000) in paragraph at lines 3209--3212

[93]
Underfull \hbox (badness 10000) in paragraph at lines 3212--3213


Underfull \hbox (badness 10000) in paragraph at lines 3239--3246

[94]
Underfull \hbox (badness 10000) in paragraph at lines 3246--3251

[95] [96]
\IeC {\textsection } 21.
[97]
Underfull \hbox (badness 10000) in paragraph at lines 3301--3311


Underfull \hbox (badness 10000) in paragraph at lines 3301--3311

[98] [99] [100]
\IeC {\textsection } 22.

Underfull \hbox (badness 10000) in paragraph at lines 3390--3398


Underfull \hbox (badness 10000) in paragraph at lines 3390--3398

[101]
Underfull \hbox (badness 10000) in paragraph at lines 3412--3448


Underfull \hbox (badness 10000) in paragraph at lines 3412--3448

[102]
Overfull \hbox (3.54657pt too wide) in paragraph at lines 3459--3463
[]\T1/cmr/m/n/10.95 Sei $\OML/cmm/m/it/10.95 f \OMS/cmsy/m/n/10.95 2 \OML/cmm/m
/it/10.95 H\OT1/cmr/m/n/10.95 (\OML/cmm/m/it/10.95 G\OT1/cmr/m/n/10.95 )$ \T1/c
mr/m/n/10.95 und $\OML/cmm/m/it/10.95 z \OMS/cmsy/m/n/10.95 2 \OML/cmm/m/it/10.
95 G\OMS/cmsy/m/n/10.95 n[]\OT1/cmr/m/n/10.95 (\OML/cmm/m/it/10.95 ^^M\OT1/cmr/
m/n/10.95 )$\T1/cmr/m/n/10.95 . $[]$ $\OT1/cmr/m/n/10.95 0 = [] [] []\OML/cmm/m
/it/10.95 dw \OT1/cmr/m/n/10.95 = [] [] []\OML/cmm/m/it/10.95 dw \OMS/cmsy/m/n/
10.95 ^^@ \OML/cmm/m/it/10.95 f\OT1/cmr/m/n/10.95 (\OML/cmm/m/it/10.95 z\OT1/cm
r/m/n/10.95 ) []$ $[]$ 

Overfull \hbox (6.72224pt too wide) in paragraph at lines 3470--3478
[] $[]$ 
[103] [104]
Anhang A.
** Generating table of satz,wichtigedefinition
No file fth1.thm.
No file fth1.ind.
[105] (./fth1.aux) )
(see the transcript file for additional information)pdfTeX warning (dest): name
{Hfootnote.635} has been referenced but does not exist, replaced by a fixed one


{/usr/share/texmf/fonts/enc/dvips/cm-super/cm-super-t1.enc}</usr/share/texmf-te
xlive/fonts/type1/public/amsfonts/cm/cmex10.pfb></usr/share/texmf-texlive/fonts
/type1/public/amsfonts/cmextra/cmex8.pfb></usr/share/texmf-texlive/fonts/type1/
public/amsfonts/cm/cmmi10.pfb></usr/share/texmf-texlive/fonts/type1/public/amsf
onts/cm/cmmi6.pfb></usr/share/texmf-texlive/fonts/type1/public/amsfonts/cm/cmmi
8.pfb></usr/share/texmf-texlive/fonts/type1/public/amsfonts/cm/cmmi9.pfb></usr/
share/texmf-texlive/fonts/type1/public/amsfonts/cm/cmr10.pfb></usr/share/texmf-
texlive/fonts/type1/public/amsfonts/cm/cmr6.pfb></usr/share/texmf-texlive/fonts
/type1/public/amsfonts/cm/cmr8.pfb></usr/share/texmf-texlive/fonts/type1/public
/amsfonts/cm/cmr9.pfb></usr/share/texmf-texlive/fonts/type1/public/amsfonts/cm/
cmsy10.pfb></usr/share/texmf-texlive/fonts/type1/public/amsfonts/cm/cmsy6.pfb><
/usr/share/texmf-texlive/fonts/type1/public/amsfonts/cm/cmsy8.pfb></usr/share/t
exmf-texlive/fonts/type1/public/amsfonts/cm/cmsy9.pfb></usr/share/texmf-texlive
/fonts/type1/public/amsfonts/symbols/msam10.pfb></usr/share/texmf-texlive/fonts
/type1/public/amsfonts/symbols/msbm10.pfb></usr/share/texmf/fonts/type1/public/
cm-super/sfbx1095.pfb></usr/share/texmf/fonts/type1/public/cm-super/sfrm0600.pf
b></usr/share/texmf/fonts/type1/public/cm-super/sfrm0800.pfb></usr/share/texmf/
fonts/type1/public/cm-super/sfrm0900.pfb></usr/share/texmf/fonts/type1/public/c
m-super/sfrm1095.pfb></usr/share/texmf/fonts/type1/public/cm-super/sfrm1440.pfb
></usr/share/texmf/fonts/type1/public/cm-super/sfsl1095.pfb></usr/share/texmf/f
onts/type1/public/cm-super/sfsx1440.pfb></usr/share/texmf/fonts/type1/public/cm
-super/sfsx2074.pfb></usr/share/texmf/fonts/type1/public/cm-super/sfti1095.pfb>
</usr/share/texmf/fonts/type1/public/cm-super/sftt1095.pfb></usr/share/texmf/fo
nts/type1/public/cm-super/sftt1440.pfb>
Output written on fth1.pdf (105 pages, 903442 bytes).
Transcript written on fth1.log.
Result: ExitSuccess

Running /usr/bin/makeindex fth1.idx in an env with 4 entries:
This is makeindex, version 2.15 [TeX Live 2009] (kpathsea + Thai support).
Scanning input file fth1.idx....done (126 entries accepted, 0 rejected).
Sorting entries....done (972 comparisons).
Generating output file fth1.ind....done (188 lines written, 0 warnings).
Output written in fth1.ind.
Transcript written in fth1.ilg.
Result: ExitSuccess

Running /usr/bin/pdflatex fth1.tex in an env with 4 entries:
This is pdfTeX, Version 3.1415926-1.40.10 (TeX Live 2009/Debian)
entering extended mode
(data/fth1.tex
LaTeX2e <2009/09/24>
Babel <v3.8l> and hyphenation patterns for english, usenglishmax, dumylang, noh
yphenation, farsi, arabic, croatian, bulgarian, ukrainian, russian, czech, slov
ak, danish, dutch, finnish, french, basque, ngerman, german, german-x-2009-06-1
9, ngerman-x-2009-06-19, ibycus, monogreek, greek, ancientgreek, hungarian, san
skrit, italian, latin, latvian, lithuanian, mongolian2a, mongolian, bokmal, nyn
orsk, romanian, irish, coptic, serbian, turkish, welsh, esperanto, uppersorbian
, estonian, indonesian, interlingua, icelandic, kurmanji, slovenian, polish, po
rtuguese, spanish, galician, catalan, swedish, ukenglish, loaded.
(/usr/share/texmf-texlive/tex/latex/koma-script/scrbook.cls
Document Class: scrbook 2009/07/24 v3.04a KOMA-Script document class (book)
(/usr/share/texmf-texlive/tex/latex/koma-script/scrkbase.sty
(/usr/share/texmf-texlive/tex/latex/koma-script/scrbase.sty
(/usr/share/texmf-texlive/tex/latex/graphics/keyval.sty)
(/usr/share/texmf-texlive/tex/latex/koma-script/scrlfile.sty
Package scrlfile, 2009/03/25 v3.03 KOMA-Script package (loading files)
                  Copyright (C) Markus Kohm

))) (/usr/share/texmf-texlive/tex/latex/koma-script/tocbasic.sty)
(/usr/share/texmf-texlive/tex/latex/koma-script/scrsize11pt.clo)
(/usr/share/texmf-texlive/tex/latex/koma-script/typearea.sty
Package typearea, 2009/07/24 v3.04a KOMA-Script package (type area)
                  Copyright (C) Frank Neukam, 1992-1994
                  Copyright (C) Markus Kohm, 1994-

)) (data/ana.sty (data/mathe.sty (data/latexki.sty)
(/usr/share/texmf-texlive/tex/latex/base/inputenc.sty
(/usr/share/texmf-texlive/tex/latex/base/utf8.def
(/usr/share/texmf-texlive/tex/latex/base/t1enc.dfu)
(/usr/share/texmf-texlive/tex/latex/base/ot1enc.dfu)
(/usr/share/texmf-texlive/tex/latex/base/omsenc.dfu)))
(/usr/share/texmf-texlive/tex/generic/babel/babel.sty
(/usr/share/texmf-texlive/tex/generic/babel/ngermanb.ldf
(/usr/share/texmf-texlive/tex/generic/babel/babel.def)))
(/usr/share/texmf-texlive/tex/latex/base/fontenc.sty
(/usr/share/texmf-texlive/tex/latex/base/t1enc.def))
(/usr/share/texmf-texlive/tex/latex/amsfonts/amsfonts.sty)
(/usr/share/texmf-texlive/tex/latex/amsfonts/amssymb.sty)
(/usr/share/texmf-texlive/tex/latex/amsmath/amsmath.sty
For additional information on amsmath, use the `?' option.
(/usr/share/texmf-texlive/tex/latex/amsmath/amstext.sty
(/usr/share/texmf-texlive/tex/latex/amsmath/amsgen.sty))
(/usr/share/texmf-texlive/tex/latex/amsmath/amsbsy.sty)
(/usr/share/texmf-texlive/tex/latex/amsmath/amsopn.sty))
(/usr/share/texmf-texlive/tex/latex/stmaryrd/stmaryrd.sty)
(/usr/share/texmf-texlive/tex/latex/tools/verbatim.sty)
(/usr/share/texmf-texlive/tex/latex/base/ifthen.sty)
(/usr/share/texmf-texlive/tex/latex/ntheorem/ntheorem.sty
Style `ntheorem', Version 1.25 <2005/07/07>
) (/usr/share/texmf-texlive/tex/latex/ltxmisc/framed.sty)
(/usr/share/texmf-texlive/tex/latex/pstricks/pstricks.sty
(/usr/share/texmf-texlive/tex/generic/pstricks/pstricks.tex
`PSTricks' v1.29  <2009/05/19> (tvz)
(/usr/share/texmf-texlive/tex/generic/pstricks/pstricks.con))
(/usr/share/texmf/tex/latex/xcolor/xcolor.sty
(/etc/texmf/tex/latex/config/color.cfg)
(/usr/share/texmf-texlive/tex/latex/pdftex-def/pdftex.def)))
(/usr/share/texmf-texlive/tex/latex/carlisle/slashed.sty)
(/usr/share/texmf-texlive/tex/latex/base/makeidx.sty)
(/usr/share/texmf-texlive/tex/latex/wasysym/wasysym.sty)
(/usr/share/texmf-texlive/tex/latex/jknapltx/mathrsfs.sty)
(/usr/share/texmf-texlive/tex/latex/mh/mathtools.sty
(/usr/share/texmf-texlive/tex/latex/tools/calc.sty)
(/usr/share/texmf-texlive/tex/latex/mh/mhsetup.sty))
(/usr/share/texmf-texlive/tex/latex/doublestroke/dsfont.sty)
(/usr/share/texmf-texlive/tex/latex/hyperref/hyperref.sty
(/usr/share/texmf-texlive/tex/generic/oberdiek/ifpdf.sty)
(/usr/share/texmf-texlive/tex/generic/oberdiek/ifvtex.sty)
(/usr/share/texmf-texlive/tex/generic/ifxetex/ifxetex.sty)
(/usr/share/texmf-texlive/tex/latex/oberdiek/hycolor.sty
(/usr/share/texmf-texlive/tex/latex/oberdiek/xcolor-patch.sty))
(/usr/share/texmf-texlive/tex/latex/hyperref/pd1enc.def)
(/usr/share/texmf-texlive/tex/generic/oberdiek/etexcmds.sty
(/usr/share/texmf-texlive/tex/generic/oberdiek/infwarerr.sty))
(/usr/share/texmf-texlive/tex/latex/latexconfig/hyperref.cfg)
(/usr/share/texmf-texlive/tex/latex/oberdiek/kvoptions.sty
(/usr/share/texmf-texlive/tex/generic/oberdiek/kvsetkeys.sty))
Implicit mode ON; LaTeX internals redefined
(/usr/share/texmf-texlive/tex/latex/ltxmisc/url.sty)
(/usr/share/texmf-texlive/tex/generic/oberdiek/bitset.sty
(/usr/share/texmf-texlive/tex/generic/oberdiek/intcalc.sty)
(/usr/share/texmf-texlive/tex/generic/oberdiek/bigintcalc.sty
(/usr/share/texmf-texlive/tex/generic/oberdiek/pdftexcmds.sty
(/usr/share/texmf-texlive/tex/generic/oberdiek/ifluatex.sty)
(/usr/share/texmf-texlive/tex/generic/oberdiek/ltxcmds.sty))))
(/usr/share/texmf-texlive/tex/generic/oberdiek/atbegshi.sty))
*hyperref using default driver hpdftex*
(/usr/share/texmf-texlive/tex/latex/hyperref/hpdftex.def)
(/usr/share/texmf-texlive/tex/latex/etex-pkg/etex.sty)))
(data/saetze-schmoeger.sty)
Writing index file fth1.idx
(./fth1.aux) (/usr/share/texmf-texlive/tex/context/base/supp-pdf.mkii
[Loading MPS to PDF converter (version 2006.09.02).]
) (/usr/share/texmf-texlive/tex/latex/hyperref/nameref.sty
(/usr/share/texmf-texlive/tex/latex/oberdiek/refcount.sty)) (./fth1.out)
(./fth1.out) (/usr/share/texmf-texlive/tex/latex/base/t1cmss.fd)
(/usr/share/texmf-texlive/tex/latex/amsfonts/umsa.fd)
(/usr/share/texmf-texlive/tex/latex/amsfonts/umsb.fd)
(/usr/share/texmf-texlive/tex/latex/stmaryrd/Ustmry.fd)
(/usr/share/texmf-texlive/tex/latex/wasysym/uwasy.fd)
(/usr/share/texmf-texlive/tex/latex/jknapltx/ursfs.fd)
(/usr/share/texmf-texlive/tex/latex/base/t1cmtt.fd) [1
Non-PDF special ignored!
Non-PDF special ignored!
Non-PDF special ignored!{/var/lib/texmf/fonts/map/pdftex/updmap/pdftex.map}]
[2]

Package hyperref Warning: No destination for bookmark of \addcontentsline,
(hyperref)                destination is added on input line 45.

(./fth1.toc [3]) [4]
Kapitel I.
[5] [6]
\IeC {\textsection } 1.

Underfull \hbox (badness 10000) in paragraph at lines 73--76


Underfull \hbox (badness 10000) in paragraph at lines 109--110


Underfull \hbox (badness 10000) in paragraph at lines 111--112

[7]
Underfull \hbox (badness 10000) in paragraph at lines 120--121


Underfull \hbox (badness 10000) in paragraph at lines 146--151


Underfull \hbox (badness 10000) in paragraph at lines 157--159

[8]
Underfull \hbox (badness 10000) in paragraph at lines 169--170


Underfull \hbox (badness 10000) in paragraph at lines 184--185

[9] [10]
\IeC {\textsection } 2.
[11] [12] [13] [14]
\IeC {\textsection } 3.
[15] [16] [17] [18]
\IeC {\textsection } 4.

Underfull \hbox (badness 10000) in paragraph at lines 469--470


Underfull \hbox (badness 10000) in paragraph at lines 478--481

[19]
Underfull \hbox (badness 10000) in paragraph at lines 484--486

[20] [21] [22]
\IeC {\textsection } 5.

Overfull \hbox (25.76106pt too wide) in paragraph at lines 554--557
[] \OML/cmm/m/it/10.95 f[][] \OT1/cmr/m/n/10.95 : \OMS/cmsy/m/n/10.95 ([])  \OT
1/cmr/m/n/10.95 (\OML/cmm/m/it/10.95 s[]\OT1/cmr/m/n/10.95 )[]$ 

Underfull \hbox (badness 10000) in paragraph at lines 554--557


Underfull \hbox (badness 10000) in paragraph at lines 561--563


Overfull \vbox (2.27625pt too high) detected at line 572
[23]
Underfull \hbox (badness 10000) in paragraph at lines 584--585


Underfull \hbox (badness 10000) in paragraph at lines 598--599

[24] [25] [26]
\IeC {\textsection } 6.

Underfull \hbox (badness 10000) in paragraph at lines 695--696

[27]
Underfull \hbox (badness 10000) in paragraph at lines 709--710

[28] [29] [30]
\IeC {\textsection } 7.
[31]
Underfull \hbox (badness 10000) in paragraph at lines 839--842


Underfull \hbox (badness 10000) in paragraph at lines 850--861


Overfull \hbox (0.30148pt too wide) detected at line 863
[]\OML/cmm/m/it/10.95 e[] \OMS/cmsy/m/n/10.95 ^^U \OML/cmm/m/it/10.95 ^^N > \OM
S/cmsy/m/n/10.95 j\OML/cmm/m/it/10.95 w \OMS/cmsy/m/n/10.95 ^^@ \OML/cmm/m/it/1
0.95 w[]\OMS/cmsy/m/n/10.95 j \OT1/cmr/m/n/10.95 = \OMS/cmsy/m/n/10.95 j\OML/cm
m/m/it/10.95 e[] \OMS/cmsy/m/n/10.95 ^^@ \OML/cmm/m/it/10.95 e[]\OMS/cmsy/m/n/1
0.95 j ^^U jj\OML/cmm/m/it/10.95 e[]\OMS/cmsy/m/n/10.95 j ^^@ j\OML/cmm/m/it/10
.95 e[]\OMS/cmsy/m/n/10.95 jj \OT1/cmr/m/n/10.95 = \OMS/cmsy/m/n/10.95 j\OML/cm
m/m/it/10.95 e[] \OMS/cmsy/m/n/10.95 ^^@ \OML/cmm/m/it/10.95 e[]\OMS/cmsy/m/n/1
0.95 j ^^U \OML/cmm/m/it/10.95 e[] \OMS/cmsy/m/n/10.95 ^^@ \OML/cmm/m/it/10.95 
e[] > e[] \OMS/cmsy/m/n/10.95 ^^@ \OML/cmm/m/it/10.95 e[] \OT1/cmr/m/n/10.95 = 
\OML/cmm/m/it/10.95 e[] []
[32]
Underfull \hbox (badness 10000) in paragraph at lines 875--876

[33] [34]
\IeC {\textsection } 8.

Underfull \hbox (badness 10000) in paragraph at lines 930--931

[35]
Underfull \hbox (badness 10000) in paragraph at lines 1002--1003

[36]
Underfull \hbox (badness 10000) in paragraph at lines 1047--1048


Underfull \hbox (badness 10000) in paragraph at lines 1048--1051


Overfull \hbox (27.37506pt too wide) in paragraph at lines 1048--1051
[] 
[37]
Underfull \hbox (badness 10000) in paragraph at lines 1069--1071


Underfull \hbox (badness 10000) in paragraph at lines 1084--1086

[38]
Underfull \hbox (badness 10000) in paragraph at lines 1118--1121

[39] [40]
\IeC {\textsection } 9.
[41]
Overfull \hbox (11.9138pt too wide) in paragraph at lines 1169--1173
\T1/cmr/m/n/10.95 O.B.d.A: $\OML/cmm/m/it/10.95 a[] \OT1/cmr/m/n/10.95 = []\OMS
/cmsy/m/n/10.95 f\OML/cmm/m/it/10.95 a[]; [] ; a[]\OMS/cmsy/m/n/10.95 g\OML/cmm
/m/it/10.95 :\OT1/cmr/m/n/10.95 ^^A[] := ^^A[]$\T1/cmr/m/n/10.95 . Fa-zit: $\OM
S/cmsy/m/n/10.95 j [][] \OML/cmm/m/it/10.95 f\OT1/cmr/m/n/10.95 (\OML/cmm/m/it/
10.95 z\OT1/cmr/m/n/10.95 )\OML/cmm/m/it/10.95 dz\OMS/cmsy/m/n/10.95 j ^^T \OT1
/cmr/m/n/10.95 4\OMS/cmsy/m/n/10.95 j [][] \OML/cmm/m/it/10.95 f\OT1/cmr/m/n/10
.95 (\OML/cmm/m/it/10.95 z\OT1/cmr/m/n/10.95 )\OML/cmm/m/it/10.95 dz\OMS/cmsy/m
/n/10.95 j$ \T1/cmr/m/n/10.95 und $\OML/cmm/m/it/10.95 L\OT1/cmr/m/n/10.95 (\OM
L/cmm/m/it/10.95 @\OT1/cmr/m/n/10.95 ^^A[]) =

Overfull \hbox (10.64645pt too wide) in paragraph at lines 1169--1173
\T1/cmr/m/n/10.95 Verfahre mit $\OT1/cmr/m/n/10.95 ^^A[]$ \T1/cmr/m/n/10.95 ge-
nau-so wie mit $\OT1/cmr/m/n/10.95 ^^A$\T1/cmr/m/n/10.95 . Wir er-hal-ten ein D
rei-eck $\OT1/cmr/m/n/10.95 ^^A[] \OMS/cmsy/m/n/10.95 ^^R \OT1/cmr/m/n/10.95 ^^
A[] \OMS/cmsy/m/n/10.95 ^^R \OT1/cmr/m/n/10.95 ^^A : \OMS/cmsy/m/n/10.95 j [][]
 \OML/cmm/m/it/10.95 f\OT1/cmr/m/n/10.95 (\OML/cmm/m/it/10.95 z\OT1/cmr/m/n/10.
95 )\OML/cmm/m/it/10.95 dz\OMS/cmsy/m/n/10.95 j ^^T

Underfull \hbox (badness 10000) in paragraph at lines 1169--1173


Underfull \hbox (badness 10000) in paragraph at lines 1174--1175


Underfull \hbox (badness 10000) in paragraph at lines 1176--1179


Underfull \hbox (badness 10000) in paragraph at lines 1183--1188


Underfull \hbox (badness 10000) in paragraph at lines 1189--1193


Overfull \hbox (31.42358pt too wide) in paragraph at lines 1196--1197
[]\T1/cmr/m/n/10.95 Dann: $\OMS/cmsy/m/n/10.95 j [][] \OML/cmm/m/it/10.95 f\OT1
/cmr/m/n/10.95 (\OML/cmm/m/it/10.95 z\OT1/cmr/m/n/10.95 )\OML/cmm/m/it/10.95 dz
\OMS/cmsy/m/n/10.95 j ^^T \OT1/cmr/m/n/10.95 4[]\OMS/cmsy/m/n/10.95 j [][] \OML
/cmm/m/it/10.95 f\OT1/cmr/m/n/10.95 (\OML/cmm/m/it/10.95 z\OT1/cmr/m/n/10.95 )\
OML/cmm/m/it/10.95 dz\OMS/cmsy/m/n/10.95 j \OT1/cmr/m/n/10.95 = 4[]\OMS/cmsy/m/
n/10.95 j [][] \OML/cmm/m/it/10.95 f[]\OT1/cmr/m/n/10.95 (\OML/cmm/m/it/10.95 z
\OT1/cmr/m/n/10.95 )\OML/cmm/m/it/10.95 dz\OMS/cmsy/m/n/10.95 j ^^T \OT1/cmr/m/
n/10.95 4[]\OML/cmm/m/it/10.95 "L\OT1/cmr/m/n/10.95 (\OML/cmm/m/it/10.95 @\OT1/
cmr/m/n/10.95 ^^A[])[] = 4[]\OML/cmm/m/it/10.95 "\OT1/cmr/m/n/10.95 ([]\OML/cmm
/m/it/10.95 L\OT1/cmr/m/n/10.95 (\OML/cmm/m/it/10.95 @\OT1/cmr/m/n/10.95 ^^A))[
] =

Underfull \hbox (badness 10000) in paragraph at lines 1196--1197


Underfull \hbox (badness 10000) in paragraph at lines 1200--1202

[42]
Underfull \hbox (badness 10000) in paragraph at lines 1210--1217


Underfull \hbox (badness 10000) in paragraph at lines 1227--1229

[43] [44] [45]
Underfull \hbox (badness 10000) in paragraph at lines 1364--1365


Underfull \hbox (badness 10000) in paragraph at lines 1390--1393


Overfull \vbox (4.3449pt too high) detected at line 1399
[46]
Underfull \hbox (badness 10000) in paragraph at lines 1401--1402


Underfull \hbox (badness 10000) in paragraph at lines 1413--1414

[47] [48]
\IeC {\textsection } 10.
[49] [50] [51] [52]
\IeC {\textsection } 11.
[53] [54] [55]
Underfull \hbox (badness 10000) in paragraph at lines 1774--1781


Underfull \hbox (badness 10000) in paragraph at lines 1774--1781


Overfull \hbox (27.37506pt too wide) in paragraph at lines 1825--1841
[] 
[56] [57] [58] [59] [60]
\IeC {\textsection } 12.

Underfull \hbox (badness 10000) in paragraph at lines 1955--1957

[61] [62]
\IeC {\textsection } 13.
[63] [64] [65] [66]
\IeC {\textsection } 14.
[67]
Underfull \hbox (badness 10000) in paragraph at lines 2334--2345


Overfull \hbox (3.0261pt too wide) in paragraph at lines 2334--2345
[]\T1/cmr/m/n/10.95 . 

Overfull \hbox (3.0261pt too wide) in paragraph at lines 2348--2365
[]\T1/cmr/m/n/10.95 .

Underfull \vbox (badness 2564) has occurred while \output is active [68]
[69] [70]
\IeC {\textsection } 15.

Underfull \hbox (badness 10000) in paragraph at lines 2432--2442


Underfull \hbox (badness 10000) in paragraph at lines 2432--2442


Underfull \hbox (badness 10000) in paragraph at lines 2445--2452


Overfull \hbox (3.0261pt too wide) in paragraph at lines 2445--2452
[]\T1/cmr/m/n/10.95 . 

Underfull \hbox (badness 10000) in paragraph at lines 2445--2452

[71] [72] [73]
Underfull \hbox (badness 10000) in paragraph at lines 2619--2627


Underfull \hbox (badness 10000) in paragraph at lines 2619--2627

[74] [75] [76]
\IeC {\textsection } 16.
[77] [78] [79] [80]
\IeC {\textsection } 17.

Underfull \hbox (badness 10000) in paragraph at lines 2758--2767


Underfull \hbox (badness 10000) in paragraph at lines 2769--2795


Overfull \hbox (3.0261pt too wide) in paragraph at lines 2769--2795
[]\T1/cmr/m/n/10.95 ,

Underfull \hbox (badness 10000) in paragraph at lines 2803--2805


Overfull \hbox (27.37506pt too wide) in paragraph at lines 2803--2805
[] 
[81]
Underfull \hbox (badness 10000) in paragraph at lines 2805--2808


Overfull \hbox (27.37506pt too wide) in paragraph at lines 2805--2808
[] 

Underfull \hbox (badness 10000) in paragraph at lines 2831--2836

[82]
Underfull \hbox (badness 10000) in paragraph at lines 2869--2877


Underfull \hbox (badness 10000) in paragraph at lines 2895--2919


Underfull \hbox (badness 10000) in paragraph at lines 2895--2919

[83]
Underfull \hbox (badness 10000) in paragraph at lines 2973--2987


Overfull \hbox (27.37506pt too wide) in paragraph at lines 2973--2987
[] 
[84] [85] [86]
\IeC {\textsection } 18.

Underfull \hbox (badness 10000) in paragraph at lines 3047--3048


Underfull \hbox (badness 10000) in paragraph at lines 3048--3057

[87] [88]
\IeC {\textsection } 19.

Underfull \hbox (badness 10000) in paragraph at lines 3064--3065


Underfull \hbox (badness 10000) in paragraph at lines 3076--3080


Underfull \hbox (badness 10000) in paragraph at lines 3096--3097


Underfull \hbox (badness 10000) in paragraph at lines 3100--3105

[89]
Underfull \hbox (badness 10000) in paragraph at lines 3106--3110


Underfull \hbox (badness 10000) in paragraph at lines 3111--3116


Underfull \hbox (badness 10000) in paragraph at lines 3117--3119

[90]
Underfull \hbox (badness 10000) in paragraph at lines 3145--3146


Underfull \hbox (badness 10000) in paragraph at lines 3154--3157


Underfull \hbox (badness 10000) in paragraph at lines 3168--3169

[91] [92]
\IeC {\textsection } 20.

Underfull \hbox (badness 10000) in paragraph at lines 3209--3212

[93]
Underfull \hbox (badness 10000) in paragraph at lines 3212--3213


Underfull \hbox (badness 10000) in paragraph at lines 3239--3246

[94]
Underfull \hbox (badness 10000) in paragraph at lines 3246--3251

[95] [96]
\IeC {\textsection } 21.
[97]
Underfull \hbox (badness 10000) in paragraph at lines 3301--3311


Underfull \hbox (badness 10000) in paragraph at lines 3301--3311

[98] [99] [100]
\IeC {\textsection } 22.

Underfull \hbox (badness 10000) in paragraph at lines 3390--3398


Underfull \hbox (badness 10000) in paragraph at lines 3390--3398

[101]
Underfull \hbox (badness 10000) in paragraph at lines 3412--3448


Underfull \hbox (badness 10000) in paragraph at lines 3412--3448

[102]
Overfull \hbox (3.54657pt too wide) in paragraph at lines 3459--3463
[]\T1/cmr/m/n/10.95 Sei $\OML/cmm/m/it/10.95 f \OMS/cmsy/m/n/10.95 2 \OML/cmm/m
/it/10.95 H\OT1/cmr/m/n/10.95 (\OML/cmm/m/it/10.95 G\OT1/cmr/m/n/10.95 )$ \T1/c
mr/m/n/10.95 und $\OML/cmm/m/it/10.95 z \OMS/cmsy/m/n/10.95 2 \OML/cmm/m/it/10.
95 G\OMS/cmsy/m/n/10.95 n[]\OT1/cmr/m/n/10.95 (\OML/cmm/m/it/10.95 ^^M\OT1/cmr/
m/n/10.95 )$\T1/cmr/m/n/10.95 . $[]$ $\OT1/cmr/m/n/10.95 0 = [] [] []\OML/cmm/m
/it/10.95 dw \OT1/cmr/m/n/10.95 = [] [] []\OML/cmm/m/it/10.95 dw \OMS/cmsy/m/n/
10.95 ^^@ \OML/cmm/m/it/10.95 f\OT1/cmr/m/n/10.95 (\OML/cmm/m/it/10.95 z\OT1/cm
r/m/n/10.95 ) []$ $[]$ 

Overfull \hbox (6.72224pt too wide) in paragraph at lines 3470--3478
[] $[]$ 
[103] [104]
Anhang A.
** Generating table of satz,wichtigedefinition
(./fth1.thm [105]
Underfull \vbox (badness 5771) has occurred while \output is active [106]
Overfull \hbox (2.7858pt too wide) detected at line 178
\T1/cmr/m/n/10.95 11.10. 

Overfull \hbox (2.7858pt too wide) detected at line 180
\T1/cmr/m/n/10.95 11.11. 

Overfull \hbox (2.7858pt too wide) detected at line 183
\T1/cmr/m/n/10.95 11.12. 

Overfull \hbox (2.7858pt too wide) detected at line 186
\T1/cmr/m/n/10.95 11.13. 

Underfull \vbox (badness 5771) has occurred while \output is active [107])
(./fth1.ind [108]
Overfull \hbox (1.81706pt too wide) in paragraph at lines 32--34
[]\T1/cmr/m/n/10.95 Cauchysche In-te-gral-for-meln für Ab-lei-tun-gen,
[109] [110]) (./fth1.aux) )
(see the transcript file for additional information)pdfTeX warning (dest): name
{Hfootnote.635} has been referenced but does not exist, replaced by a fixed one


{/usr/share/texmf/fonts/enc/dvips/cm-super/cm-super-t1.enc}</usr/share/texmf-te
xlive/fonts/type1/public/amsfonts/cm/cmex10.pfb></usr/share/texmf-texlive/fonts
/type1/public/amsfonts/cmextra/cmex8.pfb></usr/share/texmf-texlive/fonts/type1/
public/amsfonts/cm/cmmi10.pfb></usr/share/texmf-texlive/fonts/type1/public/amsf
onts/cm/cmmi6.pfb></usr/share/texmf-texlive/fonts/type1/public/amsfonts/cm/cmmi
8.pfb></usr/share/texmf-texlive/fonts/type1/public/amsfonts/cm/cmmi9.pfb></usr/
share/texmf-texlive/fonts/type1/public/amsfonts/cm/cmr10.pfb></usr/share/texmf-
texlive/fonts/type1/public/amsfonts/cm/cmr6.pfb></usr/share/texmf-texlive/fonts
/type1/public/amsfonts/cm/cmr8.pfb></usr/share/texmf-texlive/fonts/type1/public
/amsfonts/cm/cmr9.pfb></usr/share/texmf-texlive/fonts/type1/public/amsfonts/cm/
cmsy10.pfb></usr/share/texmf-texlive/fonts/type1/public/amsfonts/cm/cmsy6.pfb><
/usr/share/texmf-texlive/fonts/type1/public/amsfonts/cm/cmsy8.pfb></usr/share/t
exmf-texlive/fonts/type1/public/amsfonts/cm/cmsy9.pfb></usr/share/texmf-texlive
/fonts/type1/public/amsfonts/symbols/msam10.pfb></usr/share/texmf-texlive/fonts
/type1/public/amsfonts/symbols/msbm10.pfb></usr/share/texmf/fonts/type1/public/
cm-super/sfbx1095.pfb></usr/share/texmf/fonts/type1/public/cm-super/sfrm0600.pf
b></usr/share/texmf/fonts/type1/public/cm-super/sfrm0800.pfb></usr/share/texmf/
fonts/type1/public/cm-super/sfrm0900.pfb></usr/share/texmf/fonts/type1/public/c
m-super/sfrm1095.pfb></usr/share/texmf/fonts/type1/public/cm-super/sfrm1440.pfb
></usr/share/texmf/fonts/type1/public/cm-super/sfsl1095.pfb></usr/share/texmf/f
onts/type1/public/cm-super/sfsx1095.pfb></usr/share/texmf/fonts/type1/public/cm
-super/sfsx1440.pfb></usr/share/texmf/fonts/type1/public/cm-super/sfsx2074.pfb>
</usr/share/texmf/fonts/type1/public/cm-super/sfti1095.pfb></usr/share/texmf/fo
nts/type1/public/cm-super/sftt1095.pfb></usr/share/texmf/fonts/type1/public/cm-
super/sftt1440.pfb>
Output written on fth1.pdf (110 pages, 996952 bytes).
Transcript written on fth1.log.
Result: ExitSuccess

Running /usr/bin/pdflatex fth1.tex in an env with 4 entries:
This is pdfTeX, Version 3.1415926-1.40.10 (TeX Live 2009/Debian)
entering extended mode
(data/fth1.tex
LaTeX2e <2009/09/24>
Babel <v3.8l> and hyphenation patterns for english, usenglishmax, dumylang, noh
yphenation, farsi, arabic, croatian, bulgarian, ukrainian, russian, czech, slov
ak, danish, dutch, finnish, french, basque, ngerman, german, german-x-2009-06-1
9, ngerman-x-2009-06-19, ibycus, monogreek, greek, ancientgreek, hungarian, san
skrit, italian, latin, latvian, lithuanian, mongolian2a, mongolian, bokmal, nyn
orsk, romanian, irish, coptic, serbian, turkish, welsh, esperanto, uppersorbian
, estonian, indonesian, interlingua, icelandic, kurmanji, slovenian, polish, po
rtuguese, spanish, galician, catalan, swedish, ukenglish, loaded.
(/usr/share/texmf-texlive/tex/latex/koma-script/scrbook.cls
Document Class: scrbook 2009/07/24 v3.04a KOMA-Script document class (book)
(/usr/share/texmf-texlive/tex/latex/koma-script/scrkbase.sty
(/usr/share/texmf-texlive/tex/latex/koma-script/scrbase.sty
(/usr/share/texmf-texlive/tex/latex/graphics/keyval.sty)
(/usr/share/texmf-texlive/tex/latex/koma-script/scrlfile.sty
Package scrlfile, 2009/03/25 v3.03 KOMA-Script package (loading files)
                  Copyright (C) Markus Kohm

))) (/usr/share/texmf-texlive/tex/latex/koma-script/tocbasic.sty)
(/usr/share/texmf-texlive/tex/latex/koma-script/scrsize11pt.clo)
(/usr/share/texmf-texlive/tex/latex/koma-script/typearea.sty
Package typearea, 2009/07/24 v3.04a KOMA-Script package (type area)
                  Copyright (C) Frank Neukam, 1992-1994
                  Copyright (C) Markus Kohm, 1994-

)) (data/ana.sty (data/mathe.sty (data/latexki.sty)
(/usr/share/texmf-texlive/tex/latex/base/inputenc.sty
(/usr/share/texmf-texlive/tex/latex/base/utf8.def
(/usr/share/texmf-texlive/tex/latex/base/t1enc.dfu)
(/usr/share/texmf-texlive/tex/latex/base/ot1enc.dfu)
(/usr/share/texmf-texlive/tex/latex/base/omsenc.dfu)))
(/usr/share/texmf-texlive/tex/generic/babel/babel.sty
(/usr/share/texmf-texlive/tex/generic/babel/ngermanb.ldf
(/usr/share/texmf-texlive/tex/generic/babel/babel.def)))
(/usr/share/texmf-texlive/tex/latex/base/fontenc.sty
(/usr/share/texmf-texlive/tex/latex/base/t1enc.def))
(/usr/share/texmf-texlive/tex/latex/amsfonts/amsfonts.sty)
(/usr/share/texmf-texlive/tex/latex/amsfonts/amssymb.sty)
(/usr/share/texmf-texlive/tex/latex/amsmath/amsmath.sty
For additional information on amsmath, use the `?' option.
(/usr/share/texmf-texlive/tex/latex/amsmath/amstext.sty
(/usr/share/texmf-texlive/tex/latex/amsmath/amsgen.sty))
(/usr/share/texmf-texlive/tex/latex/amsmath/amsbsy.sty)
(/usr/share/texmf-texlive/tex/latex/amsmath/amsopn.sty))
(/usr/share/texmf-texlive/tex/latex/stmaryrd/stmaryrd.sty)
(/usr/share/texmf-texlive/tex/latex/tools/verbatim.sty)
(/usr/share/texmf-texlive/tex/latex/base/ifthen.sty)
(/usr/share/texmf-texlive/tex/latex/ntheorem/ntheorem.sty
Style `ntheorem', Version 1.25 <2005/07/07>
) (/usr/share/texmf-texlive/tex/latex/ltxmisc/framed.sty)
(/usr/share/texmf-texlive/tex/latex/pstricks/pstricks.sty
(/usr/share/texmf-texlive/tex/generic/pstricks/pstricks.tex
`PSTricks' v1.29  <2009/05/19> (tvz)
(/usr/share/texmf-texlive/tex/generic/pstricks/pstricks.con))
(/usr/share/texmf/tex/latex/xcolor/xcolor.sty
(/etc/texmf/tex/latex/config/color.cfg)
(/usr/share/texmf-texlive/tex/latex/pdftex-def/pdftex.def)))
(/usr/share/texmf-texlive/tex/latex/carlisle/slashed.sty)
(/usr/share/texmf-texlive/tex/latex/base/makeidx.sty)
(/usr/share/texmf-texlive/tex/latex/wasysym/wasysym.sty)
(/usr/share/texmf-texlive/tex/latex/jknapltx/mathrsfs.sty)
(/usr/share/texmf-texlive/tex/latex/mh/mathtools.sty
(/usr/share/texmf-texlive/tex/latex/tools/calc.sty)
(/usr/share/texmf-texlive/tex/latex/mh/mhsetup.sty))
(/usr/share/texmf-texlive/tex/latex/doublestroke/dsfont.sty)
(/usr/share/texmf-texlive/tex/latex/hyperref/hyperref.sty
(/usr/share/texmf-texlive/tex/generic/oberdiek/ifpdf.sty)
(/usr/share/texmf-texlive/tex/generic/oberdiek/ifvtex.sty)
(/usr/share/texmf-texlive/tex/generic/ifxetex/ifxetex.sty)
(/usr/share/texmf-texlive/tex/latex/oberdiek/hycolor.sty
(/usr/share/texmf-texlive/tex/latex/oberdiek/xcolor-patch.sty))
(/usr/share/texmf-texlive/tex/latex/hyperref/pd1enc.def)
(/usr/share/texmf-texlive/tex/generic/oberdiek/etexcmds.sty
(/usr/share/texmf-texlive/tex/generic/oberdiek/infwarerr.sty))
(/usr/share/texmf-texlive/tex/latex/latexconfig/hyperref.cfg)
(/usr/share/texmf-texlive/tex/latex/oberdiek/kvoptions.sty
(/usr/share/texmf-texlive/tex/generic/oberdiek/kvsetkeys.sty))
Implicit mode ON; LaTeX internals redefined
(/usr/share/texmf-texlive/tex/latex/ltxmisc/url.sty)
(/usr/share/texmf-texlive/tex/generic/oberdiek/bitset.sty
(/usr/share/texmf-texlive/tex/generic/oberdiek/intcalc.sty)
(/usr/share/texmf-texlive/tex/generic/oberdiek/bigintcalc.sty
(/usr/share/texmf-texlive/tex/generic/oberdiek/pdftexcmds.sty
(/usr/share/texmf-texlive/tex/generic/oberdiek/ifluatex.sty)
(/usr/share/texmf-texlive/tex/generic/oberdiek/ltxcmds.sty))))
(/usr/share/texmf-texlive/tex/generic/oberdiek/atbegshi.sty))
*hyperref using default driver hpdftex*
(/usr/share/texmf-texlive/tex/latex/hyperref/hpdftex.def)
(/usr/share/texmf-texlive/tex/latex/etex-pkg/etex.sty)))
(data/saetze-schmoeger.sty)
Writing index file fth1.idx
(./fth1.aux) (/usr/share/texmf-texlive/tex/context/base/supp-pdf.mkii
[Loading MPS to PDF converter (version 2006.09.02).]
) (/usr/share/texmf-texlive/tex/latex/hyperref/nameref.sty
(/usr/share/texmf-texlive/tex/latex/oberdiek/refcount.sty)) (./fth1.out)
(./fth1.out) (/usr/share/texmf-texlive/tex/latex/base/t1cmss.fd)
(/usr/share/texmf-texlive/tex/latex/amsfonts/umsa.fd)
(/usr/share/texmf-texlive/tex/latex/amsfonts/umsb.fd)
(/usr/share/texmf-texlive/tex/latex/stmaryrd/Ustmry.fd)
(/usr/share/texmf-texlive/tex/latex/wasysym/uwasy.fd)
(/usr/share/texmf-texlive/tex/latex/jknapltx/ursfs.fd)
(/usr/share/texmf-texlive/tex/latex/base/t1cmtt.fd) [1
Non-PDF special ignored!
Non-PDF special ignored!
Non-PDF special ignored!{/var/lib/texmf/fonts/map/pdftex/updmap/pdftex.map}]
[2]

Package hyperref Warning: No destination for bookmark of \addcontentsline,
(hyperref)                destination is added on input line 45.

(./fth1.toc [3]) [4]
Kapitel I.
[5] [6]
\IeC {\textsection } 1.

Underfull \hbox (badness 10000) in paragraph at lines 73--76


Underfull \hbox (badness 10000) in paragraph at lines 109--110


Underfull \hbox (badness 10000) in paragraph at lines 111--112

[7]
Underfull \hbox (badness 10000) in paragraph at lines 120--121


Underfull \hbox (badness 10000) in paragraph at lines 146--151


Underfull \hbox (badness 10000) in paragraph at lines 157--159

[8]
Underfull \hbox (badness 10000) in paragraph at lines 169--170


Underfull \hbox (badness 10000) in paragraph at lines 184--185

[9] [10]
\IeC {\textsection } 2.
[11] [12] [13] [14]
\IeC {\textsection } 3.
[15] [16] [17] [18]
\IeC {\textsection } 4.

Underfull \hbox (badness 10000) in paragraph at lines 469--470


Underfull \hbox (badness 10000) in paragraph at lines 478--481

[19]
Underfull \hbox (badness 10000) in paragraph at lines 484--486

[20] [21] [22]
\IeC {\textsection } 5.

Overfull \hbox (25.76106pt too wide) in paragraph at lines 554--557
[] \OML/cmm/m/it/10.95 f[][] \OT1/cmr/m/n/10.95 : \OMS/cmsy/m/n/10.95 ([])  \OT
1/cmr/m/n/10.95 (\OML/cmm/m/it/10.95 s[]\OT1/cmr/m/n/10.95 )[]$ 

Underfull \hbox (badness 10000) in paragraph at lines 554--557


Underfull \hbox (badness 10000) in paragraph at lines 561--563


Overfull \vbox (2.27625pt too high) detected at line 572
[23]
Underfull \hbox (badness 10000) in paragraph at lines 584--585


Underfull \hbox (badness 10000) in paragraph at lines 598--599

[24] [25] [26]
\IeC {\textsection } 6.

Underfull \hbox (badness 10000) in paragraph at lines 695--696

[27]
Underfull \hbox (badness 10000) in paragraph at lines 709--710

[28] [29] [30]
\IeC {\textsection } 7.
[31]
Underfull \hbox (badness 10000) in paragraph at lines 839--842


Underfull \hbox (badness 10000) in paragraph at lines 850--861


Overfull \hbox (0.30148pt too wide) detected at line 863
[]\OML/cmm/m/it/10.95 e[] \OMS/cmsy/m/n/10.95 ^^U \OML/cmm/m/it/10.95 ^^N > \OM
S/cmsy/m/n/10.95 j\OML/cmm/m/it/10.95 w \OMS/cmsy/m/n/10.95 ^^@ \OML/cmm/m/it/1
0.95 w[]\OMS/cmsy/m/n/10.95 j \OT1/cmr/m/n/10.95 = \OMS/cmsy/m/n/10.95 j\OML/cm
m/m/it/10.95 e[] \OMS/cmsy/m/n/10.95 ^^@ \OML/cmm/m/it/10.95 e[]\OMS/cmsy/m/n/1
0.95 j ^^U jj\OML/cmm/m/it/10.95 e[]\OMS/cmsy/m/n/10.95 j ^^@ j\OML/cmm/m/it/10
.95 e[]\OMS/cmsy/m/n/10.95 jj \OT1/cmr/m/n/10.95 = \OMS/cmsy/m/n/10.95 j\OML/cm
m/m/it/10.95 e[] \OMS/cmsy/m/n/10.95 ^^@ \OML/cmm/m/it/10.95 e[]\OMS/cmsy/m/n/1
0.95 j ^^U \OML/cmm/m/it/10.95 e[] \OMS/cmsy/m/n/10.95 ^^@ \OML/cmm/m/it/10.95 
e[] > e[] \OMS/cmsy/m/n/10.95 ^^@ \OML/cmm/m/it/10.95 e[] \OT1/cmr/m/n/10.95 = 
\OML/cmm/m/it/10.95 e[] []
[32]
Underfull \hbox (badness 10000) in paragraph at lines 875--876

[33] [34]
\IeC {\textsection } 8.

Underfull \hbox (badness 10000) in paragraph at lines 930--931

[35]
Underfull \hbox (badness 10000) in paragraph at lines 1002--1003

[36]
Underfull \hbox (badness 10000) in paragraph at lines 1047--1048


Underfull \hbox (badness 10000) in paragraph at lines 1048--1051


Overfull \hbox (27.37506pt too wide) in paragraph at lines 1048--1051
[] 
[37]
Underfull \hbox (badness 10000) in paragraph at lines 1069--1071


Underfull \hbox (badness 10000) in paragraph at lines 1084--1086

[38]
Underfull \hbox (badness 10000) in paragraph at lines 1118--1121

[39] [40]
\IeC {\textsection } 9.
[41]
Overfull \hbox (11.9138pt too wide) in paragraph at lines 1169--1173
\T1/cmr/m/n/10.95 O.B.d.A: $\OML/cmm/m/it/10.95 a[] \OT1/cmr/m/n/10.95 = []\OMS
/cmsy/m/n/10.95 f\OML/cmm/m/it/10.95 a[]; [] ; a[]\OMS/cmsy/m/n/10.95 g\OML/cmm
/m/it/10.95 :\OT1/cmr/m/n/10.95 ^^A[] := ^^A[]$\T1/cmr/m/n/10.95 . Fa-zit: $\OM
S/cmsy/m/n/10.95 j [][] \OML/cmm/m/it/10.95 f\OT1/cmr/m/n/10.95 (\OML/cmm/m/it/
10.95 z\OT1/cmr/m/n/10.95 )\OML/cmm/m/it/10.95 dz\OMS/cmsy/m/n/10.95 j ^^T \OT1
/cmr/m/n/10.95 4\OMS/cmsy/m/n/10.95 j [][] \OML/cmm/m/it/10.95 f\OT1/cmr/m/n/10
.95 (\OML/cmm/m/it/10.95 z\OT1/cmr/m/n/10.95 )\OML/cmm/m/it/10.95 dz\OMS/cmsy/m
/n/10.95 j$ \T1/cmr/m/n/10.95 und $\OML/cmm/m/it/10.95 L\OT1/cmr/m/n/10.95 (\OM
L/cmm/m/it/10.95 @\OT1/cmr/m/n/10.95 ^^A[]) =

Overfull \hbox (10.64645pt too wide) in paragraph at lines 1169--1173
\T1/cmr/m/n/10.95 Verfahre mit $\OT1/cmr/m/n/10.95 ^^A[]$ \T1/cmr/m/n/10.95 ge-
nau-so wie mit $\OT1/cmr/m/n/10.95 ^^A$\T1/cmr/m/n/10.95 . Wir er-hal-ten ein D
rei-eck $\OT1/cmr/m/n/10.95 ^^A[] \OMS/cmsy/m/n/10.95 ^^R \OT1/cmr/m/n/10.95 ^^
A[] \OMS/cmsy/m/n/10.95 ^^R \OT1/cmr/m/n/10.95 ^^A : \OMS/cmsy/m/n/10.95 j [][]
 \OML/cmm/m/it/10.95 f\OT1/cmr/m/n/10.95 (\OML/cmm/m/it/10.95 z\OT1/cmr/m/n/10.
95 )\OML/cmm/m/it/10.95 dz\OMS/cmsy/m/n/10.95 j ^^T

Underfull \hbox (badness 10000) in paragraph at lines 1169--1173


Underfull \hbox (badness 10000) in paragraph at lines 1174--1175


Underfull \hbox (badness 10000) in paragraph at lines 1176--1179


Underfull \hbox (badness 10000) in paragraph at lines 1183--1188


Underfull \hbox (badness 10000) in paragraph at lines 1189--1193


Overfull \hbox (31.42358pt too wide) in paragraph at lines 1196--1197
[]\T1/cmr/m/n/10.95 Dann: $\OMS/cmsy/m/n/10.95 j [][] \OML/cmm/m/it/10.95 f\OT1
/cmr/m/n/10.95 (\OML/cmm/m/it/10.95 z\OT1/cmr/m/n/10.95 )\OML/cmm/m/it/10.95 dz
\OMS/cmsy/m/n/10.95 j ^^T \OT1/cmr/m/n/10.95 4[]\OMS/cmsy/m/n/10.95 j [][] \OML
/cmm/m/it/10.95 f\OT1/cmr/m/n/10.95 (\OML/cmm/m/it/10.95 z\OT1/cmr/m/n/10.95 )\
OML/cmm/m/it/10.95 dz\OMS/cmsy/m/n/10.95 j \OT1/cmr/m/n/10.95 = 4[]\OMS/cmsy/m/
n/10.95 j [][] \OML/cmm/m/it/10.95 f[]\OT1/cmr/m/n/10.95 (\OML/cmm/m/it/10.95 z
\OT1/cmr/m/n/10.95 )\OML/cmm/m/it/10.95 dz\OMS/cmsy/m/n/10.95 j ^^T \OT1/cmr/m/
n/10.95 4[]\OML/cmm/m/it/10.95 "L\OT1/cmr/m/n/10.95 (\OML/cmm/m/it/10.95 @\OT1/
cmr/m/n/10.95 ^^A[])[] = 4[]\OML/cmm/m/it/10.95 "\OT1/cmr/m/n/10.95 ([]\OML/cmm
/m/it/10.95 L\OT1/cmr/m/n/10.95 (\OML/cmm/m/it/10.95 @\OT1/cmr/m/n/10.95 ^^A))[
] =

Underfull \hbox (badness 10000) in paragraph at lines 1196--1197


Underfull \hbox (badness 10000) in paragraph at lines 1200--1202

[42]
Underfull \hbox (badness 10000) in paragraph at lines 1210--1217


Underfull \hbox (badness 10000) in paragraph at lines 1227--1229

[43] [44] [45]
Underfull \hbox (badness 10000) in paragraph at lines 1364--1365


Underfull \hbox (badness 10000) in paragraph at lines 1390--1393


Overfull \vbox (4.3449pt too high) detected at line 1399
[46]
Underfull \hbox (badness 10000) in paragraph at lines 1401--1402


Underfull \hbox (badness 10000) in paragraph at lines 1413--1414

[47] [48]
\IeC {\textsection } 10.
[49] [50] [51] [52]
\IeC {\textsection } 11.
[53] [54] [55]
Underfull \hbox (badness 10000) in paragraph at lines 1774--1781


Underfull \hbox (badness 10000) in paragraph at lines 1774--1781


Overfull \hbox (27.37506pt too wide) in paragraph at lines 1825--1841
[] 
[56] [57] [58] [59] [60]
\IeC {\textsection } 12.

Underfull \hbox (badness 10000) in paragraph at lines 1955--1957

[61] [62]
\IeC {\textsection } 13.
[63] [64] [65] [66]
\IeC {\textsection } 14.
[67]
Underfull \hbox (badness 10000) in paragraph at lines 2334--2345


Overfull \hbox (3.0261pt too wide) in paragraph at lines 2334--2345
[]\T1/cmr/m/n/10.95 . 

Overfull \hbox (3.0261pt too wide) in paragraph at lines 2348--2365
[]\T1/cmr/m/n/10.95 .

Underfull \vbox (badness 2564) has occurred while \output is active [68]
[69] [70]
\IeC {\textsection } 15.

Underfull \hbox (badness 10000) in paragraph at lines 2432--2442


Underfull \hbox (badness 10000) in paragraph at lines 2432--2442


Underfull \hbox (badness 10000) in paragraph at lines 2445--2452


Overfull \hbox (3.0261pt too wide) in paragraph at lines 2445--2452
[]\T1/cmr/m/n/10.95 . 

Underfull \hbox (badness 10000) in paragraph at lines 2445--2452

[71] [72] [73]
Underfull \hbox (badness 10000) in paragraph at lines 2619--2627


Underfull \hbox (badness 10000) in paragraph at lines 2619--2627

[74] [75] [76]
\IeC {\textsection } 16.
[77] [78] [79] [80]
\IeC {\textsection } 17.

Underfull \hbox (badness 10000) in paragraph at lines 2758--2767


Underfull \hbox (badness 10000) in paragraph at lines 2769--2795


Overfull \hbox (3.0261pt too wide) in paragraph at lines 2769--2795
[]\T1/cmr/m/n/10.95 ,

Underfull \hbox (badness 10000) in paragraph at lines 2803--2805


Overfull \hbox (27.37506pt too wide) in paragraph at lines 2803--2805
[] 
[81]
Underfull \hbox (badness 10000) in paragraph at lines 2805--2808


Overfull \hbox (27.37506pt too wide) in paragraph at lines 2805--2808
[] 

Underfull \hbox (badness 10000) in paragraph at lines 2831--2836

[82]
Underfull \hbox (badness 10000) in paragraph at lines 2869--2877


Underfull \hbox (badness 10000) in paragraph at lines 2895--2919


Underfull \hbox (badness 10000) in paragraph at lines 2895--2919

[83]
Underfull \hbox (badness 10000) in paragraph at lines 2973--2987


Overfull \hbox (27.37506pt too wide) in paragraph at lines 2973--2987
[] 
[84] [85] [86]
\IeC {\textsection } 18.

Underfull \hbox (badness 10000) in paragraph at lines 3047--3048


Underfull \hbox (badness 10000) in paragraph at lines 3048--3057

[87] [88]
\IeC {\textsection } 19.

Underfull \hbox (badness 10000) in paragraph at lines 3064--3065


Underfull \hbox (badness 10000) in paragraph at lines 3076--3080


Underfull \hbox (badness 10000) in paragraph at lines 3096--3097


Underfull \hbox (badness 10000) in paragraph at lines 3100--3105

[89]
Underfull \hbox (badness 10000) in paragraph at lines 3106--3110


Underfull \hbox (badness 10000) in paragraph at lines 3111--3116


Underfull \hbox (badness 10000) in paragraph at lines 3117--3119

[90]
Underfull \hbox (badness 10000) in paragraph at lines 3145--3146


Underfull \hbox (badness 10000) in paragraph at lines 3154--3157


Underfull \hbox (badness 10000) in paragraph at lines 3168--3169

[91] [92]
\IeC {\textsection } 20.

Underfull \hbox (badness 10000) in paragraph at lines 3209--3212

[93]
Underfull \hbox (badness 10000) in paragraph at lines 3212--3213


Underfull \hbox (badness 10000) in paragraph at lines 3239--3246

[94]
Underfull \hbox (badness 10000) in paragraph at lines 3246--3251

[95] [96]
\IeC {\textsection } 21.
[97]
Underfull \hbox (badness 10000) in paragraph at lines 3301--3311


Underfull \hbox (badness 10000) in paragraph at lines 3301--3311

[98] [99] [100]
\IeC {\textsection } 22.

Underfull \hbox (badness 10000) in paragraph at lines 3390--3398


Underfull \hbox (badness 10000) in paragraph at lines 3390--3398

[101]
Underfull \hbox (badness 10000) in paragraph at lines 3412--3448


Underfull \hbox (badness 10000) in paragraph at lines 3412--3448

[102]
Overfull \hbox (3.54657pt too wide) in paragraph at lines 3459--3463
[]\T1/cmr/m/n/10.95 Sei $\OML/cmm/m/it/10.95 f \OMS/cmsy/m/n/10.95 2 \OML/cmm/m
/it/10.95 H\OT1/cmr/m/n/10.95 (\OML/cmm/m/it/10.95 G\OT1/cmr/m/n/10.95 )$ \T1/c
mr/m/n/10.95 und $\OML/cmm/m/it/10.95 z \OMS/cmsy/m/n/10.95 2 \OML/cmm/m/it/10.
95 G\OMS/cmsy/m/n/10.95 n[]\OT1/cmr/m/n/10.95 (\OML/cmm/m/it/10.95 ^^M\OT1/cmr/
m/n/10.95 )$\T1/cmr/m/n/10.95 . $[]$ $\OT1/cmr/m/n/10.95 0 = [] [] []\OML/cmm/m
/it/10.95 dw \OT1/cmr/m/n/10.95 = [] [] []\OML/cmm/m/it/10.95 dw \OMS/cmsy/m/n/
10.95 ^^@ \OML/cmm/m/it/10.95 f\OT1/cmr/m/n/10.95 (\OML/cmm/m/it/10.95 z\OT1/cm
r/m/n/10.95 ) []$ $[]$ 

Overfull \hbox (6.72224pt too wide) in paragraph at lines 3470--3478
[] $[]$ 
[103] [104]
Anhang A.
** Generating table of satz,wichtigedefinition
(./fth1.thm [105]
Underfull \vbox (badness 5771) has occurred while \output is active [106]
Overfull \hbox (2.7858pt too wide) detected at line 178
\T1/cmr/m/n/10.95 11.10. 

Overfull \hbox (2.7858pt too wide) detected at line 180
\T1/cmr/m/n/10.95 11.11. 

Overfull \hbox (2.7858pt too wide) detected at line 183
\T1/cmr/m/n/10.95 11.12. 

Overfull \hbox (2.7858pt too wide) detected at line 186
\T1/cmr/m/n/10.95 11.13. 

Underfull \vbox (badness 5771) has occurred while \output is active [107])
(./fth1.ind [108]
Overfull \hbox (1.81706pt too wide) in paragraph at lines 32--34
[]\T1/cmr/m/n/10.95 Cauchysche In-te-gral-for-meln für Ab-lei-tun-gen,
[109] [110]) (./fth1.aux) )
(see the transcript file for additional information)pdfTeX warning (dest): name
{Hfootnote.635} has been referenced but does not exist, replaced by a fixed one


{/usr/share/texmf/fonts/enc/dvips/cm-super/cm-super-t1.enc}</usr/share/texmf-te
xlive/fonts/type1/public/amsfonts/cm/cmex10.pfb></usr/share/texmf-texlive/fonts
/type1/public/amsfonts/cmextra/cmex8.pfb></usr/share/texmf-texlive/fonts/type1/
public/amsfonts/cm/cmmi10.pfb></usr/share/texmf-texlive/fonts/type1/public/amsf
onts/cm/cmmi6.pfb></usr/share/texmf-texlive/fonts/type1/public/amsfonts/cm/cmmi
8.pfb></usr/share/texmf-texlive/fonts/type1/public/amsfonts/cm/cmmi9.pfb></usr/
share/texmf-texlive/fonts/type1/public/amsfonts/cm/cmr10.pfb></usr/share/texmf-
texlive/fonts/type1/public/amsfonts/cm/cmr6.pfb></usr/share/texmf-texlive/fonts
/type1/public/amsfonts/cm/cmr8.pfb></usr/share/texmf-texlive/fonts/type1/public
/amsfonts/cm/cmr9.pfb></usr/share/texmf-texlive/fonts/type1/public/amsfonts/cm/
cmsy10.pfb></usr/share/texmf-texlive/fonts/type1/public/amsfonts/cm/cmsy6.pfb><
/usr/share/texmf-texlive/fonts/type1/public/amsfonts/cm/cmsy8.pfb></usr/share/t
exmf-texlive/fonts/type1/public/amsfonts/cm/cmsy9.pfb></usr/share/texmf-texlive
/fonts/type1/public/amsfonts/symbols/msam10.pfb></usr/share/texmf-texlive/fonts
/type1/public/amsfonts/symbols/msbm10.pfb></usr/share/texmf/fonts/type1/public/
cm-super/sfbx1095.pfb></usr/share/texmf/fonts/type1/public/cm-super/sfrm0600.pf
b></usr/share/texmf/fonts/type1/public/cm-super/sfrm0800.pfb></usr/share/texmf/
fonts/type1/public/cm-super/sfrm0900.pfb></usr/share/texmf/fonts/type1/public/c
m-super/sfrm1095.pfb></usr/share/texmf/fonts/type1/public/cm-super/sfrm1440.pfb
></usr/share/texmf/fonts/type1/public/cm-super/sfsl1095.pfb></usr/share/texmf/f
onts/type1/public/cm-super/sfsx1095.pfb></usr/share/texmf/fonts/type1/public/cm
-super/sfsx1440.pfb></usr/share/texmf/fonts/type1/public/cm-super/sfsx2074.pfb>
</usr/share/texmf/fonts/type1/public/cm-super/sfti1095.pfb></usr/share/texmf/fo
nts/type1/public/cm-super/sftt1095.pfb></usr/share/texmf/fonts/type1/public/cm-
super/sftt1440.pfb>
Output written on fth1.pdf (110 pages, 996953 bytes).
Transcript written on fth1.log.
Result: ExitSuccess

Running /usr/bin/convert -verbose fth1.pdf[0] -resize 70x fth1.png in an env with 4 entries:
"gs" -q -dQUIET -dSAFER -dBATCH -dNOPAUSE -dNOPROMPT -dMaxBitmap=500000000 -dAlignToPixels=0 -dGridFitTT=2 "-sDEVICE=pngalpha" -dTextAlphaBits=4 -dGraphicsAlphaBits=4 "-r72x72" -dFirstPage=1 -dLastPage=1 "-sOutputFile=/tmp/magick-DnMSdEZ6-%08d" "-f/tmp/magick--9lEa6P4" "-f/tmp/magick-yfSOxBG2"
/tmp/magick-DnMSdEZ6-00000001 PNG 595x842 595x842+0+0 8-bit DirectClass 10.6KB 0.010u 0:00.019
fth1.pdf[0]=>fth1.pdf PDF 595x842 595x842+0+0 16-bit DirectClass 10.6KB 0.000u 0:00.000
fth1.pdf[0]=>fth1.png PDF 595x842=>70x99 70x99+0+0 16-bit DirectClass 0.320u 0:00.059
Result: ExitSuccess

Running /usr/bin/optipng -verbose fth1.png in an env with 4 entries:
OptiPNG 0.6.4: Advanced PNG optimizer.
Copyright (C) 2001-2010 Cosmin Truta.

** Processing: fth1.png
70x99 pixels, 4x16 bits/pixel, RGB+alpha
Input IDAT size = 1141 bytes
Input file size = 3775 bytes

Trying:
  zc = 9  zm = 8  zs = 0  f = 0		IDAT size = 1043
  zc = 9  zm = 8  zs = 1  f = 0		IDAT size = 1043
  zc = 1  zm = 8  zs = 2  f = 0		IDAT too big
  zc = 9  zm = 8  zs = 3  f = 0		IDAT too big
  zc = 9  zm = 8  zs = 0  f = 5		IDAT too big
  zc = 9  zm = 8  zs = 1  f = 5		IDAT too big
  zc = 1  zm = 8  zs = 2  f = 5		IDAT too big
  zc = 9  zm = 8  zs = 3  f = 5		IDAT too big

Selecting parameters:
  zc = 9  zm = 8  zs = 1  f = 0		IDAT size = 1043

Output IDAT size = 1043 bytes (98 bytes decrease)
Output file size = 3677 bytes (98 bytes = 2.60% decrease)

** Status report
1 file(s) have been processed.
Result: ExitSuccess
