
Running /usr/bin/pdflatex FunkTheo2Zusammenfassung.tex in an env with 4 entries:
This is pdfTeX, Version 3.1415926-1.40.10 (TeX Live 2009/Debian)
entering extended mode
(data/FunkTheo2Zusammenfassung.tex
LaTeX2e <2009/09/24>
Babel <v3.8l> and hyphenation patterns for english, usenglishmax, dumylang, noh
yphenation, farsi, arabic, croatian, bulgarian, ukrainian, russian, czech, slov
ak, danish, dutch, finnish, french, basque, ngerman, german, german-x-2009-06-1
9, ngerman-x-2009-06-19, ibycus, monogreek, greek, ancientgreek, hungarian, san
skrit, italian, latin, latvian, lithuanian, mongolian2a, mongolian, bokmal, nyn
orsk, romanian, irish, coptic, serbian, turkish, welsh, esperanto, uppersorbian
, estonian, indonesian, interlingua, icelandic, kurmanji, slovenian, polish, po
rtuguese, spanish, galician, catalan, swedish, ukenglish, loaded.
(/usr/share/texmf-texlive/tex/latex/base/article.cls
Document Class: article 2007/10/19 v1.4h Standard LaTeX document class
(/usr/share/texmf-texlive/tex/latex/base/size11.clo)) (data/latexki.sty)
(/usr/share/texmf-texlive/tex/latex/base/fontenc.sty
(/usr/share/texmf-texlive/tex/latex/base/t1enc.def))
(/usr/share/texmf-texlive/tex/latex/base/inputenc.sty
(/usr/share/texmf-texlive/tex/latex/base/utf8.def
(/usr/share/texmf-texlive/tex/latex/base/t1enc.dfu)
(/usr/share/texmf-texlive/tex/latex/base/ot1enc.dfu)
(/usr/share/texmf-texlive/tex/latex/base/omsenc.dfu)))
(/usr/share/texmf-texlive/tex/latex/ae/ae.sty
(/usr/share/texmf-texlive/tex/latex/base/fontenc.sty
(/usr/share/texmf-texlive/tex/latex/base/t1enc.def)
(/usr/share/texmf-texlive/tex/latex/ae/t1aer.fd)))
(/usr/share/texmf-texlive/tex/generic/babel/babel.sty
(/usr/share/texmf-texlive/tex/generic/babel/english.ldf
(/usr/share/texmf-texlive/tex/generic/babel/babel.def))
(/usr/share/texmf-texlive/tex/generic/babel/ngermanb.ldf))
(/usr/share/texmf-texlive/tex/generic/epsf/epsf.sty
This is `epsf.tex' v2.7.3 <23 July 2005>
) (/usr/share/texmf-texlive/tex/latex/amsmath/amsmath.sty
For additional information on amsmath, use the `?' option.
(/usr/share/texmf-texlive/tex/latex/amsmath/amstext.sty
(/usr/share/texmf-texlive/tex/latex/amsmath/amsgen.sty))
(/usr/share/texmf-texlive/tex/latex/amsmath/amsbsy.sty)
(/usr/share/texmf-texlive/tex/latex/amsmath/amsopn.sty))
(/usr/share/texmf-texlive/tex/latex/amsfonts/amssymb.sty
(/usr/share/texmf-texlive/tex/latex/amsfonts/amsfonts.sty))
(/usr/share/texmf-texlive/tex/latex/graphics/graphicx.sty
(/usr/share/texmf-texlive/tex/latex/graphics/keyval.sty)
(/usr/share/texmf-texlive/tex/latex/graphics/graphics.sty
(/usr/share/texmf-texlive/tex/latex/graphics/trig.sty)
(/etc/texmf/tex/latex/config/graphics.cfg)
(/usr/share/texmf-texlive/tex/latex/pdftex-def/pdftex.def)))
(/usr/share/texmf-texlive/tex/latex/graphics/epsfig.sty)
(/usr/share/texmf-texlive/tex/latex/hyperref/hyperref.sty
(/usr/share/texmf-texlive/tex/generic/oberdiek/ifpdf.sty)
(/usr/share/texmf-texlive/tex/generic/oberdiek/ifvtex.sty)
(/usr/share/texmf-texlive/tex/generic/ifxetex/ifxetex.sty)
(/usr/share/texmf-texlive/tex/latex/oberdiek/hycolor.sty
(/usr/share/texmf-texlive/tex/latex/oberdiek/xcolor-patch.sty))
(/usr/share/texmf-texlive/tex/latex/hyperref/pd1enc.def)
(/usr/share/texmf-texlive/tex/generic/oberdiek/etexcmds.sty
(/usr/share/texmf-texlive/tex/generic/oberdiek/infwarerr.sty))
(/usr/share/texmf-texlive/tex/latex/latexconfig/hyperref.cfg)
(/usr/share/texmf-texlive/tex/latex/oberdiek/kvoptions.sty
(/usr/share/texmf-texlive/tex/generic/oberdiek/kvsetkeys.sty))
Implicit mode ON; LaTeX internals redefined
(/usr/share/texmf-texlive/tex/latex/ltxmisc/url.sty)
(/usr/share/texmf-texlive/tex/generic/oberdiek/bitset.sty
(/usr/share/texmf-texlive/tex/generic/oberdiek/intcalc.sty)
(/usr/share/texmf-texlive/tex/generic/oberdiek/bigintcalc.sty
(/usr/share/texmf-texlive/tex/generic/oberdiek/pdftexcmds.sty
(/usr/share/texmf-texlive/tex/generic/oberdiek/ifluatex.sty)
(/usr/share/texmf-texlive/tex/generic/oberdiek/ltxcmds.sty))))
(/usr/share/texmf-texlive/tex/generic/oberdiek/atbegshi.sty))
*hyperref using default driver hpdftex*
(/usr/share/texmf-texlive/tex/latex/hyperref/hpdftex.def)
(/usr/share/texmf-texlive/tex/latex/amscls/amsthm.sty)
(/usr/share/texmf-texlive/tex/latex/geometry/geometry.sty
(/usr/share/texmf-texlive/tex/xelatex/xetexconfig/geometry.cfg))
(/usr/share/texmf-texlive/tex/latex/bbold/bbold.sty)
(/usr/share/texmf-texlive/tex/latex/extarrows/extarrows.sty)
No file FunkTheo2Zusammenfassung.aux.
(/usr/share/texmf-texlive/tex/context/base/supp-pdf.mkii
[Loading MPS to PDF converter (version 2006.09.02).]
) (/usr/share/texmf-texlive/tex/latex/hyperref/nameref.sty
(/usr/share/texmf-texlive/tex/latex/oberdiek/refcount.sty))
*geometry auto-detecting driver*
*geometry detected driver: pdftex*
(/usr/share/texmf-texlive/tex/latex/amsfonts/umsa.fd)
(/usr/share/texmf-texlive/tex/latex/amsfonts/umsb.fd)
(/usr/share/texmf-texlive/tex/latex/bbold/Ubbold.fd) [1{/var/lib/texmf/fonts/ma
p/pdftex/updmap/pdftex.map}] [2]
(/usr/share/texmf-texlive/tex/latex/ae/omsaer.fd) [3] [4] [5] [6] [7] [8]
[9] [10] [11] [12] [13] [14] [15] [16]
Underfull \hbox (badness 10000) in paragraph at lines 925--928

[17] [18] [19] (./FunkTheo2Zusammenfassung.aux)
kpathsea: Running mktexpk --mfmode / --bdpi 600 --mag 1+0/600 --dpi 600 bbold8
mktexpk: Running mf-nowin -progname=mf \mode:=ljfour; mag:=1+0/600; nonstopmode; input bbold8
This is METAFONT, Version 2.718281 (TeX Live 2009/Debian)

(/usr/share/texmf-texlive/fonts/source/public/bbold/bbold8.mf
(/usr/share/texmf-texlive/fonts/source/public/bbold/bbbase.mf)
(/usr/share/texmf-texlive/fonts/source/public/cm/cmr8.mf)
(/usr/share/texmf-texlive/fonts/source/public/bbold/bbold.mf
(/usr/share/texmf-texlive/fonts/source/public/bbold/bbparams.mf)
(/usr/share/texmf-texlive/fonts/source/public/bbold/bbgreeku.mf [0] [1]
[2] [3] [4] [5] [6] [7] [8] [9] [10])
(/usr/share/texmf-texlive/fonts/source/public/bbold/bbgreekl.mf [11] [12]
[13] [14] [15] [16] [17] [18] [19] [20] [21] [22] [23] [24] [25] [26] [27]
[28] [29] [30] [31] [32] [127])
(/usr/share/texmf-texlive/fonts/source/public/bbold/bbnum.mf [48] [49] [50]
[51] [52] [53] [54] [55] [56] [57])
(/usr/share/texmf-texlive/fonts/source/public/bbold/bbupper.mf [65] [66]
[67] [68] [69] [70] [71] [72] [73] [74] [75] [76] [77] [78] [79] [80] [81]
[82] [83] [84] [85] [86] [87] [88] [89] [90])
(/usr/share/texmf-texlive/fonts/source/public/bbold/bblower.mf [97] [98]
[99] [100] [101] [102] [103] [104] [105] [106] [107] [108] [109] [110] [111]
[112] [113] [114] [115] [116] [117] [118] [119] [120] [121] [122])
(/usr/share/texmf-texlive/fonts/source/public/bbold/bbpunc.mf [33] [35]
[36] [37] [38] [39] [40] [41] [42] [43] [44] [45] [46] [47] [58] [59] [60]
[61] [62] [63] [64] [91] [92] [93] [94] [95] [96] [124])
(/usr/share/texmf-texlive/fonts/source/public/bbold/bbligs.mf [123] [125]
[126] [34])) )
Font metrics written on bbold8.tfm.
Output written on bbold8.600gf (128 characters, 26536 bytes).
Transcript written on bbold8.log.
mktexpk: /home/travis/.texmf-var/fonts/pk/ljfour/public/bbold/bbold8.600pk: successfully generated.
 )
(see the transcript file for additional information) </home/travis/.texmf-var/f
onts/pk/ljfour/public/bbold/bbold8.600pk>
kpathsea: Running mktexpk --mfmode / --bdpi 600 --mag 1+57/600 --dpi 657 bbold10
mktexpk: Running mf-nowin -progname=mf \mode:=ljfour; mag:=1+57/600; nonstopmode; input bbold10
This is METAFONT, Version 2.718281 (TeX Live 2009/Debian)

(/usr/share/texmf-texlive/fonts/source/public/bbold/bbold10.mf
(/usr/share/texmf-texlive/fonts/source/public/bbold/bbbase.mf)
(/usr/share/texmf-texlive/fonts/source/public/cm/cmr10.mf)
(/usr/share/texmf-texlive/fonts/source/public/bbold/bbold.mf
(/usr/share/texmf-texlive/fonts/source/public/bbold/bbparams.mf)
(/usr/share/texmf-texlive/fonts/source/public/bbold/bbgreeku.mf [0] [1]
[2] [3] [4] [5] [6] [7] [8] [9] [10])
(/usr/share/texmf-texlive/fonts/source/public/bbold/bbgreekl.mf [11] [12]
[13] [14] [15] [16] [17] [18] [19] [20] [21] [22] [23] [24] [25] [26] [27]
[28] [29] [30] [31] [32] [127])
(/usr/share/texmf-texlive/fonts/source/public/bbold/bbnum.mf [48] [49] [50]
[51] [52] [53] [54] [55] [56] [57])
(/usr/share/texmf-texlive/fonts/source/public/bbold/bbupper.mf [65] [66]
[67] [68] [69] [70] [71] [72] [73] [74] [75] [76] [77] [78] [79] [80] [81]
[82] [83] [84] [85] [86] [87] [88] [89] [90])
(/usr/share/texmf-texlive/fonts/source/public/bbold/bblower.mf [97] [98]
[99] [100] [101] [102] [103] [104] [105] [106] [107] [108] [109] [110] [111]
[112] [113] [114] [115] [116] [117] [118] [119] [120] [121] [122])
(/usr/share/texmf-texlive/fonts/source/public/bbold/bbpunc.mf [33] [35]
[36] [37] [38] [39] [40] [41] [42] [43] [44] [45] [46] [47] [58] [59] [60]
[61] [62] [63] [64] [91] [92] [93] [94] [95] [96] [124])
(/usr/share/texmf-texlive/fonts/source/public/bbold/bbligs.mf [123] [125]
[126] [34])) )
Font metrics written on bbold10.tfm.
Output written on bbold10.657gf (128 characters, 35748 bytes).
Transcript written on bbold10.log.
mktexpk: /home/travis/.texmf-var/fonts/pk/ljfour/public/bbold/bbold10.657pk: successfully generated.
 </home/travis/.texmf-var/fonts/pk/ljf
our/public/bbold/bbold10.657pk></usr/share/texmf-texlive/fonts/type1/public/ams
fonts/cm/cmbsy10.pfb></usr/share/texmf-texlive/fonts/type1/public/amsfonts/cm/c
mbx10.pfb></usr/share/texmf-texlive/fonts/type1/public/amsfonts/cm/cmbx12.pfb><
/usr/share/texmf-texlive/fonts/type1/public/amsfonts/cm/cmex10.pfb></usr/share/
texmf-texlive/fonts/type1/public/amsfonts/cm/cmmi10.pfb></usr/share/texmf-texli
ve/fonts/type1/public/amsfonts/cm/cmmi6.pfb></usr/share/texmf-texlive/fonts/typ
e1/public/amsfonts/cm/cmmi8.pfb></usr/share/texmf-texlive/fonts/type1/public/am
sfonts/cm/cmmib10.pfb></usr/share/texmf-texlive/fonts/type1/public/amsfonts/cm/
cmr10.pfb></usr/share/texmf-texlive/fonts/type1/public/amsfonts/cm/cmr6.pfb></u
sr/share/texmf-texlive/fonts/type1/public/amsfonts/cm/cmr8.pfb></usr/share/texm
f-texlive/fonts/type1/public/amsfonts/cm/cmsy10.pfb></usr/share/texmf-texlive/f
onts/type1/public/amsfonts/cm/cmsy6.pfb></usr/share/texmf-texlive/fonts/type1/p
ublic/amsfonts/cm/cmsy8.pfb></usr/share/texmf-texlive/fonts/type1/public/amsfon
ts/cm/cmti10.pfb></usr/share/texmf-texlive/fonts/type1/public/amsfonts/symbols/
msbm10.pfb>
Output written on FunkTheo2Zusammenfassung.pdf (19 pages, 298573 bytes).
Transcript written on FunkTheo2Zusammenfassung.log.
Result: ExitSuccess

Running /usr/bin/pdflatex FunkTheo2Zusammenfassung.tex in an env with 4 entries:
This is pdfTeX, Version 3.1415926-1.40.10 (TeX Live 2009/Debian)
entering extended mode
(data/FunkTheo2Zusammenfassung.tex
LaTeX2e <2009/09/24>
Babel <v3.8l> and hyphenation patterns for english, usenglishmax, dumylang, noh
yphenation, farsi, arabic, croatian, bulgarian, ukrainian, russian, czech, slov
ak, danish, dutch, finnish, french, basque, ngerman, german, german-x-2009-06-1
9, ngerman-x-2009-06-19, ibycus, monogreek, greek, ancientgreek, hungarian, san
skrit, italian, latin, latvian, lithuanian, mongolian2a, mongolian, bokmal, nyn
orsk, romanian, irish, coptic, serbian, turkish, welsh, esperanto, uppersorbian
, estonian, indonesian, interlingua, icelandic, kurmanji, slovenian, polish, po
rtuguese, spanish, galician, catalan, swedish, ukenglish, loaded.
(/usr/share/texmf-texlive/tex/latex/base/article.cls
Document Class: article 2007/10/19 v1.4h Standard LaTeX document class
(/usr/share/texmf-texlive/tex/latex/base/size11.clo)) (data/latexki.sty)
(/usr/share/texmf-texlive/tex/latex/base/fontenc.sty
(/usr/share/texmf-texlive/tex/latex/base/t1enc.def))
(/usr/share/texmf-texlive/tex/latex/base/inputenc.sty
(/usr/share/texmf-texlive/tex/latex/base/utf8.def
(/usr/share/texmf-texlive/tex/latex/base/t1enc.dfu)
(/usr/share/texmf-texlive/tex/latex/base/ot1enc.dfu)
(/usr/share/texmf-texlive/tex/latex/base/omsenc.dfu)))
(/usr/share/texmf-texlive/tex/latex/ae/ae.sty
(/usr/share/texmf-texlive/tex/latex/base/fontenc.sty
(/usr/share/texmf-texlive/tex/latex/base/t1enc.def)
(/usr/share/texmf-texlive/tex/latex/ae/t1aer.fd)))
(/usr/share/texmf-texlive/tex/generic/babel/babel.sty
(/usr/share/texmf-texlive/tex/generic/babel/english.ldf
(/usr/share/texmf-texlive/tex/generic/babel/babel.def))
(/usr/share/texmf-texlive/tex/generic/babel/ngermanb.ldf))
(/usr/share/texmf-texlive/tex/generic/epsf/epsf.sty
This is `epsf.tex' v2.7.3 <23 July 2005>
) (/usr/share/texmf-texlive/tex/latex/amsmath/amsmath.sty
For additional information on amsmath, use the `?' option.
(/usr/share/texmf-texlive/tex/latex/amsmath/amstext.sty
(/usr/share/texmf-texlive/tex/latex/amsmath/amsgen.sty))
(/usr/share/texmf-texlive/tex/latex/amsmath/amsbsy.sty)
(/usr/share/texmf-texlive/tex/latex/amsmath/amsopn.sty))
(/usr/share/texmf-texlive/tex/latex/amsfonts/amssymb.sty
(/usr/share/texmf-texlive/tex/latex/amsfonts/amsfonts.sty))
(/usr/share/texmf-texlive/tex/latex/graphics/graphicx.sty
(/usr/share/texmf-texlive/tex/latex/graphics/keyval.sty)
(/usr/share/texmf-texlive/tex/latex/graphics/graphics.sty
(/usr/share/texmf-texlive/tex/latex/graphics/trig.sty)
(/etc/texmf/tex/latex/config/graphics.cfg)
(/usr/share/texmf-texlive/tex/latex/pdftex-def/pdftex.def)))
(/usr/share/texmf-texlive/tex/latex/graphics/epsfig.sty)
(/usr/share/texmf-texlive/tex/latex/hyperref/hyperref.sty
(/usr/share/texmf-texlive/tex/generic/oberdiek/ifpdf.sty)
(/usr/share/texmf-texlive/tex/generic/oberdiek/ifvtex.sty)
(/usr/share/texmf-texlive/tex/generic/ifxetex/ifxetex.sty)
(/usr/share/texmf-texlive/tex/latex/oberdiek/hycolor.sty
(/usr/share/texmf-texlive/tex/latex/oberdiek/xcolor-patch.sty))
(/usr/share/texmf-texlive/tex/latex/hyperref/pd1enc.def)
(/usr/share/texmf-texlive/tex/generic/oberdiek/etexcmds.sty
(/usr/share/texmf-texlive/tex/generic/oberdiek/infwarerr.sty))
(/usr/share/texmf-texlive/tex/latex/latexconfig/hyperref.cfg)
(/usr/share/texmf-texlive/tex/latex/oberdiek/kvoptions.sty
(/usr/share/texmf-texlive/tex/generic/oberdiek/kvsetkeys.sty))
Implicit mode ON; LaTeX internals redefined
(/usr/share/texmf-texlive/tex/latex/ltxmisc/url.sty)
(/usr/share/texmf-texlive/tex/generic/oberdiek/bitset.sty
(/usr/share/texmf-texlive/tex/generic/oberdiek/intcalc.sty)
(/usr/share/texmf-texlive/tex/generic/oberdiek/bigintcalc.sty
(/usr/share/texmf-texlive/tex/generic/oberdiek/pdftexcmds.sty
(/usr/share/texmf-texlive/tex/generic/oberdiek/ifluatex.sty)
(/usr/share/texmf-texlive/tex/generic/oberdiek/ltxcmds.sty))))
(/usr/share/texmf-texlive/tex/generic/oberdiek/atbegshi.sty))
*hyperref using default driver hpdftex*
(/usr/share/texmf-texlive/tex/latex/hyperref/hpdftex.def)
(/usr/share/texmf-texlive/tex/latex/amscls/amsthm.sty)
(/usr/share/texmf-texlive/tex/latex/geometry/geometry.sty
(/usr/share/texmf-texlive/tex/xelatex/xetexconfig/geometry.cfg))
(/usr/share/texmf-texlive/tex/latex/bbold/bbold.sty)
(/usr/share/texmf-texlive/tex/latex/extarrows/extarrows.sty)
(./FunkTheo2Zusammenfassung.aux)
(/usr/share/texmf-texlive/tex/context/base/supp-pdf.mkii
[Loading MPS to PDF converter (version 2006.09.02).]
) (/usr/share/texmf-texlive/tex/latex/hyperref/nameref.sty
(/usr/share/texmf-texlive/tex/latex/oberdiek/refcount.sty))
(./FunkTheo2Zusammenfassung.out) (./FunkTheo2Zusammenfassung.out)
*geometry auto-detecting driver*
*geometry detected driver: pdftex*
(/usr/share/texmf-texlive/tex/latex/amsfonts/umsa.fd)
(/usr/share/texmf-texlive/tex/latex/amsfonts/umsb.fd)
(/usr/share/texmf-texlive/tex/latex/bbold/Ubbold.fd) [1{/var/lib/texmf/fonts/ma
p/pdftex/updmap/pdftex.map}] [2]
(/usr/share/texmf-texlive/tex/latex/ae/omsaer.fd) [3] [4] [5] [6] [7] [8]
[9] [10] [11] [12] [13] [14] [15] [16]
Underfull \hbox (badness 10000) in paragraph at lines 925--928

[17] [18] [19] (./FunkTheo2Zusammenfassung.aux) )
(see the transcript file for additional information) </home/travis/.texmf-var/f
onts/pk/ljfour/public/bbold/bbold8.600pk> </home/travis/.texmf-var/fonts/pk/ljf
our/public/bbold/bbold10.657pk></usr/share/texmf-texlive/fonts/type1/public/ams
fonts/cm/cmbsy10.pfb></usr/share/texmf-texlive/fonts/type1/public/amsfonts/cm/c
mbx10.pfb></usr/share/texmf-texlive/fonts/type1/public/amsfonts/cm/cmbx12.pfb><
/usr/share/texmf-texlive/fonts/type1/public/amsfonts/cm/cmex10.pfb></usr/share/
texmf-texlive/fonts/type1/public/amsfonts/cm/cmmi10.pfb></usr/share/texmf-texli
ve/fonts/type1/public/amsfonts/cm/cmmi6.pfb></usr/share/texmf-texlive/fonts/typ
e1/public/amsfonts/cm/cmmi8.pfb></usr/share/texmf-texlive/fonts/type1/public/am
sfonts/cm/cmmib10.pfb></usr/share/texmf-texlive/fonts/type1/public/amsfonts/cm/
cmr10.pfb></usr/share/texmf-texlive/fonts/type1/public/amsfonts/cm/cmr6.pfb></u
sr/share/texmf-texlive/fonts/type1/public/amsfonts/cm/cmr8.pfb></usr/share/texm
f-texlive/fonts/type1/public/amsfonts/cm/cmsy10.pfb></usr/share/texmf-texlive/f
onts/type1/public/amsfonts/cm/cmsy6.pfb></usr/share/texmf-texlive/fonts/type1/p
ublic/amsfonts/cm/cmsy8.pfb></usr/share/texmf-texlive/fonts/type1/public/amsfon
ts/cm/cmti10.pfb></usr/share/texmf-texlive/fonts/type1/public/amsfonts/symbols/
msbm10.pfb>
Output written on FunkTheo2Zusammenfassung.pdf (19 pages, 298573 bytes).
Transcript written on FunkTheo2Zusammenfassung.log.
Result: ExitSuccess

Running /usr/bin/pdflatex FunkTheo2Zusammenfassung.tex in an env with 4 entries:
This is pdfTeX, Version 3.1415926-1.40.10 (TeX Live 2009/Debian)
entering extended mode
(data/FunkTheo2Zusammenfassung.tex
LaTeX2e <2009/09/24>
Babel <v3.8l> and hyphenation patterns for english, usenglishmax, dumylang, noh
yphenation, farsi, arabic, croatian, bulgarian, ukrainian, russian, czech, slov
ak, danish, dutch, finnish, french, basque, ngerman, german, german-x-2009-06-1
9, ngerman-x-2009-06-19, ibycus, monogreek, greek, ancientgreek, hungarian, san
skrit, italian, latin, latvian, lithuanian, mongolian2a, mongolian, bokmal, nyn
orsk, romanian, irish, coptic, serbian, turkish, welsh, esperanto, uppersorbian
, estonian, indonesian, interlingua, icelandic, kurmanji, slovenian, polish, po
rtuguese, spanish, galician, catalan, swedish, ukenglish, loaded.
(/usr/share/texmf-texlive/tex/latex/base/article.cls
Document Class: article 2007/10/19 v1.4h Standard LaTeX document class
(/usr/share/texmf-texlive/tex/latex/base/size11.clo)) (data/latexki.sty)
(/usr/share/texmf-texlive/tex/latex/base/fontenc.sty
(/usr/share/texmf-texlive/tex/latex/base/t1enc.def))
(/usr/share/texmf-texlive/tex/latex/base/inputenc.sty
(/usr/share/texmf-texlive/tex/latex/base/utf8.def
(/usr/share/texmf-texlive/tex/latex/base/t1enc.dfu)
(/usr/share/texmf-texlive/tex/latex/base/ot1enc.dfu)
(/usr/share/texmf-texlive/tex/latex/base/omsenc.dfu)))
(/usr/share/texmf-texlive/tex/latex/ae/ae.sty
(/usr/share/texmf-texlive/tex/latex/base/fontenc.sty
(/usr/share/texmf-texlive/tex/latex/base/t1enc.def)
(/usr/share/texmf-texlive/tex/latex/ae/t1aer.fd)))
(/usr/share/texmf-texlive/tex/generic/babel/babel.sty
(/usr/share/texmf-texlive/tex/generic/babel/english.ldf
(/usr/share/texmf-texlive/tex/generic/babel/babel.def))
(/usr/share/texmf-texlive/tex/generic/babel/ngermanb.ldf))
(/usr/share/texmf-texlive/tex/generic/epsf/epsf.sty
This is `epsf.tex' v2.7.3 <23 July 2005>
) (/usr/share/texmf-texlive/tex/latex/amsmath/amsmath.sty
For additional information on amsmath, use the `?' option.
(/usr/share/texmf-texlive/tex/latex/amsmath/amstext.sty
(/usr/share/texmf-texlive/tex/latex/amsmath/amsgen.sty))
(/usr/share/texmf-texlive/tex/latex/amsmath/amsbsy.sty)
(/usr/share/texmf-texlive/tex/latex/amsmath/amsopn.sty))
(/usr/share/texmf-texlive/tex/latex/amsfonts/amssymb.sty
(/usr/share/texmf-texlive/tex/latex/amsfonts/amsfonts.sty))
(/usr/share/texmf-texlive/tex/latex/graphics/graphicx.sty
(/usr/share/texmf-texlive/tex/latex/graphics/keyval.sty)
(/usr/share/texmf-texlive/tex/latex/graphics/graphics.sty
(/usr/share/texmf-texlive/tex/latex/graphics/trig.sty)
(/etc/texmf/tex/latex/config/graphics.cfg)
(/usr/share/texmf-texlive/tex/latex/pdftex-def/pdftex.def)))
(/usr/share/texmf-texlive/tex/latex/graphics/epsfig.sty)
(/usr/share/texmf-texlive/tex/latex/hyperref/hyperref.sty
(/usr/share/texmf-texlive/tex/generic/oberdiek/ifpdf.sty)
(/usr/share/texmf-texlive/tex/generic/oberdiek/ifvtex.sty)
(/usr/share/texmf-texlive/tex/generic/ifxetex/ifxetex.sty)
(/usr/share/texmf-texlive/tex/latex/oberdiek/hycolor.sty
(/usr/share/texmf-texlive/tex/latex/oberdiek/xcolor-patch.sty))
(/usr/share/texmf-texlive/tex/latex/hyperref/pd1enc.def)
(/usr/share/texmf-texlive/tex/generic/oberdiek/etexcmds.sty
(/usr/share/texmf-texlive/tex/generic/oberdiek/infwarerr.sty))
(/usr/share/texmf-texlive/tex/latex/latexconfig/hyperref.cfg)
(/usr/share/texmf-texlive/tex/latex/oberdiek/kvoptions.sty
(/usr/share/texmf-texlive/tex/generic/oberdiek/kvsetkeys.sty))
Implicit mode ON; LaTeX internals redefined
(/usr/share/texmf-texlive/tex/latex/ltxmisc/url.sty)
(/usr/share/texmf-texlive/tex/generic/oberdiek/bitset.sty
(/usr/share/texmf-texlive/tex/generic/oberdiek/intcalc.sty)
(/usr/share/texmf-texlive/tex/generic/oberdiek/bigintcalc.sty
(/usr/share/texmf-texlive/tex/generic/oberdiek/pdftexcmds.sty
(/usr/share/texmf-texlive/tex/generic/oberdiek/ifluatex.sty)
(/usr/share/texmf-texlive/tex/generic/oberdiek/ltxcmds.sty))))
(/usr/share/texmf-texlive/tex/generic/oberdiek/atbegshi.sty))
*hyperref using default driver hpdftex*
(/usr/share/texmf-texlive/tex/latex/hyperref/hpdftex.def)
(/usr/share/texmf-texlive/tex/latex/amscls/amsthm.sty)
(/usr/share/texmf-texlive/tex/latex/geometry/geometry.sty
(/usr/share/texmf-texlive/tex/xelatex/xetexconfig/geometry.cfg))
(/usr/share/texmf-texlive/tex/latex/bbold/bbold.sty)
(/usr/share/texmf-texlive/tex/latex/extarrows/extarrows.sty)
(./FunkTheo2Zusammenfassung.aux)
(/usr/share/texmf-texlive/tex/context/base/supp-pdf.mkii
[Loading MPS to PDF converter (version 2006.09.02).]
) (/usr/share/texmf-texlive/tex/latex/hyperref/nameref.sty
(/usr/share/texmf-texlive/tex/latex/oberdiek/refcount.sty))
(./FunkTheo2Zusammenfassung.out) (./FunkTheo2Zusammenfassung.out)
*geometry auto-detecting driver*
*geometry detected driver: pdftex*
(/usr/share/texmf-texlive/tex/latex/amsfonts/umsa.fd)
(/usr/share/texmf-texlive/tex/latex/amsfonts/umsb.fd)
(/usr/share/texmf-texlive/tex/latex/bbold/Ubbold.fd) [1{/var/lib/texmf/fonts/ma
p/pdftex/updmap/pdftex.map}] [2]
(/usr/share/texmf-texlive/tex/latex/ae/omsaer.fd) [3] [4] [5] [6] [7] [8]
[9] [10] [11] [12] [13] [14] [15] [16]
Underfull \hbox (badness 10000) in paragraph at lines 925--928

[17] [18] [19] (./FunkTheo2Zusammenfassung.aux) )
(see the transcript file for additional information) </home/travis/.texmf-var/f
onts/pk/ljfour/public/bbold/bbold8.600pk> </home/travis/.texmf-var/fonts/pk/ljf
our/public/bbold/bbold10.657pk></usr/share/texmf-texlive/fonts/type1/public/ams
fonts/cm/cmbsy10.pfb></usr/share/texmf-texlive/fonts/type1/public/amsfonts/cm/c
mbx10.pfb></usr/share/texmf-texlive/fonts/type1/public/amsfonts/cm/cmbx12.pfb><
/usr/share/texmf-texlive/fonts/type1/public/amsfonts/cm/cmex10.pfb></usr/share/
texmf-texlive/fonts/type1/public/amsfonts/cm/cmmi10.pfb></usr/share/texmf-texli
ve/fonts/type1/public/amsfonts/cm/cmmi6.pfb></usr/share/texmf-texlive/fonts/typ
e1/public/amsfonts/cm/cmmi8.pfb></usr/share/texmf-texlive/fonts/type1/public/am
sfonts/cm/cmmib10.pfb></usr/share/texmf-texlive/fonts/type1/public/amsfonts/cm/
cmr10.pfb></usr/share/texmf-texlive/fonts/type1/public/amsfonts/cm/cmr6.pfb></u
sr/share/texmf-texlive/fonts/type1/public/amsfonts/cm/cmr8.pfb></usr/share/texm
f-texlive/fonts/type1/public/amsfonts/cm/cmsy10.pfb></usr/share/texmf-texlive/f
onts/type1/public/amsfonts/cm/cmsy6.pfb></usr/share/texmf-texlive/fonts/type1/p
ublic/amsfonts/cm/cmsy8.pfb></usr/share/texmf-texlive/fonts/type1/public/amsfon
ts/cm/cmti10.pfb></usr/share/texmf-texlive/fonts/type1/public/amsfonts/symbols/
msbm10.pfb>
Output written on FunkTheo2Zusammenfassung.pdf (19 pages, 298573 bytes).
Transcript written on FunkTheo2Zusammenfassung.log.
Result: ExitSuccess

Running /usr/bin/convert -verbose FunkTheo2Zusammenfassung.pdf[0] -resize 70x FunkTheo2Zusammenfassung.png in an env with 4 entries:
"gs" -q -dQUIET -dSAFER -dBATCH -dNOPAUSE -dNOPROMPT -dMaxBitmap=500000000 -dAlignToPixels=0 -dGridFitTT=2 "-sDEVICE=pngalpha" -dTextAlphaBits=4 -dGraphicsAlphaBits=4 "-r72x72" -dFirstPage=1 -dLastPage=1 "-sOutputFile=/tmp/magick-v0w9S6W4-%08d" "-f/tmp/magick-G2uT4oMA" "-f/tmp/magick-YkQ29LB6"
/tmp/magick-v0w9S6W4-00000001 PNG 595x842 595x842+0+0 8-bit DirectClass 29.5KB 0.010u 0:00.009
FunkTheo2Zusammenfassung.pdf[0]=>FunkTheo2Zusammenfassung.pdf PDF 595x842 595x842+0+0 16-bit DirectClass 29.5KB 0.000u 0:00.000
FunkTheo2Zusammenfassung.pdf[0]=>FunkTheo2Zusammenfassung.png PDF 595x842=>70x99 70x99+0+0 16-bit DirectClass 4.1KB 0.310u 0:00.089
Result: ExitSuccess

Running /usr/bin/optipng -verbose FunkTheo2Zusammenfassung.png in an env with 4 entries:
OptiPNG 0.6.4: Advanced PNG optimizer.
Copyright (C) 2001-2010 Cosmin Truta.

** Processing: FunkTheo2Zusammenfassung.png
70x99 pixels, 2x8 bits/pixel, grayscale+alpha
Reducing image to 8 bits/pixel, 69 colors (68 transparent) in palette
Input IDAT size = 1585 bytes
Input file size = 4215 bytes

Trying:
  zc = 9  zm = 8  zs = 0  f = 0		IDAT size = 1195
  zc = 9  zm = 8  zs = 1  f = 0		IDAT too big
  zc = 1  zm = 8  zs = 2  f = 0		IDAT too big
  zc = 9  zm = 8  zs = 3  f = 0		IDAT size = 1190
  zc = 9  zm = 8  zs = 0  f = 5		IDAT too big
  zc = 9  zm = 8  zs = 1  f = 5		IDAT size = 1168
  zc = 1  zm = 8  zs = 2  f = 5		IDAT too big
  zc = 9  zm = 8  zs = 3  f = 5		IDAT too big

Selecting parameters:
  zc = 9  zm = 8  zs = 1  f = 5		IDAT size = 1168

Output IDAT size = 1168 bytes (417 bytes decrease)
Output file size = 4096 bytes (119 bytes = 2.82% decrease)

** Status report
1 file(s) have been processed.
Result: ExitSuccess
