
Running /usr/bin/pdflatex GeoMasT.tex in an env with 4 entries:
This is pdfTeX, Version 3.1415926-1.40.10 (TeX Live 2009/Debian)
entering extended mode
(data/GeoMasT.tex
LaTeX2e <2009/09/24>
Babel <v3.8l> and hyphenation patterns for english, usenglishmax, dumylang, noh
yphenation, farsi, arabic, croatian, bulgarian, ukrainian, russian, czech, slov
ak, danish, dutch, finnish, french, basque, ngerman, german, german-x-2009-06-1
9, ngerman-x-2009-06-19, ibycus, monogreek, greek, ancientgreek, hungarian, san
skrit, italian, latin, latvian, lithuanian, mongolian2a, mongolian, bokmal, nyn
orsk, romanian, irish, coptic, serbian, turkish, welsh, esperanto, uppersorbian
, estonian, indonesian, interlingua, icelandic, kurmanji, slovenian, polish, po
rtuguese, spanish, galician, catalan, swedish, ukenglish, loaded.
(/usr/share/texmf-texlive/tex/latex/koma-script/scrbook.cls
Document Class: scrbook 2009/07/24 v3.04a KOMA-Script document class (book)
(/usr/share/texmf-texlive/tex/latex/koma-script/scrkbase.sty
(/usr/share/texmf-texlive/tex/latex/koma-script/scrbase.sty
(/usr/share/texmf-texlive/tex/latex/graphics/keyval.sty)
(/usr/share/texmf-texlive/tex/latex/koma-script/scrlfile.sty
Package scrlfile, 2009/03/25 v3.03 KOMA-Script package (loading files)
                  Copyright (C) Markus Kohm

))) (/usr/share/texmf-texlive/tex/latex/koma-script/tocbasic.sty)
(/usr/share/texmf-texlive/tex/latex/koma-script/scrsize11pt.clo)
(/usr/share/texmf-texlive/tex/latex/koma-script/typearea.sty
Package typearea, 2009/07/24 v3.04a KOMA-Script package (type area)
                  Copyright (C) Frank Neukam, 1992-1994
                  Copyright (C) Markus Kohm, 1994-

)) (data/mathe.sty (data/latexki.sty)
(/usr/share/texmf-texlive/tex/latex/base/inputenc.sty
(/usr/share/texmf-texlive/tex/latex/base/utf8.def
(/usr/share/texmf-texlive/tex/latex/base/t1enc.dfu)
(/usr/share/texmf-texlive/tex/latex/base/ot1enc.dfu)
(/usr/share/texmf-texlive/tex/latex/base/omsenc.dfu)))
(/usr/share/texmf-texlive/tex/generic/babel/babel.sty
(/usr/share/texmf-texlive/tex/generic/babel/ngermanb.ldf
(/usr/share/texmf-texlive/tex/generic/babel/babel.def)))
(/usr/share/texmf-texlive/tex/latex/base/fontenc.sty
(/usr/share/texmf-texlive/tex/latex/base/t1enc.def))
(/usr/share/texmf-texlive/tex/latex/amsfonts/amsfonts.sty)
(/usr/share/texmf-texlive/tex/latex/amsfonts/amssymb.sty)
(/usr/share/texmf-texlive/tex/latex/amsmath/amsmath.sty
For additional information on amsmath, use the `?' option.
(/usr/share/texmf-texlive/tex/latex/amsmath/amstext.sty
(/usr/share/texmf-texlive/tex/latex/amsmath/amsgen.sty))
(/usr/share/texmf-texlive/tex/latex/amsmath/amsbsy.sty)
(/usr/share/texmf-texlive/tex/latex/amsmath/amsopn.sty))
(/usr/share/texmf-texlive/tex/latex/stmaryrd/stmaryrd.sty)
(/usr/share/texmf-texlive/tex/latex/tools/verbatim.sty)
(/usr/share/texmf-texlive/tex/latex/base/ifthen.sty)
(/usr/share/texmf-texlive/tex/latex/ntheorem/ntheorem.sty
Style `ntheorem', Version 1.25 <2005/07/07>
) (/usr/share/texmf-texlive/tex/latex/ltxmisc/framed.sty)
(/usr/share/texmf-texlive/tex/latex/pstricks/pstricks.sty
(/usr/share/texmf-texlive/tex/generic/pstricks/pstricks.tex
`PSTricks' v1.29  <2009/05/19> (tvz)
(/usr/share/texmf-texlive/tex/generic/pstricks/pstricks.con))
(/usr/share/texmf/tex/latex/xcolor/xcolor.sty
(/etc/texmf/tex/latex/config/color.cfg)
(/usr/share/texmf-texlive/tex/latex/pdftex-def/pdftex.def)))
(/usr/share/texmf-texlive/tex/latex/carlisle/slashed.sty)
(/usr/share/texmf-texlive/tex/latex/base/makeidx.sty)
(/usr/share/texmf-texlive/tex/latex/wasysym/wasysym.sty)
(/usr/share/texmf-texlive/tex/latex/jknapltx/mathrsfs.sty)
(/usr/share/texmf-texlive/tex/latex/mh/mathtools.sty
(/usr/share/texmf-texlive/tex/latex/tools/calc.sty)
(/usr/share/texmf-texlive/tex/latex/mh/mhsetup.sty))
(/usr/share/texmf-texlive/tex/latex/doublestroke/dsfont.sty)
(/usr/share/texmf-texlive/tex/latex/hyperref/hyperref.sty
(/usr/share/texmf-texlive/tex/generic/oberdiek/ifpdf.sty)
(/usr/share/texmf-texlive/tex/generic/oberdiek/ifvtex.sty)
(/usr/share/texmf-texlive/tex/generic/ifxetex/ifxetex.sty)
(/usr/share/texmf-texlive/tex/latex/oberdiek/hycolor.sty
(/usr/share/texmf-texlive/tex/latex/oberdiek/xcolor-patch.sty))
(/usr/share/texmf-texlive/tex/latex/hyperref/pd1enc.def)
(/usr/share/texmf-texlive/tex/generic/oberdiek/etexcmds.sty
(/usr/share/texmf-texlive/tex/generic/oberdiek/infwarerr.sty))
(/usr/share/texmf-texlive/tex/latex/latexconfig/hyperref.cfg)
(/usr/share/texmf-texlive/tex/latex/oberdiek/kvoptions.sty
(/usr/share/texmf-texlive/tex/generic/oberdiek/kvsetkeys.sty))
Implicit mode ON; LaTeX internals redefined
(/usr/share/texmf-texlive/tex/latex/ltxmisc/url.sty)
(/usr/share/texmf-texlive/tex/generic/oberdiek/bitset.sty
(/usr/share/texmf-texlive/tex/generic/oberdiek/intcalc.sty)
(/usr/share/texmf-texlive/tex/generic/oberdiek/bigintcalc.sty
(/usr/share/texmf-texlive/tex/generic/oberdiek/pdftexcmds.sty
(/usr/share/texmf-texlive/tex/generic/oberdiek/ifluatex.sty)
(/usr/share/texmf-texlive/tex/generic/oberdiek/ltxcmds.sty))))
(/usr/share/texmf-texlive/tex/generic/oberdiek/atbegshi.sty))
*hyperref using default driver hpdftex*
(/usr/share/texmf-texlive/tex/latex/hyperref/hpdftex.def)
(/usr/share/texmf-texlive/tex/latex/etex-pkg/etex.sty)) (data/saetze-hug.sty)
(/usr/share/texmf-texlive/tex/latex/tools/enumerate.sty)
(/usr/share/texmf-texlive/tex/latex/ltxmisc/cancel.sty)
(/usr/share/texmf-texlive/tex/latex/graphics/graphicx.sty
(/usr/share/texmf-texlive/tex/latex/graphics/graphics.sty
(/usr/share/texmf-texlive/tex/latex/graphics/trig.sty)
(/etc/texmf/tex/latex/config/graphics.cfg)))
Writing index file GeoMasT.idx
No file GeoMasT.aux.
(/usr/share/texmf-texlive/tex/context/base/supp-pdf.mkii
[Loading MPS to PDF converter (version 2006.09.02).]
) (/usr/share/texmf-texlive/tex/latex/hyperref/nameref.sty
(/usr/share/texmf-texlive/tex/latex/oberdiek/refcount.sty))
(/usr/share/texmf-texlive/tex/latex/base/t1cmss.fd)
(/usr/share/texmf-texlive/tex/latex/amsfonts/umsa.fd)
(/usr/share/texmf-texlive/tex/latex/amsfonts/umsb.fd)
(/usr/share/texmf-texlive/tex/latex/stmaryrd/Ustmry.fd)
(/usr/share/texmf-texlive/tex/latex/wasysym/uwasy.fd)
(/usr/share/texmf-texlive/tex/latex/jknapltx/ursfs.fd)
(/usr/share/texmf-texlive/tex/latex/base/t1cmtt.fd) [1
Non-PDF special ignored!
Non-PDF special ignored!
Non-PDF special ignored!{/var/lib/texmf/fonts/map/pdftex/updmap/pdftex.map}]
[2] [3] [4] [5] [6]
Kapitel 1.
(/usr/share/texmf-texlive/tex/latex/base/omscmr.fd) [7] [8] [9] [10] [11]
[12] [13] [14] (/usr/share/texmf-texlive/tex/latex/amsfonts/ueuf.fd) [15]
Underfull \vbox (badness 10000) has occurred while \output is active [16]
(/usr/share/texmf-texlive/tex/latex/doublestroke/Udsrom.fd) [17] [18]

LaTeX Warning: Reference `lem1.10' on page 19 undefined on input line 657.

[19]
Overfull \hbox (12.21979pt too wide) in paragraph at lines 698--699
[]\T1/cmr/m/n/10.95 Ist $\OML/cmm/m/it/10.95 h$ \T1/cmr/m/n/10.95 ei-ne $\OML/c
mm/m/it/10.95 ^^V$\T1/cmr/m/n/10.95 -Treppenfunktion, so ist $\OML/cmm/m/it/10.
95 h$ \T1/cmr/m/n/10.95 ei-ne $\OML/cmm/m/it/10.95 ^^V$\T1/cmr/m/n/10.95 -Oberf
unktion und ei-ne $\OML/cmm/m/it/10.95 ^^V$\T1/cmr/m/n/10.95 -Unterfunktion
[20] [21] [22]

LaTeX Warning: Reference `lem1.11' on page 23 undefined on input line 827.


LaTeX Warning: Reference `satz1.13' on page 23 undefined on input line 829.


LaTeX Warning: Reference `satz1.13' on page 23 undefined on input line 829.


LaTeX Warning: Reference `satz1.12' on page 23 undefined on input line 849.

[23]

LaTeX Warning: Reference `satz1.15' on page 24 undefined on input line 898.


LaTeX Warning: Reference `satz1.15' on page 24 undefined on input line 898.

[24]

LaTeX Warning: Reference `satz1.15' on page 25 undefined on input line 914.

[25]

LaTeX Warning: Reference `lem1.18' on page 26 undefined on input line 959.


LaTeX Warning: Reference `satz1.16' on page 26 undefined on input line 974.


Underfull \vbox (badness 10000) has occurred while \output is active [26]
Underfull \vbox (badness 1331) has occurred while \output is active [27]
[28] [29] [30] [31] [32]
Kapitel 2.
[33]

LaTeX Warning: Reference `satz:1.8' on page 34 undefined on input line 1231.

[34]

LaTeX Warning: Reference `satz:2.3' on page 35 undefined on input line 1248.


LaTeX Warning: Reference `satz:2.3' on page 35 undefined on input line 1261.

[35] [36] [37]

LaTeX Warning: Reference `satz:2.5' on page 38 undefined on input line 1385.

[38]

LaTeX Warning: Reference `satz:2.6' on page 39 undefined on input line 1424.


LaTeX Warning: Reference `satz:2.6' on page 39 undefined on input line 1430.

[39]

LaTeX Warning: Reference `satz:2.6' on page 40 undefined on input line 1450.


LaTeX Warning: Reference `satz:2.6' on page 40 undefined on input line 1450.


LaTeX Warning: Reference `satz:2.6' on page 40 undefined on input line 1450.


LaTeX Warning: Reference `satz:2.6' on page 40 undefined on input line 1466.


Overfull \hbox (1.97119pt too wide) in paragraph at lines 1470--1471
[]\T1/cmr/m/n/10.95 Die Be-din-gung (2) ist ins-be-son-de-re dann er-füllt, wen
n $[]\OMS/cmsy/m/n/10.95 f[]\OT1/cmr/m/n/10.95 (\U/msb/m/n/10.95 B\OT1/cmr/m/n/
10.95 (\OML/cmm/m/it/10.95 s; x\OT1/cmr/m/n/10.95 )) :

LaTeX Warning: Reference `satz:2.8' on page 40 undefined on input line 1472.

[40]

LaTeX Warning: Reference `satz:2.8' on page 41 undefined on input line 1513.

[41] [42] [43] [44]

LaTeX Warning: Reference `prop1.3' on page 45 undefined on input line 1663.

[45]

LaTeX Warning: Reference `satz:2.10' on page 46 undefined on input line 1732.


LaTeX Warning: Reference `satz:2.2' on page 46 undefined on input line 1733.

[46]

LaTeX Warning: Reference `lem2.11' on page 47 undefined on input line 1758.


LaTeX Warning: Reference `lem2.11' on page 47 undefined on input line 1776.


LaTeX Warning: Reference `lem2.11' on page 47 undefined on input line 1780.

[47]

LaTeX Warning: Reference `kor:2.12' on page 48 undefined on input line 1835.

[48]

LaTeX Warning: Reference `satz:1.8' on page 49 undefined on input line 1865.


LaTeX Warning: Reference `satz:2.10' on page 49 undefined on input line 1878.


LaTeX Warning: Reference `lem2.13' on page 49 undefined on input line 1880.

[49]

LaTeX Warning: Reference `kor:2.12' on page 50 undefined on input line 1885.

[50]

LaTeX Warning: Reference `satz:1.4' on page 51 undefined on input line 1949.


LaTeX Warning: Reference `satz:2.2' on page 51 undefined on input line 1949.


LaTeX Warning: Reference `satz:2.15' on page 51 undefined on input line 1955.

[51]

LaTeX Warning: Reference `satz:2.17' on page 52 undefined on input line 2002.

[52] [53]

LaTeX Warning: Reference `satz:2.4' on page 54 undefined on input line 2072.

[54] [55] [56] [57]

LaTeX Warning: Reference `lem:2.23' on page 58 undefined on input line 2267.

[58]

LaTeX Warning: Reference `lem:2.23' on page 59 undefined on input line 2289.


LaTeX Warning: Reference `lem:2.23' on page 59 undefined on input line 2289.

[59]

LaTeX Warning: Reference `satz:2.25' on page 60 undefined on input line 2325.

[60] [61] [62]

LaTeX Warning: Reference `satz:2.2' on page 63 undefined on input line 2442.


LaTeX Warning: Reference `prop1.3' on page 63 undefined on input line 2443.


LaTeX Warning: Reference `satz:2.26' on page 63 undefined on input line 2455.

[63]

LaTeX Warning: Reference `lowb' on page 64 undefined on input line 2512.


LaTeX Warning: Reference `satz:2.2' on page 64 undefined on input line 2526.


LaTeX Warning: Reference `kor:2.9' on page 64 undefined on input line 2528.


LaTeX Warning: Reference `lem:2.28' on page 64 undefined on input line 2528.

[64]

LaTeX Warning: Reference `satz:2.27' on page 65 undefined on input line 2540.

[65] [66]
Kapitel 3.
[67] [68] [69] [70] [71] [72] [73] [74] [75]
Underfull \vbox (badness 1028) has occurred while \output is active [76]
[77] [78] [79]

Package amsmath Warning: Foreign command \atop;
(amsmath)                \frac or \genfrac should be used instead
(amsmath)                 on input line 3209.

[80]

LaTeX Warning: Reference `prop:3.5' on page 81 undefined on input line 3223.


LaTeX Warning: Reference `prop:3.5' on page 81 undefined on input line 3228.


LaTeX Warning: Reference `lem:3.7' on page 81 undefined on input line 3230.


LaTeX Warning: Reference `lem:3.7' on page 81 undefined on input line 3230.

[81] [82] [83]
Underfull \vbox (badness 1596) has occurred while \output is active [84]

LaTeX Warning: Reference `lem:3.10' on page 85 undefined on input line 3400.

[85] [86]

LaTeX Warning: Reference `lem:3.7' on page 87 undefined on input line 3483.

[87]

LaTeX Warning: Reference `lem:3.14' on page 88 undefined on input line 3529.

[88] [89]

LaTeX Warning: Reference `satz:3.16' on page 90 undefined on input line 3597.


LaTeX Warning: Reference `lem:3.10' on page 90 undefined on input line 3598.


LaTeX Warning: Reference `lem:3.15' on page 90 undefined on input line 3600.

[90]

LaTeX Warning: Reference `lem:3.10' on page 91 undefined on input line 3669.

[91] [92] [93] [94] [95]

LaTeX Warning: Reference `lem:3.21' on page 96 undefined on input line 3886.


Overfull \hbox (39.44067pt too wide) in paragraph at lines 3886--3887
\U/rsfs/m/n/10.95 H[]$\T1/cmr/m/n/10.95 -messbar und $\OML/cmm/m/it/10.95 M[] \
OMS/cmsy/m/n/10.95 ^^Z \OML/cmm/m/it/10.95 N[]$\T1/cmr/m/n/10.95 , ge-schrie-be
n wer-den, wo-bei $\OML/cmm/m/it/10.95 N[]$ \T1/cmr/m/n/10.95 ei-ne $\OML/cmm/m
/it/10.95 n$\T1/cmr/m/n/10.95 -dimensionale $\OML/cmm/m/it/10.95 C[]$\T1/cmr/m/
n/10.95 -Untermannigfaltigkeit
[96] [97] [98]

LaTeX Warning: Reference `lem:3.21' on page 99 undefined on input line 3982.

[99] [100] [101] [102]
Kapitel 4.
[103] [104] [105] [106]
Underfull \vbox (badness 10000) has occurred while \output is active [107]

LaTeX Warning: Reference `lem:4.2' on page 108 undefined on input line 4344.

[108] [109] [110] [111] [112] [113] [114]

LaTeX Warning: Reference `lem:4.9' on page 115 undefined on input line 4702.

[115]

LaTeX Warning: Reference `lem:4.9' on page 116 undefined on input line 4738.

[116] [117] [118]
Underfull \vbox (badness 5359) has occurred while \output is active [119]
[120] [121] [122] [123] [124] [125] [126]

LaTeX Warning: Reference `satz:4.17' on page 127 undefined on input line 5258.

[127] [128] [129] [130]
Underfull \vbox (badness 1024) has occurred while \output is active [131]
[132]
Kapitel 5.

Underfull \hbox (badness 10000) in paragraph at lines 5531--5534


Underfull \hbox (badness 10000) in paragraph at lines 5535--5538


Underfull \hbox (badness 10000) in paragraph at lines 5567--5569

[133]
Underfull \hbox (badness 10000) in paragraph at lines 5580--5583


Underfull \hbox (badness 10000) in paragraph at lines 5584--5586


Underfull \hbox (badness 10000) in paragraph at lines 5593--5599


Underfull \hbox (badness 10000) in paragraph at lines 5600--5602


Underfull \hbox (badness 10000) in paragraph at lines 5619--5621

[134]
Underfull \hbox (badness 10000) in paragraph at lines 5635--5636


Underfull \hbox (badness 10000) in paragraph at lines 5668--5670


Underfull \hbox (badness 10000) in paragraph at lines 5685--5687


Underfull \hbox (badness 10000) in paragraph at lines 5689--5691

[135]
Underfull \hbox (badness 10000) in paragraph at lines 5711--5713

[136]
Underfull \hbox (badness 10000) in paragraph at lines 5767--5769


Underfull \hbox (badness 10000) in paragraph at lines 5780--5783


Underfull \vbox (badness 1132) has occurred while \output is active [137]

LaTeX Warning: Reference `Lemma3.3.4' on page 138 undefined on input line 5803.



Underfull \hbox (badness 10000) in paragraph at lines 5802--5805


Underfull \hbox (badness 10000) in paragraph at lines 5823--5825


Underfull \hbox (badness 10000) in paragraph at lines 5843--5845

[138]

Package amsmath Warning: Foreign command \atopwithdelims;
(amsmath)                \frac or \genfrac should be used instead
(amsmath)                 on input line 5859.


LaTeX Warning: Reference `Satz3.3.3' on page 139 undefined on input line 5901.

[139]
Underfull \hbox (badness 10000) in paragraph at lines 5936--5938


LaTeX Warning: Reference `Satz3.3.6' on page 140 undefined on input line 5942.

[140]
Underfull \hbox (badness 10000) in paragraph at lines 5965--5967

[141]

LaTeX Warning: Reference `Satz3.3.6' on page 142 undefined on input line 6038.


Underfull \hbox (badness 10000) in paragraph at lines 6055--6058


LaTeX Warning: Reference `3.4.1' on page 142 undefined on input line 6062.

[142]
Underfull \hbox (badness 10000) in paragraph at lines 6087--6089


Underfull \hbox (badness 10000) in paragraph at lines 6092--6094

[143]

LaTeX Warning: Reference `Satz3.3.3' on page 144 undefined on input line 6122.


Underfull \hbox (badness 10000) in paragraph at lines 6121--6123


Underfull \hbox (badness 10000) in paragraph at lines 6132--6134


LaTeX Warning: Reference `3.4.3' on page 144 undefined on input line 6146.


LaTeX Warning: Reference `3.4.2' on page 144 undefined on input line 6146.

[144]

LaTeX Warning: Reference `Satz3.3.7' on page 145 undefined on input line 6177.


Underfull \hbox (badness 10000) in paragraph at lines 6192--6194

[145]
Underfull \hbox (badness 10000) in paragraph at lines 6243--6245


Underfull \hbox (badness 10000) in paragraph at lines 6256--6258


LaTeX Warning: Reference `3.4.4' on page 146 undefined on input line 6266.

[146] [147]
Underfull \hbox (badness 10000) in paragraph at lines 6345--6347


Underfull \hbox (badness 10000) in paragraph at lines 6374--6376


Underfull \hbox (badness 10000) in paragraph at lines 6377--6381


Underfull \hbox (badness 10000) in paragraph at lines 6382--6390


Underfull \hbox (badness 10000) in paragraph at lines 6392--6398

[148]
Underfull \hbox (badness 10000) in paragraph at lines 6399--6403


Underfull \hbox (badness 10000) in paragraph at lines 6404--6409


Underfull \hbox (badness 10000) in paragraph at lines 6434--6437

[149]

LaTeX Warning: Reference `3.4.5' on page 150 undefined on input line 6482.


Underfull \hbox (badness 10000) in paragraph at lines 6481--6483


Underfull \hbox (badness 10000) in paragraph at lines 6484--6488

[150]
Underfull \hbox (badness 10000) in paragraph at lines 6509--6511


Underfull \hbox (badness 10000) in paragraph at lines 6553--6555


Underfull \hbox (badness 10000) in paragraph at lines 6564--6571

[151] [152]
Underfull \hbox (badness 10000) in paragraph at lines 6659--6661

[153]
Underfull \hbox (badness 10000) in paragraph at lines 6695--6697

[154]
Underfull \hbox (badness 10000) in paragraph at lines 6759--6762

[155]
Underfull \hbox (badness 10000) in paragraph at lines 6804--6805

[156]
Underfull \hbox (badness 10000) in paragraph at lines 6863--6866

[157]

LaTeX Warning: Reference `3.4.5a' on page 158 undefined on input line 6931.


LaTeX Warning: Reference `3.4.6a' on page 158 undefined on input line 6931.


Underfull \hbox (badness 10000) in paragraph at lines 6929--6933


LaTeX Warning: Reference `3.4.6a' on page 158 undefined on input line 6937.


Underfull \hbox (badness 10000) in paragraph at lines 6962--6964

[158] [159]
Underfull \hbox (badness 10000) in paragraph at lines 7033--7039

[160] [161]
Underfull \hbox (badness 10000) in paragraph at lines 7193--7200


Underfull \hbox (badness 10000) in paragraph at lines 7201--7206


Underfull \hbox (badness 10000) in paragraph at lines 7207--7216

[162]
Underfull \hbox (badness 10000) in paragraph at lines 7259--7263


Underfull \hbox (badness 10000) in paragraph at lines 7264--7266


LaTeX Warning: Reference `Satz3.6.2' on page 163 undefined on input line 7270.

[163]
Underfull \hbox (badness 10000) in paragraph at lines 7307--7310


Underfull \hbox (badness 10000) in paragraph at lines 7328--7335

[164]
Underfull \hbox (badness 10000) in paragraph at lines 7348--7350


LaTeX Warning: Reference `Satz3.6.4' on page 165 undefined on input line 7355.


Underfull \hbox (badness 10000) in paragraph at lines 7385--7389


LaTeX Warning: Reference `Satz3.6.4' on page 165 undefined on input line 7402.

[165]
Underfull \hbox (badness 10000) in paragraph at lines 7419--7423


Underfull \hbox (badness 10000) in paragraph at lines 7457--7461

[166]
Underfull \hbox (badness 10000) in paragraph at lines 7501--7504


Underfull \hbox (badness 10000) in paragraph at lines 7507--7508


Underfull \hbox (badness 10000) in paragraph at lines 7509--7515


Underfull \hbox (badness 10000) in paragraph at lines 7528--7532

[167]
Underfull \hbox (badness 10000) in paragraph at lines 7580--7583


Underfull \hbox (badness 10000) in paragraph at lines 7604--7606


LaTeX Warning: Reference `Satz3.6.1' on page 168 undefined on input line 7610.

[168]

LaTeX Warning: Reference `Lemma3.6.6' on page 169 undefined on input line 7653.


[169]
Underfull \hbox (badness 10000) in paragraph at lines 7702--7707


Underfull \hbox (badness 10000) in paragraph at lines 7718--7721


Underfull \hbox (badness 10000) in paragraph at lines 7724--7725

[170]
Underfull \hbox (badness 10000) in paragraph at lines 7753--7755


Underfull \hbox (badness 10000) in paragraph at lines 7773--7776


Underfull \hbox (badness 10000) in paragraph at lines 7780--7783


LaTeX Warning: Reference `Lemma3.6.8' on page 171 undefined on input line 7786.



Underfull \hbox (badness 10000) in paragraph at lines 7789--7797

[171]
Underfull \hbox (badness 10000) in paragraph at lines 7803--7806


Underfull \hbox (badness 10000) in paragraph at lines 7807--7812


Underfull \hbox (badness 10000) in paragraph at lines 7815--7819


LaTeX Warning: Reference `Lemma3.6.8' on page 172 undefined on input line 7851.



Underfull \hbox (badness 10000) in paragraph at lines 7855--7857

[172]

LaTeX Warning: Reference `Lemma3.6.9' on page 173 undefined on input line 7861.



Underfull \hbox (badness 10000) in paragraph at lines 7860--7866


LaTeX Warning: Reference `Lemma3.6.9' on page 173 undefined on input line 7870.



Underfull \hbox (badness 10000) in paragraph at lines 7877--7880


Underfull \hbox (badness 10000) in paragraph at lines 7904--7907


Underfull \hbox (badness 10000) in paragraph at lines 7908--7912

[173]

LaTeX Warning: Reference `Lemma3.6.6' on page 174 undefined on input line 7937.



Underfull \hbox (badness 10000) in paragraph at lines 7950--7952


LaTeX Warning: Reference `Lemma3.7.1' on page 174 undefined on input line 7956.


[174]

LaTeX Warning: Reference `Lemma3.7.1' on page 175 undefined on input line 7980.



Underfull \hbox (badness 10000) in paragraph at lines 8008--8015


Underfull \hbox (badness 10000) in paragraph at lines 8016--8019


LaTeX Warning: Reference `Lemma3.7.2' on page 175 undefined on input line 8022.


[175]

LaTeX Warning: Reference `Lemma3.7.2' on page 176 undefined on input line 8034.



Underfull \hbox (badness 10000) in paragraph at lines 8040--8042


Underfull \hbox (badness 10000) in paragraph at lines 8069--8070


Underfull \hbox (badness 10000) in paragraph at lines 8084--8086

[176]

LaTeX Warning: Reference `Lemma3.7.2' on page 177 undefined on input line 8117.



Underfull \hbox (badness 10000) in paragraph at lines 8114--8121


Underfull \hbox (badness 10000) in paragraph at lines 8144--8146

[177]
Underfull \hbox (badness 10000) in paragraph at lines 8199--8206

[178]

LaTeX Warning: Reference `Satz3.7.4' on page 179 undefined on input line 8232.


Underfull \hbox (badness 10000) in paragraph at lines 8230--8233

[179] (./GeoMasT.aux)

LaTeX Warning: There were undefined references.


LaTeX Warning: Label(s) may have changed. Rerun to get cross-references right.

 )
(see the transcript file for additional information){/usr/share/texmf/fonts/enc
/dvips/cm-super/cm-super-t1.enc}</usr/share/texmf-texlive/fonts/type1/public/am
sfonts/cm/cmbx10.pfb></usr/share/texmf-texlive/fonts/type1/public/amsfonts/cm/c
mex10.pfb></usr/share/texmf-texlive/fonts/type1/public/amsfonts/cmextra/cmex8.p
fb></usr/share/texmf-texlive/fonts/type1/public/amsfonts/cm/cmmi10.pfb></usr/sh
are/texmf-texlive/fonts/type1/public/amsfonts/cm/cmmi6.pfb></usr/share/texmf-te
xlive/fonts/type1/public/amsfonts/cm/cmmi8.pfb></usr/share/texmf-texlive/fonts/
type1/public/amsfonts/cm/cmr10.pfb></usr/share/texmf-texlive/fonts/type1/public
/amsfonts/cm/cmr6.pfb></usr/share/texmf-texlive/fonts/type1/public/amsfonts/cm/
cmr8.pfb></usr/share/texmf-texlive/fonts/type1/public/amsfonts/cm/cmsy10.pfb></
usr/share/texmf-texlive/fonts/type1/public/amsfonts/cm/cmsy6.pfb></usr/share/te
xmf-texlive/fonts/type1/public/amsfonts/cm/cmsy8.pfb></usr/share/texmf-texlive/
fonts/type1/public/doublestroke/dsrom10.pfb></usr/share/texmf-texlive/fonts/typ
e1/public/amsfonts/euler/eufm10.pfb></usr/share/texmf-texlive/fonts/type1/publi
c/amsfonts/latxfont/line10.pfb></usr/share/texmf-texlive/fonts/type1/public/ams
fonts/symbols/msam10.pfb></usr/share/texmf-texlive/fonts/type1/public/amsfonts/
symbols/msbm10.pfb></usr/share/texmf-texlive/fonts/type1/public/amsfonts/symbol
s/msbm7.pfb></usr/share/texmf-texlive/fonts/type1/public/rsfs/rsfs10.pfb></usr/
share/texmf/fonts/type1/public/cm-super/sfbx1095.pfb></usr/share/texmf/fonts/ty
pe1/public/cm-super/sfrm0800.pfb></usr/share/texmf/fonts/type1/public/cm-super/
sfrm1095.pfb></usr/share/texmf/fonts/type1/public/cm-super/sfrm1440.pfb></usr/s
hare/texmf/fonts/type1/public/cm-super/sfsl1095.pfb></usr/share/texmf/fonts/typ
e1/public/cm-super/sfsx1440.pfb></usr/share/texmf/fonts/type1/public/cm-super/s
fsx2074.pfb></usr/share/texmf/fonts/type1/public/cm-super/sfti1095.pfb></usr/sh
are/texmf/fonts/type1/public/cm-super/sftt1095.pfb></usr/share/texmf/fonts/type
1/public/cm-super/sftt1440.pfb></usr/share/texmf-texlive/fonts/type1/hoekwater/
stmaryrd/stmary10.pfb></usr/share/texmf-texlive/fonts/type1/hoekwater/stmaryrd/
stmary8.pfb></usr/share/texmf-texlive/fonts/type1/public/wasy/wasy10.pfb>
Output written on GeoMasT.pdf (179 pages, 1193030 bytes).
Transcript written on GeoMasT.log.
Result: ExitSuccess

Running /usr/bin/pdflatex GeoMasT.tex in an env with 4 entries:
This is pdfTeX, Version 3.1415926-1.40.10 (TeX Live 2009/Debian)
entering extended mode
(data/GeoMasT.tex
LaTeX2e <2009/09/24>
Babel <v3.8l> and hyphenation patterns for english, usenglishmax, dumylang, noh
yphenation, farsi, arabic, croatian, bulgarian, ukrainian, russian, czech, slov
ak, danish, dutch, finnish, french, basque, ngerman, german, german-x-2009-06-1
9, ngerman-x-2009-06-19, ibycus, monogreek, greek, ancientgreek, hungarian, san
skrit, italian, latin, latvian, lithuanian, mongolian2a, mongolian, bokmal, nyn
orsk, romanian, irish, coptic, serbian, turkish, welsh, esperanto, uppersorbian
, estonian, indonesian, interlingua, icelandic, kurmanji, slovenian, polish, po
rtuguese, spanish, galician, catalan, swedish, ukenglish, loaded.
(/usr/share/texmf-texlive/tex/latex/koma-script/scrbook.cls
Document Class: scrbook 2009/07/24 v3.04a KOMA-Script document class (book)
(/usr/share/texmf-texlive/tex/latex/koma-script/scrkbase.sty
(/usr/share/texmf-texlive/tex/latex/koma-script/scrbase.sty
(/usr/share/texmf-texlive/tex/latex/graphics/keyval.sty)
(/usr/share/texmf-texlive/tex/latex/koma-script/scrlfile.sty
Package scrlfile, 2009/03/25 v3.03 KOMA-Script package (loading files)
                  Copyright (C) Markus Kohm

))) (/usr/share/texmf-texlive/tex/latex/koma-script/tocbasic.sty)
(/usr/share/texmf-texlive/tex/latex/koma-script/scrsize11pt.clo)
(/usr/share/texmf-texlive/tex/latex/koma-script/typearea.sty
Package typearea, 2009/07/24 v3.04a KOMA-Script package (type area)
                  Copyright (C) Frank Neukam, 1992-1994
                  Copyright (C) Markus Kohm, 1994-

)) (data/mathe.sty (data/latexki.sty)
(/usr/share/texmf-texlive/tex/latex/base/inputenc.sty
(/usr/share/texmf-texlive/tex/latex/base/utf8.def
(/usr/share/texmf-texlive/tex/latex/base/t1enc.dfu)
(/usr/share/texmf-texlive/tex/latex/base/ot1enc.dfu)
(/usr/share/texmf-texlive/tex/latex/base/omsenc.dfu)))
(/usr/share/texmf-texlive/tex/generic/babel/babel.sty
(/usr/share/texmf-texlive/tex/generic/babel/ngermanb.ldf
(/usr/share/texmf-texlive/tex/generic/babel/babel.def)))
(/usr/share/texmf-texlive/tex/latex/base/fontenc.sty
(/usr/share/texmf-texlive/tex/latex/base/t1enc.def))
(/usr/share/texmf-texlive/tex/latex/amsfonts/amsfonts.sty)
(/usr/share/texmf-texlive/tex/latex/amsfonts/amssymb.sty)
(/usr/share/texmf-texlive/tex/latex/amsmath/amsmath.sty
For additional information on amsmath, use the `?' option.
(/usr/share/texmf-texlive/tex/latex/amsmath/amstext.sty
(/usr/share/texmf-texlive/tex/latex/amsmath/amsgen.sty))
(/usr/share/texmf-texlive/tex/latex/amsmath/amsbsy.sty)
(/usr/share/texmf-texlive/tex/latex/amsmath/amsopn.sty))
(/usr/share/texmf-texlive/tex/latex/stmaryrd/stmaryrd.sty)
(/usr/share/texmf-texlive/tex/latex/tools/verbatim.sty)
(/usr/share/texmf-texlive/tex/latex/base/ifthen.sty)
(/usr/share/texmf-texlive/tex/latex/ntheorem/ntheorem.sty
Style `ntheorem', Version 1.25 <2005/07/07>
) (/usr/share/texmf-texlive/tex/latex/ltxmisc/framed.sty)
(/usr/share/texmf-texlive/tex/latex/pstricks/pstricks.sty
(/usr/share/texmf-texlive/tex/generic/pstricks/pstricks.tex
`PSTricks' v1.29  <2009/05/19> (tvz)
(/usr/share/texmf-texlive/tex/generic/pstricks/pstricks.con))
(/usr/share/texmf/tex/latex/xcolor/xcolor.sty
(/etc/texmf/tex/latex/config/color.cfg)
(/usr/share/texmf-texlive/tex/latex/pdftex-def/pdftex.def)))
(/usr/share/texmf-texlive/tex/latex/carlisle/slashed.sty)
(/usr/share/texmf-texlive/tex/latex/base/makeidx.sty)
(/usr/share/texmf-texlive/tex/latex/wasysym/wasysym.sty)
(/usr/share/texmf-texlive/tex/latex/jknapltx/mathrsfs.sty)
(/usr/share/texmf-texlive/tex/latex/mh/mathtools.sty
(/usr/share/texmf-texlive/tex/latex/tools/calc.sty)
(/usr/share/texmf-texlive/tex/latex/mh/mhsetup.sty))
(/usr/share/texmf-texlive/tex/latex/doublestroke/dsfont.sty)
(/usr/share/texmf-texlive/tex/latex/hyperref/hyperref.sty
(/usr/share/texmf-texlive/tex/generic/oberdiek/ifpdf.sty)
(/usr/share/texmf-texlive/tex/generic/oberdiek/ifvtex.sty)
(/usr/share/texmf-texlive/tex/generic/ifxetex/ifxetex.sty)
(/usr/share/texmf-texlive/tex/latex/oberdiek/hycolor.sty
(/usr/share/texmf-texlive/tex/latex/oberdiek/xcolor-patch.sty))
(/usr/share/texmf-texlive/tex/latex/hyperref/pd1enc.def)
(/usr/share/texmf-texlive/tex/generic/oberdiek/etexcmds.sty
(/usr/share/texmf-texlive/tex/generic/oberdiek/infwarerr.sty))
(/usr/share/texmf-texlive/tex/latex/latexconfig/hyperref.cfg)
(/usr/share/texmf-texlive/tex/latex/oberdiek/kvoptions.sty
(/usr/share/texmf-texlive/tex/generic/oberdiek/kvsetkeys.sty))
Implicit mode ON; LaTeX internals redefined
(/usr/share/texmf-texlive/tex/latex/ltxmisc/url.sty)
(/usr/share/texmf-texlive/tex/generic/oberdiek/bitset.sty
(/usr/share/texmf-texlive/tex/generic/oberdiek/intcalc.sty)
(/usr/share/texmf-texlive/tex/generic/oberdiek/bigintcalc.sty
(/usr/share/texmf-texlive/tex/generic/oberdiek/pdftexcmds.sty
(/usr/share/texmf-texlive/tex/generic/oberdiek/ifluatex.sty)
(/usr/share/texmf-texlive/tex/generic/oberdiek/ltxcmds.sty))))
(/usr/share/texmf-texlive/tex/generic/oberdiek/atbegshi.sty))
*hyperref using default driver hpdftex*
(/usr/share/texmf-texlive/tex/latex/hyperref/hpdftex.def)
(/usr/share/texmf-texlive/tex/latex/etex-pkg/etex.sty)) (data/saetze-hug.sty)
(/usr/share/texmf-texlive/tex/latex/tools/enumerate.sty)
(/usr/share/texmf-texlive/tex/latex/ltxmisc/cancel.sty)
(/usr/share/texmf-texlive/tex/latex/graphics/graphicx.sty
(/usr/share/texmf-texlive/tex/latex/graphics/graphics.sty
(/usr/share/texmf-texlive/tex/latex/graphics/trig.sty)
(/etc/texmf/tex/latex/config/graphics.cfg)))
Writing index file GeoMasT.idx
(./GeoMasT.aux) (/usr/share/texmf-texlive/tex/context/base/supp-pdf.mkii
[Loading MPS to PDF converter (version 2006.09.02).]
) (/usr/share/texmf-texlive/tex/latex/hyperref/nameref.sty
(/usr/share/texmf-texlive/tex/latex/oberdiek/refcount.sty)) (./GeoMasT.out)
(./GeoMasT.out) (/usr/share/texmf-texlive/tex/latex/base/t1cmss.fd)
(/usr/share/texmf-texlive/tex/latex/amsfonts/umsa.fd)
(/usr/share/texmf-texlive/tex/latex/amsfonts/umsb.fd)
(/usr/share/texmf-texlive/tex/latex/stmaryrd/Ustmry.fd)
(/usr/share/texmf-texlive/tex/latex/wasysym/uwasy.fd)
(/usr/share/texmf-texlive/tex/latex/jknapltx/ursfs.fd)
(/usr/share/texmf-texlive/tex/latex/base/t1cmtt.fd) [1
Non-PDF special ignored!
Non-PDF special ignored!
Non-PDF special ignored!{/var/lib/texmf/fonts/map/pdftex/updmap/pdftex.map}]
[2] (./GeoMasT.toc) [3] [4] [5] [6]
Kapitel 1.
(/usr/share/texmf-texlive/tex/latex/base/omscmr.fd) [7] [8] [9] [10] [11]
[12] [13] [14] (/usr/share/texmf-texlive/tex/latex/amsfonts/ueuf.fd) [15]
Underfull \vbox (badness 10000) has occurred while \output is active [16]
(/usr/share/texmf-texlive/tex/latex/doublestroke/Udsrom.fd) [17] [18] [19]
Overfull \hbox (12.21979pt too wide) in paragraph at lines 698--699
[]\T1/cmr/m/n/10.95 Ist $\OML/cmm/m/it/10.95 h$ \T1/cmr/m/n/10.95 ei-ne $\OML/c
mm/m/it/10.95 ^^V$\T1/cmr/m/n/10.95 -Treppenfunktion, so ist $\OML/cmm/m/it/10.
95 h$ \T1/cmr/m/n/10.95 ei-ne $\OML/cmm/m/it/10.95 ^^V$\T1/cmr/m/n/10.95 -Oberf
unktion und ei-ne $\OML/cmm/m/it/10.95 ^^V$\T1/cmr/m/n/10.95 -Unterfunktion
[20] [21] [22] [23] [24] [25]
Underfull \vbox (badness 10000) has occurred while \output is active [26]
Underfull \vbox (badness 1331) has occurred while \output is active [27]
[28] [29] [30] [31] [32]
Kapitel 2.
[33] [34] [35] [36] [37] [38] [39]
Overfull \hbox (1.97119pt too wide) in paragraph at lines 1470--1471
[]\T1/cmr/m/n/10.95 Die Be-din-gung (2) ist ins-be-son-de-re dann er-füllt, wen
n $[]\OMS/cmsy/m/n/10.95 f[]\OT1/cmr/m/n/10.95 (\U/msb/m/n/10.95 B\OT1/cmr/m/n/
10.95 (\OML/cmm/m/it/10.95 s; x\OT1/cmr/m/n/10.95 )) :
[40] [41] [42] [43] [44] [45] [46] [47] [48] [49] [50] [51] [52] [53] [54]
[55] [56] [57] [58] [59] [60] [61] [62] [63] [64] [65] [66]
Kapitel 3.
[67] [68] [69] [70] [71] [72] [73] [74] [75]
Underfull \vbox (badness 1028) has occurred while \output is active [76]
[77] [78] [79]

Package amsmath Warning: Foreign command \atop;
(amsmath)                \frac or \genfrac should be used instead
(amsmath)                 on input line 3209.

[80] [81] [82] [83]
Underfull \vbox (badness 1596) has occurred while \output is active [84]
[85] [86] [87] [88] [89] [90] [91] [92] [93] [94] [95]
Overfull \hbox (39.44067pt too wide) in paragraph at lines 3886--3887
\U/rsfs/m/n/10.95 H[]$\T1/cmr/m/n/10.95 -messbar und $\OML/cmm/m/it/10.95 M[] \
OMS/cmsy/m/n/10.95 ^^Z \OML/cmm/m/it/10.95 N[]$\T1/cmr/m/n/10.95 , ge-schrie-be
n wer-den, wo-bei $\OML/cmm/m/it/10.95 N[]$ \T1/cmr/m/n/10.95 ei-ne $\OML/cmm/m
/it/10.95 n$\T1/cmr/m/n/10.95 -dimensionale $\OML/cmm/m/it/10.95 C[]$\T1/cmr/m/
n/10.95 -Untermannigfaltigkeit
[96] [97] [98] [99] [100] [101] [102]
Kapitel 4.
[103] [104] [105] [106]
Underfull \vbox (badness 10000) has occurred while \output is active [107]
[108] [109] [110] [111] [112] [113] [114] [115] [116] [117] [118]
Underfull \vbox (badness 5359) has occurred while \output is active [119]
[120] [121] [122] [123] [124] [125] [126] [127] [128] [129] [130]
Underfull \vbox (badness 1024) has occurred while \output is active [131]
[132]
Kapitel 5.

Underfull \hbox (badness 10000) in paragraph at lines 5531--5534


Underfull \hbox (badness 10000) in paragraph at lines 5535--5538


Underfull \hbox (badness 10000) in paragraph at lines 5567--5569

[133]
Underfull \hbox (badness 10000) in paragraph at lines 5580--5583


Underfull \hbox (badness 10000) in paragraph at lines 5584--5586


Underfull \hbox (badness 10000) in paragraph at lines 5593--5599


Underfull \hbox (badness 10000) in paragraph at lines 5600--5602


Underfull \hbox (badness 10000) in paragraph at lines 5619--5621

[134]
Underfull \hbox (badness 10000) in paragraph at lines 5635--5636


Underfull \hbox (badness 10000) in paragraph at lines 5668--5670


Underfull \hbox (badness 10000) in paragraph at lines 5685--5687


Underfull \hbox (badness 10000) in paragraph at lines 5689--5691

[135]
Underfull \hbox (badness 10000) in paragraph at lines 5711--5713

[136]
Underfull \hbox (badness 10000) in paragraph at lines 5767--5769


Underfull \hbox (badness 10000) in paragraph at lines 5780--5783


Underfull \vbox (badness 1132) has occurred while \output is active [137]
Underfull \hbox (badness 10000) in paragraph at lines 5802--5805


Underfull \hbox (badness 10000) in paragraph at lines 5823--5825


Underfull \hbox (badness 10000) in paragraph at lines 5843--5845

[138]

Package amsmath Warning: Foreign command \atopwithdelims;
(amsmath)                \frac or \genfrac should be used instead
(amsmath)                 on input line 5859.

[139]
Underfull \hbox (badness 10000) in paragraph at lines 5936--5938

[140]
Underfull \hbox (badness 10000) in paragraph at lines 5965--5967

[141]
Underfull \hbox (badness 10000) in paragraph at lines 6055--6058

[142]
Underfull \hbox (badness 10000) in paragraph at lines 6087--6089


Underfull \hbox (badness 10000) in paragraph at lines 6092--6094

[143]
Underfull \hbox (badness 10000) in paragraph at lines 6121--6123


Underfull \hbox (badness 10000) in paragraph at lines 6132--6134

[144]
Underfull \hbox (badness 10000) in paragraph at lines 6192--6194

[145]
Underfull \hbox (badness 10000) in paragraph at lines 6243--6245


Underfull \hbox (badness 10000) in paragraph at lines 6256--6258

[146] [147]
Underfull \hbox (badness 10000) in paragraph at lines 6345--6347


Underfull \hbox (badness 10000) in paragraph at lines 6374--6376


Underfull \hbox (badness 10000) in paragraph at lines 6377--6381


Underfull \hbox (badness 10000) in paragraph at lines 6382--6390


Underfull \hbox (badness 10000) in paragraph at lines 6392--6398

[148]
Underfull \hbox (badness 10000) in paragraph at lines 6399--6403


Underfull \hbox (badness 10000) in paragraph at lines 6404--6409


Underfull \hbox (badness 10000) in paragraph at lines 6434--6437

[149]
Underfull \hbox (badness 10000) in paragraph at lines 6481--6483


Underfull \hbox (badness 10000) in paragraph at lines 6484--6488

[150]
Underfull \hbox (badness 10000) in paragraph at lines 6509--6511


Underfull \hbox (badness 10000) in paragraph at lines 6553--6555


Underfull \hbox (badness 10000) in paragraph at lines 6564--6571

[151] [152]
Underfull \hbox (badness 10000) in paragraph at lines 6659--6661

[153]
Underfull \hbox (badness 10000) in paragraph at lines 6695--6697

[154]
Underfull \hbox (badness 10000) in paragraph at lines 6759--6762

[155]
Underfull \hbox (badness 10000) in paragraph at lines 6804--6805

[156]
Underfull \hbox (badness 10000) in paragraph at lines 6863--6866

[157]
Underfull \hbox (badness 10000) in paragraph at lines 6929--6933


Underfull \hbox (badness 10000) in paragraph at lines 6962--6964

[158] [159]
Underfull \hbox (badness 10000) in paragraph at lines 7033--7039

[160] [161]
Underfull \hbox (badness 10000) in paragraph at lines 7193--7200


Underfull \hbox (badness 10000) in paragraph at lines 7201--7206


Underfull \hbox (badness 10000) in paragraph at lines 7207--7216

[162]
Underfull \hbox (badness 10000) in paragraph at lines 7259--7263


Underfull \hbox (badness 10000) in paragraph at lines 7264--7266

[163]
Underfull \hbox (badness 10000) in paragraph at lines 7307--7310


Underfull \hbox (badness 10000) in paragraph at lines 7328--7335

[164]
Underfull \hbox (badness 10000) in paragraph at lines 7348--7350


Underfull \hbox (badness 10000) in paragraph at lines 7385--7389

[165]
Underfull \hbox (badness 10000) in paragraph at lines 7419--7423


Underfull \hbox (badness 10000) in paragraph at lines 7457--7461

[166]
Underfull \hbox (badness 10000) in paragraph at lines 7501--7504


Underfull \hbox (badness 10000) in paragraph at lines 7507--7508


Underfull \hbox (badness 10000) in paragraph at lines 7509--7515


Underfull \hbox (badness 10000) in paragraph at lines 7528--7532

[167]
Underfull \hbox (badness 10000) in paragraph at lines 7580--7583


Underfull \hbox (badness 10000) in paragraph at lines 7604--7606

[168] [169]
Underfull \hbox (badness 10000) in paragraph at lines 7702--7707


Underfull \hbox (badness 10000) in paragraph at lines 7718--7721


Underfull \hbox (badness 10000) in paragraph at lines 7724--7725

[170]
Underfull \hbox (badness 10000) in paragraph at lines 7753--7755


Underfull \hbox (badness 10000) in paragraph at lines 7773--7776


Underfull \hbox (badness 10000) in paragraph at lines 7780--7783


Underfull \hbox (badness 10000) in paragraph at lines 7789--7797

[171]
Underfull \hbox (badness 10000) in paragraph at lines 7803--7806


Underfull \hbox (badness 10000) in paragraph at lines 7807--7812


Underfull \hbox (badness 10000) in paragraph at lines 7815--7819


Underfull \hbox (badness 10000) in paragraph at lines 7855--7857

[172]
Underfull \hbox (badness 10000) in paragraph at lines 7860--7866


Underfull \hbox (badness 10000) in paragraph at lines 7877--7880


Underfull \hbox (badness 10000) in paragraph at lines 7904--7907


Underfull \hbox (badness 10000) in paragraph at lines 7908--7912

[173]
Underfull \hbox (badness 10000) in paragraph at lines 7950--7952

[174]
Underfull \hbox (badness 10000) in paragraph at lines 8008--8015


Underfull \hbox (badness 10000) in paragraph at lines 8016--8019

[175]
Underfull \hbox (badness 10000) in paragraph at lines 8040--8042


Underfull \hbox (badness 10000) in paragraph at lines 8069--8070


Underfull \hbox (badness 10000) in paragraph at lines 8084--8086

[176]
Underfull \hbox (badness 10000) in paragraph at lines 8114--8121


Underfull \hbox (badness 10000) in paragraph at lines 8144--8146

[177]
Underfull \hbox (badness 10000) in paragraph at lines 8199--8206

[178]
Underfull \hbox (badness 10000) in paragraph at lines 8230--8233

[179] (./GeoMasT.aux) )
(see the transcript file for additional information){/usr/share/texmf/fonts/enc
/dvips/cm-super/cm-super-t1.enc}</usr/share/texmf-texlive/fonts/type1/public/am
sfonts/cm/cmbx10.pfb></usr/share/texmf-texlive/fonts/type1/public/amsfonts/cm/c
mex10.pfb></usr/share/texmf-texlive/fonts/type1/public/amsfonts/cmextra/cmex8.p
fb></usr/share/texmf-texlive/fonts/type1/public/amsfonts/cm/cmmi10.pfb></usr/sh
are/texmf-texlive/fonts/type1/public/amsfonts/cm/cmmi6.pfb></usr/share/texmf-te
xlive/fonts/type1/public/amsfonts/cm/cmmi8.pfb></usr/share/texmf-texlive/fonts/
type1/public/amsfonts/cm/cmr10.pfb></usr/share/texmf-texlive/fonts/type1/public
/amsfonts/cm/cmr6.pfb></usr/share/texmf-texlive/fonts/type1/public/amsfonts/cm/
cmr8.pfb></usr/share/texmf-texlive/fonts/type1/public/amsfonts/cm/cmsy10.pfb></
usr/share/texmf-texlive/fonts/type1/public/amsfonts/cm/cmsy6.pfb></usr/share/te
xmf-texlive/fonts/type1/public/amsfonts/cm/cmsy8.pfb></usr/share/texmf-texlive/
fonts/type1/public/doublestroke/dsrom10.pfb></usr/share/texmf-texlive/fonts/typ
e1/public/amsfonts/euler/eufm10.pfb></usr/share/texmf-texlive/fonts/type1/publi
c/amsfonts/latxfont/line10.pfb></usr/share/texmf-texlive/fonts/type1/public/ams
fonts/symbols/msam10.pfb></usr/share/texmf-texlive/fonts/type1/public/amsfonts/
symbols/msbm10.pfb></usr/share/texmf-texlive/fonts/type1/public/amsfonts/symbol
s/msbm7.pfb></usr/share/texmf-texlive/fonts/type1/public/rsfs/rsfs10.pfb></usr/
share/texmf/fonts/type1/public/cm-super/sfbx1095.pfb></usr/share/texmf/fonts/ty
pe1/public/cm-super/sfrm0800.pfb></usr/share/texmf/fonts/type1/public/cm-super/
sfrm1095.pfb></usr/share/texmf/fonts/type1/public/cm-super/sfrm1440.pfb></usr/s
hare/texmf/fonts/type1/public/cm-super/sfsl1095.pfb></usr/share/texmf/fonts/typ
e1/public/cm-super/sfsx1095.pfb></usr/share/texmf/fonts/type1/public/cm-super/s
fsx1440.pfb></usr/share/texmf/fonts/type1/public/cm-super/sfsx2074.pfb></usr/sh
are/texmf/fonts/type1/public/cm-super/sfti1095.pfb></usr/share/texmf/fonts/type
1/public/cm-super/sftt1095.pfb></usr/share/texmf/fonts/type1/public/cm-super/sf
tt1440.pfb></usr/share/texmf-texlive/fonts/type1/hoekwater/stmaryrd/stmary10.pf
b></usr/share/texmf-texlive/fonts/type1/hoekwater/stmaryrd/stmary8.pfb></usr/sh
are/texmf-texlive/fonts/type1/public/wasy/wasy10.pfb>
Output written on GeoMasT.pdf (179 pages, 1251487 bytes).
Transcript written on GeoMasT.log.
Result: ExitSuccess

Running /usr/bin/pdflatex GeoMasT.tex in an env with 4 entries:
This is pdfTeX, Version 3.1415926-1.40.10 (TeX Live 2009/Debian)
entering extended mode
(data/GeoMasT.tex
LaTeX2e <2009/09/24>
Babel <v3.8l> and hyphenation patterns for english, usenglishmax, dumylang, noh
yphenation, farsi, arabic, croatian, bulgarian, ukrainian, russian, czech, slov
ak, danish, dutch, finnish, french, basque, ngerman, german, german-x-2009-06-1
9, ngerman-x-2009-06-19, ibycus, monogreek, greek, ancientgreek, hungarian, san
skrit, italian, latin, latvian, lithuanian, mongolian2a, mongolian, bokmal, nyn
orsk, romanian, irish, coptic, serbian, turkish, welsh, esperanto, uppersorbian
, estonian, indonesian, interlingua, icelandic, kurmanji, slovenian, polish, po
rtuguese, spanish, galician, catalan, swedish, ukenglish, loaded.
(/usr/share/texmf-texlive/tex/latex/koma-script/scrbook.cls
Document Class: scrbook 2009/07/24 v3.04a KOMA-Script document class (book)
(/usr/share/texmf-texlive/tex/latex/koma-script/scrkbase.sty
(/usr/share/texmf-texlive/tex/latex/koma-script/scrbase.sty
(/usr/share/texmf-texlive/tex/latex/graphics/keyval.sty)
(/usr/share/texmf-texlive/tex/latex/koma-script/scrlfile.sty
Package scrlfile, 2009/03/25 v3.03 KOMA-Script package (loading files)
                  Copyright (C) Markus Kohm

))) (/usr/share/texmf-texlive/tex/latex/koma-script/tocbasic.sty)
(/usr/share/texmf-texlive/tex/latex/koma-script/scrsize11pt.clo)
(/usr/share/texmf-texlive/tex/latex/koma-script/typearea.sty
Package typearea, 2009/07/24 v3.04a KOMA-Script package (type area)
                  Copyright (C) Frank Neukam, 1992-1994
                  Copyright (C) Markus Kohm, 1994-

)) (data/mathe.sty (data/latexki.sty)
(/usr/share/texmf-texlive/tex/latex/base/inputenc.sty
(/usr/share/texmf-texlive/tex/latex/base/utf8.def
(/usr/share/texmf-texlive/tex/latex/base/t1enc.dfu)
(/usr/share/texmf-texlive/tex/latex/base/ot1enc.dfu)
(/usr/share/texmf-texlive/tex/latex/base/omsenc.dfu)))
(/usr/share/texmf-texlive/tex/generic/babel/babel.sty
(/usr/share/texmf-texlive/tex/generic/babel/ngermanb.ldf
(/usr/share/texmf-texlive/tex/generic/babel/babel.def)))
(/usr/share/texmf-texlive/tex/latex/base/fontenc.sty
(/usr/share/texmf-texlive/tex/latex/base/t1enc.def))
(/usr/share/texmf-texlive/tex/latex/amsfonts/amsfonts.sty)
(/usr/share/texmf-texlive/tex/latex/amsfonts/amssymb.sty)
(/usr/share/texmf-texlive/tex/latex/amsmath/amsmath.sty
For additional information on amsmath, use the `?' option.
(/usr/share/texmf-texlive/tex/latex/amsmath/amstext.sty
(/usr/share/texmf-texlive/tex/latex/amsmath/amsgen.sty))
(/usr/share/texmf-texlive/tex/latex/amsmath/amsbsy.sty)
(/usr/share/texmf-texlive/tex/latex/amsmath/amsopn.sty))
(/usr/share/texmf-texlive/tex/latex/stmaryrd/stmaryrd.sty)
(/usr/share/texmf-texlive/tex/latex/tools/verbatim.sty)
(/usr/share/texmf-texlive/tex/latex/base/ifthen.sty)
(/usr/share/texmf-texlive/tex/latex/ntheorem/ntheorem.sty
Style `ntheorem', Version 1.25 <2005/07/07>
) (/usr/share/texmf-texlive/tex/latex/ltxmisc/framed.sty)
(/usr/share/texmf-texlive/tex/latex/pstricks/pstricks.sty
(/usr/share/texmf-texlive/tex/generic/pstricks/pstricks.tex
`PSTricks' v1.29  <2009/05/19> (tvz)
(/usr/share/texmf-texlive/tex/generic/pstricks/pstricks.con))
(/usr/share/texmf/tex/latex/xcolor/xcolor.sty
(/etc/texmf/tex/latex/config/color.cfg)
(/usr/share/texmf-texlive/tex/latex/pdftex-def/pdftex.def)))
(/usr/share/texmf-texlive/tex/latex/carlisle/slashed.sty)
(/usr/share/texmf-texlive/tex/latex/base/makeidx.sty)
(/usr/share/texmf-texlive/tex/latex/wasysym/wasysym.sty)
(/usr/share/texmf-texlive/tex/latex/jknapltx/mathrsfs.sty)
(/usr/share/texmf-texlive/tex/latex/mh/mathtools.sty
(/usr/share/texmf-texlive/tex/latex/tools/calc.sty)
(/usr/share/texmf-texlive/tex/latex/mh/mhsetup.sty))
(/usr/share/texmf-texlive/tex/latex/doublestroke/dsfont.sty)
(/usr/share/texmf-texlive/tex/latex/hyperref/hyperref.sty
(/usr/share/texmf-texlive/tex/generic/oberdiek/ifpdf.sty)
(/usr/share/texmf-texlive/tex/generic/oberdiek/ifvtex.sty)
(/usr/share/texmf-texlive/tex/generic/ifxetex/ifxetex.sty)
(/usr/share/texmf-texlive/tex/latex/oberdiek/hycolor.sty
(/usr/share/texmf-texlive/tex/latex/oberdiek/xcolor-patch.sty))
(/usr/share/texmf-texlive/tex/latex/hyperref/pd1enc.def)
(/usr/share/texmf-texlive/tex/generic/oberdiek/etexcmds.sty
(/usr/share/texmf-texlive/tex/generic/oberdiek/infwarerr.sty))
(/usr/share/texmf-texlive/tex/latex/latexconfig/hyperref.cfg)
(/usr/share/texmf-texlive/tex/latex/oberdiek/kvoptions.sty
(/usr/share/texmf-texlive/tex/generic/oberdiek/kvsetkeys.sty))
Implicit mode ON; LaTeX internals redefined
(/usr/share/texmf-texlive/tex/latex/ltxmisc/url.sty)
(/usr/share/texmf-texlive/tex/generic/oberdiek/bitset.sty
(/usr/share/texmf-texlive/tex/generic/oberdiek/intcalc.sty)
(/usr/share/texmf-texlive/tex/generic/oberdiek/bigintcalc.sty
(/usr/share/texmf-texlive/tex/generic/oberdiek/pdftexcmds.sty
(/usr/share/texmf-texlive/tex/generic/oberdiek/ifluatex.sty)
(/usr/share/texmf-texlive/tex/generic/oberdiek/ltxcmds.sty))))
(/usr/share/texmf-texlive/tex/generic/oberdiek/atbegshi.sty))
*hyperref using default driver hpdftex*
(/usr/share/texmf-texlive/tex/latex/hyperref/hpdftex.def)
(/usr/share/texmf-texlive/tex/latex/etex-pkg/etex.sty)) (data/saetze-hug.sty)
(/usr/share/texmf-texlive/tex/latex/tools/enumerate.sty)
(/usr/share/texmf-texlive/tex/latex/ltxmisc/cancel.sty)
(/usr/share/texmf-texlive/tex/latex/graphics/graphicx.sty
(/usr/share/texmf-texlive/tex/latex/graphics/graphics.sty
(/usr/share/texmf-texlive/tex/latex/graphics/trig.sty)
(/etc/texmf/tex/latex/config/graphics.cfg)))
Writing index file GeoMasT.idx
(./GeoMasT.aux) (/usr/share/texmf-texlive/tex/context/base/supp-pdf.mkii
[Loading MPS to PDF converter (version 2006.09.02).]
) (/usr/share/texmf-texlive/tex/latex/hyperref/nameref.sty
(/usr/share/texmf-texlive/tex/latex/oberdiek/refcount.sty)) (./GeoMasT.out)
(./GeoMasT.out) (/usr/share/texmf-texlive/tex/latex/base/t1cmss.fd)
(/usr/share/texmf-texlive/tex/latex/amsfonts/umsa.fd)
(/usr/share/texmf-texlive/tex/latex/amsfonts/umsb.fd)
(/usr/share/texmf-texlive/tex/latex/stmaryrd/Ustmry.fd)
(/usr/share/texmf-texlive/tex/latex/wasysym/uwasy.fd)
(/usr/share/texmf-texlive/tex/latex/jknapltx/ursfs.fd)
(/usr/share/texmf-texlive/tex/latex/base/t1cmtt.fd) [1
Non-PDF special ignored!
Non-PDF special ignored!
Non-PDF special ignored!{/var/lib/texmf/fonts/map/pdftex/updmap/pdftex.map}]
[2] (./GeoMasT.toc) [3] [4] [5] [6]
Kapitel 1.
(/usr/share/texmf-texlive/tex/latex/base/omscmr.fd) [7] [8] [9] [10] [11]
[12] [13] [14] (/usr/share/texmf-texlive/tex/latex/amsfonts/ueuf.fd) [15]
Underfull \vbox (badness 10000) has occurred while \output is active [16]
(/usr/share/texmf-texlive/tex/latex/doublestroke/Udsrom.fd) [17] [18] [19]
Overfull \hbox (12.21979pt too wide) in paragraph at lines 698--699
[]\T1/cmr/m/n/10.95 Ist $\OML/cmm/m/it/10.95 h$ \T1/cmr/m/n/10.95 ei-ne $\OML/c
mm/m/it/10.95 ^^V$\T1/cmr/m/n/10.95 -Treppenfunktion, so ist $\OML/cmm/m/it/10.
95 h$ \T1/cmr/m/n/10.95 ei-ne $\OML/cmm/m/it/10.95 ^^V$\T1/cmr/m/n/10.95 -Oberf
unktion und ei-ne $\OML/cmm/m/it/10.95 ^^V$\T1/cmr/m/n/10.95 -Unterfunktion
[20] [21] [22] [23] [24] [25]
Underfull \vbox (badness 10000) has occurred while \output is active [26]
Underfull \vbox (badness 1331) has occurred while \output is active [27]
[28] [29] [30] [31] [32]
Kapitel 2.
[33] [34] [35] [36] [37] [38] [39]
Overfull \hbox (1.97119pt too wide) in paragraph at lines 1470--1471
[]\T1/cmr/m/n/10.95 Die Be-din-gung (2) ist ins-be-son-de-re dann er-füllt, wen
n $[]\OMS/cmsy/m/n/10.95 f[]\OT1/cmr/m/n/10.95 (\U/msb/m/n/10.95 B\OT1/cmr/m/n/
10.95 (\OML/cmm/m/it/10.95 s; x\OT1/cmr/m/n/10.95 )) :
[40] [41] [42] [43] [44] [45] [46] [47] [48] [49] [50] [51] [52] [53] [54]
[55] [56] [57] [58] [59] [60] [61] [62] [63] [64] [65] [66]
Kapitel 3.
[67] [68] [69] [70] [71] [72] [73] [74] [75]
Underfull \vbox (badness 1028) has occurred while \output is active [76]
[77] [78] [79]

Package amsmath Warning: Foreign command \atop;
(amsmath)                \frac or \genfrac should be used instead
(amsmath)                 on input line 3209.

[80] [81] [82] [83]
Underfull \vbox (badness 1596) has occurred while \output is active [84]
[85] [86] [87] [88] [89] [90] [91] [92] [93] [94] [95]
Overfull \hbox (39.44067pt too wide) in paragraph at lines 3886--3887
\U/rsfs/m/n/10.95 H[]$\T1/cmr/m/n/10.95 -messbar und $\OML/cmm/m/it/10.95 M[] \
OMS/cmsy/m/n/10.95 ^^Z \OML/cmm/m/it/10.95 N[]$\T1/cmr/m/n/10.95 , ge-schrie-be
n wer-den, wo-bei $\OML/cmm/m/it/10.95 N[]$ \T1/cmr/m/n/10.95 ei-ne $\OML/cmm/m
/it/10.95 n$\T1/cmr/m/n/10.95 -dimensionale $\OML/cmm/m/it/10.95 C[]$\T1/cmr/m/
n/10.95 -Untermannigfaltigkeit
[96] [97] [98] [99] [100] [101] [102]
Kapitel 4.
[103] [104] [105] [106]
Underfull \vbox (badness 10000) has occurred while \output is active [107]
[108] [109] [110] [111] [112] [113] [114] [115] [116] [117] [118]
Underfull \vbox (badness 5359) has occurred while \output is active [119]
[120] [121] [122] [123] [124] [125] [126] [127] [128] [129] [130]
Underfull \vbox (badness 1024) has occurred while \output is active [131]
[132]
Kapitel 5.

Underfull \hbox (badness 10000) in paragraph at lines 5531--5534


Underfull \hbox (badness 10000) in paragraph at lines 5535--5538


Underfull \hbox (badness 10000) in paragraph at lines 5567--5569

[133]
Underfull \hbox (badness 10000) in paragraph at lines 5580--5583


Underfull \hbox (badness 10000) in paragraph at lines 5584--5586


Underfull \hbox (badness 10000) in paragraph at lines 5593--5599


Underfull \hbox (badness 10000) in paragraph at lines 5600--5602


Underfull \hbox (badness 10000) in paragraph at lines 5619--5621

[134]
Underfull \hbox (badness 10000) in paragraph at lines 5635--5636


Underfull \hbox (badness 10000) in paragraph at lines 5668--5670


Underfull \hbox (badness 10000) in paragraph at lines 5685--5687


Underfull \hbox (badness 10000) in paragraph at lines 5689--5691

[135]
Underfull \hbox (badness 10000) in paragraph at lines 5711--5713

[136]
Underfull \hbox (badness 10000) in paragraph at lines 5767--5769


Underfull \hbox (badness 10000) in paragraph at lines 5780--5783


Underfull \vbox (badness 1132) has occurred while \output is active [137]
Underfull \hbox (badness 10000) in paragraph at lines 5802--5805


Underfull \hbox (badness 10000) in paragraph at lines 5823--5825


Underfull \hbox (badness 10000) in paragraph at lines 5843--5845

[138]

Package amsmath Warning: Foreign command \atopwithdelims;
(amsmath)                \frac or \genfrac should be used instead
(amsmath)                 on input line 5859.

[139]
Underfull \hbox (badness 10000) in paragraph at lines 5936--5938

[140]
Underfull \hbox (badness 10000) in paragraph at lines 5965--5967

[141]
Underfull \hbox (badness 10000) in paragraph at lines 6055--6058

[142]
Underfull \hbox (badness 10000) in paragraph at lines 6087--6089


Underfull \hbox (badness 10000) in paragraph at lines 6092--6094

[143]
Underfull \hbox (badness 10000) in paragraph at lines 6121--6123


Underfull \hbox (badness 10000) in paragraph at lines 6132--6134

[144]
Underfull \hbox (badness 10000) in paragraph at lines 6192--6194

[145]
Underfull \hbox (badness 10000) in paragraph at lines 6243--6245


Underfull \hbox (badness 10000) in paragraph at lines 6256--6258

[146] [147]
Underfull \hbox (badness 10000) in paragraph at lines 6345--6347


Underfull \hbox (badness 10000) in paragraph at lines 6374--6376


Underfull \hbox (badness 10000) in paragraph at lines 6377--6381


Underfull \hbox (badness 10000) in paragraph at lines 6382--6390


Underfull \hbox (badness 10000) in paragraph at lines 6392--6398

[148]
Underfull \hbox (badness 10000) in paragraph at lines 6399--6403


Underfull \hbox (badness 10000) in paragraph at lines 6404--6409


Underfull \hbox (badness 10000) in paragraph at lines 6434--6437

[149]
Underfull \hbox (badness 10000) in paragraph at lines 6481--6483


Underfull \hbox (badness 10000) in paragraph at lines 6484--6488

[150]
Underfull \hbox (badness 10000) in paragraph at lines 6509--6511


Underfull \hbox (badness 10000) in paragraph at lines 6553--6555


Underfull \hbox (badness 10000) in paragraph at lines 6564--6571

[151] [152]
Underfull \hbox (badness 10000) in paragraph at lines 6659--6661

[153]
Underfull \hbox (badness 10000) in paragraph at lines 6695--6697

[154]
Underfull \hbox (badness 10000) in paragraph at lines 6759--6762

[155]
Underfull \hbox (badness 10000) in paragraph at lines 6804--6805

[156]
Underfull \hbox (badness 10000) in paragraph at lines 6863--6866

[157]
Underfull \hbox (badness 10000) in paragraph at lines 6929--6933


Underfull \hbox (badness 10000) in paragraph at lines 6962--6964

[158] [159]
Underfull \hbox (badness 10000) in paragraph at lines 7033--7039

[160] [161]
Underfull \hbox (badness 10000) in paragraph at lines 7193--7200


Underfull \hbox (badness 10000) in paragraph at lines 7201--7206


Underfull \hbox (badness 10000) in paragraph at lines 7207--7216

[162]
Underfull \hbox (badness 10000) in paragraph at lines 7259--7263


Underfull \hbox (badness 10000) in paragraph at lines 7264--7266

[163]
Underfull \hbox (badness 10000) in paragraph at lines 7307--7310


Underfull \hbox (badness 10000) in paragraph at lines 7328--7335

[164]
Underfull \hbox (badness 10000) in paragraph at lines 7348--7350


Underfull \hbox (badness 10000) in paragraph at lines 7385--7389

[165]
Underfull \hbox (badness 10000) in paragraph at lines 7419--7423


Underfull \hbox (badness 10000) in paragraph at lines 7457--7461

[166]
Underfull \hbox (badness 10000) in paragraph at lines 7501--7504


Underfull \hbox (badness 10000) in paragraph at lines 7507--7508


Underfull \hbox (badness 10000) in paragraph at lines 7509--7515


Underfull \hbox (badness 10000) in paragraph at lines 7528--7532

[167]
Underfull \hbox (badness 10000) in paragraph at lines 7580--7583


Underfull \hbox (badness 10000) in paragraph at lines 7604--7606

[168] [169]
Underfull \hbox (badness 10000) in paragraph at lines 7702--7707


Underfull \hbox (badness 10000) in paragraph at lines 7718--7721


Underfull \hbox (badness 10000) in paragraph at lines 7724--7725

[170]
Underfull \hbox (badness 10000) in paragraph at lines 7753--7755


Underfull \hbox (badness 10000) in paragraph at lines 7773--7776


Underfull \hbox (badness 10000) in paragraph at lines 7780--7783


Underfull \hbox (badness 10000) in paragraph at lines 7789--7797

[171]
Underfull \hbox (badness 10000) in paragraph at lines 7803--7806


Underfull \hbox (badness 10000) in paragraph at lines 7807--7812


Underfull \hbox (badness 10000) in paragraph at lines 7815--7819


Underfull \hbox (badness 10000) in paragraph at lines 7855--7857

[172]
Underfull \hbox (badness 10000) in paragraph at lines 7860--7866


Underfull \hbox (badness 10000) in paragraph at lines 7877--7880


Underfull \hbox (badness 10000) in paragraph at lines 7904--7907


Underfull \hbox (badness 10000) in paragraph at lines 7908--7912

[173]
Underfull \hbox (badness 10000) in paragraph at lines 7950--7952

[174]
Underfull \hbox (badness 10000) in paragraph at lines 8008--8015


Underfull \hbox (badness 10000) in paragraph at lines 8016--8019

[175]
Underfull \hbox (badness 10000) in paragraph at lines 8040--8042


Underfull \hbox (badness 10000) in paragraph at lines 8069--8070


Underfull \hbox (badness 10000) in paragraph at lines 8084--8086

[176]
Underfull \hbox (badness 10000) in paragraph at lines 8114--8121


Underfull \hbox (badness 10000) in paragraph at lines 8144--8146

[177]
Underfull \hbox (badness 10000) in paragraph at lines 8199--8206

[178]
Underfull \hbox (badness 10000) in paragraph at lines 8230--8233

[179] (./GeoMasT.aux) )
(see the transcript file for additional information){/usr/share/texmf/fonts/enc
/dvips/cm-super/cm-super-t1.enc}</usr/share/texmf-texlive/fonts/type1/public/am
sfonts/cm/cmbx10.pfb></usr/share/texmf-texlive/fonts/type1/public/amsfonts/cm/c
mex10.pfb></usr/share/texmf-texlive/fonts/type1/public/amsfonts/cmextra/cmex8.p
fb></usr/share/texmf-texlive/fonts/type1/public/amsfonts/cm/cmmi10.pfb></usr/sh
are/texmf-texlive/fonts/type1/public/amsfonts/cm/cmmi6.pfb></usr/share/texmf-te
xlive/fonts/type1/public/amsfonts/cm/cmmi8.pfb></usr/share/texmf-texlive/fonts/
type1/public/amsfonts/cm/cmr10.pfb></usr/share/texmf-texlive/fonts/type1/public
/amsfonts/cm/cmr6.pfb></usr/share/texmf-texlive/fonts/type1/public/amsfonts/cm/
cmr8.pfb></usr/share/texmf-texlive/fonts/type1/public/amsfonts/cm/cmsy10.pfb></
usr/share/texmf-texlive/fonts/type1/public/amsfonts/cm/cmsy6.pfb></usr/share/te
xmf-texlive/fonts/type1/public/amsfonts/cm/cmsy8.pfb></usr/share/texmf-texlive/
fonts/type1/public/doublestroke/dsrom10.pfb></usr/share/texmf-texlive/fonts/typ
e1/public/amsfonts/euler/eufm10.pfb></usr/share/texmf-texlive/fonts/type1/publi
c/amsfonts/latxfont/line10.pfb></usr/share/texmf-texlive/fonts/type1/public/ams
fonts/symbols/msam10.pfb></usr/share/texmf-texlive/fonts/type1/public/amsfonts/
symbols/msbm10.pfb></usr/share/texmf-texlive/fonts/type1/public/amsfonts/symbol
s/msbm7.pfb></usr/share/texmf-texlive/fonts/type1/public/rsfs/rsfs10.pfb></usr/
share/texmf/fonts/type1/public/cm-super/sfbx1095.pfb></usr/share/texmf/fonts/ty
pe1/public/cm-super/sfrm0800.pfb></usr/share/texmf/fonts/type1/public/cm-super/
sfrm1095.pfb></usr/share/texmf/fonts/type1/public/cm-super/sfrm1440.pfb></usr/s
hare/texmf/fonts/type1/public/cm-super/sfsl1095.pfb></usr/share/texmf/fonts/typ
e1/public/cm-super/sfsx1095.pfb></usr/share/texmf/fonts/type1/public/cm-super/s
fsx1440.pfb></usr/share/texmf/fonts/type1/public/cm-super/sfsx2074.pfb></usr/sh
are/texmf/fonts/type1/public/cm-super/sfti1095.pfb></usr/share/texmf/fonts/type
1/public/cm-super/sftt1095.pfb></usr/share/texmf/fonts/type1/public/cm-super/sf
tt1440.pfb></usr/share/texmf-texlive/fonts/type1/hoekwater/stmaryrd/stmary10.pf
b></usr/share/texmf-texlive/fonts/type1/hoekwater/stmaryrd/stmary8.pfb></usr/sh
are/texmf-texlive/fonts/type1/public/wasy/wasy10.pfb>
Output written on GeoMasT.pdf (179 pages, 1251487 bytes).
Transcript written on GeoMasT.log.
Result: ExitSuccess

Running /usr/bin/convert -verbose GeoMasT.pdf[0] -resize 70x GeoMasT.png in an env with 4 entries:
"gs" -q -dQUIET -dSAFER -dBATCH -dNOPAUSE -dNOPROMPT -dMaxBitmap=500000000 -dAlignToPixels=0 -dGridFitTT=2 "-sDEVICE=pngalpha" -dTextAlphaBits=4 -dGraphicsAlphaBits=4 "-r72x72" -dFirstPage=1 -dLastPage=1 "-sOutputFile=/tmp/magick-ztXJAwyt-%08d" "-f/tmp/magick-yBQzhuad" "-f/tmp/magick-08uTTvMW"
/tmp/magick-ztXJAwyt-00000001 PNG 595x842 595x842+0+0 8-bit DirectClass 12.3KB 0.000u 0:00.009
GeoMasT.pdf[0]=>GeoMasT.pdf PDF 595x842 595x842+0+0 16-bit DirectClass 12.3KB 0.000u 0:00.000
GeoMasT.pdf[0]=>GeoMasT.png PDF 595x842=>70x99 70x99+0+0 16-bit DirectClass 0.290u 0:00.070
Result: ExitSuccess

Running /usr/bin/optipng -verbose GeoMasT.png in an env with 4 entries:
OptiPNG 0.6.4: Advanced PNG optimizer.
Copyright (C) 2001-2010 Cosmin Truta.

** Processing: GeoMasT.png
70x99 pixels, 4x16 bits/pixel, RGB+alpha
Input IDAT size = 1394 bytes
Input file size = 4028 bytes

Trying:
  zc = 9  zm = 8  zs = 0  f = 0		IDAT size = 1255
  zc = 9  zm = 8  zs = 1  f = 0		IDAT too big
  zc = 1  zm = 8  zs = 2  f = 0		IDAT too big
  zc = 9  zm = 8  zs = 3  f = 0		IDAT too big
  zc = 9  zm = 8  zs = 0  f = 5		IDAT too big
  zc = 9  zm = 8  zs = 1  f = 5		IDAT too big
  zc = 1  zm = 8  zs = 2  f = 5		IDAT too big
  zc = 9  zm = 8  zs = 3  f = 5		IDAT too big

Selecting parameters:
  zc = 9  zm = 8  zs = 0  f = 0		IDAT size = 1255

Output IDAT size = 1255 bytes (139 bytes decrease)
Output file size = 3889 bytes (139 bytes = 3.45% decrease)

** Status report
1 file(s) have been processed.
Result: ExitSuccess
