
Running /usr/bin/pdflatex GeoSchemata15.tex in an env with 4 entries:
This is pdfTeX, Version 3.1415926-1.40.10 (TeX Live 2009/Debian)
entering extended mode
(data/GeoSchemata15.tex
LaTeX2e <2009/09/24>
Babel <v3.8l> and hyphenation patterns for english, usenglishmax, dumylang, noh
yphenation, farsi, arabic, croatian, bulgarian, ukrainian, russian, czech, slov
ak, danish, dutch, finnish, french, basque, ngerman, german, german-x-2009-06-1
9, ngerman-x-2009-06-19, ibycus, monogreek, greek, ancientgreek, hungarian, san
skrit, italian, latin, latvian, lithuanian, mongolian2a, mongolian, bokmal, nyn
orsk, romanian, irish, coptic, serbian, turkish, welsh, esperanto, uppersorbian
, estonian, indonesian, interlingua, icelandic, kurmanji, slovenian, polish, po
rtuguese, spanish, galician, catalan, swedish, ukenglish, loaded.
(/usr/share/texmf-texlive/tex/latex/base/book.cls
Document Class: book 2007/10/19 v1.4h Standard LaTeX document class
(/usr/share/texmf-texlive/tex/latex/base/bk11.clo))
(/usr/share/texmf-texlive/tex/latex/amsfonts/amssymb.sty
(/usr/share/texmf-texlive/tex/latex/amsfonts/amsfonts.sty))
(/usr/share/texmf-texlive/tex/latex/base/inputenc.sty
(/usr/share/texmf-texlive/tex/latex/base/utf8.def
(/usr/share/texmf-texlive/tex/latex/base/t1enc.dfu)
(/usr/share/texmf-texlive/tex/latex/base/ot1enc.dfu)
(/usr/share/texmf-texlive/tex/latex/base/omsenc.dfu)))
(/usr/share/texmf-texlive/tex/latex/base/fontenc.sty
(/usr/share/texmf-texlive/tex/latex/base/t1enc.def))
(/usr/share/texmf-texlive/tex/generic/german/german.sty v2.5e 1998-07-08)
(/usr/share/texmf-texlive/tex/generic/babel/babel.sty
(/usr/share/texmf-texlive/tex/generic/babel/germanb.ldf
(/usr/share/texmf-texlive/tex/generic/babel/babel.def)))
(/usr/share/texmf-texlive/tex/latex/geometry/geometry.sty
(/usr/share/texmf-texlive/tex/latex/graphics/keyval.sty)
(/usr/share/texmf-texlive/tex/generic/oberdiek/ifpdf.sty)
(/usr/share/texmf-texlive/tex/generic/oberdiek/ifvtex.sty)
(/usr/share/texmf-texlive/tex/xelatex/xetexconfig/geometry.cfg))
(/usr/share/texmf-texlive/tex/latex/paralist/paralist.sty)
(/usr/share/texmf-texlive/tex/latex/titlesec/titlesec.sty)
(/usr/share/texmf-texlive/tex/latex/amsmath/amsmath.sty
For additional information on amsmath, use the `?' option.
(/usr/share/texmf-texlive/tex/latex/amsmath/amstext.sty
(/usr/share/texmf-texlive/tex/latex/amsmath/amsgen.sty))
(/usr/share/texmf-texlive/tex/latex/amsmath/amsbsy.sty)
(/usr/share/texmf-texlive/tex/latex/amsmath/amsopn.sty))
(/usr/share/texmf-texlive/tex/latex/setspace/setspace.sty
Package: `setspace' 6.7 <2000/12/01>
) (/usr/share/texmf-texlive/tex/latex/polynom/polynom.sty)
(/usr/share/texmf-texlive/tex/latex/stmaryrd/stmaryrd.sty)
(/usr/share/texmf-texlive/tex/generic/xypic/xy.sty
(/usr/share/texmf-texlive/tex/generic/xypic/xy.tex Bootstrap'ing: catcodes,
docmode, (/usr/share/texmf-texlive/tex/generic/xypic/xyrecat.tex)
(/usr/share/texmf-texlive/tex/generic/xypic/xyidioms.tex)

 Xy-pic version 3.7 <1999/02/16>
 Copyright (c) 1991-1998 by Kristoffer H. Rose <krisrose@ens-lyon.fr>
 Xy-pic is free software: see the User's Guide for details.

Loading kernel: messages; fonts; allocations: state, direction,
utility macros; pictures: \xy, positions, objects, decorations;
kernel objects: directionals, circles, text; options; algorithms: directions,
edges, connections;  Xy-pic loaded)
(/usr/share/texmf-texlive/tex/generic/xypic/xyarrow.tex
 Xy-pic option: Arrow and Path feature v.3.5 path, \ar, loaded)
(/usr/share/texmf-texlive/tex/generic/xypic/xymatrix.tex
 Xy-pic option: Matrix feature v.3.4 loaded)
(/usr/share/texmf-texlive/tex/generic/xypic/xycurve.tex
 Xy-pic option: Curve and Spline extension v.3.7 curve, circles, loaded))
(/usr/share/texmf-texlive/tex/latex/float/float.sty)
(/usr/share/texmf-texlive/tex/latex/titlesec/titletoc.sty)
(/usr/share/texmf-texlive/tex/latex/pgfplots/pgfplots.sty
(/usr/share/texmf/tex/latex/pgf/frontendlayer/tikz.sty
(/usr/share/texmf/tex/latex/pgf/basiclayer/pgf.sty
(/usr/share/texmf/tex/latex/pgf/utilities/pgfrcs.sty
(/usr/share/texmf/tex/generic/pgf/utilities/pgfutil-common.tex)
(/usr/share/texmf/tex/generic/pgf/utilities/pgfutil-latex.def
(/usr/share/texmf-texlive/tex/latex/ms/everyshi.sty))
(/usr/share/texmf/tex/generic/pgf/utilities/pgfrcs.code.tex))
(/usr/share/texmf/tex/latex/pgf/basiclayer/pgfcore.sty
(/usr/share/texmf-texlive/tex/latex/graphics/graphicx.sty
(/usr/share/texmf-texlive/tex/latex/graphics/graphics.sty
(/usr/share/texmf-texlive/tex/latex/graphics/trig.sty)
(/etc/texmf/tex/latex/config/graphics.cfg)
(/usr/share/texmf-texlive/tex/latex/pdftex-def/pdftex.def)))
(/usr/share/texmf/tex/latex/pgf/systemlayer/pgfsys.sty
(/usr/share/texmf/tex/generic/pgf/systemlayer/pgfsys.code.tex
(/usr/share/texmf/tex/generic/pgf/utilities/pgfkeys.code.tex
(/usr/share/texmf/tex/generic/pgf/utilities/pgfkeysfiltered.code.tex))
(/usr/share/texmf/tex/generic/pgf/systemlayer/pgf.cfg)
(/usr/share/texmf/tex/generic/pgf/systemlayer/pgfsys-pdftex.def
(/usr/share/texmf/tex/generic/pgf/systemlayer/pgfsys-common-pdf.def)))
(/usr/share/texmf/tex/generic/pgf/systemlayer/pgfsyssoftpath.code.tex)
(/usr/share/texmf/tex/generic/pgf/systemlayer/pgfsysprotocol.code.tex))
(/usr/share/texmf/tex/latex/xcolor/xcolor.sty
(/etc/texmf/tex/latex/config/color.cfg))
(/usr/share/texmf/tex/generic/pgf/basiclayer/pgfcore.code.tex
(/usr/share/texmf/tex/generic/pgf/math/pgfmath.code.tex
(/usr/share/texmf/tex/generic/pgf/math/pgfmathcalc.code.tex
(/usr/share/texmf/tex/generic/pgf/math/pgfmathutil.code.tex)
(/usr/share/texmf/tex/generic/pgf/math/pgfmathparser.code.tex)
(/usr/share/texmf/tex/generic/pgf/math/pgfmathfunctions.code.tex
(/usr/share/texmf/tex/generic/pgf/math/pgfmathfunctions.basic.code.tex)
(/usr/share/texmf/tex/generic/pgf/math/pgfmathfunctions.trigonometric.code.tex)
(/usr/share/texmf/tex/generic/pgf/math/pgfmathfunctions.random.code.tex)
(/usr/share/texmf/tex/generic/pgf/math/pgfmathfunctions.comparison.code.tex)
(/usr/share/texmf/tex/generic/pgf/math/pgfmathfunctions.base.code.tex)
(/usr/share/texmf/tex/generic/pgf/math/pgfmathfunctions.round.code.tex)
(/usr/share/texmf/tex/generic/pgf/math/pgfmathfunctions.misc.code.tex)))
(/usr/share/texmf/tex/generic/pgf/math/pgfmathfloat.code.tex))
(/usr/share/texmf/tex/generic/pgf/basiclayer/pgfcorepoints.code.tex)
(/usr/share/texmf/tex/generic/pgf/basiclayer/pgfcorepathconstruct.code.tex)
(/usr/share/texmf/tex/generic/pgf/basiclayer/pgfcorepathusage.code.tex)
(/usr/share/texmf/tex/generic/pgf/basiclayer/pgfcorescopes.code.tex)
(/usr/share/texmf/tex/generic/pgf/basiclayer/pgfcoregraphicstate.code.tex)
(/usr/share/texmf/tex/generic/pgf/basiclayer/pgfcoretransformations.code.tex)
(/usr/share/texmf/tex/generic/pgf/basiclayer/pgfcorequick.code.tex)
(/usr/share/texmf/tex/generic/pgf/basiclayer/pgfcoreobjects.code.tex)
(/usr/share/texmf/tex/generic/pgf/basiclayer/pgfcorepathprocessing.code.tex)
(/usr/share/texmf/tex/generic/pgf/basiclayer/pgfcorearrows.code.tex)
(/usr/share/texmf/tex/generic/pgf/basiclayer/pgfcoreshade.code.tex)
(/usr/share/texmf/tex/generic/pgf/basiclayer/pgfcoreimage.code.tex
(/usr/share/texmf/tex/generic/pgf/basiclayer/pgfcoreexternal.code.tex))
(/usr/share/texmf/tex/generic/pgf/basiclayer/pgfcorelayers.code.tex)
(/usr/share/texmf/tex/generic/pgf/basiclayer/pgfcoretransparency.code.tex)
(/usr/share/texmf/tex/generic/pgf/basiclayer/pgfcorepatterns.code.tex)))
(/usr/share/texmf/tex/generic/pgf/modules/pgfmoduleshapes.code.tex)
(/usr/share/texmf/tex/generic/pgf/modules/pgfmoduleplot.code.tex)
(/usr/share/texmf/tex/latex/pgf/compatibility/pgfcomp-version-0-65.sty)
(/usr/share/texmf/tex/latex/pgf/compatibility/pgfcomp-version-1-18.sty))
(/usr/share/texmf/tex/latex/pgf/utilities/pgffor.sty
(/usr/share/texmf/tex/latex/pgf/utilities/pgfkeys.sty
(/usr/share/texmf/tex/generic/pgf/utilities/pgfkeys.code.tex))
(/usr/share/texmf/tex/generic/pgf/utilities/pgffor.code.tex))
(/usr/share/texmf/tex/generic/pgf/frontendlayer/tikz/tikz.code.tex
(/usr/share/texmf/tex/generic/pgf/libraries/pgflibraryplothandlers.code.tex)
(/usr/share/texmf/tex/generic/pgf/modules/pgfmodulematrix.code.tex)
(/usr/share/texmf/tex/generic/pgf/frontendlayer/tikz/libraries/tikzlibrarytopat
hs.code.tex))) (/usr/share/texmf-texlive/tex/generic/pgfplots/pgfplots.code.tex
 (/usr/share/texmf-texlive/tex/generic/pgfplots/pgfplotscore.code.tex)
(/usr/share/texmf-texlive/tex/generic/pgfplots/oldpgfcompatib/pgfplotsoldpgfsup
p_loader.code.tex
Package pgfplots: loading complementary code for your PGF version...

(/usr/share/texmf-texlive/tex/generic/pgfplots/oldpgfcompatib/pgfplotsoldpgfsup
p_misc.code.tex)
(/usr/share/texmf-texlive/tex/generic/pgfplots/oldpgfcompatib/pgfplotsoldpgfsup
p_pgfkeysfiltered.code.tex)
(/usr/share/texmf-texlive/tex/generic/pgfplots/oldpgfcompatib/pgfplotsoldpgfsup
p_pgfmathfloat.code.tex)
(/usr/share/texmf-texlive/tex/generic/pgfplots/oldpgfcompatib/pgfplotsoldpgfsup
p_pgflibraryplothandlers.code.tex)
(/usr/share/texmf/tex/generic/pgf/libraries/pgflibraryfpu.code.tex))
(/usr/share/texmf-texlive/tex/generic/pgfplots/util/pgfplotsutil.code.tex
(/usr/share/texmf-texlive/tex/generic/pgfplots/liststructure/pgfplotsliststruct
ure.code.tex)
(/usr/share/texmf-texlive/tex/generic/pgfplots/liststructure/pgfplotsliststruct
ureext.code.tex)
(/usr/share/texmf-texlive/tex/generic/pgfplots/liststructure/pgfplotsarray.code
.tex)
(/usr/share/texmf-texlive/tex/generic/pgfplots/numtable/pgfplotstable.code.tex
(/usr/share/texmf-texlive/tex/generic/pgfplots/numtable/pgfplotstable.coltype.c
ode.tex)))
(/usr/share/texmf-texlive/tex/generic/pgfplots/util/pgfplotscolormap.code.tex)
(/usr/share/texmf-texlive/tex/generic/pgfplots/pgfplots.stackedplots.code.tex)
(/usr/share/texmf-texlive/tex/generic/pgfplots/pgfplotscoordprocessing.code.tex
) (/usr/share/texmf-texlive/tex/generic/pgfplots/pgfplotsticks.code.tex)
(/usr/share/texmf/tex/generic/pgf/frontendlayer/tikz/libraries/tikzlibrarydecor
ations.code.tex
(/usr/share/texmf/tex/generic/pgf/modules/pgfmoduledecorations.code.tex))
(/usr/share/texmf/tex/generic/pgf/frontendlayer/tikz/libraries/tikzlibrarydecor
ations.pathmorphing.code.tex
(/usr/share/texmf/tex/generic/pgf/libraries/decorations/pgflibrarydecorations.p
athmorphing.code.tex))
(/usr/share/texmf/tex/generic/pgf/frontendlayer/tikz/libraries/tikzlibrarydecor
ations.pathreplacing.code.tex
(/usr/share/texmf/tex/generic/pgf/libraries/decorations/pgflibrarydecorations.p
athreplacing.code.tex)))
(/usr/share/texmf/tex/generic/pgf/frontendlayer/tikz/libraries/tikzlibraryplotm
arks.code.tex
(/usr/share/texmf/tex/generic/pgf/libraries/pgflibraryplotmarks.code.tex)))
(/usr/share/texmf-texlive/tex/latex/wrapfig/wrapfig.sty)
(/usr/share/texmf-texlive/tex/generic/mathabx/mathabx.sty
(/usr/share/texmf-texlive/tex/generic/mathabx/mathabx.dcl))
(/usr/share/texmf-texlive/tex/latex/base/ifthen.sty)
(/usr/share/texmf-texlive/tex/latex/caption/caption.sty
(/usr/share/texmf-texlive/tex/latex/caption/caption3.sty))
(/usr/share/texmf-texlive/tex/latex/caption/subcaption.sty) (data/latexki.sty)
(/usr/share/texmf-texlive/tex/latex/ntheorem/ntheorem.sty
Style `ntheorem', Version 1.25 <2005/07/07>
) (/usr/share/texmf-texlive/tex/latex/hyperref/hyperref.sty
(/usr/share/texmf-texlive/tex/generic/ifxetex/ifxetex.sty)
(/usr/share/texmf-texlive/tex/latex/oberdiek/hycolor.sty
(/usr/share/texmf-texlive/tex/latex/oberdiek/xcolor-patch.sty))
(/usr/share/texmf-texlive/tex/latex/hyperref/pd1enc.def)
(/usr/share/texmf-texlive/tex/generic/oberdiek/etexcmds.sty
(/usr/share/texmf-texlive/tex/generic/oberdiek/infwarerr.sty))
(/usr/share/texmf-texlive/tex/latex/latexconfig/hyperref.cfg)
(/usr/share/texmf-texlive/tex/latex/oberdiek/kvoptions.sty
(/usr/share/texmf-texlive/tex/generic/oberdiek/kvsetkeys.sty))
Implicit mode ON; LaTeX internals redefined
(/usr/share/texmf-texlive/tex/latex/ltxmisc/url.sty)
(/usr/share/texmf-texlive/tex/generic/oberdiek/bitset.sty
(/usr/share/texmf-texlive/tex/generic/oberdiek/intcalc.sty)
(/usr/share/texmf-texlive/tex/generic/oberdiek/bigintcalc.sty
(/usr/share/texmf-texlive/tex/generic/oberdiek/pdftexcmds.sty
(/usr/share/texmf-texlive/tex/generic/oberdiek/ifluatex.sty)
(/usr/share/texmf-texlive/tex/generic/oberdiek/ltxcmds.sty))))
(/usr/share/texmf-texlive/tex/generic/oberdiek/atbegshi.sty))
*hyperref using default driver hpdftex*
(/usr/share/texmf-texlive/tex/latex/hyperref/hpdftex.def)
No file GeoSchemata15.aux.
*geometry auto-detecting driver*
*geometry detected driver: pdftex*
ABD: EveryShipout initializing macros
(/usr/share/texmf-texlive/tex/context/base/supp-pdf.mkii
[Loading MPS to PDF converter (version 2006.09.02).]
) (/usr/share/texmf-texlive/tex/latex/hyperref/nameref.sty
(/usr/share/texmf-texlive/tex/latex/oberdiek/refcount.sty))
Underfull \hbox (badness 10000) in paragraph at lines 146--147


LaTeX Font Warning: Font shape `T1/cmr/m/n' in size <40> not available
(Font)              size <35.83> substituted on input line 149.


LaTeX Font Warning: Font shape `T1/cmr/bx/n' in size <40> not available
(Font)              size <35.83> substituted on input line 149.


Underfull \hbox (badness 10000) in paragraph at lines 151--152


Underfull \hbox (badness 10000) in paragraph at lines 153--154

(/usr/share/texmf-texlive/tex/latex/amsfonts/umsa.fd)
(/usr/share/texmf-texlive/tex/latex/amsfonts/umsb.fd)
(/usr/share/texmf-texlive/tex/latex/stmaryrd/Ustmry.fd)
Underfull \hbox (badness 10000) in paragraph at lines 155--156

[1{/var/lib/texmf/fonts/map/pdftex/updmap/pdftex.map}] [2] [3] [4]
Kapitel I\hskip 1em\relax .
(/usr/share/texmf-texlive/tex/latex/amsfonts/ueuf.fd)
Underfull \vbox (badness 4846) has occurred while \output is active [5]
Overfull \hbox (11.96242pt too wide) detected at line 243
\OML/cmm/m/it/10.95 V\U/matha/m/n/10.95 p\OML/cmm/m/it/10.95 I[]\U/matha/m/n/10
.95 q Y \OML/cmm/m/it/10.95 V\U/matha/m/n/10.95 p\OML/cmm/m/it/10.95 I[]\U/math
a/m/n/10.95 q  ^^P  t\U/euf/m/n/10.95 p \U/matha/m/n/10.95 P [] \OML/cmm/m/it/1
0.95 R \U/matha/m/n/10.95 | \OML/cmm/m/it/10.95 I[] \U/matha/m/n/10.95 „ \U/euf
/m/n/10.95 p[]\OML/cmm/m/it/10.95 I[] \U/matha/m/n/10.95 „ \U/euf/m/n/10.95 p\U
/matha/m/n/10.95 u  []  t\U/euf/m/n/10.95 p \U/matha/m/n/10.95 P [] \OML/cmm/m/
it/10.95 R \U/matha/m/n/10.95 | \OML/cmm/m/it/10.95 I[] \U/matha/m/n/10.95 X \O
ML/cmm/m/it/10.95 I[] \U/matha/m/n/10.95 „ \U/euf/m/n/10.95 p\U/matha/m/n/10.95
 u  ^^P  \OML/cmm/m/it/10.95 V\U/matha/m/n/10.95 p\OML/cmm/m/it/10.95 I[] \U/ma
tha/m/n/10.95 X \OML/cmm/m/it/10.95 I[]\U/matha/m/n/10.95 q\OML/cmm/m/it/10.95 
:
[6] [7] [8] [9] [10]
Underfull \vbox (badness 1721) has occurred while \output is active [11]
[12] <xymatrix 4x3 214> [13] [14]
Overfull \hbox (5.13715pt too wide) detected at line 588
\OMS/cmsy/m/n/10.95 F[]\U/matha/m/n/10.95 p\OML/cmm/m/it/10.95 U\U/matha/m/n/10
.95 q \OT1/cmr/m/n/10.95 :\U/matha/m/n/10.95 ^^P [] \OML/cmm/m/it/10.95 :
[15] [16]
Overfull \hbox (2.58913pt too wide) in paragraph at lines 685--686
\T1/cmr/m/n/10.95 si-sten-te Fa-mi-lie. Dann ist $\U/matha/m/n/10.95 t\OML/cmm/
m/it/10.95 f[]\U/matha/m/n/10.95 p\OML/cmm/m/it/10.95 V[]\U/matha/m/n/10.95 qu[
]$ \T1/cmr/m/n/10.95 of-fe-ne Über-deckung von $\OML/cmm/m/it/10.95 f[]\U/matha
/m/n/10.95 p\OML/cmm/m/it/10.95 V\U/matha/m/n/10.95 q$ \T1/cmr/m/n/10.95 und $\
OML/cmm/m/it/10.95 s[] \U/matha/m/n/10.95 P \OMS/cmsy/m/n/10.95 F []$

Underfull \vbox (badness 10000) has occurred while \output is active [17]
<xymatrix 4x3 214>
Underfull \vbox (badness 3919) has occurred while \output is active [18]
<xymatrix 3x3 229> [19] [20] [21] [22] [23] <xymatrix 3x3 120>
Underfull \vbox (badness 1789) has occurred while \output is active [24]
<xymatrix 7x3 387> [25] <xymatrix 9x4 599>
Underfull \vbox (badness 10000) has occurred while \output is active [26]
<xymatrix 6x5 416> [27] <xymatrix 7x3 387> <xymatrix 7x3 387> [28] <xymatrix
5x2 165> <xymatrix 7x3 365>
Underfull \vbox (badness 10000) has occurred while \output is active [29]
<xymatrix 3x2 190> <xymatrix 9x3 552>
Overfull \hbox (6.32085pt too wide) detected at line 1264
[]
[30] [31] <xymatrix 3x2 169> [32]
Overfull \hbox (14.24382pt too wide) detected at line 1386
[]\U/matha/m/n/10.95 p\OML/cmm/m/it/10.95 T; X\U/matha/m/n/10.95 q ^^P [] \OML/
cmm/m/it/10.95 ;
[33] [34] [35] <xymatrix 8x3 506> [36] <xymatrix 3x2 183> <xymatrix 3x2 169>
[37] <xymatrix 3x2 183> <xymatrix 3x3 286> <xymatrix 5x4 383> [38] <xymatrix
4x3 385>
Underfull \vbox (badness 10000) has occurred while \output is active [39]
<xymatrix 3x2 162> <xymatrix 3x2 203> <xymatrix 3x3 272> [40] <xymatrix 5x3
433> <xymatrix 3x3 188> <xymatrix 3x3 195> <xymatrix 3x3 161> [41] [42]
Kapitel II\hskip 1em\relax .

Package hyperref Warning: Token not allowed in a PDF string (PDFDocEncoding):
(hyperref)                removing `math shift' on input line 1817.


Package hyperref Warning: Token not allowed in a PDF string (PDFDocEncoding):
(hyperref)                removing `subscript' on input line 1817.


Package hyperref Warning: Token not allowed in a PDF string (PDFDocEncoding):
(hyperref)                removing `math shift' on input line 1817.


Overfull \hbox (2.9378pt too wide) in paragraph at lines 1829--1830
\OMS/cmsy/m/n/10.95 F\U/matha/m/n/10.95 p\OML/cmm/m/it/10.95 U[]\U/matha/m/n/10
.95 q$ \T1/cmr/m/n/10.95 ein $\OMS/cmsy/m/n/10.95 O[]\U/matha/m/n/10.95 p\OML/c
mm/m/it/10.95 U\U/matha/m/n/10.95 q$\T1/cmr/m/n/10.95 -Modulhomomorphismus ist.
 Da-bei wird $\OMS/cmsy/m/n/10.95 F\U/matha/m/n/10.95 p\OML/cmm/m/it/10.95 U[]\
U/matha/m/n/10.95 q$ \T1/cmr/m/n/10.95 ver-mö-ge $[]\OML/cmm/m/it/10.95 ^^Z[]$ 
\T1/cmr/m/n/10.95 als $\OMS/cmsy/m/n/10.95 O[]\U/matha/m/n/10.95 p\OML/cmm/m/it
/10.95 U\U/matha/m/n/10.95 q$\T1/cmr/m/n/10.95 -
[43]
Underfull \vbox (badness 10000) has occurred while \output is active [44]
Underfull \vbox (badness 4967) has occurred while \output is active [45]
[46] [47]
Underfull \vbox (badness 1571) has occurred while \output is active [48]
Underfull \vbox (badness 3229) has occurred while \output is active [49]
[50]
Overfull \hbox (2.69888pt too wide) in paragraph at lines 2151--2152
[]\T1/cmr/m/n/10.95 Sei $\U/matha/m/n/10.95 p\OML/cmm/m/it/10.95 X; \OMS/cmsy/m
/n/10.95 O[]\U/matha/m/n/10.95 q$ \T1/cmr/m/n/10.95 lo-kal ge-ring-ter Raum so-
wie $\OMS/cmsy/m/n/10.95 F$\T1/cmr/m/n/10.95 , $\OMS/cmsy/m/n/10.95 G$ $O[]$\T1
/cmr/m/n/10.95 -Modulgarben

LaTeX Font Warning: Font shape `U/stmry/b/n' undefined
(Font)              using `U/stmry/m/n' instead on input line 2152.

[51]
Overfull \hbox (7.79547pt too wide) in paragraph at lines 2179--2180
[]\T1/cmr/m/n/10.95 Es ge-nügt zu zei-gen: Ist $\U/matha/m/n/10.95 t\OML/cmm/m/
it/10.95 U[]\U/matha/m/n/10.95 u[]$ \T1/cmr/m/n/10.95 of-fe-ne Über-deckung von
 $\OML/cmm/m/it/10.95 X$\T1/cmr/m/n/10.95 , so ist $[][]\U/matha/m/n/10.95 p\OM
S/cmsy/m/n/10.95 F\OML/cmm/m/it/10.95 ; \OMS/cmsy/m/n/10.95 O[]\U/matha/m/n/10.
95 q|[]$

Underfull \vbox (badness 10000) has occurred while \output is active [52]
<xymatrix 5x2 165> [53]
Underfull \vbox (badness 3792) has occurred while \output is active [54]
[55] [56]
Kapitel III\hskip 1em\relax .
<xymatrix 5x2 206> <xymatrix 5x2 206> [57] <xymatrix 11x2 554> [58] <xymatrix
6x5 1260>
Underfull \vbox (badness 10000) has occurred while \output is active [59]
[60] [61] <xymatrix 9x2 388>
Overfull \hbox (2.31343pt too wide) in paragraph at lines 2551--2552
[]$\OML/cmm/m/it/10.95 P$ \T1/cmr/m/n/10.95 ist ge-nau dann pro-jek-tiv, falls 
für je-des sol-che rechtsex-ak-te Die-gramm ein $[] \U/matha/m/n/10.95 P [][]p\
OML/cmm/m/it/10.95 P; C\U/matha/m/n/10.95 q$
<xymatrix 5x2 151> [62] <xymatrix 5x2 158> <xymatrix 5x2 199> [63] [64]
<xymatrix 9x2 538> <xymatrix 5x2 247>
Underfull \vbox (badness 10000) has occurred while \output is active [65]
<xymatrix 7x3 468> <xymatrix 5x3 349>
Underfull \vbox (badness 10000) has occurred while \output is active [66]
<xymatrix 5x5 1001> [67]

Package hyperref Warning: Composite letter `\textasciicaron+C'
(hyperref)                not defined in PD1 encoding,
(hyperref)                removing `\textasciicaron' on input line 2789.

[68]
Underfull \vbox (badness 10000) has occurred while \output is active [69]
Overfull \hbox (10.1187pt too wide) in paragraph at lines 2887--2890
[]\T1/cmr/m/n/10.95 Zeige zu-nächst die Ex-akt-heit bei $\OMS/cmsy/m/n/10.95 C[
]\U/matha/m/n/10.95 p\U/euf/m/n/10.95 U\OML/cmm/m/it/10.95 ; \OMS/cmsy/m/n/10.9
5 F\U/matha/m/n/10.95 q$\T1/cmr/m/n/10.95 . Sei $\OML/cmm/m/it/10.95 U \U/matha
/m/n/10.95 „ \OML/cmm/m/it/10.95 X$ \T1/cmr/m/n/10.95 of-fen, $\U/matha/m/n/10.
95 p\OML/cmm/m/it/10.95 s[]\U/matha/m/n/10.95 q[] P \OT1/cmr/m/n/10.95 ^^@ []$\
T1/cmr/m/n/10.95 .
[70]
Overfull \hbox (6.10916pt too wide) in paragraph at lines 2898--2899
[]\T1/cmr/m/n/10.95 Sei $[] \U/matha/m/n/10.95 P \OMS/cmsy/m/n/10.95 C[]\U/math
a/m/n/10.95 p\U/euf/m/n/10.95 U\OML/cmm/m/it/10.95 ; \OMS/cmsy/m/n/10.95 F\U/ma
tha/m/n/10.95 q$\T1/cmr/m/n/10.95 , das heiÿt es ist $[] \U/matha/m/n/10.95 ^^P
 rp\OML/cmm/m/it/10.95 V; s\U/matha/m/n/10.95 qs$ \T1/cmr/m/n/10.95 mit $\OML/c
mm/m/it/10.95 V \U/matha/m/n/10.95 „ \OML/cmm/m/it/10.95 U[]$ \T1/cmr/m/n/10.95
 und $\OML/cmm/m/it/10.95 s \U/matha/m/n/10.95 ^^P p\OML/cmm/m/it/10.95 s[]\U/m
atha/m/n/10.95 q[] P
<xymatrix 5x2 260> [71]

LaTeX Warning: Command \" invalid in math mode on input line 2978.

[72] [73] [74]
Underfull \vbox (badness 10000) has occurred while \output is active [75]
[76] [77]
Overfull \hbox (24.46239pt too wide) in paragraph at lines 3154--3155
[]\T1/cmr/m/it/10.95 Sei $\U/matha/m/n/10.95 p\OML/cmm/m/it/10.95 X; \OMS/cmsy/
m/n/10.95 O[]\U/matha/m/n/10.95 q$ \T1/cmr/m/it/10.95 ein noether-sches, se-pa-
rier-tes Sche-ma, $\OMS/cmsy/m/n/10.95 F$ \T1/cmr/m/it/10.95 ei-ne qua-si-ko-hä
-ren-te $\OMS/cmsy/m/n/10.95 O[]$\T1/cmr/m/it/10.95 -Modulgarbe
[78] [79] [80] [81]
Underfull \vbox (badness 10000) has occurred while \output is active [82]
Underfull \vbox (badness 10000) has occurred while \output is active [83]
Underfull \vbox (badness 10000) has occurred while \output is active [84]
Underfull \vbox (badness 10000) has occurred while \output is active [85]
[86] [87]
Overfull \hbox (8.59486pt too wide) in paragraph at lines 3519--3520
[]\T1/cmr/m/it/10.95 Sei $\OML/cmm/m/it/10.95 X$ \T1/cmr/m/it/10.95 ei-ne nicht
-
[88]
Underfull \vbox (badness 1360) has occurred while \output is active [89]
[90]
Underfull \vbox (badness 10000) has occurred while \output is active [91]
Overfull \hbox (11.44995pt too wide) detected at line 3653
\OT1/cmr/m/n/10.95 d\OML/cmm/m/it/10.95 z \U/matha/m/n/10.95 ^^P \OT1/cmr/m/n/1
0.95 d\OML/cmm/m/it/10.95 t[] \U/matha/m/n/10.95 ^^@ \OT1/cmr/m/n/10.95 d\U/mat
ha/m/n/10.95 p\OML/cmm/m/it/10.95 t[]h\U/matha/m/n/10.95 q ^^P \OT1/cmr/m/n/10.
95 d\OML/cmm/m/it/10.95 t[] \U/matha/m/n/10.95 ^^@ \OML/cmm/m/it/10.95 t[]\OT1/
cmr/m/n/10.95 d\OML/cmm/m/it/10.95 h \U/matha/m/n/10.95 ^^@ \OT1/cmr/m/n/10.95 
2\OML/cmm/m/it/10.95 t[]\OT1/cmr/m/n/10.95 d\OML/cmm/m/it/10.95 h \U/matha/m/n/
10.95 ^^P \OT1/cmr/m/n/10.95 d\OML/cmm/m/it/10.95 t[] \U/matha/m/n/10.95 ^^@ \O
ML/cmm/m/it/10.95 t[]h[]\OT1/cmr/m/n/10.95 d\OML/cmm/m/it/10.95 t[] \U/matha/m/
n/10.95 ^^@ \OT1/cmr/m/n/10.95 2\OML/cmm/m/it/10.95 t[]h[]\OT1/cmr/m/n/10.95 d\
OML/cmm/m/it/10.95 t[] \U/matha/m/n/10.95 ^^P \OT1/cmr/m/n/10.95 d\OML/cmm/m/it
/10.95 t\U/matha/m/n/10.95 p\OT1/cmr/m/n/10.95 1 \U/matha/m/n/10.95 ^^@ \OT1/cm
r/m/n/10.95 2\OML/cmm/m/it/10.95 h[]t[] \U/matha/m/n/10.95 ^^@ \OML/cmm/m/it/10
.95 t[]h\U/matha/m/n/10.95 q\OML/cmm/m/it/10.95 :
[92] [93] [94] (./GeoSchemata15.aux)

LaTeX Font Warning: Size substitutions with differences
(Font)              up to 4.17pt have occurred.


LaTeX Font Warning: Some font shapes were not available, defaults substituted.

 )
(see the transcript file for additional information){/usr/share/texmf/fonts/enc
/dvips/cm-super/cm-super-t1.enc}
kpathsea: Running mktexpk --mfmode / --bdpi 600 --mag 1+0/600 --dpi 600 matha6
mktexpk: Running mf-nowin -progname=mf \mode:=ljfour; mag:=1+0/600; nonstopmode; input matha6
This is METAFONT, Version 2.718281 (TeX Live 2009/Debian)

(/usr/share/texmf-texlive/fonts/source/public/mathabx/matha6.mf
(/usr/share/texmf-texlive/fonts/source/public/mathabx/mathprmt.mf
(/usr/share/texmf-texlive/fonts/source/public/mathabx/mathbase.mf))
(/usr/share/texmf-texlive/fonts/source/public/mathabx/mathadrv.mf
(/usr/share/texmf-texlive/fonts/source/public/mathabx/mathasym.mf [0] [1]
[2] [3] [4] [5] [6] [7] [8] [9] [10] [11] [12] [13] [14] [15] [16] [17]
[18] [19] [20] [21] [22] [23] [24] [25] [26] [27] [28] [29] [30] [31])
(/usr/share/texmf-texlive/fonts/source/public/mathabx/mathltlk.mf [64] [65]
[68] [69] [70] [71] [72] [73] [74] [76] [75] [77] [80] [82] [84] [86] [81]
[83] [85] [87] [88] [89] [90] [91] [92] [93] [94] [95] [78] [79])
(/usr/share/texmf-texlive/fonts/source/public/mathabx/mathfine.mf [56] [57]
[66] [67] [58] [59] [53] [54] [55] [48] [49] [50] [51] [52])
(/usr/share/texmf-texlive/fonts/source/public/mathabx/mathbigs.mf [60] [61]
[62]) (/usr/share/texmf-texlive/fonts/source/public/mathabx/mathsmsy.mf)
(/usr/share/texmf-texlive/fonts/source/public/mathabx/mathsymb.mf [32] [127]
[35] [36] [38] [37] [39] [40] [42] [41] [43] [44] [46] [45] [47] [33] [34]
[206] [207] [152] [154] [156] [158] [153] [155] [157] [159])
(/usr/share/texmf-texlive/fonts/source/public/mathabx/matharrw.mf [208]
[209] [216] [218] [219] [220] [210] [211] [217] [212] [213] [214] [215]
[224] [225] [226] [227] [228] [229] [230] [231] [232] [233] [234] [235]
[222] [223] [221] [240] [241] [244] [246] [247] [248] [242] [243] [245]
[249] [250] [251])
(/usr/share/texmf-texlive/fonts/source/public/mathabx/mathbdel.mf [112]
[113] [114] [115] [116] [117] [120] [121] [122] [123] [118] [119] [124]
[125] [126] [63])
(/usr/share/texmf-texlive/fonts/source/public/mathabx/mathsubs.mf [128]
[130] [132] [134] [136] [138] [140] [142] [144] [146] [148] [150])
(/usr/share/texmf-texlive/fonts/source/public/mathabx/mathsubs.mf [129]
[131] [133] [135] [137] [139] [141] [143] [145] [147] [149] [151])
(/usr/share/texmf-texlive/fonts/source/public/mathabx/mathineq.mf [160]
[162] [164] [166] [168] [170] [172] [174] [176] [178] [180] [182] [184]
[186] [188] [190] [192] [194] [196] [198] [200] [202] [204])
(/usr/share/texmf-texlive/fonts/source/public/mathabx/mathineq.mf [161]
[163] [165] [167] [169] [171] [173] [175] [177] [179] [181] [183] [185]
[187] [189] [191] [193] [195] [197] [199] [201] [203] [205])
(/usr/share/texmf-texlive/fonts/source/public/mathabx/mathmbcb.mf [96] [97]
[98] [99] [100] [101] [102] [103] [104] [105] [106] [107] [109] [110] [108]
[111]) ) )
(some charht values had to be adjusted by as much as 0.07426pt)
(some chardp values had to be adjusted by as much as 0.06813pt)
Font metrics written on matha6.tfm.
Output written on matha6.600gf (248 characters, 33080 bytes).
Transcript written on matha6.log.
mktexpk: /home/travis/.texmf-var/fonts/pk/ljfour/public/mathabx/matha6.600pk: successfully generated.
 </home/travis/.texmf-var/fonts/pk/ljfour/publi
c/mathabx/matha6.600pk>
kpathsea: Running mktexpk --mfmode / --bdpi 600 --mag 1+57/600 --dpi 657 mathb10
mktexpk: Running mf-nowin -progname=mf \mode:=ljfour; mag:=1+57/600; nonstopmode; input mathb10
This is METAFONT, Version 2.718281 (TeX Live 2009/Debian)

(/usr/share/texmf-texlive/fonts/source/public/mathabx/mathb10.mf
(/usr/share/texmf-texlive/fonts/source/public/mathabx/mathprmt.mf
(/usr/share/texmf-texlive/fonts/source/public/mathabx/mathbase.mf))
(/usr/share/texmf-texlive/fonts/source/public/mathabx/mathbdrv.mf
(/usr/share/texmf-texlive/fonts/source/public/mathabx/mathbsym.mf [32] [0]
[1] [2] [3] [4] [5] [6] [7] [8] [9] [10] [11] [12] [13] [14] [15])
(/usr/share/texmf-texlive/fonts/source/public/mathabx/mathastr.mf [64] [75]
[76] [77] [78] [65] [66] [67] [68] [69] [70] [71] [72] [73] [74] [80] [81]
[82] [84] [86] [87] [79])
(/usr/share/texmf-texlive/fonts/source/public/mathabx/maydigit.mf [48] [49]
[50] [51] [52] [53])
(/usr/share/texmf-texlive/fonts/source/public/mathabx/mathltlk.mf [88] [89]
[90] [91] [92] [93] [94] [95])
(/usr/share/texmf-texlive/fonts/source/public/mathabx/mathfine.mf [56] [57]
[58] [59] [60])
(/usr/share/texmf-texlive/fonts/source/public/mathabx/mathsymb.mf [127]
[21] [22] [16] [17] [18] [19] [20] [23] [24] [25] [26] [27] [28] [29] [35]
[40] [42] [41] [43] [44] [46] [45] [47] [54] [55] [39] [206] [207] [61]
[62] [63] [32] [36] [37] [38] [33] [34])
(/usr/share/texmf-texlive/fonts/source/public/mathabx/mathsmsy.mf [154]
[155] [152] [153] [158] [159] [156] [157])
(/usr/share/texmf-texlive/fonts/source/public/mathabx/mathbdel.mf [120]
[122] [121] [123] [118] [119] [114] [115] [116] [117] [124] [125] [126]
[112] [113]) (/usr/share/texmf-texlive/fonts/source/public/mathabx/matharrw.mf
[208] [209] [212] [213] [210] [211] [214] [215] [232] [233] [234] [235]
[248] [249] [250] [240] [241] [242] [243] [244] [245] [236] [237] [238]
[239] [246] [247] [252] [253] [254] [255] [216] [217] [218] [219] [220]
[221] [222] [223] [224] [225] [226] [227] [228] [229])
(/usr/share/texmf-texlive/fonts/source/public/mathabx/mathsubs.mf [128]
[130] [132] [134] [136] [138] [140] [142] [144] [146] [148] [150])
(/usr/share/texmf-texlive/fonts/source/public/mathabx/mathsubs.mf [129]
[131] [133] [135] [137] [139] [141] [143] [145] [147] [149] [151])
(/usr/share/texmf-texlive/fonts/source/public/mathabx/mathineq.mf [160]
[162] [164] [166] [168] [170] [172] [174] [176] [178] [180] [182] [184]
[186] [188] [190] [192] [194] [196] [198] [200] [202] [204])
(/usr/share/texmf-texlive/fonts/source/public/mathabx/mathineq.mf [161]
[163] [165] [167] [169] [171] [173] [175] [177] [179] [181] [183] [185]
[187] [189] [191] [193] [195] [197] [199] [201] [203] [205])
(/usr/share/texmf-texlive/fonts/source/public/mathabx/mathmbcb.mf [96] [97]
[98] [99] [100] [101] [102] [103] [104] [105] [106] [107] [109] [110] [108]
[111]) ) )
Font metrics written on mathb10.tfm.
Output written on mathb10.657gf (250 characters, 52964 bytes).
Transcript written on mathb10.log.
mktexpk: /home/travis/.texmf-var/fonts/pk/ljfour/public/mathabx/mathb10.657pk: successfully generated.
 </home/travis/.texmf-var/fonts/pk/ljfour/public/mathabx
/mathb10.657pk>
kpathsea: Running mktexpk --mfmode / --bdpi 600 --mag 1+0/600 --dpi 600 matha8
mktexpk: Running mf-nowin -progname=mf \mode:=ljfour; mag:=1+0/600; nonstopmode; input matha8
This is METAFONT, Version 2.718281 (TeX Live 2009/Debian)

(/usr/share/texmf-texlive/fonts/source/public/mathabx/matha8.mf
(/usr/share/texmf-texlive/fonts/source/public/mathabx/mathprmt.mf
(/usr/share/texmf-texlive/fonts/source/public/mathabx/mathbase.mf))
(/usr/share/texmf-texlive/fonts/source/public/mathabx/mathadrv.mf
(/usr/share/texmf-texlive/fonts/source/public/mathabx/mathasym.mf [0] [1]
[2] [3] [4] [5] [6] [7] [8] [9] [10] [11] [12] [13] [14] [15] [16] [17]
[18] [19] [20] [21] [22] [23] [24] [25] [26] [27] [28] [29] [30] [31])
(/usr/share/texmf-texlive/fonts/source/public/mathabx/mathltlk.mf [64] [65]
[68] [69] [70] [71] [72] [73] [74] [76] [75] [77] [80] [82] [84] [86] [81]
[83] [85] [87] [88] [89] [90] [91] [92] [93] [94] [95] [78] [79])
(/usr/share/texmf-texlive/fonts/source/public/mathabx/mathfine.mf [56] [57]
[66] [67] [58] [59] [53] [54] [55] [48] [49] [50] [51] [52])
(/usr/share/texmf-texlive/fonts/source/public/mathabx/mathbigs.mf [60] [61]
[62]) (/usr/share/texmf-texlive/fonts/source/public/mathabx/mathsmsy.mf)
(/usr/share/texmf-texlive/fonts/source/public/mathabx/mathsymb.mf [32] [127]
[35] [36] [38] [37] [39] [40] [42] [41] [43] [44] [46] [45] [47] [33] [34]
[206] [207] [152] [154] [156] [158] [153] [155] [157] [159])
(/usr/share/texmf-texlive/fonts/source/public/mathabx/matharrw.mf [208]
[209] [216] [218] [219] [220] [210] [211] [217] [212] [213] [214] [215]
[224] [225] [226] [227] [228] [229] [230] [231] [232] [233] [234] [235]
[222] [223] [221] [240] [241] [244] [246] [247] [248] [242] [243] [245]
[249] [250] [251])
(/usr/share/texmf-texlive/fonts/source/public/mathabx/mathbdel.mf [112]
[113] [114] [115] [116] [117] [120] [121] [122] [123] [118] [119] [124]
[125] [126] [63])
(/usr/share/texmf-texlive/fonts/source/public/mathabx/mathsubs.mf [128]
[130] [132] [134] [136] [138] [140] [142] [144] [146] [148] [150])
(/usr/share/texmf-texlive/fonts/source/public/mathabx/mathsubs.mf [129]
[131] [133] [135] [137] [139] [141] [143] [145] [147] [149] [151])
(/usr/share/texmf-texlive/fonts/source/public/mathabx/mathineq.mf [160]
[162] [164] [166] [168] [170] [172] [174] [176] [178] [180] [182] [184]
[186] [188] [190] [192] [194] [196] [198] [200] [202] [204])
(/usr/share/texmf-texlive/fonts/source/public/mathabx/mathineq.mf [161]
[163] [165] [167] [169] [171] [173] [175] [177] [179] [181] [183] [185]
[187] [189] [191] [193] [195] [197] [199] [201] [203] [205])
(/usr/share/texmf-texlive/fonts/source/public/mathabx/mathmbcb.mf [96] [97]
[98] [99] [100] [101] [102] [103] [104] [105] [106] [107] [109] [110] [108]
[111]) ) )
Font metrics written on matha8.tfm.
Output written on matha8.600gf (248 characters, 40628 bytes).
Transcript written on matha8.log.
mktexpk: /home/travis/.texmf-var/fonts/pk/ljfour/public/mathabx/matha8.600pk: successfully generated.
 </home/travis/.texmf-var/fonts/pk/ljfour/public/mathabx/matha8.
600pk>
kpathsea: Running mktexpk --mfmode / --bdpi 600 --mag 1+57/600 --dpi 657 mathx10
mktexpk: Running mf-nowin -progname=mf \mode:=ljfour; mag:=1+57/600; nonstopmode; input mathx10
This is METAFONT, Version 2.718281 (TeX Live 2009/Debian)

(/usr/share/texmf-texlive/fonts/source/public/mathabx/mathx10.mf
(/usr/share/texmf-texlive/fonts/source/public/mathabx/mathprmt.mf
(/usr/share/texmf-texlive/fonts/source/public/mathabx/mathbase.mf))
(/usr/share/texmf-texlive/fonts/source/public/mathabx/mathxdrv.mf
(/usr/share/texmf-texlive/fonts/source/public/mathabx/mathbdel.mf [0] [1]
[2] [3] [4] [5] [6] [8] [9] [10] [11] [12] [13] [14] [16] [17] [18] [19]
[20] [21] [22] [24] [25] [26] [27] [28] [29] [30] [80] [81] [82] [83] [84]
[85] [86] [87] [88] [89] [90] [91] [92] [93] [94] [95] [32] [33] [34] [35]
[36] [37] [38] [39] [40] [41] [42] [43] [44] [45] [46] [47] [64] [65] [66]
[67] [68] [69] [70] [71] [72] [73] [74] [75] [76] [77] [78] [79] [48] [49]
[50] [51] [52] [53] [54] [56] [57] [58] [59] [60] [61] [62] [7] [31] [15]
[23] [55] [63] [104] [105] [106] [107] [108] [109] [110] [111] [96] [97]
[98] [99] [100] [101] [102] [103] [118] [119])
(/usr/share/texmf-texlive/fonts/source/public/mathabx/mathacnt.mf [112]
[120] [121] [122] [123] [113] [124] [125] [126] [127] [114] [128] [129]
[130] [131] [115] [132] [133] [134] [135] [116] [136] [137] [138] [139]
[117] [140] [141] [142] [143])
(/usr/share/texmf-texlive/fonts/source/public/mathabx/mathbigs.mf [176]
[184] [177] [185] [178] [186] [144] [160] [145] [161] [146] [162] [147]
[163] [148] [164] [149] [165] [150] [166] [151] [167] [152] [168] [153]
[169] [154] [170] [155] [171] [156] [172] [179] [180] [181] [182] [183]
[187] [188] [189] [190] [191])
(/usr/share/texmf-texlive/fonts/source/public/mathabx/mathltlk.mf)
(/usr/share/texmf-texlive/fonts/source/public/mathabx/mathmbcb.mf [192]
[193] [194] [195] [196] [197] [198] [199] [200] [201] [202] [203] [205]
[206] [204] [207])
(/usr/share/texmf-texlive/fonts/source/public/mathabx/mathmbcb.mf [208]
[209] [210] [211] [212] [213] [214] [215] [216] [217] [218] [219] [221]
[222] [220] [223])
(/usr/share/texmf-texlive/fonts/source/public/mathabx/mathmbcb.mf [224]
[225] [226] [227] [228] [229] [230] [231] [232] [233] [234] [235] [237]
[238] [236] [239])
(/usr/share/texmf-texlive/fonts/source/public/mathabx/mathmbcb.mf [240]
[241] [242] [243] [244] [245] [246] [247] [248] [249] [250] [251] [253]
[254] [252] [255])
(/usr/share/texmf-texlive/fonts/source/public/mathabx/matharrw.mf [157]
[158] [159] [173] [174] [175]) ) )
Font metrics written on mathx10.tfm.
Output written on mathx10.657gf (256 characters, 105384 bytes).
Transcript written on mathx10.log.
mktexpk: /home/travis/.texmf-var/fonts/pk/ljfour/public/mathabx/mathx10.657pk: successfully generated.
 </home/travis/.texmf-var/fonts/pk/ljfour/public/mathabx/mathx10.657pk>
kpathsea: Running mktexpk --mfmode / --bdpi 600 --mag 1+57/600 --dpi 657 matha10
mktexpk: Running mf-nowin -progname=mf \mode:=ljfour; mag:=1+57/600; nonstopmode; input matha10
This is METAFONT, Version 2.718281 (TeX Live 2009/Debian)

(/usr/share/texmf-texlive/fonts/source/public/mathabx/matha10.mf
(/usr/share/texmf-texlive/fonts/source/public/mathabx/mathprmt.mf
(/usr/share/texmf-texlive/fonts/source/public/mathabx/mathbase.mf))
(/usr/share/texmf-texlive/fonts/source/public/mathabx/mathadrv.mf
(/usr/share/texmf-texlive/fonts/source/public/mathabx/mathasym.mf [0] [1]
[2] [3] [4] [5] [6] [7] [8] [9] [10] [11] [12] [13] [14] [15] [16] [17]
[18] [19] [20] [21] [22] [23] [24] [25] [26] [27] [28] [29] [30] [31])
(/usr/share/texmf-texlive/fonts/source/public/mathabx/mathltlk.mf [64] [65]
[68] [69] [70] [71] [72] [73] [74] [76] [75] [77] [80] [82] [84] [86] [81]
[83] [85] [87] [88] [89] [90] [91] [92] [93] [94] [95] [78] [79])
(/usr/share/texmf-texlive/fonts/source/public/mathabx/mathfine.mf [56] [57]
[66] [67] [58] [59] [53] [54] [55] [48] [49] [50] [51] [52])
(/usr/share/texmf-texlive/fonts/source/public/mathabx/mathbigs.mf [60] [61]
[62]) (/usr/share/texmf-texlive/fonts/source/public/mathabx/mathsmsy.mf)
(/usr/share/texmf-texlive/fonts/source/public/mathabx/mathsymb.mf [32] [127]
[35] [36] [38] [37] [39] [40] [42] [41] [43] [44] [46] [45] [47] [33] [34]
[206] [207] [152] [154] [156] [158] [153] [155] [157] [159])
(/usr/share/texmf-texlive/fonts/source/public/mathabx/matharrw.mf [208]
[209] [216] [218] [219] [220] [210] [211] [217] [212] [213] [214] [215]
[224] [225] [226] [227] [228] [229] [230] [231] [232] [233] [234] [235]
[222] [223] [221] [240] [241] [244] [246] [247] [248] [242] [243] [245]
[249] [250] [251])
(/usr/share/texmf-texlive/fonts/source/public/mathabx/mathbdel.mf [112]
[113] [114] [115] [116] [117] [120] [121] [122] [123] [118] [119] [124]
[125] [126] [63])
(/usr/share/texmf-texlive/fonts/source/public/mathabx/mathsubs.mf [128]
[130] [132] [134] [136] [138] [140] [142] [144] [146] [148] [150])
(/usr/share/texmf-texlive/fonts/source/public/mathabx/mathsubs.mf [129]
[131] [133] [135] [137] [139] [141] [143] [145] [147] [149] [151])
(/usr/share/texmf-texlive/fonts/source/public/mathabx/mathineq.mf [160]
[162] [164] [166] [168] [170] [172] [174] [176] [178] [180] [182] [184]
[186] [188] [190] [192] [194] [196] [198] [200] [202] [204])
(/usr/share/texmf-texlive/fonts/source/public/mathabx/mathineq.mf [161]
[163] [165] [167] [169] [171] [173] [175] [177] [179] [181] [183] [185]
[187] [189] [191] [193] [195] [197] [199] [201] [203] [205])
(/usr/share/texmf-texlive/fonts/source/public/mathabx/mathmbcb.mf [96] [97]
[98] [99] [100] [101] [102] [103] [104] [105] [106] [107] [109] [110] [108]
[111]) ) )
(some charht values had to be adjusted by as much as 0.06827pt)
Font metrics written on matha10.tfm.
Output written on matha10.657gf (248 characters, 52672 bytes).
Transcript written on matha10.log.
mktexpk: /home/travis/.texmf-var/fonts/pk/ljfour/public/mathabx/matha10.657pk: successfully generated.
 <
/home/travis/.texmf-var/fonts/pk/ljfour/public/mathabx/matha10.657pk></usr/shar
e/texmf-texlive/fonts/type1/public/amsfonts/cm/cmbx10.pfb></usr/share/texmf-tex
live/fonts/type1/public/amsfonts/cm/cmmi10.pfb></usr/share/texmf-texlive/fonts/
type1/public/amsfonts/cm/cmmi6.pfb></usr/share/texmf-texlive/fonts/type1/public
/amsfonts/cm/cmmi8.pfb></usr/share/texmf-texlive/fonts/type1/public/amsfonts/cm
/cmr10.pfb></usr/share/texmf-texlive/fonts/type1/public/amsfonts/cm/cmr6.pfb></
usr/share/texmf-texlive/fonts/type1/public/amsfonts/cm/cmr8.pfb></usr/share/tex
mf-texlive/fonts/type1/public/amsfonts/cm/cmsy10.pfb></usr/share/texmf-texlive/
fonts/type1/public/amsfonts/cm/cmsy6.pfb></usr/share/texmf-texlive/fonts/type1/
public/amsfonts/cm/cmsy8.pfb></usr/share/texmf-texlive/fonts/type1/public/amsfo
nts/cm/cmti10.pfb></usr/share/texmf-texlive/fonts/type1/public/amsfonts/cm/cmti
7.pfb></usr/share/texmf-texlive/fonts/type1/public/amsfonts/cm/cmti8.pfb></usr/
share/texmf-texlive/fonts/type1/public/amsfonts/euler/eufm10.pfb></usr/share/te
xmf-texlive/fonts/type1/public/amsfonts/symbols/msam10.pfb></usr/share/texmf-te
xlive/fonts/type1/public/amsfonts/symbols/msbm10.pfb></usr/share/texmf/fonts/ty
pe1/public/cm-super/sfbi1095.pfb></usr/share/texmf/fonts/type1/public/cm-super/
sfbx1095.pfb></usr/share/texmf/fonts/type1/public/cm-super/sfbx1440.pfb></usr/s
hare/texmf/fonts/type1/public/cm-super/sfbx2074.pfb></usr/share/texmf/fonts/typ
e1/public/cm-super/sfbx2488.pfb></usr/share/texmf/fonts/type1/public/cm-super/s
fbx3583.pfb></usr/share/texmf/fonts/type1/public/cm-super/sfrm0600.pfb></usr/sh
are/texmf/fonts/type1/public/cm-super/sfrm0800.pfb></usr/share/texmf/fonts/type
1/public/cm-super/sfrm1095.pfb></usr/share/texmf/fonts/type1/public/cm-super/sf
rm1200.pfb></usr/share/texmf/fonts/type1/public/cm-super/sfsl1095.pfb></usr/sha
re/texmf/fonts/type1/public/cm-super/sfti1095.pfb></usr/share/texmf/fonts/type1
/public/cm-super/sfti1200.pfb></usr/share/texmf-texlive/fonts/type1/public/xypi
c/xyatip10.pfb></usr/share/texmf-texlive/fonts/type1/public/xypic/xybtip10.pfb>
</usr/share/texmf-texlive/fonts/type1/public/xypic/xydash10.pfb>
Output written on GeoSchemata15.pdf (94 pages, 1013749 bytes).
Transcript written on GeoSchemata15.log.
Result: ExitSuccess

Running /usr/bin/pdflatex GeoSchemata15.tex in an env with 4 entries:
This is pdfTeX, Version 3.1415926-1.40.10 (TeX Live 2009/Debian)
entering extended mode
(data/GeoSchemata15.tex
LaTeX2e <2009/09/24>
Babel <v3.8l> and hyphenation patterns for english, usenglishmax, dumylang, noh
yphenation, farsi, arabic, croatian, bulgarian, ukrainian, russian, czech, slov
ak, danish, dutch, finnish, french, basque, ngerman, german, german-x-2009-06-1
9, ngerman-x-2009-06-19, ibycus, monogreek, greek, ancientgreek, hungarian, san
skrit, italian, latin, latvian, lithuanian, mongolian2a, mongolian, bokmal, nyn
orsk, romanian, irish, coptic, serbian, turkish, welsh, esperanto, uppersorbian
, estonian, indonesian, interlingua, icelandic, kurmanji, slovenian, polish, po
rtuguese, spanish, galician, catalan, swedish, ukenglish, loaded.
(/usr/share/texmf-texlive/tex/latex/base/book.cls
Document Class: book 2007/10/19 v1.4h Standard LaTeX document class
(/usr/share/texmf-texlive/tex/latex/base/bk11.clo))
(/usr/share/texmf-texlive/tex/latex/amsfonts/amssymb.sty
(/usr/share/texmf-texlive/tex/latex/amsfonts/amsfonts.sty))
(/usr/share/texmf-texlive/tex/latex/base/inputenc.sty
(/usr/share/texmf-texlive/tex/latex/base/utf8.def
(/usr/share/texmf-texlive/tex/latex/base/t1enc.dfu)
(/usr/share/texmf-texlive/tex/latex/base/ot1enc.dfu)
(/usr/share/texmf-texlive/tex/latex/base/omsenc.dfu)))
(/usr/share/texmf-texlive/tex/latex/base/fontenc.sty
(/usr/share/texmf-texlive/tex/latex/base/t1enc.def))
(/usr/share/texmf-texlive/tex/generic/german/german.sty v2.5e 1998-07-08)
(/usr/share/texmf-texlive/tex/generic/babel/babel.sty
(/usr/share/texmf-texlive/tex/generic/babel/germanb.ldf
(/usr/share/texmf-texlive/tex/generic/babel/babel.def)))
(/usr/share/texmf-texlive/tex/latex/geometry/geometry.sty
(/usr/share/texmf-texlive/tex/latex/graphics/keyval.sty)
(/usr/share/texmf-texlive/tex/generic/oberdiek/ifpdf.sty)
(/usr/share/texmf-texlive/tex/generic/oberdiek/ifvtex.sty)
(/usr/share/texmf-texlive/tex/xelatex/xetexconfig/geometry.cfg))
(/usr/share/texmf-texlive/tex/latex/paralist/paralist.sty)
(/usr/share/texmf-texlive/tex/latex/titlesec/titlesec.sty)
(/usr/share/texmf-texlive/tex/latex/amsmath/amsmath.sty
For additional information on amsmath, use the `?' option.
(/usr/share/texmf-texlive/tex/latex/amsmath/amstext.sty
(/usr/share/texmf-texlive/tex/latex/amsmath/amsgen.sty))
(/usr/share/texmf-texlive/tex/latex/amsmath/amsbsy.sty)
(/usr/share/texmf-texlive/tex/latex/amsmath/amsopn.sty))
(/usr/share/texmf-texlive/tex/latex/setspace/setspace.sty
Package: `setspace' 6.7 <2000/12/01>
) (/usr/share/texmf-texlive/tex/latex/polynom/polynom.sty)
(/usr/share/texmf-texlive/tex/latex/stmaryrd/stmaryrd.sty)
(/usr/share/texmf-texlive/tex/generic/xypic/xy.sty
(/usr/share/texmf-texlive/tex/generic/xypic/xy.tex Bootstrap'ing: catcodes,
docmode, (/usr/share/texmf-texlive/tex/generic/xypic/xyrecat.tex)
(/usr/share/texmf-texlive/tex/generic/xypic/xyidioms.tex)

 Xy-pic version 3.7 <1999/02/16>
 Copyright (c) 1991-1998 by Kristoffer H. Rose <krisrose@ens-lyon.fr>
 Xy-pic is free software: see the User's Guide for details.

Loading kernel: messages; fonts; allocations: state, direction,
utility macros; pictures: \xy, positions, objects, decorations;
kernel objects: directionals, circles, text; options; algorithms: directions,
edges, connections;  Xy-pic loaded)
(/usr/share/texmf-texlive/tex/generic/xypic/xyarrow.tex
 Xy-pic option: Arrow and Path feature v.3.5 path, \ar, loaded)
(/usr/share/texmf-texlive/tex/generic/xypic/xymatrix.tex
 Xy-pic option: Matrix feature v.3.4 loaded)
(/usr/share/texmf-texlive/tex/generic/xypic/xycurve.tex
 Xy-pic option: Curve and Spline extension v.3.7 curve, circles, loaded))
(/usr/share/texmf-texlive/tex/latex/float/float.sty)
(/usr/share/texmf-texlive/tex/latex/titlesec/titletoc.sty)
(/usr/share/texmf-texlive/tex/latex/pgfplots/pgfplots.sty
(/usr/share/texmf/tex/latex/pgf/frontendlayer/tikz.sty
(/usr/share/texmf/tex/latex/pgf/basiclayer/pgf.sty
(/usr/share/texmf/tex/latex/pgf/utilities/pgfrcs.sty
(/usr/share/texmf/tex/generic/pgf/utilities/pgfutil-common.tex)
(/usr/share/texmf/tex/generic/pgf/utilities/pgfutil-latex.def
(/usr/share/texmf-texlive/tex/latex/ms/everyshi.sty))
(/usr/share/texmf/tex/generic/pgf/utilities/pgfrcs.code.tex))
(/usr/share/texmf/tex/latex/pgf/basiclayer/pgfcore.sty
(/usr/share/texmf-texlive/tex/latex/graphics/graphicx.sty
(/usr/share/texmf-texlive/tex/latex/graphics/graphics.sty
(/usr/share/texmf-texlive/tex/latex/graphics/trig.sty)
(/etc/texmf/tex/latex/config/graphics.cfg)
(/usr/share/texmf-texlive/tex/latex/pdftex-def/pdftex.def)))
(/usr/share/texmf/tex/latex/pgf/systemlayer/pgfsys.sty
(/usr/share/texmf/tex/generic/pgf/systemlayer/pgfsys.code.tex
(/usr/share/texmf/tex/generic/pgf/utilities/pgfkeys.code.tex
(/usr/share/texmf/tex/generic/pgf/utilities/pgfkeysfiltered.code.tex))
(/usr/share/texmf/tex/generic/pgf/systemlayer/pgf.cfg)
(/usr/share/texmf/tex/generic/pgf/systemlayer/pgfsys-pdftex.def
(/usr/share/texmf/tex/generic/pgf/systemlayer/pgfsys-common-pdf.def)))
(/usr/share/texmf/tex/generic/pgf/systemlayer/pgfsyssoftpath.code.tex)
(/usr/share/texmf/tex/generic/pgf/systemlayer/pgfsysprotocol.code.tex))
(/usr/share/texmf/tex/latex/xcolor/xcolor.sty
(/etc/texmf/tex/latex/config/color.cfg))
(/usr/share/texmf/tex/generic/pgf/basiclayer/pgfcore.code.tex
(/usr/share/texmf/tex/generic/pgf/math/pgfmath.code.tex
(/usr/share/texmf/tex/generic/pgf/math/pgfmathcalc.code.tex
(/usr/share/texmf/tex/generic/pgf/math/pgfmathutil.code.tex)
(/usr/share/texmf/tex/generic/pgf/math/pgfmathparser.code.tex)
(/usr/share/texmf/tex/generic/pgf/math/pgfmathfunctions.code.tex
(/usr/share/texmf/tex/generic/pgf/math/pgfmathfunctions.basic.code.tex)
(/usr/share/texmf/tex/generic/pgf/math/pgfmathfunctions.trigonometric.code.tex)
(/usr/share/texmf/tex/generic/pgf/math/pgfmathfunctions.random.code.tex)
(/usr/share/texmf/tex/generic/pgf/math/pgfmathfunctions.comparison.code.tex)
(/usr/share/texmf/tex/generic/pgf/math/pgfmathfunctions.base.code.tex)
(/usr/share/texmf/tex/generic/pgf/math/pgfmathfunctions.round.code.tex)
(/usr/share/texmf/tex/generic/pgf/math/pgfmathfunctions.misc.code.tex)))
(/usr/share/texmf/tex/generic/pgf/math/pgfmathfloat.code.tex))
(/usr/share/texmf/tex/generic/pgf/basiclayer/pgfcorepoints.code.tex)
(/usr/share/texmf/tex/generic/pgf/basiclayer/pgfcorepathconstruct.code.tex)
(/usr/share/texmf/tex/generic/pgf/basiclayer/pgfcorepathusage.code.tex)
(/usr/share/texmf/tex/generic/pgf/basiclayer/pgfcorescopes.code.tex)
(/usr/share/texmf/tex/generic/pgf/basiclayer/pgfcoregraphicstate.code.tex)
(/usr/share/texmf/tex/generic/pgf/basiclayer/pgfcoretransformations.code.tex)
(/usr/share/texmf/tex/generic/pgf/basiclayer/pgfcorequick.code.tex)
(/usr/share/texmf/tex/generic/pgf/basiclayer/pgfcoreobjects.code.tex)
(/usr/share/texmf/tex/generic/pgf/basiclayer/pgfcorepathprocessing.code.tex)
(/usr/share/texmf/tex/generic/pgf/basiclayer/pgfcorearrows.code.tex)
(/usr/share/texmf/tex/generic/pgf/basiclayer/pgfcoreshade.code.tex)
(/usr/share/texmf/tex/generic/pgf/basiclayer/pgfcoreimage.code.tex
(/usr/share/texmf/tex/generic/pgf/basiclayer/pgfcoreexternal.code.tex))
(/usr/share/texmf/tex/generic/pgf/basiclayer/pgfcorelayers.code.tex)
(/usr/share/texmf/tex/generic/pgf/basiclayer/pgfcoretransparency.code.tex)
(/usr/share/texmf/tex/generic/pgf/basiclayer/pgfcorepatterns.code.tex)))
(/usr/share/texmf/tex/generic/pgf/modules/pgfmoduleshapes.code.tex)
(/usr/share/texmf/tex/generic/pgf/modules/pgfmoduleplot.code.tex)
(/usr/share/texmf/tex/latex/pgf/compatibility/pgfcomp-version-0-65.sty)
(/usr/share/texmf/tex/latex/pgf/compatibility/pgfcomp-version-1-18.sty))
(/usr/share/texmf/tex/latex/pgf/utilities/pgffor.sty
(/usr/share/texmf/tex/latex/pgf/utilities/pgfkeys.sty
(/usr/share/texmf/tex/generic/pgf/utilities/pgfkeys.code.tex))
(/usr/share/texmf/tex/generic/pgf/utilities/pgffor.code.tex))
(/usr/share/texmf/tex/generic/pgf/frontendlayer/tikz/tikz.code.tex
(/usr/share/texmf/tex/generic/pgf/libraries/pgflibraryplothandlers.code.tex)
(/usr/share/texmf/tex/generic/pgf/modules/pgfmodulematrix.code.tex)
(/usr/share/texmf/tex/generic/pgf/frontendlayer/tikz/libraries/tikzlibrarytopat
hs.code.tex))) (/usr/share/texmf-texlive/tex/generic/pgfplots/pgfplots.code.tex
 (/usr/share/texmf-texlive/tex/generic/pgfplots/pgfplotscore.code.tex)
(/usr/share/texmf-texlive/tex/generic/pgfplots/oldpgfcompatib/pgfplotsoldpgfsup
p_loader.code.tex
Package pgfplots: loading complementary code for your PGF version...

(/usr/share/texmf-texlive/tex/generic/pgfplots/oldpgfcompatib/pgfplotsoldpgfsup
p_misc.code.tex)
(/usr/share/texmf-texlive/tex/generic/pgfplots/oldpgfcompatib/pgfplotsoldpgfsup
p_pgfkeysfiltered.code.tex)
(/usr/share/texmf-texlive/tex/generic/pgfplots/oldpgfcompatib/pgfplotsoldpgfsup
p_pgfmathfloat.code.tex)
(/usr/share/texmf-texlive/tex/generic/pgfplots/oldpgfcompatib/pgfplotsoldpgfsup
p_pgflibraryplothandlers.code.tex)
(/usr/share/texmf/tex/generic/pgf/libraries/pgflibraryfpu.code.tex))
(/usr/share/texmf-texlive/tex/generic/pgfplots/util/pgfplotsutil.code.tex
(/usr/share/texmf-texlive/tex/generic/pgfplots/liststructure/pgfplotsliststruct
ure.code.tex)
(/usr/share/texmf-texlive/tex/generic/pgfplots/liststructure/pgfplotsliststruct
ureext.code.tex)
(/usr/share/texmf-texlive/tex/generic/pgfplots/liststructure/pgfplotsarray.code
.tex)
(/usr/share/texmf-texlive/tex/generic/pgfplots/numtable/pgfplotstable.code.tex
(/usr/share/texmf-texlive/tex/generic/pgfplots/numtable/pgfplotstable.coltype.c
ode.tex)))
(/usr/share/texmf-texlive/tex/generic/pgfplots/util/pgfplotscolormap.code.tex)
(/usr/share/texmf-texlive/tex/generic/pgfplots/pgfplots.stackedplots.code.tex)
(/usr/share/texmf-texlive/tex/generic/pgfplots/pgfplotscoordprocessing.code.tex
) (/usr/share/texmf-texlive/tex/generic/pgfplots/pgfplotsticks.code.tex)
(/usr/share/texmf/tex/generic/pgf/frontendlayer/tikz/libraries/tikzlibrarydecor
ations.code.tex
(/usr/share/texmf/tex/generic/pgf/modules/pgfmoduledecorations.code.tex))
(/usr/share/texmf/tex/generic/pgf/frontendlayer/tikz/libraries/tikzlibrarydecor
ations.pathmorphing.code.tex
(/usr/share/texmf/tex/generic/pgf/libraries/decorations/pgflibrarydecorations.p
athmorphing.code.tex))
(/usr/share/texmf/tex/generic/pgf/frontendlayer/tikz/libraries/tikzlibrarydecor
ations.pathreplacing.code.tex
(/usr/share/texmf/tex/generic/pgf/libraries/decorations/pgflibrarydecorations.p
athreplacing.code.tex)))
(/usr/share/texmf/tex/generic/pgf/frontendlayer/tikz/libraries/tikzlibraryplotm
arks.code.tex
(/usr/share/texmf/tex/generic/pgf/libraries/pgflibraryplotmarks.code.tex)))
(/usr/share/texmf-texlive/tex/latex/wrapfig/wrapfig.sty)
(/usr/share/texmf-texlive/tex/generic/mathabx/mathabx.sty
(/usr/share/texmf-texlive/tex/generic/mathabx/mathabx.dcl))
(/usr/share/texmf-texlive/tex/latex/base/ifthen.sty)
(/usr/share/texmf-texlive/tex/latex/caption/caption.sty
(/usr/share/texmf-texlive/tex/latex/caption/caption3.sty))
(/usr/share/texmf-texlive/tex/latex/caption/subcaption.sty) (data/latexki.sty)
(/usr/share/texmf-texlive/tex/latex/ntheorem/ntheorem.sty
Style `ntheorem', Version 1.25 <2005/07/07>
) (/usr/share/texmf-texlive/tex/latex/hyperref/hyperref.sty
(/usr/share/texmf-texlive/tex/generic/ifxetex/ifxetex.sty)
(/usr/share/texmf-texlive/tex/latex/oberdiek/hycolor.sty
(/usr/share/texmf-texlive/tex/latex/oberdiek/xcolor-patch.sty))
(/usr/share/texmf-texlive/tex/latex/hyperref/pd1enc.def)
(/usr/share/texmf-texlive/tex/generic/oberdiek/etexcmds.sty
(/usr/share/texmf-texlive/tex/generic/oberdiek/infwarerr.sty))
(/usr/share/texmf-texlive/tex/latex/latexconfig/hyperref.cfg)
(/usr/share/texmf-texlive/tex/latex/oberdiek/kvoptions.sty
(/usr/share/texmf-texlive/tex/generic/oberdiek/kvsetkeys.sty))
Implicit mode ON; LaTeX internals redefined
(/usr/share/texmf-texlive/tex/latex/ltxmisc/url.sty)
(/usr/share/texmf-texlive/tex/generic/oberdiek/bitset.sty
(/usr/share/texmf-texlive/tex/generic/oberdiek/intcalc.sty)
(/usr/share/texmf-texlive/tex/generic/oberdiek/bigintcalc.sty
(/usr/share/texmf-texlive/tex/generic/oberdiek/pdftexcmds.sty
(/usr/share/texmf-texlive/tex/generic/oberdiek/ifluatex.sty)
(/usr/share/texmf-texlive/tex/generic/oberdiek/ltxcmds.sty))))
(/usr/share/texmf-texlive/tex/generic/oberdiek/atbegshi.sty))
*hyperref using default driver hpdftex*
(/usr/share/texmf-texlive/tex/latex/hyperref/hpdftex.def) (./GeoSchemata15.aux)
*geometry auto-detecting driver*
*geometry detected driver: pdftex*
ABD: EveryShipout initializing macros
(/usr/share/texmf-texlive/tex/context/base/supp-pdf.mkii
[Loading MPS to PDF converter (version 2006.09.02).]
) (/usr/share/texmf-texlive/tex/latex/hyperref/nameref.sty
(/usr/share/texmf-texlive/tex/latex/oberdiek/refcount.sty))
(./GeoSchemata15.out) (./GeoSchemata15.out)
Underfull \hbox (badness 10000) in paragraph at lines 146--147


LaTeX Font Warning: Font shape `T1/cmr/m/n' in size <40> not available
(Font)              size <35.83> substituted on input line 149.


LaTeX Font Warning: Font shape `T1/cmr/bx/n' in size <40> not available
(Font)              size <35.83> substituted on input line 149.


Underfull \hbox (badness 10000) in paragraph at lines 151--152


Underfull \hbox (badness 10000) in paragraph at lines 153--154

(/usr/share/texmf-texlive/tex/latex/amsfonts/umsa.fd)
(/usr/share/texmf-texlive/tex/latex/amsfonts/umsb.fd)
(/usr/share/texmf-texlive/tex/latex/stmaryrd/Ustmry.fd)
Underfull \hbox (badness 10000) in paragraph at lines 155--156

[1{/var/lib/texmf/fonts/map/pdftex/updmap/pdftex.map}] [2] (./GeoSchemata15.toc

Overfull \hbox (0.93665pt too wide) detected at line 10
\T1/cmr/bx/n/10.95 II  

Overfull \hbox (1.81714pt too wide) detected at line 12
\T1/cmr/m/n/10.95 Ÿ 10  

Overfull \hbox (1.81714pt too wide) detected at line 13
\T1/cmr/m/n/10.95 Ÿ 11  

Overfull \hbox (5.95705pt too wide) detected at line 14
\T1/cmr/bx/n/10.95 III  

Overfull \hbox (1.81714pt too wide) detected at line 15
\T1/cmr/m/n/10.95 Ÿ 12  

Overfull \hbox (1.81714pt too wide) detected at line 16
\T1/cmr/m/n/10.95 Ÿ 13  

Overfull \hbox (1.81714pt too wide) detected at line 17
\T1/cmr/m/n/10.95 Ÿ 14  

Overfull \hbox (1.81714pt too wide) detected at line 18
\T1/cmr/m/n/10.95 Ÿ 15  

Overfull \hbox (1.81714pt too wide) detected at line 19
\T1/cmr/m/n/10.95 Ÿ 16  
) [3] [4]
Kapitel I\hskip 1em\relax .
(/usr/share/texmf-texlive/tex/latex/amsfonts/ueuf.fd)
Underfull \vbox (badness 4846) has occurred while \output is active [5]
Overfull \hbox (11.96242pt too wide) detected at line 243
\OML/cmm/m/it/10.95 V\U/matha/m/n/10.95 p\OML/cmm/m/it/10.95 I[]\U/matha/m/n/10
.95 q Y \OML/cmm/m/it/10.95 V\U/matha/m/n/10.95 p\OML/cmm/m/it/10.95 I[]\U/math
a/m/n/10.95 q  ^^P  t\U/euf/m/n/10.95 p \U/matha/m/n/10.95 P [] \OML/cmm/m/it/1
0.95 R \U/matha/m/n/10.95 | \OML/cmm/m/it/10.95 I[] \U/matha/m/n/10.95 „ \U/euf
/m/n/10.95 p[]\OML/cmm/m/it/10.95 I[] \U/matha/m/n/10.95 „ \U/euf/m/n/10.95 p\U
/matha/m/n/10.95 u  []  t\U/euf/m/n/10.95 p \U/matha/m/n/10.95 P [] \OML/cmm/m/
it/10.95 R \U/matha/m/n/10.95 | \OML/cmm/m/it/10.95 I[] \U/matha/m/n/10.95 X \O
ML/cmm/m/it/10.95 I[] \U/matha/m/n/10.95 „ \U/euf/m/n/10.95 p\U/matha/m/n/10.95
 u  ^^P  \OML/cmm/m/it/10.95 V\U/matha/m/n/10.95 p\OML/cmm/m/it/10.95 I[] \U/ma
tha/m/n/10.95 X \OML/cmm/m/it/10.95 I[]\U/matha/m/n/10.95 q\OML/cmm/m/it/10.95 
:
[6] [7] [8] [9] [10]
Underfull \vbox (badness 1721) has occurred while \output is active [11]
[12] <xymatrix 4x3 214> [13] [14]
Overfull \hbox (5.13715pt too wide) detected at line 588
\OMS/cmsy/m/n/10.95 F[]\U/matha/m/n/10.95 p\OML/cmm/m/it/10.95 U\U/matha/m/n/10
.95 q \OT1/cmr/m/n/10.95 :\U/matha/m/n/10.95 ^^P [] \OML/cmm/m/it/10.95 :
[15] [16]
Overfull \hbox (2.58913pt too wide) in paragraph at lines 685--686
\T1/cmr/m/n/10.95 si-sten-te Fa-mi-lie. Dann ist $\U/matha/m/n/10.95 t\OML/cmm/
m/it/10.95 f[]\U/matha/m/n/10.95 p\OML/cmm/m/it/10.95 V[]\U/matha/m/n/10.95 qu[
]$ \T1/cmr/m/n/10.95 of-fe-ne Über-deckung von $\OML/cmm/m/it/10.95 f[]\U/matha
/m/n/10.95 p\OML/cmm/m/it/10.95 V\U/matha/m/n/10.95 q$ \T1/cmr/m/n/10.95 und $\
OML/cmm/m/it/10.95 s[] \U/matha/m/n/10.95 P \OMS/cmsy/m/n/10.95 F []$

Underfull \vbox (badness 10000) has occurred while \output is active [17]
<xymatrix 4x3 214>
Underfull \vbox (badness 3919) has occurred while \output is active [18]
<xymatrix 3x3 229> [19] [20] [21] [22] [23] <xymatrix 3x3 120>
Underfull \vbox (badness 1789) has occurred while \output is active [24]
<xymatrix 7x3 387> [25] <xymatrix 9x4 599>
Underfull \vbox (badness 10000) has occurred while \output is active [26]
<xymatrix 6x5 416> [27] <xymatrix 7x3 387> <xymatrix 7x3 387> [28] <xymatrix
5x2 165> <xymatrix 7x3 365>
Underfull \vbox (badness 10000) has occurred while \output is active [29]
<xymatrix 3x2 190> <xymatrix 9x3 552>
Overfull \hbox (6.32085pt too wide) detected at line 1264
[]
[30] [31] <xymatrix 3x2 169> [32]
Overfull \hbox (14.24382pt too wide) detected at line 1386
[]\U/matha/m/n/10.95 p\OML/cmm/m/it/10.95 T; X\U/matha/m/n/10.95 q ^^P [] \OML/
cmm/m/it/10.95 ;
[33] [34] [35] <xymatrix 8x3 506> [36] <xymatrix 3x2 183> <xymatrix 3x2 169>
[37] <xymatrix 3x2 183> <xymatrix 3x3 286> <xymatrix 5x4 383> [38] <xymatrix
4x3 385>
Underfull \vbox (badness 10000) has occurred while \output is active [39]
<xymatrix 3x2 162> <xymatrix 3x2 203> <xymatrix 3x3 272> [40] <xymatrix 5x3
433> <xymatrix 3x3 188> <xymatrix 3x3 195> <xymatrix 3x3 161> [41] [42]
Kapitel II\hskip 1em\relax .

Package hyperref Warning: Token not allowed in a PDF string (PDFDocEncoding):
(hyperref)                removing `math shift' on input line 1817.


Package hyperref Warning: Token not allowed in a PDF string (PDFDocEncoding):
(hyperref)                removing `subscript' on input line 1817.


Package hyperref Warning: Token not allowed in a PDF string (PDFDocEncoding):
(hyperref)                removing `math shift' on input line 1817.


Overfull \hbox (2.9378pt too wide) in paragraph at lines 1829--1830
\OMS/cmsy/m/n/10.95 F\U/matha/m/n/10.95 p\OML/cmm/m/it/10.95 U[]\U/matha/m/n/10
.95 q$ \T1/cmr/m/n/10.95 ein $\OMS/cmsy/m/n/10.95 O[]\U/matha/m/n/10.95 p\OML/c
mm/m/it/10.95 U\U/matha/m/n/10.95 q$\T1/cmr/m/n/10.95 -Modulhomomorphismus ist.
 Da-bei wird $\OMS/cmsy/m/n/10.95 F\U/matha/m/n/10.95 p\OML/cmm/m/it/10.95 U[]\
U/matha/m/n/10.95 q$ \T1/cmr/m/n/10.95 ver-mö-ge $[]\OML/cmm/m/it/10.95 ^^Z[]$ 
\T1/cmr/m/n/10.95 als $\OMS/cmsy/m/n/10.95 O[]\U/matha/m/n/10.95 p\OML/cmm/m/it
/10.95 U\U/matha/m/n/10.95 q$\T1/cmr/m/n/10.95 -
[43]
Underfull \vbox (badness 10000) has occurred while \output is active [44]
Underfull \vbox (badness 4967) has occurred while \output is active [45]
[46] [47]
Underfull \vbox (badness 1571) has occurred while \output is active [48]
Underfull \vbox (badness 3229) has occurred while \output is active [49]
[50]
Overfull \hbox (2.69888pt too wide) in paragraph at lines 2151--2152
[]\T1/cmr/m/n/10.95 Sei $\U/matha/m/n/10.95 p\OML/cmm/m/it/10.95 X; \OMS/cmsy/m
/n/10.95 O[]\U/matha/m/n/10.95 q$ \T1/cmr/m/n/10.95 lo-kal ge-ring-ter Raum so-
wie $\OMS/cmsy/m/n/10.95 F$\T1/cmr/m/n/10.95 , $\OMS/cmsy/m/n/10.95 G$ $O[]$\T1
/cmr/m/n/10.95 -Modulgarben

LaTeX Font Warning: Font shape `U/stmry/b/n' undefined
(Font)              using `U/stmry/m/n' instead on input line 2152.

[51]
Overfull \hbox (7.79547pt too wide) in paragraph at lines 2179--2180
[]\T1/cmr/m/n/10.95 Es ge-nügt zu zei-gen: Ist $\U/matha/m/n/10.95 t\OML/cmm/m/
it/10.95 U[]\U/matha/m/n/10.95 u[]$ \T1/cmr/m/n/10.95 of-fe-ne Über-deckung von
 $\OML/cmm/m/it/10.95 X$\T1/cmr/m/n/10.95 , so ist $[][]\U/matha/m/n/10.95 p\OM
S/cmsy/m/n/10.95 F\OML/cmm/m/it/10.95 ; \OMS/cmsy/m/n/10.95 O[]\U/matha/m/n/10.
95 q|[]$

Underfull \vbox (badness 10000) has occurred while \output is active [52]
<xymatrix 5x2 165> [53]
Underfull \vbox (badness 3792) has occurred while \output is active [54]
[55] [56]
Kapitel III\hskip 1em\relax .
<xymatrix 5x2 206> <xymatrix 5x2 206> [57] <xymatrix 11x2 554> [58] <xymatrix
6x5 1260>
Underfull \vbox (badness 10000) has occurred while \output is active [59]
[60] [61] <xymatrix 9x2 388>
Overfull \hbox (2.31343pt too wide) in paragraph at lines 2551--2552
[]$\OML/cmm/m/it/10.95 P$ \T1/cmr/m/n/10.95 ist ge-nau dann pro-jek-tiv, falls 
für je-des sol-che rechtsex-ak-te Die-gramm ein $[] \U/matha/m/n/10.95 P [][]p\
OML/cmm/m/it/10.95 P; C\U/matha/m/n/10.95 q$
<xymatrix 5x2 151> [62] <xymatrix 5x2 158> <xymatrix 5x2 199> [63] [64]
<xymatrix 9x2 538> <xymatrix 5x2 247>
Underfull \vbox (badness 10000) has occurred while \output is active [65]
<xymatrix 7x3 468> <xymatrix 5x3 349>
Underfull \vbox (badness 10000) has occurred while \output is active [66]
<xymatrix 5x5 1001> [67]

Package hyperref Warning: Composite letter `\textasciicaron+C'
(hyperref)                not defined in PD1 encoding,
(hyperref)                removing `\textasciicaron' on input line 2789.

[68]
Underfull \vbox (badness 10000) has occurred while \output is active [69]
Overfull \hbox (10.1187pt too wide) in paragraph at lines 2887--2890
[]\T1/cmr/m/n/10.95 Zeige zu-nächst die Ex-akt-heit bei $\OMS/cmsy/m/n/10.95 C[
]\U/matha/m/n/10.95 p\U/euf/m/n/10.95 U\OML/cmm/m/it/10.95 ; \OMS/cmsy/m/n/10.9
5 F\U/matha/m/n/10.95 q$\T1/cmr/m/n/10.95 . Sei $\OML/cmm/m/it/10.95 U \U/matha
/m/n/10.95 „ \OML/cmm/m/it/10.95 X$ \T1/cmr/m/n/10.95 of-fen, $\U/matha/m/n/10.
95 p\OML/cmm/m/it/10.95 s[]\U/matha/m/n/10.95 q[] P \OT1/cmr/m/n/10.95 ^^@ []$\
T1/cmr/m/n/10.95 .
[70]
Overfull \hbox (6.10916pt too wide) in paragraph at lines 2898--2899
[]\T1/cmr/m/n/10.95 Sei $[] \U/matha/m/n/10.95 P \OMS/cmsy/m/n/10.95 C[]\U/math
a/m/n/10.95 p\U/euf/m/n/10.95 U\OML/cmm/m/it/10.95 ; \OMS/cmsy/m/n/10.95 F\U/ma
tha/m/n/10.95 q$\T1/cmr/m/n/10.95 , das heiÿt es ist $[] \U/matha/m/n/10.95 ^^P
 rp\OML/cmm/m/it/10.95 V; s\U/matha/m/n/10.95 qs$ \T1/cmr/m/n/10.95 mit $\OML/c
mm/m/it/10.95 V \U/matha/m/n/10.95 „ \OML/cmm/m/it/10.95 U[]$ \T1/cmr/m/n/10.95
 und $\OML/cmm/m/it/10.95 s \U/matha/m/n/10.95 ^^P p\OML/cmm/m/it/10.95 s[]\U/m
atha/m/n/10.95 q[] P
<xymatrix 5x2 260> [71]

LaTeX Warning: Command \" invalid in math mode on input line 2978.

[72] [73] [74]
Underfull \vbox (badness 10000) has occurred while \output is active [75]
[76] [77]
Overfull \hbox (24.46239pt too wide) in paragraph at lines 3154--3155
[]\T1/cmr/m/it/10.95 Sei $\U/matha/m/n/10.95 p\OML/cmm/m/it/10.95 X; \OMS/cmsy/
m/n/10.95 O[]\U/matha/m/n/10.95 q$ \T1/cmr/m/it/10.95 ein noether-sches, se-pa-
rier-tes Sche-ma, $\OMS/cmsy/m/n/10.95 F$ \T1/cmr/m/it/10.95 ei-ne qua-si-ko-hä
-ren-te $\OMS/cmsy/m/n/10.95 O[]$\T1/cmr/m/it/10.95 -Modulgarbe
[78] [79] [80] [81]
Underfull \vbox (badness 10000) has occurred while \output is active [82]
Underfull \vbox (badness 10000) has occurred while \output is active [83]
Underfull \vbox (badness 10000) has occurred while \output is active [84]
Underfull \vbox (badness 10000) has occurred while \output is active [85]
[86] [87]
Overfull \hbox (8.59486pt too wide) in paragraph at lines 3519--3520
[]\T1/cmr/m/it/10.95 Sei $\OML/cmm/m/it/10.95 X$ \T1/cmr/m/it/10.95 ei-ne nicht
-
[88]
Underfull \vbox (badness 1360) has occurred while \output is active [89]
[90]
Underfull \vbox (badness 10000) has occurred while \output is active [91]
Overfull \hbox (11.44995pt too wide) detected at line 3653
\OT1/cmr/m/n/10.95 d\OML/cmm/m/it/10.95 z \U/matha/m/n/10.95 ^^P \OT1/cmr/m/n/1
0.95 d\OML/cmm/m/it/10.95 t[] \U/matha/m/n/10.95 ^^@ \OT1/cmr/m/n/10.95 d\U/mat
ha/m/n/10.95 p\OML/cmm/m/it/10.95 t[]h\U/matha/m/n/10.95 q ^^P \OT1/cmr/m/n/10.
95 d\OML/cmm/m/it/10.95 t[] \U/matha/m/n/10.95 ^^@ \OML/cmm/m/it/10.95 t[]\OT1/
cmr/m/n/10.95 d\OML/cmm/m/it/10.95 h \U/matha/m/n/10.95 ^^@ \OT1/cmr/m/n/10.95 
2\OML/cmm/m/it/10.95 t[]\OT1/cmr/m/n/10.95 d\OML/cmm/m/it/10.95 h \U/matha/m/n/
10.95 ^^P \OT1/cmr/m/n/10.95 d\OML/cmm/m/it/10.95 t[] \U/matha/m/n/10.95 ^^@ \O
ML/cmm/m/it/10.95 t[]h[]\OT1/cmr/m/n/10.95 d\OML/cmm/m/it/10.95 t[] \U/matha/m/
n/10.95 ^^@ \OT1/cmr/m/n/10.95 2\OML/cmm/m/it/10.95 t[]h[]\OT1/cmr/m/n/10.95 d\
OML/cmm/m/it/10.95 t[] \U/matha/m/n/10.95 ^^P \OT1/cmr/m/n/10.95 d\OML/cmm/m/it
/10.95 t\U/matha/m/n/10.95 p\OT1/cmr/m/n/10.95 1 \U/matha/m/n/10.95 ^^@ \OT1/cm
r/m/n/10.95 2\OML/cmm/m/it/10.95 h[]t[] \U/matha/m/n/10.95 ^^@ \OML/cmm/m/it/10
.95 t[]h\U/matha/m/n/10.95 q\OML/cmm/m/it/10.95 :
[92] [93] [94] (./GeoSchemata15.aux)

LaTeX Font Warning: Size substitutions with differences
(Font)              up to 4.17pt have occurred.


LaTeX Font Warning: Some font shapes were not available, defaults substituted.

 )
(see the transcript file for additional information){/usr/share/texmf/fonts/enc
/dvips/cm-super/cm-super-t1.enc} </home/travis/.texmf-var/fonts/pk/ljfour/publi
c/mathabx/matha6.600pk> </home/travis/.texmf-var/fonts/pk/ljfour/public/mathabx
/mathb10.657pk> </home/travis/.texmf-var/fonts/pk/ljfour/public/mathabx/matha8.
600pk> </home/travis/.texmf-var/fonts/pk/ljfour/public/mathabx/mathx10.657pk> <
/home/travis/.texmf-var/fonts/pk/ljfour/public/mathabx/matha10.657pk></usr/shar
e/texmf-texlive/fonts/type1/public/amsfonts/cm/cmbx10.pfb></usr/share/texmf-tex
live/fonts/type1/public/amsfonts/cm/cmmi10.pfb></usr/share/texmf-texlive/fonts/
type1/public/amsfonts/cm/cmmi6.pfb></usr/share/texmf-texlive/fonts/type1/public
/amsfonts/cm/cmmi8.pfb></usr/share/texmf-texlive/fonts/type1/public/amsfonts/cm
/cmr10.pfb></usr/share/texmf-texlive/fonts/type1/public/amsfonts/cm/cmr6.pfb></
usr/share/texmf-texlive/fonts/type1/public/amsfonts/cm/cmr8.pfb></usr/share/tex
mf-texlive/fonts/type1/public/amsfonts/cm/cmsy10.pfb></usr/share/texmf-texlive/
fonts/type1/public/amsfonts/cm/cmsy6.pfb></usr/share/texmf-texlive/fonts/type1/
public/amsfonts/cm/cmsy8.pfb></usr/share/texmf-texlive/fonts/type1/public/amsfo
nts/cm/cmti10.pfb></usr/share/texmf-texlive/fonts/type1/public/amsfonts/cm/cmti
7.pfb></usr/share/texmf-texlive/fonts/type1/public/amsfonts/cm/cmti8.pfb></usr/
share/texmf-texlive/fonts/type1/public/amsfonts/euler/eufm10.pfb></usr/share/te
xmf-texlive/fonts/type1/public/amsfonts/symbols/msam10.pfb></usr/share/texmf-te
xlive/fonts/type1/public/amsfonts/symbols/msbm10.pfb></usr/share/texmf/fonts/ty
pe1/public/cm-super/sfbi1095.pfb></usr/share/texmf/fonts/type1/public/cm-super/
sfbx1095.pfb></usr/share/texmf/fonts/type1/public/cm-super/sfbx1440.pfb></usr/s
hare/texmf/fonts/type1/public/cm-super/sfbx2074.pfb></usr/share/texmf/fonts/typ
e1/public/cm-super/sfbx2488.pfb></usr/share/texmf/fonts/type1/public/cm-super/s
fbx3583.pfb></usr/share/texmf/fonts/type1/public/cm-super/sfrm0600.pfb></usr/sh
are/texmf/fonts/type1/public/cm-super/sfrm0800.pfb></usr/share/texmf/fonts/type
1/public/cm-super/sfrm1095.pfb></usr/share/texmf/fonts/type1/public/cm-super/sf
rm1200.pfb></usr/share/texmf/fonts/type1/public/cm-super/sfsl1095.pfb></usr/sha
re/texmf/fonts/type1/public/cm-super/sfti1095.pfb></usr/share/texmf/fonts/type1
/public/cm-super/sfti1200.pfb></usr/share/texmf-texlive/fonts/type1/public/xypi
c/xyatip10.pfb></usr/share/texmf-texlive/fonts/type1/public/xypic/xybtip10.pfb>
</usr/share/texmf-texlive/fonts/type1/public/xypic/xydash10.pfb>
Output written on GeoSchemata15.pdf (94 pages, 1025092 bytes).
Transcript written on GeoSchemata15.log.
Result: ExitSuccess

Running /usr/bin/pdflatex GeoSchemata15.tex in an env with 4 entries:
This is pdfTeX, Version 3.1415926-1.40.10 (TeX Live 2009/Debian)
entering extended mode
(data/GeoSchemata15.tex
LaTeX2e <2009/09/24>
Babel <v3.8l> and hyphenation patterns for english, usenglishmax, dumylang, noh
yphenation, farsi, arabic, croatian, bulgarian, ukrainian, russian, czech, slov
ak, danish, dutch, finnish, french, basque, ngerman, german, german-x-2009-06-1
9, ngerman-x-2009-06-19, ibycus, monogreek, greek, ancientgreek, hungarian, san
skrit, italian, latin, latvian, lithuanian, mongolian2a, mongolian, bokmal, nyn
orsk, romanian, irish, coptic, serbian, turkish, welsh, esperanto, uppersorbian
, estonian, indonesian, interlingua, icelandic, kurmanji, slovenian, polish, po
rtuguese, spanish, galician, catalan, swedish, ukenglish, loaded.
(/usr/share/texmf-texlive/tex/latex/base/book.cls
Document Class: book 2007/10/19 v1.4h Standard LaTeX document class
(/usr/share/texmf-texlive/tex/latex/base/bk11.clo))
(/usr/share/texmf-texlive/tex/latex/amsfonts/amssymb.sty
(/usr/share/texmf-texlive/tex/latex/amsfonts/amsfonts.sty))
(/usr/share/texmf-texlive/tex/latex/base/inputenc.sty
(/usr/share/texmf-texlive/tex/latex/base/utf8.def
(/usr/share/texmf-texlive/tex/latex/base/t1enc.dfu)
(/usr/share/texmf-texlive/tex/latex/base/ot1enc.dfu)
(/usr/share/texmf-texlive/tex/latex/base/omsenc.dfu)))
(/usr/share/texmf-texlive/tex/latex/base/fontenc.sty
(/usr/share/texmf-texlive/tex/latex/base/t1enc.def))
(/usr/share/texmf-texlive/tex/generic/german/german.sty v2.5e 1998-07-08)
(/usr/share/texmf-texlive/tex/generic/babel/babel.sty
(/usr/share/texmf-texlive/tex/generic/babel/germanb.ldf
(/usr/share/texmf-texlive/tex/generic/babel/babel.def)))
(/usr/share/texmf-texlive/tex/latex/geometry/geometry.sty
(/usr/share/texmf-texlive/tex/latex/graphics/keyval.sty)
(/usr/share/texmf-texlive/tex/generic/oberdiek/ifpdf.sty)
(/usr/share/texmf-texlive/tex/generic/oberdiek/ifvtex.sty)
(/usr/share/texmf-texlive/tex/xelatex/xetexconfig/geometry.cfg))
(/usr/share/texmf-texlive/tex/latex/paralist/paralist.sty)
(/usr/share/texmf-texlive/tex/latex/titlesec/titlesec.sty)
(/usr/share/texmf-texlive/tex/latex/amsmath/amsmath.sty
For additional information on amsmath, use the `?' option.
(/usr/share/texmf-texlive/tex/latex/amsmath/amstext.sty
(/usr/share/texmf-texlive/tex/latex/amsmath/amsgen.sty))
(/usr/share/texmf-texlive/tex/latex/amsmath/amsbsy.sty)
(/usr/share/texmf-texlive/tex/latex/amsmath/amsopn.sty))
(/usr/share/texmf-texlive/tex/latex/setspace/setspace.sty
Package: `setspace' 6.7 <2000/12/01>
) (/usr/share/texmf-texlive/tex/latex/polynom/polynom.sty)
(/usr/share/texmf-texlive/tex/latex/stmaryrd/stmaryrd.sty)
(/usr/share/texmf-texlive/tex/generic/xypic/xy.sty
(/usr/share/texmf-texlive/tex/generic/xypic/xy.tex Bootstrap'ing: catcodes,
docmode, (/usr/share/texmf-texlive/tex/generic/xypic/xyrecat.tex)
(/usr/share/texmf-texlive/tex/generic/xypic/xyidioms.tex)

 Xy-pic version 3.7 <1999/02/16>
 Copyright (c) 1991-1998 by Kristoffer H. Rose <krisrose@ens-lyon.fr>
 Xy-pic is free software: see the User's Guide for details.

Loading kernel: messages; fonts; allocations: state, direction,
utility macros; pictures: \xy, positions, objects, decorations;
kernel objects: directionals, circles, text; options; algorithms: directions,
edges, connections;  Xy-pic loaded)
(/usr/share/texmf-texlive/tex/generic/xypic/xyarrow.tex
 Xy-pic option: Arrow and Path feature v.3.5 path, \ar, loaded)
(/usr/share/texmf-texlive/tex/generic/xypic/xymatrix.tex
 Xy-pic option: Matrix feature v.3.4 loaded)
(/usr/share/texmf-texlive/tex/generic/xypic/xycurve.tex
 Xy-pic option: Curve and Spline extension v.3.7 curve, circles, loaded))
(/usr/share/texmf-texlive/tex/latex/float/float.sty)
(/usr/share/texmf-texlive/tex/latex/titlesec/titletoc.sty)
(/usr/share/texmf-texlive/tex/latex/pgfplots/pgfplots.sty
(/usr/share/texmf/tex/latex/pgf/frontendlayer/tikz.sty
(/usr/share/texmf/tex/latex/pgf/basiclayer/pgf.sty
(/usr/share/texmf/tex/latex/pgf/utilities/pgfrcs.sty
(/usr/share/texmf/tex/generic/pgf/utilities/pgfutil-common.tex)
(/usr/share/texmf/tex/generic/pgf/utilities/pgfutil-latex.def
(/usr/share/texmf-texlive/tex/latex/ms/everyshi.sty))
(/usr/share/texmf/tex/generic/pgf/utilities/pgfrcs.code.tex))
(/usr/share/texmf/tex/latex/pgf/basiclayer/pgfcore.sty
(/usr/share/texmf-texlive/tex/latex/graphics/graphicx.sty
(/usr/share/texmf-texlive/tex/latex/graphics/graphics.sty
(/usr/share/texmf-texlive/tex/latex/graphics/trig.sty)
(/etc/texmf/tex/latex/config/graphics.cfg)
(/usr/share/texmf-texlive/tex/latex/pdftex-def/pdftex.def)))
(/usr/share/texmf/tex/latex/pgf/systemlayer/pgfsys.sty
(/usr/share/texmf/tex/generic/pgf/systemlayer/pgfsys.code.tex
(/usr/share/texmf/tex/generic/pgf/utilities/pgfkeys.code.tex
(/usr/share/texmf/tex/generic/pgf/utilities/pgfkeysfiltered.code.tex))
(/usr/share/texmf/tex/generic/pgf/systemlayer/pgf.cfg)
(/usr/share/texmf/tex/generic/pgf/systemlayer/pgfsys-pdftex.def
(/usr/share/texmf/tex/generic/pgf/systemlayer/pgfsys-common-pdf.def)))
(/usr/share/texmf/tex/generic/pgf/systemlayer/pgfsyssoftpath.code.tex)
(/usr/share/texmf/tex/generic/pgf/systemlayer/pgfsysprotocol.code.tex))
(/usr/share/texmf/tex/latex/xcolor/xcolor.sty
(/etc/texmf/tex/latex/config/color.cfg))
(/usr/share/texmf/tex/generic/pgf/basiclayer/pgfcore.code.tex
(/usr/share/texmf/tex/generic/pgf/math/pgfmath.code.tex
(/usr/share/texmf/tex/generic/pgf/math/pgfmathcalc.code.tex
(/usr/share/texmf/tex/generic/pgf/math/pgfmathutil.code.tex)
(/usr/share/texmf/tex/generic/pgf/math/pgfmathparser.code.tex)
(/usr/share/texmf/tex/generic/pgf/math/pgfmathfunctions.code.tex
(/usr/share/texmf/tex/generic/pgf/math/pgfmathfunctions.basic.code.tex)
(/usr/share/texmf/tex/generic/pgf/math/pgfmathfunctions.trigonometric.code.tex)
(/usr/share/texmf/tex/generic/pgf/math/pgfmathfunctions.random.code.tex)
(/usr/share/texmf/tex/generic/pgf/math/pgfmathfunctions.comparison.code.tex)
(/usr/share/texmf/tex/generic/pgf/math/pgfmathfunctions.base.code.tex)
(/usr/share/texmf/tex/generic/pgf/math/pgfmathfunctions.round.code.tex)
(/usr/share/texmf/tex/generic/pgf/math/pgfmathfunctions.misc.code.tex)))
(/usr/share/texmf/tex/generic/pgf/math/pgfmathfloat.code.tex))
(/usr/share/texmf/tex/generic/pgf/basiclayer/pgfcorepoints.code.tex)
(/usr/share/texmf/tex/generic/pgf/basiclayer/pgfcorepathconstruct.code.tex)
(/usr/share/texmf/tex/generic/pgf/basiclayer/pgfcorepathusage.code.tex)
(/usr/share/texmf/tex/generic/pgf/basiclayer/pgfcorescopes.code.tex)
(/usr/share/texmf/tex/generic/pgf/basiclayer/pgfcoregraphicstate.code.tex)
(/usr/share/texmf/tex/generic/pgf/basiclayer/pgfcoretransformations.code.tex)
(/usr/share/texmf/tex/generic/pgf/basiclayer/pgfcorequick.code.tex)
(/usr/share/texmf/tex/generic/pgf/basiclayer/pgfcoreobjects.code.tex)
(/usr/share/texmf/tex/generic/pgf/basiclayer/pgfcorepathprocessing.code.tex)
(/usr/share/texmf/tex/generic/pgf/basiclayer/pgfcorearrows.code.tex)
(/usr/share/texmf/tex/generic/pgf/basiclayer/pgfcoreshade.code.tex)
(/usr/share/texmf/tex/generic/pgf/basiclayer/pgfcoreimage.code.tex
(/usr/share/texmf/tex/generic/pgf/basiclayer/pgfcoreexternal.code.tex))
(/usr/share/texmf/tex/generic/pgf/basiclayer/pgfcorelayers.code.tex)
(/usr/share/texmf/tex/generic/pgf/basiclayer/pgfcoretransparency.code.tex)
(/usr/share/texmf/tex/generic/pgf/basiclayer/pgfcorepatterns.code.tex)))
(/usr/share/texmf/tex/generic/pgf/modules/pgfmoduleshapes.code.tex)
(/usr/share/texmf/tex/generic/pgf/modules/pgfmoduleplot.code.tex)
(/usr/share/texmf/tex/latex/pgf/compatibility/pgfcomp-version-0-65.sty)
(/usr/share/texmf/tex/latex/pgf/compatibility/pgfcomp-version-1-18.sty))
(/usr/share/texmf/tex/latex/pgf/utilities/pgffor.sty
(/usr/share/texmf/tex/latex/pgf/utilities/pgfkeys.sty
(/usr/share/texmf/tex/generic/pgf/utilities/pgfkeys.code.tex))
(/usr/share/texmf/tex/generic/pgf/utilities/pgffor.code.tex))
(/usr/share/texmf/tex/generic/pgf/frontendlayer/tikz/tikz.code.tex
(/usr/share/texmf/tex/generic/pgf/libraries/pgflibraryplothandlers.code.tex)
(/usr/share/texmf/tex/generic/pgf/modules/pgfmodulematrix.code.tex)
(/usr/share/texmf/tex/generic/pgf/frontendlayer/tikz/libraries/tikzlibrarytopat
hs.code.tex))) (/usr/share/texmf-texlive/tex/generic/pgfplots/pgfplots.code.tex
 (/usr/share/texmf-texlive/tex/generic/pgfplots/pgfplotscore.code.tex)
(/usr/share/texmf-texlive/tex/generic/pgfplots/oldpgfcompatib/pgfplotsoldpgfsup
p_loader.code.tex
Package pgfplots: loading complementary code for your PGF version...

(/usr/share/texmf-texlive/tex/generic/pgfplots/oldpgfcompatib/pgfplotsoldpgfsup
p_misc.code.tex)
(/usr/share/texmf-texlive/tex/generic/pgfplots/oldpgfcompatib/pgfplotsoldpgfsup
p_pgfkeysfiltered.code.tex)
(/usr/share/texmf-texlive/tex/generic/pgfplots/oldpgfcompatib/pgfplotsoldpgfsup
p_pgfmathfloat.code.tex)
(/usr/share/texmf-texlive/tex/generic/pgfplots/oldpgfcompatib/pgfplotsoldpgfsup
p_pgflibraryplothandlers.code.tex)
(/usr/share/texmf/tex/generic/pgf/libraries/pgflibraryfpu.code.tex))
(/usr/share/texmf-texlive/tex/generic/pgfplots/util/pgfplotsutil.code.tex
(/usr/share/texmf-texlive/tex/generic/pgfplots/liststructure/pgfplotsliststruct
ure.code.tex)
(/usr/share/texmf-texlive/tex/generic/pgfplots/liststructure/pgfplotsliststruct
ureext.code.tex)
(/usr/share/texmf-texlive/tex/generic/pgfplots/liststructure/pgfplotsarray.code
.tex)
(/usr/share/texmf-texlive/tex/generic/pgfplots/numtable/pgfplotstable.code.tex
(/usr/share/texmf-texlive/tex/generic/pgfplots/numtable/pgfplotstable.coltype.c
ode.tex)))
(/usr/share/texmf-texlive/tex/generic/pgfplots/util/pgfplotscolormap.code.tex)
(/usr/share/texmf-texlive/tex/generic/pgfplots/pgfplots.stackedplots.code.tex)
(/usr/share/texmf-texlive/tex/generic/pgfplots/pgfplotscoordprocessing.code.tex
) (/usr/share/texmf-texlive/tex/generic/pgfplots/pgfplotsticks.code.tex)
(/usr/share/texmf/tex/generic/pgf/frontendlayer/tikz/libraries/tikzlibrarydecor
ations.code.tex
(/usr/share/texmf/tex/generic/pgf/modules/pgfmoduledecorations.code.tex))
(/usr/share/texmf/tex/generic/pgf/frontendlayer/tikz/libraries/tikzlibrarydecor
ations.pathmorphing.code.tex
(/usr/share/texmf/tex/generic/pgf/libraries/decorations/pgflibrarydecorations.p
athmorphing.code.tex))
(/usr/share/texmf/tex/generic/pgf/frontendlayer/tikz/libraries/tikzlibrarydecor
ations.pathreplacing.code.tex
(/usr/share/texmf/tex/generic/pgf/libraries/decorations/pgflibrarydecorations.p
athreplacing.code.tex)))
(/usr/share/texmf/tex/generic/pgf/frontendlayer/tikz/libraries/tikzlibraryplotm
arks.code.tex
(/usr/share/texmf/tex/generic/pgf/libraries/pgflibraryplotmarks.code.tex)))
(/usr/share/texmf-texlive/tex/latex/wrapfig/wrapfig.sty)
(/usr/share/texmf-texlive/tex/generic/mathabx/mathabx.sty
(/usr/share/texmf-texlive/tex/generic/mathabx/mathabx.dcl))
(/usr/share/texmf-texlive/tex/latex/base/ifthen.sty)
(/usr/share/texmf-texlive/tex/latex/caption/caption.sty
(/usr/share/texmf-texlive/tex/latex/caption/caption3.sty))
(/usr/share/texmf-texlive/tex/latex/caption/subcaption.sty) (data/latexki.sty)
(/usr/share/texmf-texlive/tex/latex/ntheorem/ntheorem.sty
Style `ntheorem', Version 1.25 <2005/07/07>
) (/usr/share/texmf-texlive/tex/latex/hyperref/hyperref.sty
(/usr/share/texmf-texlive/tex/generic/ifxetex/ifxetex.sty)
(/usr/share/texmf-texlive/tex/latex/oberdiek/hycolor.sty
(/usr/share/texmf-texlive/tex/latex/oberdiek/xcolor-patch.sty))
(/usr/share/texmf-texlive/tex/latex/hyperref/pd1enc.def)
(/usr/share/texmf-texlive/tex/generic/oberdiek/etexcmds.sty
(/usr/share/texmf-texlive/tex/generic/oberdiek/infwarerr.sty))
(/usr/share/texmf-texlive/tex/latex/latexconfig/hyperref.cfg)
(/usr/share/texmf-texlive/tex/latex/oberdiek/kvoptions.sty
(/usr/share/texmf-texlive/tex/generic/oberdiek/kvsetkeys.sty))
Implicit mode ON; LaTeX internals redefined
(/usr/share/texmf-texlive/tex/latex/ltxmisc/url.sty)
(/usr/share/texmf-texlive/tex/generic/oberdiek/bitset.sty
(/usr/share/texmf-texlive/tex/generic/oberdiek/intcalc.sty)
(/usr/share/texmf-texlive/tex/generic/oberdiek/bigintcalc.sty
(/usr/share/texmf-texlive/tex/generic/oberdiek/pdftexcmds.sty
(/usr/share/texmf-texlive/tex/generic/oberdiek/ifluatex.sty)
(/usr/share/texmf-texlive/tex/generic/oberdiek/ltxcmds.sty))))
(/usr/share/texmf-texlive/tex/generic/oberdiek/atbegshi.sty))
*hyperref using default driver hpdftex*
(/usr/share/texmf-texlive/tex/latex/hyperref/hpdftex.def) (./GeoSchemata15.aux)
*geometry auto-detecting driver*
*geometry detected driver: pdftex*
ABD: EveryShipout initializing macros
(/usr/share/texmf-texlive/tex/context/base/supp-pdf.mkii
[Loading MPS to PDF converter (version 2006.09.02).]
) (/usr/share/texmf-texlive/tex/latex/hyperref/nameref.sty
(/usr/share/texmf-texlive/tex/latex/oberdiek/refcount.sty))
(./GeoSchemata15.out) (./GeoSchemata15.out)
Underfull \hbox (badness 10000) in paragraph at lines 146--147


LaTeX Font Warning: Font shape `T1/cmr/m/n' in size <40> not available
(Font)              size <35.83> substituted on input line 149.


LaTeX Font Warning: Font shape `T1/cmr/bx/n' in size <40> not available
(Font)              size <35.83> substituted on input line 149.


Underfull \hbox (badness 10000) in paragraph at lines 151--152


Underfull \hbox (badness 10000) in paragraph at lines 153--154

(/usr/share/texmf-texlive/tex/latex/amsfonts/umsa.fd)
(/usr/share/texmf-texlive/tex/latex/amsfonts/umsb.fd)
(/usr/share/texmf-texlive/tex/latex/stmaryrd/Ustmry.fd)
Underfull \hbox (badness 10000) in paragraph at lines 155--156

[1{/var/lib/texmf/fonts/map/pdftex/updmap/pdftex.map}] [2] (./GeoSchemata15.toc

Overfull \hbox (0.93665pt too wide) detected at line 10
\T1/cmr/bx/n/10.95 II  

Overfull \hbox (1.81714pt too wide) detected at line 12
\T1/cmr/m/n/10.95 Ÿ 10  

Overfull \hbox (1.81714pt too wide) detected at line 13
\T1/cmr/m/n/10.95 Ÿ 11  

Overfull \hbox (5.95705pt too wide) detected at line 14
\T1/cmr/bx/n/10.95 III  

Overfull \hbox (1.81714pt too wide) detected at line 15
\T1/cmr/m/n/10.95 Ÿ 12  

Overfull \hbox (1.81714pt too wide) detected at line 16
\T1/cmr/m/n/10.95 Ÿ 13  

Overfull \hbox (1.81714pt too wide) detected at line 17
\T1/cmr/m/n/10.95 Ÿ 14  

Overfull \hbox (1.81714pt too wide) detected at line 18
\T1/cmr/m/n/10.95 Ÿ 15  

Overfull \hbox (1.81714pt too wide) detected at line 19
\T1/cmr/m/n/10.95 Ÿ 16  
) [3] [4]
Kapitel I\hskip 1em\relax .
(/usr/share/texmf-texlive/tex/latex/amsfonts/ueuf.fd)
Underfull \vbox (badness 4846) has occurred while \output is active [5]
Overfull \hbox (11.96242pt too wide) detected at line 243
\OML/cmm/m/it/10.95 V\U/matha/m/n/10.95 p\OML/cmm/m/it/10.95 I[]\U/matha/m/n/10
.95 q Y \OML/cmm/m/it/10.95 V\U/matha/m/n/10.95 p\OML/cmm/m/it/10.95 I[]\U/math
a/m/n/10.95 q  ^^P  t\U/euf/m/n/10.95 p \U/matha/m/n/10.95 P [] \OML/cmm/m/it/1
0.95 R \U/matha/m/n/10.95 | \OML/cmm/m/it/10.95 I[] \U/matha/m/n/10.95 „ \U/euf
/m/n/10.95 p[]\OML/cmm/m/it/10.95 I[] \U/matha/m/n/10.95 „ \U/euf/m/n/10.95 p\U
/matha/m/n/10.95 u  []  t\U/euf/m/n/10.95 p \U/matha/m/n/10.95 P [] \OML/cmm/m/
it/10.95 R \U/matha/m/n/10.95 | \OML/cmm/m/it/10.95 I[] \U/matha/m/n/10.95 X \O
ML/cmm/m/it/10.95 I[] \U/matha/m/n/10.95 „ \U/euf/m/n/10.95 p\U/matha/m/n/10.95
 u  ^^P  \OML/cmm/m/it/10.95 V\U/matha/m/n/10.95 p\OML/cmm/m/it/10.95 I[] \U/ma
tha/m/n/10.95 X \OML/cmm/m/it/10.95 I[]\U/matha/m/n/10.95 q\OML/cmm/m/it/10.95 
:
[6] [7] [8] [9] [10]
Underfull \vbox (badness 1721) has occurred while \output is active [11]
[12] <xymatrix 4x3 214> [13] [14]
Overfull \hbox (5.13715pt too wide) detected at line 588
\OMS/cmsy/m/n/10.95 F[]\U/matha/m/n/10.95 p\OML/cmm/m/it/10.95 U\U/matha/m/n/10
.95 q \OT1/cmr/m/n/10.95 :\U/matha/m/n/10.95 ^^P [] \OML/cmm/m/it/10.95 :
[15] [16]
Overfull \hbox (2.58913pt too wide) in paragraph at lines 685--686
\T1/cmr/m/n/10.95 si-sten-te Fa-mi-lie. Dann ist $\U/matha/m/n/10.95 t\OML/cmm/
m/it/10.95 f[]\U/matha/m/n/10.95 p\OML/cmm/m/it/10.95 V[]\U/matha/m/n/10.95 qu[
]$ \T1/cmr/m/n/10.95 of-fe-ne Über-deckung von $\OML/cmm/m/it/10.95 f[]\U/matha
/m/n/10.95 p\OML/cmm/m/it/10.95 V\U/matha/m/n/10.95 q$ \T1/cmr/m/n/10.95 und $\
OML/cmm/m/it/10.95 s[] \U/matha/m/n/10.95 P \OMS/cmsy/m/n/10.95 F []$

Underfull \vbox (badness 10000) has occurred while \output is active [17]
<xymatrix 4x3 214>
Underfull \vbox (badness 3919) has occurred while \output is active [18]
<xymatrix 3x3 229> [19] [20] [21] [22] [23] <xymatrix 3x3 120>
Underfull \vbox (badness 1789) has occurred while \output is active [24]
<xymatrix 7x3 387> [25] <xymatrix 9x4 599>
Underfull \vbox (badness 10000) has occurred while \output is active [26]
<xymatrix 6x5 416> [27] <xymatrix 7x3 387> <xymatrix 7x3 387> [28] <xymatrix
5x2 165> <xymatrix 7x3 365>
Underfull \vbox (badness 10000) has occurred while \output is active [29]
<xymatrix 3x2 190> <xymatrix 9x3 552>
Overfull \hbox (6.32085pt too wide) detected at line 1264
[]
[30] [31] <xymatrix 3x2 169> [32]
Overfull \hbox (14.24382pt too wide) detected at line 1386
[]\U/matha/m/n/10.95 p\OML/cmm/m/it/10.95 T; X\U/matha/m/n/10.95 q ^^P [] \OML/
cmm/m/it/10.95 ;
[33] [34] [35] <xymatrix 8x3 506> [36] <xymatrix 3x2 183> <xymatrix 3x2 169>
[37] <xymatrix 3x2 183> <xymatrix 3x3 286> <xymatrix 5x4 383> [38] <xymatrix
4x3 385>
Underfull \vbox (badness 10000) has occurred while \output is active [39]
<xymatrix 3x2 162> <xymatrix 3x2 203> <xymatrix 3x3 272> [40] <xymatrix 5x3
433> <xymatrix 3x3 188> <xymatrix 3x3 195> <xymatrix 3x3 161> [41] [42]
Kapitel II\hskip 1em\relax .

Package hyperref Warning: Token not allowed in a PDF string (PDFDocEncoding):
(hyperref)                removing `math shift' on input line 1817.


Package hyperref Warning: Token not allowed in a PDF string (PDFDocEncoding):
(hyperref)                removing `subscript' on input line 1817.


Package hyperref Warning: Token not allowed in a PDF string (PDFDocEncoding):
(hyperref)                removing `math shift' on input line 1817.


Overfull \hbox (2.9378pt too wide) in paragraph at lines 1829--1830
\OMS/cmsy/m/n/10.95 F\U/matha/m/n/10.95 p\OML/cmm/m/it/10.95 U[]\U/matha/m/n/10
.95 q$ \T1/cmr/m/n/10.95 ein $\OMS/cmsy/m/n/10.95 O[]\U/matha/m/n/10.95 p\OML/c
mm/m/it/10.95 U\U/matha/m/n/10.95 q$\T1/cmr/m/n/10.95 -Modulhomomorphismus ist.
 Da-bei wird $\OMS/cmsy/m/n/10.95 F\U/matha/m/n/10.95 p\OML/cmm/m/it/10.95 U[]\
U/matha/m/n/10.95 q$ \T1/cmr/m/n/10.95 ver-mö-ge $[]\OML/cmm/m/it/10.95 ^^Z[]$ 
\T1/cmr/m/n/10.95 als $\OMS/cmsy/m/n/10.95 O[]\U/matha/m/n/10.95 p\OML/cmm/m/it
/10.95 U\U/matha/m/n/10.95 q$\T1/cmr/m/n/10.95 -
[43]
Underfull \vbox (badness 10000) has occurred while \output is active [44]
Underfull \vbox (badness 4967) has occurred while \output is active [45]
[46] [47]
Underfull \vbox (badness 1571) has occurred while \output is active [48]
Underfull \vbox (badness 3229) has occurred while \output is active [49]
[50]
Overfull \hbox (2.69888pt too wide) in paragraph at lines 2151--2152
[]\T1/cmr/m/n/10.95 Sei $\U/matha/m/n/10.95 p\OML/cmm/m/it/10.95 X; \OMS/cmsy/m
/n/10.95 O[]\U/matha/m/n/10.95 q$ \T1/cmr/m/n/10.95 lo-kal ge-ring-ter Raum so-
wie $\OMS/cmsy/m/n/10.95 F$\T1/cmr/m/n/10.95 , $\OMS/cmsy/m/n/10.95 G$ $O[]$\T1
/cmr/m/n/10.95 -Modulgarben

LaTeX Font Warning: Font shape `U/stmry/b/n' undefined
(Font)              using `U/stmry/m/n' instead on input line 2152.

[51]
Overfull \hbox (7.79547pt too wide) in paragraph at lines 2179--2180
[]\T1/cmr/m/n/10.95 Es ge-nügt zu zei-gen: Ist $\U/matha/m/n/10.95 t\OML/cmm/m/
it/10.95 U[]\U/matha/m/n/10.95 u[]$ \T1/cmr/m/n/10.95 of-fe-ne Über-deckung von
 $\OML/cmm/m/it/10.95 X$\T1/cmr/m/n/10.95 , so ist $[][]\U/matha/m/n/10.95 p\OM
S/cmsy/m/n/10.95 F\OML/cmm/m/it/10.95 ; \OMS/cmsy/m/n/10.95 O[]\U/matha/m/n/10.
95 q|[]$

Underfull \vbox (badness 10000) has occurred while \output is active [52]
<xymatrix 5x2 165> [53]
Underfull \vbox (badness 3792) has occurred while \output is active [54]
[55] [56]
Kapitel III\hskip 1em\relax .
<xymatrix 5x2 206> <xymatrix 5x2 206> [57] <xymatrix 11x2 554> [58] <xymatrix
6x5 1260>
Underfull \vbox (badness 10000) has occurred while \output is active [59]
[60] [61] <xymatrix 9x2 388>
Overfull \hbox (2.31343pt too wide) in paragraph at lines 2551--2552
[]$\OML/cmm/m/it/10.95 P$ \T1/cmr/m/n/10.95 ist ge-nau dann pro-jek-tiv, falls 
für je-des sol-che rechtsex-ak-te Die-gramm ein $[] \U/matha/m/n/10.95 P [][]p\
OML/cmm/m/it/10.95 P; C\U/matha/m/n/10.95 q$
<xymatrix 5x2 151> [62] <xymatrix 5x2 158> <xymatrix 5x2 199> [63] [64]
<xymatrix 9x2 538> <xymatrix 5x2 247>
Underfull \vbox (badness 10000) has occurred while \output is active [65]
<xymatrix 7x3 468> <xymatrix 5x3 349>
Underfull \vbox (badness 10000) has occurred while \output is active [66]
<xymatrix 5x5 1001> [67]

Package hyperref Warning: Composite letter `\textasciicaron+C'
(hyperref)                not defined in PD1 encoding,
(hyperref)                removing `\textasciicaron' on input line 2789.

[68]
Underfull \vbox (badness 10000) has occurred while \output is active [69]
Overfull \hbox (10.1187pt too wide) in paragraph at lines 2887--2890
[]\T1/cmr/m/n/10.95 Zeige zu-nächst die Ex-akt-heit bei $\OMS/cmsy/m/n/10.95 C[
]\U/matha/m/n/10.95 p\U/euf/m/n/10.95 U\OML/cmm/m/it/10.95 ; \OMS/cmsy/m/n/10.9
5 F\U/matha/m/n/10.95 q$\T1/cmr/m/n/10.95 . Sei $\OML/cmm/m/it/10.95 U \U/matha
/m/n/10.95 „ \OML/cmm/m/it/10.95 X$ \T1/cmr/m/n/10.95 of-fen, $\U/matha/m/n/10.
95 p\OML/cmm/m/it/10.95 s[]\U/matha/m/n/10.95 q[] P \OT1/cmr/m/n/10.95 ^^@ []$\
T1/cmr/m/n/10.95 .
[70]
Overfull \hbox (6.10916pt too wide) in paragraph at lines 2898--2899
[]\T1/cmr/m/n/10.95 Sei $[] \U/matha/m/n/10.95 P \OMS/cmsy/m/n/10.95 C[]\U/math
a/m/n/10.95 p\U/euf/m/n/10.95 U\OML/cmm/m/it/10.95 ; \OMS/cmsy/m/n/10.95 F\U/ma
tha/m/n/10.95 q$\T1/cmr/m/n/10.95 , das heiÿt es ist $[] \U/matha/m/n/10.95 ^^P
 rp\OML/cmm/m/it/10.95 V; s\U/matha/m/n/10.95 qs$ \T1/cmr/m/n/10.95 mit $\OML/c
mm/m/it/10.95 V \U/matha/m/n/10.95 „ \OML/cmm/m/it/10.95 U[]$ \T1/cmr/m/n/10.95
 und $\OML/cmm/m/it/10.95 s \U/matha/m/n/10.95 ^^P p\OML/cmm/m/it/10.95 s[]\U/m
atha/m/n/10.95 q[] P
<xymatrix 5x2 260> [71]

LaTeX Warning: Command \" invalid in math mode on input line 2978.

[72] [73] [74]
Underfull \vbox (badness 10000) has occurred while \output is active [75]
[76] [77]
Overfull \hbox (24.46239pt too wide) in paragraph at lines 3154--3155
[]\T1/cmr/m/it/10.95 Sei $\U/matha/m/n/10.95 p\OML/cmm/m/it/10.95 X; \OMS/cmsy/
m/n/10.95 O[]\U/matha/m/n/10.95 q$ \T1/cmr/m/it/10.95 ein noether-sches, se-pa-
rier-tes Sche-ma, $\OMS/cmsy/m/n/10.95 F$ \T1/cmr/m/it/10.95 ei-ne qua-si-ko-hä
-ren-te $\OMS/cmsy/m/n/10.95 O[]$\T1/cmr/m/it/10.95 -Modulgarbe
[78] [79] [80] [81]
Underfull \vbox (badness 10000) has occurred while \output is active [82]
Underfull \vbox (badness 10000) has occurred while \output is active [83]
Underfull \vbox (badness 10000) has occurred while \output is active [84]
Underfull \vbox (badness 10000) has occurred while \output is active [85]
[86] [87]
Overfull \hbox (8.59486pt too wide) in paragraph at lines 3519--3520
[]\T1/cmr/m/it/10.95 Sei $\OML/cmm/m/it/10.95 X$ \T1/cmr/m/it/10.95 ei-ne nicht
-
[88]
Underfull \vbox (badness 1360) has occurred while \output is active [89]
[90]
Underfull \vbox (badness 10000) has occurred while \output is active [91]
Overfull \hbox (11.44995pt too wide) detected at line 3653
\OT1/cmr/m/n/10.95 d\OML/cmm/m/it/10.95 z \U/matha/m/n/10.95 ^^P \OT1/cmr/m/n/1
0.95 d\OML/cmm/m/it/10.95 t[] \U/matha/m/n/10.95 ^^@ \OT1/cmr/m/n/10.95 d\U/mat
ha/m/n/10.95 p\OML/cmm/m/it/10.95 t[]h\U/matha/m/n/10.95 q ^^P \OT1/cmr/m/n/10.
95 d\OML/cmm/m/it/10.95 t[] \U/matha/m/n/10.95 ^^@ \OML/cmm/m/it/10.95 t[]\OT1/
cmr/m/n/10.95 d\OML/cmm/m/it/10.95 h \U/matha/m/n/10.95 ^^@ \OT1/cmr/m/n/10.95 
2\OML/cmm/m/it/10.95 t[]\OT1/cmr/m/n/10.95 d\OML/cmm/m/it/10.95 h \U/matha/m/n/
10.95 ^^P \OT1/cmr/m/n/10.95 d\OML/cmm/m/it/10.95 t[] \U/matha/m/n/10.95 ^^@ \O
ML/cmm/m/it/10.95 t[]h[]\OT1/cmr/m/n/10.95 d\OML/cmm/m/it/10.95 t[] \U/matha/m/
n/10.95 ^^@ \OT1/cmr/m/n/10.95 2\OML/cmm/m/it/10.95 t[]h[]\OT1/cmr/m/n/10.95 d\
OML/cmm/m/it/10.95 t[] \U/matha/m/n/10.95 ^^P \OT1/cmr/m/n/10.95 d\OML/cmm/m/it
/10.95 t\U/matha/m/n/10.95 p\OT1/cmr/m/n/10.95 1 \U/matha/m/n/10.95 ^^@ \OT1/cm
r/m/n/10.95 2\OML/cmm/m/it/10.95 h[]t[] \U/matha/m/n/10.95 ^^@ \OML/cmm/m/it/10
.95 t[]h\U/matha/m/n/10.95 q\OML/cmm/m/it/10.95 :
[92] [93] [94] (./GeoSchemata15.aux)

LaTeX Font Warning: Size substitutions with differences
(Font)              up to 4.17pt have occurred.


LaTeX Font Warning: Some font shapes were not available, defaults substituted.

 )
(see the transcript file for additional information){/usr/share/texmf/fonts/enc
/dvips/cm-super/cm-super-t1.enc} </home/travis/.texmf-var/fonts/pk/ljfour/publi
c/mathabx/matha6.600pk> </home/travis/.texmf-var/fonts/pk/ljfour/public/mathabx
/mathb10.657pk> </home/travis/.texmf-var/fonts/pk/ljfour/public/mathabx/matha8.
600pk> </home/travis/.texmf-var/fonts/pk/ljfour/public/mathabx/mathx10.657pk> <
/home/travis/.texmf-var/fonts/pk/ljfour/public/mathabx/matha10.657pk></usr/shar
e/texmf-texlive/fonts/type1/public/amsfonts/cm/cmbx10.pfb></usr/share/texmf-tex
live/fonts/type1/public/amsfonts/cm/cmmi10.pfb></usr/share/texmf-texlive/fonts/
type1/public/amsfonts/cm/cmmi6.pfb></usr/share/texmf-texlive/fonts/type1/public
/amsfonts/cm/cmmi8.pfb></usr/share/texmf-texlive/fonts/type1/public/amsfonts/cm
/cmr10.pfb></usr/share/texmf-texlive/fonts/type1/public/amsfonts/cm/cmr6.pfb></
usr/share/texmf-texlive/fonts/type1/public/amsfonts/cm/cmr8.pfb></usr/share/tex
mf-texlive/fonts/type1/public/amsfonts/cm/cmsy10.pfb></usr/share/texmf-texlive/
fonts/type1/public/amsfonts/cm/cmsy6.pfb></usr/share/texmf-texlive/fonts/type1/
public/amsfonts/cm/cmsy8.pfb></usr/share/texmf-texlive/fonts/type1/public/amsfo
nts/cm/cmti10.pfb></usr/share/texmf-texlive/fonts/type1/public/amsfonts/cm/cmti
7.pfb></usr/share/texmf-texlive/fonts/type1/public/amsfonts/cm/cmti8.pfb></usr/
share/texmf-texlive/fonts/type1/public/amsfonts/euler/eufm10.pfb></usr/share/te
xmf-texlive/fonts/type1/public/amsfonts/symbols/msam10.pfb></usr/share/texmf-te
xlive/fonts/type1/public/amsfonts/symbols/msbm10.pfb></usr/share/texmf/fonts/ty
pe1/public/cm-super/sfbi1095.pfb></usr/share/texmf/fonts/type1/public/cm-super/
sfbx1095.pfb></usr/share/texmf/fonts/type1/public/cm-super/sfbx1440.pfb></usr/s
hare/texmf/fonts/type1/public/cm-super/sfbx2074.pfb></usr/share/texmf/fonts/typ
e1/public/cm-super/sfbx2488.pfb></usr/share/texmf/fonts/type1/public/cm-super/s
fbx3583.pfb></usr/share/texmf/fonts/type1/public/cm-super/sfrm0600.pfb></usr/sh
are/texmf/fonts/type1/public/cm-super/sfrm0800.pfb></usr/share/texmf/fonts/type
1/public/cm-super/sfrm1095.pfb></usr/share/texmf/fonts/type1/public/cm-super/sf
rm1200.pfb></usr/share/texmf/fonts/type1/public/cm-super/sfsl1095.pfb></usr/sha
re/texmf/fonts/type1/public/cm-super/sfti1095.pfb></usr/share/texmf/fonts/type1
/public/cm-super/sfti1200.pfb></usr/share/texmf-texlive/fonts/type1/public/xypi
c/xyatip10.pfb></usr/share/texmf-texlive/fonts/type1/public/xypic/xybtip10.pfb>
</usr/share/texmf-texlive/fonts/type1/public/xypic/xydash10.pfb>
Output written on GeoSchemata15.pdf (94 pages, 1025092 bytes).
Transcript written on GeoSchemata15.log.
Result: ExitSuccess

Running /usr/bin/convert -verbose GeoSchemata15.pdf[0] -resize 70x GeoSchemata15.png in an env with 4 entries:
"gs" -q -dQUIET -dSAFER -dBATCH -dNOPAUSE -dNOPROMPT -dMaxBitmap=500000000 -dAlignToPixels=0 -dGridFitTT=2 "-sDEVICE=pngalpha" -dTextAlphaBits=4 -dGraphicsAlphaBits=4 "-r72x72" -dFirstPage=1 -dLastPage=1 "-sOutputFile=/tmp/magick-KGJeak8W-%08d" "-f/tmp/magick-NpENMLeU" "-f/tmp/magick-MF8WWglR"
/tmp/magick-KGJeak8W-00000001 PNG 595x842 595x842+0+0 8-bit DirectClass 14.2KB 0.000u 0:00.010
GeoSchemata15.pdf[0]=>GeoSchemata15.pdf PDF 595x842 595x842+0+0 16-bit DirectClass 14.2KB 0.000u 0:00.000
GeoSchemata15.pdf[0]=>GeoSchemata15.png PDF 595x842=>70x99 70x99+0+0 16-bit DirectClass 0.320u 0:00.100
Result: ExitSuccess

Running /usr/bin/optipng -verbose GeoSchemata15.png in an env with 4 entries:
OptiPNG 0.6.4: Advanced PNG optimizer.
Copyright (C) 2001-2010 Cosmin Truta.

** Processing: GeoSchemata15.png
70x99 pixels, 2x8 bits/pixel, grayscale+alpha
Reducing image to 8 bits/pixel, 87 colors (86 transparent) in palette
Input IDAT size = 611 bytes
Input file size = 3241 bytes

Trying:
  zc = 9  zm = 8  zs = 0  f = 0		IDAT size = 463
  zc = 9  zm = 8  zs = 1  f = 0		IDAT size = 463
  zc = 1  zm = 8  zs = 2  f = 0		IDAT too big
  zc = 9  zm = 8  zs = 3  f = 0		IDAT size = 444
  zc = 9  zm = 8  zs = 0  f = 5		IDAT too big
  zc = 9  zm = 8  zs = 1  f = 5		IDAT too big
  zc = 1  zm = 8  zs = 2  f = 5		IDAT too big
  zc = 9  zm = 8  zs = 3  f = 5		IDAT too big

GeoSchemata15.png is already optimized.

** Status report
1 file(s) have been processed.
Result: ExitSuccess
