This is pdfTeX, Version 3.1415926-1.40.10 (TeX Live 2009/Debian) (format=pdflatex 2016.12.27)  27 DEC 2016 08:48
entering extended mode
 %&-line parsing enabled.
**GeoSchemata2012.tex
(data/GeoSchemata2012.tex
LaTeX2e <2009/09/24>
Babel <v3.8l> and hyphenation patterns for english, usenglishmax, dumylang, noh
yphenation, farsi, arabic, croatian, bulgarian, ukrainian, russian, czech, slov
ak, danish, dutch, finnish, french, basque, ngerman, german, german-x-2009-06-1
9, ngerman-x-2009-06-19, ibycus, monogreek, greek, ancientgreek, hungarian, san
skrit, italian, latin, latvian, lithuanian, mongolian2a, mongolian, bokmal, nyn
orsk, romanian, irish, coptic, serbian, turkish, welsh, esperanto, uppersorbian
, estonian, indonesian, interlingua, icelandic, kurmanji, slovenian, polish, po
rtuguese, spanish, galician, catalan, swedish, ukenglish, loaded.
(/usr/share/texmf-texlive/tex/latex/koma-script/scrbook.cls
Document Class: scrbook 2009/07/24 v3.04a KOMA-Script document class (book)
(/usr/share/texmf-texlive/tex/latex/koma-script/scrkbase.sty
Package: scrkbase 2009/07/24 v3.04a KOMA-Script package (KOMA-Script-dependent 
basics and keyval usage)

(/usr/share/texmf-texlive/tex/latex/koma-script/scrbase.sty
Package: scrbase 2009/07/24 v3.04a KOMA-Script package (KOMA-Script-independent
 basics and keyval usage)

(/usr/share/texmf-texlive/tex/latex/graphics/keyval.sty
Package: keyval 1999/03/16 v1.13 key=value parser (DPC)
\KV@toks@=\toks14
)
(/usr/share/texmf-texlive/tex/latex/koma-script/scrlfile.sty
Package: scrlfile 2009/03/25 v3.03 KOMA-Script package (loading files)

Package scrlfile, 2009/03/25 v3.03 KOMA-Script package (loading files)
                  Copyright (C) Markus Kohm

))) (/usr/share/texmf-texlive/tex/latex/koma-script/tocbasic.sty
Package: tocbasic 2009/06/08 v3.03b KOMA-Script package (handling toc-files)
)
Package tocbasic Info: omitting babel extension for `toc'
(tocbasic)             because of feature `nobabel' available
(tocbasic)             for `toc' on input line 117.
Package tocbasic Info: omitting babel extension for `lof'
(tocbasic)             because of feature `nobabel' available
(tocbasic)             for `lof' on input line 118.
Package tocbasic Info: omitting babel extension for `lot'
(tocbasic)             because of feature `nobabel' available
(tocbasic)             for `lot' on input line 119.
Class scrbook Info: File `scrsize12pt.clo' used to setup font sizes on input li
ne 1272.

(/usr/share/texmf-texlive/tex/latex/koma-script/scrsize12pt.clo
File: scrsize12pt.clo 2009/07/24 v3.04a KOMA-Script font size class option (12p
t)
)
(/usr/share/texmf-texlive/tex/latex/koma-script/typearea.sty
Package: typearea 2009/07/24 v3.04a KOMA-Script package (type area)

Package typearea, 2009/07/24 v3.04a KOMA-Script package (type area)
                  Copyright (C) Frank Neukam, 1992-1994
                  Copyright (C) Markus Kohm, 1994-

\ta@bcor=\skip41
\ta@div=\count79
\ta@hblk=\skip42
\ta@vblk=\skip43
\ta@temp=\skip44
Package typearea Info: These are the values describing the layout:
(typearea)             DIV  = 12
(typearea)             BCOR = 0.0pt
(typearea)             \paperwidth      = 597.50793pt
(typearea)              \textwidth      = 448.13095pt
(typearea)              DIV departure   = -6%
(typearea)              \evensidemargin = 27.31467pt
(typearea)              \oddsidemargin  = -22.47766pt
(typearea)             \paperheight     = 845.04694pt
(typearea)              \textheight     = 606.5pt
(typearea)              \topmargin      = -1.84941pt
(typearea)              \headheight     = 18.125pt
(typearea)              \headsep        = 21.75pt
(typearea)              \topskip        = 12.0pt
(typearea)              \footskip       = 50.75pt
(typearea)              \baselineskip   = 14.5pt
(typearea)              on input line 1115.
)
\c@part=\count80
\c@chapter=\count81
\c@section=\count82
\c@subsection=\count83
\c@subsubsection=\count84
\c@paragraph=\count85
\c@subparagraph=\count86
\abovecaptionskip=\skip45
\belowcaptionskip=\skip46
\c@pti@nb@sid@b@x=\box26
\c@figure=\count87
\c@table=\count88
\bibindent=\dimen102
) (data/latexki.sty) (/usr/share/texmf-texlive/tex/latex/geometry/geometry.sty
Package: geometry 2008/12/21 v4.2 Page Geometry
(/usr/share/texmf-texlive/tex/generic/oberdiek/ifpdf.sty
Package: ifpdf 2009/04/10 v2.0 Provides the ifpdf switch (HO)
Package ifpdf Info: pdfTeX in pdf mode detected.
)
(/usr/share/texmf-texlive/tex/generic/oberdiek/ifvtex.sty
Package: ifvtex 2008/11/04 v1.4 Switches for detecting VTeX and its modes (HO)
Package ifvtex Info: VTeX not detected.
)
\Gm@cnth=\count89
\Gm@cntv=\count90
\c@Gm@tempcnt=\count91
\Gm@bindingoffset=\dimen103
\Gm@wd@mp=\dimen104
\Gm@odd@mp=\dimen105
\Gm@even@mp=\dimen106
\Gm@dimlist=\toks15

(/usr/share/texmf-texlive/tex/xelatex/xetexconfig/geometry.cfg))
(/usr/share/texmf-texlive/tex/generic/babel/babel.sty
Package: babel 2008/07/06 v3.8l The Babel package

(/usr/share/texmf-texlive/tex/generic/babel/ngermanb.ldf
Language: ngermanb 2008/07/06 v2.6n new German support from the babel system

(/usr/share/texmf-texlive/tex/generic/babel/babel.def
File: babel.def 2008/07/06 v3.8l Babel common definitions
\babel@savecnt=\count92
\U@D=\dimen107
)
\l@naustrian = a dialect from \language\l@ngerman 
Package babel Info: Making " an active character on input line 92.
))
(/usr/share/texmf/tex/latex/beamer/base/translator/translator.sty
Package: translator 2010/06/12 ver 1.10

(/usr/share/texmf/tex/latex/beamer/base/translator/translator-language-mappings
.tex)) (/usr/share/texmf-texlive/tex/latex/base/inputenc.sty
Package: inputenc 2008/03/30 v1.1d Input encoding file
\inpenc@prehook=\toks16
\inpenc@posthook=\toks17

(/usr/share/texmf-texlive/tex/latex/base/utf8.def
File: utf8.def 2008/04/05 v1.1m UTF-8 support for inputenc
Now handling font encoding OML ...
... no UTF-8 mapping file for font encoding OML
Now handling font encoding T1 ...
... processing UTF-8 mapping file for font encoding T1

(/usr/share/texmf-texlive/tex/latex/base/t1enc.dfu
File: t1enc.dfu 2008/04/05 v1.1m UTF-8 support for inputenc
   defining Unicode char U+00A1 (decimal 161)
   defining Unicode char U+00A3 (decimal 163)
   defining Unicode char U+00AB (decimal 171)
   defining Unicode char U+00BB (decimal 187)
   defining Unicode char U+00BF (decimal 191)
   defining Unicode char U+00C0 (decimal 192)
   defining Unicode char U+00C1 (decimal 193)
   defining Unicode char U+00C2 (decimal 194)
   defining Unicode char U+00C3 (decimal 195)
   defining Unicode char U+00C4 (decimal 196)
   defining Unicode char U+00C5 (decimal 197)
   defining Unicode char U+00C6 (decimal 198)
   defining Unicode char U+00C7 (decimal 199)
   defining Unicode char U+00C8 (decimal 200)
   defining Unicode char U+00C9 (decimal 201)
   defining Unicode char U+00CA (decimal 202)
   defining Unicode char U+00CB (decimal 203)
   defining Unicode char U+00CC (decimal 204)
   defining Unicode char U+00CD (decimal 205)
   defining Unicode char U+00CE (decimal 206)
   defining Unicode char U+00CF (decimal 207)
   defining Unicode char U+00D0 (decimal 208)
   defining Unicode char U+00D1 (decimal 209)
   defining Unicode char U+00D2 (decimal 210)
   defining Unicode char U+00D3 (decimal 211)
   defining Unicode char U+00D4 (decimal 212)
   defining Unicode char U+00D5 (decimal 213)
   defining Unicode char U+00D6 (decimal 214)
   defining Unicode char U+00D8 (decimal 216)
   defining Unicode char U+00D9 (decimal 217)
   defining Unicode char U+00DA (decimal 218)
   defining Unicode char U+00DB (decimal 219)
   defining Unicode char U+00DC (decimal 220)
   defining Unicode char U+00DD (decimal 221)
   defining Unicode char U+00DE (decimal 222)
   defining Unicode char U+00DF (decimal 223)
   defining Unicode char U+00E0 (decimal 224)
   defining Unicode char U+00E1 (decimal 225)
   defining Unicode char U+00E2 (decimal 226)
   defining Unicode char U+00E3 (decimal 227)
   defining Unicode char U+00E4 (decimal 228)
   defining Unicode char U+00E5 (decimal 229)
   defining Unicode char U+00E6 (decimal 230)
   defining Unicode char U+00E7 (decimal 231)
   defining Unicode char U+00E8 (decimal 232)
   defining Unicode char U+00E9 (decimal 233)
   defining Unicode char U+00EA (decimal 234)
   defining Unicode char U+00EB (decimal 235)
   defining Unicode char U+00EC (decimal 236)
   defining Unicode char U+00ED (decimal 237)
   defining Unicode char U+00EE (decimal 238)
   defining Unicode char U+00EF (decimal 239)
   defining Unicode char U+00F0 (decimal 240)
   defining Unicode char U+00F1 (decimal 241)
   defining Unicode char U+00F2 (decimal 242)
   defining Unicode char U+00F3 (decimal 243)
   defining Unicode char U+00F4 (decimal 244)
   defining Unicode char U+00F5 (decimal 245)
   defining Unicode char U+00F6 (decimal 246)
   defining Unicode char U+00F8 (decimal 248)
   defining Unicode char U+00F9 (decimal 249)
   defining Unicode char U+00FA (decimal 250)
   defining Unicode char U+00FB (decimal 251)
   defining Unicode char U+00FC (decimal 252)
   defining Unicode char U+00FD (decimal 253)
   defining Unicode char U+00FE (decimal 254)
   defining Unicode char U+00FF (decimal 255)
   defining Unicode char U+0102 (decimal 258)
   defining Unicode char U+0103 (decimal 259)
   defining Unicode char U+0104 (decimal 260)
   defining Unicode char U+0105 (decimal 261)
   defining Unicode char U+0106 (decimal 262)
   defining Unicode char U+0107 (decimal 263)
   defining Unicode char U+010C (decimal 268)
   defining Unicode char U+010D (decimal 269)
   defining Unicode char U+010E (decimal 270)
   defining Unicode char U+010F (decimal 271)
   defining Unicode char U+0110 (decimal 272)
   defining Unicode char U+0111 (decimal 273)
   defining Unicode char U+0118 (decimal 280)
   defining Unicode char U+0119 (decimal 281)
   defining Unicode char U+011A (decimal 282)
   defining Unicode char U+011B (decimal 283)
   defining Unicode char U+011E (decimal 286)
   defining Unicode char U+011F (decimal 287)
   defining Unicode char U+0130 (decimal 304)
   defining Unicode char U+0131 (decimal 305)
   defining Unicode char U+0132 (decimal 306)
   defining Unicode char U+0133 (decimal 307)
   defining Unicode char U+0139 (decimal 313)
   defining Unicode char U+013A (decimal 314)
   defining Unicode char U+013D (decimal 317)
   defining Unicode char U+013E (decimal 318)
   defining Unicode char U+0141 (decimal 321)
   defining Unicode char U+0142 (decimal 322)
   defining Unicode char U+0143 (decimal 323)
   defining Unicode char U+0144 (decimal 324)
   defining Unicode char U+0147 (decimal 327)
   defining Unicode char U+0148 (decimal 328)
   defining Unicode char U+014A (decimal 330)
   defining Unicode char U+014B (decimal 331)
   defining Unicode char U+0150 (decimal 336)
   defining Unicode char U+0151 (decimal 337)
   defining Unicode char U+0152 (decimal 338)
   defining Unicode char U+0153 (decimal 339)
   defining Unicode char U+0154 (decimal 340)
   defining Unicode char U+0155 (decimal 341)
   defining Unicode char U+0158 (decimal 344)
   defining Unicode char U+0159 (decimal 345)
   defining Unicode char U+015A (decimal 346)
   defining Unicode char U+015B (decimal 347)
   defining Unicode char U+015E (decimal 350)
   defining Unicode char U+015F (decimal 351)
   defining Unicode char U+0160 (decimal 352)
   defining Unicode char U+0161 (decimal 353)
   defining Unicode char U+0162 (decimal 354)
   defining Unicode char U+0163 (decimal 355)
   defining Unicode char U+0164 (decimal 356)
   defining Unicode char U+0165 (decimal 357)
   defining Unicode char U+016E (decimal 366)
   defining Unicode char U+016F (decimal 367)
   defining Unicode char U+0170 (decimal 368)
   defining Unicode char U+0171 (decimal 369)
   defining Unicode char U+0178 (decimal 376)
   defining Unicode char U+0179 (decimal 377)
   defining Unicode char U+017A (decimal 378)
   defining Unicode char U+017B (decimal 379)
   defining Unicode char U+017C (decimal 380)
   defining Unicode char U+017D (decimal 381)
   defining Unicode char U+017E (decimal 382)
   defining Unicode char U+200C (decimal 8204)
   defining Unicode char U+2013 (decimal 8211)
   defining Unicode char U+2014 (decimal 8212)
   defining Unicode char U+2018 (decimal 8216)
   defining Unicode char U+2019 (decimal 8217)
   defining Unicode char U+201A (decimal 8218)
   defining Unicode char U+201C (decimal 8220)
   defining Unicode char U+201D (decimal 8221)
   defining Unicode char U+201E (decimal 8222)
   defining Unicode char U+2030 (decimal 8240)
   defining Unicode char U+2031 (decimal 8241)
   defining Unicode char U+2039 (decimal 8249)
   defining Unicode char U+203A (decimal 8250)
   defining Unicode char U+2423 (decimal 9251)
)
Now handling font encoding OT1 ...
... processing UTF-8 mapping file for font encoding OT1

(/usr/share/texmf-texlive/tex/latex/base/ot1enc.dfu
File: ot1enc.dfu 2008/04/05 v1.1m UTF-8 support for inputenc
   defining Unicode char U+00A1 (decimal 161)
   defining Unicode char U+00A3 (decimal 163)
   defining Unicode char U+00B8 (decimal 184)
   defining Unicode char U+00BF (decimal 191)
   defining Unicode char U+00C5 (decimal 197)
   defining Unicode char U+00C6 (decimal 198)
   defining Unicode char U+00D8 (decimal 216)
   defining Unicode char U+00DF (decimal 223)
   defining Unicode char U+00E6 (decimal 230)
   defining Unicode char U+00EC (decimal 236)
   defining Unicode char U+00ED (decimal 237)
   defining Unicode char U+00EE (decimal 238)
   defining Unicode char U+00EF (decimal 239)
   defining Unicode char U+00F8 (decimal 248)
   defining Unicode char U+0131 (decimal 305)
   defining Unicode char U+0141 (decimal 321)
   defining Unicode char U+0142 (decimal 322)
   defining Unicode char U+0152 (decimal 338)
   defining Unicode char U+0153 (decimal 339)
   defining Unicode char U+2013 (decimal 8211)
   defining Unicode char U+2014 (decimal 8212)
   defining Unicode char U+2018 (decimal 8216)
   defining Unicode char U+2019 (decimal 8217)
   defining Unicode char U+201C (decimal 8220)
   defining Unicode char U+201D (decimal 8221)
)
Now handling font encoding OMS ...
... processing UTF-8 mapping file for font encoding OMS

(/usr/share/texmf-texlive/tex/latex/base/omsenc.dfu
File: omsenc.dfu 2008/04/05 v1.1m UTF-8 support for inputenc
   defining Unicode char U+00A7 (decimal 167)
   defining Unicode char U+00B6 (decimal 182)
   defining Unicode char U+00B7 (decimal 183)
   defining Unicode char U+2020 (decimal 8224)
   defining Unicode char U+2021 (decimal 8225)
   defining Unicode char U+2022 (decimal 8226)
)
Now handling font encoding OMX ...
... no UTF-8 mapping file for font encoding OMX
Now handling font encoding U ...
... no UTF-8 mapping file for font encoding U
   defining Unicode char U+00A9 (decimal 169)
   defining Unicode char U+00AA (decimal 170)
   defining Unicode char U+00AE (decimal 174)
   defining Unicode char U+00BA (decimal 186)
   defining Unicode char U+02C6 (decimal 710)
   defining Unicode char U+02DC (decimal 732)
   defining Unicode char U+200C (decimal 8204)
   defining Unicode char U+2026 (decimal 8230)
   defining Unicode char U+2122 (decimal 8482)
   defining Unicode char U+2423 (decimal 9251)
))
(/usr/share/texmf-texlive/tex/latex/base/fontenc.sty
Package: fontenc 2005/09/27 v1.99g Standard LaTeX package

(/usr/share/texmf-texlive/tex/latex/base/t1enc.def
File: t1enc.def 2005/09/27 v1.99g Standard LaTeX file
LaTeX Font Info:    Redeclaring font encoding T1 on input line 43.
))
(/usr/share/texmf/tex/latex/lm/lmodern.sty
Package: lmodern 2009/10/30 v1.6 Latin Modern Fonts
LaTeX Font Info:    Overwriting symbol font `operators' in version `normal'
(Font)                  OT1/cmr/m/n --> OT1/lmr/m/n on input line 22.
LaTeX Font Info:    Overwriting symbol font `letters' in version `normal'
(Font)                  OML/cmm/m/it --> OML/lmm/m/it on input line 23.
LaTeX Font Info:    Overwriting symbol font `symbols' in version `normal'
(Font)                  OMS/cmsy/m/n --> OMS/lmsy/m/n on input line 24.
LaTeX Font Info:    Overwriting symbol font `largesymbols' in version `normal'
(Font)                  OMX/cmex/m/n --> OMX/lmex/m/n on input line 25.
LaTeX Font Info:    Overwriting symbol font `operators' in version `bold'
(Font)                  OT1/cmr/bx/n --> OT1/lmr/bx/n on input line 26.
LaTeX Font Info:    Overwriting symbol font `letters' in version `bold'
(Font)                  OML/cmm/b/it --> OML/lmm/b/it on input line 27.
LaTeX Font Info:    Overwriting symbol font `symbols' in version `bold'
(Font)                  OMS/cmsy/b/n --> OMS/lmsy/b/n on input line 28.
LaTeX Font Info:    Overwriting symbol font `largesymbols' in version `bold'
(Font)                  OMX/cmex/m/n --> OMX/lmex/m/n on input line 29.
LaTeX Font Info:    Overwriting math alphabet `\mathbf' in version `normal'
(Font)                  OT1/cmr/bx/n --> OT1/lmr/bx/n on input line 31.
LaTeX Font Info:    Overwriting math alphabet `\mathsf' in version `normal'
(Font)                  OT1/cmss/m/n --> OT1/lmss/m/n on input line 32.
LaTeX Font Info:    Overwriting math alphabet `\mathit' in version `normal'
(Font)                  OT1/cmr/m/it --> OT1/lmr/m/it on input line 33.
LaTeX Font Info:    Overwriting math alphabet `\mathtt' in version `normal'
(Font)                  OT1/cmtt/m/n --> OT1/lmtt/m/n on input line 34.
LaTeX Font Info:    Overwriting math alphabet `\mathbf' in version `bold'
(Font)                  OT1/cmr/bx/n --> OT1/lmr/bx/n on input line 35.
LaTeX Font Info:    Overwriting math alphabet `\mathsf' in version `bold'
(Font)                  OT1/cmss/bx/n --> OT1/lmss/bx/n on input line 36.
LaTeX Font Info:    Overwriting math alphabet `\mathit' in version `bold'
(Font)                  OT1/cmr/bx/it --> OT1/lmr/bx/it on input line 37.
LaTeX Font Info:    Overwriting math alphabet `\mathtt' in version `bold'
(Font)                  OT1/cmtt/m/n --> OT1/lmtt/m/n on input line 38.
)
(/usr/share/texmf-texlive/tex/latex/index/index.sty
Package: index 2004/01/20 v4.2beta Improved index support (dmj)
\@indexbox=\insert233
\indexproofstyle=\toks18


LaTeX Warning: Command \markboth  has changed.
               Check if current package is valid.


LaTeX Warning: Command \markright  has changed.
               Check if current package is valid.

)
\idxtitle@default=\toks19
\tf@default=\write3
\openout3 = `GeoSchemata2012.idx'.

Package index Info: Writing index file GeoSchemata2012.idx on input line 80.
 (/usr/share/texmf/tex/latex/xcolor/xcolor.sty
Package: xcolor 2007/01/21 v2.11 LaTeX color extensions (UK)

(/etc/texmf/tex/latex/config/color.cfg
File: color.cfg 2007/01/18 v1.5 color configuration of teTeX/TeXLive
)
Package xcolor Info: Driver file: pdftex.def on input line 225.

(/usr/share/texmf-texlive/tex/latex/pdftex-def/pdftex.def
File: pdftex.def 2010/03/12 v0.04p Graphics/color for pdfTeX
\Gread@gobject=\count93
)
Package xcolor Info: Model `cmy' substituted by `cmy0' on input line 1337.
Package xcolor Info: Model `hsb' substituted by `rgb' on input line 1341.
Package xcolor Info: Model `RGB' extended on input line 1353.
Package xcolor Info: Model `HTML' substituted by `rgb' on input line 1355.
Package xcolor Info: Model `Hsb' substituted by `hsb' on input line 1356.
Package xcolor Info: Model `tHsb' substituted by `hsb' on input line 1357.
Package xcolor Info: Model `HSB' substituted by `hsb' on input line 1358.
Package xcolor Info: Model `Gray' substituted by `gray' on input line 1359.
Package xcolor Info: Model `wave' substituted by `hsb' on input line 1360.
)
(/usr/share/texmf-texlive/tex/latex/hyperref/hyperref.sty
Package: hyperref 2009/10/09 v6.79a Hypertext links for LaTeX

(/usr/share/texmf-texlive/tex/generic/ifxetex/ifxetex.sty
Package: ifxetex 2009/01/23 v0.5 Provides ifxetex conditional
)
(/usr/share/texmf-texlive/tex/latex/oberdiek/hycolor.sty
Package: hycolor 2009/10/02 v1.5 Code for color options of hyperref/bookmark (H
O)

(/usr/share/texmf-texlive/tex/latex/oberdiek/xcolor-patch.sty
Package: xcolor-patch 2009/10/02 xcolor patch
))
\@linkdim=\dimen108
\Hy@linkcounter=\count94
\Hy@pagecounter=\count95

(/usr/share/texmf-texlive/tex/latex/hyperref/pd1enc.def
File: pd1enc.def 2009/10/09 v6.79a Hyperref: PDFDocEncoding definition (HO)
Now handling font encoding PD1 ...
... no UTF-8 mapping file for font encoding PD1
)
(/usr/share/texmf-texlive/tex/generic/oberdiek/etexcmds.sty
Package: etexcmds 2007/12/12 v1.2 Prefix for e-TeX command names (HO)

(/usr/share/texmf-texlive/tex/generic/oberdiek/infwarerr.sty
Package: infwarerr 2007/09/09 v1.2 Providing info/warning/message (HO)
)
Package etexcmds Info: Could not find \expanded.
(etexcmds)             That can mean that you are not using pdfTeX 1.50 or
(etexcmds)             that some package has redefined \expanded.
(etexcmds)             In the latter case, load this package earlier.
)
(/usr/share/texmf-texlive/tex/latex/latexconfig/hyperref.cfg
File: hyperref.cfg 2002/06/06 v1.2 hyperref configuration of TeXLive
)
(/usr/share/texmf-texlive/tex/latex/oberdiek/kvoptions.sty
Package: kvoptions 2009/08/13 v3.4 Keyval support for LaTeX options (HO)

(/usr/share/texmf-texlive/tex/generic/oberdiek/kvsetkeys.sty
Package: kvsetkeys 2009/07/30 v1.5 Key value parser with default handler suppor
t (HO)
))
Package hyperref Info: Hyper figures OFF on input line 2975.
Package hyperref Info: Link nesting OFF on input line 2980.
Package hyperref Info: Hyper index ON on input line 2983.
Package hyperref Info: Plain pages OFF on input line 2990.
Package hyperref Info: Backreferencing OFF on input line 2995.

Implicit mode ON; LaTeX internals redefined
Package hyperref Info: Bookmarks ON on input line 3191.
(/usr/share/texmf-texlive/tex/latex/ltxmisc/url.sty
\Urlmuskip=\muskip10
Package: url 2006/04/12  ver 3.3  Verb mode for urls, etc.
)
LaTeX Info: Redefining \url on input line 3428.

(/usr/share/texmf-texlive/tex/generic/oberdiek/bitset.sty
Package: bitset 2007/09/28 v1.0 Data type bit set (HO)

(/usr/share/texmf-texlive/tex/generic/oberdiek/intcalc.sty
Package: intcalc 2007/09/27 v1.1 Expandable integer calculations (HO)
)
(/usr/share/texmf-texlive/tex/generic/oberdiek/bigintcalc.sty
Package: bigintcalc 2007/11/11 v1.1 Expandable big integer calculations (HO)

(/usr/share/texmf-texlive/tex/generic/oberdiek/pdftexcmds.sty
Package: pdftexcmds 2009/09/23 v0.6 LuaTeX support for pdfTeX utility functions
 (HO)

(/usr/share/texmf-texlive/tex/generic/oberdiek/ifluatex.sty
Package: ifluatex 2009/04/17 v1.2 Provides the ifluatex switch (HO)
Package ifluatex Info: LuaTeX not detected.
)
(/usr/share/texmf-texlive/tex/generic/oberdiek/ltxcmds.sty
Package: ltxcmds 2009/08/05 v1.0 Some LaTeX kernel commands for general use (HO
)
)
Package pdftexcmds Info: LuaTeX not detected.
Package pdftexcmds Info: \pdf@primitive is available.
Package pdftexcmds Info: \pdf@ifprimitive is available.
)))
\Fld@menulength=\count96
\Field@Width=\dimen109
\Fld@charsize=\dimen110
\Field@toks=\toks20
Package hyperref Info: Hyper figures OFF on input line 4377.
Package hyperref Info: Link nesting OFF on input line 4382.
Package hyperref Info: Hyper index ON on input line 4385.
Package hyperref Info: backreferencing OFF on input line 4392.
Package hyperref Info: Link coloring OFF on input line 4397.
Package hyperref Info: Link coloring with OCG OFF on input line 4402.
Package hyperref Info: PDF/A mode OFF on input line 4407.

(/usr/share/texmf-texlive/tex/generic/oberdiek/atbegshi.sty
Package: atbegshi 2008/07/31 v1.9 At begin shipout hook (HO)
)
\Hy@abspage=\count97
\c@Item=\count98
\c@Hfootnote=\count99
)
*hyperref using default driver hpdftex*
(/usr/share/texmf-texlive/tex/latex/hyperref/hpdftex.def
File: hpdftex.def 2009/10/09 v6.79a Hyperref driver for pdfTeX
\Fld@listcount=\count100
)
(/usr/share/texmf-texlive/tex/latex/glossaries/base/glossaries.sty
Package: glossaries 2009/09/23 v2.03 (NLCT)

(/usr/share/texmf-texlive/tex/latex/base/ifthen.sty
Package: ifthen 2001/05/26 v1.1c Standard LaTeX ifthen package (DPC)
)
(/usr/share/texmf-texlive/tex/latex/xkeyval/xkeyval.sty
Package: xkeyval 2008/08/13 v2.6a package option processing (HA)

(/usr/share/texmf-texlive/tex/generic/xkeyval/xkeyval.tex
\XKV@toks=\toks21
\XKV@tempa@toks=\toks22
\XKV@depth=\count101
File: xkeyval.tex 2008/08/13 v2.6a key=value parser (HA)
))
(/usr/share/texmf-texlive/tex/latex/glossaries/base/mfirstuc.sty
Package: mfirstuc 2008/12/22 v1.03 (NLCT)
)
(/usr/share/texmf-texlive/tex/latex/xfor/xfor.sty
Package: xfor 2009/02/05 v1.05 (NLCT)
)
(/usr/share/texmf-texlive/tex/latex/amsmath/amsgen.sty
File: amsgen.sty 1999/11/30 v2.0
\@emptytoks=\toks23
\ex@=\dimen111
)
\gls@level=\count102
\@gls@tmpb=\toks24
\gls@tmplen=\skip47
\istfile=\write4

(/usr/share/texmf-texlive/tex/latex/glossaries/styles/glossary-hypernav.sty
Package: glossary-hypernav 2007/07/04 v1.01 (NLCT)
)
(/usr/share/texmf-texlive/tex/latex/glossaries/styles/glossary-list.sty
Package: glossary-list 2009/05/30 v2.01 (NLCT)
\glslistdottedwidth=\skip48
)
(/usr/share/texmf-texlive/tex/latex/glossaries/styles/glossary-long.sty
Package: glossary-long 2009/05/30 v2.01 (NLCT)

(/usr/share/texmf-texlive/tex/latex/tools/longtable.sty
Package: longtable 2004/02/01 v4.11 Multi-page Table package (DPC)
\LTleft=\skip49
\LTright=\skip50
\LTpre=\skip51
\LTpost=\skip52
\LTchunksize=\count103
\LTcapwidth=\dimen112
\LT@head=\box27
\LT@firsthead=\box28
\LT@foot=\box29
\LT@lastfoot=\box30
\LT@cols=\count104
\LT@rows=\count105
\c@LT@tables=\count106
\c@LT@chunks=\count107
\LT@p@ftn=\toks25
)
Class scrbook Info: longtable captions redefined on input line 43.
\glsdescwidth=\skip53
\glspagelistwidth=\skip54
)
(/usr/share/texmf-texlive/tex/latex/glossaries/styles/glossary-super.sty
Package: glossary-super 2009/05/30 v2.01 (NLCT)

(/usr/share/texmf-texlive/tex/latex/supertabular/supertabular.sty
Package: supertabular 2004/02/20 v4.1e the supertabular environment
\c@tracingst=\count108
\ST@wd=\dimen113
\ST@rightskip=\skip55
\ST@leftskip=\skip56
\ST@parfillskip=\skip57
\ST@pageleft=\dimen114
\ST@headht=\dimen115
\ST@tailht=\dimen116
\ST@pagesofar=\dimen117
\ST@pboxht=\dimen118
\ST@lineht=\dimen119
\ST@stretchht=\dimen120
\ST@prevht=\dimen121
\ST@toadd=\dimen122
\ST@dimen=\dimen123
\ST@pbox=\box31
))
(/usr/share/texmf-texlive/tex/latex/glossaries/styles/glossary-tree.sty
Package: glossary-tree 2009/01/14 v1.01 (NLCT)
\glstreeindent=\skip58
))
\glo@main@file=\write5
\openout5 = `GeoSchemata2012.glo'.

Package glossaries Info: Writing glossary file GeoSchemata2012.glo on input lin
e 89.
Package hyperref Info: Option `colorlinks' set `true' on input line 115.
Package hyperref Info: Option `bookmarksopen' set `true' on input line 115.
Package hyperref Info: Option `bookmarksnumbered' set `true' on input line 115.



Package hyperref Warning: Option `backref' has already been used,
(hyperref)                setting the option has no effect on input line 115.


Package hyperref Warning: Option `pagebackref' has already been used,
(hyperref)                setting the option has no effect on input line 115.


Package hyperref Warning: Values of option `pdfpagemode':
(hyperref)                * `UseNone'
(hyperref)                * `UseOutlines'
(hyperref)                * `UseThumbs'
(hyperref)                * `FullScreen'
(hyperref)                * `UseOC' (PDF 1.5)
(hyperref)                * `UseAttachments' (PDF 1.6)
(hyperref)                * An empty value disables the option.
(hyperref)                Unknown value `None' on input line 115.

(/usr/share/texmf-texlive/tex/latex/listings/listings.sty
\lst@mode=\count109
\lst@gtempboxa=\box32
\lst@token=\toks26
\lst@length=\count110
\lst@currlwidth=\dimen124
\lst@column=\count111
\lst@pos=\count112
\lst@lostspace=\dimen125
\lst@width=\dimen126
\lst@newlines=\count113
\lst@lineno=\count114
\lst@maxwidth=\dimen127

(/usr/share/texmf-texlive/tex/latex/listings/lstmisc.sty
File: lstmisc.sty 2007/02/22 1.4 (Carsten Heinz)
\c@lstnumber=\count115
\lst@skipnumbers=\count116
\lst@framebox=\box33
)
(/usr/share/texmf-texlive/tex/latex/listings/listings.cfg
File: listings.cfg 2007/02/22 1.4 listings configuration
))
Package: listings 2007/02/22 1.4 (Carsten Heinz)

(/usr/share/texmf-texlive/tex/latex/amsfonts/amssymb.sty
Package: amssymb 2009/06/22 v3.00

(/usr/share/texmf-texlive/tex/latex/amsfonts/amsfonts.sty
Package: amsfonts 2009/06/22 v3.00 Basic AMSFonts support
\symAMSa=\mathgroup4
\symAMSb=\mathgroup5
LaTeX Font Info:    Overwriting math alphabet `\mathfrak' in version `bold'
(Font)                  U/euf/m/n --> U/euf/b/n on input line 96.
))
(/usr/share/texmf-texlive/tex/latex/amsmath/amsmath.sty
Package: amsmath 2000/07/18 v2.13 AMS math features
\@mathmargin=\skip59

For additional information on amsmath, use the `?' option.
(/usr/share/texmf-texlive/tex/latex/amsmath/amstext.sty
Package: amstext 2000/06/29 v2.01
)
(/usr/share/texmf-texlive/tex/latex/amsmath/amsbsy.sty
Package: amsbsy 1999/11/29 v1.2d
\pmbraise@=\dimen128
)
(/usr/share/texmf-texlive/tex/latex/amsmath/amsopn.sty
Package: amsopn 1999/12/14 v2.01 operator names
)
\inf@bad=\count117
LaTeX Info: Redefining \frac on input line 211.
\uproot@=\count118
\leftroot@=\count119
LaTeX Info: Redefining \overline on input line 307.
\classnum@=\count120
\DOTSCASE@=\count121
LaTeX Info: Redefining \ldots on input line 379.
LaTeX Info: Redefining \dots on input line 382.
LaTeX Info: Redefining \cdots on input line 467.
\Mathstrutbox@=\box34
\strutbox@=\box35
\big@size=\dimen129
LaTeX Font Info:    Redeclaring font encoding OML on input line 567.
LaTeX Font Info:    Redeclaring font encoding OMS on input line 568.
\macc@depth=\count122
\c@MaxMatrixCols=\count123
\dotsspace@=\muskip11
\c@parentequation=\count124
\dspbrk@lvl=\count125
\tag@help=\toks27
\row@=\count126
\column@=\count127
\maxfields@=\count128
\andhelp@=\toks28
\eqnshift@=\dimen130
\alignsep@=\dimen131
\tagshift@=\dimen132
\tagwidth@=\dimen133
\totwidth@=\dimen134
\lineht@=\dimen135
\@envbody=\toks29
\multlinegap=\skip60
\multlinetaggap=\skip61
\mathdisplay@stack=\toks30
LaTeX Info: Redefining \[ on input line 2666.
LaTeX Info: Redefining \] on input line 2667.
)
(/usr/share/texmf-texlive/tex/latex/stmaryrd/stmaryrd.sty
Package: stmaryrd 1994/03/03 St Mary's Road symbol package
\symstmry=\mathgroup6
LaTeX Font Info:    Overwriting symbol font `stmry' in version `bold'
(Font)                  U/stmry/m/n --> U/stmry/b/n on input line 89.
)
(/usr/share/texmf-texlive/tex/latex/mh/mathtools.sty
Package: mathtools 2008/08/01 v1.06 mathematical typesetting tools (MH)

(/usr/share/texmf-texlive/tex/latex/tools/calc.sty
Package: calc 2007/08/22 v4.3 Infix arithmetic (KKT,FJ)
\calc@Acount=\count129
\calc@Bcount=\count130
\calc@Adimen=\dimen136
\calc@Bdimen=\dimen137
\calc@Askip=\skip62
\calc@Bskip=\skip63
LaTeX Info: Redefining \setlength on input line 76.
LaTeX Info: Redefining \addtolength on input line 77.
\calc@Ccount=\count131
\calc@Cskip=\skip64
)
(/usr/share/texmf-texlive/tex/latex/mh/mhsetup.sty
Package: mhsetup 2007/12/03 v1.2 programming setup (MH)
)
\g_MT_multlinerow_int=\count132
\l_MT_multwidth_dim=\dimen138
)
(/usr/share/texmf/tex/latex/pgf/frontendlayer/tikz.sty
(/usr/share/texmf/tex/latex/pgf/basiclayer/pgf.sty
(/usr/share/texmf/tex/latex/pgf/utilities/pgfrcs.sty
(/usr/share/texmf/tex/generic/pgf/utilities/pgfutil-common.tex
\pgfutil@everybye=\toks31
)
(/usr/share/texmf/tex/generic/pgf/utilities/pgfutil-latex.def
\pgfutil@abb=\box36

(/usr/share/texmf-texlive/tex/latex/ms/everyshi.sty
Package: everyshi 2001/05/15 v3.00 EveryShipout Package (MS)
))
(/usr/share/texmf/tex/generic/pgf/utilities/pgfrcs.code.tex
Package: pgfrcs 2010/10/25 v2.10 (rcs-revision 1.24)
))
Package: pgf 2008/01/15 v2.10 (rcs-revision 1.12)

(/usr/share/texmf/tex/latex/pgf/basiclayer/pgfcore.sty
(/usr/share/texmf-texlive/tex/latex/graphics/graphicx.sty
Package: graphicx 1999/02/16 v1.0f Enhanced LaTeX Graphics (DPC,SPQR)

(/usr/share/texmf-texlive/tex/latex/graphics/graphics.sty
Package: graphics 2009/02/05 v1.0o Standard LaTeX Graphics (DPC,SPQR)

(/usr/share/texmf-texlive/tex/latex/graphics/trig.sty
Package: trig 1999/03/16 v1.09 sin cos tan (DPC)
)
(/etc/texmf/tex/latex/config/graphics.cfg
File: graphics.cfg 2009/08/28 v1.8 graphics configuration of TeX Live
)
Package graphics Info: Driver file: pdftex.def on input line 91.
)
\Gin@req@height=\dimen139
\Gin@req@width=\dimen140
)
(/usr/share/texmf/tex/latex/pgf/systemlayer/pgfsys.sty
(/usr/share/texmf/tex/generic/pgf/systemlayer/pgfsys.code.tex
Package: pgfsys 2010/06/30 v2.10 (rcs-revision 1.37)

(/usr/share/texmf/tex/generic/pgf/utilities/pgfkeys.code.tex
\pgfkeys@pathtoks=\toks32
\pgfkeys@temptoks=\toks33

(/usr/share/texmf/tex/generic/pgf/utilities/pgfkeysfiltered.code.tex
\pgfkeys@tmptoks=\toks34
))
\pgf@x=\dimen141
\pgf@y=\dimen142
\pgf@xa=\dimen143
\pgf@ya=\dimen144
\pgf@xb=\dimen145
\pgf@yb=\dimen146
\pgf@xc=\dimen147
\pgf@yc=\dimen148
\w@pgf@writea=\write6
\r@pgf@reada=\read1
\c@pgf@counta=\count133
\c@pgf@countb=\count134
\c@pgf@countc=\count135
\c@pgf@countd=\count136

(/usr/share/texmf/tex/generic/pgf/systemlayer/pgf.cfg
File: pgf.cfg 2008/05/14  (rcs-revision 1.7)
)
Package pgfsys Info: Driver file for pgf: pgfsys-pdftex.def on input line 900.

(/usr/share/texmf/tex/generic/pgf/systemlayer/pgfsys-pdftex.def
File: pgfsys-pdftex.def 2009/05/22  (rcs-revision 1.26)

(/usr/share/texmf/tex/generic/pgf/systemlayer/pgfsys-common-pdf.def
File: pgfsys-common-pdf.def 2008/05/19  (rcs-revision 1.10)
)))
(/usr/share/texmf/tex/generic/pgf/systemlayer/pgfsyssoftpath.code.tex
File: pgfsyssoftpath.code.tex 2008/07/18  (rcs-revision 1.7)
\pgfsyssoftpath@smallbuffer@items=\count137
\pgfsyssoftpath@bigbuffer@items=\count138
)
(/usr/share/texmf/tex/generic/pgf/systemlayer/pgfsysprotocol.code.tex
File: pgfsysprotocol.code.tex 2006/10/16  (rcs-revision 1.4)
))
(/usr/share/texmf/tex/generic/pgf/basiclayer/pgfcore.code.tex
Package: pgfcore 2010/04/11 v2.10 (rcs-revision 1.7)

(/usr/share/texmf/tex/generic/pgf/math/pgfmath.code.tex
(/usr/share/texmf/tex/generic/pgf/math/pgfmathcalc.code.tex
(/usr/share/texmf/tex/generic/pgf/math/pgfmathutil.code.tex)
(/usr/share/texmf/tex/generic/pgf/math/pgfmathparser.code.tex
\pgfmath@dimen=\dimen149
\pgfmath@count=\count139
\pgfmath@box=\box37
\pgfmath@toks=\toks35
\pgfmath@stack@operand=\toks36
\pgfmath@stack@operation=\toks37
)
(/usr/share/texmf/tex/generic/pgf/math/pgfmathfunctions.code.tex
(/usr/share/texmf/tex/generic/pgf/math/pgfmathfunctions.basic.code.tex)
(/usr/share/texmf/tex/generic/pgf/math/pgfmathfunctions.trigonometric.code.tex)
(/usr/share/texmf/tex/generic/pgf/math/pgfmathfunctions.random.code.tex)
(/usr/share/texmf/tex/generic/pgf/math/pgfmathfunctions.comparison.code.tex)
(/usr/share/texmf/tex/generic/pgf/math/pgfmathfunctions.base.code.tex)
(/usr/share/texmf/tex/generic/pgf/math/pgfmathfunctions.round.code.tex)
(/usr/share/texmf/tex/generic/pgf/math/pgfmathfunctions.misc.code.tex)))
(/usr/share/texmf/tex/generic/pgf/math/pgfmathfloat.code.tex
\c@pgfmathroundto@lastzeros=\count140
))
(/usr/share/texmf/tex/generic/pgf/basiclayer/pgfcorepoints.code.tex
File: pgfcorepoints.code.tex 2010/04/09  (rcs-revision 1.20)
\pgf@picminx=\dimen150
\pgf@picmaxx=\dimen151
\pgf@picminy=\dimen152
\pgf@picmaxy=\dimen153
\pgf@pathminx=\dimen154
\pgf@pathmaxx=\dimen155
\pgf@pathminy=\dimen156
\pgf@pathmaxy=\dimen157
\pgf@xx=\dimen158
\pgf@xy=\dimen159
\pgf@yx=\dimen160
\pgf@yy=\dimen161
\pgf@zx=\dimen162
\pgf@zy=\dimen163
)
(/usr/share/texmf/tex/generic/pgf/basiclayer/pgfcorepathconstruct.code.tex
File: pgfcorepathconstruct.code.tex 2010/08/03  (rcs-revision 1.24)
\pgf@path@lastx=\dimen164
\pgf@path@lasty=\dimen165
)
(/usr/share/texmf/tex/generic/pgf/basiclayer/pgfcorepathusage.code.tex
File: pgfcorepathusage.code.tex 2008/04/22  (rcs-revision 1.12)
\pgf@shorten@end@additional=\dimen166
\pgf@shorten@start@additional=\dimen167
)
(/usr/share/texmf/tex/generic/pgf/basiclayer/pgfcorescopes.code.tex
File: pgfcorescopes.code.tex 2010/09/08  (rcs-revision 1.34)
\pgfpic=\box38
\pgf@hbox=\box39
\pgf@layerbox@main=\box40
\pgf@picture@serial@count=\count141
)
(/usr/share/texmf/tex/generic/pgf/basiclayer/pgfcoregraphicstate.code.tex
File: pgfcoregraphicstate.code.tex 2008/04/22  (rcs-revision 1.9)
\pgflinewidth=\dimen168
)
(/usr/share/texmf/tex/generic/pgf/basiclayer/pgfcoretransformations.code.tex
File: pgfcoretransformations.code.tex 2009/06/10  (rcs-revision 1.11)
\pgf@pt@x=\dimen169
\pgf@pt@y=\dimen170
\pgf@pt@temp=\dimen171
)
(/usr/share/texmf/tex/generic/pgf/basiclayer/pgfcorequick.code.tex
File: pgfcorequick.code.tex 2008/10/09  (rcs-revision 1.3)
)
(/usr/share/texmf/tex/generic/pgf/basiclayer/pgfcoreobjects.code.tex
File: pgfcoreobjects.code.tex 2006/10/11  (rcs-revision 1.2)
)
(/usr/share/texmf/tex/generic/pgf/basiclayer/pgfcorepathprocessing.code.tex
File: pgfcorepathprocessing.code.tex 2008/10/09  (rcs-revision 1.8)
)
(/usr/share/texmf/tex/generic/pgf/basiclayer/pgfcorearrows.code.tex
File: pgfcorearrows.code.tex 2008/04/23  (rcs-revision 1.11)
)
(/usr/share/texmf/tex/generic/pgf/basiclayer/pgfcoreshade.code.tex
File: pgfcoreshade.code.tex 2008/11/23  (rcs-revision 1.13)
\pgf@max=\dimen172
\pgf@sys@shading@range@num=\count142
)
(/usr/share/texmf/tex/generic/pgf/basiclayer/pgfcoreimage.code.tex
File: pgfcoreimage.code.tex 2010/03/25  (rcs-revision 1.16)

(/usr/share/texmf/tex/generic/pgf/basiclayer/pgfcoreexternal.code.tex
File: pgfcoreexternal.code.tex 2010/09/01  (rcs-revision 1.17)
\pgfexternal@startupbox=\box41
))
(/usr/share/texmf/tex/generic/pgf/basiclayer/pgfcorelayers.code.tex
File: pgfcorelayers.code.tex 2010/08/27  (rcs-revision 1.2)
)
(/usr/share/texmf/tex/generic/pgf/basiclayer/pgfcoretransparency.code.tex
File: pgfcoretransparency.code.tex 2008/01/17  (rcs-revision 1.2)
)
(/usr/share/texmf/tex/generic/pgf/basiclayer/pgfcorepatterns.code.tex
File: pgfcorepatterns.code.tex 2009/07/02  (rcs-revision 1.3)
)))
(/usr/share/texmf/tex/generic/pgf/modules/pgfmoduleshapes.code.tex
File: pgfmoduleshapes.code.tex 2010/09/09  (rcs-revision 1.13)
\pgfnodeparttextbox=\box42
)
(/usr/share/texmf/tex/generic/pgf/modules/pgfmoduleplot.code.tex
File: pgfmoduleplot.code.tex 2010/10/22  (rcs-revision 1.8)
)
(/usr/share/texmf/tex/latex/pgf/compatibility/pgfcomp-version-0-65.sty
Package: pgfcomp-version-0-65 2007/07/03 v2.10 (rcs-revision 1.7)
\pgf@nodesepstart=\dimen173
\pgf@nodesepend=\dimen174
)
(/usr/share/texmf/tex/latex/pgf/compatibility/pgfcomp-version-1-18.sty
Package: pgfcomp-version-1-18 2007/07/23 v2.10 (rcs-revision 1.1)
))
(/usr/share/texmf/tex/latex/pgf/utilities/pgffor.sty
(/usr/share/texmf/tex/latex/pgf/utilities/pgfkeys.sty
(/usr/share/texmf/tex/generic/pgf/utilities/pgfkeys.code.tex))
(/usr/share/texmf/tex/generic/pgf/utilities/pgffor.code.tex
Package: pgffor 2010/03/23 v2.10 (rcs-revision 1.18)
\pgffor@iter=\dimen175
\pgffor@skip=\dimen176
\pgffor@stack=\toks38
\pgffor@toks=\toks39
))
(/usr/share/texmf/tex/generic/pgf/frontendlayer/tikz/tikz.code.tex
Package: tikz 2010/10/13 v2.10 (rcs-revision 1.76)

(/usr/share/texmf/tex/generic/pgf/libraries/pgflibraryplothandlers.code.tex
File: pgflibraryplothandlers.code.tex 2010/05/31 v2.10 (rcs-revision 1.15)
\pgf@plot@mark@count=\count143
\pgfplotmarksize=\dimen177
)
\tikz@lastx=\dimen178
\tikz@lasty=\dimen179
\tikz@lastxsaved=\dimen180
\tikz@lastysaved=\dimen181
\tikzleveldistance=\dimen182
\tikzsiblingdistance=\dimen183
\tikz@figbox=\box43
\tikz@tempbox=\box44
\tikztreelevel=\count144
\tikznumberofchildren=\count145
\tikznumberofcurrentchild=\count146
\tikz@fig@count=\count147

(/usr/share/texmf/tex/generic/pgf/modules/pgfmodulematrix.code.tex
File: pgfmodulematrix.code.tex 2010/08/24  (rcs-revision 1.4)
\pgfmatrixcurrentrow=\count148
\pgfmatrixcurrentcolumn=\count149
\pgf@matrix@numberofcolumns=\count150
)
\tikz@expandcount=\count151

(/usr/share/texmf/tex/generic/pgf/frontendlayer/tikz/libraries/tikzlibrarytopat
hs.code.tex
File: tikzlibrarytopaths.code.tex 2008/06/17 v2.10 (rcs-revision 1.2)
)))
(/usr/share/texmf/tex/generic/pgf/frontendlayer/tikz/libraries/tikzlibrarymatri
x.code.tex
File: tikzlibrarymatrix.code.tex 2008/06/18 v2.10 (rcs-revision 1.2)
)
(/usr/share/texmf/tex/generic/pgf/frontendlayer/tikz/libraries/tikzlibraryarrow
s.code.tex
File: tikzlibraryarrows.code.tex 2008/01/09 v2.10 (rcs-revision 1.1)

(/usr/share/texmf/tex/generic/pgf/libraries/pgflibraryarrows.code.tex
File: pgflibraryarrows.code.tex 2008/10/27 v2.10 (rcs-revision 1.9)
\arrowsize=\dimen184
))
(/usr/share/texmf/tex/generic/pgf/frontendlayer/tikz/libraries/tikzlibrarycalc.
code.tex
File: tikzlibrarycalc.code.tex 2009/09/04 v2.10 (rcs-revision 1.6)
)
(/usr/share/texmf/tex/generic/pgf/frontendlayer/tikz/libraries/tikzlibraryinter
sections.code.tex
(/usr/share/texmf/tex/generic/pgf/libraries/pgflibraryintersections.code.tex
\pgf@intersect@solutions=\count152
))
(/usr/share/texmf/tex/generic/pgf/frontendlayer/tikz/libraries/tikzlibraryposit
ioning.code.tex
File: tikzlibrarypositioning.code.tex 2008/10/06 v2.10 (rcs-revision 1.7)
)
(/usr/share/texmf/tex/generic/pgf/frontendlayer/tikz/libraries/tikzlibrarypatte
rns.code.tex
File: tikzlibrarypatterns.code.tex 2008/01/15 v2.10 (rcs-revision 1.2)

(/usr/share/texmf/tex/generic/pgf/libraries/pgflibrarypatterns.code.tex
File: pgflibrarypatterns.code.tex 2008/03/03 v2.10 (rcs-revision 1.13)
))
(/usr/share/texmf/tex/generic/pgf/frontendlayer/tikz/libraries/tikzlibrarydecor
ations.text.code.tex
(/usr/share/texmf/tex/generic/pgf/frontendlayer/tikz/libraries/tikzlibrarydecor
ations.code.tex
(/usr/share/texmf/tex/generic/pgf/modules/pgfmoduledecorations.code.tex
\pgfdecoratedcompleteddistance=\dimen185
\pgfdecoratedremainingdistance=\dimen186
\pgfdecoratedinputsegmentcompleteddistance=\dimen187
\pgfdecoratedinputsegmentremainingdistance=\dimen188
\pgf@decorate@distancetomove=\dimen189
\pgf@decorate@repeatstate=\count153
\pgfdecorationsegmentamplitude=\dimen190
\pgfdecorationsegmentlength=\dimen191
)
\tikz@lib@dec@box=\box45
)
(/usr/share/texmf/tex/generic/pgf/libraries/decorations/pgflibrarydecorations.t
ext.code.tex
\pgf@lib@dec@text@box=\box46
)) (/usr/share/texmf-texlive/tex/latex/tools/enumerate.sty
Package: enumerate 1999/03/05 v3.00 enumerate extensions (DPC)
\@enLab=\toks40
)
(/usr/share/texmf-texlive/tex/latex/expdlist/expdlist.sty
Document Substyle `EXPDLIST'. Released 22.09.1999 (V 2.4)
English Documentation  22.09.99
\listpartsep=\skip65
) (/usr/share/texmf-texlive/tex/latex/units/nicefrac.sty
Package: nicefrac 1998/08/04 v0.9b Nice fractions
\L@UnitsRaiseDisplaystyle=\skip66
\L@UnitsRaiseTextstyle=\skip67
\L@UnitsRaiseScriptstyle=\skip68
)
(/usr/share/texmf-texlive/tex/latex/ltxmisc/ulem.sty
\UL@box=\box47
\UL@hyphenbox=\box48
\UL@skip=\skip69
\UL@hook=\toks41
\UL@pe=\count154
\UL@pixel=\dimen192
\ULC@box=\box49
Package: ulem 2000/05/26
\ULdepth=\dimen193
)
(/usr/share/texmf-texlive/tex/latex/etex-pkg/etex.sty
Package: etex 1998/03/26 v2.0 eTeX basic definition package (PEB)
\et@xins=\count155
)
(/usr/share/texmf-texlive/tex/generic/pictex/pictex.sty
(/usr/share/texmf-texlive/tex/generic/pictex/prepictex.tex)
(/usr/share/texmf-texlive/tex/generic/pictex/pictex.tex)
(/usr/share/texmf-texlive/tex/generic/pictex/postpictex.tex)
(/usr/share/texmf-texlive/tex/generic/pictex/picmore.tex)
(/usr/share/texmf-texlive/tex/generic/pictex/piccorr.sty))
(/usr/share/texmf-texlive/tex/latex/ntheorem/ntheorem.sty
Style `ntheorem', Version 1.25 <2005/07/07>
Package: ntheorem 2005/07/07 1.25
\theorem@style=\toks45
\theorem@@style=\toks46
\theorembodyfont=\toks47
\theoremnumbering=\toks48
\theorempreskipamount=\skip70
\theorempostskipamount=\skip71
\theoremindent=\dimen327
\theorem@indent=\dimen328
\theoremheaderfont=\toks49
\theoremseparator=\toks50
\theoremprework=\toks51
\theorempostwork=\toks52
\theoremsymbol=\toks53
\qedsymbol=\toks54
\theoremkeyword=\toks55
\qedsymbol=\toks56
\thm@topsepadd=\skip72
Package ntheorem Info: Option `thmmarks' loaded on input line 1029.
\c@endNonectr=\count172
\c@currNonectr=\count173
\mysavskip=\skip73
Package ntheorem Info: Option `thref' loaded on input line 1029.
\mysavskip=\skip74
Package ntheorem Info: option `amsmath' handling for `thref' loaded on input li
ne 1029.
Package ntheorem Info: option `amsmath' handling for `thmmarks' loaded on input
 line 1029.
\thm@amstmpdepth=\dimen329
Package ntheorem Info: Option `amsthm' loaded on input line 1029.
\c@proof=\count174
\c@currproofctr=\count175
\c@endproofctr=\count176
) (/usr/share/texmf-texlive/tex/latex/extarrows/extarrows.sty
Package: extarrows 2008/05/15 v1.0b Some extensible arrows
)
\c@currSatzctr=\count177
\c@endSatzctr=\count178
\c@Satz=\count179
\c@currSatzDefctr=\count180
\c@endSatzDefctr=\count181
\c@currUnterSatzctr=\count182
\c@endUnterSatzctr=\count183
\c@UnterSatz=\count184
\c@currDefctr=\count185
\c@endDefctr=\count186
\c@Def=\count187
\c@currDefBemctr=\count188
\c@endDefBemctr=\count189
\c@currDefErinnctr=\count190
\c@endDefErinnctr=\count191
\c@currErinnDefBemctr=\count192
\c@endErinnDefBemctr=\count193
\c@currErinnDefctr=\count194
\c@endErinnDefctr=\count195
\c@currErinnctr=\count196
\c@endErinnctr=\count197
\c@currDefSatzctr=\count198
\c@endDefSatzctr=\count199
\c@currBemctr=\count200
\c@endBemctr=\count201
\c@currBemDefctr=\count202
\c@endBemDefctr=\count203
\c@currBemErinnctr=\count204
\c@endBemErinnctr=\count205
\c@currPropctr=\count206
\c@endPropctr=\count207
\c@currPropDefctr=\count208
\c@endPropDefctr=\count209
\c@currFolgctr=\count210
\c@endFolgctr=\count211
\c@currFolgDefctr=\count212
\c@endFolgDefctr=\count213
\c@currBspctr=\count214
\c@endBspctr=\count215
\c@currBspectr=\count216
\c@endBspectr=\count217
\c@currDefPropctr=\count218
\c@endDefPropctr=\count219
\c@curranBewctr=\count220
\c@endanBewctr=\count221
\c@currKorctr=\count222
\c@endKorctr=\count223
\c@currEinschctr=\count224
\c@endEinschctr=\count225
\c@currBezctr=\count226
\c@endBezctr=\count227
\c@currLemmactr=\count228
\c@endLemmactr=\count229
\c@Lemma=\count230
\c@currAufgctr=\count231
\c@endAufgctr=\count232
Normal \count register pool exhausted, switching to extended pool.
\c@Aufg=\count277
\c@currVerallgctr=\count278
\c@endVerallgctr=\count279
\c@currLoesctr=\count280
\c@endLoesctr=\count281
\c@Loes=\count282
\c@currbemctr=\count283
\c@endbemctr=\count284
\c@bem=\count285
\c@currbspctr=\count286
\c@endbspctr=\count287
\c@bsp=\count288
\c@currbspectr=\count289
\c@endbspectr=\count290
\c@bspe=\count291
\c@currsatzctr=\count292
\c@endsatzctr=\count293
\c@satz=\count294
\c@currerinnctr=\count295
\c@enderinnctr=\count296
\c@erinn=\count297
\c@currfolgctr=\count298
\c@endfolgctr=\count299
\c@folg=\count300
\c@currbeoctr=\count301
\c@endbeoctr=\count302
\c@beo=\count303
\c@currbehctr=\count304
\c@endbehctr=\count305
\c@beh=\count306
\c@currfragctr=\count307
\c@endfragctr=\count308
\c@frag=\count309
\c@currzielctr=\count310
\c@endzielctr=\count311
\c@ziel=\count312
\c@currstratctr=\count313
\c@endstratctr=\count314
\c@strat=\count315
\c@currgastctr=\count316
\c@endgastctr=\count317
\c@gast=\count318
\c@currkommctr=\count319
\c@endkommctr=\count320
\c@komm=\count321
\c@currkorrctr=\count322
\c@endkorrctr=\count323
\c@korr=\count324
\c@currbewctr=\count325
\c@endbewctr=\count326
\c@bew=\count327
\c@currbewskizctr=\count328
\c@endbewskizctr=\count329
\c@bewskiz=\count330

(/usr/share/texmf-texlive/tex/latex/bbm-macros/bbm.sty
Package: bbm 1999/03/15 V 1.2 provides fonts for set symbols - TH
LaTeX Font Info:    Overwriting math alphabet `\mathbbm' in version `bold'
(Font)                  U/bbm/m/n --> U/bbm/bx/n on input line 33.
LaTeX Font Info:    Overwriting math alphabet `\mathbbmss' in version `bold'
(Font)                  U/bbmss/m/n --> U/bbmss/bx/n on input line 35.
) (./GeoSchemata2012.aux

LaTeX Warning: Label `8.9c' multiply defined.

)
\openout1 = `GeoSchemata2012.aux'.

LaTeX Font Info:    Checking defaults for OML/cmm/m/it on input line 459.
LaTeX Font Info:    ... okay on input line 459.
LaTeX Font Info:    Checking defaults for T1/cmr/m/n on input line 459.
LaTeX Font Info:    ... okay on input line 459.
LaTeX Font Info:    Checking defaults for OT1/cmr/m/n on input line 459.
LaTeX Font Info:    ... okay on input line 459.
LaTeX Font Info:    Checking defaults for OMS/cmsy/m/n on input line 459.
LaTeX Font Info:    ... okay on input line 459.
LaTeX Font Info:    Checking defaults for OMX/cmex/m/n on input line 459.
LaTeX Font Info:    ... okay on input line 459.
LaTeX Font Info:    Checking defaults for U/cmr/m/n on input line 459.
LaTeX Font Info:    ... okay on input line 459.
LaTeX Font Info:    Checking defaults for PD1/pdf/m/n on input line 459.
LaTeX Font Info:    ... okay on input line 459.
LaTeX Font Info:    Try loading font information for T1+lmr on input line 459.
 (/usr/share/texmf/tex/latex/lm/t1lmr.fd
File: t1lmr.fd 2009/10/30 v1.6 Font defs for Latin Modern
)
*geometry auto-detecting driver*
*geometry detected driver: pdftex*
-------------------- Geometry parameters
paper: class default
landscape: --
twocolumn: --
twoside: true
asymmetric: --
h-parts: 56.9055pt, 469.47055pt, 71.13188pt
v-parts: 56.9055pt, 702.78319pt, 85.35825pt
hmarginratio: --
vmarginratio: 2:3
lines: --
heightrounded: --
bindingoffset: 0.0pt
truedimen: --
includehead: --
includefoot: --
includemp: --
driver: pdftex
-------------------- Page layout dimensions and switches
\paperwidth  597.50793pt
\paperheight 845.04694pt
\textwidth  469.47055pt
\textheight 702.78319pt
\oddsidemargin  -15.36449pt
\evensidemargin -1.1381pt
\topmargin  -55.23949pt
\headheight 18.125pt
\headsep    21.75pt
\footskip   50.75pt
\marginparwidth 74.68849pt
\marginparsep   12.8401pt
\columnsep  10.0pt
\skip\footins  10.8pt plus 4.0pt minus 2.0pt
\hoffset 0.0pt
\voffset 0.0pt
\mag 1000
\@twosidetrue \@mparswitchtrue 
(1in=72.27pt, 1cm=28.45pt)
-----------------------

(/usr/share/texmf-texlive/tex/latex/glossaries/dict/glossaries-dictionary-Engli
sh.dict
Dictionary: glossaries-dictionary, Language: English 
)
(/usr/share/texmf-texlive/tex/latex/glossaries/dict/glossaries-dictionary-Germa
n.dict
Dictionary: glossaries-dictionary, Language: German 
) (/usr/share/texmf-texlive/tex/context/base/supp-pdf.mkii
[Loading MPS to PDF converter (version 2006.09.02).]
\scratchcounter=\count331
\scratchdimen=\dimen330
\scratchbox=\box56
\nofMPsegments=\count332
\nofMParguments=\count333
\everyMPshowfont=\toks57
\MPscratchCnt=\count334
\MPscratchDim=\dimen331
\MPnumerator=\count335
\everyMPtoPDFconversion=\toks58
)
Package hyperref Info: Link coloring ON on input line 459.
 (/usr/share/texmf-texlive/tex/latex/hyperref/nameref.sty
Package: nameref 2007/05/29 v2.31 Cross-referencing by name of section

(/usr/share/texmf-texlive/tex/latex/oberdiek/refcount.sty
Package: refcount 2008/08/11 v3.1 Data extraction from references (HO)
)
\c@section@level=\count336
)
LaTeX Info: Redefining \ref on input line 459.
LaTeX Info: Redefining \pageref on input line 459.

(./GeoSchemata2012.out) (./GeoSchemata2012.out)
\@outlinefile=\write8
\openout8 = `GeoSchemata2012.out'.

\AtBeginShipoutBox=\box57
\c@lstlisting=\count337

ABD: EveryShipout initializing macros
LaTeX Font Info:    Try loading font information for OT1+lmr on input line 462.

 (/usr/share/texmf/tex/latex/lm/ot1lmr.fd
File: ot1lmr.fd 2009/10/30 v1.6 Font defs for Latin Modern
)
LaTeX Font Info:    Try loading font information for OML+lmm on input line 462.

(/usr/share/texmf/tex/latex/lm/omllmm.fd
File: omllmm.fd 2009/10/30 v1.6 Font defs for Latin Modern
)
LaTeX Font Info:    Try loading font information for OMS+lmsy on input line 462
.

(/usr/share/texmf/tex/latex/lm/omslmsy.fd
File: omslmsy.fd 2009/10/30 v1.6 Font defs for Latin Modern
)
LaTeX Font Info:    Try loading font information for OMX+lmex on input line 462
.

(/usr/share/texmf/tex/latex/lm/omxlmex.fd
File: omxlmex.fd 2009/10/30 v1.6 Font defs for Latin Modern
)
LaTeX Font Info:    External font `lmex10' loaded for size
(Font)              <17.28> on input line 462.
LaTeX Font Info:    External font `lmex10' loaded for size
(Font)              <12> on input line 462.
LaTeX Font Info:    External font `lmex10' loaded for size
(Font)              <10> on input line 462.
LaTeX Font Info:    Try loading font information for U+msa on input line 462.

(/usr/share/texmf-texlive/tex/latex/amsfonts/umsa.fd
File: umsa.fd 2009/06/22 v3.00 AMS symbols A
)
LaTeX Font Info:    Try loading font information for U+msb on input line 462.

(/usr/share/texmf-texlive/tex/latex/amsfonts/umsb.fd
File: umsb.fd 2009/06/22 v3.00 AMS symbols B
)
LaTeX Font Info:    Try loading font information for U+stmry on input line 462.


(/usr/share/texmf-texlive/tex/latex/stmaryrd/Ustmry.fd)
LaTeX Font Info:    External font `lmex10' loaded for size
(Font)              <8> on input line 462.
LaTeX Font Info:    External font `lmex10' loaded for size
(Font)              <6> on input line 462.
LaTeX Font Info:    External font `lmex10' loaded for size
(Font)              <10.95> on input line 462.
LaTeX Font Info:    External font `lmex10' loaded for size
(Font)              <5> on input line 462.
 [1

\openout4 = `GeoSchemata2012.ist'.



{/var/lib/texmf/fonts/map/pdftex/updmap/pdftex.map}] [2

] (./GeoSchemata2012.toc)
\tf@toc=\write9
\openout9 = `GeoSchemata2012.toc'.

 [3


]pdfTeX warning (ext4): destination with the same identifier (name{contents.1})
 has been already used, duplicate ignored
<to be read again> 
                   \relax 
l.470 \pdfbookmark[1]{S"atze}{contents}
                                       
** Generating table of Satz,SatzDef
(./GeoSchemata2012.thm) [4]

Class scrbook Warning: \float@addtolists detected!
(scrbook)              You should use the features of package `tocbasic'
(scrbook)              instead of \float@addtolists.
(scrbook)              Support for \float@addtolists may be removed from
(scrbook)              `scrbook' soon .

LaTeX Font Info:    Try loading font information for T1+lmtt on input line 489.

(/usr/share/texmf/tex/latex/lm/t1lmtt.fd
File: t1lmtt.fd 2009/10/30 v1.6 Font defs for Latin Modern
)
LaTeX Font Info:    Try loading font information for OMS+lmr on input line 497.


(/usr/share/texmf/tex/latex/lm/omslmr.fd
File: omslmr.fd 2009/10/30 v1.6 Font defs for Latin Modern
)
LaTeX Font Info:    Font shape `OMS/lmr/m/n' in size <12> not available
(Font)              Font shape `OMS/lmsy/m/n' tried instead on input line 497.
 [5


] [6


]
Kapitel 1.
Package hyperref Info: bookmark level for unknown Def defaults to 0 on input li
ne 511.
Package hyperref Info: bookmark level for unknown Bem defaults to 0 on input li
ne 520.
Package hyperref Info: bookmark level for unknown bspe defaults to 0 on input l
ine 529.
Package hyperref Info: bookmark level for unknown bew defaults to 0 on input li
ne 551.
[7]
Package hyperref Info: bookmark level for unknown DefBem defaults to 0 on input
 line 573.


LaTeX Warning: The counter will not be printed.
             The label is: \quot {$\Rightarrow $}: on input line 609.

Package hyperref Info: bookmark level for unknown Prop defaults to 0 on input l
ine 616.

LaTeX Warning: The counter will not be printed.
             The label is: \quot {$\Rightarrow $}: on input line 629.

[8]

LaTeX Warning: The counter will not be printed.
             The label is: \quot {$\Rightarrow $}: on input line 664.

Package hyperref Info: bookmark level for unknown bsp defaults to 0 on input li
ne 695.

LaTeX Warning: The counter will not be printed.
             The label is: \quot {$\Rightarrow $}: on input line 702.

[9]
Package hyperref Info: bookmark level for unknown PropDef defaults to 0 on inpu
t line 721.
 [10]
Overfull \hbox (2.61105pt too wide) in paragraph at lines 809--839
[][] [] 
 []

[11] [12] [13]
LaTeX Font Info:    Try loading font information for U+euf on input line 949.
 (/usr/share/texmf-texlive/tex/latex/amsfonts/ueuf.fd
File: ueuf.fd 2009/06/22 v3.00 Euler Fraktur
)

LaTeX Warning: The counter will not be printed.
             The label is: \quot {$\Rightarrow $}: on input line 994.

[14] [15] [16] [17] [18]
Package hyperref Info: bookmark level for unknown BemDef defaults to 0 on input
 line 1232.

Overfull \hbox (2.08061pt too wide) in paragraph at lines 1284--1285
[]$\OML/lmm/m/it/12 V$ \T1/lmr/m/n/12 ist ^^RVerklebung^^P die-ser af-fi-nen Va
-rie-t-ten. Je-des $\OML/lmm/m/it/12 X[]$ \T1/lmr/m/n/12 be-stimmt af-fi-nes S
che-ma $[] \OML/lmm/m/it/12 k\OT1/lmr/m/n/12 [\OML/lmm/m/it/12 X[]\OT1/lmr/m/n/
12 ]$\T1/lmr/m/n/12 .
 []

[19]
Package hyperref Info: bookmark level for unknown Bez defaults to 0 on input li
ne 1301.
 [20] [21]
Package hyperref Info: bookmark level for unknown Folg defaults to 0 on input l
ine 1410.
 [22]

LaTeX Warning: The counter will not be printed.
             The label is: \quot {$\Rightarrow $}: on input line 1451.

[23] [24]
Package hyperref Info: bookmark level for unknown Satz defaults to 0 on input l
ine 1541.


LaTeX Warning: The counter will not be printed.
             The label is: \textbullet  on input line 1567.


Overfull \hbox (26.48485pt too wide) in paragraph at lines 1598--1599
[]\T1/lmr/m/n/12 Ist $\OML/lmm/m/it/12 Z$ \T1/lmr/m/n/12 be-lie-bi-ges Sche-ma,
 so in-du-zie-ren $\OML/lmm/m/it/12 ' \OT1/lmr/m/n/12 : \OML/lmm/m/it/12 Z \OMS
/lmsy/m/n/12 ! \OML/lmm/m/it/12 X$ \T1/lmr/m/n/12 und $\OML/lmm/m/it/12   \OT1/
lmr/m/n/12 : \OML/lmm/m/it/12 Z \OMS/lmsy/m/n/12 ! \OML/lmm/m/it/12 Y$ $R$\T1/l
mr/m/n/12 -Algebrahomomorphismen
 []

[25]
Overfull \hbox (6.55782pt too wide) in paragraph at lines 1680--1714
\T1/lmr/m/it/12 Erhalte: $\OML/lmm/m/it/12 h \OT1/lmr/m/n/12 : \OML/lmm/m/it/12
 X \OMS/lmsy/m/n/12 ^^B[] \OML/lmm/m/it/12 Y \OMS/lmsy/m/n/12 ! \OML/lmm/m/it/1
2 X \OMS/lmsy/m/n/12 ^^B[] \OML/lmm/m/it/12 T$ \T1/lmr/m/n/12 aus []$[]$ 
 []

[26]
Underfull \hbox (badness 10000) in paragraph at lines 1731--1732

 []

[27]

LaTeX Warning: The counter will not be printed.
             The label is: \quot {$\Rightarrow $}: on input line 1807.

[28] [29] [30]

LaTeX Warning: The counter will not be printed.
             The label is: \quot {$\Rightarrow $}: on input line 1981.

Package hyperref Info: bookmark level for unknown DefProp defaults to 0 on inpu
t line 1992.
[31]
Package hyperref Info: bookmark level for unknown Bspe defaults to 0 on input l
ine 2006.
 [32]
Package hyperref Info: bookmark level for unknown Erinn defaults to 0 on input 
line 2064.
 [33]
Package hyperref Info: bookmark level for unknown erinn defaults to 0 on input 
line 2174.
 [34]
Package hyperref Info: bookmark level for unknown bem defaults to 0 on input li
ne 2211.
Package hyperref Info: bookmark level for unknown bewskiz defaults to 0 on inpu
t line 2214.


LaTeX Warning: The counter will not be printed.
             The label is: \quot {$\Rightarrow $}: on input line 2217.

[35]

LaTeX Warning: The counter will not be printed.
             The label is: \quot {$\Rightarrow $}: on input line 2325.


Underfull \vbox (badness 1496) has occurred while \output is active []

 [36]
[37] [38]
Kapitel 2.

Package hyperref Warning: Token not allowed in a PDF string (PDFDocEncoding):
(hyperref)                removing `math shift' on input line 2504.


Package hyperref Warning: Token not allowed in a PDF string (PDFDocEncoding):
(hyperref)                removing `subscript' on input line 2504.


Package hyperref Warning: Token not allowed in a PDF string (PDFDocEncoding):
(hyperref)                removing `math shift' on input line 2504.


LaTeX Font Warning: Font shape `U/stmry/b/n' undefined
(Font)              using `U/stmry/m/n' instead on input line 2519.

[39


]
LaTeX Font Info:    Try loading font information for OT1+pzc on input line 2569
.
 (/usr/share/texmf-texlive/tex/latex/psnfss/ot1pzc.fd
File: ot1pzc.fd 2001/06/04 font definitions for OT1/pzc.
)
LaTeX Font Info:    Font shape `OT1/pzc/m/it' in size <12> not available
(Font)              Font shape `OT1/pzc/mb/it' tried instead on input line 2569
.
LaTeX Font Info:    Font shape `OT1/pzc/m/it' in size <8> not available
(Font)              Font shape `OT1/pzc/mb/it' tried instead on input line 2569
.
LaTeX Font Info:    Font shape `OT1/pzc/m/it' in size <6> not available
(Font)              Font shape `OT1/pzc/mb/it' tried instead on input line 2569
.
 [40] [41] [42]
Package hyperref Info: bookmark level for unknown Bsp defaults to 0 on input li
ne 2718.
LaTeX Font Info:    Font shape `OT1/pzc/m/it' in size <5> not available
(Font)              Font shape `OT1/pzc/mb/it' tried instead on input line 2748
.

[43]
Overfull \hbox (18.69705pt too wide) in paragraph at lines 2809--2812
[]$[]$ 
 []

[44] [45]
LaTeX Font Info:    Font shape `OT1/pzc/m/it' in size <10.95> not available
(Font)              Font shape `OT1/pzc/mb/it' tried instead on input line 2863
.
 [46] [47] [48]
Kapitel 3.
[49


]
Overfull \hbox (8.18857pt too wide) detected at line 3118
\OT1/lmr/m/n/12 0 \OMS/lmsy/m/n/12 ! \OML/lmm/m/it/12 H[]\OT1/lmr/m/n/12 (\OML/
lmm/m/it/12 X; \OMS/lmsy/m/n/12 F\OT1/lmr/m/n/12 ) \OMS/lmsy/m/n/12 ! \OML/lmm/
m/it/12 H[]\OT1/lmr/m/n/12 (\OML/lmm/m/it/12 X; \OMS/lmsy/m/n/12 G[]\OT1/lmr/m/
n/12 ) \OMS/lmsy/m/n/12 ! \OML/lmm/m/it/12 H[]\OT1/lmr/m/n/12 (\OML/lmm/m/it/12
 X; [][][]\OT1/lmr/m/n/12 ) \OMS/lmsy/m/n/12 ! \OML/lmm/m/it/12 H[]\OT1/lmr/m/n
/12 (\OML/lmm/m/it/12 X; \OMS/lmsy/m/n/12 F\OT1/lmr/m/n/12 ) \OMS/lmsy/m/n/12 !
 \OT1/lmr/m/n/12 0 \OMS/lmsy/m/n/12 ! \OML/lmm/m/it/12 H[]\OT1/lmr/m/n/12 (\OML
/lmm/m/it/12 X; [][][]\OT1/lmr/m/n/12 ) \OMS/lmsy/m/n/12 ! []
 []

[50]
Package hyperref Info: bookmark level for unknown Verallg defaults to 0 on inpu
t line 3220.
 [51] [52]

Package hyperref Warning: Composite letter `\textasciicaron+C'
(hyperref)                not defined in PD1 encoding,
(hyperref)                removing `\textasciicaron' on input line 3227.

[53] [54] [55] [56] [57]

LaTeX Warning: The counter will not be printed.
             The label is: \underline {$d < 0$:} on input line 3561.


LaTeX Font Warning: Command \scriptsize invalid in math mode on input line 3582
.

[58]

LaTeX Font Warning: Command \scriptsize invalid in math mode on input line 3595
.

[59]
Package hyperref Info: bookmark level for unknown satz defaults to 0 on input l
ine 3650.
 [60]
Anhang A.
Package hyperref Info: bookmark level for unknown Aufg defaults to 0 on input l
ine 3678.
Package hyperref Info: bookmark level for unknown Loes defaults to 0 on input l
ine 3719.
[61


]

LaTeX Warning: Command \' invalid in math mode on input line 3766.


Overfull \hbox (2.61105pt too wide) in paragraph at lines 3763--3795
[][] $[]$
 []


LaTeX Warning: The counter will not be printed.
             The label is: \quot {$\Rightarrow $}: on input line 3797.


LaTeX Warning: Command \' invalid in math mode on input line 3805.


LaTeX Warning: Command \' invalid in math mode on input line 3805.


LaTeX Warning: Command \' invalid in math mode on input line 3811.

[62]

LaTeX Warning: Command \' invalid in math mode on input line 3817.

[63]pdfTeX warning (ext4): destination with the same identifier (name{Aufg.1}) 
has been already used, duplicate ignored
<to be read again> 
                   \relax 
l.3850 \begin{Aufg}
                   [4 Punkte]pdfTeX warning (ext4): destination with the same i
dentifier (name{Aufg.2}) has been already used, duplicate ignored
<to be read again> 
                   \relax 
l.3858 \begin{Aufg}
                   [4 Punkte]
LaTeX Font Info:    External font `lmex10' loaded for size
(Font)              <7> on input line 3868.
LaTeX Font Info:    Font shape `OT1/pzc/m/it' in size <10> not available
(Font)              Font shape `OT1/pzc/mb/it' tried instead on input line 3868
.
LaTeX Font Info:    Font shape `OT1/pzc/m/it' in size <7> not available
(Font)              Font shape `OT1/pzc/mb/it' tried instead on input line 3868
.
pdfTeX warning (ext4): destination with the same identifier (name{Loes.1}) has 
been already used, duplicate ignored
<to be read again> 
                   \relax 
l.3884 \begin{Loes}
                    [64]pdfTeX warning (ext4): destination with the same identi
fier (name{Loes.2}) has been already used, duplicate ignored
<to be read again> 
                   \relax 
l.3929 \begin{Loes}
                   
Overfull \hbox (9.00824pt too wide) detected at line 3963
[]
 []

[65] [66] [67]pdfTeX warning (ext4): destination with the same identifier (name
{Aufg.1}) has been already used, duplicate ignored
<to be read again> 
                   \relax 
l.4032 \begin{Aufg}
                   [4 Punkte]pdfTeX warning (ext4): destination with the same i
dentifier (name{Aufg.2}) has been already used, duplicate ignored
<to be read again> 
                   \relax 
l.4040 \begin{Aufg}
                   [4 Punkte]pdfTeX warning (ext4): destination with the same i
dentifier (name{Aufg.3}) has been already used, duplicate ignored
<to be read again> 
                   \relax 
l.4049 \begin{Aufg}
                   [2 Punkte]
Underfull \hbox (badness 10000) in paragraph at lines 4073--4074

 []

pdfTeX warning (ext4): destination with the same identifier (name{Loes.1}) has 
been already used, duplicate ignored
<to be read again> 
                   \relax 
l.4107 \begin{Loes}
                    [68] [69]pdfTeX warning (ext4): destination with the same i
dentifier (name{Loes.2}) has been already used, duplicate ignored
<to be read again> 
                   \relax 
l.4209 \begin{Loes}
                   

LaTeX Warning: The counter will not be printed.
             The label is: \quot {$\Rightarrow $}: on input line 4222.

pdfTeX warning (ext4): destination with the same identifier (name{Loes.3}) has 
been already used, duplicate ignored
<to be read again> 
                   \relax 
l.4231 \begin{Loes}
                    [70] [71]pdfTeX warning (ext4): destination with the same i
dentifier (name{Aufg.1}) has been already used, duplicate ignored
<to be read again> 
                   \relax 
l.4295 \begin{Aufg}
                   [4 Punkte]\label{a3.1}pdfTeX warning (ext4): destination wit
h the same identifier (name{Aufg.2}) has been already used, duplicate ignored
<to be read again> 
                   \relax 
l.4307 \begin{Aufg}
                   [6 Punkte]pdfTeX warning (ext4): destination with the same i
dentifier (name{Aufg.3}) has been already used, duplicate ignored
<to be read again> 
                   \relax 
l.4321 \begin{Aufg}
                   [4 Punkte]pdfTeX warning (ext4): destination with the same i
dentifier (name{Loes.1}) has been already used, duplicate ignored
<to be read again> 
                   \relax 
l.4333 \begin{Loes}
                    [72]pdfTeX warning (ext4): destination with the same identi
fier (name{Loes.2}) has been already used, duplicate ignored
<to be read again> 
                   \relax 
l.4408 \begin{Loes}
                   \begin{enumerate}[a)] [73]pdfTeX warning (ext4): destination
 with the same identifier (name{Loes.3}) has been already used, duplicate ignor
ed
<to be read again> 
                   \relax 
l.4432 \begin{Loes}
                   \begin{enumerate}[a)]

LaTeX Warning: The counter will not be printed.
             The label is: \textbullet  on input line 4439.

[74] [75]pdfTeX warning (ext4): destination with the same identifier (name{Aufg
.1}) has been already used, duplicate ignored
<to be read again> 
                   \relax 
l.4467 \begin{Aufg}
                   [4 Punkte]pdfTeX warning (ext4): destination with the same i
dentifier (name{Aufg.2}) has been already used, duplicate ignored
<to be read again> 
                   \relax 
l.4476 \begin{Aufg}
                   [4 Punkte]pdfTeX warning (ext4): destination with the same i
dentifier (name{Aufg.3}) has been already used, duplicate ignored
<to be read again> 
                   \relax 
l.4482 \begin{Aufg}
                   [4 Punkte]pdfTeX warning (ext4): destination with the same i
dentifier (name{Loes.1}) has been already used, duplicate ignored
<to be read again> 
                   \relax 
l.4488 \begin{Loes}
                   

LaTeX Warning: The counter will not be printed.
             The label is: \quot {$\Rightarrow $}: on input line 4497.

[76]pdfTeX warning (ext4): destination with the same identifier (name{Loes.2}) 
has been already used, duplicate ignored
<to be read again> 
                   \relax 
l.4539 \begin{Loes}
                   pdfTeX warning (ext4): destination with the same identifier 
(name{Loes.3}) has been already used, duplicate ignored
<to be read again> 
                   \relax 
l.4562 \begin{Loes}
                   

LaTeX Warning: The counter will not be printed.
             The label is: \quot {$\Rightarrow $}: on input line 4565.

[77]
LaTeX Font Info:    Font shape `OMS/lmr/m/it' in size <12> not available
(Font)              Font shape `OMS/lmsy/m/n' tried instead on input line 4593.

 [78] [79]pdfTeX warning (ext4): destination with the same identifier (name{Auf
g.1}) has been already used, duplicate ignored
<to be read again> 
                   \relax 
l.4625 \begin{Aufg}
                   [4 Punkte]pdfTeX warning (ext4): destination with the same i
dentifier (name{Aufg.2}) has been already used, duplicate ignored
<to be read again> 
                   \relax 
l.4636 \begin{Aufg}
                   [4 Punkte]pdfTeX warning (ext4): destination with the same i
dentifier (name{Aufg.3}) has been already used, duplicate ignored
<to be read again> 
                   \relax 
l.4641 \begin{Aufg}
                   [4 Punkte]pdfTeX warning (ext4): destination with the same i
dentifier (name{Loes.1}) has been already used, duplicate ignored
<to be read again> 
                   \relax 
l.4684 \begin{Loes}
                   \begin{enumerate}[a)] [80]
Overfull \hbox (1.10593pt too wide) in paragraph at lines 4737--4738
[]$\OML/lmm/m/it/12 L=K$ \T1/lmr/m/n/12 end-li-che se-pe-ra-ble Kr-perer-wei-t
e-rung, $[]$ al-ge-brai-scher Ab-schluss von $\OML/lmm/m/it/12 k$\T1/lmr/m/n/12
 , $[] \OML/lmm/m/it/12 L \OMS/lmsy/m/n/12 ^^B[]
 []

pdfTeX warning (ext4): destination with the same identifier (name{Loes.2}) has 
been already used, duplicate ignored
<to be read again> 
                   \relax 
l.4770 \begin{Loes}
                   
Underfull \vbox (badness 1127) has occurred while \output is active []

 [81]pdfTeX warning (ext4): destination with the same identifier (name{Loes.3})
 has been already used, duplicate ignored
<to be read again> 
                   \relax 
l.4858 \begin{Loes}
                    [82]

LaTeX Font Warning: Command \tiny invalid in math mode on input line 4975.


LaTeX Font Warning: Command \normalsize invalid in math mode on input line 4976
.

[83]pdfTeX warning (ext4): destination with the same identifier (name{Aufg.1}) 
has been already used, duplicate ignored
<to be read again> 
                   \relax 
l.5003 \begin{Aufg}
                   [4 Punkte]pdfTeX warning (ext4): destination with the same i
dentifier (name{Aufg.2}) has been already used, duplicate ignored
<to be read again> 
                   \relax 
l.5011 \begin{Aufg}
                   [4 Punkte]pdfTeX warning (ext4): destination with the same i
dentifier (name{Aufg.3}) has been already used, duplicate ignored
<to be read again> 
                   \relax 
l.5020 \begin{Aufg}
                   [4 Punkte]
Overfull \hbox (28.46886pt too wide) in paragraph at lines 5024--5026
\T1/lmr/m/n/12 und $\OML/lmm/m/it/12 f [] [] X \OMS/lmsy/m/n/12 ! \OML/lmm/m/it
/12 Y$ \T1/lmr/m/n/12 der Sche-ma-mor-phis-mus, der von dem na-tr-li-chen $\OM
L/lmm/m/it/12 k$\T1/lmr/m/n/12 -Algebren-Homomorphismus
 []

pdfTeX warning (ext4): destination with the same identifier (name{Loes.1}) has 
been already used, duplicate ignored
<to be read again> 
                   \relax 
l.5038 \begin{Loes}
                   
Overfull \hbox (33.72937pt too wide) in paragraph at lines 5039--5040
[]\T1/lmr/m/it/12 Blatt 5, Auf-ga-be 1c): $[] \OML/lmm/m/it/12 L \OMS/lmsy/m/n/
12 ^^B[] [] [] \OT1/lmr/m/n/12 = []$\T1/lmr/m/n/12 , $\OML/lmm/m/it/12 L\OMS/lm
sy/m/n/12 j\OML/lmm/m/it/12 k$ \T1/lmr/m/n/12 se-pe-ra-bel, end-lich, $[] \OML/
lmm/m/it/12 L; [] k; [] []$
 []

pdfTeX warning (ext4): destination with the same identifier (name{Loes.2}) has 
been already used, duplicate ignored
<to be read again> 
                   \relax 
l.5047 \begin{Loes}
                   

LaTeX Font Warning: Command \scriptsize invalid in math mode on input line 5059
.

[84]pdfTeX warning (ext4): destination with the same identifier (name{Loes.3}) 
has been already used, duplicate ignored
<to be read again> 
                   \relax 
l.5099 \begin{Loes}
                   

LaTeX Font Warning: Command \scriptsize invalid in math mode on input line 5116
.


LaTeX Warning: The counter will not be printed.
             The label is: \underline {$a=0$}: on input line 5124.

[85]
Underfull \vbox (badness 10000) has occurred while \output is active []

 [86]

LaTeX Warning: The counter will not be printed.
             The label is: \underline {$a=0$}: on input line 5297.

[87]pdfTeX warning (ext4): destination with the same identifier (name{Aufg.1}) 
has been already used, duplicate ignored
<to be read again> 
                   \relax 
l.5314 \begin{Aufg}
                   [4 Punkte]pdfTeX warning (ext4): destination with the same i
dentifier (name{Aufg.2}) has been already used, duplicate ignored
<to be read again> 
                   \relax 
l.5322 \begin{Aufg}
                   [3 Punkte]pdfTeX warning (ext4): destination with the same i
dentifier (name{Aufg.3}) has been already used, duplicate ignored
<to be read again> 
                   \relax 
l.5329 \begin{Aufg}
                   [3 Punkte]pdfTeX warning (ext4): destination with the same i
dentifier (name{Aufg.4}) has been already used, duplicate ignored
<to be read again> 
                   \relax 
l.5333 \begin{Aufg}
                   [4 Punkte]pdfTeX warning (ext4): destination with the same i
dentifier (name{Loes.1}) has been already used, duplicate ignored
<to be read again> 
                   \relax 
l.5341 \begin{Loes}
                   

LaTeX Warning: The counter will not be printed.
             The label is: \quot {$\Rightarrow $}: on input line 5346.


Overfull \hbox (45.47786pt too wide) in paragraph at lines 5362--5363
[]$\OMS/lmsy/m/n/12 ) \OML/lmm/m/it/12 f[]\OT1/lmr/m/n/12 (\OML/lmm/m/it/12 V\O
T1/lmr/m/n/12 ) = [] \OML/lmm/m/it/12 f[]\OT1/lmr/m/n/12 (\OML/lmm/m/it/12 D\OT
1/lmr/m/n/12 (\OML/lmm/m/it/12 g[]\OT1/lmr/m/n/12 )) = [] [] \OML/lmm/m/it/12 f
[]\OT1/lmr/m/n/12 (\OML/lmm/m/it/12 D\OT1/lmr/m/n/12 (\OML/lmm/m/it/12 g[]\OT1/
lmr/m/n/12 )) \OMS/lmsy/m/n/12 \ [] \OML/lmm/m/it/12 A[] \OT1/lmr/m/n/12 = [] [
][] [] \OML/lmm/m/it/12 A[]\OT1/lmr/m/n/12 [[]]$
 []


LaTeX Warning: The counter will not be printed.
             The label is: \quot {$\Rightarrow $}: on input line 5370.

[88]pdfTeX warning (ext4): destination with the same identifier (name{Loes.2}) 
has been already used, duplicate ignored
<to be read again> 
                   \relax 
l.5382 \begin{Loes}
                   pdfTeX warning (ext4): destination with the same identifier 
(name{Loes.3}) has been already used, duplicate ignored
<to be read again> 
                   \relax 
l.5444 \begin{Loes}
                    [89]

LaTeX Warning: The counter will not be printed.
             The label is: \quot {$\Rightarrow $}: on input line 5464.


LaTeX Warning: The counter will not be printed.
             The label is: $\bullet $ on input line 5468.


LaTeX Font Warning: Command \scriptsize invalid in math mode on input line 5470
.


LaTeX Font Warning: Command \scriptsize invalid in math mode on input line 5482
.

pdfTeX warning (ext4): destination with the same identifier (name{Loes.4}) has 
been already used, duplicate ignored
<to be read again> 
                   \relax 
l.5488 \begin{Loes}
                   
Overfull \hbox (6.3732pt too wide) in paragraph at lines 5514--5514
[][] 
 []


Overfull \hbox (2.09279pt too wide) in paragraph at lines 5494--5518
[]$[]$$[]$ 
 []


Overfull \hbox (6.61636pt too wide) in paragraph at lines 5534--5534
[][] 
 []


Overfull \hbox (2.09279pt too wide) in paragraph at lines 5519--5538
[]$[]$$[]$ 
 []

[90] [91]pdfTeX warning (ext4): destination with the same identifier (name{Aufg
.1}) has been already used, duplicate ignored
<to be read again> 
                   \relax 
l.5596 \begin{Aufg}
                   [4 Punkte]pdfTeX warning (ext4): destination with the same i
dentifier (name{Aufg.2}) has been already used, duplicate ignored
<to be read again> 
                   \relax 
l.5605 \begin{Aufg}
                   [4 Punkte]pdfTeX warning (ext4): destination with the same i
dentifier (name{Aufg.3}) has been already used, duplicate ignored
<to be read again> 
                   \relax 
l.5613 \begin{Aufg}
                   [4 Punkte]pdfTeX warning (ext4): destination with the same i
dentifier (name{Loes.1}) has been already used, duplicate ignored
<to be read again> 
                   \relax 
l.5623 \begin{Loes}
                   \begin{enumerate}[a)]
Overfull \hbox (4.70386pt too wide) in paragraph at lines 5627--5645
[]$[]$ $[]$ 
 []


Overfull \hbox (2.09279pt too wide) in paragraph at lines 5648--5664
[]$[]$$[]$ 
 []


Overfull \hbox (2.09279pt too wide) in paragraph at lines 5666--5685
[]$[]$$[]$ 
 []

[92]
Overfull \hbox (4.70386pt too wide) in paragraph at lines 5687--5713
[]$[]$ $[]$ 
 []

pdfTeX warning (ext4): destination with the same identifier (name{Loes.2}) has 
been already used, duplicate ignored
<to be read again> 
                   \relax 
l.5717 \begin{Loes}
                   

LaTeX Warning: The counter will not be printed.
             The label is: $\bullet $ on input line 5745.

[93]pdfTeX warning (ext4): destination with the same identifier (name{Loes.3}) 
has been already used, duplicate ignored
<to be read again> 
                   \relax 
l.5780 \begin{Loes}
                   

LaTeX Warning: The counter will not be printed.
             The label is: \quot {$\Rightarrow $}: on input line 5788.


LaTeX Font Warning: Command \scriptsize invalid in math mode on input line 5794
.


LaTeX Warning: The counter will not be printed.
             The label is: $\bullet $) on input line 5799.


LaTeX Warning: The counter will not be printed.
             The label is: \quot {$\Rightarrow $}: on input line 5824.

[94] [95]pdfTeX warning (ext4): destination with the same identifier (name{Aufg
.1}) has been already used, duplicate ignored
<to be read again> 
                   \relax 
l.5849 \begin{Aufg}
                   [4 Punkte]pdfTeX warning (ext4): destination with the same i
dentifier (name{Aufg.2}) has been already used, duplicate ignored
<to be read again> 
                   \relax 
l.5864 \begin{Aufg}
                   [4 Punkte]pdfTeX warning (ext4): destination with the same i
dentifier (name{Aufg.3}) has been already used, duplicate ignored
<to be read again> 
                   \relax 
l.5894 \begin{Aufg}
                   [4 Punkte]pdfTeX warning (ext4): destination with the same i
dentifier (name{Loes.1}) has been already used, duplicate ignored
<to be read again> 
                   \relax 
l.5905 \begin{Loes}
                   
Underfull \vbox (badness 1629) has occurred while \output is active []

 [96]pdfTeX warning (ext4): destination with the same identifier (name{Loes.2})
 has been already used, duplicate ignored
<to be read again> 
                   \relax 
l.5951 \begin{Loes}
                    [97] [98] [99]pdfTeX warning (ext4): destination with the s
ame identifier (name{Loes.3}) has been already used, duplicate ignored
<to be read again> 
                   \relax 
l.6164 \begin{Loes}
                    [100]pdfTeX warning (ext4): destination with the same ident
ifier (name{Aufg.1}) has been already used, duplicate ignored
<to be read again> 
                   \relax 
l.6212 \begin{Aufg}
                   [3 Punkte]pdfTeX warning (ext4): destination with the same i
dentifier (name{Aufg.2}) has been already used, duplicate ignored
<to be read again> 
                   \relax 
l.6226 \begin{Aufg}
                   [4 Punkte]pdfTeX warning (ext4): destination with the same i
dentifier (name{Aufg.3}) has been already used, duplicate ignored
<to be read again> 
                   \relax 
l.6235 \begin{Aufg}
                   [5 Punkte]pdfTeX warning (ext4): destination with the same i
dentifier (name{Loes.1}) has been already used, duplicate ignored
<to be read again> 
                   \relax 
l.6247 \begin{Loes}
                   pdfTeX warning (ext4): destination with the same identifier 
(name{Loes.2}) has been already used, duplicate ignored
<to be read again> 
                   \relax 
l.6270 \begin{Loes}
                    [101]pdfTeX warning (ext4): destination with the same ident
ifier (name{Loes.3}) has been already used, duplicate ignored
<to be read again> 
                   \relax 
l.6295 \begin{Loes}
                   

LaTeX Warning: The counter will not be printed.
             The label is: \quot {$\Rightarrow $}: on input line 6302.

[102] [103]pdfTeX warning (ext4): destination with the same identifier (name{Au
fg.1}) has been already used, duplicate ignored
<to be read again> 
                   \relax 
l.6352 \begin{Aufg}
                   [4 Punkte]pdfTeX warning (ext4): destination with the same i
dentifier (name{Aufg.2}) has been already used, duplicate ignored
<to be read again> 
                   \relax 
l.6361 \begin{Aufg}
                   [4 Punkte]pdfTeX warning (ext4): destination with the same i
dentifier (name{Aufg.3}) has been already used, duplicate ignored
<to be read again> 
                   \relax 
l.6380 \begin{Aufg}
                   [4 Punkte]pdfTeX warning (ext4): destination with the same i
dentifier (name{Loes.1}) has been already used, duplicate ignored
<to be read again> 
                   \relax 
l.6394 \begin{Loes}
                    [104]
Overfull \hbox (25.3622pt too wide) in paragraph at lines 6416--6418
$[] \OT1/lmr/m/n/12 = \OMS/lmsy/m/n/12 f\OT1/lmr/m/n/12 (\OML/lmm/m/it/12 x; z\
OT1/lmr/m/n/12 )\OMS/lmsy/m/n/12 g \U/msa/m/n/12  $ \T1/lmr/m/n/12 ge-hrt zu $
\OT1/lmr/m/n/12 (0 : 1 : 0)$\T1/lmr/m/n/12 , hat af-fi-ne Um-ge-bung $\OML/lmm/
m/it/12 D[]\OT1/lmr/m/n/12 (\OML/lmm/m/it/12 y\OT1/lmr/m/n/12 ) = [] [] []
 []

[105]pdfTeX warning (ext4): destination with the same identifier (name{Loes.2})
 has been already used, duplicate ignored
<to be read again> 
                   \relax 
l.6458 \begin{Loes}
                   \begin{enumerate}[a)]pdfTeX warning (ext4): destination with
 the same identifier (name{Loes.3}) has been already used, duplicate ignored
<to be read again> 
                   \relax 
l.6474 \begin{Loes}
                    [106] [107]pdfTeX warning (ext4): destination with the same
 identifier (name{Aufg.1}) has been already used, duplicate ignored
<to be read again> 
                   \relax 
l.6541 \begin{Aufg}
                   [5 Punkte]pdfTeX warning (ext4): destination with the same i
dentifier (name{Aufg.2}) has been already used, duplicate ignored
<to be read again> 
                   \relax 
l.6576 \begin{Aufg}
                   [4 Punkte]pdfTeX warning (ext4): destination with the same i
dentifier (name{Aufg.3}) has been already used, duplicate ignored
<to be read again> 
                   \relax 
l.6581 \begin{Aufg}
                   [4 Punkte]pdfTeX warning (ext4): destination with the same i
dentifier (name{Aufg.4}) has been already used, duplicate ignored
<to be read again> 
                   \relax 
l.6589 \begin{Aufg}
                   [zum Nachdenken, keine Abgabe]pdfTeX warning (ext4): destina
tion with the same identifier (name{Loes.1}) has been already used, duplicate i
gnored
<to be read again> 
                   \relax 
l.6595 \begin{Loes}
                   

LaTeX Font Warning: Command \scriptsize invalid in math mode on input line 6611
.

[108]
Overfull \hbox (1.8584pt too wide) in paragraph at lines 6624--6651
[]$ $[]$
 []


Underfull \hbox (badness 10000) in paragraph at lines 6689--6692
\T1/lmr/m/n/12 ber $\OML/lmm/m/it/12 I[]= []\OT1/lmr/m/n/12 (\OML/lmm/m/it/12 
d[]\OT1/lmr/m/n/12 )$ \T1/lmr/m/n/12 und in-
 []


Underfull \hbox (badness 10000) in paragraph at lines 6689--6692
\T1/lmr/m/n/12 du-ziert einen Mor-phis-mus
 []


Underfull \hbox (badness 1014) in paragraph at lines 6689--6692
[] [] [] \OML/lmm/m/it/12 I[]= []\OT1/lmr/m/n/12 (\OML/lmm/m/it/12 d[]\OT1/lmr/
m/n/12 ) \OMS/lmsy/m/n/12 ! \OML/lmm/m/it/12 J[]$\T1/lmr/m/n/12 . Da $\OML/lmm/
m/it/12 J[]$
 []


Underfull \hbox (badness 3724) in paragraph at lines 6689--6692
\T1/lmr/m/n/12 ein Mo-no-mor-phis-mus, gibt es ei-
 []


Underfull \hbox (badness 1406) in paragraph at lines 6689--6692
\T1/lmr/m/n/12 ne Fort-set-zung $\OML/lmm/m/it/12 h[] [] [] I[] \OMS/lmsy/m/n/1
2 ! \OML/lmm/m/it/12 J[]$
 []


Underfull \hbox (badness 2189) in paragraph at lines 6689--6692
\T1/lmr/m/n/12 von $[]$. Nach Kon-struk-ti-on gilt
 []

[109]pdfTeX warning (ext4): destination with the same identifier (name{Loes.2})
 has been already used, duplicate ignored
<to be read again> 
                   \relax 
l.6774 \begin{Loes}
                   pdfTeX warning (ext4): destination with the same identifier 
(name{Loes.3}) has been already used, duplicate ignored
<to be read again> 
                   \relax 
l.6797 \begin{Loes}
                    [110] (./GeoSchemata2012.ind [111] [112

] [113

])
(./GeoSchemata2012.gls [114



] [115


]) (./GeoSchemata2012.bbl [116]) [117


]
[118


]
Anhang B.

Underfull \hbox (badness 10000) in paragraph at lines 6898--6899

 []

Package hyperref Info: bookmark level for unknown gast defaults to 0 on input l
ine 6900.
Package hyperref Info: bookmark level for unknown komm defaults to 0 on input l
ine 6910.
[119]
\tf@thm=\write10
\openout10 = `GeoSchemata2012.thm'.

 (./GeoSchemata2012.aux)

LaTeX Font Warning: Some font shapes were not available, defaults substituted.


LaTeX Warning: There were multiply-defined labels.

 ) 
Here is how much of TeX's memory you used:
 26120 strings out of 493857
 434061 string characters out of 1153304
 580232 words of memory out of 3000000
 27950 multiletter control sequences out of 15000+50000
 118014 words of font info for 111 fonts, out of 3000000 for 9000
 714 hyphenation exceptions out of 8191
 66i,21n,402p,1094b,1296s stack positions out of 5000i,500n,10000p,200000b,50000s
{/usr/share/texmf/fonts/enc/dvips/lm/lm-ec.enc}{/usr/share/texmf/fonts/enc/dv
ips/lm/lm-rm.enc}{/usr/share/texmf/fonts/enc/dvips/lm/lm-mathsy.enc}{/usr/share
/texmf/fonts/enc/dvips/lm/lm-mathit.enc}{/usr/share/texmf-texlive/fonts/enc/dvi
ps/base/8r.enc}{/usr/share/texmf/fonts/enc/dvips/lm/lm-mathex.enc}</usr/share/t
exmf-texlive/fonts/type1/public/amsfonts/euler/eufm10.pfb></usr/share/texmf-tex
live/fonts/type1/public/amsfonts/euler/eufm7.pfb></usr/share/texmf/fonts/type1/
public/lm/lmbsy10.pfb></usr/share/texmf/fonts/type1/public/lm/lmbx12.pfb></usr/
share/texmf/fonts/type1/public/lm/lmbx8.pfb></usr/share/texmf/fonts/type1/publi
c/lm/lmbxi10.pfb></usr/share/texmf/fonts/type1/public/lm/lmcsc10.pfb></usr/shar
e/texmf/fonts/type1/public/lm/lmex10.pfb></usr/share/texmf/fonts/type1/public/l
m/lmmi10.pfb></usr/share/texmf/fonts/type1/public/lm/lmmi12.pfb></usr/share/tex
mf/fonts/type1/public/lm/lmmi5.pfb></usr/share/texmf/fonts/type1/public/lm/lmmi
6.pfb></usr/share/texmf/fonts/type1/public/lm/lmmi7.pfb></usr/share/texmf/fonts
/type1/public/lm/lmmi8.pfb></usr/share/texmf/fonts/type1/public/lm/lmmib10.pfb>
</usr/share/texmf/fonts/type1/public/lm/lmr10.pfb></usr/share/texmf/fonts/type1
/public/lm/lmr12.pfb></usr/share/texmf/fonts/type1/public/lm/lmr17.pfb></usr/sh
are/texmf/fonts/type1/public/lm/lmr5.pfb></usr/share/texmf/fonts/type1/public/l
m/lmr6.pfb></usr/share/texmf/fonts/type1/public/lm/lmr7.pfb></usr/share/texmf/f
onts/type1/public/lm/lmr8.pfb></usr/share/texmf/fonts/type1/public/lm/lmri12.pf
b></usr/share/texmf/fonts/type1/public/lm/lmro12.pfb></usr/share/texmf/fonts/ty
pe1/public/lm/lmsy10.pfb></usr/share/texmf/fonts/type1/public/lm/lmsy5.pfb></us
r/share/texmf/fonts/type1/public/lm/lmsy6.pfb></usr/share/texmf/fonts/type1/pub
lic/lm/lmsy7.pfb></usr/share/texmf/fonts/type1/public/lm/lmsy8.pfb></usr/share/
texmf/fonts/type1/public/lm/lmtt12.pfb></usr/share/texmf-texlive/fonts/type1/pu
blic/amsfonts/symbols/msam10.pfb></usr/share/texmf-texlive/fonts/type1/public/a
msfonts/symbols/msbm10.pfb></usr/share/texmf-texlive/fonts/type1/public/amsfont
s/symbols/msbm7.pfb></usr/share/texmf-texlive/fonts/type1/hoekwater/stmaryrd/st
mary10.pfb></usr/share/texmf-texlive/fonts/type1/urw/zapfchan/uzcmi8a.pfb>
Output written on GeoSchemata2012.pdf (119 pages, 1221898 bytes).
PDF statistics:
 1988 PDF objects out of 2073 (max. 8388607)
 857 named destinations out of 1000 (max. 500000)
 325 words of extra memory for PDF output out of 10000 (max. 10000000)

