This is pdfTeX, Version 3.1415926-1.40.10 (TeX Live 2009/Debian) (format=pdflatex 2016.12.27)  27 DEC 2016 08:45
entering extended mode
 %&-line parsing enabled.
**grugra.tex
(data/grugra.tex
LaTeX2e <2009/09/24>
Babel <v3.8l> and hyphenation patterns for english, usenglishmax, dumylang, noh
yphenation, farsi, arabic, croatian, bulgarian, ukrainian, russian, czech, slov
ak, danish, dutch, finnish, french, basque, ngerman, german, german-x-2009-06-1
9, ngerman-x-2009-06-19, ibycus, monogreek, greek, ancientgreek, hungarian, san
skrit, italian, latin, latvian, lithuanian, mongolian2a, mongolian, bokmal, nyn
orsk, romanian, irish, coptic, serbian, turkish, welsh, esperanto, uppersorbian
, estonian, indonesian, interlingua, icelandic, kurmanji, slovenian, polish, po
rtuguese, spanish, galician, catalan, swedish, ukenglish, loaded.
(/usr/share/texmf-texlive/tex/latex/base/article.cls
Document Class: article 2007/10/19 v1.4h Standard LaTeX document class
(/usr/share/texmf-texlive/tex/latex/base/size12.clo
File: size12.clo 2007/10/19 v1.4h Standard LaTeX file (size option)
)
\c@part=\count79
\c@section=\count80
\c@subsection=\count81
\c@subsubsection=\count82
\c@paragraph=\count83
\c@subparagraph=\count84
\c@figure=\count85
\c@table=\count86
\abovecaptionskip=\skip41
\belowcaptionskip=\skip42
\bibindent=\dimen102
) (data/latexki.sty)
(data/grugraStyle.sty (/usr/share/texmf-texlive/tex/generic/german/german.sty
v2.5e 1998-07-08
Package: german 1998/07/08 v2.5e Support for writing german texts (br)
\grmnU@D=\dimen103
german -- \language number for Austrian undefined, default 18 used.
) (/usr/share/texmf-texlive/tex/latex/base/inputenc.sty
Package: inputenc 2008/03/30 v1.1d Input encoding file
\inpenc@prehook=\toks14
\inpenc@posthook=\toks15

(/usr/share/texmf-texlive/tex/latex/base/utf8.def
File: utf8.def 2008/04/05 v1.1m UTF-8 support for inputenc
Now handling font encoding OML ...
... no UTF-8 mapping file for font encoding OML
Now handling font encoding T1 ...
... processing UTF-8 mapping file for font encoding T1

(/usr/share/texmf-texlive/tex/latex/base/t1enc.dfu
File: t1enc.dfu 2008/04/05 v1.1m UTF-8 support for inputenc
   defining Unicode char U+00A1 (decimal 161)
   defining Unicode char U+00A3 (decimal 163)
   defining Unicode char U+00AB (decimal 171)
   defining Unicode char U+00BB (decimal 187)
   defining Unicode char U+00BF (decimal 191)
   defining Unicode char U+00C0 (decimal 192)
   defining Unicode char U+00C1 (decimal 193)
   defining Unicode char U+00C2 (decimal 194)
   defining Unicode char U+00C3 (decimal 195)
   defining Unicode char U+00C4 (decimal 196)
   defining Unicode char U+00C5 (decimal 197)
   defining Unicode char U+00C6 (decimal 198)
   defining Unicode char U+00C7 (decimal 199)
   defining Unicode char U+00C8 (decimal 200)
   defining Unicode char U+00C9 (decimal 201)
   defining Unicode char U+00CA (decimal 202)
   defining Unicode char U+00CB (decimal 203)
   defining Unicode char U+00CC (decimal 204)
   defining Unicode char U+00CD (decimal 205)
   defining Unicode char U+00CE (decimal 206)
   defining Unicode char U+00CF (decimal 207)
   defining Unicode char U+00D0 (decimal 208)
   defining Unicode char U+00D1 (decimal 209)
   defining Unicode char U+00D2 (decimal 210)
   defining Unicode char U+00D3 (decimal 211)
   defining Unicode char U+00D4 (decimal 212)
   defining Unicode char U+00D5 (decimal 213)
   defining Unicode char U+00D6 (decimal 214)
   defining Unicode char U+00D8 (decimal 216)
   defining Unicode char U+00D9 (decimal 217)
   defining Unicode char U+00DA (decimal 218)
   defining Unicode char U+00DB (decimal 219)
   defining Unicode char U+00DC (decimal 220)
   defining Unicode char U+00DD (decimal 221)
   defining Unicode char U+00DE (decimal 222)
   defining Unicode char U+00DF (decimal 223)
   defining Unicode char U+00E0 (decimal 224)
   defining Unicode char U+00E1 (decimal 225)
   defining Unicode char U+00E2 (decimal 226)
   defining Unicode char U+00E3 (decimal 227)
   defining Unicode char U+00E4 (decimal 228)
   defining Unicode char U+00E5 (decimal 229)
   defining Unicode char U+00E6 (decimal 230)
   defining Unicode char U+00E7 (decimal 231)
   defining Unicode char U+00E8 (decimal 232)
   defining Unicode char U+00E9 (decimal 233)
   defining Unicode char U+00EA (decimal 234)
   defining Unicode char U+00EB (decimal 235)
   defining Unicode char U+00EC (decimal 236)
   defining Unicode char U+00ED (decimal 237)
   defining Unicode char U+00EE (decimal 238)
   defining Unicode char U+00EF (decimal 239)
   defining Unicode char U+00F0 (decimal 240)
   defining Unicode char U+00F1 (decimal 241)
   defining Unicode char U+00F2 (decimal 242)
   defining Unicode char U+00F3 (decimal 243)
   defining Unicode char U+00F4 (decimal 244)
   defining Unicode char U+00F5 (decimal 245)
   defining Unicode char U+00F6 (decimal 246)
   defining Unicode char U+00F8 (decimal 248)
   defining Unicode char U+00F9 (decimal 249)
   defining Unicode char U+00FA (decimal 250)
   defining Unicode char U+00FB (decimal 251)
   defining Unicode char U+00FC (decimal 252)
   defining Unicode char U+00FD (decimal 253)
   defining Unicode char U+00FE (decimal 254)
   defining Unicode char U+00FF (decimal 255)
   defining Unicode char U+0102 (decimal 258)
   defining Unicode char U+0103 (decimal 259)
   defining Unicode char U+0104 (decimal 260)
   defining Unicode char U+0105 (decimal 261)
   defining Unicode char U+0106 (decimal 262)
   defining Unicode char U+0107 (decimal 263)
   defining Unicode char U+010C (decimal 268)
   defining Unicode char U+010D (decimal 269)
   defining Unicode char U+010E (decimal 270)
   defining Unicode char U+010F (decimal 271)
   defining Unicode char U+0110 (decimal 272)
   defining Unicode char U+0111 (decimal 273)
   defining Unicode char U+0118 (decimal 280)
   defining Unicode char U+0119 (decimal 281)
   defining Unicode char U+011A (decimal 282)
   defining Unicode char U+011B (decimal 283)
   defining Unicode char U+011E (decimal 286)
   defining Unicode char U+011F (decimal 287)
   defining Unicode char U+0130 (decimal 304)
   defining Unicode char U+0131 (decimal 305)
   defining Unicode char U+0132 (decimal 306)
   defining Unicode char U+0133 (decimal 307)
   defining Unicode char U+0139 (decimal 313)
   defining Unicode char U+013A (decimal 314)
   defining Unicode char U+013D (decimal 317)
   defining Unicode char U+013E (decimal 318)
   defining Unicode char U+0141 (decimal 321)
   defining Unicode char U+0142 (decimal 322)
   defining Unicode char U+0143 (decimal 323)
   defining Unicode char U+0144 (decimal 324)
   defining Unicode char U+0147 (decimal 327)
   defining Unicode char U+0148 (decimal 328)
   defining Unicode char U+014A (decimal 330)
   defining Unicode char U+014B (decimal 331)
   defining Unicode char U+0150 (decimal 336)
   defining Unicode char U+0151 (decimal 337)
   defining Unicode char U+0152 (decimal 338)
   defining Unicode char U+0153 (decimal 339)
   defining Unicode char U+0154 (decimal 340)
   defining Unicode char U+0155 (decimal 341)
   defining Unicode char U+0158 (decimal 344)
   defining Unicode char U+0159 (decimal 345)
   defining Unicode char U+015A (decimal 346)
   defining Unicode char U+015B (decimal 347)
   defining Unicode char U+015E (decimal 350)
   defining Unicode char U+015F (decimal 351)
   defining Unicode char U+0160 (decimal 352)
   defining Unicode char U+0161 (decimal 353)
   defining Unicode char U+0162 (decimal 354)
   defining Unicode char U+0163 (decimal 355)
   defining Unicode char U+0164 (decimal 356)
   defining Unicode char U+0165 (decimal 357)
   defining Unicode char U+016E (decimal 366)
   defining Unicode char U+016F (decimal 367)
   defining Unicode char U+0170 (decimal 368)
   defining Unicode char U+0171 (decimal 369)
   defining Unicode char U+0178 (decimal 376)
   defining Unicode char U+0179 (decimal 377)
   defining Unicode char U+017A (decimal 378)
   defining Unicode char U+017B (decimal 379)
   defining Unicode char U+017C (decimal 380)
   defining Unicode char U+017D (decimal 381)
   defining Unicode char U+017E (decimal 382)
   defining Unicode char U+200C (decimal 8204)
   defining Unicode char U+2013 (decimal 8211)
   defining Unicode char U+2014 (decimal 8212)
   defining Unicode char U+2018 (decimal 8216)
   defining Unicode char U+2019 (decimal 8217)
   defining Unicode char U+201A (decimal 8218)
   defining Unicode char U+201C (decimal 8220)
   defining Unicode char U+201D (decimal 8221)
   defining Unicode char U+201E (decimal 8222)
   defining Unicode char U+2030 (decimal 8240)
   defining Unicode char U+2031 (decimal 8241)
   defining Unicode char U+2039 (decimal 8249)
   defining Unicode char U+203A (decimal 8250)
   defining Unicode char U+2423 (decimal 9251)
)
Now handling font encoding OT1 ...
... processing UTF-8 mapping file for font encoding OT1

(/usr/share/texmf-texlive/tex/latex/base/ot1enc.dfu
File: ot1enc.dfu 2008/04/05 v1.1m UTF-8 support for inputenc
   defining Unicode char U+00A1 (decimal 161)
   defining Unicode char U+00A3 (decimal 163)
   defining Unicode char U+00B8 (decimal 184)
   defining Unicode char U+00BF (decimal 191)
   defining Unicode char U+00C5 (decimal 197)
   defining Unicode char U+00C6 (decimal 198)
   defining Unicode char U+00D8 (decimal 216)
   defining Unicode char U+00DF (decimal 223)
   defining Unicode char U+00E6 (decimal 230)
   defining Unicode char U+00EC (decimal 236)
   defining Unicode char U+00ED (decimal 237)
   defining Unicode char U+00EE (decimal 238)
   defining Unicode char U+00EF (decimal 239)
   defining Unicode char U+00F8 (decimal 248)
   defining Unicode char U+0131 (decimal 305)
   defining Unicode char U+0141 (decimal 321)
   defining Unicode char U+0142 (decimal 322)
   defining Unicode char U+0152 (decimal 338)
   defining Unicode char U+0153 (decimal 339)
   defining Unicode char U+2013 (decimal 8211)
   defining Unicode char U+2014 (decimal 8212)
   defining Unicode char U+2018 (decimal 8216)
   defining Unicode char U+2019 (decimal 8217)
   defining Unicode char U+201C (decimal 8220)
   defining Unicode char U+201D (decimal 8221)
)
Now handling font encoding OMS ...
... processing UTF-8 mapping file for font encoding OMS

(/usr/share/texmf-texlive/tex/latex/base/omsenc.dfu
File: omsenc.dfu 2008/04/05 v1.1m UTF-8 support for inputenc
   defining Unicode char U+00A7 (decimal 167)
   defining Unicode char U+00B6 (decimal 182)
   defining Unicode char U+00B7 (decimal 183)
   defining Unicode char U+2020 (decimal 8224)
   defining Unicode char U+2021 (decimal 8225)
   defining Unicode char U+2022 (decimal 8226)
)
Now handling font encoding OMX ...
... no UTF-8 mapping file for font encoding OMX
Now handling font encoding U ...
... no UTF-8 mapping file for font encoding U
   defining Unicode char U+00A9 (decimal 169)
   defining Unicode char U+00AA (decimal 170)
   defining Unicode char U+00AE (decimal 174)
   defining Unicode char U+00BA (decimal 186)
   defining Unicode char U+02C6 (decimal 710)
   defining Unicode char U+02DC (decimal 732)
   defining Unicode char U+200C (decimal 8204)
   defining Unicode char U+2026 (decimal 8230)
   defining Unicode char U+2122 (decimal 8482)
   defining Unicode char U+2423 (decimal 9251)
))
(/usr/share/texmf-texlive/tex/latex/amsfonts/amssymb.sty
Package: amssymb 2009/06/22 v3.00

(/usr/share/texmf-texlive/tex/latex/amsfonts/amsfonts.sty
Package: amsfonts 2009/06/22 v3.00 Basic AMSFonts support
\@emptytoks=\toks16
\symAMSa=\mathgroup4
\symAMSb=\mathgroup5
LaTeX Font Info:    Overwriting math alphabet `\mathfrak' in version `bold'
(Font)                  U/euf/m/n --> U/euf/b/n on input line 96.
))
(/usr/share/texmf-texlive/tex/latex/amsmath/amsmath.sty
Package: amsmath 2000/07/18 v2.13 AMS math features
\@mathmargin=\skip43

For additional information on amsmath, use the `?' option.
(/usr/share/texmf-texlive/tex/latex/amsmath/amstext.sty
Package: amstext 2000/06/29 v2.01

(/usr/share/texmf-texlive/tex/latex/amsmath/amsgen.sty
File: amsgen.sty 1999/11/30 v2.0
\@emptytoks=\toks17
\ex@=\dimen104
))
(/usr/share/texmf-texlive/tex/latex/amsmath/amsbsy.sty
Package: amsbsy 1999/11/29 v1.2d
\pmbraise@=\dimen105
)
(/usr/share/texmf-texlive/tex/latex/amsmath/amsopn.sty
Package: amsopn 1999/12/14 v2.01 operator names
)
\inf@bad=\count87
LaTeX Info: Redefining \frac on input line 211.
\uproot@=\count88
\leftroot@=\count89
LaTeX Info: Redefining \overline on input line 307.
\classnum@=\count90
\DOTSCASE@=\count91
LaTeX Info: Redefining \ldots on input line 379.
LaTeX Info: Redefining \dots on input line 382.
LaTeX Info: Redefining \cdots on input line 467.
\Mathstrutbox@=\box26
\strutbox@=\box27
\big@size=\dimen106
LaTeX Font Info:    Redeclaring font encoding OML on input line 567.
LaTeX Font Info:    Redeclaring font encoding OMS on input line 568.
\macc@depth=\count92
\c@MaxMatrixCols=\count93
\dotsspace@=\muskip10
\c@parentequation=\count94
\dspbrk@lvl=\count95
\tag@help=\toks18
\row@=\count96
\column@=\count97
\maxfields@=\count98
\andhelp@=\toks19
\eqnshift@=\dimen107
\alignsep@=\dimen108
\tagshift@=\dimen109
\tagwidth@=\dimen110
\totwidth@=\dimen111
\lineht@=\dimen112
\@envbody=\toks20
\multlinegap=\skip44
\multlinetaggap=\skip45
\mathdisplay@stack=\toks21
LaTeX Info: Redefining \[ on input line 2666.
LaTeX Info: Redefining \] on input line 2667.
)
(/usr/share/texmf-texlive/tex/latex/tools/xspace.sty
Package: xspace 2006/05/08 v1.12 Space after command names (DPC,MH)
)
(/usr/share/texmf-texlive/tex/latex/mfnfss/oldgerm.sty
Package: oldgerm 1998/06/07 v2.1j LaTeX2e package for Old German fonts
)
(/usr/share/texmf-texlive/tex/latex/graphics/epsfig.sty
Package: epsfig 1999/02/16 v1.7a (e)psfig emulation (SPQR)

(/usr/share/texmf-texlive/tex/latex/graphics/graphicx.sty
Package: graphicx 1999/02/16 v1.0f Enhanced LaTeX Graphics (DPC,SPQR)

(/usr/share/texmf-texlive/tex/latex/graphics/keyval.sty
Package: keyval 1999/03/16 v1.13 key=value parser (DPC)
\KV@toks@=\toks22
)
(/usr/share/texmf-texlive/tex/latex/graphics/graphics.sty
Package: graphics 2009/02/05 v1.0o Standard LaTeX Graphics (DPC,SPQR)

(/usr/share/texmf-texlive/tex/latex/graphics/trig.sty
Package: trig 1999/03/16 v1.09 sin cos tan (DPC)
)
(/etc/texmf/tex/latex/config/graphics.cfg
File: graphics.cfg 2009/08/28 v1.8 graphics configuration of TeX Live
)
Package graphics Info: Driver file: pdftex.def on input line 91.

(/usr/share/texmf-texlive/tex/latex/pdftex-def/pdftex.def
File: pdftex.def 2010/03/12 v0.04p Graphics/color for pdfTeX
\Gread@gobject=\count99
))
\Gin@req@height=\dimen113
\Gin@req@width=\dimen114
)
\epsfxsize=\dimen115
\epsfysize=\dimen116
)
(/usr/share/texmf-texlive/tex/latex/bbm-macros/bbm.sty
Package: bbm 1999/03/15 V 1.2 provides fonts for set symbols - TH
LaTeX Font Info:    Overwriting math alphabet `\mathbbm' in version `bold'
(Font)                  U/bbm/m/n --> U/bbm/bx/n on input line 33.
LaTeX Font Info:    Overwriting math alphabet `\mathbbmss' in version `bold'
(Font)                  U/bbmss/m/n --> U/bbmss/bx/n on input line 35.
)
(/usr/share/texmf-texlive/tex/latex/base/makeidx.sty
Package: makeidx 2000/03/29 v1.0m Standard LaTeX package
)
(/usr/share/texmf-texlive/tex/latex/tools/theorem.sty
Package: theorem 1995/11/23 v2.2c Theorem extension package (FMi)
\theorem@style=\toks23
\theorem@bodyfont=\toks24
\theorempreskipamount=\skip46
\theorempostskipamount=\skip47

(/usr/share/texmf-texlive/tex/latex/tools/thp.sty
File: thp.sty 1995/11/23 v2.2c Theorem extension package (FMi)
))
(/usr/share/texmf-texlive/tex/latex/jknapltx/mathrsfs.sty
Package: mathrsfs 1996/01/01 Math RSFS package v1.0 (jk)
\symrsfs=\mathgroup6
)
(/usr/share/texmf-texlive/tex/latex/fancyhdr/fancyhdr.sty
\fancy@headwidth=\skip48
\f@ncyO@elh=\skip49
\f@ncyO@erh=\skip50
\f@ncyO@olh=\skip51
\f@ncyO@orh=\skip52
\f@ncyO@elf=\skip53
\f@ncyO@erf=\skip54
\f@ncyO@olf=\skip55
\f@ncyO@orf=\skip56
)
(/usr/share/texmf-texlive/tex/generic/xypic/xypic.sty
(/usr/share/texmf-texlive/tex/generic/xypic/xy.sty
(/usr/share/texmf-texlive/tex/generic/xypic/xy.tex Bootstrap'ing: catcodes,
docmode, (/usr/share/texmf-texlive/tex/generic/xypic/xyrecat.tex)
(/usr/share/texmf-texlive/tex/generic/xypic/xyidioms.tex)

 Xy-pic version 3.7 <1999/02/16>
 Copyright (c) 1991-1998 by Kristoffer H. Rose <krisrose@ens-lyon.fr>
 Xy-pic is free software: see the User's Guide for details.

Loading kernel: messages; fonts; allocations: state,
\X@c=\dimen117
\Y@c=\dimen118
\U@c=\dimen119
\D@c=\dimen120
\L@c=\dimen121
\R@c=\dimen122
\Edge@c=\toks25
\X@p=\dimen123
\Y@p=\dimen124
\U@p=\dimen125
\D@p=\dimen126
\L@p=\dimen127
\R@p=\dimen128
\Edge@p=\toks26
\X@origin=\dimen129
\Y@origin=\dimen130
\X@xbase=\dimen131
\Y@xbase=\dimen132
\X@ybase=\dimen133
\Y@ybase=\dimen134
\X@min=\dimen135
\Y@min=\dimen136
\X@max=\dimen137
\Y@max=\dimen138
\lastobjectbox@=\box28
\zerodotbox@=\box29
\almostz@=\dimen139
 direction,
\d@X=\dimen140
\d@Y=\dimen141
\K@=\count100
\KK@=\count101
\Direction=\count102
\K@dXdY=\dimen142
\K@dYdX=\dimen143
\xyread@=\read1
\xywrite@=\write3
\csp@=\count103
\quotPTK@=\dimen144

utility macros; pictures: \xy, positions,
\swaptoks@@=\toks27
\connectobjectbox@@=\box30
 objects,
\styletoks@=\toks28
 decorations;
kernel objects: directionals, circles, text; options; algorithms: directions,
edges, connections;  Xy-pic loaded)

LaTeX Warning: You have requested package `xypic',
               but the package provides `xy'.

Package: xy 1999/02/16 Xy-pic version 3.7
) (/usr/share/texmf-texlive/tex/generic/xypic/xyv2.tex
 Xy-pic option: Version 2 Compatibility v.3.4

Xy-pic Warning: `\stop' redefined.

(/usr/share/texmf-texlive/tex/generic/xypic/xyframe.tex
 Xy-pic option: Frame and Bracket extension v.3.7 loaded)
(/usr/share/texmf-texlive/tex/generic/xypic/xymatrix.tex
 Xy-pic option: Matrix feature v.3.4
\Row=\count104
\Col=\count105
\queue@=\toks29
\queue@@=\toks30
\qcount@=\count106
\qcount@@=\count107
\matrixsize@=\count108
 loaded)
(/usr/share/texmf-texlive/tex/generic/xypic/xyarrow.tex
 Xy-pic option: Arrow and Path feature v.3.5 path, \ar, loaded) loaded))
(/usr/share/texmf-texlive/tex/latex/psfrag/psfrag.sty
Package: psfrag 1998/04/11 v3.04 PSfrag (MCG)
\pfg@pcount=\count109
\pfg@scount=\count110
\pfg@temp=\write4
)
(/usr/share/texmf-texlive/tex/latex/graphics/color.sty
Package: color 2005/11/14 v1.0j Standard LaTeX Color (DPC)

(/etc/texmf/tex/latex/config/color.cfg
File: color.cfg 2007/01/18 v1.5 color configuration of teTeX/TeXLive
)
Package color Info: Driver file: pdftex.def on input line 130.
)
(/usr/share/texmf-texlive/tex/latex/amsfonts/eucal.sty
Package: eucal 2009/06/22 v3.00 Euler Script fonts
LaTeX Font Info:    Overwriting math alphabet `\EuScript' in version `bold'
(Font)                  U/eus/m/n --> U/eus/b/n on input line 33.
)
(/usr/share/texmf-texlive/tex/latex/ltxmisc/cancel.sty
Package: cancel 2000/03/12 v2.1 Cancel math terms
)
\c@DEF=\count111
)
\@indexfile=\write5
\openout5 = `grugra.idx'.


Writing index file grugra.idx
(./grugra.aux

LaTeX Warning: Label `sec_FG' multiply defined.

)
\openout1 = `grugra.aux'.

LaTeX Font Info:    Checking defaults for OML/cmm/m/it on input line 19.
LaTeX Font Info:    ... okay on input line 19.
LaTeX Font Info:    Checking defaults for T1/cmr/m/n on input line 19.
LaTeX Font Info:    ... okay on input line 19.
LaTeX Font Info:    Checking defaults for OT1/cmr/m/n on input line 19.
LaTeX Font Info:    ... okay on input line 19.
LaTeX Font Info:    Checking defaults for OMS/cmsy/m/n on input line 19.
LaTeX Font Info:    ... okay on input line 19.
LaTeX Font Info:    Checking defaults for OMX/cmex/m/n on input line 19.
LaTeX Font Info:    ... okay on input line 19.
LaTeX Font Info:    Checking defaults for U/cmr/m/n on input line 19.
LaTeX Font Info:    ... okay on input line 19.
 (/usr/share/texmf-texlive/tex/context/base/supp-pdf.mkii
[Loading MPS to PDF converter (version 2006.09.02).]
\scratchcounter=\count112
\scratchdimen=\dimen145
\scratchbox=\box31
\nofMPsegments=\count113
\nofMParguments=\count114
\everyMPshowfont=\toks31
\MPscratchCnt=\count115
\MPscratchDim=\dimen146
\MPnumerator=\count116
\everyMPtoPDFconversion=\toks32
) <grugraImages/titel.pdf, id=1, 300.12125pt x 185.69376pt>
File: grugraImages/titel.pdf Graphic file (type pdf)

<use grugraImages/titel.pdf> [1
Non-PDF special ignored!

{/var/lib/texmf/fonts/map/pdftex/updmap/pdftex.map} <data/grugraImages/titel.pd
f>] [2] (./grugra.toc
LaTeX Font Info:    Try loading font information for U+msa on input line 17.

(/usr/share/texmf-texlive/tex/latex/amsfonts/umsa.fd
File: umsa.fd 2009/06/22 v3.00 AMS symbols A
)
LaTeX Font Info:    Try loading font information for U+msb on input line 17.

(/usr/share/texmf-texlive/tex/latex/amsfonts/umsb.fd
File: umsb.fd 2009/06/22 v3.00 AMS symbols B
)
LaTeX Font Info:    Try loading font information for U+rsfs on input line 17.

(/usr/share/texmf-texlive/tex/latex/jknapltx/ursfs.fd
File: ursfs.fd 1998/03/24 rsfs font definition file (jk)
)
LaTeX Font Info:    Try loading font information for U+bbm on input line 17.

(/usr/share/texmf-texlive/tex/latex/bbm-macros/ubbm.fd
File: ubbm.fd 1999/03/15 V 1.2 Font definition for bbm font - TH
)

Package Fancyhdr Warning: \headheight is too small (12.0pt): 
 Make it at least 14.49998pt.
 We now make it that large for the rest of the document.
 This may cause the page layout to be inconsistent, however.

[3

])
\tf@toc=\write6
\openout6 = `grugra.toc'.

 [4]
Overfull \hbox (2.19177pt too wide) in paragraph at lines 82--84
[]\OT1/cmr/m/n/12 Mengenoperationen auf Gra-phen sind im-mer auf den ent-spre-c
hen-den Men-
 []

<grugraImages/bspgraphen.pdf, id=170, 351.3125pt x 155.58125pt>
File: grugraImages/bspgraphen.pdf Graphic file (type pdf)

<use grugraImages/bspgraphen.pdf> [1


 <data/grugraImages/bspgraphen.pdf>]
Overfull \hbox (11.6812pt too wide) in paragraph at lines 96--97
[]\OT1/cmr/m/n/12 Es sei-en $^^@ = (\OML/cmm/m/it/12 E; K; I\OT1/cmr/m/n/12 )$ 
und $^^@[] = (\OML/cmm/m/it/12 E[]; K[]; I[]\OT1/cmr/m/n/12 )$
 []

<grugraImages/Pn.pdf, id=209, 237.88875pt x 41.15375pt>
File: grugraImages/Pn.pdf Graphic file (type pdf)

<use grugraImages/Pn.pdf> [2]
<grugraImages/kreis.pdf, id=214, 195.73125pt x 64.24pt>
File: grugraImages/kreis.pdf Graphic file (type pdf)

<use grugraImages/kreis.pdf>
<grugraImages/doppelkante.pdf, id=215, 114.4275pt x 73.27374pt>
File: grugraImages/doppelkante.pdf Graphic file (type pdf)

<use grugraImages/doppelkante.pdf> [3 <data/grugraImages/Pn.pdf> <data/grugraIm
ages/kreis.pdf>] <grugraImages/bspbaum.pdf, id=304, 382.42876pt x 99.37125pt>
File: grugraImages/bspbaum.pdf Graphic file (type pdf)

<use grugraImages/bspbaum.pdf>
Overfull \hbox (8.38446pt too wide) in paragraph at lines 226--230
[][]$\OMS/cmsy/m/n/12 ($\OT1/cmr/m/n/12 \: Da es zwi-schen je zwei Ecken einen 
Weg gibt, ist $^^@$ zu-sam-menh[]angend.
 []

[4 <data/grugraImages/doppelkante.pdf> <data/grugraImages/bspbaum.pdf>]
Overfull \hbox (5.20087pt too wide) in paragraph at lines 252--254
[]$\OT1/cmr/m/n/12 ^^@$ ist ge-nau dann zu-sam-menh[]angend, wenn $^^@ \OMS/cms
y/m/n/12 ^^@ \OML/cmm/m/it/12 x$ \OT1/cmr/m/n/12 zu-sam-menh[]angend
 []

LaTeX Font Info:    Try loading font information for OMS+cmr on input line 276.

(/usr/share/texmf-texlive/tex/latex/base/omscmr.fd
File: omscmr.fd 1999/05/25 v2.5h Standard LaTeX font definitions
)
LaTeX Font Info:    Font shape `OMS/cmr/m/n' in size <12> not available
(Font)              Font shape `OMS/cmsy/m/n' tried instead on input line 276.
 [5]
<grugraImages/unendldiam.pdf, id=352, 286.06876pt x 31.11626pt>
File: grugraImages/unendldiam.pdf Graphic file (type pdf)

<use grugraImages/unendldiam.pdf>
Overfull \hbox (24.64246pt too wide) in paragraph at lines 314--316
[]\OT1/cmr/m/n/12 Jeder end-li-che Baum ent-steht aus $\OMS/cmsy/m/n/12 ^^O$ \O
T1/cmr/m/n/12 durch wie-der-hol-tes Anh[]angen
 []

LaTeX Font Info:    Try loading font information for U+eus on input line 332.
(/usr/share/texmf-texlive/tex/latex/amsfonts/ueus.fd
File: ueus.fd 2009/06/22 v3.00 Euler Script
) [6 <data/grugraImages/unendldiam.pdf>]
Overfull \hbox (27.86845pt too wide) in paragraph at lines 370--373
[]\OT1/cmr/m/n/12 Sei $^^@$ ein Graph und $\OML/cmm/m/it/12 Z$ \OT1/cmr/m/n/12 
ein zu-sam-menh[]angen-
 []

<grugraImages/GZ1.pdf, id=373, 324.21124pt x 113.42375pt>
File: grugraImages/GZ1.pdf Graphic file (type pdf)

<use grugraImages/GZ1.pdf> [7]
<grugraImages/GZ2.pdf, id=380, 122.4575pt x 66.2475pt>
File: grugraImages/GZ2.pdf Graphic file (type pdf)

<use grugraImages/GZ2.pdf> [8 <data/grugraImages/GZ1.pdf> <data/grugraImages/GZ
2.pdf>] <grugraImages/aut1.pdf, id=477, 115.43124pt x 40.15pt>
File: grugraImages/aut1.pdf Graphic file (type pdf)

<use grugraImages/aut1.pdf>
<grugraImages/aut2.pdf, id=478, 130.4875pt x 72.27pt>
File: grugraImages/aut2.pdf Graphic file (type pdf)

<use grugraImages/aut2.pdf>
Overfull \hbox (7.06685pt too wide) in paragraph at lines 464--466
\OT1/cmr/m/n/12 besteht $[](^^@)$ aus al-len Per-mu-ta-tio-nen der drei Ecken, 
al-so ist $[](^^@) []
 []

<grugraImages/aut3.pdf, id=479, 130.4875pt x 72.27pt>
File: grugraImages/aut3.pdf Graphic file (type pdf)

<use grugraImages/aut3.pdf> [9

 <data/grugraImages/aut1.pdf> <data/grugraImages/aut2.pdf> <data/grugraImages/a
ut3.pdf>]
<grugraImages/aut4.pdf, id=627, 122.4575pt x 108.405pt>
File: grugraImages/aut4.pdf Graphic file (type pdf)

<use grugraImages/aut4.pdf>
<grugraImages/cay1.pdf, id=628, 237.88875pt x 40.15pt>
File: grugraImages/cay1.pdf Graphic file (type pdf)

<use grugraImages/cay1.pdf>
<grugraImages/cay3.pdf, id=629, 237.88875pt x 51.19125pt>
File: grugraImages/cay3.pdf Graphic file (type pdf)

<use grugraImages/cay3.pdf> [10 <data/grugraImages/aut4.pdf> <data/grugraImages
/cay1.pdf>] <grugraImages/cay2.pdf, id=748, 237.88875pt x 61.22874pt>
File: grugraImages/cay2.pdf Graphic file (type pdf)

<use grugraImages/cay2.pdf>
<grugraImages/cay4.pdf, id=749, 128.48pt x 91.34125pt>
File: grugraImages/cay4.pdf Graphic file (type pdf)

<use grugraImages/cay4.pdf>
Overfull \hbox (11.46625pt too wide) in paragraph at lines 522--524
[]$\OML/cmm/m/it/12 G \OT1/cmr/m/n/12 = S[]$ und $\OML/cmm/m/it/12 S \OT1/cmr/m
/n/12 = \OMS/cmsy/m/n/12 f\OML/cmm/m/it/12 ^^\ \OT1/cmr/m/n/12 = (1 2 3)\OML/cm
m/m/it/12 ; ^^[ \OT1/cmr/m/n/12 = (1 2)\OMS/cmsy/m/n/12 g$\OT1/cmr/m/n/12 . Es 
ist $S[] = \OMS/cmsy/m/n/12 f[]\OML/cmm/m/it/12 ; ^^\; ^^\[]; ^^[; ^^[^^\; ^^[^
^\[]\OMS/cmsy/m/n/12 g$\OT1/cmr/m/n/12 . 
 []

<grugraImages/cay5.pdf, id=750, 193.72375pt x 168.63pt>
File: grugraImages/cay5.pdf Graphic file (type pdf)

<use grugraImages/cay5.pdf> [11 <data/grugraImages/cay3.pdf> <data/grugraImages
/cay2.pdf> <data/grugraImages/cay4.pdf> <data/grugraImages/cay5.pdf>]
<grugraImages/S3aktion.pdf, id=1062, 193.72375pt x 168.63pt>
File: grugraImages/S3aktion.pdf Graphic file (type pdf)

<use grugraImages/S3aktion.pdf> [12]
Overfull \hbox (0.48514pt too wide) in paragraph at lines 597--599
[]\OT1/cmr/m/n/12 Die Zu-sam-men-hangs-kom-po-nen-ten von $^^@(\OML/cmm/m/it/12
 G; S\OT1/cmr/m/n/12 )$ ent-spre-chen bi-jek-tiv den
 []


Overfull \hbox (10.3703pt too wide) in paragraph at lines 606--614
\OT1/cmr/m/n/12 Die Zu-sam-men-hangs-kom-po-nen-te $^^@[]$ von $^^@(\OML/cmm/m/
it/12 G; S\OT1/cmr/m/n/12 )$ ist iso-morph zu $^^@(\OML/cmm/m/it/12 G[]; S\OT1/
cmr/m/n/12 )$
 []

[13 <data/grugraImages/S3aktion.pdf>]
Overfull \hbox (24.83403pt too wide) in paragraph at lines 646--649
[]\OT1/cmr/m/n/12 Es gibt einen ein-deu-tig be-stimm-ten Grup-pen-ho-mo-mor-phi
s-mus $\OML/cmm/m/it/12 % \OT1/cmr/m/n/12 : [](^^@) \OMS/cmsy/m/n/12 !
 []

<xymatrix 2x2 182> [14]
Overfull \hbox (30.43037pt too wide) in paragraph at lines 695--699
[]\OT1/cmr/m/n/12 Betrachte die Klein-sche Vie-rer-grup-pe[] $\OML/cmm/m/it/12 
G \OT1/cmr/m/n/12 = V[](= D[]) = \OMS/cmsy/m/n/12 f\OT1/cmr/m/n/12 1\OML/cmm/m/
it/12 ; ^^[; ^^\; ^^[^^\\OMS/cmsy/m/n/12 g$
 []

<grugraImages/klein41.pdf, id=1233, 172.645pt x 94.3525pt>
File: grugraImages/klein41.pdf Graphic file (type pdf)

<use grugraImages/klein41.pdf>
<grugraImages/klein42.pdf, id=1234, 116.435pt x 95.35625pt>
File: grugraImages/klein42.pdf Graphic file (type pdf)

<use grugraImages/klein42.pdf>
<grugraImages/klein43.pdf, id=1235, 116.435pt x 103.38625pt>
File: grugraImages/klein43.pdf Graphic file (type pdf)

<use grugraImages/klein43.pdf> [15 <data/grugraImages/klein41.pdf> <data/grugra
Images/klein42.pdf>] <grugraImages/Ti.pdf, id=1389, 271.0125pt x 139.52126pt>
File: grugraImages/Ti.pdf Graphic file (type pdf)

<use grugraImages/Ti.pdf>
<grugraImages/ggsi.pdf, id=1390, 211.79124pt x 44.165pt>
File: grugraImages/ggsi.pdf Graphic file (type pdf)

<use grugraImages/ggsi.pdf> [16 <data/grugraImages/klein43.pdf> <data/grugraIma
ges/Ti.pdf> <data/grugraImages/ggsi.pdf>] <xymatrix 2x2 141>
<grugraImages/quot1.pdf, id=1638, 98.3675pt x 53.19875pt>
File: grugraImages/quot1.pdf Graphic file (type pdf)

<use grugraImages/quot1.pdf> [17]
<grugraImages/quot2.pdf, id=1643, 116.435pt x 53.19875pt>
File: grugraImages/quot2.pdf Graphic file (type pdf)

<use grugraImages/quot2.pdf>
<grugraImages/quot3.pdf, id=1644, 120.45pt x 56.21pt>
File: grugraImages/quot3.pdf Graphic file (type pdf)

<use grugraImages/quot3.pdf>
<grugraImages/quot3a.pdf, id=1645, 149.55875pt x 35.13126pt>
File: grugraImages/quot3a.pdf Graphic file (type pdf)

<use grugraImages/quot3a.pdf>
<grugraImages/quot3b.pdf, id=1646, 114.4275pt x 45.16875pt>
File: grugraImages/quot3b.pdf Graphic file (type pdf)

<use grugraImages/quot3b.pdf> [18 <data/grugraImages/quot1.pdf> <data/grugraIma
ges/quot2.pdf> <data/grugraImages/quot3.pdf> <data/grugraImages/quot3a.pdf> <da
ta/grugraImages/quot3b.pdf>]
<grugraImages/lift.pdf, id=1813, 274.02374pt x 90.3375pt>
File: grugraImages/lift.pdf Graphic file (type pdf)

<use grugraImages/lift.pdf>
<grugraImages/subdiv.pdf, id=1814, 284.06125pt x 84.315pt>
File: grugraImages/subdiv.pdf Graphic file (type pdf)

<use grugraImages/subdiv.pdf> [19 <data/grugraImages/lift.pdf>] [20 <data/grugr
aImages/subdiv.pdf>] <grugraImages/Fxy.pdf, id=2004, 295.1025pt x 174.6525pt>
File: grugraImages/Fxy.pdf Graphic file (type pdf)

<use grugraImages/Fxy.pdf> [21 <data/grugraImages/Fxy.pdf>]
Overfull \hbox (9.3188pt too wide) in paragraph at lines 990--1002
\OT1/cmr/m/n/12 sei $[] := \OML/cmm/m/it/12 K\OT1/cmr/m/n/12 ([][])$, set-ze $\
OML/cmm/m/it/12 S[] \OT1/cmr/m/n/12 := \OMS/cmsy/m/n/12 f\OML/cmm/m/it/12 s \OM
S/cmsy/m/n/12 2 \OML/cmm/m/it/12 G \OT1/cmr/m/n/12 : \OML/cmm/m/it/12 s \OT1/cm
r/m/n/12 = \OT1/cmss/m/n/12 t\OT1/cmr/m/n/12 (\OML/cmm/m/it/12 k\OT1/cmr/m/n/12
 )[]\OMS/cmsy/m/n/12 g$\OT1/cmr/m/n/12 .
 []

[22] <grugraImages/w1w2.pdf, id=2278, 333.245pt x 109.40875pt>
File: grugraImages/w1w2.pdf Graphic file (type pdf)

<use grugraImages/w1w2.pdf> [23

 <data/grugraImages/w1w2.pdf>]
<grugraImages/pi1Z.pdf, id=2350, 157.58875pt x 55.20625pt>
File: grugraImages/pi1Z.pdf Graphic file (type pdf)

<use grugraImages/pi1Z.pdf>
<grugraImages/pi1F2.pdf, id=2351, 196.735pt x 55.20625pt>
File: grugraImages/pi1F2.pdf Graphic file (type pdf)

<use grugraImages/pi1F2.pdf> [24 <data/grugraImages/pi1Z.pdf> <data/grugraImage
s/pi1F2.pdf>] <grugraImages/phiZ.pdf, id=2447, 435.6275pt x 128.48pt>
File: grugraImages/phiZ.pdf Graphic file (type pdf)

<use grugraImages/phiZ.pdf>
Overfull \hbox (45.62643pt too wide) in paragraph at lines 1156--1157
 [] 
 []

[25 <data/grugraImages/phiZ.pdf>] [26]
<grugraImages/univ.pdf, id=2604, 402.50375pt x 111.41624pt>
File: grugraImages/univ.pdf Graphic file (type pdf)

<use grugraImages/univ.pdf>
Overfull \hbox (12.50276pt too wide) in paragraph at lines 1233--1234
 [] 
 []

[27 <data/grugraImages/univ.pdf>] <xymatrix 3x2 231> <xymatrix 2x2 141>
<xymatrix 2x2 141> <xymatrix 2x2 141> [28] [29]
<grugraImages/PSL.pdf, id=2674, 297.11pt x 108.405pt>
File: grugraImages/PSL.pdf Graphic file (type pdf)

<use grugraImages/PSL.pdf> [30 <data/grugraImages/PSL.pdf>] <xymatrix 2x2 130>
[31] <xymatrix 3x3 366> <xymatrix 3x2 190> <xymatrix 3x3 325> [32] <xymatrix
3x2 231> <xymatrix 2x2 137>
Overfull \hbox (7.53015pt too wide) in paragraph at lines 1582--1586
[]\OT1/cmr/m/n/12 Dieses Bei-spiel zeigt, dass das amal-ga-mier-te Pro-dukt von
 den $\OML/cmm/m/it/12 []$ \OT1/cmr/m/n/12 abh[]angt.
 []

<xymatrix 3x3 202> [33] <xymatrix 3x3 202> <xymatrix 3x3 325> [34] [35]
[36] [37] [38]
Overfull \hbox (38.5333pt too wide) in paragraph at lines 1875--1879
\OT1/cmr/m/n/12 hei^^Yt \OT1/cmr/bx/n/12 Graph von Grup-pen[][]\OT1/cmr/m/n/12 
. Wir ver-wen-den auch die Kurz-form $\U/rsfs/m/n/12 G \OT1/cmr/m/n/12 = ([]\OM
L/cmm/m/it/12 ; G[]; G[]; []\OT1/cmr/m/n/12 )$. 
 []

File: grugraImages/cay1.pdf Graphic file (type pdf)
<use grugraImages/cay1.pdf>
<grugraImages/cay1sub.pdf, id=2877, 278.03876pt x 40.15pt>
File: grugraImages/cay1sub.pdf Graphic file (type pdf)

<use grugraImages/cay1sub.pdf>
<grugraImages/cay1subquot.pdf, id=2878, 159.59625pt x 49.18375pt>
File: grugraImages/cay1subquot.pdf Graphic file (type pdf)

<use grugraImages/cay1subquot.pdf>
<grugraImages/GvG1.pdf, id=2879, 146.5475pt x 53.19875pt>
File: grugraImages/GvG1.pdf Graphic file (type pdf)

<use grugraImages/GvG1.pdf> [39 <data/grugraImages/cay1sub.pdf> <data/grugraIma
ges/cay1subquot.pdf>]
<grugraImages/fundbereich.pdf, id=3030, 388.45125pt x 226.8475pt>
File: grugraImages/fundbereich.pdf Graphic file (type pdf)

<use grugraImages/fundbereich.pdf>
Overfull \hbox (27.82498pt too wide) in paragraph at lines 1933--1934
 [] 
 []


Underfull \vbox (badness 1253) has occurred while \output is active []

 [40 <data/grugraImages/GvG1.pdf>] <grugraImages/rho.pdf, id=3065, 190.7125pt x
 64.24pt>
File: grugraImages/rho.pdf Graphic file (type pdf)

<use grugraImages/rho.pdf>
<grugraImages/Hbaum.pdf, id=3066, 513.92pt x 235.88126pt>
File: grugraImages/Hbaum.pdf Graphic file (type pdf)

<use grugraImages/Hbaum.pdf>
Overfull \hbox (66.16603pt too wide) in paragraph at lines 1949--1950
 [] 
 []


Underfull \vbox (badness 1515) has occurred while \output is active []

 [41 <data/grugraImages/fundbereich.pdf> <data/grugraImages/rho.pdf>]
<grugraImages/rhoquot.pdf, id=3363, 144.54pt x 60.225pt>
File: grugraImages/rhoquot.pdf Graphic file (type pdf)

<use grugraImages/rhoquot.pdf> [42 <data/grugraImages/Hbaum.pdf> <data/grugraIm
ages/rhoquot.pdf>] <grugraImages/segment.pdf, id=3680, 123.46124pt x 52.195pt>
File: grugraImages/segment.pdf Graphic file (type pdf)

<use grugraImages/segment.pdf> [43 <data/grugraImages/segment.pdf>]
<grugraImages/pql.pdf, id=3716, 230.8625pt x 110.4125pt>
File: grugraImages/pql.pdf Graphic file (type pdf)

<use grugraImages/pql.pdf> [44 <data/grugraImages/pql.pdf>] [45]
<grugraImages/GT1.pdf, id=3872, 198.7425pt x 138.5175pt>
File: grugraImages/GT1.pdf Graphic file (type pdf)

<use grugraImages/GT1.pdf> [46 <data/grugraImages/GT1.pdf>] [47]
<grugraImages/winjektiv.pdf, id=3994, 390.45876pt x 82.3075pt>
File: grugraImages/winjektiv.pdf Graphic file (type pdf)

<use grugraImages/winjektiv.pdf>
Overfull \hbox (29.83249pt too wide) in paragraph at lines 2303--2304
 [] 
 []

[48]
Underfull \hbox (badness 10000) in paragraph at lines 2347--2351

 []

[49 <data/grugraImages/winjektiv.pdf>]
<grugraImages/L.pdf, id=4078, 116.435pt x 55.20625pt>
File: grugraImages/L.pdf Graphic file (type pdf)
 <use grugraImages/L.pdf>
<grugraImages/XiF2.pdf, id=4079, 262.9825pt x 117.43875pt>
File: grugraImages/XiF2.pdf Graphic file (type pdf)

<use grugraImages/XiF2.pdf> [50 <data/grugraImages/L.pdf> <data/grugraImages/Xi
F2.pdf>] <grugraImages/Glimes.pdf, id=4270, 266.9975pt x 65.24374pt>
File: grugraImages/Glimes.pdf Graphic file (type pdf)

<use grugraImages/Glimes.pdf> [51 <data/grugraImages/Glimes.pdf>]
Overfull \hbox (32.90768pt too wide) in paragraph at lines 2495--2495
[]\OT1/cmr/bx/n/17.28 Fundamentalgruppe ei-nes Gra-phen von Grup-
 []


Overfull \hbox (2.7845pt too wide) in paragraph at lines 2498--2503
[]\OT1/cmr/m/n/12 Es sei $\U/rsfs/m/n/12 G \OT1/cmr/m/n/12 = (^^@\OML/cmm/m/it/
12 ; G[]; G[]; []; []\OT1/cmr/m/n/12 )$ ein Graph
 []

[52]
Overfull \hbox (65.71567pt too wide) detected at line 2582
\OML/cmm/m/it/12 ^^Y[]\OT1/cmr/m/n/12 (\U/rsfs/m/n/12 G\OML/cmm/m/it/12 ; x[]\O
T1/cmr/m/n/12 ) := \OMS/cmsy/m/n/12 f\OML/cmm/m/it/12 g \OMS/cmsy/m/n/12 2 \OT1
/cmr/m/n/12 F(\U/rsfs/m/n/12 G\OT1/cmr/m/n/12 ) : []\OMS/cmsy/m/n/12 g\OML/cmm/
m/it/12 :
 []

[53]
Overfull \hbox (0.41028pt too wide) in paragraph at lines 2643--2650
\OT1/cmr/m/n/12 Es ist $\OML/cmm/m/it/12 p\OT1/cmr/m/n/12 (\OML/cmm/m/it/12 ^^M
[]\OT1/cmr/m/n/12 ) = 1$ f[]ur al-le $\OML/cmm/m/it/12 x \OMS/cmsy/m/n/12 2 \OM
L/cmm/m/it/12 E\OT1/cmr/m/n/12 (^^@)$ und $\OML/cmm/m/it/12 p \OMS/cmsy/m/n/12 
^^N \OML/cmm/m/it/12 f \OT1/cmr/m/n/12 = []$. Sei $\OML/cmm/m/it/12 g \OT1/cmr/
m/n/12 = \OML/cmm/m/it/12 h[]g[]h[]g[] [] g[]h[] \OMS/cmsy/m/n/12 2
 []

[54] <grugraImages/T01.pdf, id=4424, 384.43625pt x 159.59625pt>
File: grugraImages/T01.pdf Graphic file (type pdf)

<use grugraImages/T01.pdf>
<grugraImages/T02.pdf, id=4425, 384.43625pt x 155.58125pt>
File: grugraImages/T02.pdf Graphic file (type pdf)

<use grugraImages/T02.pdf> [55 <data/grugraImages/T01.pdf>] [56 <data/grugraIma
ges/T02.pdf>] <grugraImages/T0T1.pdf, id=4686, 230.8625pt x 197.73875pt>
File: grugraImages/T0T1.pdf Graphic file (type pdf)

<use grugraImages/T0T1.pdf> [57 <data/grugraImages/T0T1.pdf>]
Overfull \hbox (1.06264pt too wide) in paragraph at lines 2762--2764
[]\OT1/cmr/m/n/12 Der um-fang-rei-che Be-weis die-ser Pro-po-si-ti-on folgt am 
En-de des Ab-schnitts. 
 []

[58] [59]
Overfull \hbox (3.08289pt too wide) in paragraph at lines 2921--2932
[]\OT1/cmr/m/sc/12 Beweis: \OT1/cmr/m/n/12 Es sei $^^@$ ein Baum mit Ecken $\OM
L/cmm/m/it/12 x[]$\OT1/cmr/m/n/12 , $\OML/cmm/m/it/12 i \OMS/cmsy/m/n/12 2 \OML
/cmm/m/it/12 I$\OT1/cmr/m/n/12 , und $\U/rsfs/m/n/12 G \OT1/cmr/m/n/12 = (^^@\O
ML/cmm/m/it/12 ; G[]; \OMS/cmsy/m/n/12 f\OT1/cmr/m/n/12 1\OMS/cmsy/m/n/12 g\OML
/cmm/m/it/12 ; []; []\OT1/cmr/m/n/12 )$
 []

[60] [61] [62

] [63]
LaTeX Font Info:    Try loading font information for U+euf on input line 3026.
 (/usr/share/texmf-texlive/tex/latex/amsfonts/ueuf.fd
File: ueuf.fd 2009/06/22 v3.00 Euler Fraktur
)
[64]
Overfull \hbox (7.0742pt too wide) in paragraph at lines 3066--3068
[]\OT1/cmr/m/n/12 Die In-klu-si-on $\U/bbm/m/n/12 Z \OML/cmm/m/it/12 ,[]\OMS/cm
sy/m/n/12 ! \U/bbm/m/n/12 Z[]$ \OT1/cmr/m/n/12 in-du-ziert ei-ne In-klu-si-on $
\U/bbm/m/n/12 Q \OML/cmm/m/it/12 ,[]\OMS/cmsy/m/n/12 ! \U/bbm/m/n/12 Q[]$ \OT1/
cmr/m/n/12 (d.h. $[](\U/bbm/m/n/12 Q[]\OT1/cmr/m/n/12 ) =
 []

[65]
Overfull \hbox (0.13449pt too wide) in paragraph at lines 3116--3118
[]\OT1/cmr/m/n/12 Jedes Drei-eck in $\U/bbm/m/n/12 Q[]$ \OT1/cmr/m/n/12 ist gle
ich-schenk-lig, und die drit-te Sei-te ist h[]ochstens
 []


Overfull \hbox (25.57738pt too wide) in paragraph at lines 3127--3127
[] 
 []

[66] [67] <grugraImages/kreisQp.pdf, id=4856, 172.645pt x 115.43124pt>
File: grugraImages/kreisQp.pdf Graphic file (type pdf)

<use grugraImages/kreisQp.pdf> [68 <data/grugraImages/kreisQp.pdf>]
<grugraImages/R1R2.pdf, id=4958, 447.6725pt x 78.2925pt>
File: grugraImages/R1R2.pdf Graphic file (type pdf)

<use grugraImages/R1R2.pdf>
Overfull \hbox (87.0461pt too wide) in paragraph at lines 3285--3286
 [] 
 []

[69 <data/grugraImages/R1R2.pdf>]
<grugraImages/strahlen.pdf, id=5013, 298.11375pt x 96.36pt>
File: grugraImages/strahlen.pdf Graphic file (type pdf)

<use grugraImages/strahlen.pdf> [70 <data/grugraImages/strahlen.pdf>]
<grugraImages/enden1.pdf, id=5128, 86.3225pt x 90.3375pt>
File: grugraImages/enden1.pdf Graphic file (type pdf)

<use grugraImages/enden1.pdf> [71 <data/grugraImages/enden1.pdf>]
<grugraImages/enden2.pdf, id=5167, 143.53625pt x 126.4725pt>
File: grugraImages/enden2.pdf Graphic file (type pdf)

<use grugraImages/enden2.pdf> [72 <data/grugraImages/enden2.pdf>]
Overfull \hbox (86.83504pt too wide) detected at line 3505
\OML/cmm/m/it/12 g \OT1/cmr/m/n/12 = [] = [] \OML/cmm/m/it/12 :
 []

[73] <grugraImages/abc.pdf, id=5280, 146.5475pt x 132.495pt>
File: grugraImages/abc.pdf Graphic file (type pdf)

<use grugraImages/abc.pdf> [74 <data/grugraImages/abc.pdf>]
<grugraImages/pglAktion.pdf, id=5417, 218.8175pt x 329.23pt>
File: grugraImages/pglAktion.pdf Graphic file (type pdf)

<use grugraImages/pglAktion.pdf>
Underfull \vbox (badness 10000) has occurred while \output is active []

 [75]
Overfull \hbox (2.76399pt too wide) in paragraph at lines 3597--3600
\OT1/cmr/m/n/12 dass be-nach-bar-te Ecken auf be-nach-bar-te Ecken ab-ge-bil-de
t wer-den. Auch
 []

<grugraImages/vertauscht.pdf, id=5422, 229.85875pt x 88.33pt>
File: grugraImages/vertauscht.pdf Graphic file (type pdf)

<use grugraImages/vertauscht.pdf> [76 <data/grugraImages/pglAktion.pdf> <data/g
rugraImages/vertauscht.pdf>]
Overfull \hbox (2.69865pt too wide) in paragraph at lines 3623--3625
[]\OT1/cmr/m/sc/12 Beweis: $[][]\OT1/cmr/m/n/12 (\U/bbm/m/n/12 Q[]\OT1/cmr/m/n/
12 )$ ope-riert tran-si-tiv auf den Tri-peln ver-schie-de-ner Punk-
 []

<grugraImages/pglQuotient.pdf, id=5738, 205.76875pt x 36.135pt>
File: grugraImages/pglQuotient.pdf Graphic file (type pdf)

<use grugraImages/pglQuotient.pdf> [77 <data/grugraImages/pglQuotient.pdf>]
Overfull \hbox (39.94598pt too wide) in paragraph at lines 3736--3749
\OT1/cmr/bx/n/12 M\OT1/cmr/m/n/12 ([]\OML/cmm/m/it/12 ; []; []\OT1/cmr/m/n/12 )
 = \OT1/cmr/bx/n/12 K[]\OT1/cmr/m/n/12 (0)$. Oh-ne Ein-schr[]ankung d[]urfen wi
r $\OT1/cmr/bx/n/12 M\OT1/cmr/m/n/12 ([]\OML/cmm/m/it/12 ; []; []\OT1/cmr/m/n/1
2 ) = \OT1/cmr/bx/n/12 K[]\OT1/cmr/m/n/12 ([]) =
 []

[78] [79]
Overfull \hbox (15.99826pt too wide) in paragraph at lines 3890--3908
[]\OT1/cmr/m/sc/12 Beweis: \OT1/cmr/m/n/12 Es ist $[]$ in der Fix-grup-pe von $
\U/msa/m/n/12 ^^G$\OT1/cmr/m/n/12 , al-so $[][][](\U/bbm/m/n/12 Z[]\OT1/cmr/m/n
/12 )\OML/cmm/m/it/12 ; [][] \OMS/cmsy/m/n/12 ^^T
 []

<grugraImages/Kkante.pdf, id=5790, 145.54375pt x 45.16875pt>
File: grugraImages/Kkante.pdf Graphic file (type pdf)

<use grugraImages/Kkante.pdf> [80 <data/grugraImages/Kkante.pdf>]
<grugraImages/Ki.pdf, id=5843, 173.64874pt x 108.405pt>
File: grugraImages/Ki.pdf Graphic file (type pdf)

<use grugraImages/Ki.pdf> [81 <data/grugraImages/Ki.pdf>]
<grugraImages/A0.pdf, id=5926, 274.02374pt x 68.255pt>
File: grugraImages/A0.pdf Graphic file (type pdf)

<use grugraImages/A0.pdf>
<grugraImages/Aalpha.pdf, id=5927, 243.91125pt x 101.37875pt>
File: grugraImages/Aalpha.pdf Graphic file (type pdf)

<use grugraImages/Aalpha.pdf> [82 <data/grugraImages/A0.pdf>] [83 <data/grugraI
mages/Aalpha.pdf>] [84]
<grugraImages/ihara1.pdf, id=6192, 259.97125pt x 143.53625pt>
File: grugraImages/ihara1.pdf Graphic file (type pdf)

<use grugraImages/ihara1.pdf> [85 <data/grugraImages/ihara1.pdf>]
<grugraImages/ihara2.pdf, id=6349, 217.81375pt x 98.3675pt>
File: grugraImages/ihara2.pdf Graphic file (type pdf)

<use grugraImages/ihara2.pdf> [86 <data/grugraImages/ihara2.pdf>] [87] [88

]
<grugraImages/UinC.pdf, id=6452, 191.71625pt x 163.61125pt>
File: grugraImages/UinC.pdf Graphic file (type pdf)

<use grugraImages/UinC.pdf> [89 <data/grugraImages/UinC.pdf>]
<grugraImages/Torus.pdf, id=6545, 260.975pt x 165.61874pt>
File: grugraImages/Torus.pdf Graphic file (type pdf)

<use grugraImages/Torus.pdf>
<grugraImages/cuspTorus.pdf, id=6546, 327.2225pt x 150.5625pt>
File: grugraImages/cuspTorus.pdf Graphic file (type pdf)

<use grugraImages/cuspTorus.pdf> [90 <data/grugraImages/Torus.pdf>] [91 <data/g
rugraImages/cuspTorus.pdf>]
Overfull \hbox (36.58427pt too wide) in paragraph at lines 4446--4446
[]\OT1/cmr/bx/n/17.28 Diskontinuierliche Un-ter-grup-pen von $[][]\OT1/cmr/m/n/
17.28 (\U/bbm/m/n/17.28 Q[]\OT1/cmr/m/n/17.28 )$ 
 []

[92] [93]
Overfull \hbox (4.35934pt too wide) in paragraph at lines 4575--4578
\OT1/cmr/m/n/12 Dieser Graph ist nach Kon-struk-ti-on $\OML/cmm/m/it/12 G$\OT1/
cmr/m/n/12 -invariant. $\OML/cmm/m/it/12 T[]\OT1/cmr/m/n/12 (\OML/cmm/m/it/12 G
\OT1/cmr/m/n/12 )$ ist zu-sam-menh[]angend,
 []

[94]
Overfull \hbox (1.60878pt too wide) in paragraph at lines 4619--4622
\OT1/cmr/m/n/12 phen von Grup-pen zu $^^@[]$ und $\OML/cmm/m/it/12 C \OT1/cmr/m
/n/12 = \OML/cmm/m/it/12 G[]$\OT1/cmr/m/n/12 . Dann ist $\OML/cmm/m/it/12 G \OT
1/cmr/m/n/12 = [](\OML/cmm/m/it/12 G[]; C; []; []\OT1/cmr/m/n/12 )$. 
 []

[95] [96] [97] [98] (./grugra.ind
Overfull \hbox (1.62148pt too wide) in paragraph at lines 35--36
[]$\OML/cmm/m/it/10.95 ^^Y[]\OT1/cmr/m/n/10.95 (^^@\OML/cmm/m/it/10.95 ; p\OT1/
cmr/m/n/10.95 )$, $\OML/cmm/m/it/10.95 ^^Y[]\OT1/cmr/m/n/10.95 (^^@)$ (Fun-da-m
en-tal-grup-pe), 23 
 []

[99

] [100] [101

]) (./grugra.aux)

LaTeX Warning: There were multiply-defined labels.

 ) 
Here is how much of TeX's memory you used:
 5004 strings out of 493857
 60357 string characters out of 1153304
 143802 words of memory out of 3000000
 8055 multiletter control sequences out of 15000+50000
 34346 words of font info for 144 fonts, out of 3000000 for 9000
 714 hyphenation exceptions out of 8191
 39i,16n,45p,272b,452s stack positions out of 5000i,500n,10000p,200000b,50000s
 </home/travis/.texmf-var/fonts/pk/ljfour/public/bbm/bbm10.657pk> </home/trav
is/.texmf-var/fonts/pk/ljfour/public/bbm/bbmbx12.600pk> </home/travis/.texmf-va
r/fonts/pk/ljfour/public/bbm/bbm17.600pk> </home/travis/.texmf-var/fonts/pk/ljf
our/public/bbm/bbm17.864pk> </home/travis/.texmf-var/fonts/pk/ljfour/public/bbm
/bbm8.600pk> </home/travis/.texmf-var/fonts/pk/ljfour/public/bbm/bbm12.600pk> <
/home/travis/.texmf-var/fonts/pk/ljfour/public/bbm/bbm12.720pk></usr/share/texm
f-texlive/fonts/type1/public/amsfonts/cm/cmbx10.pfb></usr/share/texmf-texlive/f
onts/type1/public/amsfonts/cm/cmbx12.pfb></usr/share/texmf-texlive/fonts/type1/
public/amsfonts/cm/cmbx8.pfb></usr/share/texmf-texlive/fonts/type1/public/amsfo
nts/cm/cmcsc10.pfb></usr/share/texmf-texlive/fonts/type1/public/amsfonts/cm/cme
x10.pfb></usr/share/texmf-texlive/fonts/type1/public/amsfonts/cm/cmmi10.pfb></u
sr/share/texmf-texlive/fonts/type1/public/amsfonts/cm/cmmi12.pfb></usr/share/te
xmf-texlive/fonts/type1/public/amsfonts/cm/cmmi6.pfb></usr/share/texmf-texlive/
fonts/type1/public/amsfonts/cm/cmmi8.pfb></usr/share/texmf-texlive/fonts/type1/
public/amsfonts/cmextra/cmmib8.pfb></usr/share/texmf-texlive/fonts/type1/public
/amsfonts/cm/cmr10.pfb></usr/share/texmf-texlive/fonts/type1/public/amsfonts/cm
/cmr12.pfb></usr/share/texmf-texlive/fonts/type1/public/amsfonts/cm/cmr17.pfb><
/usr/share/texmf-texlive/fonts/type1/public/amsfonts/cm/cmr6.pfb></usr/share/te
xmf-texlive/fonts/type1/public/amsfonts/cm/cmr8.pfb></usr/share/texmf-texlive/f
onts/type1/public/amsfonts/cm/cmsl12.pfb></usr/share/texmf-texlive/fonts/type1/
public/amsfonts/cm/cmss10.pfb></usr/share/texmf-texlive/fonts/type1/public/amsf
onts/cm/cmss12.pfb></usr/share/texmf-texlive/fonts/type1/public/amsfonts/cm/cms
s8.pfb></usr/share/texmf-texlive/fonts/type1/public/amsfonts/cm/cmssbx10.pfb></
usr/share/texmf-texlive/fonts/type1/public/amsfonts/cm/cmsy10.pfb></usr/share/t
exmf-texlive/fonts/type1/public/amsfonts/cm/cmsy6.pfb></usr/share/texmf-texlive
/fonts/type1/public/amsfonts/cm/cmsy8.pfb></usr/share/texmf-texlive/fonts/type1
/public/amsfonts/euler/eufm10.pfb></usr/share/texmf-texlive/fonts/type1/public/
amsfonts/euler/eusm10.pfb></usr/share/texmf-texlive/fonts/type1/public/amsfonts
/symbols/msam10.pfb></usr/share/texmf-texlive/fonts/type1/public/amsfonts/symbo
ls/msbm10.pfb></usr/share/texmf-texlive/fonts/type1/public/rsfs/rsfs10.pfb></us
r/share/texmf-texlive/fonts/type1/public/xypic/xyatip10.pfb></usr/share/texmf-t
exlive/fonts/type1/public/xypic/xybtip10.pfb></usr/share/texmf-texlive/fonts/ty
pe1/public/xypic/xydash10.pfb>
Output written on grugra.pdf (105 pages, 2116796 bytes).
PDF statistics:
 6808 PDF objects out of 7423 (max. 8388607)
 0 named destinations out of 1000 (max. 500000)
 366 words of extra memory for PDF output out of 10000 (max. 10000000)

