This is pdfTeX, Version 3.1415926-1.40.10 (TeX Live 2009/Debian) (format=pdflatex 2016.12.27)  27 DEC 2016 08:47
entering extended mode
 %&-line parsing enabled.
**Info2.tex
(data/Info2.tex
LaTeX2e <2009/09/24>
Babel <v3.8l> and hyphenation patterns for english, usenglishmax, dumylang, noh
yphenation, farsi, arabic, croatian, bulgarian, ukrainian, russian, czech, slov
ak, danish, dutch, finnish, french, basque, ngerman, german, german-x-2009-06-1
9, ngerman-x-2009-06-19, ibycus, monogreek, greek, ancientgreek, hungarian, san
skrit, italian, latin, latvian, lithuanian, mongolian2a, mongolian, bokmal, nyn
orsk, romanian, irish, coptic, serbian, turkish, welsh, esperanto, uppersorbian
, estonian, indonesian, interlingua, icelandic, kurmanji, slovenian, polish, po
rtuguese, spanish, galician, catalan, swedish, ukenglish, loaded.
(/usr/share/texmf-texlive/tex/latex/koma-script/scrbook.cls
Document Class: scrbook 2009/07/24 v3.04a KOMA-Script document class (book)
(/usr/share/texmf-texlive/tex/latex/koma-script/scrkbase.sty
Package: scrkbase 2009/07/24 v3.04a KOMA-Script package (KOMA-Script-dependent 
basics and keyval usage)

(/usr/share/texmf-texlive/tex/latex/koma-script/scrbase.sty
Package: scrbase 2009/07/24 v3.04a KOMA-Script package (KOMA-Script-independent
 basics and keyval usage)

(/usr/share/texmf-texlive/tex/latex/graphics/keyval.sty
Package: keyval 1999/03/16 v1.13 key=value parser (DPC)
\KV@toks@=\toks14
)
(/usr/share/texmf-texlive/tex/latex/koma-script/scrlfile.sty
Package: scrlfile 2009/03/25 v3.03 KOMA-Script package (loading files)

Package scrlfile, 2009/03/25 v3.03 KOMA-Script package (loading files)
                  Copyright (C) Markus Kohm

))) (/usr/share/texmf-texlive/tex/latex/koma-script/tocbasic.sty
Package: tocbasic 2009/06/08 v3.03b KOMA-Script package (handling toc-files)
)
Package tocbasic Info: omitting babel extension for `toc'
(tocbasic)             because of feature `nobabel' available
(tocbasic)             for `toc' on input line 117.
Package tocbasic Info: omitting babel extension for `lof'
(tocbasic)             because of feature `nobabel' available
(tocbasic)             for `lof' on input line 118.
Package tocbasic Info: omitting babel extension for `lot'
(tocbasic)             because of feature `nobabel' available
(tocbasic)             for `lot' on input line 119.
Class scrbook Info: File `scrsize11pt.clo' used instead of
(scrbook)           file `scrsize11.clo' to setup font sizes on input line 1272
.

(/usr/share/texmf-texlive/tex/latex/koma-script/scrsize11pt.clo
File: scrsize11pt.clo 2009/07/24 v3.04a KOMA-Script font size class option (11p
t)
)
(/usr/share/texmf-texlive/tex/latex/koma-script/typearea.sty
Package: typearea 2009/07/24 v3.04a KOMA-Script package (type area)

Package typearea, 2009/07/24 v3.04a KOMA-Script package (type area)
                  Copyright (C) Frank Neukam, 1992-1994
                  Copyright (C) Markus Kohm, 1994-

\ta@bcor=\skip41
\ta@div=\count79
Package typearea Info: You've used standard option `a4paper'.
(typearea)             This is correct!
(typearea)             Internaly I'm using `paper=a4'.
(typearea)             If you'd like to set the option with \KOMAoptions,
(typearea)             you'd have to use `paper=a4' there
(typearea)             instead of `a4paper', too.
\ta@hblk=\skip42
\ta@vblk=\skip43
\ta@temp=\skip44
Package typearea Info: These are the values describing the layout:
(typearea)             DIV  = 15
(typearea)             BCOR = 34.1433pt
(typearea)             \paperwidth      = 597.50793pt
(typearea)              \textwidth      = 450.69174pt
(typearea)              DIV departure   = -15%
(typearea)              \evensidemargin = 2.84528pt
(typearea)              \oddsidemargin  = -0.56906pt
(typearea)             \paperheight     = 845.04694pt
(typearea)              \textheight     = 677.4003pt
(typearea)              \topmargin      = -53.33354pt
(typearea)              \headheight     = 17.0pt
(typearea)              \headsep        = 20.40001pt
(typearea)              \topskip        = 11.0pt
(typearea)              \footskip       = 47.60002pt
(typearea)              \baselineskip   = 13.6pt
(typearea)              on input line 1115.
)
\c@part=\count80
\c@chapter=\count81
\c@section=\count82
\c@subsection=\count83
\c@subsubsection=\count84
\c@paragraph=\count85
\c@subparagraph=\count86
\abovecaptionskip=\skip45
\belowcaptionskip=\skip46
\c@pti@nb@sid@b@x=\box26
\c@figure=\count87
\c@table=\count88
\bibindent=\dimen102
) (data/info.sty (data/latexki.sty)
(/usr/share/texmf-texlive/tex/generic/babel/babel.sty
Package: babel 2008/07/06 v3.8l The Babel package

(/usr/share/texmf-texlive/tex/generic/babel/germanb.ldf
Language: germanb 2008/06/01 v2.6m German support from the babel system

(/usr/share/texmf-texlive/tex/generic/babel/babel.def
File: babel.def 2008/07/06 v3.8l Babel common definitions
\babel@savecnt=\count89
\U@D=\dimen103
)
\l@austrian = a dialect from \language\l@german 
Package babel Info: Making " an active character on input line 102.
))
(/usr/share/texmf-texlive/tex/latex/base/inputenc.sty
Package: inputenc 2008/03/30 v1.1d Input encoding file
\inpenc@prehook=\toks15
\inpenc@posthook=\toks16

(/usr/share/texmf-texlive/tex/latex/base/utf8.def
File: utf8.def 2008/04/05 v1.1m UTF-8 support for inputenc
Now handling font encoding OML ...
... no UTF-8 mapping file for font encoding OML
Now handling font encoding T1 ...
... processing UTF-8 mapping file for font encoding T1

(/usr/share/texmf-texlive/tex/latex/base/t1enc.dfu
File: t1enc.dfu 2008/04/05 v1.1m UTF-8 support for inputenc
   defining Unicode char U+00A1 (decimal 161)
   defining Unicode char U+00A3 (decimal 163)
   defining Unicode char U+00AB (decimal 171)
   defining Unicode char U+00BB (decimal 187)
   defining Unicode char U+00BF (decimal 191)
   defining Unicode char U+00C0 (decimal 192)
   defining Unicode char U+00C1 (decimal 193)
   defining Unicode char U+00C2 (decimal 194)
   defining Unicode char U+00C3 (decimal 195)
   defining Unicode char U+00C4 (decimal 196)
   defining Unicode char U+00C5 (decimal 197)
   defining Unicode char U+00C6 (decimal 198)
   defining Unicode char U+00C7 (decimal 199)
   defining Unicode char U+00C8 (decimal 200)
   defining Unicode char U+00C9 (decimal 201)
   defining Unicode char U+00CA (decimal 202)
   defining Unicode char U+00CB (decimal 203)
   defining Unicode char U+00CC (decimal 204)
   defining Unicode char U+00CD (decimal 205)
   defining Unicode char U+00CE (decimal 206)
   defining Unicode char U+00CF (decimal 207)
   defining Unicode char U+00D0 (decimal 208)
   defining Unicode char U+00D1 (decimal 209)
   defining Unicode char U+00D2 (decimal 210)
   defining Unicode char U+00D3 (decimal 211)
   defining Unicode char U+00D4 (decimal 212)
   defining Unicode char U+00D5 (decimal 213)
   defining Unicode char U+00D6 (decimal 214)
   defining Unicode char U+00D8 (decimal 216)
   defining Unicode char U+00D9 (decimal 217)
   defining Unicode char U+00DA (decimal 218)
   defining Unicode char U+00DB (decimal 219)
   defining Unicode char U+00DC (decimal 220)
   defining Unicode char U+00DD (decimal 221)
   defining Unicode char U+00DE (decimal 222)
   defining Unicode char U+00DF (decimal 223)
   defining Unicode char U+00E0 (decimal 224)
   defining Unicode char U+00E1 (decimal 225)
   defining Unicode char U+00E2 (decimal 226)
   defining Unicode char U+00E3 (decimal 227)
   defining Unicode char U+00E4 (decimal 228)
   defining Unicode char U+00E5 (decimal 229)
   defining Unicode char U+00E6 (decimal 230)
   defining Unicode char U+00E7 (decimal 231)
   defining Unicode char U+00E8 (decimal 232)
   defining Unicode char U+00E9 (decimal 233)
   defining Unicode char U+00EA (decimal 234)
   defining Unicode char U+00EB (decimal 235)
   defining Unicode char U+00EC (decimal 236)
   defining Unicode char U+00ED (decimal 237)
   defining Unicode char U+00EE (decimal 238)
   defining Unicode char U+00EF (decimal 239)
   defining Unicode char U+00F0 (decimal 240)
   defining Unicode char U+00F1 (decimal 241)
   defining Unicode char U+00F2 (decimal 242)
   defining Unicode char U+00F3 (decimal 243)
   defining Unicode char U+00F4 (decimal 244)
   defining Unicode char U+00F5 (decimal 245)
   defining Unicode char U+00F6 (decimal 246)
   defining Unicode char U+00F8 (decimal 248)
   defining Unicode char U+00F9 (decimal 249)
   defining Unicode char U+00FA (decimal 250)
   defining Unicode char U+00FB (decimal 251)
   defining Unicode char U+00FC (decimal 252)
   defining Unicode char U+00FD (decimal 253)
   defining Unicode char U+00FE (decimal 254)
   defining Unicode char U+00FF (decimal 255)
   defining Unicode char U+0102 (decimal 258)
   defining Unicode char U+0103 (decimal 259)
   defining Unicode char U+0104 (decimal 260)
   defining Unicode char U+0105 (decimal 261)
   defining Unicode char U+0106 (decimal 262)
   defining Unicode char U+0107 (decimal 263)
   defining Unicode char U+010C (decimal 268)
   defining Unicode char U+010D (decimal 269)
   defining Unicode char U+010E (decimal 270)
   defining Unicode char U+010F (decimal 271)
   defining Unicode char U+0110 (decimal 272)
   defining Unicode char U+0111 (decimal 273)
   defining Unicode char U+0118 (decimal 280)
   defining Unicode char U+0119 (decimal 281)
   defining Unicode char U+011A (decimal 282)
   defining Unicode char U+011B (decimal 283)
   defining Unicode char U+011E (decimal 286)
   defining Unicode char U+011F (decimal 287)
   defining Unicode char U+0130 (decimal 304)
   defining Unicode char U+0131 (decimal 305)
   defining Unicode char U+0132 (decimal 306)
   defining Unicode char U+0133 (decimal 307)
   defining Unicode char U+0139 (decimal 313)
   defining Unicode char U+013A (decimal 314)
   defining Unicode char U+013D (decimal 317)
   defining Unicode char U+013E (decimal 318)
   defining Unicode char U+0141 (decimal 321)
   defining Unicode char U+0142 (decimal 322)
   defining Unicode char U+0143 (decimal 323)
   defining Unicode char U+0144 (decimal 324)
   defining Unicode char U+0147 (decimal 327)
   defining Unicode char U+0148 (decimal 328)
   defining Unicode char U+014A (decimal 330)
   defining Unicode char U+014B (decimal 331)
   defining Unicode char U+0150 (decimal 336)
   defining Unicode char U+0151 (decimal 337)
   defining Unicode char U+0152 (decimal 338)
   defining Unicode char U+0153 (decimal 339)
   defining Unicode char U+0154 (decimal 340)
   defining Unicode char U+0155 (decimal 341)
   defining Unicode char U+0158 (decimal 344)
   defining Unicode char U+0159 (decimal 345)
   defining Unicode char U+015A (decimal 346)
   defining Unicode char U+015B (decimal 347)
   defining Unicode char U+015E (decimal 350)
   defining Unicode char U+015F (decimal 351)
   defining Unicode char U+0160 (decimal 352)
   defining Unicode char U+0161 (decimal 353)
   defining Unicode char U+0162 (decimal 354)
   defining Unicode char U+0163 (decimal 355)
   defining Unicode char U+0164 (decimal 356)
   defining Unicode char U+0165 (decimal 357)
   defining Unicode char U+016E (decimal 366)
   defining Unicode char U+016F (decimal 367)
   defining Unicode char U+0170 (decimal 368)
   defining Unicode char U+0171 (decimal 369)
   defining Unicode char U+0178 (decimal 376)
   defining Unicode char U+0179 (decimal 377)
   defining Unicode char U+017A (decimal 378)
   defining Unicode char U+017B (decimal 379)
   defining Unicode char U+017C (decimal 380)
   defining Unicode char U+017D (decimal 381)
   defining Unicode char U+017E (decimal 382)
   defining Unicode char U+200C (decimal 8204)
   defining Unicode char U+2013 (decimal 8211)
   defining Unicode char U+2014 (decimal 8212)
   defining Unicode char U+2018 (decimal 8216)
   defining Unicode char U+2019 (decimal 8217)
   defining Unicode char U+201A (decimal 8218)
   defining Unicode char U+201C (decimal 8220)
   defining Unicode char U+201D (decimal 8221)
   defining Unicode char U+201E (decimal 8222)
   defining Unicode char U+2030 (decimal 8240)
   defining Unicode char U+2031 (decimal 8241)
   defining Unicode char U+2039 (decimal 8249)
   defining Unicode char U+203A (decimal 8250)
   defining Unicode char U+2423 (decimal 9251)
)
Now handling font encoding OT1 ...
... processing UTF-8 mapping file for font encoding OT1

(/usr/share/texmf-texlive/tex/latex/base/ot1enc.dfu
File: ot1enc.dfu 2008/04/05 v1.1m UTF-8 support for inputenc
   defining Unicode char U+00A1 (decimal 161)
   defining Unicode char U+00A3 (decimal 163)
   defining Unicode char U+00B8 (decimal 184)
   defining Unicode char U+00BF (decimal 191)
   defining Unicode char U+00C5 (decimal 197)
   defining Unicode char U+00C6 (decimal 198)
   defining Unicode char U+00D8 (decimal 216)
   defining Unicode char U+00DF (decimal 223)
   defining Unicode char U+00E6 (decimal 230)
   defining Unicode char U+00EC (decimal 236)
   defining Unicode char U+00ED (decimal 237)
   defining Unicode char U+00EE (decimal 238)
   defining Unicode char U+00EF (decimal 239)
   defining Unicode char U+00F8 (decimal 248)
   defining Unicode char U+0131 (decimal 305)
   defining Unicode char U+0141 (decimal 321)
   defining Unicode char U+0142 (decimal 322)
   defining Unicode char U+0152 (decimal 338)
   defining Unicode char U+0153 (decimal 339)
   defining Unicode char U+2013 (decimal 8211)
   defining Unicode char U+2014 (decimal 8212)
   defining Unicode char U+2018 (decimal 8216)
   defining Unicode char U+2019 (decimal 8217)
   defining Unicode char U+201C (decimal 8220)
   defining Unicode char U+201D (decimal 8221)
)
Now handling font encoding OMS ...
... processing UTF-8 mapping file for font encoding OMS

(/usr/share/texmf-texlive/tex/latex/base/omsenc.dfu
File: omsenc.dfu 2008/04/05 v1.1m UTF-8 support for inputenc
   defining Unicode char U+00A7 (decimal 167)
   defining Unicode char U+00B6 (decimal 182)
   defining Unicode char U+00B7 (decimal 183)
   defining Unicode char U+2020 (decimal 8224)
   defining Unicode char U+2021 (decimal 8225)
   defining Unicode char U+2022 (decimal 8226)
)
Now handling font encoding OMX ...
... no UTF-8 mapping file for font encoding OMX
Now handling font encoding U ...
... no UTF-8 mapping file for font encoding U
   defining Unicode char U+00A9 (decimal 169)
   defining Unicode char U+00AA (decimal 170)
   defining Unicode char U+00AE (decimal 174)
   defining Unicode char U+00BA (decimal 186)
   defining Unicode char U+02C6 (decimal 710)
   defining Unicode char U+02DC (decimal 732)
   defining Unicode char U+200C (decimal 8204)
   defining Unicode char U+2026 (decimal 8230)
   defining Unicode char U+2122 (decimal 8482)
   defining Unicode char U+2423 (decimal 9251)
))
(/usr/share/texmf-texlive/tex/latex/amsfonts/amsfonts.sty
Package: amsfonts 2009/06/22 v3.00 Basic AMSFonts support
\@emptytoks=\toks17
\symAMSa=\mathgroup4
\symAMSb=\mathgroup5
LaTeX Font Info:    Overwriting math alphabet `\mathfrak' in version `bold'
(Font)                  U/euf/m/n --> U/euf/b/n on input line 96.
)
(/usr/share/texmf-texlive/tex/latex/amsfonts/amssymb.sty
Package: amssymb 2009/06/22 v3.00
)
(/usr/share/texmf-texlive/tex/latex/amsmath/amsmath.sty
Package: amsmath 2000/07/18 v2.13 AMS math features
\@mathmargin=\skip47

For additional information on amsmath, use the `?' option.
(/usr/share/texmf-texlive/tex/latex/amsmath/amstext.sty
Package: amstext 2000/06/29 v2.01

(/usr/share/texmf-texlive/tex/latex/amsmath/amsgen.sty
File: amsgen.sty 1999/11/30 v2.0
\@emptytoks=\toks18
\ex@=\dimen104
))
(/usr/share/texmf-texlive/tex/latex/amsmath/amsbsy.sty
Package: amsbsy 1999/11/29 v1.2d
\pmbraise@=\dimen105
)
(/usr/share/texmf-texlive/tex/latex/amsmath/amsopn.sty
Package: amsopn 1999/12/14 v2.01 operator names
)
\inf@bad=\count90
LaTeX Info: Redefining \frac on input line 211.
\uproot@=\count91
\leftroot@=\count92
LaTeX Info: Redefining \overline on input line 307.
\classnum@=\count93
\DOTSCASE@=\count94
LaTeX Info: Redefining \ldots on input line 379.
LaTeX Info: Redefining \dots on input line 382.
LaTeX Info: Redefining \cdots on input line 467.
\Mathstrutbox@=\box27
\strutbox@=\box28
\big@size=\dimen106
LaTeX Font Info:    Redeclaring font encoding OML on input line 567.
LaTeX Font Info:    Redeclaring font encoding OMS on input line 568.
\macc@depth=\count95
\c@MaxMatrixCols=\count96
\dotsspace@=\muskip10
\c@parentequation=\count97
\dspbrk@lvl=\count98
\tag@help=\toks19
\row@=\count99
\column@=\count100
\maxfields@=\count101
\andhelp@=\toks20
\eqnshift@=\dimen107
\alignsep@=\dimen108
\tagshift@=\dimen109
\tagwidth@=\dimen110
\totwidth@=\dimen111
\lineht@=\dimen112
\@envbody=\toks21
\multlinegap=\skip48
\multlinetaggap=\skip49
\mathdisplay@stack=\toks22
LaTeX Info: Redefining \[ on input line 2666.
LaTeX Info: Redefining \] on input line 2667.
)
(/usr/share/texmf-texlive/tex/latex/stmaryrd/stmaryrd.sty
Package: stmaryrd 1994/03/03 St Mary's Road symbol package
\symstmry=\mathgroup6
LaTeX Font Info:    Overwriting symbol font `stmry' in version `bold'
(Font)                  U/stmry/m/n --> U/stmry/b/n on input line 89.
)
(/usr/share/texmf-texlive/tex/latex/tools/verbatim.sty
Package: verbatim 2003/08/22 v1.5q LaTeX2e package for verbatim enhancements
\every@verbatim=\toks23
\verbatim@line=\toks24
\verbatim@in@stream=\read1
)
(/usr/share/texmf-texlive/tex/latex/base/ifthen.sty
Package: ifthen 2001/05/26 v1.1c Standard LaTeX ifthen package (DPC)
)
(/usr/share/texmf-texlive/tex/latex/ntheorem/ntheorem.sty
Style `ntheorem', Version 1.25 <2005/07/07>
Package: ntheorem 2005/07/07 1.25
\theorem@style=\toks25
\theorem@@style=\toks26
\theorembodyfont=\toks27
\theoremnumbering=\toks28
\theorempreskipamount=\skip50
\theorempostskipamount=\skip51
\theoremindent=\dimen113
\theorem@indent=\dimen114
\theoremheaderfont=\toks29
\theoremseparator=\toks30
\theoremprework=\toks31
\theorempostwork=\toks32
\theoremsymbol=\toks33
\qedsymbol=\toks34
\theoremkeyword=\toks35
\qedsymbol=\toks36
\thm@topsepadd=\skip52
Package ntheorem Info: Option `thmmarks' loaded on input line 1029.
\c@endNonectr=\count102
\c@currNonectr=\count103
\mysavskip=\skip53
Package ntheorem Info: option `amsmath' handling for `thmmarks' loaded on input
 line 1029.
\thm@amstmpdepth=\dimen115
\shadecolor=\toks37
) (/usr/share/texmf-texlive/tex/latex/ltxmisc/framed.sty
Package: framed 2007/10/04 v 0.95: framed or shaded text with page breaks
\fb@frw=\dimen116
\fb@frh=\dimen117
\FrameRule=\dimen118
\FrameSep=\dimen119
)
(/usr/share/texmf-texlive/tex/latex/pstricks/pstricks.sty
Package: pstricks 2008/11/26 v0.40 LaTeX wrapper for `PSTricks' (RN,HV)

(/usr/share/texmf-texlive/tex/generic/pstricks/pstricks.tex
`PSTricks' v1.29  <2009/05/19> (tvz)
\pst@dima=\dimen120
\pst@dimb=\dimen121
\pst@dimc=\dimen122
\pst@dimd=\dimen123
\pst@dimg=\dimen124
\pst@dimh=\dimen125
\pst@hbox=\box29
\pst@boxg=\box30
\pst@cnta=\count104
\pst@cntb=\count105
\pst@cntc=\count106
\pst@cntd=\count107
\pst@cntg=\count108
\pst@cnth=\count109
\pst@toks=\toks38
(/usr/share/texmf-texlive/tex/generic/pstricks/pstricks.con)
\psunit=\dimen126
\psxunit=\dimen127
\psyunit=\dimen128
\pslinewidth=\dimen129
\pst@customdefs=\toks39
\pslinearc=\dimen130
\everypsbox=\toks40
\psframesep=\dimen131
\pslabelsep=\dimen132
\pst@shift=\dimen133
\theoverlaybox=\box31
)
File: pstricks.tex 2009/05/19 v1.29 `PSTricks' (tvz,hv)

(/usr/share/texmf/tex/latex/xcolor/xcolor.sty
Package: xcolor 2007/01/21 v2.11 LaTeX color extensions (UK)

(/etc/texmf/tex/latex/config/color.cfg
File: color.cfg 2007/01/18 v1.5 color configuration of teTeX/TeXLive
)
Package xcolor Info: Driver file: pdftex.def on input line 225.

(/usr/share/texmf-texlive/tex/latex/pdftex-def/pdftex.def
File: pdftex.def 2010/03/12 v0.04p Graphics/color for pdfTeX
\Gread@gobject=\count110
)
Package xcolor Info: Model `cmy' substituted by `cmy0' on input line 1337.
Package xcolor Info: Model `hsb' substituted by `rgb' on input line 1341.
Package xcolor Info: Model `RGB' extended on input line 1353.
Package xcolor Info: Model `HTML' substituted by `rgb' on input line 1355.
Package xcolor Info: Model `Hsb' substituted by `hsb' on input line 1356.
Package xcolor Info: Model `tHsb' substituted by `hsb' on input line 1357.
Package xcolor Info: Model `HSB' substituted by `hsb' on input line 1358.
Package xcolor Info: Model `Gray' substituted by `gray' on input line 1359.
Package xcolor Info: Model `wave' substituted by `hsb' on input line 1360.
))
(/usr/share/texmf-texlive/tex/latex/carlisle/slashed.sty
Package: slashed 1997/01/16 v0.01 Feynman Slashed Character Notation (DPC)
)
(/usr/share/texmf-texlive/tex/latex/hyperref/hyperref.sty
Package: hyperref 2009/10/09 v6.79a Hypertext links for LaTeX

(/usr/share/texmf-texlive/tex/generic/oberdiek/ifpdf.sty
Package: ifpdf 2009/04/10 v2.0 Provides the ifpdf switch (HO)
Package ifpdf Info: pdfTeX in pdf mode detected.
)
(/usr/share/texmf-texlive/tex/generic/oberdiek/ifvtex.sty
Package: ifvtex 2008/11/04 v1.4 Switches for detecting VTeX and its modes (HO)
Package ifvtex Info: VTeX not detected.
)
(/usr/share/texmf-texlive/tex/generic/ifxetex/ifxetex.sty
Package: ifxetex 2009/01/23 v0.5 Provides ifxetex conditional
)
(/usr/share/texmf-texlive/tex/latex/oberdiek/hycolor.sty
Package: hycolor 2009/10/02 v1.5 Code for color options of hyperref/bookmark (H
O)

(/usr/share/texmf-texlive/tex/latex/oberdiek/xcolor-patch.sty
Package: xcolor-patch 2009/10/02 xcolor patch
))
\@linkdim=\dimen134
\Hy@linkcounter=\count111
\Hy@pagecounter=\count112

(/usr/share/texmf-texlive/tex/latex/hyperref/pd1enc.def
File: pd1enc.def 2009/10/09 v6.79a Hyperref: PDFDocEncoding definition (HO)
Now handling font encoding PD1 ...
... no UTF-8 mapping file for font encoding PD1
)
(/usr/share/texmf-texlive/tex/generic/oberdiek/etexcmds.sty
Package: etexcmds 2007/12/12 v1.2 Prefix for e-TeX command names (HO)

(/usr/share/texmf-texlive/tex/generic/oberdiek/infwarerr.sty
Package: infwarerr 2007/09/09 v1.2 Providing info/warning/message (HO)
)
Package etexcmds Info: Could not find \expanded.
(etexcmds)             That can mean that you are not using pdfTeX 1.50 or
(etexcmds)             that some package has redefined \expanded.
(etexcmds)             In the latter case, load this package earlier.
)
(/usr/share/texmf-texlive/tex/latex/latexconfig/hyperref.cfg
File: hyperref.cfg 2002/06/06 v1.2 hyperref configuration of TeXLive
)
(/usr/share/texmf-texlive/tex/latex/oberdiek/kvoptions.sty
Package: kvoptions 2009/08/13 v3.4 Keyval support for LaTeX options (HO)

(/usr/share/texmf-texlive/tex/generic/oberdiek/kvsetkeys.sty
Package: kvsetkeys 2009/07/30 v1.5 Key value parser with default handler suppor
t (HO)
))
Package hyperref Info: Option `bookmarks' set `true' on input line 2864.
Package hyperref Info: Option `bookmarksnumbered' set `true' on input line 2864
.
Package hyperref Info: Option `colorlinks' set `true' on input line 2864.
Package hyperref Info: Hyper figures OFF on input line 2975.
Package hyperref Info: Link nesting OFF on input line 2980.
Package hyperref Info: Hyper index ON on input line 2983.
Package hyperref Info: Plain pages OFF on input line 2990.
Package hyperref Info: Backreferencing OFF on input line 2995.

Implicit mode ON; LaTeX internals redefined
Package hyperref Info: Bookmarks ON on input line 3191.
(/usr/share/texmf-texlive/tex/latex/ltxmisc/url.sty
\Urlmuskip=\muskip11
Package: url 2006/04/12  ver 3.3  Verb mode for urls, etc.
)
LaTeX Info: Redefining \url on input line 3428.

(/usr/share/texmf-texlive/tex/generic/oberdiek/bitset.sty
Package: bitset 2007/09/28 v1.0 Data type bit set (HO)

(/usr/share/texmf-texlive/tex/generic/oberdiek/intcalc.sty
Package: intcalc 2007/09/27 v1.1 Expandable integer calculations (HO)
)
(/usr/share/texmf-texlive/tex/generic/oberdiek/bigintcalc.sty
Package: bigintcalc 2007/11/11 v1.1 Expandable big integer calculations (HO)

(/usr/share/texmf-texlive/tex/generic/oberdiek/pdftexcmds.sty
Package: pdftexcmds 2009/09/23 v0.6 LuaTeX support for pdfTeX utility functions
 (HO)

(/usr/share/texmf-texlive/tex/generic/oberdiek/ifluatex.sty
Package: ifluatex 2009/04/17 v1.2 Provides the ifluatex switch (HO)
Package ifluatex Info: LuaTeX not detected.
)
(/usr/share/texmf-texlive/tex/generic/oberdiek/ltxcmds.sty
Package: ltxcmds 2009/08/05 v1.0 Some LaTeX kernel commands for general use (HO
)
)
Package pdftexcmds Info: LuaTeX not detected.
Package pdftexcmds Info: \pdf@primitive is available.
Package pdftexcmds Info: \pdf@ifprimitive is available.
)))
\Fld@menulength=\count113
\Field@Width=\dimen135
\Fld@charsize=\dimen136
\Field@toks=\toks41
Package hyperref Info: Hyper figures OFF on input line 4377.
Package hyperref Info: Link nesting OFF on input line 4382.
Package hyperref Info: Hyper index ON on input line 4385.
Package hyperref Info: backreferencing OFF on input line 4392.
Package hyperref Info: Link coloring ON on input line 4395.
Package hyperref Info: Link coloring with OCG OFF on input line 4402.
Package hyperref Info: PDF/A mode OFF on input line 4407.

(/usr/share/texmf-texlive/tex/generic/oberdiek/atbegshi.sty
Package: atbegshi 2008/07/31 v1.9 At begin shipout hook (HO)
)
\Hy@abspage=\count114
\c@Item=\count115
\c@Hfootnote=\count116
)
*hyperref using default driver hpdftex*
(/usr/share/texmf-texlive/tex/latex/hyperref/hpdftex.def
File: hpdftex.def 2009/10/09 v6.79a Hyperref driver for pdfTeX
\Fld@listcount=\count117
))
(/usr/share/texmf-texlive/tex/latex/base/makeidx.sty
Package: makeidx 2000/03/29 v1.0m Standard LaTeX package
)
(/usr/share/texmf-texlive/tex/latex/clrscode/clrscode.sty
Package: clrscode 2007/03/29 v1.7 format pseudocode

(/usr/share/texmf-texlive/tex/latex/base/latexsym.sty
Package: latexsym 1998/08/17 v2.2e Standard LaTeX package (lasy symbols)
\symlasy=\mathgroup7
LaTeX Font Info:    Overwriting symbol font `lasy' in version `bold'
(Font)                  U/lasy/m/n --> U/lasy/b/n on input line 47.
)
\c@codelinenumber=\count118
\c@indent=\count119
\digitwidth=\skip54
\savecode=\box32
\codeboxwidth=\skip55
\c@thisindent=\count120
)
(/usr/share/texmf-texlive/tex/generic/xypic/xy.sty
(/usr/share/texmf-texlive/tex/generic/xypic/xy.tex Bootstrap'ing: catcodes,
docmode, (/usr/share/texmf-texlive/tex/generic/xypic/xyrecat.tex)
(/usr/share/texmf-texlive/tex/generic/xypic/xyidioms.tex)

 Xy-pic version 3.7 <1999/02/16>
 Copyright (c) 1991-1998 by Kristoffer H. Rose <krisrose@ens-lyon.fr>
 Xy-pic is free software: see the User's Guide for details.

Loading kernel: messages; fonts; allocations: state,
\X@c=\dimen137
\Y@c=\dimen138
\U@c=\dimen139
\D@c=\dimen140
\L@c=\dimen141
\R@c=\dimen142
\Edge@c=\toks42
\X@p=\dimen143
\Y@p=\dimen144
\U@p=\dimen145
\D@p=\dimen146
\L@p=\dimen147
\R@p=\dimen148
\Edge@p=\toks43
\X@origin=\dimen149
\Y@origin=\dimen150
\X@xbase=\dimen151
\Y@xbase=\dimen152
\X@ybase=\dimen153
\Y@ybase=\dimen154
\X@min=\dimen155
\Y@min=\dimen156
\X@max=\dimen157
\Y@max=\dimen158
\lastobjectbox@=\box33
\zerodotbox@=\box34
\almostz@=\dimen159
 direction,
\d@X=\dimen160
\d@Y=\dimen161
\K@=\count121
\KK@=\count122
\Direction=\count123
\K@dXdY=\dimen162
\K@dYdX=\dimen163
\xyread@=\read2
\xywrite@=\write3
\csp@=\count124
\quotPTK@=\dimen164

utility macros; pictures: \xy, positions,
\swaptoks@@=\toks44
\connectobjectbox@@=\box35
 objects,
\styletoks@=\toks45
 decorations;
kernel objects: directionals, circles, text; options; algorithms: directions,
edges, connections;  Xy-pic loaded)
Package: xy 1999/02/16 Xy-pic version 3.7

(/usr/share/texmf-texlive/tex/generic/xypic/xyall.tex
 Xy-pic option: All features v.3.3
(/usr/share/texmf-texlive/tex/generic/xypic/xycurve.tex
 Xy-pic option: Curve and Spline extension v.3.7 curve,
\crv@cnt@=\count125
\crvpts@=\toks46
\splinebox@=\box36
\splineval@=\dimen165
\splinedepth@=\dimen166
\splinetol@=\dimen167
\splinelength@=\dimen168
 circles,
\L@=\dimen169
 loaded)
(/usr/share/texmf-texlive/tex/generic/xypic/xyframe.tex
 Xy-pic option: Frame and Bracket extension v.3.7 loaded)
(/usr/share/texmf-texlive/tex/generic/xypic/xycmtip.tex
 Xy-pic option: Computer Modern tip extension v.3.3
(/usr/share/texmf-texlive/tex/generic/xypic/xytips.tex
 Xy-pic option: More Tips extension v.3.3 loaded) loaded)
(/usr/share/texmf-texlive/tex/generic/xypic/xyline.tex
 Xy-pic option: Line styles extension v.3.6
\xylinethick@=\dimen170
 loaded)
(/usr/share/texmf-texlive/tex/generic/xypic/xyrotate.tex
 Xy-pic option: Rotate and Scale extension v.3.3 loaded)
(/usr/share/texmf-texlive/tex/generic/xypic/xycolor.tex
 Xy-pic option: Colour extension v.3.3 loaded)
(/usr/share/texmf-texlive/tex/generic/xypic/xymatrix.tex
 Xy-pic option: Matrix feature v.3.4
\Row=\count126
\Col=\count127
\queue@=\toks47
\queue@@=\toks48
\qcount@=\count128
\qcount@@=\count129
\matrixsize@=\count130
 loaded)
(/usr/share/texmf-texlive/tex/generic/xypic/xyarrow.tex
 Xy-pic option: Arrow and Path feature v.3.5 path, \ar, loaded)
(/usr/share/texmf-texlive/tex/generic/xypic/xygraph.tex
 Xy-pic option: Graph feature v.3.7 loaded) loaded))
\@indexfile=\write4
\openout4 = `Info2.idx'.


Writing index file Info2.idx
(./Info2.aux)
\openout1 = `Info2.aux'.

LaTeX Font Info:    Checking defaults for OML/cmm/m/it on input line 15.
LaTeX Font Info:    ... okay on input line 15.
LaTeX Font Info:    Checking defaults for T1/cmr/m/n on input line 15.
LaTeX Font Info:    ... okay on input line 15.
LaTeX Font Info:    Checking defaults for OT1/cmr/m/n on input line 15.
LaTeX Font Info:    ... okay on input line 15.
LaTeX Font Info:    Checking defaults for OMS/cmsy/m/n on input line 15.
LaTeX Font Info:    ... okay on input line 15.
LaTeX Font Info:    Checking defaults for OMX/cmex/m/n on input line 15.
LaTeX Font Info:    ... okay on input line 15.
LaTeX Font Info:    Checking defaults for U/cmr/m/n on input line 15.
LaTeX Font Info:    ... okay on input line 15.
LaTeX Font Info:    Checking defaults for PD1/pdf/m/n on input line 15.
LaTeX Font Info:    ... okay on input line 15.
 (/usr/share/texmf-texlive/tex/context/base/supp-pdf.mkii
[Loading MPS to PDF converter (version 2006.09.02).]
\scratchcounter=\count131
\scratchdimen=\dimen171
\scratchbox=\box37
\nofMPsegments=\count132
\nofMParguments=\count133
\everyMPshowfont=\toks49
\MPscratchCnt=\count134
\MPscratchDim=\dimen172
\MPnumerator=\count135
\everyMPtoPDFconversion=\toks50
)
Package hyperref Info: Link coloring ON on input line 15.
 (/usr/share/texmf-texlive/tex/latex/hyperref/nameref.sty
Package: nameref 2007/05/29 v2.31 Cross-referencing by name of section

(/usr/share/texmf-texlive/tex/latex/oberdiek/refcount.sty
Package: refcount 2008/08/11 v3.1 Data extraction from references (HO)
)
\c@section@level=\count136
)
LaTeX Info: Redefining \ref on input line 15.
LaTeX Info: Redefining \pageref on input line 15.
 (./Info2.out)
(./Info2.out)
\@outlinefile=\write5
\openout5 = `Info2.out'.

\AtBeginShipoutBox=\box38
LaTeX Font Info:    Try loading font information for U+msa on input line 17.
 (/usr/share/texmf-texlive/tex/latex/amsfonts/umsa.fd
File: umsa.fd 2009/06/22 v3.00 AMS symbols A
)
LaTeX Font Info:    Try loading font information for U+msb on input line 17.

(/usr/share/texmf-texlive/tex/latex/amsfonts/umsb.fd
File: umsb.fd 2009/06/22 v3.00 AMS symbols B
)
LaTeX Font Info:    Try loading font information for U+stmry on input line 17.

(/usr/share/texmf-texlive/tex/latex/stmaryrd/Ustmry.fd)
LaTeX Font Info:    Try loading font information for U+lasy on input line 17.

(/usr/share/texmf-texlive/tex/latex/base/ulasy.fd
File: ulasy.fd 1998/08/17 v2.2e LaTeX symbol font definitions
) [1
Non-PDF special ignored!
Non-PDF special ignored!
Non-PDF special ignored!



{/var/lib/texmf/fonts/map/pdftex/updmap/pdftex.map}]
[2

]

Package hyperref Warning: No destination for bookmark of \addcontentsline,
(hyperref)                destination is added on input line 20.

(./Info2.toc
Class scrbook Info: You've told me to use the font selection of the element
(scrbook)           `sectioning' that is an alias of element `disposition'
(scrbook)            on input line 2.
Class scrbook Info: You've told me to use the font selection of the element
(scrbook)           `sectioning' that is an alias of element `disposition'
(scrbook)            on input line 3.
Class scrbook Info: You've told me to use the font selection of the element
(scrbook)           `sectioning' that is an alias of element `disposition'
(scrbook)            on input line 6.
 [3


]
Class scrbook Info: You've told me to use the font selection of the element
(scrbook)           `sectioning' that is an alias of element `disposition'
(scrbook)            on input line 89.

Overfull \hbox (4.31909pt too wide) detected at line 121
\OT1/cmr/m/n/10.95 III.10. 
 []


Overfull \hbox (4.31909pt too wide) detected at line 123
\OT1/cmr/m/n/10.95 III.11. 
 []


Overfull \hbox (4.31909pt too wide) detected at line 127
\OT1/cmr/m/n/10.95 III.12. 
 []


Overfull \hbox (2.9808pt too wide) detected at line 129
\OT1/cmr/m/n/10.95 III.12.1. 
 []


Overfull \hbox (2.9808pt too wide) detected at line 130
\OT1/cmr/m/n/10.95 III.12.2. 
 []


Overfull \hbox (2.9808pt too wide) detected at line 131
\OT1/cmr/m/n/10.95 III.12.3. 
 []


Overfull \hbox (2.9808pt too wide) detected at line 132
\OT1/cmr/m/n/10.95 III.12.4. 
 []


Overfull \hbox (2.9808pt too wide) detected at line 134
\OT1/cmr/m/n/10.95 III.12.5. 
 []


Overfull \hbox (2.9808pt too wide) detected at line 142
\OT1/cmr/m/n/10.95 III.12.6. 
 []


Overfull \hbox (4.31909pt too wide) detected at line 149
\OT1/cmr/m/n/10.95 III.13. 
 []


Overfull \hbox (2.9808pt too wide) detected at line 151
\OT1/cmr/m/n/10.95 III.13.1. 
 []


Overfull \hbox (2.9808pt too wide) detected at line 153
\OT1/cmr/m/n/10.95 III.13.2. 
 []


Overfull \hbox (2.9808pt too wide) detected at line 154
\OT1/cmr/m/n/10.95 III.13.3. 
 []


Overfull \hbox (2.9808pt too wide) detected at line 158
\OT1/cmr/m/n/10.95 III.13.4. 
 []


Overfull \hbox (2.9808pt too wide) detected at line 161
\OT1/cmr/m/n/10.95 III.13.5. 
 []


Overfull \hbox (2.9808pt too wide) detected at line 162
\OT1/cmr/m/n/10.95 III.13.6. 
 []


Overfull \hbox (2.9808pt too wide) detected at line 163
\OT1/cmr/m/n/10.95 III.13.7. 
 []


Overfull \hbox (2.9808pt too wide) detected at line 164
\OT1/cmr/m/n/10.95 III.13.8. 
 []

[4]
Overfull \hbox (4.31909pt too wide) detected at line 165
\OT1/cmr/m/n/10.95 III.14. 
 []


Overfull \hbox (2.9808pt too wide) detected at line 168
\OT1/cmr/m/n/10.95 III.14.1. 
 []


Overfull \hbox (2.9808pt too wide) detected at line 169
\OT1/cmr/m/n/10.95 III.14.2. 
 []


Overfull \hbox (2.9808pt too wide) detected at line 172
\OT1/cmr/m/n/10.95 III.14.3. 
 []


Overfull \hbox (2.9808pt too wide) detected at line 174
\OT1/cmr/m/n/10.95 III.14.4. 
 []


Overfull \hbox (4.31909pt too wide) detected at line 175
\OT1/cmr/m/n/10.95 III.15. 
 []


Overfull \hbox (2.9808pt too wide) detected at line 176
\OT1/cmr/m/n/10.95 III.15.1. 
 []


Overfull \hbox (2.9808pt too wide) detected at line 177
\OT1/cmr/m/n/10.95 III.15.2. 
 []


Overfull \hbox (2.9808pt too wide) detected at line 178
\OT1/cmr/m/n/10.95 III.15.3. 
 []


Overfull \hbox (2.9808pt too wide) detected at line 180
\OT1/cmr/m/n/10.95 III.15.4. 
 []


Overfull \hbox (2.9808pt too wide) detected at line 181
\OT1/cmr/m/n/10.95 III.15.5. 
 []


Overfull \hbox (4.31909pt too wide) detected at line 182
\OT1/cmr/m/n/10.95 III.16. 
 []


Overfull \hbox (4.31909pt too wide) detected at line 192
\OT1/cmr/m/n/10.95 III.17. 
 []


Overfull \hbox (2.9808pt too wide) detected at line 194
\OT1/cmr/m/n/10.95 III.17.1. 
 []


Overfull \hbox (2.9808pt too wide) detected at line 195
\OT1/cmr/m/n/10.95 III.17.2. 
 []


Overfull \hbox (2.9808pt too wide) detected at line 196
\OT1/cmr/m/n/10.95 III.17.3. 
 []


Overfull \hbox (2.9808pt too wide) detected at line 197
\OT1/cmr/m/n/10.95 III.17.4. 
 []


Overfull \hbox (2.9808pt too wide) detected at line 198
\OT1/cmr/m/n/10.95 III.17.5. 
 []


Overfull \hbox (2.9808pt too wide) detected at line 200
\OT1/cmr/m/n/10.95 III.17.6. 
 []


Overfull \hbox (4.31909pt too wide) detected at line 210
\OT1/cmr/m/n/10.95 III.18. 
 []


Overfull \hbox (2.9808pt too wide) detected at line 211
\OT1/cmr/m/n/10.95 III.18.1. 
 []


Overfull \hbox (2.9808pt too wide) detected at line 212
\OT1/cmr/m/n/10.95 III.18.2. 
 []


Overfull \hbox (2.9808pt too wide) detected at line 215
\OT1/cmr/m/n/10.95 III.18.3. 
 []


Overfull \hbox (2.9808pt too wide) detected at line 217
\OT1/cmr/m/n/10.95 III.18.4. 
 []


Overfull \hbox (2.9808pt too wide) detected at line 218
\OT1/cmr/m/n/10.95 III.18.5. 
 []


Overfull \hbox (2.9808pt too wide) detected at line 219
\OT1/cmr/m/n/10.95 III.18.6. 
 []


Overfull \hbox (2.9808pt too wide) detected at line 220
\OT1/cmr/m/n/10.95 III.18.7. 
 []


Overfull \hbox (2.9808pt too wide) detected at line 223
\OT1/cmr/m/n/10.95 III.18.8. 
 []


Overfull \hbox (4.31909pt too wide) detected at line 224
\OT1/cmr/m/n/10.95 III.19. 
 []


Overfull \hbox (2.9808pt too wide) detected at line 225
\OT1/cmr/m/n/10.95 III.19.1. 
 []


Overfull \hbox (2.9808pt too wide) detected at line 229
\OT1/cmr/m/n/10.95 III.19.2. 
 []


Overfull \hbox (2.9808pt too wide) detected at line 230
\OT1/cmr/m/n/10.95 III.19.3. 
 []


Overfull \hbox (4.31909pt too wide) detected at line 231
\OT1/cmr/m/n/10.95 III.20. 
 []


Overfull \hbox (2.9808pt too wide) detected at line 232
\OT1/cmr/m/n/10.95 III.20.1. 
 []


Overfull \hbox (2.9808pt too wide) detected at line 235
\OT1/cmr/m/n/10.95 III.20.2. 
 []


Overfull \hbox (2.9808pt too wide) detected at line 240
\OT1/cmr/m/n/10.95 III.20.3. 
 []


Overfull \hbox (4.31909pt too wide) detected at line 246
\OT1/cmr/m/n/10.95 III.21. 
 []


Overfull \hbox (2.9808pt too wide) detected at line 247
\OT1/cmr/m/n/10.95 III.21.1. 
 []


Overfull \hbox (2.9808pt too wide) detected at line 248
\OT1/cmr/m/n/10.95 III.21.2. 
 []


Overfull \hbox (4.31909pt too wide) detected at line 249
\OT1/cmr/m/n/10.95 III.22. 
 []


Overfull \hbox (2.9808pt too wide) detected at line 250
\OT1/cmr/m/n/10.95 III.22.1. 
 []


Overfull \hbox (2.9808pt too wide) detected at line 258
\OT1/cmr/m/n/10.95 III.22.2. 
 []

Class scrbook Info: You've told me to use the font selection of the element
(scrbook)           `sectioning' that is an alias of element `disposition'
(scrbook)            on input line 261.
Class scrbook Info: You've told me to use the font selection of the element
(scrbook)           `sectioning' that is an alias of element `disposition'
(scrbook)            on input line 272.
)
\tf@toc=\write6
\openout6 = `Info2.toc'.

 [5] [6]
Kapitel I.
[7


] [8


]
Kapitel II.
LaTeX Font Info:    Try loading font information for OMS+cmr on input line 68.
(/usr/share/texmf-texlive/tex/latex/base/omscmr.fd
File: omscmr.fd 1999/05/25 v2.5h Standard LaTeX font definitions
)
LaTeX Font Info:    Font shape `OMS/cmr/m/n' in size <10.95> not available
(Font)              Font shape `OMS/cmsy/m/n' tried instead on input line 68.
 [9] [10] [11] [12] [13]
[14] [15] [16] [17]

Package hyperref Warning: No destination for bookmark of \addcontentsline,
(hyperref)                destination is added on input line 489.

[18] [19] [20] [21]
Underfull \hbox (badness 10000) in paragraph at lines 682--684

 []

[22] <xymatrix 3x2 94> <xymatrix 3x2 94>

Package hyperref Warning: Token not allowed in a PDF string (PDFDocEncoding):
(hyperref)                removing `math shift' on input line 728.


Package hyperref Warning: Token not allowed in a PDF string (PDFDocEncoding):
(hyperref)                removing `math shift' on input line 728.

<xymatrix 7x3 290> [23] <xymatrix 3x2 94> [24] [25] [26


]
Kapitel III.

Underfull \hbox (badness 10000) in paragraph at lines 847--855

 []


Underfull \hbox (badness 10000) in paragraph at lines 847--855

 []

[27] [28] [29]
Warning: Indentation ends at level 2 in codebox on page 30.
[30]

Package hyperref Warning: Token not allowed in a PDF string (PDFDocEncoding):
(hyperref)                removing `math shift' on input line 1093.


Package hyperref Warning: Token not allowed in a PDF string (PDFDocEncoding):
(hyperref)                removing `\Theta' on input line 1093.


Package hyperref Warning: Token not allowed in a PDF string (PDFDocEncoding):
(hyperref)                removing `math shift' on input line 1093.


Package hyperref Warning: Token not allowed in a PDF string (PDFDocEncoding):
(hyperref)                removing `math shift' on input line 1115.


Package hyperref Warning: Token not allowed in a PDF string (PDFDocEncoding):
(hyperref)                removing `\Omega' on input line 1115.


Package hyperref Warning: Token not allowed in a PDF string (PDFDocEncoding):
(hyperref)                removing `math shift' on input line 1115.

[31] [32]

Package hyperref Warning: Token not allowed in a PDF string (PDFDocEncoding):
(hyperref)                removing `math shift' on input line 1184.


Package hyperref Warning: Token not allowed in a PDF string (PDFDocEncoding):
(hyperref)                removing `math shift' on input line 1184.


Package hyperref Warning: Token not allowed in a PDF string (PDFDocEncoding):
(hyperref)                removing `math shift' on input line 1200.


Package hyperref Warning: Token not allowed in a PDF string (PDFDocEncoding):
(hyperref)                removing `\omega' on input line 1200.


Package hyperref Warning: Token not allowed in a PDF string (PDFDocEncoding):
(hyperref)                removing `math shift' on input line 1200.

[33] [34] [35]
Underfull \hbox (badness 10000) in paragraph at lines 1326--1327

 []

[36]
Underfull \hbox (badness 10000) in paragraph at lines 1364--1366

 []


Underfull \hbox (badness 10000) in paragraph at lines 1391--1394

 []


Underfull \hbox (badness 10000) in paragraph at lines 1396--1397

 []


Underfull \hbox (badness 10000) in paragraph at lines 1398--1399

 []

[37]
Underfull \hbox (badness 10000) in paragraph at lines 1434--1436

 []

[38]
Underfull \hbox (badness 10000) in paragraph at lines 1477--1479

 []

Warning: Indentation ends at level 1 in codebox on page 39.
[39]
LaTeX Font Info:    Font shape `OT1/cmtt/bx/n' in size <10.95> not available
(Font)              Font shape `OT1/cmtt/m/n' tried instead on input line 1525.

 [40]
Underfull \hbox (badness 10000) in paragraph at lines 1575--1577

 []

Warning: Indentation ends at level 1 in codebox on page 41.

Underfull \hbox (badness 10000) in paragraph at lines 1609--1612

 []

[41]
Underfull \hbox (badness 10000) in paragraph at lines 1627--1630

 []


Underfull \hbox (badness 10000) in paragraph at lines 1627--1630

 []


Underfull \hbox (badness 10000) in paragraph at lines 1631--1643

 []


Underfull \hbox (badness 10000) in paragraph at lines 1644--1645

 []

<xymatrix 3x4 458> <xymatrix 3x4 458> [42]
Underfull \hbox (badness 10000) in paragraph at lines 1705--1706

 []


Underfull \hbox (badness 10000) in paragraph at lines 1708--1710

 []


Underfull \hbox (badness 10000) in paragraph at lines 1711--1712

 []


Underfull \hbox (badness 10000) in paragraph at lines 1713--1721

 []


Underfull \hbox (badness 10000) in paragraph at lines 1722--1723

 []


Underfull \hbox (badness 10000) in paragraph at lines 1722--1723

 []


Underfull \vbox (badness 5022) has occurred while \output is active []

 [43]
Underfull \hbox (badness 10000) in paragraph at lines 1741--1751

 []


Underfull \hbox (badness 10000) in paragraph at lines 1741--1751

 []


Underfull \hbox (badness 10000) in paragraph at lines 1775--1782

 []


Underfull \hbox (badness 10000) in paragraph at lines 1775--1782

 []


Underfull \hbox (badness 10000) in paragraph at lines 1775--1782

 []


Overfull \hbox (1.78726pt too wide) in paragraph at lines 1775--1782
[]\OT1/cmr/m/n/10.95 uberhaupt und wur-de vom Clay Ma-the-ma-tics In-sti-tu-te 
in sei-ne Li-ste der Millennium-
 []

[44]
Underfull \hbox (badness 10000) in paragraph at lines 1786--1802

 []


Underfull \hbox (badness 10000) in paragraph at lines 1786--1802

 []


Underfull \hbox (badness 10000) in paragraph at lines 1786--1802

 []


Underfull \hbox (badness 10000) in paragraph at lines 1804--1808

 []


Underfull \hbox (badness 10000) in paragraph at lines 1809--1810

 []


Underfull \hbox (badness 10000) in paragraph at lines 1811--1836

 []


Underfull \hbox (badness 10000) in paragraph at lines 1811--1836

 []


Underfull \hbox (badness 10000) in paragraph at lines 1811--1836

 []

[45] [46]
Overfull \hbox (7.14124pt too wide) in paragraph at lines 1966--1966
| [] 
 []

[47] <xymatrix 6x8 793> [48] [49]
Underfull \hbox (badness 10000) in paragraph at lines 2073--2076

 []


Underfull \hbox (badness 10000) in paragraph at lines 2076--2079

 []

[50]
Underfull \hbox (badness 10000) in paragraph at lines 2104--2106

 []


Underfull \hbox (badness 10000) in paragraph at lines 2108--2115

 []


Underfull \hbox (badness 10000) in paragraph at lines 2116--2117

 []


Underfull \hbox (badness 10000) in paragraph at lines 2126--2129

 []


Underfull \hbox (badness 10000) in paragraph at lines 2129--2132

 []


Underfull \hbox (badness 10000) in paragraph at lines 2132--2134

 []


Underfull \hbox (badness 10000) in paragraph at lines 2136--2141

 []

[51]
Underfull \hbox (badness 10000) in paragraph at lines 2157--2158

 []


Underfull \hbox (badness 10000) in paragraph at lines 2159--2162

 []


Underfull \hbox (badness 10000) in paragraph at lines 2162--2165

 []


Underfull \hbox (badness 10000) in paragraph at lines 2168--2170

 []


Underfull \hbox (badness 10000) in paragraph at lines 2187--2191

 []


Underfull \hbox (badness 10000) in paragraph at lines 2191--2193

 []


Underfull \hbox (badness 10000) in paragraph at lines 2207--2213

 []

[52]
Underfull \hbox (badness 10000) in paragraph at lines 2213--2217

 []


Underfull \hbox (badness 10000) in paragraph at lines 2219--2225

 []

[53]
Underfull \hbox (badness 10000) in paragraph at lines 2263--2265

 []

[54] <xymatrix 3x3 310> [55] <xymatrix 5x4 320>
Underfull \vbox (badness 2435) has occurred while \output is active []

 [56]
[57]
Overfull \hbox (10.51027pt too wide) in paragraph at lines 2439--2440
[]\OT1/cmr/m/n/10.95 Post-Order-Traversierung (die Wur-zel wird nach den bei-de
n Teilb[]aumen aus-ge-ge-ben $(\OML/cmm/m/it/10.95 a; b; t\OT1/cmr/m/n/10.95 )$
) 
 []

<xymatrix 3x2 94> <xymatrix 5x3 232> [58] <xymatrix 8x5 502> [59]
Warning: Indentation ends at level 1 in codebox on page 60.
[60] [61]
Warning: Indentation ends at level -4 in codebox on page 62.

Underfull \vbox (badness 4569) has occurred while \output is active []

 [62]
Warning: Indentation ends at level -3 in codebox on page 63.
(/usr/share/texmf-texlive/tex/generic/xypic/xy.tex not reloaded) <xymatrix
15x5 644> (/usr/share/texmf-texlive/tex/generic/xypic/xy.tex not reloaded)
<xymatrix 15x5 620> (/usr/share/texmf-texlive/tex/generic/xypic/xy.tex
not reloaded) <xymatrix 15x5

Xy-pic Warning: illegal [<shape>] ignored: shape [red] not defined [Info2:2823]
.

596> (/usr/share/texmf-texlive/tex/generic/xypic/xy.tex not reloaded)
<xymatrix 10x4 447> [63]
Underfull \hbox (badness 10000) in paragraph at lines 2859--2863

 []

[64] [65]
Underfull \hbox (badness 10000) in paragraph at lines 2885--2889

 []

[66] <xymatrix 4x9 656> <xymatrix 4x3 458> [67]
LaTeX Font Info:    Font shape `OMS/cmr/m/it' in size <10.95> not available
(Font)              Font shape `OMS/cmsy/m/n' tried instead on input line 2986.


Underfull \hbox (badness 10000) in paragraph at lines 2996--2997

 []

<xymatrix 4x2 362> [68]
Underfull \hbox (badness 10000) in paragraph at lines 3028--3030

 []


Underfull \hbox (badness 10000) in paragraph at lines 3031--3033

 []


Underfull \hbox (badness 10000) in paragraph at lines 3036--3038

 []


Underfull \hbox (badness 10000) in paragraph at lines 3039--3040

 []

[69]
Underfull \hbox (badness 10000) in paragraph at lines 3088--3090

 []


Underfull \hbox (badness 10000) in paragraph at lines 3091--3093

 []


Underfull \hbox (badness 10000) in paragraph at lines 3094--3095

 []


Underfull \hbox (badness 10000) in paragraph at lines 3096--3097

 []

[70]
Underfull \hbox (badness 10000) in paragraph at lines 3113--3115

 []


Underfull \hbox (badness 10000) in paragraph at lines 3116--3117

 []


Underfull \hbox (badness 10000) in paragraph at lines 3125--3126

 []


Overfull \hbox (2.13876pt too wide) in paragraph at lines 3129--3130
[]\OT1/cmr/m/n/10.95 Naive Me-tho-de: Be-rech-ne zu-naechst die Rei-he von Wer-
ten $\OML/cmm/m/it/10.95 x[]; x[]; [] ; x[]$\OT1/cmr/m/n/10.95 , da-mit $5\OML/
cmm/m/it/10.95 x; \OMS/cmsy/m/n/10.95 ^^@\OT1/cmr/m/n/10.95 10\OML/cmm/m/it/10.
95 x[]; [] $\OT1/cmr/m/n/10.95 ,
 []


Underfull \hbox (badness 10000) in paragraph at lines 3135--3136

 []


Underfull \hbox (badness 10000) in paragraph at lines 3138--3140

 []

[71]
Underfull \hbox (badness 10000) in paragraph at lines 3148--3149

 []


Underfull \hbox (badness 10000) in paragraph at lines 3155--3159

 []

Warning: Indentation ends at level -1 in codebox on page 72.
[72]
Underfull \hbox (badness 10000) in paragraph at lines 3202--3203

 []


Underfull \hbox (badness 10000) in paragraph at lines 3210--3212

 []

[73] [74] [75] [76


]
Kapitel IV.
<xymatrix

Xy-pic Warning: illegal [<shape>] ignored: shape [-] not defined [Info2:3332].


Xy-pic Warning: illegal [<shape>] ignored: shape [-] not defined [Info2:3332].

3x1

Xy-pic Warning: illegal [<shape>] ignored: shape [-] not defined [Info2:3332].


Xy-pic Warning: illegal [<shape>] ignored: shape [-] not defined [Info2:3332].


Xy-pic Warning: illegal [<shape>] ignored: shape [-] not defined [Info2:3332].


Xy-pic Warning: illegal [<shape>] ignored: shape [-] not defined [Info2:3332].

110>
Underfull \hbox (badness 10000) in paragraph at lines 3351--3352

 []

<xymatrix

Xy-pic Warning: illegal [<shape>] ignored: shape [-] not defined [Info2:3362].


Xy-pic Warning: illegal [<shape>] ignored: shape [-] not defined [Info2:3362].


Xy-pic Warning: illegal [<shape>] ignored: shape [-] not defined [Info2:3362].

1x3

Xy-pic Warning: illegal [<shape>] ignored: shape [-] not defined [Info2:3362].


Xy-pic Warning: illegal [<shape>] ignored: shape [-] not defined [Info2:3362].


Xy-pic Warning: illegal [<shape>] ignored: shape [-] not defined [Info2:3362].


Xy-pic Warning: illegal [<shape>] ignored: shape [-] not defined [Info2:3362].


Xy-pic Warning: illegal [<shape>] ignored: shape [-] not defined [Info2:3362].


Xy-pic Warning: illegal [<shape>] ignored: shape [-] not defined [Info2:3362].

96> [77] (./Info2.ind)
\tf@thm=\write7
\openout7 = `Info2.thm'.

 [78] (./Info2.aux) ) 
Here is how much of TeX's memory you used:
 11768 strings out of 493857
 155274 string characters out of 1153304
 380511 words of memory out of 3000000
 14302 multiletter control sequences out of 15000+50000
 25989 words of font info for 107 fonts, out of 3000000 for 9000
 714 hyphenation exceptions out of 8191
 51i,22n,43p,450b,691s stack positions out of 5000i,500n,10000p,200000b,50000s
</usr/share/texmf-texlive/fonts/type1/public/amsfonts/cm/c
mbx10.pfb></usr/share/texmf-texlive/fonts/type1/public/amsfonts/cm/cmcsc10.pfb>
</usr/share/texmf-texlive/fonts/type1/public/amsfonts/cm/cmex10.pfb></usr/share
/texmf-texlive/fonts/type1/public/amsfonts/cmextra/cmex8.pfb></usr/share/texmf-
texlive/fonts/type1/public/amsfonts/cm/cmmi10.pfb></usr/share/texmf-texlive/fon
ts/type1/public/amsfonts/cm/cmmi12.pfb></usr/share/texmf-texlive/fonts/type1/pu
blic/amsfonts/cm/cmmi6.pfb></usr/share/texmf-texlive/fonts/type1/public/amsfont
s/cm/cmmi8.pfb></usr/share/texmf-texlive/fonts/type1/public/amsfonts/cm/cmr10.p
fb></usr/share/texmf-texlive/fonts/type1/public/amsfonts/cm/cmr12.pfb></usr/sha
re/texmf-texlive/fonts/type1/public/amsfonts/cm/cmr6.pfb></usr/share/texmf-texl
ive/fonts/type1/public/amsfonts/cm/cmr8.pfb></usr/share/texmf-texlive/fonts/typ
e1/public/amsfonts/cm/cmr9.pfb></usr/share/texmf-texlive/fonts/type1/public/ams
fonts/cm/cmsl10.pfb></usr/share/texmf-texlive/fonts/type1/public/amsfonts/cm/cm
ssbx10.pfb></usr/share/texmf-texlive/fonts/type1/public/amsfonts/cm/cmsy10.pfb>
</usr/share/texmf-texlive/fonts/type1/public/amsfonts/cm/cmsy6.pfb></usr/share/
texmf-texlive/fonts/type1/public/amsfonts/cm/cmsy8.pfb></usr/share/texmf-texliv
e/fonts/type1/public/amsfonts/cm/cmti10.pfb></usr/share/texmf-texlive/fonts/typ
e1/public/amsfonts/cm/cmtt10.pfb></usr/share/texmf-texlive/fonts/type1/public/a
msfonts/cm/cmtt12.pfb></usr/share/texmf-texlive/fonts/type1/public/amsfonts/lat
xfont/lasy10.pfb></usr/share/texmf-texlive/fonts/type1/public/amsfonts/symbols/
msam10.pfb></usr/share/texmf-texlive/fonts/type1/public/amsfonts/symbols/msbm10
.pfb></usr/share/texmf-texlive/fonts/type1/public/xypic/xyatip10.pfb></usr/shar
e/texmf-texlive/fonts/type1/public/xypic/xybtip10.pfb></usr/share/texmf-texlive
/fonts/type1/public/xypic/xycirc10.pfb></usr/share/texmf-texlive/fonts/type1/pu
blic/xypic/xydash10.pfb>
Output written on Info2.pdf (78 pages, 676821 bytes).
PDF statistics:
 1514 PDF objects out of 1728 (max. 8388607)
 484 named destinations out of 1000 (max. 500000)
 1113 words of extra memory for PDF output out of 10000 (max. 10000000)

