
Running /usr/bin/pdflatex Info2.tex in an env with 4 entries:
This is pdfTeX, Version 3.1415926-1.40.10 (TeX Live 2009/Debian)
entering extended mode
(data/Info2.tex
LaTeX2e <2009/09/24>
Babel <v3.8l> and hyphenation patterns for english, usenglishmax, dumylang, noh
yphenation, farsi, arabic, croatian, bulgarian, ukrainian, russian, czech, slov
ak, danish, dutch, finnish, french, basque, ngerman, german, german-x-2009-06-1
9, ngerman-x-2009-06-19, ibycus, monogreek, greek, ancientgreek, hungarian, san
skrit, italian, latin, latvian, lithuanian, mongolian2a, mongolian, bokmal, nyn
orsk, romanian, irish, coptic, serbian, turkish, welsh, esperanto, uppersorbian
, estonian, indonesian, interlingua, icelandic, kurmanji, slovenian, polish, po
rtuguese, spanish, galician, catalan, swedish, ukenglish, loaded.
(/usr/share/texmf-texlive/tex/latex/koma-script/scrbook.cls
Document Class: scrbook 2009/07/24 v3.04a KOMA-Script document class (book)
(/usr/share/texmf-texlive/tex/latex/koma-script/scrkbase.sty
(/usr/share/texmf-texlive/tex/latex/koma-script/scrbase.sty
(/usr/share/texmf-texlive/tex/latex/graphics/keyval.sty)
(/usr/share/texmf-texlive/tex/latex/koma-script/scrlfile.sty
Package scrlfile, 2009/03/25 v3.03 KOMA-Script package (loading files)
                  Copyright (C) Markus Kohm

))) (/usr/share/texmf-texlive/tex/latex/koma-script/tocbasic.sty)
(/usr/share/texmf-texlive/tex/latex/koma-script/scrsize11pt.clo)
(/usr/share/texmf-texlive/tex/latex/koma-script/typearea.sty
Package typearea, 2009/07/24 v3.04a KOMA-Script package (type area)
                  Copyright (C) Frank Neukam, 1992-1994
                  Copyright (C) Markus Kohm, 1994-

)) (data/info.sty (data/latexki.sty)
(/usr/share/texmf-texlive/tex/generic/babel/babel.sty
(/usr/share/texmf-texlive/tex/generic/babel/germanb.ldf
(/usr/share/texmf-texlive/tex/generic/babel/babel.def)))
(/usr/share/texmf-texlive/tex/latex/base/inputenc.sty
(/usr/share/texmf-texlive/tex/latex/base/utf8.def
(/usr/share/texmf-texlive/tex/latex/base/t1enc.dfu)
(/usr/share/texmf-texlive/tex/latex/base/ot1enc.dfu)
(/usr/share/texmf-texlive/tex/latex/base/omsenc.dfu)))
(/usr/share/texmf-texlive/tex/latex/amsfonts/amsfonts.sty)
(/usr/share/texmf-texlive/tex/latex/amsfonts/amssymb.sty)
(/usr/share/texmf-texlive/tex/latex/amsmath/amsmath.sty
For additional information on amsmath, use the `?' option.
(/usr/share/texmf-texlive/tex/latex/amsmath/amstext.sty
(/usr/share/texmf-texlive/tex/latex/amsmath/amsgen.sty))
(/usr/share/texmf-texlive/tex/latex/amsmath/amsbsy.sty)
(/usr/share/texmf-texlive/tex/latex/amsmath/amsopn.sty))
(/usr/share/texmf-texlive/tex/latex/stmaryrd/stmaryrd.sty)
(/usr/share/texmf-texlive/tex/latex/tools/verbatim.sty)
(/usr/share/texmf-texlive/tex/latex/base/ifthen.sty)
(/usr/share/texmf-texlive/tex/latex/ntheorem/ntheorem.sty
Style `ntheorem', Version 1.25 <2005/07/07>
) (/usr/share/texmf-texlive/tex/latex/ltxmisc/framed.sty)
(/usr/share/texmf-texlive/tex/latex/pstricks/pstricks.sty
(/usr/share/texmf-texlive/tex/generic/pstricks/pstricks.tex
`PSTricks' v1.29  <2009/05/19> (tvz)
(/usr/share/texmf-texlive/tex/generic/pstricks/pstricks.con))
(/usr/share/texmf/tex/latex/xcolor/xcolor.sty
(/etc/texmf/tex/latex/config/color.cfg)
(/usr/share/texmf-texlive/tex/latex/pdftex-def/pdftex.def)))
(/usr/share/texmf-texlive/tex/latex/carlisle/slashed.sty)
(/usr/share/texmf-texlive/tex/latex/hyperref/hyperref.sty
(/usr/share/texmf-texlive/tex/generic/oberdiek/ifpdf.sty)
(/usr/share/texmf-texlive/tex/generic/oberdiek/ifvtex.sty)
(/usr/share/texmf-texlive/tex/generic/ifxetex/ifxetex.sty)
(/usr/share/texmf-texlive/tex/latex/oberdiek/hycolor.sty
(/usr/share/texmf-texlive/tex/latex/oberdiek/xcolor-patch.sty))
(/usr/share/texmf-texlive/tex/latex/hyperref/pd1enc.def)
(/usr/share/texmf-texlive/tex/generic/oberdiek/etexcmds.sty
(/usr/share/texmf-texlive/tex/generic/oberdiek/infwarerr.sty))
(/usr/share/texmf-texlive/tex/latex/latexconfig/hyperref.cfg)
(/usr/share/texmf-texlive/tex/latex/oberdiek/kvoptions.sty
(/usr/share/texmf-texlive/tex/generic/oberdiek/kvsetkeys.sty))
Implicit mode ON; LaTeX internals redefined
(/usr/share/texmf-texlive/tex/latex/ltxmisc/url.sty)
(/usr/share/texmf-texlive/tex/generic/oberdiek/bitset.sty
(/usr/share/texmf-texlive/tex/generic/oberdiek/intcalc.sty)
(/usr/share/texmf-texlive/tex/generic/oberdiek/bigintcalc.sty
(/usr/share/texmf-texlive/tex/generic/oberdiek/pdftexcmds.sty
(/usr/share/texmf-texlive/tex/generic/oberdiek/ifluatex.sty)
(/usr/share/texmf-texlive/tex/generic/oberdiek/ltxcmds.sty))))
(/usr/share/texmf-texlive/tex/generic/oberdiek/atbegshi.sty))
*hyperref using default driver hpdftex*
(/usr/share/texmf-texlive/tex/latex/hyperref/hpdftex.def))
(/usr/share/texmf-texlive/tex/latex/base/makeidx.sty)
(/usr/share/texmf-texlive/tex/latex/clrscode/clrscode.sty
(/usr/share/texmf-texlive/tex/latex/base/latexsym.sty))
(/usr/share/texmf-texlive/tex/generic/xypic/xy.sty
(/usr/share/texmf-texlive/tex/generic/xypic/xy.tex Bootstrap'ing: catcodes,
docmode, (/usr/share/texmf-texlive/tex/generic/xypic/xyrecat.tex)
(/usr/share/texmf-texlive/tex/generic/xypic/xyidioms.tex)

 Xy-pic version 3.7 <1999/02/16>
 Copyright (c) 1991-1998 by Kristoffer H. Rose <krisrose@ens-lyon.fr>
 Xy-pic is free software: see the User's Guide for details.

Loading kernel: messages; fonts; allocations: state, direction,
utility macros; pictures: \xy, positions, objects, decorations;
kernel objects: directionals, circles, text; options; algorithms: directions,
edges, connections;  Xy-pic loaded)
(/usr/share/texmf-texlive/tex/generic/xypic/xyall.tex
 Xy-pic option: All features v.3.3
(/usr/share/texmf-texlive/tex/generic/xypic/xycurve.tex
 Xy-pic option: Curve and Spline extension v.3.7 curve, circles, loaded)
(/usr/share/texmf-texlive/tex/generic/xypic/xyframe.tex
 Xy-pic option: Frame and Bracket extension v.3.7 loaded)
(/usr/share/texmf-texlive/tex/generic/xypic/xycmtip.tex
 Xy-pic option: Computer Modern tip extension v.3.3
(/usr/share/texmf-texlive/tex/generic/xypic/xytips.tex
 Xy-pic option: More Tips extension v.3.3 loaded) loaded)
(/usr/share/texmf-texlive/tex/generic/xypic/xyline.tex
 Xy-pic option: Line styles extension v.3.6 loaded)
(/usr/share/texmf-texlive/tex/generic/xypic/xyrotate.tex
 Xy-pic option: Rotate and Scale extension v.3.3 loaded)
(/usr/share/texmf-texlive/tex/generic/xypic/xycolor.tex
 Xy-pic option: Colour extension v.3.3 loaded)
(/usr/share/texmf-texlive/tex/generic/xypic/xymatrix.tex
 Xy-pic option: Matrix feature v.3.4 loaded)
(/usr/share/texmf-texlive/tex/generic/xypic/xyarrow.tex
 Xy-pic option: Arrow and Path feature v.3.5 path, \ar, loaded)
(/usr/share/texmf-texlive/tex/generic/xypic/xygraph.tex
 Xy-pic option: Graph feature v.3.7 loaded) loaded))
Writing index file Info2.idx
No file Info2.aux.
(/usr/share/texmf-texlive/tex/context/base/supp-pdf.mkii
[Loading MPS to PDF converter (version 2006.09.02).]
) (/usr/share/texmf-texlive/tex/latex/hyperref/nameref.sty
(/usr/share/texmf-texlive/tex/latex/oberdiek/refcount.sty))
(/usr/share/texmf-texlive/tex/latex/amsfonts/umsa.fd)
(/usr/share/texmf-texlive/tex/latex/amsfonts/umsb.fd)
(/usr/share/texmf-texlive/tex/latex/stmaryrd/Ustmry.fd)
(/usr/share/texmf-texlive/tex/latex/base/ulasy.fd) [1
Non-PDF special ignored!
Non-PDF special ignored!
Non-PDF special ignored!{/var/lib/texmf/fonts/map/pdftex/updmap/pdftex.map}]
[2]

Package hyperref Warning: No destination for bookmark of \addcontentsline,
(hyperref)                destination is added on input line 20.

[3] [4]
Kapitel I.
[5] [6]
Kapitel II.
(/usr/share/texmf-texlive/tex/latex/base/omscmr.fd) [7] [8] [9] [10] [11]
[12] [13] [14] [15]

Package hyperref Warning: No destination for bookmark of \addcontentsline,
(hyperref)                destination is added on input line 489.

[16] [17] [18] [19]
Underfull \hbox (badness 10000) in paragraph at lines 682--684

[20] <xymatrix 3x2 94> <xymatrix 3x2 94>

Package hyperref Warning: Token not allowed in a PDF string (PDFDocEncoding):
(hyperref)                removing `math shift' on input line 728.


Package hyperref Warning: Token not allowed in a PDF string (PDFDocEncoding):
(hyperref)                removing `math shift' on input line 728.

<xymatrix 7x3 290> [21] <xymatrix 3x2 94> [22] [23] [24]
Kapitel III.

Underfull \hbox (badness 10000) in paragraph at lines 847--855


Underfull \hbox (badness 10000) in paragraph at lines 847--855

[25] [26] [27]
Warning: Indentation ends at level 2 in codebox on page 28.
[28]

Package hyperref Warning: Token not allowed in a PDF string (PDFDocEncoding):
(hyperref)                removing `math shift' on input line 1093.


Package hyperref Warning: Token not allowed in a PDF string (PDFDocEncoding):
(hyperref)                removing `\Theta' on input line 1093.


Package hyperref Warning: Token not allowed in a PDF string (PDFDocEncoding):
(hyperref)                removing `math shift' on input line 1093.


Package hyperref Warning: Token not allowed in a PDF string (PDFDocEncoding):
(hyperref)                removing `math shift' on input line 1115.


Package hyperref Warning: Token not allowed in a PDF string (PDFDocEncoding):
(hyperref)                removing `\Omega' on input line 1115.


Package hyperref Warning: Token not allowed in a PDF string (PDFDocEncoding):
(hyperref)                removing `math shift' on input line 1115.

[29] [30]

Package hyperref Warning: Token not allowed in a PDF string (PDFDocEncoding):
(hyperref)                removing `math shift' on input line 1184.


Package hyperref Warning: Token not allowed in a PDF string (PDFDocEncoding):
(hyperref)                removing `math shift' on input line 1184.


Package hyperref Warning: Token not allowed in a PDF string (PDFDocEncoding):
(hyperref)                removing `math shift' on input line 1200.


Package hyperref Warning: Token not allowed in a PDF string (PDFDocEncoding):
(hyperref)                removing `\omega' on input line 1200.


Package hyperref Warning: Token not allowed in a PDF string (PDFDocEncoding):
(hyperref)                removing `math shift' on input line 1200.

[31] [32] [33]
Underfull \hbox (badness 10000) in paragraph at lines 1326--1327

[34]
Underfull \hbox (badness 10000) in paragraph at lines 1364--1366


Underfull \hbox (badness 10000) in paragraph at lines 1391--1394


Underfull \hbox (badness 10000) in paragraph at lines 1396--1397


Underfull \hbox (badness 10000) in paragraph at lines 1398--1399

[35]
Underfull \hbox (badness 10000) in paragraph at lines 1434--1436

[36]
Underfull \hbox (badness 10000) in paragraph at lines 1477--1479

Warning: Indentation ends at level 1 in codebox on page 37.
[37] [38]
Underfull \hbox (badness 10000) in paragraph at lines 1575--1577

Warning: Indentation ends at level 1 in codebox on page 39.

Underfull \hbox (badness 10000) in paragraph at lines 1609--1612

[39]
Underfull \hbox (badness 10000) in paragraph at lines 1627--1630


Underfull \hbox (badness 10000) in paragraph at lines 1627--1630


Underfull \hbox (badness 10000) in paragraph at lines 1631--1643


Underfull \hbox (badness 10000) in paragraph at lines 1644--1645

<xymatrix 3x4 458> <xymatrix 3x4 458> [40]
Underfull \hbox (badness 10000) in paragraph at lines 1705--1706


Underfull \hbox (badness 10000) in paragraph at lines 1708--1710


Underfull \hbox (badness 10000) in paragraph at lines 1711--1712


Underfull \hbox (badness 10000) in paragraph at lines 1713--1721


Underfull \hbox (badness 10000) in paragraph at lines 1722--1723


Underfull \hbox (badness 10000) in paragraph at lines 1722--1723


Underfull \vbox (badness 5022) has occurred while \output is active [41]
Underfull \hbox (badness 10000) in paragraph at lines 1741--1751


Underfull \hbox (badness 10000) in paragraph at lines 1741--1751


Underfull \hbox (badness 10000) in paragraph at lines 1775--1782


Underfull \hbox (badness 10000) in paragraph at lines 1775--1782


Underfull \hbox (badness 10000) in paragraph at lines 1775--1782


Overfull \hbox (1.78726pt too wide) in paragraph at lines 1775--1782
[]\OT1/cmr/m/n/10.95 uberhaupt und wur-de vom Clay Ma-the-ma-tics In-sti-tu-te 
in sei-ne Li-ste der Millennium-
[42]
Underfull \hbox (badness 10000) in paragraph at lines 1786--1802


Underfull \hbox (badness 10000) in paragraph at lines 1786--1802


Underfull \hbox (badness 10000) in paragraph at lines 1786--1802


Underfull \hbox (badness 10000) in paragraph at lines 1804--1808


Underfull \hbox (badness 10000) in paragraph at lines 1809--1810


Underfull \hbox (badness 10000) in paragraph at lines 1811--1836


Underfull \hbox (badness 10000) in paragraph at lines 1811--1836


Underfull \hbox (badness 10000) in paragraph at lines 1811--1836

[43] [44]
Overfull \hbox (7.14124pt too wide) in paragraph at lines 1966--1966
| [] 
[45] <xymatrix 6x8 793> [46] [47]
Underfull \hbox (badness 10000) in paragraph at lines 2073--2076


Underfull \hbox (badness 10000) in paragraph at lines 2076--2079

[48]
Underfull \hbox (badness 10000) in paragraph at lines 2104--2106


Underfull \hbox (badness 10000) in paragraph at lines 2108--2115


Underfull \hbox (badness 10000) in paragraph at lines 2116--2117


Underfull \hbox (badness 10000) in paragraph at lines 2126--2129


Underfull \hbox (badness 10000) in paragraph at lines 2129--2132


Underfull \hbox (badness 10000) in paragraph at lines 2132--2134


Underfull \hbox (badness 10000) in paragraph at lines 2136--2141

[49]
Underfull \hbox (badness 10000) in paragraph at lines 2157--2158


Underfull \hbox (badness 10000) in paragraph at lines 2159--2162


Underfull \hbox (badness 10000) in paragraph at lines 2162--2165


Underfull \hbox (badness 10000) in paragraph at lines 2168--2170


Underfull \hbox (badness 10000) in paragraph at lines 2187--2191


Underfull \hbox (badness 10000) in paragraph at lines 2191--2193


Underfull \hbox (badness 10000) in paragraph at lines 2207--2213

[50]
Underfull \hbox (badness 10000) in paragraph at lines 2213--2217


Underfull \hbox (badness 10000) in paragraph at lines 2219--2225

[51]
Underfull \hbox (badness 10000) in paragraph at lines 2263--2265

[52] <xymatrix 3x3 310> [53] <xymatrix 5x4 320>
Underfull \vbox (badness 2435) has occurred while \output is active [54]

LaTeX Warning: Reference `tree3' on page 55 undefined on input line 2415.

[55]
Overfull \hbox (10.51027pt too wide) in paragraph at lines 2439--2440
[]\OT1/cmr/m/n/10.95 Post-Order-Traversierung (die Wur-zel wird nach den bei-de
n Teilb[]aumen aus-ge-ge-ben $(\OML/cmm/m/it/10.95 a; b; t\OT1/cmr/m/n/10.95 )$
) 
<xymatrix 3x2 94>

LaTeX Warning: Reference `tree3' on page 56 undefined on input line 2464.

<xymatrix 5x3 232>

LaTeX Warning: Reference `tree4' on page 56 undefined on input line 2498.

[56] <xymatrix 8x5 502> [57]
Warning: Indentation ends at level 1 in codebox on page 58.
[58] [59]
Warning: Indentation ends at level -4 in codebox on page 60.

Underfull \vbox (badness 4569) has occurred while \output is active [60]
Warning: Indentation ends at level -3 in codebox on page 61.
(/usr/share/texmf-texlive/tex/generic/xypic/xy.tex not reloaded) <xymatrix
15x5 644> (/usr/share/texmf-texlive/tex/generic/xypic/xy.tex not reloaded)
<xymatrix 15x5 620> (/usr/share/texmf-texlive/tex/generic/xypic/xy.tex
not reloaded) <xymatrix 15x5

Xy-pic Warning: illegal [<shape>] ignored: shape [red] not defined [Info2:2823]
.

596> (/usr/share/texmf-texlive/tex/generic/xypic/xy.tex not reloaded)
<xymatrix 10x4 447> [61]
Underfull \hbox (badness 10000) in paragraph at lines 2859--2863

[62] [63]
Underfull \hbox (badness 10000) in paragraph at lines 2885--2889

[64] <xymatrix 4x9 656> <xymatrix 4x3 458> [65]
Underfull \hbox (badness 10000) in paragraph at lines 2996--2997

<xymatrix 4x2 362> [66]
Underfull \hbox (badness 10000) in paragraph at lines 3028--3030


Underfull \hbox (badness 10000) in paragraph at lines 3031--3033


Underfull \hbox (badness 10000) in paragraph at lines 3036--3038


Underfull \hbox (badness 10000) in paragraph at lines 3039--3040

[67]
Underfull \hbox (badness 10000) in paragraph at lines 3088--3090


Underfull \hbox (badness 10000) in paragraph at lines 3091--3093


Underfull \hbox (badness 10000) in paragraph at lines 3094--3095


Underfull \hbox (badness 10000) in paragraph at lines 3096--3097

[68]
Underfull \hbox (badness 10000) in paragraph at lines 3113--3115


Underfull \hbox (badness 10000) in paragraph at lines 3116--3117


Underfull \hbox (badness 10000) in paragraph at lines 3125--3126


Overfull \hbox (2.13876pt too wide) in paragraph at lines 3129--3130
[]\OT1/cmr/m/n/10.95 Naive Me-tho-de: Be-rech-ne zu-naechst die Rei-he von Wer-
ten $\OML/cmm/m/it/10.95 x[]; x[]; [] ; x[]$\OT1/cmr/m/n/10.95 , da-mit $5\OML/
cmm/m/it/10.95 x; \OMS/cmsy/m/n/10.95 ^^@\OT1/cmr/m/n/10.95 10\OML/cmm/m/it/10.
95 x[]; [] $\OT1/cmr/m/n/10.95 ,

Underfull \hbox (badness 10000) in paragraph at lines 3135--3136


Underfull \hbox (badness 10000) in paragraph at lines 3138--3140

[69]
Underfull \hbox (badness 10000) in paragraph at lines 3148--3149


Underfull \hbox (badness 10000) in paragraph at lines 3155--3159

Warning: Indentation ends at level -1 in codebox on page 70.
[70]
Underfull \hbox (badness 10000) in paragraph at lines 3202--3203


Underfull \hbox (badness 10000) in paragraph at lines 3210--3212

[71] [72] [73] [74]
Kapitel IV.
<xymatrix

Xy-pic Warning: illegal [<shape>] ignored: shape [-] not defined [Info2:3332].


Xy-pic Warning: illegal [<shape>] ignored: shape [-] not defined [Info2:3332].

3x1

Xy-pic Warning: illegal [<shape>] ignored: shape [-] not defined [Info2:3332].


Xy-pic Warning: illegal [<shape>] ignored: shape [-] not defined [Info2:3332].


Xy-pic Warning: illegal [<shape>] ignored: shape [-] not defined [Info2:3332].


Xy-pic Warning: illegal [<shape>] ignored: shape [-] not defined [Info2:3332].

110>
Underfull \hbox (badness 10000) in paragraph at lines 3351--3352

<xymatrix

Xy-pic Warning: illegal [<shape>] ignored: shape [-] not defined [Info2:3362].


Xy-pic Warning: illegal [<shape>] ignored: shape [-] not defined [Info2:3362].


Xy-pic Warning: illegal [<shape>] ignored: shape [-] not defined [Info2:3362].

1x3

Xy-pic Warning: illegal [<shape>] ignored: shape [-] not defined [Info2:3362].


Xy-pic Warning: illegal [<shape>] ignored: shape [-] not defined [Info2:3362].


Xy-pic Warning: illegal [<shape>] ignored: shape [-] not defined [Info2:3362].


Xy-pic Warning: illegal [<shape>] ignored: shape [-] not defined [Info2:3362].


Xy-pic Warning: illegal [<shape>] ignored: shape [-] not defined [Info2:3362].


Xy-pic Warning: illegal [<shape>] ignored: shape [-] not defined [Info2:3362].

96> [75]
No file Info2.ind.
[76] (./Info2.aux)

LaTeX Warning: There were undefined references.


LaTeX Warning: Label(s) may have changed. Rerun to get cross-references right.

 )
(see the transcript file for additional information)</usr/share/texmf-texlive/f
onts/type1/public/amsfonts/cm/cmbx10.pfb></usr/share/texmf-texlive/fonts/type1/
public/amsfonts/cm/cmcsc10.pfb></usr/share/texmf-texlive/fonts/type1/public/ams
fonts/cm/cmex10.pfb></usr/share/texmf-texlive/fonts/type1/public/amsfonts/cmext
ra/cmex8.pfb></usr/share/texmf-texlive/fonts/type1/public/amsfonts/cm/cmmi10.pf
b></usr/share/texmf-texlive/fonts/type1/public/amsfonts/cm/cmmi12.pfb></usr/sha
re/texmf-texlive/fonts/type1/public/amsfonts/cm/cmmi6.pfb></usr/share/texmf-tex
live/fonts/type1/public/amsfonts/cm/cmmi8.pfb></usr/share/texmf-texlive/fonts/t
ype1/public/amsfonts/cm/cmr10.pfb></usr/share/texmf-texlive/fonts/type1/public/
amsfonts/cm/cmr12.pfb></usr/share/texmf-texlive/fonts/type1/public/amsfonts/cm/
cmr6.pfb></usr/share/texmf-texlive/fonts/type1/public/amsfonts/cm/cmr8.pfb></us
r/share/texmf-texlive/fonts/type1/public/amsfonts/cm/cmr9.pfb></usr/share/texmf
-texlive/fonts/type1/public/amsfonts/cm/cmsl10.pfb></usr/share/texmf-texlive/fo
nts/type1/public/amsfonts/cm/cmssbx10.pfb></usr/share/texmf-texlive/fonts/type1
/public/amsfonts/cm/cmsy10.pfb></usr/share/texmf-texlive/fonts/type1/public/ams
fonts/cm/cmsy6.pfb></usr/share/texmf-texlive/fonts/type1/public/amsfonts/cm/cms
y8.pfb></usr/share/texmf-texlive/fonts/type1/public/amsfonts/cm/cmti10.pfb></us
r/share/texmf-texlive/fonts/type1/public/amsfonts/cm/cmtt10.pfb></usr/share/tex
mf-texlive/fonts/type1/public/amsfonts/cm/cmtt12.pfb></usr/share/texmf-texlive/
fonts/type1/public/amsfonts/latxfont/lasy10.pfb></usr/share/texmf-texlive/fonts
/type1/public/amsfonts/symbols/msam10.pfb></usr/share/texmf-texlive/fonts/type1
/public/amsfonts/symbols/msbm10.pfb></usr/share/texmf-texlive/fonts/type1/publi
c/xypic/xyatip10.pfb></usr/share/texmf-texlive/fonts/type1/public/xypic/xybtip1
0.pfb></usr/share/texmf-texlive/fonts/type1/public/xypic/xycirc10.pfb></usr/sha
re/texmf-texlive/fonts/type1/public/xypic/xydash10.pfb>
Output written on Info2.pdf (76 pages, 606223 bytes).
Transcript written on Info2.log.
Result: ExitSuccess

Running /usr/bin/makeindex Info2.idx in an env with 4 entries:
This is makeindex, version 2.15 [TeX Live 2009] (kpathsea + Thai support).
Scanning input file Info2.idx...done (0 entries accepted, 0 rejected).
Nothing written in Info2.ind.
Transcript written in Info2.ilg.
Result: ExitSuccess

Running /usr/bin/pdflatex Info2.tex in an env with 4 entries:
This is pdfTeX, Version 3.1415926-1.40.10 (TeX Live 2009/Debian)
entering extended mode
(data/Info2.tex
LaTeX2e <2009/09/24>
Babel <v3.8l> and hyphenation patterns for english, usenglishmax, dumylang, noh
yphenation, farsi, arabic, croatian, bulgarian, ukrainian, russian, czech, slov
ak, danish, dutch, finnish, french, basque, ngerman, german, german-x-2009-06-1
9, ngerman-x-2009-06-19, ibycus, monogreek, greek, ancientgreek, hungarian, san
skrit, italian, latin, latvian, lithuanian, mongolian2a, mongolian, bokmal, nyn
orsk, romanian, irish, coptic, serbian, turkish, welsh, esperanto, uppersorbian
, estonian, indonesian, interlingua, icelandic, kurmanji, slovenian, polish, po
rtuguese, spanish, galician, catalan, swedish, ukenglish, loaded.
(/usr/share/texmf-texlive/tex/latex/koma-script/scrbook.cls
Document Class: scrbook 2009/07/24 v3.04a KOMA-Script document class (book)
(/usr/share/texmf-texlive/tex/latex/koma-script/scrkbase.sty
(/usr/share/texmf-texlive/tex/latex/koma-script/scrbase.sty
(/usr/share/texmf-texlive/tex/latex/graphics/keyval.sty)
(/usr/share/texmf-texlive/tex/latex/koma-script/scrlfile.sty
Package scrlfile, 2009/03/25 v3.03 KOMA-Script package (loading files)
                  Copyright (C) Markus Kohm

))) (/usr/share/texmf-texlive/tex/latex/koma-script/tocbasic.sty)
(/usr/share/texmf-texlive/tex/latex/koma-script/scrsize11pt.clo)
(/usr/share/texmf-texlive/tex/latex/koma-script/typearea.sty
Package typearea, 2009/07/24 v3.04a KOMA-Script package (type area)
                  Copyright (C) Frank Neukam, 1992-1994
                  Copyright (C) Markus Kohm, 1994-

)) (data/info.sty (data/latexki.sty)
(/usr/share/texmf-texlive/tex/generic/babel/babel.sty
(/usr/share/texmf-texlive/tex/generic/babel/germanb.ldf
(/usr/share/texmf-texlive/tex/generic/babel/babel.def)))
(/usr/share/texmf-texlive/tex/latex/base/inputenc.sty
(/usr/share/texmf-texlive/tex/latex/base/utf8.def
(/usr/share/texmf-texlive/tex/latex/base/t1enc.dfu)
(/usr/share/texmf-texlive/tex/latex/base/ot1enc.dfu)
(/usr/share/texmf-texlive/tex/latex/base/omsenc.dfu)))
(/usr/share/texmf-texlive/tex/latex/amsfonts/amsfonts.sty)
(/usr/share/texmf-texlive/tex/latex/amsfonts/amssymb.sty)
(/usr/share/texmf-texlive/tex/latex/amsmath/amsmath.sty
For additional information on amsmath, use the `?' option.
(/usr/share/texmf-texlive/tex/latex/amsmath/amstext.sty
(/usr/share/texmf-texlive/tex/latex/amsmath/amsgen.sty))
(/usr/share/texmf-texlive/tex/latex/amsmath/amsbsy.sty)
(/usr/share/texmf-texlive/tex/latex/amsmath/amsopn.sty))
(/usr/share/texmf-texlive/tex/latex/stmaryrd/stmaryrd.sty)
(/usr/share/texmf-texlive/tex/latex/tools/verbatim.sty)
(/usr/share/texmf-texlive/tex/latex/base/ifthen.sty)
(/usr/share/texmf-texlive/tex/latex/ntheorem/ntheorem.sty
Style `ntheorem', Version 1.25 <2005/07/07>
) (/usr/share/texmf-texlive/tex/latex/ltxmisc/framed.sty)
(/usr/share/texmf-texlive/tex/latex/pstricks/pstricks.sty
(/usr/share/texmf-texlive/tex/generic/pstricks/pstricks.tex
`PSTricks' v1.29  <2009/05/19> (tvz)
(/usr/share/texmf-texlive/tex/generic/pstricks/pstricks.con))
(/usr/share/texmf/tex/latex/xcolor/xcolor.sty
(/etc/texmf/tex/latex/config/color.cfg)
(/usr/share/texmf-texlive/tex/latex/pdftex-def/pdftex.def)))
(/usr/share/texmf-texlive/tex/latex/carlisle/slashed.sty)
(/usr/share/texmf-texlive/tex/latex/hyperref/hyperref.sty
(/usr/share/texmf-texlive/tex/generic/oberdiek/ifpdf.sty)
(/usr/share/texmf-texlive/tex/generic/oberdiek/ifvtex.sty)
(/usr/share/texmf-texlive/tex/generic/ifxetex/ifxetex.sty)
(/usr/share/texmf-texlive/tex/latex/oberdiek/hycolor.sty
(/usr/share/texmf-texlive/tex/latex/oberdiek/xcolor-patch.sty))
(/usr/share/texmf-texlive/tex/latex/hyperref/pd1enc.def)
(/usr/share/texmf-texlive/tex/generic/oberdiek/etexcmds.sty
(/usr/share/texmf-texlive/tex/generic/oberdiek/infwarerr.sty))
(/usr/share/texmf-texlive/tex/latex/latexconfig/hyperref.cfg)
(/usr/share/texmf-texlive/tex/latex/oberdiek/kvoptions.sty
(/usr/share/texmf-texlive/tex/generic/oberdiek/kvsetkeys.sty))
Implicit mode ON; LaTeX internals redefined
(/usr/share/texmf-texlive/tex/latex/ltxmisc/url.sty)
(/usr/share/texmf-texlive/tex/generic/oberdiek/bitset.sty
(/usr/share/texmf-texlive/tex/generic/oberdiek/intcalc.sty)
(/usr/share/texmf-texlive/tex/generic/oberdiek/bigintcalc.sty
(/usr/share/texmf-texlive/tex/generic/oberdiek/pdftexcmds.sty
(/usr/share/texmf-texlive/tex/generic/oberdiek/ifluatex.sty)
(/usr/share/texmf-texlive/tex/generic/oberdiek/ltxcmds.sty))))
(/usr/share/texmf-texlive/tex/generic/oberdiek/atbegshi.sty))
*hyperref using default driver hpdftex*
(/usr/share/texmf-texlive/tex/latex/hyperref/hpdftex.def))
(/usr/share/texmf-texlive/tex/latex/base/makeidx.sty)
(/usr/share/texmf-texlive/tex/latex/clrscode/clrscode.sty
(/usr/share/texmf-texlive/tex/latex/base/latexsym.sty))
(/usr/share/texmf-texlive/tex/generic/xypic/xy.sty
(/usr/share/texmf-texlive/tex/generic/xypic/xy.tex Bootstrap'ing: catcodes,
docmode, (/usr/share/texmf-texlive/tex/generic/xypic/xyrecat.tex)
(/usr/share/texmf-texlive/tex/generic/xypic/xyidioms.tex)

 Xy-pic version 3.7 <1999/02/16>
 Copyright (c) 1991-1998 by Kristoffer H. Rose <krisrose@ens-lyon.fr>
 Xy-pic is free software: see the User's Guide for details.

Loading kernel: messages; fonts; allocations: state, direction,
utility macros; pictures: \xy, positions, objects, decorations;
kernel objects: directionals, circles, text; options; algorithms: directions,
edges, connections;  Xy-pic loaded)
(/usr/share/texmf-texlive/tex/generic/xypic/xyall.tex
 Xy-pic option: All features v.3.3
(/usr/share/texmf-texlive/tex/generic/xypic/xycurve.tex
 Xy-pic option: Curve and Spline extension v.3.7 curve, circles, loaded)
(/usr/share/texmf-texlive/tex/generic/xypic/xyframe.tex
 Xy-pic option: Frame and Bracket extension v.3.7 loaded)
(/usr/share/texmf-texlive/tex/generic/xypic/xycmtip.tex
 Xy-pic option: Computer Modern tip extension v.3.3
(/usr/share/texmf-texlive/tex/generic/xypic/xytips.tex
 Xy-pic option: More Tips extension v.3.3 loaded) loaded)
(/usr/share/texmf-texlive/tex/generic/xypic/xyline.tex
 Xy-pic option: Line styles extension v.3.6 loaded)
(/usr/share/texmf-texlive/tex/generic/xypic/xyrotate.tex
 Xy-pic option: Rotate and Scale extension v.3.3 loaded)
(/usr/share/texmf-texlive/tex/generic/xypic/xycolor.tex
 Xy-pic option: Colour extension v.3.3 loaded)
(/usr/share/texmf-texlive/tex/generic/xypic/xymatrix.tex
 Xy-pic option: Matrix feature v.3.4 loaded)
(/usr/share/texmf-texlive/tex/generic/xypic/xyarrow.tex
 Xy-pic option: Arrow and Path feature v.3.5 path, \ar, loaded)
(/usr/share/texmf-texlive/tex/generic/xypic/xygraph.tex
 Xy-pic option: Graph feature v.3.7 loaded) loaded))
Writing index file Info2.idx
(./Info2.aux) (/usr/share/texmf-texlive/tex/context/base/supp-pdf.mkii
[Loading MPS to PDF converter (version 2006.09.02).]
) (/usr/share/texmf-texlive/tex/latex/hyperref/nameref.sty
(/usr/share/texmf-texlive/tex/latex/oberdiek/refcount.sty)) (./Info2.out)
(./Info2.out) (/usr/share/texmf-texlive/tex/latex/amsfonts/umsa.fd)
(/usr/share/texmf-texlive/tex/latex/amsfonts/umsb.fd)
(/usr/share/texmf-texlive/tex/latex/stmaryrd/Ustmry.fd)
(/usr/share/texmf-texlive/tex/latex/base/ulasy.fd) [1
Non-PDF special ignored!
Non-PDF special ignored!
Non-PDF special ignored!{/var/lib/texmf/fonts/map/pdftex/updmap/pdftex.map}]
[2]

Package hyperref Warning: No destination for bookmark of \addcontentsline,
(hyperref)                destination is added on input line 20.

(./Info2.toc [3]
Overfull \hbox (4.31909pt too wide) detected at line 121
\OT1/cmr/m/n/10.95 III.10. 

Overfull \hbox (4.31909pt too wide) detected at line 123
\OT1/cmr/m/n/10.95 III.11. 

Overfull \hbox (4.31909pt too wide) detected at line 127
\OT1/cmr/m/n/10.95 III.12. 

Overfull \hbox (2.9808pt too wide) detected at line 129
\OT1/cmr/m/n/10.95 III.12.1. 

Overfull \hbox (2.9808pt too wide) detected at line 130
\OT1/cmr/m/n/10.95 III.12.2. 

Overfull \hbox (2.9808pt too wide) detected at line 131
\OT1/cmr/m/n/10.95 III.12.3. 

Overfull \hbox (2.9808pt too wide) detected at line 132
\OT1/cmr/m/n/10.95 III.12.4. 

Overfull \hbox (2.9808pt too wide) detected at line 134
\OT1/cmr/m/n/10.95 III.12.5. 

Overfull \hbox (2.9808pt too wide) detected at line 142
\OT1/cmr/m/n/10.95 III.12.6. 

Overfull \hbox (4.31909pt too wide) detected at line 149
\OT1/cmr/m/n/10.95 III.13. 

Overfull \hbox (2.9808pt too wide) detected at line 151
\OT1/cmr/m/n/10.95 III.13.1. 

Overfull \hbox (2.9808pt too wide) detected at line 153
\OT1/cmr/m/n/10.95 III.13.2. 

Overfull \hbox (2.9808pt too wide) detected at line 154
\OT1/cmr/m/n/10.95 III.13.3. 

Overfull \hbox (2.9808pt too wide) detected at line 158
\OT1/cmr/m/n/10.95 III.13.4. 

Overfull \hbox (2.9808pt too wide) detected at line 161
\OT1/cmr/m/n/10.95 III.13.5. 

Overfull \hbox (2.9808pt too wide) detected at line 162
\OT1/cmr/m/n/10.95 III.13.6. 

Overfull \hbox (2.9808pt too wide) detected at line 163
\OT1/cmr/m/n/10.95 III.13.7. 

Overfull \hbox (2.9808pt too wide) detected at line 164
\OT1/cmr/m/n/10.95 III.13.8. 
[4]
Overfull \hbox (4.31909pt too wide) detected at line 165
\OT1/cmr/m/n/10.95 III.14. 

Overfull \hbox (2.9808pt too wide) detected at line 168
\OT1/cmr/m/n/10.95 III.14.1. 

Overfull \hbox (2.9808pt too wide) detected at line 169
\OT1/cmr/m/n/10.95 III.14.2. 

Overfull \hbox (2.9808pt too wide) detected at line 172
\OT1/cmr/m/n/10.95 III.14.3. 

Overfull \hbox (2.9808pt too wide) detected at line 174
\OT1/cmr/m/n/10.95 III.14.4. 

Overfull \hbox (4.31909pt too wide) detected at line 175
\OT1/cmr/m/n/10.95 III.15. 

Overfull \hbox (2.9808pt too wide) detected at line 176
\OT1/cmr/m/n/10.95 III.15.1. 

Overfull \hbox (2.9808pt too wide) detected at line 177
\OT1/cmr/m/n/10.95 III.15.2. 

Overfull \hbox (2.9808pt too wide) detected at line 178
\OT1/cmr/m/n/10.95 III.15.3. 

Overfull \hbox (2.9808pt too wide) detected at line 180
\OT1/cmr/m/n/10.95 III.15.4. 

Overfull \hbox (2.9808pt too wide) detected at line 181
\OT1/cmr/m/n/10.95 III.15.5. 

Overfull \hbox (4.31909pt too wide) detected at line 182
\OT1/cmr/m/n/10.95 III.16. 

Overfull \hbox (4.31909pt too wide) detected at line 192
\OT1/cmr/m/n/10.95 III.17. 

Overfull \hbox (2.9808pt too wide) detected at line 194
\OT1/cmr/m/n/10.95 III.17.1. 

Overfull \hbox (2.9808pt too wide) detected at line 195
\OT1/cmr/m/n/10.95 III.17.2. 

Overfull \hbox (2.9808pt too wide) detected at line 196
\OT1/cmr/m/n/10.95 III.17.3. 

Overfull \hbox (2.9808pt too wide) detected at line 197
\OT1/cmr/m/n/10.95 III.17.4. 

Overfull \hbox (2.9808pt too wide) detected at line 198
\OT1/cmr/m/n/10.95 III.17.5. 

Overfull \hbox (2.9808pt too wide) detected at line 200
\OT1/cmr/m/n/10.95 III.17.6. 

Overfull \hbox (4.31909pt too wide) detected at line 210
\OT1/cmr/m/n/10.95 III.18. 

Overfull \hbox (2.9808pt too wide) detected at line 211
\OT1/cmr/m/n/10.95 III.18.1. 

Overfull \hbox (2.9808pt too wide) detected at line 212
\OT1/cmr/m/n/10.95 III.18.2. 

Overfull \hbox (2.9808pt too wide) detected at line 215
\OT1/cmr/m/n/10.95 III.18.3. 

Overfull \hbox (2.9808pt too wide) detected at line 217
\OT1/cmr/m/n/10.95 III.18.4. 

Overfull \hbox (2.9808pt too wide) detected at line 218
\OT1/cmr/m/n/10.95 III.18.5. 

Overfull \hbox (2.9808pt too wide) detected at line 219
\OT1/cmr/m/n/10.95 III.18.6. 

Overfull \hbox (2.9808pt too wide) detected at line 220
\OT1/cmr/m/n/10.95 III.18.7. 

Overfull \hbox (2.9808pt too wide) detected at line 223
\OT1/cmr/m/n/10.95 III.18.8. 

Overfull \hbox (4.31909pt too wide) detected at line 224
\OT1/cmr/m/n/10.95 III.19. 

Overfull \hbox (2.9808pt too wide) detected at line 225
\OT1/cmr/m/n/10.95 III.19.1. 

Overfull \hbox (2.9808pt too wide) detected at line 229
\OT1/cmr/m/n/10.95 III.19.2. 

Overfull \hbox (2.9808pt too wide) detected at line 230
\OT1/cmr/m/n/10.95 III.19.3. 

Overfull \hbox (4.31909pt too wide) detected at line 231
\OT1/cmr/m/n/10.95 III.20. 

Overfull \hbox (2.9808pt too wide) detected at line 232
\OT1/cmr/m/n/10.95 III.20.1. 

Overfull \hbox (2.9808pt too wide) detected at line 235
\OT1/cmr/m/n/10.95 III.20.2. 

Overfull \hbox (2.9808pt too wide) detected at line 240
\OT1/cmr/m/n/10.95 III.20.3. 

Overfull \hbox (4.31909pt too wide) detected at line 246
\OT1/cmr/m/n/10.95 III.21. 

Overfull \hbox (2.9808pt too wide) detected at line 247
\OT1/cmr/m/n/10.95 III.21.1. 

Overfull \hbox (2.9808pt too wide) detected at line 248
\OT1/cmr/m/n/10.95 III.21.2. 

Overfull \hbox (4.31909pt too wide) detected at line 249
\OT1/cmr/m/n/10.95 III.22. 

Overfull \hbox (2.9808pt too wide) detected at line 250
\OT1/cmr/m/n/10.95 III.22.1. 

Overfull \hbox (2.9808pt too wide) detected at line 258
\OT1/cmr/m/n/10.95 III.22.2. 
) [5] [6]
Kapitel I.
[7] [8]
Kapitel II.
(/usr/share/texmf-texlive/tex/latex/base/omscmr.fd) [9] [10] [11] [12] [13]
[14] [15] [16] [17]

Package hyperref Warning: No destination for bookmark of \addcontentsline,
(hyperref)                destination is added on input line 489.

[18] [19] [20] [21]
Underfull \hbox (badness 10000) in paragraph at lines 682--684

[22] <xymatrix 3x2 94> <xymatrix 3x2 94>

Package hyperref Warning: Token not allowed in a PDF string (PDFDocEncoding):
(hyperref)                removing `math shift' on input line 728.


Package hyperref Warning: Token not allowed in a PDF string (PDFDocEncoding):
(hyperref)                removing `math shift' on input line 728.

<xymatrix 7x3 290> [23] <xymatrix 3x2 94> [24] [25] [26]
Kapitel III.

Underfull \hbox (badness 10000) in paragraph at lines 847--855


Underfull \hbox (badness 10000) in paragraph at lines 847--855

[27] [28] [29]
Warning: Indentation ends at level 2 in codebox on page 30.
[30]

Package hyperref Warning: Token not allowed in a PDF string (PDFDocEncoding):
(hyperref)                removing `math shift' on input line 1093.


Package hyperref Warning: Token not allowed in a PDF string (PDFDocEncoding):
(hyperref)                removing `\Theta' on input line 1093.


Package hyperref Warning: Token not allowed in a PDF string (PDFDocEncoding):
(hyperref)                removing `math shift' on input line 1093.


Package hyperref Warning: Token not allowed in a PDF string (PDFDocEncoding):
(hyperref)                removing `math shift' on input line 1115.


Package hyperref Warning: Token not allowed in a PDF string (PDFDocEncoding):
(hyperref)                removing `\Omega' on input line 1115.


Package hyperref Warning: Token not allowed in a PDF string (PDFDocEncoding):
(hyperref)                removing `math shift' on input line 1115.

[31] [32]

Package hyperref Warning: Token not allowed in a PDF string (PDFDocEncoding):
(hyperref)                removing `math shift' on input line 1184.


Package hyperref Warning: Token not allowed in a PDF string (PDFDocEncoding):
(hyperref)                removing `math shift' on input line 1184.


Package hyperref Warning: Token not allowed in a PDF string (PDFDocEncoding):
(hyperref)                removing `math shift' on input line 1200.


Package hyperref Warning: Token not allowed in a PDF string (PDFDocEncoding):
(hyperref)                removing `\omega' on input line 1200.


Package hyperref Warning: Token not allowed in a PDF string (PDFDocEncoding):
(hyperref)                removing `math shift' on input line 1200.

[33] [34] [35]
Underfull \hbox (badness 10000) in paragraph at lines 1326--1327

[36]
Underfull \hbox (badness 10000) in paragraph at lines 1364--1366


Underfull \hbox (badness 10000) in paragraph at lines 1391--1394


Underfull \hbox (badness 10000) in paragraph at lines 1396--1397


Underfull \hbox (badness 10000) in paragraph at lines 1398--1399

[37]
Underfull \hbox (badness 10000) in paragraph at lines 1434--1436

[38]
Underfull \hbox (badness 10000) in paragraph at lines 1477--1479

Warning: Indentation ends at level 1 in codebox on page 39.
[39] [40]
Underfull \hbox (badness 10000) in paragraph at lines 1575--1577

Warning: Indentation ends at level 1 in codebox on page 41.

Underfull \hbox (badness 10000) in paragraph at lines 1609--1612

[41]
Underfull \hbox (badness 10000) in paragraph at lines 1627--1630


Underfull \hbox (badness 10000) in paragraph at lines 1627--1630


Underfull \hbox (badness 10000) in paragraph at lines 1631--1643


Underfull \hbox (badness 10000) in paragraph at lines 1644--1645

<xymatrix 3x4 458> <xymatrix 3x4 458> [42]
Underfull \hbox (badness 10000) in paragraph at lines 1705--1706


Underfull \hbox (badness 10000) in paragraph at lines 1708--1710


Underfull \hbox (badness 10000) in paragraph at lines 1711--1712


Underfull \hbox (badness 10000) in paragraph at lines 1713--1721


Underfull \hbox (badness 10000) in paragraph at lines 1722--1723


Underfull \hbox (badness 10000) in paragraph at lines 1722--1723


Underfull \vbox (badness 5022) has occurred while \output is active [43]
Underfull \hbox (badness 10000) in paragraph at lines 1741--1751


Underfull \hbox (badness 10000) in paragraph at lines 1741--1751


Underfull \hbox (badness 10000) in paragraph at lines 1775--1782


Underfull \hbox (badness 10000) in paragraph at lines 1775--1782


Underfull \hbox (badness 10000) in paragraph at lines 1775--1782


Overfull \hbox (1.78726pt too wide) in paragraph at lines 1775--1782
[]\OT1/cmr/m/n/10.95 uberhaupt und wur-de vom Clay Ma-the-ma-tics In-sti-tu-te 
in sei-ne Li-ste der Millennium-
[44]
Underfull \hbox (badness 10000) in paragraph at lines 1786--1802


Underfull \hbox (badness 10000) in paragraph at lines 1786--1802


Underfull \hbox (badness 10000) in paragraph at lines 1786--1802


Underfull \hbox (badness 10000) in paragraph at lines 1804--1808


Underfull \hbox (badness 10000) in paragraph at lines 1809--1810


Underfull \hbox (badness 10000) in paragraph at lines 1811--1836


Underfull \hbox (badness 10000) in paragraph at lines 1811--1836


Underfull \hbox (badness 10000) in paragraph at lines 1811--1836

[45] [46]
Overfull \hbox (7.14124pt too wide) in paragraph at lines 1966--1966
| [] 
[47] <xymatrix 6x8 793> [48] [49]
Underfull \hbox (badness 10000) in paragraph at lines 2073--2076


Underfull \hbox (badness 10000) in paragraph at lines 2076--2079

[50]
Underfull \hbox (badness 10000) in paragraph at lines 2104--2106


Underfull \hbox (badness 10000) in paragraph at lines 2108--2115


Underfull \hbox (badness 10000) in paragraph at lines 2116--2117


Underfull \hbox (badness 10000) in paragraph at lines 2126--2129


Underfull \hbox (badness 10000) in paragraph at lines 2129--2132


Underfull \hbox (badness 10000) in paragraph at lines 2132--2134


Underfull \hbox (badness 10000) in paragraph at lines 2136--2141

[51]
Underfull \hbox (badness 10000) in paragraph at lines 2157--2158


Underfull \hbox (badness 10000) in paragraph at lines 2159--2162


Underfull \hbox (badness 10000) in paragraph at lines 2162--2165


Underfull \hbox (badness 10000) in paragraph at lines 2168--2170


Underfull \hbox (badness 10000) in paragraph at lines 2187--2191


Underfull \hbox (badness 10000) in paragraph at lines 2191--2193


Underfull \hbox (badness 10000) in paragraph at lines 2207--2213

[52]
Underfull \hbox (badness 10000) in paragraph at lines 2213--2217


Underfull \hbox (badness 10000) in paragraph at lines 2219--2225

[53]
Underfull \hbox (badness 10000) in paragraph at lines 2263--2265

[54] <xymatrix 3x3 310> [55] <xymatrix 5x4 320>
Underfull \vbox (badness 2435) has occurred while \output is active [56]
[57]
Overfull \hbox (10.51027pt too wide) in paragraph at lines 2439--2440
[]\OT1/cmr/m/n/10.95 Post-Order-Traversierung (die Wur-zel wird nach den bei-de
n Teilb[]aumen aus-ge-ge-ben $(\OML/cmm/m/it/10.95 a; b; t\OT1/cmr/m/n/10.95 )$
) 
<xymatrix 3x2 94> <xymatrix 5x3 232> [58] <xymatrix 8x5 502> [59]
Warning: Indentation ends at level 1 in codebox on page 60.
[60] [61]
Warning: Indentation ends at level -4 in codebox on page 62.

Underfull \vbox (badness 4569) has occurred while \output is active [62]
Warning: Indentation ends at level -3 in codebox on page 63.
(/usr/share/texmf-texlive/tex/generic/xypic/xy.tex not reloaded) <xymatrix
15x5 644> (/usr/share/texmf-texlive/tex/generic/xypic/xy.tex not reloaded)
<xymatrix 15x5 620> (/usr/share/texmf-texlive/tex/generic/xypic/xy.tex
not reloaded) <xymatrix 15x5

Xy-pic Warning: illegal [<shape>] ignored: shape [red] not defined [Info2:2823]
.

596> (/usr/share/texmf-texlive/tex/generic/xypic/xy.tex not reloaded)
<xymatrix 10x4 447> [63]
Underfull \hbox (badness 10000) in paragraph at lines 2859--2863

[64] [65]
Underfull \hbox (badness 10000) in paragraph at lines 2885--2889

[66] <xymatrix 4x9 656> <xymatrix 4x3 458> [67]
Underfull \hbox (badness 10000) in paragraph at lines 2996--2997

<xymatrix 4x2 362> [68]
Underfull \hbox (badness 10000) in paragraph at lines 3028--3030


Underfull \hbox (badness 10000) in paragraph at lines 3031--3033


Underfull \hbox (badness 10000) in paragraph at lines 3036--3038


Underfull \hbox (badness 10000) in paragraph at lines 3039--3040

[69]
Underfull \hbox (badness 10000) in paragraph at lines 3088--3090


Underfull \hbox (badness 10000) in paragraph at lines 3091--3093


Underfull \hbox (badness 10000) in paragraph at lines 3094--3095


Underfull \hbox (badness 10000) in paragraph at lines 3096--3097

[70]
Underfull \hbox (badness 10000) in paragraph at lines 3113--3115


Underfull \hbox (badness 10000) in paragraph at lines 3116--3117


Underfull \hbox (badness 10000) in paragraph at lines 3125--3126


Overfull \hbox (2.13876pt too wide) in paragraph at lines 3129--3130
[]\OT1/cmr/m/n/10.95 Naive Me-tho-de: Be-rech-ne zu-naechst die Rei-he von Wer-
ten $\OML/cmm/m/it/10.95 x[]; x[]; [] ; x[]$\OT1/cmr/m/n/10.95 , da-mit $5\OML/
cmm/m/it/10.95 x; \OMS/cmsy/m/n/10.95 ^^@\OT1/cmr/m/n/10.95 10\OML/cmm/m/it/10.
95 x[]; [] $\OT1/cmr/m/n/10.95 ,

Underfull \hbox (badness 10000) in paragraph at lines 3135--3136


Underfull \hbox (badness 10000) in paragraph at lines 3138--3140

[71]
Underfull \hbox (badness 10000) in paragraph at lines 3148--3149


Underfull \hbox (badness 10000) in paragraph at lines 3155--3159

Warning: Indentation ends at level -1 in codebox on page 72.
[72]
Underfull \hbox (badness 10000) in paragraph at lines 3202--3203


Underfull \hbox (badness 10000) in paragraph at lines 3210--3212

[73] [74] [75] [76]
Kapitel IV.
<xymatrix

Xy-pic Warning: illegal [<shape>] ignored: shape [-] not defined [Info2:3332].


Xy-pic Warning: illegal [<shape>] ignored: shape [-] not defined [Info2:3332].

3x1

Xy-pic Warning: illegal [<shape>] ignored: shape [-] not defined [Info2:3332].


Xy-pic Warning: illegal [<shape>] ignored: shape [-] not defined [Info2:3332].


Xy-pic Warning: illegal [<shape>] ignored: shape [-] not defined [Info2:3332].


Xy-pic Warning: illegal [<shape>] ignored: shape [-] not defined [Info2:3332].

110>
Underfull \hbox (badness 10000) in paragraph at lines 3351--3352

<xymatrix

Xy-pic Warning: illegal [<shape>] ignored: shape [-] not defined [Info2:3362].


Xy-pic Warning: illegal [<shape>] ignored: shape [-] not defined [Info2:3362].


Xy-pic Warning: illegal [<shape>] ignored: shape [-] not defined [Info2:3362].

1x3

Xy-pic Warning: illegal [<shape>] ignored: shape [-] not defined [Info2:3362].


Xy-pic Warning: illegal [<shape>] ignored: shape [-] not defined [Info2:3362].


Xy-pic Warning: illegal [<shape>] ignored: shape [-] not defined [Info2:3362].


Xy-pic Warning: illegal [<shape>] ignored: shape [-] not defined [Info2:3362].


Xy-pic Warning: illegal [<shape>] ignored: shape [-] not defined [Info2:3362].


Xy-pic Warning: illegal [<shape>] ignored: shape [-] not defined [Info2:3362].

96> [77] (./Info2.ind) [78] (./Info2.aux)

LaTeX Warning: Label(s) may have changed. Rerun to get cross-references right.

 )
(see the transcript file for additional information)</usr/share/texmf-texlive/f
onts/type1/public/amsfonts/cm/cmbx10.pfb></usr/share/texmf-texlive/fonts/type1/
public/amsfonts/cm/cmcsc10.pfb></usr/share/texmf-texlive/fonts/type1/public/ams
fonts/cm/cmex10.pfb></usr/share/texmf-texlive/fonts/type1/public/amsfonts/cmext
ra/cmex8.pfb></usr/share/texmf-texlive/fonts/type1/public/amsfonts/cm/cmmi10.pf
b></usr/share/texmf-texlive/fonts/type1/public/amsfonts/cm/cmmi12.pfb></usr/sha
re/texmf-texlive/fonts/type1/public/amsfonts/cm/cmmi6.pfb></usr/share/texmf-tex
live/fonts/type1/public/amsfonts/cm/cmmi8.pfb></usr/share/texmf-texlive/fonts/t
ype1/public/amsfonts/cm/cmr10.pfb></usr/share/texmf-texlive/fonts/type1/public/
amsfonts/cm/cmr12.pfb></usr/share/texmf-texlive/fonts/type1/public/amsfonts/cm/
cmr6.pfb></usr/share/texmf-texlive/fonts/type1/public/amsfonts/cm/cmr8.pfb></us
r/share/texmf-texlive/fonts/type1/public/amsfonts/cm/cmr9.pfb></usr/share/texmf
-texlive/fonts/type1/public/amsfonts/cm/cmsl10.pfb></usr/share/texmf-texlive/fo
nts/type1/public/amsfonts/cm/cmssbx10.pfb></usr/share/texmf-texlive/fonts/type1
/public/amsfonts/cm/cmsy10.pfb></usr/share/texmf-texlive/fonts/type1/public/ams
fonts/cm/cmsy6.pfb></usr/share/texmf-texlive/fonts/type1/public/amsfonts/cm/cms
y8.pfb></usr/share/texmf-texlive/fonts/type1/public/amsfonts/cm/cmti10.pfb></us
r/share/texmf-texlive/fonts/type1/public/amsfonts/cm/cmtt10.pfb></usr/share/tex
mf-texlive/fonts/type1/public/amsfonts/cm/cmtt12.pfb></usr/share/texmf-texlive/
fonts/type1/public/amsfonts/latxfont/lasy10.pfb></usr/share/texmf-texlive/fonts
/type1/public/amsfonts/symbols/msam10.pfb></usr/share/texmf-texlive/fonts/type1
/public/amsfonts/symbols/msbm10.pfb></usr/share/texmf-texlive/fonts/type1/publi
c/xypic/xyatip10.pfb></usr/share/texmf-texlive/fonts/type1/public/xypic/xybtip1
0.pfb></usr/share/texmf-texlive/fonts/type1/public/xypic/xycirc10.pfb></usr/sha
re/texmf-texlive/fonts/type1/public/xypic/xydash10.pfb>
Output written on Info2.pdf (78 pages, 676823 bytes).
Transcript written on Info2.log.
Result: ExitSuccess

Running /usr/bin/pdflatex Info2.tex in an env with 4 entries:
This is pdfTeX, Version 3.1415926-1.40.10 (TeX Live 2009/Debian)
entering extended mode
(data/Info2.tex
LaTeX2e <2009/09/24>
Babel <v3.8l> and hyphenation patterns for english, usenglishmax, dumylang, noh
yphenation, farsi, arabic, croatian, bulgarian, ukrainian, russian, czech, slov
ak, danish, dutch, finnish, french, basque, ngerman, german, german-x-2009-06-1
9, ngerman-x-2009-06-19, ibycus, monogreek, greek, ancientgreek, hungarian, san
skrit, italian, latin, latvian, lithuanian, mongolian2a, mongolian, bokmal, nyn
orsk, romanian, irish, coptic, serbian, turkish, welsh, esperanto, uppersorbian
, estonian, indonesian, interlingua, icelandic, kurmanji, slovenian, polish, po
rtuguese, spanish, galician, catalan, swedish, ukenglish, loaded.
(/usr/share/texmf-texlive/tex/latex/koma-script/scrbook.cls
Document Class: scrbook 2009/07/24 v3.04a KOMA-Script document class (book)
(/usr/share/texmf-texlive/tex/latex/koma-script/scrkbase.sty
(/usr/share/texmf-texlive/tex/latex/koma-script/scrbase.sty
(/usr/share/texmf-texlive/tex/latex/graphics/keyval.sty)
(/usr/share/texmf-texlive/tex/latex/koma-script/scrlfile.sty
Package scrlfile, 2009/03/25 v3.03 KOMA-Script package (loading files)
                  Copyright (C) Markus Kohm

))) (/usr/share/texmf-texlive/tex/latex/koma-script/tocbasic.sty)
(/usr/share/texmf-texlive/tex/latex/koma-script/scrsize11pt.clo)
(/usr/share/texmf-texlive/tex/latex/koma-script/typearea.sty
Package typearea, 2009/07/24 v3.04a KOMA-Script package (type area)
                  Copyright (C) Frank Neukam, 1992-1994
                  Copyright (C) Markus Kohm, 1994-

)) (data/info.sty (data/latexki.sty)
(/usr/share/texmf-texlive/tex/generic/babel/babel.sty
(/usr/share/texmf-texlive/tex/generic/babel/germanb.ldf
(/usr/share/texmf-texlive/tex/generic/babel/babel.def)))
(/usr/share/texmf-texlive/tex/latex/base/inputenc.sty
(/usr/share/texmf-texlive/tex/latex/base/utf8.def
(/usr/share/texmf-texlive/tex/latex/base/t1enc.dfu)
(/usr/share/texmf-texlive/tex/latex/base/ot1enc.dfu)
(/usr/share/texmf-texlive/tex/latex/base/omsenc.dfu)))
(/usr/share/texmf-texlive/tex/latex/amsfonts/amsfonts.sty)
(/usr/share/texmf-texlive/tex/latex/amsfonts/amssymb.sty)
(/usr/share/texmf-texlive/tex/latex/amsmath/amsmath.sty
For additional information on amsmath, use the `?' option.
(/usr/share/texmf-texlive/tex/latex/amsmath/amstext.sty
(/usr/share/texmf-texlive/tex/latex/amsmath/amsgen.sty))
(/usr/share/texmf-texlive/tex/latex/amsmath/amsbsy.sty)
(/usr/share/texmf-texlive/tex/latex/amsmath/amsopn.sty))
(/usr/share/texmf-texlive/tex/latex/stmaryrd/stmaryrd.sty)
(/usr/share/texmf-texlive/tex/latex/tools/verbatim.sty)
(/usr/share/texmf-texlive/tex/latex/base/ifthen.sty)
(/usr/share/texmf-texlive/tex/latex/ntheorem/ntheorem.sty
Style `ntheorem', Version 1.25 <2005/07/07>
) (/usr/share/texmf-texlive/tex/latex/ltxmisc/framed.sty)
(/usr/share/texmf-texlive/tex/latex/pstricks/pstricks.sty
(/usr/share/texmf-texlive/tex/generic/pstricks/pstricks.tex
`PSTricks' v1.29  <2009/05/19> (tvz)
(/usr/share/texmf-texlive/tex/generic/pstricks/pstricks.con))
(/usr/share/texmf/tex/latex/xcolor/xcolor.sty
(/etc/texmf/tex/latex/config/color.cfg)
(/usr/share/texmf-texlive/tex/latex/pdftex-def/pdftex.def)))
(/usr/share/texmf-texlive/tex/latex/carlisle/slashed.sty)
(/usr/share/texmf-texlive/tex/latex/hyperref/hyperref.sty
(/usr/share/texmf-texlive/tex/generic/oberdiek/ifpdf.sty)
(/usr/share/texmf-texlive/tex/generic/oberdiek/ifvtex.sty)
(/usr/share/texmf-texlive/tex/generic/ifxetex/ifxetex.sty)
(/usr/share/texmf-texlive/tex/latex/oberdiek/hycolor.sty
(/usr/share/texmf-texlive/tex/latex/oberdiek/xcolor-patch.sty))
(/usr/share/texmf-texlive/tex/latex/hyperref/pd1enc.def)
(/usr/share/texmf-texlive/tex/generic/oberdiek/etexcmds.sty
(/usr/share/texmf-texlive/tex/generic/oberdiek/infwarerr.sty))
(/usr/share/texmf-texlive/tex/latex/latexconfig/hyperref.cfg)
(/usr/share/texmf-texlive/tex/latex/oberdiek/kvoptions.sty
(/usr/share/texmf-texlive/tex/generic/oberdiek/kvsetkeys.sty))
Implicit mode ON; LaTeX internals redefined
(/usr/share/texmf-texlive/tex/latex/ltxmisc/url.sty)
(/usr/share/texmf-texlive/tex/generic/oberdiek/bitset.sty
(/usr/share/texmf-texlive/tex/generic/oberdiek/intcalc.sty)
(/usr/share/texmf-texlive/tex/generic/oberdiek/bigintcalc.sty
(/usr/share/texmf-texlive/tex/generic/oberdiek/pdftexcmds.sty
(/usr/share/texmf-texlive/tex/generic/oberdiek/ifluatex.sty)
(/usr/share/texmf-texlive/tex/generic/oberdiek/ltxcmds.sty))))
(/usr/share/texmf-texlive/tex/generic/oberdiek/atbegshi.sty))
*hyperref using default driver hpdftex*
(/usr/share/texmf-texlive/tex/latex/hyperref/hpdftex.def))
(/usr/share/texmf-texlive/tex/latex/base/makeidx.sty)
(/usr/share/texmf-texlive/tex/latex/clrscode/clrscode.sty
(/usr/share/texmf-texlive/tex/latex/base/latexsym.sty))
(/usr/share/texmf-texlive/tex/generic/xypic/xy.sty
(/usr/share/texmf-texlive/tex/generic/xypic/xy.tex Bootstrap'ing: catcodes,
docmode, (/usr/share/texmf-texlive/tex/generic/xypic/xyrecat.tex)
(/usr/share/texmf-texlive/tex/generic/xypic/xyidioms.tex)

 Xy-pic version 3.7 <1999/02/16>
 Copyright (c) 1991-1998 by Kristoffer H. Rose <krisrose@ens-lyon.fr>
 Xy-pic is free software: see the User's Guide for details.

Loading kernel: messages; fonts; allocations: state, direction,
utility macros; pictures: \xy, positions, objects, decorations;
kernel objects: directionals, circles, text; options; algorithms: directions,
edges, connections;  Xy-pic loaded)
(/usr/share/texmf-texlive/tex/generic/xypic/xyall.tex
 Xy-pic option: All features v.3.3
(/usr/share/texmf-texlive/tex/generic/xypic/xycurve.tex
 Xy-pic option: Curve and Spline extension v.3.7 curve, circles, loaded)
(/usr/share/texmf-texlive/tex/generic/xypic/xyframe.tex
 Xy-pic option: Frame and Bracket extension v.3.7 loaded)
(/usr/share/texmf-texlive/tex/generic/xypic/xycmtip.tex
 Xy-pic option: Computer Modern tip extension v.3.3
(/usr/share/texmf-texlive/tex/generic/xypic/xytips.tex
 Xy-pic option: More Tips extension v.3.3 loaded) loaded)
(/usr/share/texmf-texlive/tex/generic/xypic/xyline.tex
 Xy-pic option: Line styles extension v.3.6 loaded)
(/usr/share/texmf-texlive/tex/generic/xypic/xyrotate.tex
 Xy-pic option: Rotate and Scale extension v.3.3 loaded)
(/usr/share/texmf-texlive/tex/generic/xypic/xycolor.tex
 Xy-pic option: Colour extension v.3.3 loaded)
(/usr/share/texmf-texlive/tex/generic/xypic/xymatrix.tex
 Xy-pic option: Matrix feature v.3.4 loaded)
(/usr/share/texmf-texlive/tex/generic/xypic/xyarrow.tex
 Xy-pic option: Arrow and Path feature v.3.5 path, \ar, loaded)
(/usr/share/texmf-texlive/tex/generic/xypic/xygraph.tex
 Xy-pic option: Graph feature v.3.7 loaded) loaded))
Writing index file Info2.idx
(./Info2.aux) (/usr/share/texmf-texlive/tex/context/base/supp-pdf.mkii
[Loading MPS to PDF converter (version 2006.09.02).]
) (/usr/share/texmf-texlive/tex/latex/hyperref/nameref.sty
(/usr/share/texmf-texlive/tex/latex/oberdiek/refcount.sty)) (./Info2.out)
(./Info2.out) (/usr/share/texmf-texlive/tex/latex/amsfonts/umsa.fd)
(/usr/share/texmf-texlive/tex/latex/amsfonts/umsb.fd)
(/usr/share/texmf-texlive/tex/latex/stmaryrd/Ustmry.fd)
(/usr/share/texmf-texlive/tex/latex/base/ulasy.fd) [1
Non-PDF special ignored!
Non-PDF special ignored!
Non-PDF special ignored!{/var/lib/texmf/fonts/map/pdftex/updmap/pdftex.map}]
[2]

Package hyperref Warning: No destination for bookmark of \addcontentsline,
(hyperref)                destination is added on input line 20.

(./Info2.toc [3]
Overfull \hbox (4.31909pt too wide) detected at line 121
\OT1/cmr/m/n/10.95 III.10. 

Overfull \hbox (4.31909pt too wide) detected at line 123
\OT1/cmr/m/n/10.95 III.11. 

Overfull \hbox (4.31909pt too wide) detected at line 127
\OT1/cmr/m/n/10.95 III.12. 

Overfull \hbox (2.9808pt too wide) detected at line 129
\OT1/cmr/m/n/10.95 III.12.1. 

Overfull \hbox (2.9808pt too wide) detected at line 130
\OT1/cmr/m/n/10.95 III.12.2. 

Overfull \hbox (2.9808pt too wide) detected at line 131
\OT1/cmr/m/n/10.95 III.12.3. 

Overfull \hbox (2.9808pt too wide) detected at line 132
\OT1/cmr/m/n/10.95 III.12.4. 

Overfull \hbox (2.9808pt too wide) detected at line 134
\OT1/cmr/m/n/10.95 III.12.5. 

Overfull \hbox (2.9808pt too wide) detected at line 142
\OT1/cmr/m/n/10.95 III.12.6. 

Overfull \hbox (4.31909pt too wide) detected at line 149
\OT1/cmr/m/n/10.95 III.13. 

Overfull \hbox (2.9808pt too wide) detected at line 151
\OT1/cmr/m/n/10.95 III.13.1. 

Overfull \hbox (2.9808pt too wide) detected at line 153
\OT1/cmr/m/n/10.95 III.13.2. 

Overfull \hbox (2.9808pt too wide) detected at line 154
\OT1/cmr/m/n/10.95 III.13.3. 

Overfull \hbox (2.9808pt too wide) detected at line 158
\OT1/cmr/m/n/10.95 III.13.4. 

Overfull \hbox (2.9808pt too wide) detected at line 161
\OT1/cmr/m/n/10.95 III.13.5. 

Overfull \hbox (2.9808pt too wide) detected at line 162
\OT1/cmr/m/n/10.95 III.13.6. 

Overfull \hbox (2.9808pt too wide) detected at line 163
\OT1/cmr/m/n/10.95 III.13.7. 

Overfull \hbox (2.9808pt too wide) detected at line 164
\OT1/cmr/m/n/10.95 III.13.8. 
[4]
Overfull \hbox (4.31909pt too wide) detected at line 165
\OT1/cmr/m/n/10.95 III.14. 

Overfull \hbox (2.9808pt too wide) detected at line 168
\OT1/cmr/m/n/10.95 III.14.1. 

Overfull \hbox (2.9808pt too wide) detected at line 169
\OT1/cmr/m/n/10.95 III.14.2. 

Overfull \hbox (2.9808pt too wide) detected at line 172
\OT1/cmr/m/n/10.95 III.14.3. 

Overfull \hbox (2.9808pt too wide) detected at line 174
\OT1/cmr/m/n/10.95 III.14.4. 

Overfull \hbox (4.31909pt too wide) detected at line 175
\OT1/cmr/m/n/10.95 III.15. 

Overfull \hbox (2.9808pt too wide) detected at line 176
\OT1/cmr/m/n/10.95 III.15.1. 

Overfull \hbox (2.9808pt too wide) detected at line 177
\OT1/cmr/m/n/10.95 III.15.2. 

Overfull \hbox (2.9808pt too wide) detected at line 178
\OT1/cmr/m/n/10.95 III.15.3. 

Overfull \hbox (2.9808pt too wide) detected at line 180
\OT1/cmr/m/n/10.95 III.15.4. 

Overfull \hbox (2.9808pt too wide) detected at line 181
\OT1/cmr/m/n/10.95 III.15.5. 

Overfull \hbox (4.31909pt too wide) detected at line 182
\OT1/cmr/m/n/10.95 III.16. 

Overfull \hbox (4.31909pt too wide) detected at line 192
\OT1/cmr/m/n/10.95 III.17. 

Overfull \hbox (2.9808pt too wide) detected at line 194
\OT1/cmr/m/n/10.95 III.17.1. 

Overfull \hbox (2.9808pt too wide) detected at line 195
\OT1/cmr/m/n/10.95 III.17.2. 

Overfull \hbox (2.9808pt too wide) detected at line 196
\OT1/cmr/m/n/10.95 III.17.3. 

Overfull \hbox (2.9808pt too wide) detected at line 197
\OT1/cmr/m/n/10.95 III.17.4. 

Overfull \hbox (2.9808pt too wide) detected at line 198
\OT1/cmr/m/n/10.95 III.17.5. 

Overfull \hbox (2.9808pt too wide) detected at line 200
\OT1/cmr/m/n/10.95 III.17.6. 

Overfull \hbox (4.31909pt too wide) detected at line 210
\OT1/cmr/m/n/10.95 III.18. 

Overfull \hbox (2.9808pt too wide) detected at line 211
\OT1/cmr/m/n/10.95 III.18.1. 

Overfull \hbox (2.9808pt too wide) detected at line 212
\OT1/cmr/m/n/10.95 III.18.2. 

Overfull \hbox (2.9808pt too wide) detected at line 215
\OT1/cmr/m/n/10.95 III.18.3. 

Overfull \hbox (2.9808pt too wide) detected at line 217
\OT1/cmr/m/n/10.95 III.18.4. 

Overfull \hbox (2.9808pt too wide) detected at line 218
\OT1/cmr/m/n/10.95 III.18.5. 

Overfull \hbox (2.9808pt too wide) detected at line 219
\OT1/cmr/m/n/10.95 III.18.6. 

Overfull \hbox (2.9808pt too wide) detected at line 220
\OT1/cmr/m/n/10.95 III.18.7. 

Overfull \hbox (2.9808pt too wide) detected at line 223
\OT1/cmr/m/n/10.95 III.18.8. 

Overfull \hbox (4.31909pt too wide) detected at line 224
\OT1/cmr/m/n/10.95 III.19. 

Overfull \hbox (2.9808pt too wide) detected at line 225
\OT1/cmr/m/n/10.95 III.19.1. 

Overfull \hbox (2.9808pt too wide) detected at line 229
\OT1/cmr/m/n/10.95 III.19.2. 

Overfull \hbox (2.9808pt too wide) detected at line 230
\OT1/cmr/m/n/10.95 III.19.3. 

Overfull \hbox (4.31909pt too wide) detected at line 231
\OT1/cmr/m/n/10.95 III.20. 

Overfull \hbox (2.9808pt too wide) detected at line 232
\OT1/cmr/m/n/10.95 III.20.1. 

Overfull \hbox (2.9808pt too wide) detected at line 235
\OT1/cmr/m/n/10.95 III.20.2. 

Overfull \hbox (2.9808pt too wide) detected at line 240
\OT1/cmr/m/n/10.95 III.20.3. 

Overfull \hbox (4.31909pt too wide) detected at line 246
\OT1/cmr/m/n/10.95 III.21. 

Overfull \hbox (2.9808pt too wide) detected at line 247
\OT1/cmr/m/n/10.95 III.21.1. 

Overfull \hbox (2.9808pt too wide) detected at line 248
\OT1/cmr/m/n/10.95 III.21.2. 

Overfull \hbox (4.31909pt too wide) detected at line 249
\OT1/cmr/m/n/10.95 III.22. 

Overfull \hbox (2.9808pt too wide) detected at line 250
\OT1/cmr/m/n/10.95 III.22.1. 

Overfull \hbox (2.9808pt too wide) detected at line 258
\OT1/cmr/m/n/10.95 III.22.2. 
) [5] [6]
Kapitel I.
[7] [8]
Kapitel II.
(/usr/share/texmf-texlive/tex/latex/base/omscmr.fd) [9] [10] [11] [12] [13]
[14] [15] [16] [17]

Package hyperref Warning: No destination for bookmark of \addcontentsline,
(hyperref)                destination is added on input line 489.

[18] [19] [20] [21]
Underfull \hbox (badness 10000) in paragraph at lines 682--684

[22] <xymatrix 3x2 94> <xymatrix 3x2 94>

Package hyperref Warning: Token not allowed in a PDF string (PDFDocEncoding):
(hyperref)                removing `math shift' on input line 728.


Package hyperref Warning: Token not allowed in a PDF string (PDFDocEncoding):
(hyperref)                removing `math shift' on input line 728.

<xymatrix 7x3 290> [23] <xymatrix 3x2 94> [24] [25] [26]
Kapitel III.

Underfull \hbox (badness 10000) in paragraph at lines 847--855


Underfull \hbox (badness 10000) in paragraph at lines 847--855

[27] [28] [29]
Warning: Indentation ends at level 2 in codebox on page 30.
[30]

Package hyperref Warning: Token not allowed in a PDF string (PDFDocEncoding):
(hyperref)                removing `math shift' on input line 1093.


Package hyperref Warning: Token not allowed in a PDF string (PDFDocEncoding):
(hyperref)                removing `\Theta' on input line 1093.


Package hyperref Warning: Token not allowed in a PDF string (PDFDocEncoding):
(hyperref)                removing `math shift' on input line 1093.


Package hyperref Warning: Token not allowed in a PDF string (PDFDocEncoding):
(hyperref)                removing `math shift' on input line 1115.


Package hyperref Warning: Token not allowed in a PDF string (PDFDocEncoding):
(hyperref)                removing `\Omega' on input line 1115.


Package hyperref Warning: Token not allowed in a PDF string (PDFDocEncoding):
(hyperref)                removing `math shift' on input line 1115.

[31] [32]

Package hyperref Warning: Token not allowed in a PDF string (PDFDocEncoding):
(hyperref)                removing `math shift' on input line 1184.


Package hyperref Warning: Token not allowed in a PDF string (PDFDocEncoding):
(hyperref)                removing `math shift' on input line 1184.


Package hyperref Warning: Token not allowed in a PDF string (PDFDocEncoding):
(hyperref)                removing `math shift' on input line 1200.


Package hyperref Warning: Token not allowed in a PDF string (PDFDocEncoding):
(hyperref)                removing `\omega' on input line 1200.


Package hyperref Warning: Token not allowed in a PDF string (PDFDocEncoding):
(hyperref)                removing `math shift' on input line 1200.

[33] [34] [35]
Underfull \hbox (badness 10000) in paragraph at lines 1326--1327

[36]
Underfull \hbox (badness 10000) in paragraph at lines 1364--1366


Underfull \hbox (badness 10000) in paragraph at lines 1391--1394


Underfull \hbox (badness 10000) in paragraph at lines 1396--1397


Underfull \hbox (badness 10000) in paragraph at lines 1398--1399

[37]
Underfull \hbox (badness 10000) in paragraph at lines 1434--1436

[38]
Underfull \hbox (badness 10000) in paragraph at lines 1477--1479

Warning: Indentation ends at level 1 in codebox on page 39.
[39] [40]
Underfull \hbox (badness 10000) in paragraph at lines 1575--1577

Warning: Indentation ends at level 1 in codebox on page 41.

Underfull \hbox (badness 10000) in paragraph at lines 1609--1612

[41]
Underfull \hbox (badness 10000) in paragraph at lines 1627--1630


Underfull \hbox (badness 10000) in paragraph at lines 1627--1630


Underfull \hbox (badness 10000) in paragraph at lines 1631--1643


Underfull \hbox (badness 10000) in paragraph at lines 1644--1645

<xymatrix 3x4 458> <xymatrix 3x4 458> [42]
Underfull \hbox (badness 10000) in paragraph at lines 1705--1706


Underfull \hbox (badness 10000) in paragraph at lines 1708--1710


Underfull \hbox (badness 10000) in paragraph at lines 1711--1712


Underfull \hbox (badness 10000) in paragraph at lines 1713--1721


Underfull \hbox (badness 10000) in paragraph at lines 1722--1723


Underfull \hbox (badness 10000) in paragraph at lines 1722--1723


Underfull \vbox (badness 5022) has occurred while \output is active [43]
Underfull \hbox (badness 10000) in paragraph at lines 1741--1751


Underfull \hbox (badness 10000) in paragraph at lines 1741--1751


Underfull \hbox (badness 10000) in paragraph at lines 1775--1782


Underfull \hbox (badness 10000) in paragraph at lines 1775--1782


Underfull \hbox (badness 10000) in paragraph at lines 1775--1782


Overfull \hbox (1.78726pt too wide) in paragraph at lines 1775--1782
[]\OT1/cmr/m/n/10.95 uberhaupt und wur-de vom Clay Ma-the-ma-tics In-sti-tu-te 
in sei-ne Li-ste der Millennium-
[44]
Underfull \hbox (badness 10000) in paragraph at lines 1786--1802


Underfull \hbox (badness 10000) in paragraph at lines 1786--1802


Underfull \hbox (badness 10000) in paragraph at lines 1786--1802


Underfull \hbox (badness 10000) in paragraph at lines 1804--1808


Underfull \hbox (badness 10000) in paragraph at lines 1809--1810


Underfull \hbox (badness 10000) in paragraph at lines 1811--1836


Underfull \hbox (badness 10000) in paragraph at lines 1811--1836


Underfull \hbox (badness 10000) in paragraph at lines 1811--1836

[45] [46]
Overfull \hbox (7.14124pt too wide) in paragraph at lines 1966--1966
| [] 
[47] <xymatrix 6x8 793> [48] [49]
Underfull \hbox (badness 10000) in paragraph at lines 2073--2076


Underfull \hbox (badness 10000) in paragraph at lines 2076--2079

[50]
Underfull \hbox (badness 10000) in paragraph at lines 2104--2106


Underfull \hbox (badness 10000) in paragraph at lines 2108--2115


Underfull \hbox (badness 10000) in paragraph at lines 2116--2117


Underfull \hbox (badness 10000) in paragraph at lines 2126--2129


Underfull \hbox (badness 10000) in paragraph at lines 2129--2132


Underfull \hbox (badness 10000) in paragraph at lines 2132--2134


Underfull \hbox (badness 10000) in paragraph at lines 2136--2141

[51]
Underfull \hbox (badness 10000) in paragraph at lines 2157--2158


Underfull \hbox (badness 10000) in paragraph at lines 2159--2162


Underfull \hbox (badness 10000) in paragraph at lines 2162--2165


Underfull \hbox (badness 10000) in paragraph at lines 2168--2170


Underfull \hbox (badness 10000) in paragraph at lines 2187--2191


Underfull \hbox (badness 10000) in paragraph at lines 2191--2193


Underfull \hbox (badness 10000) in paragraph at lines 2207--2213

[52]
Underfull \hbox (badness 10000) in paragraph at lines 2213--2217


Underfull \hbox (badness 10000) in paragraph at lines 2219--2225

[53]
Underfull \hbox (badness 10000) in paragraph at lines 2263--2265

[54] <xymatrix 3x3 310> [55] <xymatrix 5x4 320>
Underfull \vbox (badness 2435) has occurred while \output is active [56]
[57]
Overfull \hbox (10.51027pt too wide) in paragraph at lines 2439--2440
[]\OT1/cmr/m/n/10.95 Post-Order-Traversierung (die Wur-zel wird nach den bei-de
n Teilb[]aumen aus-ge-ge-ben $(\OML/cmm/m/it/10.95 a; b; t\OT1/cmr/m/n/10.95 )$
) 
<xymatrix 3x2 94> <xymatrix 5x3 232> [58] <xymatrix 8x5 502> [59]
Warning: Indentation ends at level 1 in codebox on page 60.
[60] [61]
Warning: Indentation ends at level -4 in codebox on page 62.

Underfull \vbox (badness 4569) has occurred while \output is active [62]
Warning: Indentation ends at level -3 in codebox on page 63.
(/usr/share/texmf-texlive/tex/generic/xypic/xy.tex not reloaded) <xymatrix
15x5 644> (/usr/share/texmf-texlive/tex/generic/xypic/xy.tex not reloaded)
<xymatrix 15x5 620> (/usr/share/texmf-texlive/tex/generic/xypic/xy.tex
not reloaded) <xymatrix 15x5

Xy-pic Warning: illegal [<shape>] ignored: shape [red] not defined [Info2:2823]
.

596> (/usr/share/texmf-texlive/tex/generic/xypic/xy.tex not reloaded)
<xymatrix 10x4 447> [63]
Underfull \hbox (badness 10000) in paragraph at lines 2859--2863

[64] [65]
Underfull \hbox (badness 10000) in paragraph at lines 2885--2889

[66] <xymatrix 4x9 656> <xymatrix 4x3 458> [67]
Underfull \hbox (badness 10000) in paragraph at lines 2996--2997

<xymatrix 4x2 362> [68]
Underfull \hbox (badness 10000) in paragraph at lines 3028--3030


Underfull \hbox (badness 10000) in paragraph at lines 3031--3033


Underfull \hbox (badness 10000) in paragraph at lines 3036--3038


Underfull \hbox (badness 10000) in paragraph at lines 3039--3040

[69]
Underfull \hbox (badness 10000) in paragraph at lines 3088--3090


Underfull \hbox (badness 10000) in paragraph at lines 3091--3093


Underfull \hbox (badness 10000) in paragraph at lines 3094--3095


Underfull \hbox (badness 10000) in paragraph at lines 3096--3097

[70]
Underfull \hbox (badness 10000) in paragraph at lines 3113--3115


Underfull \hbox (badness 10000) in paragraph at lines 3116--3117


Underfull \hbox (badness 10000) in paragraph at lines 3125--3126


Overfull \hbox (2.13876pt too wide) in paragraph at lines 3129--3130
[]\OT1/cmr/m/n/10.95 Naive Me-tho-de: Be-rech-ne zu-naechst die Rei-he von Wer-
ten $\OML/cmm/m/it/10.95 x[]; x[]; [] ; x[]$\OT1/cmr/m/n/10.95 , da-mit $5\OML/
cmm/m/it/10.95 x; \OMS/cmsy/m/n/10.95 ^^@\OT1/cmr/m/n/10.95 10\OML/cmm/m/it/10.
95 x[]; [] $\OT1/cmr/m/n/10.95 ,

Underfull \hbox (badness 10000) in paragraph at lines 3135--3136


Underfull \hbox (badness 10000) in paragraph at lines 3138--3140

[71]
Underfull \hbox (badness 10000) in paragraph at lines 3148--3149


Underfull \hbox (badness 10000) in paragraph at lines 3155--3159

Warning: Indentation ends at level -1 in codebox on page 72.
[72]
Underfull \hbox (badness 10000) in paragraph at lines 3202--3203


Underfull \hbox (badness 10000) in paragraph at lines 3210--3212

[73] [74] [75] [76]
Kapitel IV.
<xymatrix

Xy-pic Warning: illegal [<shape>] ignored: shape [-] not defined [Info2:3332].


Xy-pic Warning: illegal [<shape>] ignored: shape [-] not defined [Info2:3332].

3x1

Xy-pic Warning: illegal [<shape>] ignored: shape [-] not defined [Info2:3332].


Xy-pic Warning: illegal [<shape>] ignored: shape [-] not defined [Info2:3332].


Xy-pic Warning: illegal [<shape>] ignored: shape [-] not defined [Info2:3332].


Xy-pic Warning: illegal [<shape>] ignored: shape [-] not defined [Info2:3332].

110>
Underfull \hbox (badness 10000) in paragraph at lines 3351--3352

<xymatrix

Xy-pic Warning: illegal [<shape>] ignored: shape [-] not defined [Info2:3362].


Xy-pic Warning: illegal [<shape>] ignored: shape [-] not defined [Info2:3362].


Xy-pic Warning: illegal [<shape>] ignored: shape [-] not defined [Info2:3362].

1x3

Xy-pic Warning: illegal [<shape>] ignored: shape [-] not defined [Info2:3362].


Xy-pic Warning: illegal [<shape>] ignored: shape [-] not defined [Info2:3362].


Xy-pic Warning: illegal [<shape>] ignored: shape [-] not defined [Info2:3362].


Xy-pic Warning: illegal [<shape>] ignored: shape [-] not defined [Info2:3362].


Xy-pic Warning: illegal [<shape>] ignored: shape [-] not defined [Info2:3362].


Xy-pic Warning: illegal [<shape>] ignored: shape [-] not defined [Info2:3362].

96> [77] (./Info2.ind) [78] (./Info2.aux) )
(see the transcript file for additional information)</usr/share/texmf-texlive/f
onts/type1/public/amsfonts/cm/cmbx10.pfb></usr/share/texmf-texlive/fonts/type1/
public/amsfonts/cm/cmcsc10.pfb></usr/share/texmf-texlive/fonts/type1/public/ams
fonts/cm/cmex10.pfb></usr/share/texmf-texlive/fonts/type1/public/amsfonts/cmext
ra/cmex8.pfb></usr/share/texmf-texlive/fonts/type1/public/amsfonts/cm/cmmi10.pf
b></usr/share/texmf-texlive/fonts/type1/public/amsfonts/cm/cmmi12.pfb></usr/sha
re/texmf-texlive/fonts/type1/public/amsfonts/cm/cmmi6.pfb></usr/share/texmf-tex
live/fonts/type1/public/amsfonts/cm/cmmi8.pfb></usr/share/texmf-texlive/fonts/t
ype1/public/amsfonts/cm/cmr10.pfb></usr/share/texmf-texlive/fonts/type1/public/
amsfonts/cm/cmr12.pfb></usr/share/texmf-texlive/fonts/type1/public/amsfonts/cm/
cmr6.pfb></usr/share/texmf-texlive/fonts/type1/public/amsfonts/cm/cmr8.pfb></us
r/share/texmf-texlive/fonts/type1/public/amsfonts/cm/cmr9.pfb></usr/share/texmf
-texlive/fonts/type1/public/amsfonts/cm/cmsl10.pfb></usr/share/texmf-texlive/fo
nts/type1/public/amsfonts/cm/cmssbx10.pfb></usr/share/texmf-texlive/fonts/type1
/public/amsfonts/cm/cmsy10.pfb></usr/share/texmf-texlive/fonts/type1/public/ams
fonts/cm/cmsy6.pfb></usr/share/texmf-texlive/fonts/type1/public/amsfonts/cm/cms
y8.pfb></usr/share/texmf-texlive/fonts/type1/public/amsfonts/cm/cmti10.pfb></us
r/share/texmf-texlive/fonts/type1/public/amsfonts/cm/cmtt10.pfb></usr/share/tex
mf-texlive/fonts/type1/public/amsfonts/cm/cmtt12.pfb></usr/share/texmf-texlive/
fonts/type1/public/amsfonts/latxfont/lasy10.pfb></usr/share/texmf-texlive/fonts
/type1/public/amsfonts/symbols/msam10.pfb></usr/share/texmf-texlive/fonts/type1
/public/amsfonts/symbols/msbm10.pfb></usr/share/texmf-texlive/fonts/type1/publi
c/xypic/xyatip10.pfb></usr/share/texmf-texlive/fonts/type1/public/xypic/xybtip1
0.pfb></usr/share/texmf-texlive/fonts/type1/public/xypic/xycirc10.pfb></usr/sha
re/texmf-texlive/fonts/type1/public/xypic/xydash10.pfb>
Output written on Info2.pdf (78 pages, 676821 bytes).
Transcript written on Info2.log.
Result: ExitSuccess

Running /usr/bin/convert -verbose Info2.pdf[0] -resize 70x Info2.png in an env with 4 entries:
"gs" -q -dQUIET -dSAFER -dBATCH -dNOPAUSE -dNOPROMPT -dMaxBitmap=500000000 -dAlignToPixels=0 -dGridFitTT=2 "-sDEVICE=pngalpha" -dTextAlphaBits=4 -dGraphicsAlphaBits=4 "-r72x72" -dFirstPage=1 -dLastPage=1 "-sOutputFile=/tmp/magick-2tBUSnv4-%08d" "-f/tmp/magick-ywUzjvSD" "-f/tmp/magick-8RLR0Gfd"
/tmp/magick-2tBUSnv4-00000001 PNG 595x842 595x842+0+0 8-bit DirectClass 10KB 0.010u 0:00.010
Info2.pdf[0]=>Info2.pdf PDF 595x842 595x842+0+0 16-bit DirectClass 10KB 0.000u 0:00.000
Info2.pdf[0]=>Info2.png PDF 595x842=>70x99 70x99+0+0 16-bit DirectClass 0.280u 0:00.070
Result: ExitSuccess

Running /usr/bin/optipng -verbose Info2.png in an env with 4 entries:
OptiPNG 0.6.4: Advanced PNG optimizer.
Copyright (C) 2001-2010 Cosmin Truta.

** Processing: Info2.png
70x99 pixels, 4x16 bits/pixel, RGB+alpha
Input IDAT size = 1001 bytes
Input file size = 3635 bytes

Trying:
  zc = 9  zm = 8  zs = 0  f = 0		IDAT size = 881
  zc = 9  zm = 8  zs = 1  f = 0		IDAT size = 879
  zc = 1  zm = 8  zs = 2  f = 0		IDAT too big
  zc = 9  zm = 8  zs = 3  f = 0		IDAT too big
  zc = 9  zm = 8  zs = 0  f = 5		IDAT too big
  zc = 9  zm = 8  zs = 1  f = 5		IDAT too big
  zc = 1  zm = 8  zs = 2  f = 5		IDAT too big
  zc = 9  zm = 8  zs = 3  f = 5		IDAT too big

Selecting parameters:
  zc = 9  zm = 8  zs = 1  f = 0		IDAT size = 879

Output IDAT size = 879 bytes (122 bytes decrease)
Output file size = 3513 bytes (122 bytes = 3.36% decrease)

** Status report
1 file(s) have been processed.
Result: ExitSuccess
