
Running /usr/bin/pdflatex L2-Theorie.tex in an env with 4 entries:
This is pdfTeX, Version 3.1415926-1.40.10 (TeX Live 2009/Debian)
entering extended mode
(data/L2-Theorie.tex
LaTeX2e <2009/09/24>
Babel <v3.8l> and hyphenation patterns for english, usenglishmax, dumylang, noh
yphenation, farsi, arabic, croatian, bulgarian, ukrainian, russian, czech, slov
ak, danish, dutch, finnish, french, basque, ngerman, german, german-x-2009-06-1
9, ngerman-x-2009-06-19, ibycus, monogreek, greek, ancientgreek, hungarian, san
skrit, italian, latin, latvian, lithuanian, mongolian2a, mongolian, bokmal, nyn
orsk, romanian, irish, coptic, serbian, turkish, welsh, esperanto, uppersorbian
, estonian, indonesian, interlingua, icelandic, kurmanji, slovenian, polish, po
rtuguese, spanish, galician, catalan, swedish, ukenglish, loaded.
(/usr/share/texmf-texlive/tex/latex/base/article.cls
Document Class: article 2007/10/19 v1.4h Standard LaTeX document class
(/usr/share/texmf-texlive/tex/latex/base/size10.clo)) (data/ana.sty
(data/mathe.sty (data/latexki.sty)
(/usr/share/texmf-texlive/tex/latex/base/inputenc.sty
(/usr/share/texmf-texlive/tex/latex/base/utf8.def
(/usr/share/texmf-texlive/tex/latex/base/t1enc.dfu)
(/usr/share/texmf-texlive/tex/latex/base/ot1enc.dfu)
(/usr/share/texmf-texlive/tex/latex/base/omsenc.dfu)))
(/usr/share/texmf-texlive/tex/generic/babel/babel.sty
(/usr/share/texmf-texlive/tex/generic/babel/ngermanb.ldf
(/usr/share/texmf-texlive/tex/generic/babel/babel.def)))
(/usr/share/texmf-texlive/tex/latex/base/fontenc.sty
(/usr/share/texmf-texlive/tex/latex/base/t1enc.def))
(/usr/share/texmf-texlive/tex/latex/amsfonts/amsfonts.sty)
(/usr/share/texmf-texlive/tex/latex/amsfonts/amssymb.sty)
(/usr/share/texmf-texlive/tex/latex/amsmath/amsmath.sty
For additional information on amsmath, use the `?' option.
(/usr/share/texmf-texlive/tex/latex/amsmath/amstext.sty
(/usr/share/texmf-texlive/tex/latex/amsmath/amsgen.sty))
(/usr/share/texmf-texlive/tex/latex/amsmath/amsbsy.sty)
(/usr/share/texmf-texlive/tex/latex/amsmath/amsopn.sty))
(/usr/share/texmf-texlive/tex/latex/stmaryrd/stmaryrd.sty)
(/usr/share/texmf-texlive/tex/latex/tools/verbatim.sty)
(/usr/share/texmf-texlive/tex/latex/base/ifthen.sty)
(/usr/share/texmf-texlive/tex/latex/ntheorem/ntheorem.sty
Style `ntheorem', Version 1.25 <2005/07/07>
) (/usr/share/texmf-texlive/tex/latex/ltxmisc/framed.sty)
(/usr/share/texmf-texlive/tex/latex/pstricks/pstricks.sty
(/usr/share/texmf-texlive/tex/generic/pstricks/pstricks.tex
`PSTricks' v1.29  <2009/05/19> (tvz)
(/usr/share/texmf-texlive/tex/generic/pstricks/pstricks.con))
(/usr/share/texmf/tex/latex/xcolor/xcolor.sty
(/etc/texmf/tex/latex/config/color.cfg)
(/usr/share/texmf-texlive/tex/latex/pdftex-def/pdftex.def)))
(/usr/share/texmf-texlive/tex/latex/carlisle/slashed.sty)
(/usr/share/texmf-texlive/tex/latex/base/makeidx.sty)
(/usr/share/texmf-texlive/tex/latex/wasysym/wasysym.sty)
(/usr/share/texmf-texlive/tex/latex/jknapltx/mathrsfs.sty)
(/usr/share/texmf-texlive/tex/latex/mh/mathtools.sty
(/usr/share/texmf-texlive/tex/latex/graphics/keyval.sty)
(/usr/share/texmf-texlive/tex/latex/tools/calc.sty)
(/usr/share/texmf-texlive/tex/latex/mh/mhsetup.sty))
(/usr/share/texmf-texlive/tex/latex/doublestroke/dsfont.sty)
(/usr/share/texmf-texlive/tex/latex/hyperref/hyperref.sty
(/usr/share/texmf-texlive/tex/generic/oberdiek/ifpdf.sty)
(/usr/share/texmf-texlive/tex/generic/oberdiek/ifvtex.sty)
(/usr/share/texmf-texlive/tex/generic/ifxetex/ifxetex.sty)
(/usr/share/texmf-texlive/tex/latex/oberdiek/hycolor.sty
(/usr/share/texmf-texlive/tex/latex/oberdiek/xcolor-patch.sty))
(/usr/share/texmf-texlive/tex/latex/hyperref/pd1enc.def)
(/usr/share/texmf-texlive/tex/generic/oberdiek/etexcmds.sty
(/usr/share/texmf-texlive/tex/generic/oberdiek/infwarerr.sty))
(/usr/share/texmf-texlive/tex/latex/latexconfig/hyperref.cfg)
(/usr/share/texmf-texlive/tex/latex/oberdiek/kvoptions.sty
(/usr/share/texmf-texlive/tex/generic/oberdiek/kvsetkeys.sty))
Implicit mode ON; LaTeX internals redefined
(/usr/share/texmf-texlive/tex/latex/ltxmisc/url.sty)
(/usr/share/texmf-texlive/tex/generic/oberdiek/bitset.sty
(/usr/share/texmf-texlive/tex/generic/oberdiek/intcalc.sty)
(/usr/share/texmf-texlive/tex/generic/oberdiek/bigintcalc.sty
(/usr/share/texmf-texlive/tex/generic/oberdiek/pdftexcmds.sty
(/usr/share/texmf-texlive/tex/generic/oberdiek/ifluatex.sty)
(/usr/share/texmf-texlive/tex/generic/oberdiek/ltxcmds.sty))))
(/usr/share/texmf-texlive/tex/generic/oberdiek/atbegshi.sty))
*hyperref using default driver hpdftex*
(/usr/share/texmf-texlive/tex/latex/hyperref/hpdftex.def)
(/usr/share/texmf-texlive/tex/latex/etex-pkg/etex.sty)))
(data/saetze-schmoeger.sty)
No file L2-Theorie.aux.
(/usr/share/texmf-texlive/tex/context/base/supp-pdf.mkii
[Loading MPS to PDF converter (version 2006.09.02).]
) (/usr/share/texmf-texlive/tex/latex/hyperref/nameref.sty
(/usr/share/texmf-texlive/tex/latex/oberdiek/refcount.sty))
(/usr/share/texmf-texlive/tex/latex/amsfonts/umsa.fd)
(/usr/share/texmf-texlive/tex/latex/amsfonts/umsb.fd)
(/usr/share/texmf-texlive/tex/latex/stmaryrd/Ustmry.fd)
(/usr/share/texmf-texlive/tex/latex/wasysym/uwasy.fd)
(/usr/share/texmf-texlive/tex/latex/jknapltx/ursfs.fd)
Underfull \hbox (badness 10000) in paragraph at lines 19--24


Underfull \hbox (badness 10000) in paragraph at lines 19--24


Underfull \hbox (badness 10000) in paragraph at lines 19--24

[1
Non-PDF special ignored!
Non-PDF special ignored!
Non-PDF special ignored!{/var/lib/texmf/fonts/map/pdftex/updmap/pdftex.map}]
Underfull \hbox (badness 10000) in paragraph at lines 53--55


Overfull \hbox (34.40305pt too wide) in paragraph at lines 71--76
[]\T1/cmr/m/n/10 Sei $\OML/cmm/m/it/10  ; ^^^ \OMS/cmsy/m/n/10 2 S$ \T1/cmr/m/n
/10 und $\OML/cmm/m/it/10 ^^N \OT1/cmr/m/n/10 := [][] [][](1 + \OMS/cmsy/m/n/10
 j\OML/cmm/m/it/10 x\OMS/cmsy/m/n/10 j[]\OT1/cmr/m/n/10 )[]\OMS/cmsy/m/n/10 j\O
T1/cmr/m/n/10 (\OML/cmm/m/it/10 D[] \OT1/cmr/m/n/10 )(\OML/cmm/m/it/10 x\OT1/cm
r/m/n/10 )\OMS/cmsy/m/n/10 j$\T1/cmr/m/n/10 , $[] \OT1/cmr/m/n/10 := [][] [][](
1 +

Underfull \hbox (badness 10000) in paragraph at lines 98--100


Overfull \hbox (25.00003pt too wide) in paragraph at lines 98--100
[] 
[2]
Overfull \hbox (25.00003pt too wide) in paragraph at lines 105--111
[] 

Underfull \hbox (badness 10000) in paragraph at lines 105--111


Underfull \hbox (badness 10000) in paragraph at lines 113--132


Overfull \hbox (27.77713pt too wide) in paragraph at lines 113--132
[]\T1/cmr/m/n/10 . 

Underfull \hbox (badness 10000) in paragraph at lines 113--132


Underfull \hbox (badness 10000) in paragraph at lines 113--132


Overfull \hbox (25.00003pt too wide) in paragraph at lines 113--132
[] 

Underfull \hbox (badness 10000) in paragraph at lines 113--132


Underfull \hbox (badness 10000) in paragraph at lines 113--132


Underfull \hbox (badness 10000) in paragraph at lines 113--132


Underfull \hbox (badness 10000) in paragraph at lines 113--132


Underfull \hbox (badness 10000) in paragraph at lines 113--132


Overfull \hbox (87.17598pt too wide) in paragraph at lines 113--132
[]$ $\OT1/cmr/m/n/10 = [][] \OML/cmm/m/it/10 f\OT1/cmr/m/n/10 (\OML/cmm/m/it/10
 x\OT1/cmr/m/n/10 )[]\OML/cmm/m/it/10 dm[]$ $\OT1/cmr/m/n/10 = [][] \OML/cmm/m/
it/10 x[]f\OT1/cmr/m/n/10 (\OML/cmm/m/it/10 x\OT1/cmr/m/n/10 )[]\OML/cmm/m/it/1
0 e[]\OT1/cmr/m/n/10 (\OML/cmm/m/it/10 x\OT1/cmr/m/n/10 )\OML/cmm/m/it/10 dm[]$
 $\OT1/cmr/m/n/10 = [][] \OML/cmm/m/it/10 x[]f\OT1/cmr/m/n/10 (\OML/cmm/m/it/10
 x\OT1/cmr/m/n/10 )\OML/cmm/m/it/10 ^^M\OT1/cmr/m/n/10 (\OML/cmm/m/it/10 x[]; ^
^O\OT1/cmr/m/n/10 )\OML/cmm/m/it/10 e[]\OT1/cmr/m/n/10 (\OML/cmm/m/it/10 x\OT1/
cmr/m/n/10 )\OML/cmm/m/it/10 dm[]$ 

Underfull \hbox (badness 10000) in paragraph at lines 113--132


Underfull \hbox (badness 10000) in paragraph at lines 113--132


Overfull \hbox (25.00003pt too wide) in paragraph at lines 113--132
[] 

Underfull \hbox (badness 10000) in paragraph at lines 113--132

[3]
Underfull \hbox (badness 10000) in paragraph at lines 132--140


Overfull \hbox (25.00003pt too wide) in paragraph at lines 132--140
[] 

Underfull \hbox (badness 10000) in paragraph at lines 160--180


Overfull \hbox (25.00003pt too wide) in paragraph at lines 160--180
[] 

Underfull \hbox (badness 10000) in paragraph at lines 160--180


Underfull \hbox (badness 10000) in paragraph at lines 160--180


Overfull \hbox (11.40329pt too wide) in paragraph at lines 160--180
\OT1/cmr/m/n/10 ^^@(\OML/cmm/m/it/10 ^^U\OT1/cmr/m/n/10 ) := [][] \OML/cmm/m/it
/10 g\OT1/cmr/m/n/10 ([])[](\OML/cmm/m/it/10 t\OT1/cmr/m/n/10 )\OML/cmm/m/it/10
 dm[]\OT1/cmr/m/n/10 (\OML/cmm/m/it/10 t\OT1/cmr/m/n/10 ) = [][] []([])\OML/cmm
/m/it/10 ^^^\OT1/cmr/m/n/10 (\OML/cmm/m/it/10 t\OT1/cmr/m/n/10 )\OML/cmm/m/it/1
0 dm[]\OT1/cmr/m/n/10 (\OML/cmm/m/it/10 t\OT1/cmr/m/n/10 ) = [][] \OML/cmm/m/it
/10 ^^U[][]\OT1/cmr/m/n/10 (\OML/cmm/m/it/10 ^^Ut\OT1/cmr/m/n/10 )\OML/cmm/m/it
/10 ^^^\OT1/cmr/m/n/10 (\OML/cmm/m/it/10 t\OT1/cmr/m/n/10 )\OML/cmm/m/it/10 dm[
]\OT1/cmr/m/n/10 (\OML/cmm/m/it/10 t\OT1/cmr/m/n/10 )$ 

Underfull \hbox (badness 10000) in paragraph at lines 160--180


Underfull \hbox (badness 10000) in paragraph at lines 160--180


Underfull \hbox (badness 10000) in paragraph at lines 160--180


Underfull \hbox (badness 10000) in paragraph at lines 160--180


Overfull \hbox (25.00003pt too wide) in paragraph at lines 160--180
[] 

Underfull \hbox (badness 10000) in paragraph at lines 160--180


Underfull \hbox (badness 10000) in paragraph at lines 160--180


Overfull \hbox (2.80626pt too wide) in paragraph at lines 160--180
\OML/cmm/m/it/10 g\OT1/cmr/m/n/10 (0) = \OML/cmm/m/it/10 g\OT1/cmr/m/n/10 (0) [
] = [] [][] [](\OML/cmm/m/it/10 y\OT1/cmr/m/n/10 )\OML/cmm/m/it/10 dm[]\OT1/cmr
/m/n/10 (\OML/cmm/m/it/10 y\OT1/cmr/m/n/10 ) = [][] [](\OML/cmm/m/it/10 y\OT1/c
mr/m/n/10 ) [] \OML/cmm/m/it/10 dm[]\OT1/cmr/m/n/10 (\OML/cmm/m/it/10 y\OT1/cmr
/m/n/10 )$\T1/cmr/m/n/10 . 

Underfull \hbox (badness 10000) in paragraph at lines 160--180


Overfull \hbox (25.00003pt too wide) in paragraph at lines 160--180
[] 
[4]
Underfull \hbox (badness 10000) in paragraph at lines 180--187


Overfull \hbox (25.00003pt too wide) in paragraph at lines 180--187
[] 

Underfull \hbox (badness 10000) in paragraph at lines 180--187


Underfull \hbox (badness 10000) in paragraph at lines 187--197


Overfull \hbox (17.07648pt too wide) in paragraph at lines 187--197
[][] \OML/cmm/m/it/10 f[][]dm[] \OT1/cmr/m/n/10 = [][] [][] []\OML/cmm/m/it/10 
e[]dm[][]dm[] \OT1/cmr/m/n/10 = [][] [] [][] []\OML/cmm/m/it/10 e[]dm[]dm[] \OT
1/cmr/m/n/10 = [][] []\OML/cmm/m/it/10 gdm[] \OT1/cmr/m/n/10 =

Underfull \hbox (badness 10000) in paragraph at lines 187--197


Underfull \hbox (badness 10000) in paragraph at lines 187--197


Overfull \hbox (25.00003pt too wide) in paragraph at lines 187--197
[] 

Underfull \hbox (badness 10000) in paragraph at lines 187--197


Underfull \hbox (badness 10000) in paragraph at lines 187--197


Overfull \hbox (25.00003pt too wide) in paragraph at lines 187--197
[] 

Underfull \hbox (badness 10000) in paragraph at lines 187--197

[5]
Underfull \hbox (badness 10000) in paragraph at lines 216--227


Underfull \hbox (badness 10000) in paragraph at lines 216--227


Underfull \hbox (badness 10000) in paragraph at lines 216--227


Underfull \hbox (badness 10000) in paragraph at lines 216--227


Underfull \hbox (badness 10000) in paragraph at lines 216--227


Overfull \hbox (2.7771pt too wide) in paragraph at lines 216--227
[]\T1/cmr/m/n/10 . 

Underfull \hbox (badness 10000) in paragraph at lines 216--227

[6] [7] (./L2-Theorie.aux) )
(see the transcript file for additional information){/usr/share/texmf/fonts/enc
/dvips/cm-super/cm-super-t1.enc}</usr/share/texmf-texlive/fonts/type1/public/am
sfonts/cm/cmex10.pfb></usr/share/texmf-texlive/fonts/type1/public/amsfonts/cmex
tra/cmex7.pfb></usr/share/texmf-texlive/fonts/type1/public/amsfonts/cm/cmmi10.p
fb></usr/share/texmf-texlive/fonts/type1/public/amsfonts/cm/cmmi12.pfb></usr/sh
are/texmf-texlive/fonts/type1/public/amsfonts/cm/cmmi5.pfb></usr/share/texmf-te
xlive/fonts/type1/public/amsfonts/cm/cmmi7.pfb></usr/share/texmf-texlive/fonts/
type1/public/amsfonts/cm/cmr10.pfb></usr/share/texmf-texlive/fonts/type1/public
/amsfonts/cm/cmr12.pfb></usr/share/texmf-texlive/fonts/type1/public/amsfonts/cm
/cmr5.pfb></usr/share/texmf-texlive/fonts/type1/public/amsfonts/cm/cmr7.pfb></u
sr/share/texmf-texlive/fonts/type1/public/amsfonts/cm/cmsy10.pfb></usr/share/te
xmf-texlive/fonts/type1/public/amsfonts/cm/cmsy5.pfb></usr/share/texmf-texlive/
fonts/type1/public/amsfonts/cm/cmsy7.pfb></usr/share/texmf-texlive/fonts/type1/
public/amsfonts/symbols/msam7.pfb></usr/share/texmf-texlive/fonts/type1/public/
amsfonts/symbols/msbm10.pfb></usr/share/texmf-texlive/fonts/type1/public/amsfon
ts/symbols/msbm7.pfb></usr/share/texmf/fonts/type1/public/cm-super/sfbx1000.pfb
></usr/share/texmf/fonts/type1/public/cm-super/sfrm1000.pfb></usr/share/texmf/f
onts/type1/public/cm-super/sfrm1200.pfb></usr/share/texmf/fonts/type1/public/cm
-super/sfrm1728.pfb></usr/share/texmf/fonts/type1/public/cm-super/sfti1000.pfb>

Output written on L2-Theorie.pdf (7 pages, 269828 bytes).
Transcript written on L2-Theorie.log.
Result: ExitSuccess

Running /usr/bin/pdflatex L2-Theorie.tex in an env with 4 entries:
This is pdfTeX, Version 3.1415926-1.40.10 (TeX Live 2009/Debian)
entering extended mode
(data/L2-Theorie.tex
LaTeX2e <2009/09/24>
Babel <v3.8l> and hyphenation patterns for english, usenglishmax, dumylang, noh
yphenation, farsi, arabic, croatian, bulgarian, ukrainian, russian, czech, slov
ak, danish, dutch, finnish, french, basque, ngerman, german, german-x-2009-06-1
9, ngerman-x-2009-06-19, ibycus, monogreek, greek, ancientgreek, hungarian, san
skrit, italian, latin, latvian, lithuanian, mongolian2a, mongolian, bokmal, nyn
orsk, romanian, irish, coptic, serbian, turkish, welsh, esperanto, uppersorbian
, estonian, indonesian, interlingua, icelandic, kurmanji, slovenian, polish, po
rtuguese, spanish, galician, catalan, swedish, ukenglish, loaded.
(/usr/share/texmf-texlive/tex/latex/base/article.cls
Document Class: article 2007/10/19 v1.4h Standard LaTeX document class
(/usr/share/texmf-texlive/tex/latex/base/size10.clo)) (data/ana.sty
(data/mathe.sty (data/latexki.sty)
(/usr/share/texmf-texlive/tex/latex/base/inputenc.sty
(/usr/share/texmf-texlive/tex/latex/base/utf8.def
(/usr/share/texmf-texlive/tex/latex/base/t1enc.dfu)
(/usr/share/texmf-texlive/tex/latex/base/ot1enc.dfu)
(/usr/share/texmf-texlive/tex/latex/base/omsenc.dfu)))
(/usr/share/texmf-texlive/tex/generic/babel/babel.sty
(/usr/share/texmf-texlive/tex/generic/babel/ngermanb.ldf
(/usr/share/texmf-texlive/tex/generic/babel/babel.def)))
(/usr/share/texmf-texlive/tex/latex/base/fontenc.sty
(/usr/share/texmf-texlive/tex/latex/base/t1enc.def))
(/usr/share/texmf-texlive/tex/latex/amsfonts/amsfonts.sty)
(/usr/share/texmf-texlive/tex/latex/amsfonts/amssymb.sty)
(/usr/share/texmf-texlive/tex/latex/amsmath/amsmath.sty
For additional information on amsmath, use the `?' option.
(/usr/share/texmf-texlive/tex/latex/amsmath/amstext.sty
(/usr/share/texmf-texlive/tex/latex/amsmath/amsgen.sty))
(/usr/share/texmf-texlive/tex/latex/amsmath/amsbsy.sty)
(/usr/share/texmf-texlive/tex/latex/amsmath/amsopn.sty))
(/usr/share/texmf-texlive/tex/latex/stmaryrd/stmaryrd.sty)
(/usr/share/texmf-texlive/tex/latex/tools/verbatim.sty)
(/usr/share/texmf-texlive/tex/latex/base/ifthen.sty)
(/usr/share/texmf-texlive/tex/latex/ntheorem/ntheorem.sty
Style `ntheorem', Version 1.25 <2005/07/07>
) (/usr/share/texmf-texlive/tex/latex/ltxmisc/framed.sty)
(/usr/share/texmf-texlive/tex/latex/pstricks/pstricks.sty
(/usr/share/texmf-texlive/tex/generic/pstricks/pstricks.tex
`PSTricks' v1.29  <2009/05/19> (tvz)
(/usr/share/texmf-texlive/tex/generic/pstricks/pstricks.con))
(/usr/share/texmf/tex/latex/xcolor/xcolor.sty
(/etc/texmf/tex/latex/config/color.cfg)
(/usr/share/texmf-texlive/tex/latex/pdftex-def/pdftex.def)))
(/usr/share/texmf-texlive/tex/latex/carlisle/slashed.sty)
(/usr/share/texmf-texlive/tex/latex/base/makeidx.sty)
(/usr/share/texmf-texlive/tex/latex/wasysym/wasysym.sty)
(/usr/share/texmf-texlive/tex/latex/jknapltx/mathrsfs.sty)
(/usr/share/texmf-texlive/tex/latex/mh/mathtools.sty
(/usr/share/texmf-texlive/tex/latex/graphics/keyval.sty)
(/usr/share/texmf-texlive/tex/latex/tools/calc.sty)
(/usr/share/texmf-texlive/tex/latex/mh/mhsetup.sty))
(/usr/share/texmf-texlive/tex/latex/doublestroke/dsfont.sty)
(/usr/share/texmf-texlive/tex/latex/hyperref/hyperref.sty
(/usr/share/texmf-texlive/tex/generic/oberdiek/ifpdf.sty)
(/usr/share/texmf-texlive/tex/generic/oberdiek/ifvtex.sty)
(/usr/share/texmf-texlive/tex/generic/ifxetex/ifxetex.sty)
(/usr/share/texmf-texlive/tex/latex/oberdiek/hycolor.sty
(/usr/share/texmf-texlive/tex/latex/oberdiek/xcolor-patch.sty))
(/usr/share/texmf-texlive/tex/latex/hyperref/pd1enc.def)
(/usr/share/texmf-texlive/tex/generic/oberdiek/etexcmds.sty
(/usr/share/texmf-texlive/tex/generic/oberdiek/infwarerr.sty))
(/usr/share/texmf-texlive/tex/latex/latexconfig/hyperref.cfg)
(/usr/share/texmf-texlive/tex/latex/oberdiek/kvoptions.sty
(/usr/share/texmf-texlive/tex/generic/oberdiek/kvsetkeys.sty))
Implicit mode ON; LaTeX internals redefined
(/usr/share/texmf-texlive/tex/latex/ltxmisc/url.sty)
(/usr/share/texmf-texlive/tex/generic/oberdiek/bitset.sty
(/usr/share/texmf-texlive/tex/generic/oberdiek/intcalc.sty)
(/usr/share/texmf-texlive/tex/generic/oberdiek/bigintcalc.sty
(/usr/share/texmf-texlive/tex/generic/oberdiek/pdftexcmds.sty
(/usr/share/texmf-texlive/tex/generic/oberdiek/ifluatex.sty)
(/usr/share/texmf-texlive/tex/generic/oberdiek/ltxcmds.sty))))
(/usr/share/texmf-texlive/tex/generic/oberdiek/atbegshi.sty))
*hyperref using default driver hpdftex*
(/usr/share/texmf-texlive/tex/latex/hyperref/hpdftex.def)
(/usr/share/texmf-texlive/tex/latex/etex-pkg/etex.sty)))
(data/saetze-schmoeger.sty) (./L2-Theorie.aux)
(/usr/share/texmf-texlive/tex/context/base/supp-pdf.mkii
[Loading MPS to PDF converter (version 2006.09.02).]
) (/usr/share/texmf-texlive/tex/latex/hyperref/nameref.sty
(/usr/share/texmf-texlive/tex/latex/oberdiek/refcount.sty)) (./L2-Theorie.out)
(./L2-Theorie.out) (/usr/share/texmf-texlive/tex/latex/amsfonts/umsa.fd)
(/usr/share/texmf-texlive/tex/latex/amsfonts/umsb.fd)
(/usr/share/texmf-texlive/tex/latex/stmaryrd/Ustmry.fd)
(/usr/share/texmf-texlive/tex/latex/wasysym/uwasy.fd)
(/usr/share/texmf-texlive/tex/latex/jknapltx/ursfs.fd)
Underfull \hbox (badness 10000) in paragraph at lines 19--24


Underfull \hbox (badness 10000) in paragraph at lines 19--24


Underfull \hbox (badness 10000) in paragraph at lines 19--24

[1
Non-PDF special ignored!
Non-PDF special ignored!
Non-PDF special ignored!{/var/lib/texmf/fonts/map/pdftex/updmap/pdftex.map}]
Underfull \hbox (badness 10000) in paragraph at lines 53--55


Overfull \hbox (34.40305pt too wide) in paragraph at lines 71--76
[]\T1/cmr/m/n/10 Sei $\OML/cmm/m/it/10  ; ^^^ \OMS/cmsy/m/n/10 2 S$ \T1/cmr/m/n
/10 und $\OML/cmm/m/it/10 ^^N \OT1/cmr/m/n/10 := [][] [][](1 + \OMS/cmsy/m/n/10
 j\OML/cmm/m/it/10 x\OMS/cmsy/m/n/10 j[]\OT1/cmr/m/n/10 )[]\OMS/cmsy/m/n/10 j\O
T1/cmr/m/n/10 (\OML/cmm/m/it/10 D[] \OT1/cmr/m/n/10 )(\OML/cmm/m/it/10 x\OT1/cm
r/m/n/10 )\OMS/cmsy/m/n/10 j$\T1/cmr/m/n/10 , $[] \OT1/cmr/m/n/10 := [][] [][](
1 +

Underfull \hbox (badness 10000) in paragraph at lines 98--100


Overfull \hbox (25.00003pt too wide) in paragraph at lines 98--100
[] 
[2]
Overfull \hbox (25.00003pt too wide) in paragraph at lines 105--111
[] 

Underfull \hbox (badness 10000) in paragraph at lines 105--111


Underfull \hbox (badness 10000) in paragraph at lines 113--132


Overfull \hbox (27.77713pt too wide) in paragraph at lines 113--132
[]\T1/cmr/m/n/10 . 

Underfull \hbox (badness 10000) in paragraph at lines 113--132


Underfull \hbox (badness 10000) in paragraph at lines 113--132


Overfull \hbox (25.00003pt too wide) in paragraph at lines 113--132
[] 

Underfull \hbox (badness 10000) in paragraph at lines 113--132


Underfull \hbox (badness 10000) in paragraph at lines 113--132


Underfull \hbox (badness 10000) in paragraph at lines 113--132


Underfull \hbox (badness 10000) in paragraph at lines 113--132


Underfull \hbox (badness 10000) in paragraph at lines 113--132


Overfull \hbox (87.17598pt too wide) in paragraph at lines 113--132
[]$ $\OT1/cmr/m/n/10 = [][] \OML/cmm/m/it/10 f\OT1/cmr/m/n/10 (\OML/cmm/m/it/10
 x\OT1/cmr/m/n/10 )[]\OML/cmm/m/it/10 dm[]$ $\OT1/cmr/m/n/10 = [][] \OML/cmm/m/
it/10 x[]f\OT1/cmr/m/n/10 (\OML/cmm/m/it/10 x\OT1/cmr/m/n/10 )[]\OML/cmm/m/it/1
0 e[]\OT1/cmr/m/n/10 (\OML/cmm/m/it/10 x\OT1/cmr/m/n/10 )\OML/cmm/m/it/10 dm[]$
 $\OT1/cmr/m/n/10 = [][] \OML/cmm/m/it/10 x[]f\OT1/cmr/m/n/10 (\OML/cmm/m/it/10
 x\OT1/cmr/m/n/10 )\OML/cmm/m/it/10 ^^M\OT1/cmr/m/n/10 (\OML/cmm/m/it/10 x[]; ^
^O\OT1/cmr/m/n/10 )\OML/cmm/m/it/10 e[]\OT1/cmr/m/n/10 (\OML/cmm/m/it/10 x\OT1/
cmr/m/n/10 )\OML/cmm/m/it/10 dm[]$ 

Underfull \hbox (badness 10000) in paragraph at lines 113--132


Underfull \hbox (badness 10000) in paragraph at lines 113--132


Overfull \hbox (25.00003pt too wide) in paragraph at lines 113--132
[] 

Underfull \hbox (badness 10000) in paragraph at lines 113--132

[3]
Underfull \hbox (badness 10000) in paragraph at lines 132--140


Overfull \hbox (25.00003pt too wide) in paragraph at lines 132--140
[] 

Underfull \hbox (badness 10000) in paragraph at lines 160--180


Overfull \hbox (25.00003pt too wide) in paragraph at lines 160--180
[] 

Underfull \hbox (badness 10000) in paragraph at lines 160--180


Underfull \hbox (badness 10000) in paragraph at lines 160--180


Overfull \hbox (11.40329pt too wide) in paragraph at lines 160--180
\OT1/cmr/m/n/10 ^^@(\OML/cmm/m/it/10 ^^U\OT1/cmr/m/n/10 ) := [][] \OML/cmm/m/it
/10 g\OT1/cmr/m/n/10 ([])[](\OML/cmm/m/it/10 t\OT1/cmr/m/n/10 )\OML/cmm/m/it/10
 dm[]\OT1/cmr/m/n/10 (\OML/cmm/m/it/10 t\OT1/cmr/m/n/10 ) = [][] []([])\OML/cmm
/m/it/10 ^^^\OT1/cmr/m/n/10 (\OML/cmm/m/it/10 t\OT1/cmr/m/n/10 )\OML/cmm/m/it/1
0 dm[]\OT1/cmr/m/n/10 (\OML/cmm/m/it/10 t\OT1/cmr/m/n/10 ) = [][] \OML/cmm/m/it
/10 ^^U[][]\OT1/cmr/m/n/10 (\OML/cmm/m/it/10 ^^Ut\OT1/cmr/m/n/10 )\OML/cmm/m/it
/10 ^^^\OT1/cmr/m/n/10 (\OML/cmm/m/it/10 t\OT1/cmr/m/n/10 )\OML/cmm/m/it/10 dm[
]\OT1/cmr/m/n/10 (\OML/cmm/m/it/10 t\OT1/cmr/m/n/10 )$ 

Underfull \hbox (badness 10000) in paragraph at lines 160--180


Underfull \hbox (badness 10000) in paragraph at lines 160--180


Underfull \hbox (badness 10000) in paragraph at lines 160--180


Underfull \hbox (badness 10000) in paragraph at lines 160--180


Overfull \hbox (25.00003pt too wide) in paragraph at lines 160--180
[] 

Underfull \hbox (badness 10000) in paragraph at lines 160--180


Underfull \hbox (badness 10000) in paragraph at lines 160--180


Overfull \hbox (2.80626pt too wide) in paragraph at lines 160--180
\OML/cmm/m/it/10 g\OT1/cmr/m/n/10 (0) = \OML/cmm/m/it/10 g\OT1/cmr/m/n/10 (0) [
] = [] [][] [](\OML/cmm/m/it/10 y\OT1/cmr/m/n/10 )\OML/cmm/m/it/10 dm[]\OT1/cmr
/m/n/10 (\OML/cmm/m/it/10 y\OT1/cmr/m/n/10 ) = [][] [](\OML/cmm/m/it/10 y\OT1/c
mr/m/n/10 ) [] \OML/cmm/m/it/10 dm[]\OT1/cmr/m/n/10 (\OML/cmm/m/it/10 y\OT1/cmr
/m/n/10 )$\T1/cmr/m/n/10 . 

Underfull \hbox (badness 10000) in paragraph at lines 160--180


Overfull \hbox (25.00003pt too wide) in paragraph at lines 160--180
[] 
[4]
Underfull \hbox (badness 10000) in paragraph at lines 180--187


Overfull \hbox (25.00003pt too wide) in paragraph at lines 180--187
[] 

Underfull \hbox (badness 10000) in paragraph at lines 180--187


Underfull \hbox (badness 10000) in paragraph at lines 187--197


Overfull \hbox (17.07648pt too wide) in paragraph at lines 187--197
[][] \OML/cmm/m/it/10 f[][]dm[] \OT1/cmr/m/n/10 = [][] [][] []\OML/cmm/m/it/10 
e[]dm[][]dm[] \OT1/cmr/m/n/10 = [][] [] [][] []\OML/cmm/m/it/10 e[]dm[]dm[] \OT
1/cmr/m/n/10 = [][] []\OML/cmm/m/it/10 gdm[] \OT1/cmr/m/n/10 =

Underfull \hbox (badness 10000) in paragraph at lines 187--197


Underfull \hbox (badness 10000) in paragraph at lines 187--197


Overfull \hbox (25.00003pt too wide) in paragraph at lines 187--197
[] 

Underfull \hbox (badness 10000) in paragraph at lines 187--197


Underfull \hbox (badness 10000) in paragraph at lines 187--197


Overfull \hbox (25.00003pt too wide) in paragraph at lines 187--197
[] 

Underfull \hbox (badness 10000) in paragraph at lines 187--197

[5]
Underfull \hbox (badness 10000) in paragraph at lines 216--227


Underfull \hbox (badness 10000) in paragraph at lines 216--227


Underfull \hbox (badness 10000) in paragraph at lines 216--227


Underfull \hbox (badness 10000) in paragraph at lines 216--227


Underfull \hbox (badness 10000) in paragraph at lines 216--227


Overfull \hbox (2.7771pt too wide) in paragraph at lines 216--227
[]\T1/cmr/m/n/10 . 

Underfull \hbox (badness 10000) in paragraph at lines 216--227

[6] [7] (./L2-Theorie.aux) )
(see the transcript file for additional information){/usr/share/texmf/fonts/enc
/dvips/cm-super/cm-super-t1.enc}</usr/share/texmf-texlive/fonts/type1/public/am
sfonts/cm/cmex10.pfb></usr/share/texmf-texlive/fonts/type1/public/amsfonts/cmex
tra/cmex7.pfb></usr/share/texmf-texlive/fonts/type1/public/amsfonts/cm/cmmi10.p
fb></usr/share/texmf-texlive/fonts/type1/public/amsfonts/cm/cmmi12.pfb></usr/sh
are/texmf-texlive/fonts/type1/public/amsfonts/cm/cmmi5.pfb></usr/share/texmf-te
xlive/fonts/type1/public/amsfonts/cm/cmmi7.pfb></usr/share/texmf-texlive/fonts/
type1/public/amsfonts/cm/cmr10.pfb></usr/share/texmf-texlive/fonts/type1/public
/amsfonts/cm/cmr12.pfb></usr/share/texmf-texlive/fonts/type1/public/amsfonts/cm
/cmr5.pfb></usr/share/texmf-texlive/fonts/type1/public/amsfonts/cm/cmr7.pfb></u
sr/share/texmf-texlive/fonts/type1/public/amsfonts/cm/cmsy10.pfb></usr/share/te
xmf-texlive/fonts/type1/public/amsfonts/cm/cmsy5.pfb></usr/share/texmf-texlive/
fonts/type1/public/amsfonts/cm/cmsy7.pfb></usr/share/texmf-texlive/fonts/type1/
public/amsfonts/symbols/msam7.pfb></usr/share/texmf-texlive/fonts/type1/public/
amsfonts/symbols/msbm10.pfb></usr/share/texmf-texlive/fonts/type1/public/amsfon
ts/symbols/msbm7.pfb></usr/share/texmf/fonts/type1/public/cm-super/sfbx1000.pfb
></usr/share/texmf/fonts/type1/public/cm-super/sfrm1000.pfb></usr/share/texmf/f
onts/type1/public/cm-super/sfrm1200.pfb></usr/share/texmf/fonts/type1/public/cm
-super/sfrm1728.pfb></usr/share/texmf/fonts/type1/public/cm-super/sfti1000.pfb>

Output written on L2-Theorie.pdf (7 pages, 269828 bytes).
Transcript written on L2-Theorie.log.
Result: ExitSuccess

Running /usr/bin/pdflatex L2-Theorie.tex in an env with 4 entries:
This is pdfTeX, Version 3.1415926-1.40.10 (TeX Live 2009/Debian)
entering extended mode
(data/L2-Theorie.tex
LaTeX2e <2009/09/24>
Babel <v3.8l> and hyphenation patterns for english, usenglishmax, dumylang, noh
yphenation, farsi, arabic, croatian, bulgarian, ukrainian, russian, czech, slov
ak, danish, dutch, finnish, french, basque, ngerman, german, german-x-2009-06-1
9, ngerman-x-2009-06-19, ibycus, monogreek, greek, ancientgreek, hungarian, san
skrit, italian, latin, latvian, lithuanian, mongolian2a, mongolian, bokmal, nyn
orsk, romanian, irish, coptic, serbian, turkish, welsh, esperanto, uppersorbian
, estonian, indonesian, interlingua, icelandic, kurmanji, slovenian, polish, po
rtuguese, spanish, galician, catalan, swedish, ukenglish, loaded.
(/usr/share/texmf-texlive/tex/latex/base/article.cls
Document Class: article 2007/10/19 v1.4h Standard LaTeX document class
(/usr/share/texmf-texlive/tex/latex/base/size10.clo)) (data/ana.sty
(data/mathe.sty (data/latexki.sty)
(/usr/share/texmf-texlive/tex/latex/base/inputenc.sty
(/usr/share/texmf-texlive/tex/latex/base/utf8.def
(/usr/share/texmf-texlive/tex/latex/base/t1enc.dfu)
(/usr/share/texmf-texlive/tex/latex/base/ot1enc.dfu)
(/usr/share/texmf-texlive/tex/latex/base/omsenc.dfu)))
(/usr/share/texmf-texlive/tex/generic/babel/babel.sty
(/usr/share/texmf-texlive/tex/generic/babel/ngermanb.ldf
(/usr/share/texmf-texlive/tex/generic/babel/babel.def)))
(/usr/share/texmf-texlive/tex/latex/base/fontenc.sty
(/usr/share/texmf-texlive/tex/latex/base/t1enc.def))
(/usr/share/texmf-texlive/tex/latex/amsfonts/amsfonts.sty)
(/usr/share/texmf-texlive/tex/latex/amsfonts/amssymb.sty)
(/usr/share/texmf-texlive/tex/latex/amsmath/amsmath.sty
For additional information on amsmath, use the `?' option.
(/usr/share/texmf-texlive/tex/latex/amsmath/amstext.sty
(/usr/share/texmf-texlive/tex/latex/amsmath/amsgen.sty))
(/usr/share/texmf-texlive/tex/latex/amsmath/amsbsy.sty)
(/usr/share/texmf-texlive/tex/latex/amsmath/amsopn.sty))
(/usr/share/texmf-texlive/tex/latex/stmaryrd/stmaryrd.sty)
(/usr/share/texmf-texlive/tex/latex/tools/verbatim.sty)
(/usr/share/texmf-texlive/tex/latex/base/ifthen.sty)
(/usr/share/texmf-texlive/tex/latex/ntheorem/ntheorem.sty
Style `ntheorem', Version 1.25 <2005/07/07>
) (/usr/share/texmf-texlive/tex/latex/ltxmisc/framed.sty)
(/usr/share/texmf-texlive/tex/latex/pstricks/pstricks.sty
(/usr/share/texmf-texlive/tex/generic/pstricks/pstricks.tex
`PSTricks' v1.29  <2009/05/19> (tvz)
(/usr/share/texmf-texlive/tex/generic/pstricks/pstricks.con))
(/usr/share/texmf/tex/latex/xcolor/xcolor.sty
(/etc/texmf/tex/latex/config/color.cfg)
(/usr/share/texmf-texlive/tex/latex/pdftex-def/pdftex.def)))
(/usr/share/texmf-texlive/tex/latex/carlisle/slashed.sty)
(/usr/share/texmf-texlive/tex/latex/base/makeidx.sty)
(/usr/share/texmf-texlive/tex/latex/wasysym/wasysym.sty)
(/usr/share/texmf-texlive/tex/latex/jknapltx/mathrsfs.sty)
(/usr/share/texmf-texlive/tex/latex/mh/mathtools.sty
(/usr/share/texmf-texlive/tex/latex/graphics/keyval.sty)
(/usr/share/texmf-texlive/tex/latex/tools/calc.sty)
(/usr/share/texmf-texlive/tex/latex/mh/mhsetup.sty))
(/usr/share/texmf-texlive/tex/latex/doublestroke/dsfont.sty)
(/usr/share/texmf-texlive/tex/latex/hyperref/hyperref.sty
(/usr/share/texmf-texlive/tex/generic/oberdiek/ifpdf.sty)
(/usr/share/texmf-texlive/tex/generic/oberdiek/ifvtex.sty)
(/usr/share/texmf-texlive/tex/generic/ifxetex/ifxetex.sty)
(/usr/share/texmf-texlive/tex/latex/oberdiek/hycolor.sty
(/usr/share/texmf-texlive/tex/latex/oberdiek/xcolor-patch.sty))
(/usr/share/texmf-texlive/tex/latex/hyperref/pd1enc.def)
(/usr/share/texmf-texlive/tex/generic/oberdiek/etexcmds.sty
(/usr/share/texmf-texlive/tex/generic/oberdiek/infwarerr.sty))
(/usr/share/texmf-texlive/tex/latex/latexconfig/hyperref.cfg)
(/usr/share/texmf-texlive/tex/latex/oberdiek/kvoptions.sty
(/usr/share/texmf-texlive/tex/generic/oberdiek/kvsetkeys.sty))
Implicit mode ON; LaTeX internals redefined
(/usr/share/texmf-texlive/tex/latex/ltxmisc/url.sty)
(/usr/share/texmf-texlive/tex/generic/oberdiek/bitset.sty
(/usr/share/texmf-texlive/tex/generic/oberdiek/intcalc.sty)
(/usr/share/texmf-texlive/tex/generic/oberdiek/bigintcalc.sty
(/usr/share/texmf-texlive/tex/generic/oberdiek/pdftexcmds.sty
(/usr/share/texmf-texlive/tex/generic/oberdiek/ifluatex.sty)
(/usr/share/texmf-texlive/tex/generic/oberdiek/ltxcmds.sty))))
(/usr/share/texmf-texlive/tex/generic/oberdiek/atbegshi.sty))
*hyperref using default driver hpdftex*
(/usr/share/texmf-texlive/tex/latex/hyperref/hpdftex.def)
(/usr/share/texmf-texlive/tex/latex/etex-pkg/etex.sty)))
(data/saetze-schmoeger.sty) (./L2-Theorie.aux)
(/usr/share/texmf-texlive/tex/context/base/supp-pdf.mkii
[Loading MPS to PDF converter (version 2006.09.02).]
) (/usr/share/texmf-texlive/tex/latex/hyperref/nameref.sty
(/usr/share/texmf-texlive/tex/latex/oberdiek/refcount.sty)) (./L2-Theorie.out)
(./L2-Theorie.out) (/usr/share/texmf-texlive/tex/latex/amsfonts/umsa.fd)
(/usr/share/texmf-texlive/tex/latex/amsfonts/umsb.fd)
(/usr/share/texmf-texlive/tex/latex/stmaryrd/Ustmry.fd)
(/usr/share/texmf-texlive/tex/latex/wasysym/uwasy.fd)
(/usr/share/texmf-texlive/tex/latex/jknapltx/ursfs.fd)
Underfull \hbox (badness 10000) in paragraph at lines 19--24


Underfull \hbox (badness 10000) in paragraph at lines 19--24


Underfull \hbox (badness 10000) in paragraph at lines 19--24

[1
Non-PDF special ignored!
Non-PDF special ignored!
Non-PDF special ignored!{/var/lib/texmf/fonts/map/pdftex/updmap/pdftex.map}]
Underfull \hbox (badness 10000) in paragraph at lines 53--55


Overfull \hbox (34.40305pt too wide) in paragraph at lines 71--76
[]\T1/cmr/m/n/10 Sei $\OML/cmm/m/it/10  ; ^^^ \OMS/cmsy/m/n/10 2 S$ \T1/cmr/m/n
/10 und $\OML/cmm/m/it/10 ^^N \OT1/cmr/m/n/10 := [][] [][](1 + \OMS/cmsy/m/n/10
 j\OML/cmm/m/it/10 x\OMS/cmsy/m/n/10 j[]\OT1/cmr/m/n/10 )[]\OMS/cmsy/m/n/10 j\O
T1/cmr/m/n/10 (\OML/cmm/m/it/10 D[] \OT1/cmr/m/n/10 )(\OML/cmm/m/it/10 x\OT1/cm
r/m/n/10 )\OMS/cmsy/m/n/10 j$\T1/cmr/m/n/10 , $[] \OT1/cmr/m/n/10 := [][] [][](
1 +

Underfull \hbox (badness 10000) in paragraph at lines 98--100


Overfull \hbox (25.00003pt too wide) in paragraph at lines 98--100
[] 
[2]
Overfull \hbox (25.00003pt too wide) in paragraph at lines 105--111
[] 

Underfull \hbox (badness 10000) in paragraph at lines 105--111


Underfull \hbox (badness 10000) in paragraph at lines 113--132


Overfull \hbox (27.77713pt too wide) in paragraph at lines 113--132
[]\T1/cmr/m/n/10 . 

Underfull \hbox (badness 10000) in paragraph at lines 113--132


Underfull \hbox (badness 10000) in paragraph at lines 113--132


Overfull \hbox (25.00003pt too wide) in paragraph at lines 113--132
[] 

Underfull \hbox (badness 10000) in paragraph at lines 113--132


Underfull \hbox (badness 10000) in paragraph at lines 113--132


Underfull \hbox (badness 10000) in paragraph at lines 113--132


Underfull \hbox (badness 10000) in paragraph at lines 113--132


Underfull \hbox (badness 10000) in paragraph at lines 113--132


Overfull \hbox (87.17598pt too wide) in paragraph at lines 113--132
[]$ $\OT1/cmr/m/n/10 = [][] \OML/cmm/m/it/10 f\OT1/cmr/m/n/10 (\OML/cmm/m/it/10
 x\OT1/cmr/m/n/10 )[]\OML/cmm/m/it/10 dm[]$ $\OT1/cmr/m/n/10 = [][] \OML/cmm/m/
it/10 x[]f\OT1/cmr/m/n/10 (\OML/cmm/m/it/10 x\OT1/cmr/m/n/10 )[]\OML/cmm/m/it/1
0 e[]\OT1/cmr/m/n/10 (\OML/cmm/m/it/10 x\OT1/cmr/m/n/10 )\OML/cmm/m/it/10 dm[]$
 $\OT1/cmr/m/n/10 = [][] \OML/cmm/m/it/10 x[]f\OT1/cmr/m/n/10 (\OML/cmm/m/it/10
 x\OT1/cmr/m/n/10 )\OML/cmm/m/it/10 ^^M\OT1/cmr/m/n/10 (\OML/cmm/m/it/10 x[]; ^
^O\OT1/cmr/m/n/10 )\OML/cmm/m/it/10 e[]\OT1/cmr/m/n/10 (\OML/cmm/m/it/10 x\OT1/
cmr/m/n/10 )\OML/cmm/m/it/10 dm[]$ 

Underfull \hbox (badness 10000) in paragraph at lines 113--132


Underfull \hbox (badness 10000) in paragraph at lines 113--132


Overfull \hbox (25.00003pt too wide) in paragraph at lines 113--132
[] 

Underfull \hbox (badness 10000) in paragraph at lines 113--132

[3]
Underfull \hbox (badness 10000) in paragraph at lines 132--140


Overfull \hbox (25.00003pt too wide) in paragraph at lines 132--140
[] 

Underfull \hbox (badness 10000) in paragraph at lines 160--180


Overfull \hbox (25.00003pt too wide) in paragraph at lines 160--180
[] 

Underfull \hbox (badness 10000) in paragraph at lines 160--180


Underfull \hbox (badness 10000) in paragraph at lines 160--180


Overfull \hbox (11.40329pt too wide) in paragraph at lines 160--180
\OT1/cmr/m/n/10 ^^@(\OML/cmm/m/it/10 ^^U\OT1/cmr/m/n/10 ) := [][] \OML/cmm/m/it
/10 g\OT1/cmr/m/n/10 ([])[](\OML/cmm/m/it/10 t\OT1/cmr/m/n/10 )\OML/cmm/m/it/10
 dm[]\OT1/cmr/m/n/10 (\OML/cmm/m/it/10 t\OT1/cmr/m/n/10 ) = [][] []([])\OML/cmm
/m/it/10 ^^^\OT1/cmr/m/n/10 (\OML/cmm/m/it/10 t\OT1/cmr/m/n/10 )\OML/cmm/m/it/1
0 dm[]\OT1/cmr/m/n/10 (\OML/cmm/m/it/10 t\OT1/cmr/m/n/10 ) = [][] \OML/cmm/m/it
/10 ^^U[][]\OT1/cmr/m/n/10 (\OML/cmm/m/it/10 ^^Ut\OT1/cmr/m/n/10 )\OML/cmm/m/it
/10 ^^^\OT1/cmr/m/n/10 (\OML/cmm/m/it/10 t\OT1/cmr/m/n/10 )\OML/cmm/m/it/10 dm[
]\OT1/cmr/m/n/10 (\OML/cmm/m/it/10 t\OT1/cmr/m/n/10 )$ 

Underfull \hbox (badness 10000) in paragraph at lines 160--180


Underfull \hbox (badness 10000) in paragraph at lines 160--180


Underfull \hbox (badness 10000) in paragraph at lines 160--180


Underfull \hbox (badness 10000) in paragraph at lines 160--180


Overfull \hbox (25.00003pt too wide) in paragraph at lines 160--180
[] 

Underfull \hbox (badness 10000) in paragraph at lines 160--180


Underfull \hbox (badness 10000) in paragraph at lines 160--180


Overfull \hbox (2.80626pt too wide) in paragraph at lines 160--180
\OML/cmm/m/it/10 g\OT1/cmr/m/n/10 (0) = \OML/cmm/m/it/10 g\OT1/cmr/m/n/10 (0) [
] = [] [][] [](\OML/cmm/m/it/10 y\OT1/cmr/m/n/10 )\OML/cmm/m/it/10 dm[]\OT1/cmr
/m/n/10 (\OML/cmm/m/it/10 y\OT1/cmr/m/n/10 ) = [][] [](\OML/cmm/m/it/10 y\OT1/c
mr/m/n/10 ) [] \OML/cmm/m/it/10 dm[]\OT1/cmr/m/n/10 (\OML/cmm/m/it/10 y\OT1/cmr
/m/n/10 )$\T1/cmr/m/n/10 . 

Underfull \hbox (badness 10000) in paragraph at lines 160--180


Overfull \hbox (25.00003pt too wide) in paragraph at lines 160--180
[] 
[4]
Underfull \hbox (badness 10000) in paragraph at lines 180--187


Overfull \hbox (25.00003pt too wide) in paragraph at lines 180--187
[] 

Underfull \hbox (badness 10000) in paragraph at lines 180--187


Underfull \hbox (badness 10000) in paragraph at lines 187--197


Overfull \hbox (17.07648pt too wide) in paragraph at lines 187--197
[][] \OML/cmm/m/it/10 f[][]dm[] \OT1/cmr/m/n/10 = [][] [][] []\OML/cmm/m/it/10 
e[]dm[][]dm[] \OT1/cmr/m/n/10 = [][] [] [][] []\OML/cmm/m/it/10 e[]dm[]dm[] \OT
1/cmr/m/n/10 = [][] []\OML/cmm/m/it/10 gdm[] \OT1/cmr/m/n/10 =

Underfull \hbox (badness 10000) in paragraph at lines 187--197


Underfull \hbox (badness 10000) in paragraph at lines 187--197


Overfull \hbox (25.00003pt too wide) in paragraph at lines 187--197
[] 

Underfull \hbox (badness 10000) in paragraph at lines 187--197


Underfull \hbox (badness 10000) in paragraph at lines 187--197


Overfull \hbox (25.00003pt too wide) in paragraph at lines 187--197
[] 

Underfull \hbox (badness 10000) in paragraph at lines 187--197

[5]
Underfull \hbox (badness 10000) in paragraph at lines 216--227


Underfull \hbox (badness 10000) in paragraph at lines 216--227


Underfull \hbox (badness 10000) in paragraph at lines 216--227


Underfull \hbox (badness 10000) in paragraph at lines 216--227


Underfull \hbox (badness 10000) in paragraph at lines 216--227


Overfull \hbox (2.7771pt too wide) in paragraph at lines 216--227
[]\T1/cmr/m/n/10 . 

Underfull \hbox (badness 10000) in paragraph at lines 216--227

[6] [7] (./L2-Theorie.aux) )
(see the transcript file for additional information){/usr/share/texmf/fonts/enc
/dvips/cm-super/cm-super-t1.enc}</usr/share/texmf-texlive/fonts/type1/public/am
sfonts/cm/cmex10.pfb></usr/share/texmf-texlive/fonts/type1/public/amsfonts/cmex
tra/cmex7.pfb></usr/share/texmf-texlive/fonts/type1/public/amsfonts/cm/cmmi10.p
fb></usr/share/texmf-texlive/fonts/type1/public/amsfonts/cm/cmmi12.pfb></usr/sh
are/texmf-texlive/fonts/type1/public/amsfonts/cm/cmmi5.pfb></usr/share/texmf-te
xlive/fonts/type1/public/amsfonts/cm/cmmi7.pfb></usr/share/texmf-texlive/fonts/
type1/public/amsfonts/cm/cmr10.pfb></usr/share/texmf-texlive/fonts/type1/public
/amsfonts/cm/cmr12.pfb></usr/share/texmf-texlive/fonts/type1/public/amsfonts/cm
/cmr5.pfb></usr/share/texmf-texlive/fonts/type1/public/amsfonts/cm/cmr7.pfb></u
sr/share/texmf-texlive/fonts/type1/public/amsfonts/cm/cmsy10.pfb></usr/share/te
xmf-texlive/fonts/type1/public/amsfonts/cm/cmsy5.pfb></usr/share/texmf-texlive/
fonts/type1/public/amsfonts/cm/cmsy7.pfb></usr/share/texmf-texlive/fonts/type1/
public/amsfonts/symbols/msam7.pfb></usr/share/texmf-texlive/fonts/type1/public/
amsfonts/symbols/msbm10.pfb></usr/share/texmf-texlive/fonts/type1/public/amsfon
ts/symbols/msbm7.pfb></usr/share/texmf/fonts/type1/public/cm-super/sfbx1000.pfb
></usr/share/texmf/fonts/type1/public/cm-super/sfrm1000.pfb></usr/share/texmf/f
onts/type1/public/cm-super/sfrm1200.pfb></usr/share/texmf/fonts/type1/public/cm
-super/sfrm1728.pfb></usr/share/texmf/fonts/type1/public/cm-super/sfti1000.pfb>

Output written on L2-Theorie.pdf (7 pages, 269828 bytes).
Transcript written on L2-Theorie.log.
Result: ExitSuccess

Running /usr/bin/convert -verbose L2-Theorie.pdf[0] -resize 70x L2-Theorie.png in an env with 4 entries:
"gs" -q -dQUIET -dSAFER -dBATCH -dNOPAUSE -dNOPROMPT -dMaxBitmap=500000000 -dAlignToPixels=0 -dGridFitTT=2 "-sDEVICE=pngalpha" -dTextAlphaBits=4 -dGraphicsAlphaBits=4 "-r72x72" -dFirstPage=1 -dLastPage=1 "-sOutputFile=/tmp/magick-XZaZ0yCd-%08d" "-f/tmp/magick-fhZvw5ui" "-f/tmp/magick--U4lTFnn"
/tmp/magick-XZaZ0yCd-00000001 PNG 612x792 612x792+0+0 8-bit DirectClass 29.3KB 0.010u 0:00.010
L2-Theorie.pdf[0]=>L2-Theorie.pdf PDF 612x792 612x792+0+0 16-bit DirectClass 29.3KB 0.000u 0:00.000
L2-Theorie.pdf[0]=>L2-Theorie.png PDF 612x792=>70x91 70x91+0+0 16-bit DirectClass 0.280u 0:00.079
Result: ExitSuccess

Running /usr/bin/optipng -verbose L2-Theorie.png in an env with 4 entries:
OptiPNG 0.6.4: Advanced PNG optimizer.
Copyright (C) 2001-2010 Cosmin Truta.

** Processing: L2-Theorie.png
70x91 pixels, 2x8 bits/pixel, grayscale+alpha
Reducing image to 8 bits/pixel, 48 colors (47 transparent) in palette
Input IDAT size = 1300 bytes
Input file size = 3923 bytes

Trying:
  zc = 9  zm = 8  zs = 0  f = 0		IDAT size = 917
  zc = 9  zm = 8  zs = 1  f = 0		IDAT size = 916
  zc = 1  zm = 8  zs = 2  f = 0		IDAT too big
  zc = 9  zm = 8  zs = 3  f = 0		IDAT size = 913
  zc = 9  zm = 8  zs = 0  f = 5		IDAT too big
  zc = 9  zm = 8  zs = 1  f = 5		IDAT too big
  zc = 1  zm = 8  zs = 2  f = 5		IDAT too big
  zc = 9  zm = 8  zs = 3  f = 5		IDAT too big

Selecting parameters:
  zc = 9  zm = 8  zs = 3  f = 0		IDAT size = 913

Output IDAT size = 913 bytes (387 bytes decrease)
Output file size = 3750 bytes (173 bytes = 4.41% decrease)

** Status report
1 file(s) have been processed.
Result: ExitSuccess
