
Running /usr/bin/pdflatex Numerik1Latex.tex in an env with 4 entries:
This is pdfTeX, Version 3.1415926-1.40.10 (TeX Live 2009/Debian)
entering extended mode
(data/Numerik1Latex.tex
LaTeX2e <2009/09/24>
Babel <v3.8l> and hyphenation patterns for english, usenglishmax, dumylang, noh
yphenation, farsi, arabic, croatian, bulgarian, ukrainian, russian, czech, slov
ak, danish, dutch, finnish, french, basque, ngerman, german, german-x-2009-06-1
9, ngerman-x-2009-06-19, ibycus, monogreek, greek, ancientgreek, hungarian, san
skrit, italian, latin, latvian, lithuanian, mongolian2a, mongolian, bokmal, nyn
orsk, romanian, irish, coptic, serbian, turkish, welsh, esperanto, uppersorbian
, estonian, indonesian, interlingua, icelandic, kurmanji, slovenian, polish, po
rtuguese, spanish, galician, catalan, swedish, ukenglish, loaded.
(/usr/share/texmf-texlive/tex/latex/koma-script/scrartcl.cls
Document Class: scrartcl 2009/07/24 v3.04a KOMA-Script document class (article)

(/usr/share/texmf-texlive/tex/latex/koma-script/scrkbase.sty
(/usr/share/texmf-texlive/tex/latex/koma-script/scrbase.sty
(/usr/share/texmf-texlive/tex/latex/graphics/keyval.sty)
(/usr/share/texmf-texlive/tex/latex/koma-script/scrlfile.sty
Package scrlfile, 2009/03/25 v3.03 KOMA-Script package (loading files)
                  Copyright (C) Markus Kohm

))) (/usr/share/texmf-texlive/tex/latex/koma-script/tocbasic.sty)
(/usr/share/texmf-texlive/tex/latex/koma-script/scrsize11pt.clo)
(/usr/share/texmf-texlive/tex/latex/koma-script/typearea.sty
Package typearea, 2009/07/24 v3.04a KOMA-Script package (type area)
                  Copyright (C) Frank Neukam, 1992-1994
                  Copyright (C) Markus Kohm, 1994-

)) (/usr/share/texmf-texlive/tex/generic/german/ngerman.sty v2.5e 1998-07-08)
(/usr/share/texmf-texlive/tex/latex/amsmath/amsmath.sty
For additional information on amsmath, use the `?' option.
(/usr/share/texmf-texlive/tex/latex/amsmath/amstext.sty
(/usr/share/texmf-texlive/tex/latex/amsmath/amsgen.sty))
(/usr/share/texmf-texlive/tex/latex/amsmath/amsbsy.sty)
(/usr/share/texmf-texlive/tex/latex/amsmath/amsopn.sty))
(/usr/share/texmf-texlive/tex/latex/amsfonts/amssymb.sty
(/usr/share/texmf-texlive/tex/latex/amsfonts/amsfonts.sty))
(/usr/share/texmf-texlive/tex/latex/amscls/amsthm.sty)
(/usr/share/texmf-texlive/tex/latex/hyperref/hyperref.sty
(/usr/share/texmf-texlive/tex/generic/oberdiek/ifpdf.sty)
(/usr/share/texmf-texlive/tex/generic/oberdiek/ifvtex.sty)
(/usr/share/texmf-texlive/tex/generic/ifxetex/ifxetex.sty)
(/usr/share/texmf-texlive/tex/latex/oberdiek/hycolor.sty
(/usr/share/texmf-texlive/tex/latex/oberdiek/xcolor-patch.sty))
(/usr/share/texmf-texlive/tex/latex/hyperref/pd1enc.def)
(/usr/share/texmf-texlive/tex/generic/oberdiek/etexcmds.sty
(/usr/share/texmf-texlive/tex/generic/oberdiek/infwarerr.sty))
(/usr/share/texmf-texlive/tex/latex/latexconfig/hyperref.cfg)
(/usr/share/texmf-texlive/tex/latex/oberdiek/kvoptions.sty
(/usr/share/texmf-texlive/tex/generic/oberdiek/kvsetkeys.sty))
Implicit mode ON; LaTeX internals redefined
(/usr/share/texmf-texlive/tex/latex/ltxmisc/url.sty)
(/usr/share/texmf-texlive/tex/generic/oberdiek/bitset.sty
(/usr/share/texmf-texlive/tex/generic/oberdiek/intcalc.sty)
(/usr/share/texmf-texlive/tex/generic/oberdiek/bigintcalc.sty
(/usr/share/texmf-texlive/tex/generic/oberdiek/pdftexcmds.sty
(/usr/share/texmf-texlive/tex/generic/oberdiek/ifluatex.sty)
(/usr/share/texmf-texlive/tex/generic/oberdiek/ltxcmds.sty))))
(/usr/share/texmf-texlive/tex/generic/oberdiek/atbegshi.sty))
*hyperref using default driver hpdftex*
(/usr/share/texmf-texlive/tex/latex/hyperref/hpdftex.def)
No file Numerik1Latex.aux.
(/usr/share/texmf-texlive/tex/latex/hyperref/nameref.sty
(/usr/share/texmf-texlive/tex/latex/oberdiek/refcount.sty))
(/usr/share/texmf-texlive/tex/latex/amsfonts/umsa.fd)
(/usr/share/texmf-texlive/tex/latex/amsfonts/umsb.fd)
(/usr/share/texmf-texlive/tex/latex/base/omscmr.fd) [1{/var/lib/texmf/fonts/map
/pdftex/updmap/pdftex.map}]
Underfull \hbox (badness 10000) in paragraph at lines 96--99


Underfull \hbox (badness 10000) in paragraph at lines 102--106

[2]
Underfull \hbox (badness 10000) in paragraph at lines 132--135

[3]
Underfull \hbox (badness 10000) in paragraph at lines 162--166


Underfull \hbox (badness 10000) in paragraph at lines 167--169

[4]
Underfull \hbox (badness 10000) in paragraph at lines 180--182

[5] [6]
Underfull \hbox (badness 10000) in paragraph at lines 293--294

[7]
Overfull \hbox (4.9042pt too wide) in paragraph at lines 328--332
\OT1/cmr/m/n/10.95 Formuliere dies als ein Glei-chungs-sys-tem in Ma-trix-schre
ib-wei-se f[]ur den Vek-tor $[\OML/cmm/m/it/10.95 u[]; [] ; u[]\OT1/cmr/m/n/10.
95 ]$ 

Underfull \hbox (badness 10000) in paragraph at lines 328--332

[8]
Underfull \hbox (badness 10000) in paragraph at lines 333--334


LaTeX Font Warning: Command \scriptsize invalid in math mode on input line 381.


[9]
Underfull \hbox (badness 10000) in paragraph at lines 404--405

[10]
Underfull \hbox (badness 10000) in paragraph at lines 431--434


Underfull \hbox (badness 10000) in paragraph at lines 434--437


Overfull \hbox (12.78355pt too wide) in paragraph at lines 445--447
 \OT1/cmss/bx/n/10.95 Dif-fe-ren-zen-quo-ti-ent:   \OT1/cmr/m/n/10.95 Wir hal-t
en in 1.1 die Dif-fe-ren-zen-quo-ti-en-ten $\OML/cmm/m/it/10.95 g[]\OT1/cmr/m/n
/10.95 (\OML/cmm/m/it/10.95 x; h\OT1/cmr/m/n/10.95 )$ und $\OML/cmm/m/it/10.95 
g[]\OT1/cmr/m/n/10.95 (\OML/cmm/m/it/10.95 x; h\OT1/cmr/m/n/10.95 )$
[11]
Underfull \hbox (badness 10000) in paragraph at lines 450--453


Underfull \hbox (badness 10000) in paragraph at lines 450--453


Underfull \hbox (badness 10000) in paragraph at lines 450--453


Underfull \hbox (badness 10000) in paragraph at lines 453--456


Underfull \hbox (badness 10000) in paragraph at lines 462--463


Underfull \hbox (badness 10000) in paragraph at lines 463--465

[12]
Overfull \hbox (0.52403pt too wide) in paragraph at lines 480--481
[]\OT1/cmr/bx/n/10.95 Theorem 1. \OT1/cmr/m/it/10.95 F[]ur die Sum-ma-ti-on von
 $\OML/cmm/m/it/10.95 n$ \OT1/cmr/m/it/10.95 Zah-len in Rech-ne-ra-rith-me-tik 
gilt die Absch[]atzung 

Underfull \hbox (badness 10000) in paragraph at lines 483--485


Underfull \hbox (badness 10000) in paragraph at lines 499--501

[13] [14] [15]
Overfull \hbox (13.55458pt too wide) in paragraph at lines 578--579
\OT1/cmr/bx/n/10.95 Definition. \OT1/cmr/m/it/10.95 Der \OT1/cmr/m/n/10.95 Sta-
bi-lit[]atsin-di-ka-tor \OT1/cmr/m/it/10.95 der R[]uckw[]arts-ana-ly-se des Al-
go-rith-mus $\OML/cmm/m/it/10.95 x \OMS/cmsy/m/n/10.95 7! []\OT1/cmr/m/n/10.95 
(\OML/cmm/m/it/10.95 x\OT1/cmr/m/n/10.95 )\OML/cmm/m/it/10.95 ;  x \OMS/cmsy/m/
n/10.95 2

Underfull \hbox (badness 10000) in paragraph at lines 587--588

[16]
Underfull \hbox (badness 10000) in paragraph at lines 629--630

[17]
Underfull \hbox (badness 10000) in paragraph at lines 685--687

[18]

LaTeX Warning: Command \L invalid in math mode on input line 699.


Underfull \hbox (badness 10000) in paragraph at lines 703--705


Underfull \hbox (badness 10000) in paragraph at lines 703--705

[19]
Underfull \hbox (badness 10000) in paragraph at lines 724--726


Underfull \hbox (badness 10000) in paragraph at lines 748--750

[20] [21] [22]
Underfull \hbox (badness 10000) in paragraph at lines 843--846

[23]

Package hyperref Warning: Token not allowed in a PDF string (PDFDocEncoding):
(hyperref)                removing `math shift' on input line 875.


Package hyperref Warning: Token not allowed in a PDF string (PDFDocEncoding):
(hyperref)                removing `math shift' on input line 875.


Underfull \hbox (badness 10000) in paragraph at lines 901--904

[24] [25] [26]
Underfull \hbox (badness 10000) in paragraph at lines 1000--1001


Underfull \hbox (badness 10000) in paragraph at lines 1024--1028

[27]
Underfull \hbox (badness 10000) in paragraph at lines 1046--1049

[28]

LaTeX Warning: Command \grqq invalid in math mode on input line 1083.

[29]
Overfull \hbox (8.28513pt too wide) in paragraph at lines 1120--1123
 \OT1/cmss/bx/n/10.95 SSOR-Verfahren (Sym-me-tri-sches SOR)[] \OT1/cmr/m/n/10.9
5 Erst SOR mit Durch-lauf $1\OML/cmm/m/it/10.95 ; [] ; n$ \OT1/cmr/m/n/10.95 da
nn $\OML/cmm/m/it/10.95 n; [] ; \OT1/cmr/m/n/10.95 1$. 
[30]
Underfull \hbox (badness 10000) in paragraph at lines 1151--1160

[31] [32]
Underfull \hbox (badness 10000) in paragraph at lines 1214--1219


Underfull \hbox (badness 10000) in paragraph at lines 1219--1221


Underfull \hbox (badness 10000) in paragraph at lines 1227--1229

[33]
Underfull \hbox (badness 10000) in paragraph at lines 1236--1238

[34]
Underfull \hbox (badness 10000) in paragraph at lines 1292--1294


Underfull \hbox (badness 10000) in paragraph at lines 1310--1312

[35]
Underfull \hbox (badness 10000) in paragraph at lines 1314--1323

[36]
Underfull \hbox (badness 10000) in paragraph at lines 1353--1355

[37] [38]
Overfull \hbox (10.76375pt too wide) in paragraph at lines 1437--1439
$\OMS/cmsy/m/n/10.95 ) \OT1/cmr/m/n/10.95 (\OML/cmm/m/it/10.95 e[]; q\OT1/cmr/m
/n/10.95 )[] = 0$ f[]ur al-le $\OML/cmm/m/it/10.95 q \OMS/cmsy/m/n/10.95 2 \OML
/cmm/m/it/10.95 V[]$\OT1/cmr/m/n/10.95 . Wir nen-nen die-se Ei-gen-schaft von $
\OML/cmm/m/it/10.95 e[]$ $A$\OT1/cmr/m/it/10.95 -Orthogonalit[]at
[39]
Overfull \hbox (36.74146pt too wide) in paragraph at lines 1446--1448
\OT1/cmr/m/n/10.95 und $\OML/cmm/m/it/10.95 Ad[]$ \OT1/cmr/m/n/10.95 ist ge-nau
 dann li-ne-ar un-abh[]angig von $\OMS/cmsy/m/n/10.95 f\OML/cmm/m/it/10.95 d[];
 [] ; d[]\OMS/cmsy/m/n/10.95 g$ \OT1/cmr/m/n/10.95 so-lan-ge $\OML/cmm/m/it/10.
95 A[]d[] [] []\OMS/cmsy/m/n/10.95 f\OML/cmm/m/it/10.95 d[]; [] ; A[]d[]\OMS/cm
sy/m/n/10.95 g$
[40] [41] [42] [43] [44] [45]
Underfull \hbox (badness 10000) in paragraph at lines 1628--1629

[46]
Underfull \hbox (badness 10000) in paragraph at lines 1655--1657


Underfull \hbox (badness 10000) in paragraph at lines 1675--1677

[47] [48] [49]
Overfull \hbox (9.39778pt too wide) in paragraph at lines 1760--1764
\OT1/cmr/m/n/10.95 Das Mi-ni-mum wird f[]ur $\OML/cmm/m/it/10.95 ![] \OT1/cmr/m
/n/10.95 = \OML/cmm/m/it/10.95 R[]b[]$ \OT1/cmr/m/n/10.95 an-ge-nom-men ($[](\O
ML/cmm/m/it/10.95 R[]\OT1/cmr/m/n/10.95 ) = [](\OML/cmm/m/it/10.95 A[]\OT1/cmr/
m/n/10.95 ) = [](\OML/cmm/m/it/10.95 A\OMS/cmsy/m/n/10.95 j\OML/cmm/m/it/10.95 
v[]\OT1/cmr/m/n/10.95 ) =
[50] [51] [52]
Underfull \hbox (badness 10000) in paragraph at lines 1856--1858

[53]
Underfull \hbox (badness 10000) in paragraph at lines 1883--1885

[54]
Underfull \hbox (badness 10000) in paragraph at lines 1931--1932


Underfull \hbox (badness 10000) in paragraph at lines 1932--1933

[55]
Underfull \hbox (badness 10000) in paragraph at lines 1972--1974

[56]
Underfull \hbox (badness 10000) in paragraph at lines 2021--2024

[57] [58] [59]
Underfull \hbox (badness 10000) in paragraph at lines 2119--2121

[60] [61]
Overfull \hbox (3.14435pt too wide) in paragraph at lines 2191--2195
\OT1/cmr/m/it/10.95 Insbesondere folgt der Ab-bruch nach end-lich vie-len Schri
t-ten bzgl. des Kri-te-ri-ums $\OML/cmm/m/it/10.95 E\OT1/cmr/m/n/10.95 (\OML/cm
m/m/it/10.95 u[]\OT1/cmr/m/n/10.95 ) \OMS/cmsy/m/n/10.95 ^^T
[62] [63] (./Numerik1Latex.aux) )
(see the transcript file for additional information)</usr/share/texmf-texlive/f
onts/type1/public/amsfonts/cm/cmbx10.pfb></usr/share/texmf-texlive/fonts/type1/
public/amsfonts/cm/cmcsc10.pfb></usr/share/texmf-texlive/fonts/type1/public/ams
fonts/cm/cmex10.pfb></usr/share/texmf-texlive/fonts/type1/public/amsfonts/cm/cm
mi10.pfb></usr/share/texmf-texlive/fonts/type1/public/amsfonts/cm/cmmi6.pfb></u
sr/share/texmf-texlive/fonts/type1/public/amsfonts/cm/cmmi8.pfb></usr/share/tex
mf-texlive/fonts/type1/public/amsfonts/cm/cmr10.pfb></usr/share/texmf-texlive/f
onts/type1/public/amsfonts/cm/cmr6.pfb></usr/share/texmf-texlive/fonts/type1/pu
blic/amsfonts/cm/cmr8.pfb></usr/share/texmf-texlive/fonts/type1/public/amsfonts
/cm/cmssbx10.pfb></usr/share/texmf-texlive/fonts/type1/public/amsfonts/cm/cmsy1
0.pfb></usr/share/texmf-texlive/fonts/type1/public/amsfonts/cm/cmsy6.pfb></usr/
share/texmf-texlive/fonts/type1/public/amsfonts/cm/cmsy8.pfb></usr/share/texmf-
texlive/fonts/type1/public/amsfonts/cm/cmti10.pfb></usr/share/texmf-texlive/fon
ts/type1/public/amsfonts/symbols/msam10.pfb></usr/share/texmf-texlive/fonts/typ
e1/public/amsfonts/symbols/msbm10.pfb>
Output written on Numerik1Latex.pdf (63 pages, 490795 bytes).
Transcript written on Numerik1Latex.log.
Result: ExitSuccess

Running /usr/bin/pdflatex Numerik1Latex.tex in an env with 4 entries:
This is pdfTeX, Version 3.1415926-1.40.10 (TeX Live 2009/Debian)
entering extended mode
(data/Numerik1Latex.tex
LaTeX2e <2009/09/24>
Babel <v3.8l> and hyphenation patterns for english, usenglishmax, dumylang, noh
yphenation, farsi, arabic, croatian, bulgarian, ukrainian, russian, czech, slov
ak, danish, dutch, finnish, french, basque, ngerman, german, german-x-2009-06-1
9, ngerman-x-2009-06-19, ibycus, monogreek, greek, ancientgreek, hungarian, san
skrit, italian, latin, latvian, lithuanian, mongolian2a, mongolian, bokmal, nyn
orsk, romanian, irish, coptic, serbian, turkish, welsh, esperanto, uppersorbian
, estonian, indonesian, interlingua, icelandic, kurmanji, slovenian, polish, po
rtuguese, spanish, galician, catalan, swedish, ukenglish, loaded.
(/usr/share/texmf-texlive/tex/latex/koma-script/scrartcl.cls
Document Class: scrartcl 2009/07/24 v3.04a KOMA-Script document class (article)

(/usr/share/texmf-texlive/tex/latex/koma-script/scrkbase.sty
(/usr/share/texmf-texlive/tex/latex/koma-script/scrbase.sty
(/usr/share/texmf-texlive/tex/latex/graphics/keyval.sty)
(/usr/share/texmf-texlive/tex/latex/koma-script/scrlfile.sty
Package scrlfile, 2009/03/25 v3.03 KOMA-Script package (loading files)
                  Copyright (C) Markus Kohm

))) (/usr/share/texmf-texlive/tex/latex/koma-script/tocbasic.sty)
(/usr/share/texmf-texlive/tex/latex/koma-script/scrsize11pt.clo)
(/usr/share/texmf-texlive/tex/latex/koma-script/typearea.sty
Package typearea, 2009/07/24 v3.04a KOMA-Script package (type area)
                  Copyright (C) Frank Neukam, 1992-1994
                  Copyright (C) Markus Kohm, 1994-

)) (/usr/share/texmf-texlive/tex/generic/german/ngerman.sty v2.5e 1998-07-08)
(/usr/share/texmf-texlive/tex/latex/amsmath/amsmath.sty
For additional information on amsmath, use the `?' option.
(/usr/share/texmf-texlive/tex/latex/amsmath/amstext.sty
(/usr/share/texmf-texlive/tex/latex/amsmath/amsgen.sty))
(/usr/share/texmf-texlive/tex/latex/amsmath/amsbsy.sty)
(/usr/share/texmf-texlive/tex/latex/amsmath/amsopn.sty))
(/usr/share/texmf-texlive/tex/latex/amsfonts/amssymb.sty
(/usr/share/texmf-texlive/tex/latex/amsfonts/amsfonts.sty))
(/usr/share/texmf-texlive/tex/latex/amscls/amsthm.sty)
(/usr/share/texmf-texlive/tex/latex/hyperref/hyperref.sty
(/usr/share/texmf-texlive/tex/generic/oberdiek/ifpdf.sty)
(/usr/share/texmf-texlive/tex/generic/oberdiek/ifvtex.sty)
(/usr/share/texmf-texlive/tex/generic/ifxetex/ifxetex.sty)
(/usr/share/texmf-texlive/tex/latex/oberdiek/hycolor.sty
(/usr/share/texmf-texlive/tex/latex/oberdiek/xcolor-patch.sty))
(/usr/share/texmf-texlive/tex/latex/hyperref/pd1enc.def)
(/usr/share/texmf-texlive/tex/generic/oberdiek/etexcmds.sty
(/usr/share/texmf-texlive/tex/generic/oberdiek/infwarerr.sty))
(/usr/share/texmf-texlive/tex/latex/latexconfig/hyperref.cfg)
(/usr/share/texmf-texlive/tex/latex/oberdiek/kvoptions.sty
(/usr/share/texmf-texlive/tex/generic/oberdiek/kvsetkeys.sty))
Implicit mode ON; LaTeX internals redefined
(/usr/share/texmf-texlive/tex/latex/ltxmisc/url.sty)
(/usr/share/texmf-texlive/tex/generic/oberdiek/bitset.sty
(/usr/share/texmf-texlive/tex/generic/oberdiek/intcalc.sty)
(/usr/share/texmf-texlive/tex/generic/oberdiek/bigintcalc.sty
(/usr/share/texmf-texlive/tex/generic/oberdiek/pdftexcmds.sty
(/usr/share/texmf-texlive/tex/generic/oberdiek/ifluatex.sty)
(/usr/share/texmf-texlive/tex/generic/oberdiek/ltxcmds.sty))))
(/usr/share/texmf-texlive/tex/generic/oberdiek/atbegshi.sty))
*hyperref using default driver hpdftex*
(/usr/share/texmf-texlive/tex/latex/hyperref/hpdftex.def) (./Numerik1Latex.aux)
(/usr/share/texmf-texlive/tex/latex/hyperref/nameref.sty
(/usr/share/texmf-texlive/tex/latex/oberdiek/refcount.sty))
(./Numerik1Latex.out) (./Numerik1Latex.out)
(/usr/share/texmf-texlive/tex/latex/amsfonts/umsa.fd)
(/usr/share/texmf-texlive/tex/latex/amsfonts/umsb.fd) (./Numerik1Latex.toc
[1{/var/lib/texmf/fonts/map/pdftex/updmap/pdftex.map}]) [2]
(/usr/share/texmf-texlive/tex/latex/base/omscmr.fd)
Underfull \hbox (badness 10000) in paragraph at lines 96--99

[3]
Underfull \hbox (badness 10000) in paragraph at lines 102--106


Underfull \hbox (badness 10000) in paragraph at lines 132--135

[4]
Underfull \hbox (badness 10000) in paragraph at lines 162--166

[5]
Underfull \hbox (badness 10000) in paragraph at lines 167--169


Underfull \hbox (badness 10000) in paragraph at lines 180--182

[6] [7] [8]
Underfull \hbox (badness 10000) in paragraph at lines 293--294

[9]
Overfull \hbox (4.9042pt too wide) in paragraph at lines 328--332
\OT1/cmr/m/n/10.95 Formuliere dies als ein Glei-chungs-sys-tem in Ma-trix-schre
ib-wei-se f[]ur den Vek-tor $[\OML/cmm/m/it/10.95 u[]; [] ; u[]\OT1/cmr/m/n/10.
95 ]$ 

Underfull \hbox (badness 10000) in paragraph at lines 328--332


Underfull \hbox (badness 10000) in paragraph at lines 333--334

[10]

LaTeX Font Warning: Command \scriptsize invalid in math mode on input line 381.



Underfull \hbox (badness 10000) in paragraph at lines 404--405

[11]
Underfull \hbox (badness 10000) in paragraph at lines 431--434

[12]
Underfull \hbox (badness 10000) in paragraph at lines 434--437


Overfull \hbox (12.78355pt too wide) in paragraph at lines 445--447
 \OT1/cmss/bx/n/10.95 Dif-fe-ren-zen-quo-ti-ent:   \OT1/cmr/m/n/10.95 Wir hal-t
en in 1.1 die Dif-fe-ren-zen-quo-ti-en-ten $\OML/cmm/m/it/10.95 g[]\OT1/cmr/m/n
/10.95 (\OML/cmm/m/it/10.95 x; h\OT1/cmr/m/n/10.95 )$ und $\OML/cmm/m/it/10.95 
g[]\OT1/cmr/m/n/10.95 (\OML/cmm/m/it/10.95 x; h\OT1/cmr/m/n/10.95 )$

Underfull \hbox (badness 10000) in paragraph at lines 450--453


Underfull \hbox (badness 10000) in paragraph at lines 450--453


Underfull \hbox (badness 10000) in paragraph at lines 450--453


Underfull \hbox (badness 10000) in paragraph at lines 453--456


Underfull \hbox (badness 10000) in paragraph at lines 462--463

[13]
Underfull \hbox (badness 10000) in paragraph at lines 463--465


Overfull \hbox (0.52403pt too wide) in paragraph at lines 480--481
[]\OT1/cmr/bx/n/10.95 Theorem 1. \OT1/cmr/m/it/10.95 F[]ur die Sum-ma-ti-on von
 $\OML/cmm/m/it/10.95 n$ \OT1/cmr/m/it/10.95 Zah-len in Rech-ne-ra-rith-me-tik 
gilt die Absch[]atzung 

Underfull \hbox (badness 10000) in paragraph at lines 483--485


Underfull \hbox (badness 10000) in paragraph at lines 499--501

[14] [15] [16]
Overfull \hbox (13.55458pt too wide) in paragraph at lines 578--579
\OT1/cmr/bx/n/10.95 Definition. \OT1/cmr/m/it/10.95 Der \OT1/cmr/m/n/10.95 Sta-
bi-lit[]atsin-di-ka-tor \OT1/cmr/m/it/10.95 der R[]uckw[]arts-ana-ly-se des Al-
go-rith-mus $\OML/cmm/m/it/10.95 x \OMS/cmsy/m/n/10.95 7! []\OT1/cmr/m/n/10.95 
(\OML/cmm/m/it/10.95 x\OT1/cmr/m/n/10.95 )\OML/cmm/m/it/10.95 ;  x \OMS/cmsy/m/
n/10.95 2

Underfull \hbox (badness 10000) in paragraph at lines 587--588

[17]
Underfull \hbox (badness 10000) in paragraph at lines 629--630

[18]
Underfull \hbox (badness 10000) in paragraph at lines 685--687

[19]

LaTeX Warning: Command \L invalid in math mode on input line 699.


Underfull \hbox (badness 10000) in paragraph at lines 703--705


Underfull \hbox (badness 10000) in paragraph at lines 703--705

[20]
Underfull \hbox (badness 10000) in paragraph at lines 724--726


Underfull \hbox (badness 10000) in paragraph at lines 748--750

[21] [22] [23]
Underfull \hbox (badness 10000) in paragraph at lines 843--846

[24]

Package hyperref Warning: Token not allowed in a PDF string (PDFDocEncoding):
(hyperref)                removing `math shift' on input line 875.


Package hyperref Warning: Token not allowed in a PDF string (PDFDocEncoding):
(hyperref)                removing `math shift' on input line 875.


Underfull \hbox (badness 10000) in paragraph at lines 901--904

[25] [26] [27]
Underfull \hbox (badness 10000) in paragraph at lines 1000--1001


Underfull \hbox (badness 10000) in paragraph at lines 1024--1028

[28]
Underfull \hbox (badness 10000) in paragraph at lines 1046--1049

[29]

LaTeX Warning: Command \grqq invalid in math mode on input line 1083.

[30]
Overfull \hbox (8.28513pt too wide) in paragraph at lines 1120--1123
 \OT1/cmss/bx/n/10.95 SSOR-Verfahren (Sym-me-tri-sches SOR)[] \OT1/cmr/m/n/10.9
5 Erst SOR mit Durch-lauf $1\OML/cmm/m/it/10.95 ; [] ; n$ \OT1/cmr/m/n/10.95 da
nn $\OML/cmm/m/it/10.95 n; [] ; \OT1/cmr/m/n/10.95 1$. 
[31]
Underfull \hbox (badness 10000) in paragraph at lines 1151--1160

[32] [33]
Underfull \hbox (badness 10000) in paragraph at lines 1214--1219


Underfull \hbox (badness 10000) in paragraph at lines 1219--1221


Underfull \hbox (badness 10000) in paragraph at lines 1227--1229

[34]
Underfull \hbox (badness 10000) in paragraph at lines 1236--1238

[35]
Underfull \hbox (badness 10000) in paragraph at lines 1292--1294


Underfull \hbox (badness 10000) in paragraph at lines 1310--1312

[36]
Underfull \hbox (badness 10000) in paragraph at lines 1314--1323

[37]
Underfull \hbox (badness 10000) in paragraph at lines 1353--1355

[38] [39]
Overfull \hbox (10.76375pt too wide) in paragraph at lines 1437--1439
$\OMS/cmsy/m/n/10.95 ) \OT1/cmr/m/n/10.95 (\OML/cmm/m/it/10.95 e[]; q\OT1/cmr/m
/n/10.95 )[] = 0$ f[]ur al-le $\OML/cmm/m/it/10.95 q \OMS/cmsy/m/n/10.95 2 \OML
/cmm/m/it/10.95 V[]$\OT1/cmr/m/n/10.95 . Wir nen-nen die-se Ei-gen-schaft von $
\OML/cmm/m/it/10.95 e[]$ $A$\OT1/cmr/m/it/10.95 -Orthogonalit[]at
[40]
Overfull \hbox (36.74146pt too wide) in paragraph at lines 1446--1448
\OT1/cmr/m/n/10.95 und $\OML/cmm/m/it/10.95 Ad[]$ \OT1/cmr/m/n/10.95 ist ge-nau
 dann li-ne-ar un-abh[]angig von $\OMS/cmsy/m/n/10.95 f\OML/cmm/m/it/10.95 d[];
 [] ; d[]\OMS/cmsy/m/n/10.95 g$ \OT1/cmr/m/n/10.95 so-lan-ge $\OML/cmm/m/it/10.
95 A[]d[] [] []\OMS/cmsy/m/n/10.95 f\OML/cmm/m/it/10.95 d[]; [] ; A[]d[]\OMS/cm
sy/m/n/10.95 g$
[41] [42] [43] [44] [45] [46]
Underfull \hbox (badness 10000) in paragraph at lines 1628--1629

[47]
Underfull \hbox (badness 10000) in paragraph at lines 1655--1657


Underfull \hbox (badness 10000) in paragraph at lines 1675--1677

[48] [49] [50]
Overfull \hbox (9.39778pt too wide) in paragraph at lines 1760--1764
\OT1/cmr/m/n/10.95 Das Mi-ni-mum wird f[]ur $\OML/cmm/m/it/10.95 ![] \OT1/cmr/m
/n/10.95 = \OML/cmm/m/it/10.95 R[]b[]$ \OT1/cmr/m/n/10.95 an-ge-nom-men ($[](\O
ML/cmm/m/it/10.95 R[]\OT1/cmr/m/n/10.95 ) = [](\OML/cmm/m/it/10.95 A[]\OT1/cmr/
m/n/10.95 ) = [](\OML/cmm/m/it/10.95 A\OMS/cmsy/m/n/10.95 j\OML/cmm/m/it/10.95 
v[]\OT1/cmr/m/n/10.95 ) =
[51] [52] [53]
Underfull \hbox (badness 10000) in paragraph at lines 1856--1858

[54]
Underfull \hbox (badness 10000) in paragraph at lines 1883--1885

[55]
Underfull \hbox (badness 10000) in paragraph at lines 1931--1932


Underfull \hbox (badness 10000) in paragraph at lines 1932--1933

[56]
Underfull \hbox (badness 10000) in paragraph at lines 1972--1974

[57]
Underfull \hbox (badness 10000) in paragraph at lines 2021--2024

[58] [59] [60]
Underfull \hbox (badness 10000) in paragraph at lines 2119--2121

[61] [62]
Overfull \hbox (3.14435pt too wide) in paragraph at lines 2191--2195
\OT1/cmr/m/it/10.95 Insbesondere folgt der Ab-bruch nach end-lich vie-len Schri
t-ten bzgl. des Kri-te-ri-ums $\OML/cmm/m/it/10.95 E\OT1/cmr/m/n/10.95 (\OML/cm
m/m/it/10.95 u[]\OT1/cmr/m/n/10.95 ) \OMS/cmsy/m/n/10.95 ^^T
[63] [64] (./Numerik1Latex.aux) )
(see the transcript file for additional information)</usr/share/texmf-texlive/f
onts/type1/public/amsfonts/cm/cmbx10.pfb></usr/share/texmf-texlive/fonts/type1/
public/amsfonts/cm/cmcsc10.pfb></usr/share/texmf-texlive/fonts/type1/public/ams
fonts/cm/cmex10.pfb></usr/share/texmf-texlive/fonts/type1/public/amsfonts/cm/cm
mi10.pfb></usr/share/texmf-texlive/fonts/type1/public/amsfonts/cm/cmmi6.pfb></u
sr/share/texmf-texlive/fonts/type1/public/amsfonts/cm/cmmi8.pfb></usr/share/tex
mf-texlive/fonts/type1/public/amsfonts/cm/cmr10.pfb></usr/share/texmf-texlive/f
onts/type1/public/amsfonts/cm/cmr6.pfb></usr/share/texmf-texlive/fonts/type1/pu
blic/amsfonts/cm/cmr8.pfb></usr/share/texmf-texlive/fonts/type1/public/amsfonts
/cm/cmssbx10.pfb></usr/share/texmf-texlive/fonts/type1/public/amsfonts/cm/cmsy1
0.pfb></usr/share/texmf-texlive/fonts/type1/public/amsfonts/cm/cmsy6.pfb></usr/
share/texmf-texlive/fonts/type1/public/amsfonts/cm/cmsy8.pfb></usr/share/texmf-
texlive/fonts/type1/public/amsfonts/cm/cmti10.pfb></usr/share/texmf-texlive/fon
ts/type1/public/amsfonts/symbols/msam10.pfb></usr/share/texmf-texlive/fonts/typ
e1/public/amsfonts/symbols/msbm10.pfb>
Output written on Numerik1Latex.pdf (64 pages, 526387 bytes).
Transcript written on Numerik1Latex.log.
Result: ExitSuccess

Running /usr/bin/pdflatex Numerik1Latex.tex in an env with 4 entries:
This is pdfTeX, Version 3.1415926-1.40.10 (TeX Live 2009/Debian)
entering extended mode
(data/Numerik1Latex.tex
LaTeX2e <2009/09/24>
Babel <v3.8l> and hyphenation patterns for english, usenglishmax, dumylang, noh
yphenation, farsi, arabic, croatian, bulgarian, ukrainian, russian, czech, slov
ak, danish, dutch, finnish, french, basque, ngerman, german, german-x-2009-06-1
9, ngerman-x-2009-06-19, ibycus, monogreek, greek, ancientgreek, hungarian, san
skrit, italian, latin, latvian, lithuanian, mongolian2a, mongolian, bokmal, nyn
orsk, romanian, irish, coptic, serbian, turkish, welsh, esperanto, uppersorbian
, estonian, indonesian, interlingua, icelandic, kurmanji, slovenian, polish, po
rtuguese, spanish, galician, catalan, swedish, ukenglish, loaded.
(/usr/share/texmf-texlive/tex/latex/koma-script/scrartcl.cls
Document Class: scrartcl 2009/07/24 v3.04a KOMA-Script document class (article)

(/usr/share/texmf-texlive/tex/latex/koma-script/scrkbase.sty
(/usr/share/texmf-texlive/tex/latex/koma-script/scrbase.sty
(/usr/share/texmf-texlive/tex/latex/graphics/keyval.sty)
(/usr/share/texmf-texlive/tex/latex/koma-script/scrlfile.sty
Package scrlfile, 2009/03/25 v3.03 KOMA-Script package (loading files)
                  Copyright (C) Markus Kohm

))) (/usr/share/texmf-texlive/tex/latex/koma-script/tocbasic.sty)
(/usr/share/texmf-texlive/tex/latex/koma-script/scrsize11pt.clo)
(/usr/share/texmf-texlive/tex/latex/koma-script/typearea.sty
Package typearea, 2009/07/24 v3.04a KOMA-Script package (type area)
                  Copyright (C) Frank Neukam, 1992-1994
                  Copyright (C) Markus Kohm, 1994-

)) (/usr/share/texmf-texlive/tex/generic/german/ngerman.sty v2.5e 1998-07-08)
(/usr/share/texmf-texlive/tex/latex/amsmath/amsmath.sty
For additional information on amsmath, use the `?' option.
(/usr/share/texmf-texlive/tex/latex/amsmath/amstext.sty
(/usr/share/texmf-texlive/tex/latex/amsmath/amsgen.sty))
(/usr/share/texmf-texlive/tex/latex/amsmath/amsbsy.sty)
(/usr/share/texmf-texlive/tex/latex/amsmath/amsopn.sty))
(/usr/share/texmf-texlive/tex/latex/amsfonts/amssymb.sty
(/usr/share/texmf-texlive/tex/latex/amsfonts/amsfonts.sty))
(/usr/share/texmf-texlive/tex/latex/amscls/amsthm.sty)
(/usr/share/texmf-texlive/tex/latex/hyperref/hyperref.sty
(/usr/share/texmf-texlive/tex/generic/oberdiek/ifpdf.sty)
(/usr/share/texmf-texlive/tex/generic/oberdiek/ifvtex.sty)
(/usr/share/texmf-texlive/tex/generic/ifxetex/ifxetex.sty)
(/usr/share/texmf-texlive/tex/latex/oberdiek/hycolor.sty
(/usr/share/texmf-texlive/tex/latex/oberdiek/xcolor-patch.sty))
(/usr/share/texmf-texlive/tex/latex/hyperref/pd1enc.def)
(/usr/share/texmf-texlive/tex/generic/oberdiek/etexcmds.sty
(/usr/share/texmf-texlive/tex/generic/oberdiek/infwarerr.sty))
(/usr/share/texmf-texlive/tex/latex/latexconfig/hyperref.cfg)
(/usr/share/texmf-texlive/tex/latex/oberdiek/kvoptions.sty
(/usr/share/texmf-texlive/tex/generic/oberdiek/kvsetkeys.sty))
Implicit mode ON; LaTeX internals redefined
(/usr/share/texmf-texlive/tex/latex/ltxmisc/url.sty)
(/usr/share/texmf-texlive/tex/generic/oberdiek/bitset.sty
(/usr/share/texmf-texlive/tex/generic/oberdiek/intcalc.sty)
(/usr/share/texmf-texlive/tex/generic/oberdiek/bigintcalc.sty
(/usr/share/texmf-texlive/tex/generic/oberdiek/pdftexcmds.sty
(/usr/share/texmf-texlive/tex/generic/oberdiek/ifluatex.sty)
(/usr/share/texmf-texlive/tex/generic/oberdiek/ltxcmds.sty))))
(/usr/share/texmf-texlive/tex/generic/oberdiek/atbegshi.sty))
*hyperref using default driver hpdftex*
(/usr/share/texmf-texlive/tex/latex/hyperref/hpdftex.def) (./Numerik1Latex.aux)
(/usr/share/texmf-texlive/tex/latex/hyperref/nameref.sty
(/usr/share/texmf-texlive/tex/latex/oberdiek/refcount.sty))
(./Numerik1Latex.out) (./Numerik1Latex.out)
(/usr/share/texmf-texlive/tex/latex/amsfonts/umsa.fd)
(/usr/share/texmf-texlive/tex/latex/amsfonts/umsb.fd) (./Numerik1Latex.toc
[1{/var/lib/texmf/fonts/map/pdftex/updmap/pdftex.map}]) [2]
(/usr/share/texmf-texlive/tex/latex/base/omscmr.fd)
Underfull \hbox (badness 10000) in paragraph at lines 96--99

[3]
Underfull \hbox (badness 10000) in paragraph at lines 102--106


Underfull \hbox (badness 10000) in paragraph at lines 132--135

[4]
Underfull \hbox (badness 10000) in paragraph at lines 162--166

[5]
Underfull \hbox (badness 10000) in paragraph at lines 167--169


Underfull \hbox (badness 10000) in paragraph at lines 180--182

[6] [7] [8]
Underfull \hbox (badness 10000) in paragraph at lines 293--294

[9]
Overfull \hbox (4.9042pt too wide) in paragraph at lines 328--332
\OT1/cmr/m/n/10.95 Formuliere dies als ein Glei-chungs-sys-tem in Ma-trix-schre
ib-wei-se f[]ur den Vek-tor $[\OML/cmm/m/it/10.95 u[]; [] ; u[]\OT1/cmr/m/n/10.
95 ]$ 

Underfull \hbox (badness 10000) in paragraph at lines 328--332


Underfull \hbox (badness 10000) in paragraph at lines 333--334

[10]

LaTeX Font Warning: Command \scriptsize invalid in math mode on input line 381.



Underfull \hbox (badness 10000) in paragraph at lines 404--405

[11]
Underfull \hbox (badness 10000) in paragraph at lines 431--434

[12]
Underfull \hbox (badness 10000) in paragraph at lines 434--437


Overfull \hbox (12.78355pt too wide) in paragraph at lines 445--447
 \OT1/cmss/bx/n/10.95 Dif-fe-ren-zen-quo-ti-ent:   \OT1/cmr/m/n/10.95 Wir hal-t
en in 1.1 die Dif-fe-ren-zen-quo-ti-en-ten $\OML/cmm/m/it/10.95 g[]\OT1/cmr/m/n
/10.95 (\OML/cmm/m/it/10.95 x; h\OT1/cmr/m/n/10.95 )$ und $\OML/cmm/m/it/10.95 
g[]\OT1/cmr/m/n/10.95 (\OML/cmm/m/it/10.95 x; h\OT1/cmr/m/n/10.95 )$

Underfull \hbox (badness 10000) in paragraph at lines 450--453


Underfull \hbox (badness 10000) in paragraph at lines 450--453


Underfull \hbox (badness 10000) in paragraph at lines 450--453


Underfull \hbox (badness 10000) in paragraph at lines 453--456


Underfull \hbox (badness 10000) in paragraph at lines 462--463

[13]
Underfull \hbox (badness 10000) in paragraph at lines 463--465


Overfull \hbox (0.52403pt too wide) in paragraph at lines 480--481
[]\OT1/cmr/bx/n/10.95 Theorem 1. \OT1/cmr/m/it/10.95 F[]ur die Sum-ma-ti-on von
 $\OML/cmm/m/it/10.95 n$ \OT1/cmr/m/it/10.95 Zah-len in Rech-ne-ra-rith-me-tik 
gilt die Absch[]atzung 

Underfull \hbox (badness 10000) in paragraph at lines 483--485


Underfull \hbox (badness 10000) in paragraph at lines 499--501

[14] [15] [16]
Overfull \hbox (13.55458pt too wide) in paragraph at lines 578--579
\OT1/cmr/bx/n/10.95 Definition. \OT1/cmr/m/it/10.95 Der \OT1/cmr/m/n/10.95 Sta-
bi-lit[]atsin-di-ka-tor \OT1/cmr/m/it/10.95 der R[]uckw[]arts-ana-ly-se des Al-
go-rith-mus $\OML/cmm/m/it/10.95 x \OMS/cmsy/m/n/10.95 7! []\OT1/cmr/m/n/10.95 
(\OML/cmm/m/it/10.95 x\OT1/cmr/m/n/10.95 )\OML/cmm/m/it/10.95 ;  x \OMS/cmsy/m/
n/10.95 2

Underfull \hbox (badness 10000) in paragraph at lines 587--588

[17]
Underfull \hbox (badness 10000) in paragraph at lines 629--630

[18]
Underfull \hbox (badness 10000) in paragraph at lines 685--687

[19]

LaTeX Warning: Command \L invalid in math mode on input line 699.


Underfull \hbox (badness 10000) in paragraph at lines 703--705


Underfull \hbox (badness 10000) in paragraph at lines 703--705

[20]
Underfull \hbox (badness 10000) in paragraph at lines 724--726


Underfull \hbox (badness 10000) in paragraph at lines 748--750

[21] [22] [23]
Underfull \hbox (badness 10000) in paragraph at lines 843--846

[24]

Package hyperref Warning: Token not allowed in a PDF string (PDFDocEncoding):
(hyperref)                removing `math shift' on input line 875.


Package hyperref Warning: Token not allowed in a PDF string (PDFDocEncoding):
(hyperref)                removing `math shift' on input line 875.


Underfull \hbox (badness 10000) in paragraph at lines 901--904

[25] [26] [27]
Underfull \hbox (badness 10000) in paragraph at lines 1000--1001


Underfull \hbox (badness 10000) in paragraph at lines 1024--1028

[28]
Underfull \hbox (badness 10000) in paragraph at lines 1046--1049

[29]

LaTeX Warning: Command \grqq invalid in math mode on input line 1083.

[30]
Overfull \hbox (8.28513pt too wide) in paragraph at lines 1120--1123
 \OT1/cmss/bx/n/10.95 SSOR-Verfahren (Sym-me-tri-sches SOR)[] \OT1/cmr/m/n/10.9
5 Erst SOR mit Durch-lauf $1\OML/cmm/m/it/10.95 ; [] ; n$ \OT1/cmr/m/n/10.95 da
nn $\OML/cmm/m/it/10.95 n; [] ; \OT1/cmr/m/n/10.95 1$. 
[31]
Underfull \hbox (badness 10000) in paragraph at lines 1151--1160

[32] [33]
Underfull \hbox (badness 10000) in paragraph at lines 1214--1219


Underfull \hbox (badness 10000) in paragraph at lines 1219--1221


Underfull \hbox (badness 10000) in paragraph at lines 1227--1229

[34]
Underfull \hbox (badness 10000) in paragraph at lines 1236--1238

[35]
Underfull \hbox (badness 10000) in paragraph at lines 1292--1294


Underfull \hbox (badness 10000) in paragraph at lines 1310--1312

[36]
Underfull \hbox (badness 10000) in paragraph at lines 1314--1323

[37]
Underfull \hbox (badness 10000) in paragraph at lines 1353--1355

[38] [39]
Overfull \hbox (10.76375pt too wide) in paragraph at lines 1437--1439
$\OMS/cmsy/m/n/10.95 ) \OT1/cmr/m/n/10.95 (\OML/cmm/m/it/10.95 e[]; q\OT1/cmr/m
/n/10.95 )[] = 0$ f[]ur al-le $\OML/cmm/m/it/10.95 q \OMS/cmsy/m/n/10.95 2 \OML
/cmm/m/it/10.95 V[]$\OT1/cmr/m/n/10.95 . Wir nen-nen die-se Ei-gen-schaft von $
\OML/cmm/m/it/10.95 e[]$ $A$\OT1/cmr/m/it/10.95 -Orthogonalit[]at
[40]
Overfull \hbox (36.74146pt too wide) in paragraph at lines 1446--1448
\OT1/cmr/m/n/10.95 und $\OML/cmm/m/it/10.95 Ad[]$ \OT1/cmr/m/n/10.95 ist ge-nau
 dann li-ne-ar un-abh[]angig von $\OMS/cmsy/m/n/10.95 f\OML/cmm/m/it/10.95 d[];
 [] ; d[]\OMS/cmsy/m/n/10.95 g$ \OT1/cmr/m/n/10.95 so-lan-ge $\OML/cmm/m/it/10.
95 A[]d[] [] []\OMS/cmsy/m/n/10.95 f\OML/cmm/m/it/10.95 d[]; [] ; A[]d[]\OMS/cm
sy/m/n/10.95 g$
[41] [42] [43] [44] [45] [46]
Underfull \hbox (badness 10000) in paragraph at lines 1628--1629

[47]
Underfull \hbox (badness 10000) in paragraph at lines 1655--1657


Underfull \hbox (badness 10000) in paragraph at lines 1675--1677

[48] [49] [50]
Overfull \hbox (9.39778pt too wide) in paragraph at lines 1760--1764
\OT1/cmr/m/n/10.95 Das Mi-ni-mum wird f[]ur $\OML/cmm/m/it/10.95 ![] \OT1/cmr/m
/n/10.95 = \OML/cmm/m/it/10.95 R[]b[]$ \OT1/cmr/m/n/10.95 an-ge-nom-men ($[](\O
ML/cmm/m/it/10.95 R[]\OT1/cmr/m/n/10.95 ) = [](\OML/cmm/m/it/10.95 A[]\OT1/cmr/
m/n/10.95 ) = [](\OML/cmm/m/it/10.95 A\OMS/cmsy/m/n/10.95 j\OML/cmm/m/it/10.95 
v[]\OT1/cmr/m/n/10.95 ) =
[51] [52] [53]
Underfull \hbox (badness 10000) in paragraph at lines 1856--1858

[54]
Underfull \hbox (badness 10000) in paragraph at lines 1883--1885

[55]
Underfull \hbox (badness 10000) in paragraph at lines 1931--1932


Underfull \hbox (badness 10000) in paragraph at lines 1932--1933

[56]
Underfull \hbox (badness 10000) in paragraph at lines 1972--1974

[57]
Underfull \hbox (badness 10000) in paragraph at lines 2021--2024

[58] [59] [60]
Underfull \hbox (badness 10000) in paragraph at lines 2119--2121

[61] [62]
Overfull \hbox (3.14435pt too wide) in paragraph at lines 2191--2195
\OT1/cmr/m/it/10.95 Insbesondere folgt der Ab-bruch nach end-lich vie-len Schri
t-ten bzgl. des Kri-te-ri-ums $\OML/cmm/m/it/10.95 E\OT1/cmr/m/n/10.95 (\OML/cm
m/m/it/10.95 u[]\OT1/cmr/m/n/10.95 ) \OMS/cmsy/m/n/10.95 ^^T
[63] [64] (./Numerik1Latex.aux) )
(see the transcript file for additional information)</usr/share/texmf-texlive/f
onts/type1/public/amsfonts/cm/cmbx10.pfb></usr/share/texmf-texlive/fonts/type1/
public/amsfonts/cm/cmcsc10.pfb></usr/share/texmf-texlive/fonts/type1/public/ams
fonts/cm/cmex10.pfb></usr/share/texmf-texlive/fonts/type1/public/amsfonts/cm/cm
mi10.pfb></usr/share/texmf-texlive/fonts/type1/public/amsfonts/cm/cmmi6.pfb></u
sr/share/texmf-texlive/fonts/type1/public/amsfonts/cm/cmmi8.pfb></usr/share/tex
mf-texlive/fonts/type1/public/amsfonts/cm/cmr10.pfb></usr/share/texmf-texlive/f
onts/type1/public/amsfonts/cm/cmr6.pfb></usr/share/texmf-texlive/fonts/type1/pu
blic/amsfonts/cm/cmr8.pfb></usr/share/texmf-texlive/fonts/type1/public/amsfonts
/cm/cmssbx10.pfb></usr/share/texmf-texlive/fonts/type1/public/amsfonts/cm/cmsy1
0.pfb></usr/share/texmf-texlive/fonts/type1/public/amsfonts/cm/cmsy6.pfb></usr/
share/texmf-texlive/fonts/type1/public/amsfonts/cm/cmsy8.pfb></usr/share/texmf-
texlive/fonts/type1/public/amsfonts/cm/cmti10.pfb></usr/share/texmf-texlive/fon
ts/type1/public/amsfonts/symbols/msam10.pfb></usr/share/texmf-texlive/fonts/typ
e1/public/amsfonts/symbols/msbm10.pfb>
Output written on Numerik1Latex.pdf (64 pages, 526389 bytes).
Transcript written on Numerik1Latex.log.
Result: ExitSuccess

Running /usr/bin/convert -verbose Numerik1Latex.pdf[0] -resize 70x Numerik1Latex.png in an env with 4 entries:
"gs" -q -dQUIET -dSAFER -dBATCH -dNOPAUSE -dNOPROMPT -dMaxBitmap=500000000 -dAlignToPixels=0 -dGridFitTT=2 "-sDEVICE=pngalpha" -dTextAlphaBits=4 -dGraphicsAlphaBits=4 "-r72x72" -dFirstPage=1 -dLastPage=1 "-sOutputFile=/tmp/magick-3hJMdoJ6-%08d" "-f/tmp/magick-22vOX7xv" "-f/tmp/magick-bCIOmVmU"
/tmp/magick-3hJMdoJ6-00000001 PNG 595x842 595x842+0+0 8-bit DirectClass 32.3KB 0.010u 0:00.019
Numerik1Latex.pdf[0]=>Numerik1Latex.pdf PDF 595x842 595x842+0+0 16-bit DirectClass 32.3KB 0.000u 0:00.000
Numerik1Latex.pdf[0]=>Numerik1Latex.png PDF 595x842=>70x99 70x99+0+0 16-bit DirectClass 4.1KB 0.290u 0:00.080
Result: ExitSuccess

Running /usr/bin/optipng -verbose Numerik1Latex.png in an env with 4 entries:
OptiPNG 0.6.4: Advanced PNG optimizer.
Copyright (C) 2001-2010 Cosmin Truta.

** Processing: Numerik1Latex.png
70x99 pixels, 2x8 bits/pixel, grayscale+alpha
Reducing image to 8 bits/pixel, 103 colors (102 transparent) in palette
Input IDAT size = 1678 bytes
Input file size = 4308 bytes

Trying:
  zc = 9  zm = 8  zs = 0  f = 0		IDAT size = 1295
  zc = 9  zm = 8  zs = 1  f = 0		IDAT size = 1293
  zc = 1  zm = 8  zs = 2  f = 0		IDAT too big
  zc = 9  zm = 8  zs = 3  f = 0		IDAT too big
  zc = 9  zm = 8  zs = 0  f = 5		IDAT too big
  zc = 9  zm = 8  zs = 1  f = 5		IDAT size = 1266
  zc = 1  zm = 8  zs = 2  f = 5		IDAT too big
  zc = 9  zm = 8  zs = 3  f = 5		IDAT too big

Numerik1Latex.png is already optimized.

** Status report
1 file(s) have been processed.
Result: ExitSuccess
