This is pdfTeX, Version 3.1415926-1.40.10 (TeX Live 2009/Debian) (format=pdflatex 2016.12.27)  27 DEC 2016 08:47
entering extended mode
 %&-line parsing enabled.
**OptTheo.tex
(data/OptTheo.tex
LaTeX2e <2009/09/24>
Babel <v3.8l> and hyphenation patterns for english, usenglishmax, dumylang, noh
yphenation, farsi, arabic, croatian, bulgarian, ukrainian, russian, czech, slov
ak, danish, dutch, finnish, french, basque, ngerman, german, german-x-2009-06-1
9, ngerman-x-2009-06-19, ibycus, monogreek, greek, ancientgreek, hungarian, san
skrit, italian, latin, latvian, lithuanian, mongolian2a, mongolian, bokmal, nyn
orsk, romanian, irish, coptic, serbian, turkish, welsh, esperanto, uppersorbian
, estonian, indonesian, interlingua, icelandic, kurmanji, slovenian, polish, po
rtuguese, spanish, galician, catalan, swedish, ukenglish, loaded.
(/usr/share/texmf-texlive/tex/latex/koma-script/scrbook.cls
Document Class: scrbook 2009/07/24 v3.04a KOMA-Script document class (book)
(/usr/share/texmf-texlive/tex/latex/koma-script/scrkbase.sty
Package: scrkbase 2009/07/24 v3.04a KOMA-Script package (KOMA-Script-dependent 
basics and keyval usage)

(/usr/share/texmf-texlive/tex/latex/koma-script/scrbase.sty
Package: scrbase 2009/07/24 v3.04a KOMA-Script package (KOMA-Script-independent
 basics and keyval usage)

(/usr/share/texmf-texlive/tex/latex/graphics/keyval.sty
Package: keyval 1999/03/16 v1.13 key=value parser (DPC)
\KV@toks@=\toks14
)
(/usr/share/texmf-texlive/tex/latex/koma-script/scrlfile.sty
Package: scrlfile 2009/03/25 v3.03 KOMA-Script package (loading files)

Package scrlfile, 2009/03/25 v3.03 KOMA-Script package (loading files)
                  Copyright (C) Markus Kohm

))) (/usr/share/texmf-texlive/tex/latex/koma-script/tocbasic.sty
Package: tocbasic 2009/06/08 v3.03b KOMA-Script package (handling toc-files)
)
Package tocbasic Info: omitting babel extension for `toc'
(tocbasic)             because of feature `nobabel' available
(tocbasic)             for `toc' on input line 117.
Package tocbasic Info: omitting babel extension for `lof'
(tocbasic)             because of feature `nobabel' available
(tocbasic)             for `lof' on input line 118.
Package tocbasic Info: omitting babel extension for `lot'
(tocbasic)             because of feature `nobabel' available
(tocbasic)             for `lot' on input line 119.
Package scrbook Info: You've used obsolete option `11pt'.
(scrbook)             \KOMAExecuteOptions{fontsize=11pt} will be
(scrbook)             used instead.
(scrbook)             You may simply replace `11pt'
(scrbook)             by `fontsize=11pt'.
Class scrbook Info: You've used standard option `openany'.
(scrbook)           This is correct!
(scrbook)           Internaly I'm using `open=any'.
(scrbook)           If you'd like to set the option with \KOMAoptions,
(scrbook)           you'd have to use `open=any' there
(scrbook)           instead of `openany', too.
Class scrbook Info: File `scrsize11pt.clo' used to setup font sizes on input li
ne 1272.

(/usr/share/texmf-texlive/tex/latex/koma-script/scrsize11pt.clo
File: scrsize11pt.clo 2009/07/24 v3.04a KOMA-Script font size class option (11p
t)
)
(/usr/share/texmf-texlive/tex/latex/koma-script/typearea.sty
Package: typearea 2009/07/24 v3.04a KOMA-Script package (type area)

Package typearea, 2009/07/24 v3.04a KOMA-Script package (type area)
                  Copyright (C) Frank Neukam, 1992-1994
                  Copyright (C) Markus Kohm, 1994-

\ta@bcor=\skip41
\ta@div=\count79
Package typearea Info: You've used standard option `a4paper'.
(typearea)             This is correct!
(typearea)             Internaly I'm using `paper=a4'.
(typearea)             If you'd like to set the option with \KOMAoptions,
(typearea)             you'd have to use `paper=a4' there
(typearea)             instead of `a4paper', too.
\ta@hblk=\skip42
\ta@vblk=\skip43
\ta@temp=\skip44
Package typearea Info: These are the values describing the layout:
(typearea)             DIV  = 10
(typearea)             BCOR = 0.0pt
(typearea)             \paperwidth      = 597.50793pt
(typearea)              \textwidth      = 418.25555pt
(typearea)              DIV departure   = -6%
(typearea)              \evensidemargin = 47.2316pt
(typearea)              \oddsidemargin  = -12.5192pt
(typearea)             \paperheight     = 845.04694pt
(typearea)              \textheight     = 595.80026pt
(typearea)              \topmargin      = -25.16531pt
(typearea)              \headheight     = 17.0pt
(typearea)              \headsep        = 20.40001pt
(typearea)              \topskip        = 11.0pt
(typearea)              \footskip       = 47.60002pt
(typearea)              \baselineskip   = 13.6pt
(typearea)              on input line 1115.
)
\c@part=\count80
\c@chapter=\count81
\c@section=\count82
\c@subsection=\count83
\c@subsubsection=\count84
\c@paragraph=\count85
\c@subparagraph=\count86
\abovecaptionskip=\skip45
\belowcaptionskip=\skip46
\c@pti@nb@sid@b@x=\box26
\c@figure=\count87
\c@table=\count88
\bibindent=\dimen102
) (data/latexki.sty) (/usr/share/texmf-texlive/tex/latex/amsfonts/amssymb.sty
Package: amssymb 2009/06/22 v3.00

(/usr/share/texmf-texlive/tex/latex/amsfonts/amsfonts.sty
Package: amsfonts 2009/06/22 v3.00 Basic AMSFonts support
\@emptytoks=\toks15
\symAMSa=\mathgroup4
\symAMSb=\mathgroup5
LaTeX Font Info:    Overwriting math alphabet `\mathfrak' in version `bold'
(Font)                  U/euf/m/n --> U/euf/b/n on input line 96.
))
(/usr/share/texmf-texlive/tex/latex/amsmath/amsmath.sty
Package: amsmath 2000/07/18 v2.13 AMS math features
\@mathmargin=\skip47

For additional information on amsmath, use the `?' option.
(/usr/share/texmf-texlive/tex/latex/amsmath/amstext.sty
Package: amstext 2000/06/29 v2.01

(/usr/share/texmf-texlive/tex/latex/amsmath/amsgen.sty
File: amsgen.sty 1999/11/30 v2.0
\@emptytoks=\toks16
\ex@=\dimen103
))
(/usr/share/texmf-texlive/tex/latex/amsmath/amsbsy.sty
Package: amsbsy 1999/11/29 v1.2d
\pmbraise@=\dimen104
)
(/usr/share/texmf-texlive/tex/latex/amsmath/amsopn.sty
Package: amsopn 1999/12/14 v2.01 operator names
)
\inf@bad=\count89
LaTeX Info: Redefining \frac on input line 211.
\uproot@=\count90
\leftroot@=\count91
LaTeX Info: Redefining \overline on input line 307.
\classnum@=\count92
\DOTSCASE@=\count93
LaTeX Info: Redefining \ldots on input line 379.
LaTeX Info: Redefining \dots on input line 382.
LaTeX Info: Redefining \cdots on input line 467.
\Mathstrutbox@=\box27
\strutbox@=\box28
\big@size=\dimen105
LaTeX Font Info:    Redeclaring font encoding OML on input line 567.
LaTeX Font Info:    Redeclaring font encoding OMS on input line 568.
\macc@depth=\count94
\c@MaxMatrixCols=\count95
\dotsspace@=\muskip10
\c@parentequation=\count96
\dspbrk@lvl=\count97
\tag@help=\toks17
\row@=\count98
\column@=\count99
\maxfields@=\count100
\andhelp@=\toks18
\eqnshift@=\dimen106
\alignsep@=\dimen107
\tagshift@=\dimen108
\tagwidth@=\dimen109
\totwidth@=\dimen110
\lineht@=\dimen111
\@envbody=\toks19
\multlinegap=\skip48
\multlinetaggap=\skip49
\mathdisplay@stack=\toks20
LaTeX Info: Redefining \[ on input line 2666.
LaTeX Info: Redefining \] on input line 2667.
)
(/usr/share/texmf-texlive/tex/generic/german/ngerman.sty v2.5e 1998-07-08
Package: ngerman 1998/07/08 v2.5e Support for writing german texts (br)
\grmnU@D=\dimen112
ngerman -- \language number for naustrian undefined, default 17 used.
)
(/usr/share/texmf-texlive/tex/latex/fancyhdr/fancyhdr.sty
\fancy@headwidth=\skip50
\f@ncyO@elh=\skip51
\f@ncyO@erh=\skip52
\f@ncyO@olh=\skip53
\f@ncyO@orh=\skip54
\f@ncyO@elf=\skip55
\f@ncyO@erf=\skip56
\f@ncyO@olf=\skip57
\f@ncyO@orf=\skip58
)
(/usr/share/texmf-texlive/tex/latex/amsfonts/euscript.sty
Package: euscript 2009/06/22 v3.00 Euler Script fonts
LaTeX Font Info:    Overwriting math alphabet `\EuScript' in version `bold'
(Font)                  U/eus/m/n --> U/eus/b/n on input line 33.
)
(/usr/share/texmf-texlive/tex/latex/base/makeidx.sty
Package: makeidx 2000/03/29 v1.0m Standard LaTeX package
)
(/usr/share/texmf-texlive/tex/latex/hyperref/hyperref.sty
Package: hyperref 2009/10/09 v6.79a Hypertext links for LaTeX

(/usr/share/texmf-texlive/tex/generic/oberdiek/ifpdf.sty
Package: ifpdf 2009/04/10 v2.0 Provides the ifpdf switch (HO)
Package ifpdf Info: pdfTeX in pdf mode detected.
)
(/usr/share/texmf-texlive/tex/generic/oberdiek/ifvtex.sty
Package: ifvtex 2008/11/04 v1.4 Switches for detecting VTeX and its modes (HO)
Package ifvtex Info: VTeX not detected.
)
(/usr/share/texmf-texlive/tex/generic/ifxetex/ifxetex.sty
Package: ifxetex 2009/01/23 v0.5 Provides ifxetex conditional
)
(/usr/share/texmf-texlive/tex/latex/oberdiek/hycolor.sty
Package: hycolor 2009/10/02 v1.5 Code for color options of hyperref/bookmark (H
O)

(/usr/share/texmf-texlive/tex/latex/oberdiek/xcolor-patch.sty
Package: xcolor-patch 2009/10/02 xcolor patch
))
\@linkdim=\dimen113
\Hy@linkcounter=\count101
\Hy@pagecounter=\count102

(/usr/share/texmf-texlive/tex/latex/hyperref/pd1enc.def
File: pd1enc.def 2009/10/09 v6.79a Hyperref: PDFDocEncoding definition (HO)
)
(/usr/share/texmf-texlive/tex/generic/oberdiek/etexcmds.sty
Package: etexcmds 2007/12/12 v1.2 Prefix for e-TeX command names (HO)

(/usr/share/texmf-texlive/tex/generic/oberdiek/infwarerr.sty
Package: infwarerr 2007/09/09 v1.2 Providing info/warning/message (HO)
)
Package etexcmds Info: Could not find \expanded.
(etexcmds)             That can mean that you are not using pdfTeX 1.50 or
(etexcmds)             that some package has redefined \expanded.
(etexcmds)             In the latter case, load this package earlier.
)
(/usr/share/texmf-texlive/tex/latex/latexconfig/hyperref.cfg
File: hyperref.cfg 2002/06/06 v1.2 hyperref configuration of TeXLive
)
(/usr/share/texmf-texlive/tex/latex/oberdiek/kvoptions.sty
Package: kvoptions 2009/08/13 v3.4 Keyval support for LaTeX options (HO)

(/usr/share/texmf-texlive/tex/generic/oberdiek/kvsetkeys.sty
Package: kvsetkeys 2009/07/30 v1.5 Key value parser with default handler suppor
t (HO)
))
Package hyperref Info: Hyper figures OFF on input line 2975.
Package hyperref Info: Link nesting OFF on input line 2980.
Package hyperref Info: Hyper index ON on input line 2983.
Package hyperref Info: Plain pages OFF on input line 2990.
Package hyperref Info: Backreferencing OFF on input line 2995.

Implicit mode ON; LaTeX internals redefined
Package hyperref Info: Bookmarks ON on input line 3191.
(/usr/share/texmf-texlive/tex/latex/ltxmisc/url.sty
\Urlmuskip=\muskip11
Package: url 2006/04/12  ver 3.3  Verb mode for urls, etc.
)
LaTeX Info: Redefining \url on input line 3428.

(/usr/share/texmf-texlive/tex/generic/oberdiek/bitset.sty
Package: bitset 2007/09/28 v1.0 Data type bit set (HO)

(/usr/share/texmf-texlive/tex/generic/oberdiek/intcalc.sty
Package: intcalc 2007/09/27 v1.1 Expandable integer calculations (HO)
)
(/usr/share/texmf-texlive/tex/generic/oberdiek/bigintcalc.sty
Package: bigintcalc 2007/11/11 v1.1 Expandable big integer calculations (HO)

(/usr/share/texmf-texlive/tex/generic/oberdiek/pdftexcmds.sty
Package: pdftexcmds 2009/09/23 v0.6 LuaTeX support for pdfTeX utility functions
 (HO)

(/usr/share/texmf-texlive/tex/generic/oberdiek/ifluatex.sty
Package: ifluatex 2009/04/17 v1.2 Provides the ifluatex switch (HO)
Package ifluatex Info: LuaTeX not detected.
)
(/usr/share/texmf-texlive/tex/generic/oberdiek/ltxcmds.sty
Package: ltxcmds 2009/08/05 v1.0 Some LaTeX kernel commands for general use (HO
)
)
Package pdftexcmds Info: LuaTeX not detected.
Package pdftexcmds Info: \pdf@primitive is available.
Package pdftexcmds Info: \pdf@ifprimitive is available.
)))
\Fld@menulength=\count103
\Field@Width=\dimen114
\Fld@charsize=\dimen115
\Field@toks=\toks21
Package hyperref Info: Hyper figures OFF on input line 4377.
Package hyperref Info: Link nesting OFF on input line 4382.
Package hyperref Info: Hyper index ON on input line 4385.
Package hyperref Info: backreferencing OFF on input line 4392.
Package hyperref Info: Link coloring OFF on input line 4397.
Package hyperref Info: Link coloring with OCG OFF on input line 4402.
Package hyperref Info: PDF/A mode OFF on input line 4407.

(/usr/share/texmf-texlive/tex/generic/oberdiek/atbegshi.sty
Package: atbegshi 2008/07/31 v1.9 At begin shipout hook (HO)
)
\Hy@abspage=\count104
\c@Item=\count105
\c@Hfootnote=\count106
)
*hyperref using default driver hpdftex*
(/usr/share/texmf-texlive/tex/latex/hyperref/hpdftex.def
File: hpdftex.def 2009/10/09 v6.79a Hyperref driver for pdfTeX
\Fld@listcount=\count107
)
(/usr/share/texmf-texlive/tex/latex/ntheorem/ntheorem.sty
Style `ntheorem', Version 1.25 <2005/07/07>
Package: ntheorem 2005/07/07 1.25
\theorem@style=\toks22
\theorem@@style=\toks23
\theorembodyfont=\toks24
\theoremnumbering=\toks25
\theorempreskipamount=\skip59
\theorempostskipamount=\skip60
\theoremindent=\dimen116
\theorem@indent=\dimen117
\theoremheaderfont=\toks26
\theoremseparator=\toks27
\theoremprework=\toks28
\theorempostwork=\toks29
\theoremsymbol=\toks30
\qedsymbol=\toks31
\theoremkeyword=\toks32
\qedsymbol=\toks33
\thm@topsepadd=\skip61
Package ntheorem Info: Option `thmmarks' loaded on input line 1029.
\c@endNonectr=\count108
\c@currNonectr=\count109
\mysavskip=\skip62
Package ntheorem Info: option `amsmath' handling for `thmmarks' loaded on input
 line 1029.
\thm@amstmpdepth=\dimen118
) (/usr/share/texmf-texlive/tex/latex/base/inputenc.sty
Package: inputenc 2008/03/30 v1.1d Input encoding file
\inpenc@prehook=\toks34
\inpenc@posthook=\toks35

(/usr/share/texmf-texlive/tex/latex/base/latin1.def
File: latin1.def 2008/03/30 v1.1d Input encoding file
))
\c@defsaco=\count110
\c@currDefctr=\count111
\c@endDefctr=\count112
\c@Def=\count113
\c@currSactr=\count114
\c@endSactr=\count115
\c@currLemctr=\count116
\c@endLemctr=\count117
\c@currHilctr=\count118
\c@endHilctr=\count119
\c@currKorctr=\count120
\c@endKorctr=\count121
\c@currBspctr=\count122
\c@endBspctr=\count123
\c@Bsp=\count124
\c@currBemctr=\count125
\c@endBemctr=\count126
\c@Bem=\count127

(/usr/share/texmf-texlive/tex/latex/graphics/graphicx.sty
Package: graphicx 1999/02/16 v1.0f Enhanced LaTeX Graphics (DPC,SPQR)

(/usr/share/texmf-texlive/tex/latex/graphics/graphics.sty
Package: graphics 2009/02/05 v1.0o Standard LaTeX Graphics (DPC,SPQR)

(/usr/share/texmf-texlive/tex/latex/graphics/trig.sty
Package: trig 1999/03/16 v1.09 sin cos tan (DPC)
)
(/etc/texmf/tex/latex/config/graphics.cfg
File: graphics.cfg 2009/08/28 v1.8 graphics configuration of TeX Live
)
Package graphics Info: Driver file: pdftex.def on input line 91.

(/usr/share/texmf-texlive/tex/latex/pdftex-def/pdftex.def
File: pdftex.def 2010/03/12 v0.04p Graphics/color for pdfTeX
\Gread@gobject=\count128
))
\Gin@req@height=\dimen119
\Gin@req@width=\dimen120
)
(/usr/share/texmf-texlive/tex/latex/pst-pdf/pst-pdf.sty
Package: pst-pdf 2008/10/09 v1.1v PS graphics for pdfLaTeX (RN,HjG)
\c@pspicture=\count129
Package pst-pdf Info: MODE: 1 (pdfTeX mode) on input line 214.

(/usr/share/texmf-texlive/tex/latex/pstricks/pstricks.sty
Package: pstricks 2008/11/26 v0.40 LaTeX wrapper for `PSTricks' (RN,HV)

(/usr/share/texmf-texlive/tex/generic/pstricks/pstricks.tex
`PSTricks' v1.29  <2009/05/19> (tvz)
\pst@dima=\dimen121
\pst@dimb=\dimen122
\pst@dimc=\dimen123
\pst@dimd=\dimen124
\pst@dimg=\dimen125
\pst@dimh=\dimen126
\pst@hbox=\box29
\pst@boxg=\box30
\pst@cnta=\count130
\pst@cntb=\count131
\pst@cntc=\count132
\pst@cntd=\count133
\pst@cntg=\count134
\pst@cnth=\count135
\pst@toks=\toks36
(/usr/share/texmf-texlive/tex/generic/pstricks/pstricks.con)
\psunit=\dimen127
\psxunit=\dimen128
\psyunit=\dimen129
\pslinewidth=\dimen130
\pst@customdefs=\toks37
\pslinearc=\dimen131
\everypsbox=\toks38
\psframesep=\dimen132
\pslabelsep=\dimen133
\pst@shift=\dimen134
\theoverlaybox=\box31
)
File: pstricks.tex 2009/05/19 v1.29 `PSTricks' (tvz,hv)

(/usr/share/texmf/tex/latex/xcolor/xcolor.sty
Package: xcolor 2007/01/21 v2.11 LaTeX color extensions (UK)

(/etc/texmf/tex/latex/config/color.cfg
File: color.cfg 2007/01/18 v1.5 color configuration of teTeX/TeXLive
)
Package xcolor Info: Driver file: pdftex.def on input line 225.
Package xcolor Info: Model `cmy' substituted by `cmy0' on input line 1337.
Package xcolor Info: Model `hsb' substituted by `rgb' on input line 1341.
Package xcolor Info: Model `RGB' extended on input line 1353.
Package xcolor Info: Model `HTML' substituted by `rgb' on input line 1355.
Package xcolor Info: Model `Hsb' substituted by `hsb' on input line 1356.
Package xcolor Info: Model `tHsb' substituted by `hsb' on input line 1357.
Package xcolor Info: Model `HSB' substituted by `hsb' on input line 1358.
Package xcolor Info: Model `Gray' substituted by `gray' on input line 1359.
Package xcolor Info: Model `wave' substituted by `hsb' on input line 1360.
))
\ppf@output=\toks39

(/usr/share/texmf/tex/latex/preview/preview.sty
Package: preview 2010/02/14 11.86 (AUCTeX/preview-latex)
\pr@snippet=\count136
\pr@box=\box32
\pr@output=\toks40
)
(/usr/share/texmf-texlive/tex/latex/graphics/dvips.def
File: dvips.def 1999/02/16 v3.0i Driver-dependant file (DPC,SPQR)
)
(/usr/share/texmf-texlive/tex/latex/environ/environ.sty
Package: environ 2008/06/18 v0.2 A new way to define environments
))
(/usr/share/texmf-texlive/tex/latex/pstricks/pst-plot.sty
Package: pst-plot 2004/07/15 package wrapper for pst-plot.tex

(/usr/share/texmf-texlive/tex/generic/pstricks/pst-plot.tex
(/usr/share/texmf-texlive/tex/generic/multido/multido.tex
 v1.41, 2004/05/18 <tvz>
\multido@count=\count137
\multidocount=\count138
\multido@stuff=\toks41
)  v1.04, 2009/06/08)
File: pst-plot.tex 2009/06/08 1.04 `pst-plot' (tvz)
)
\@indexfile=\write3
\openout3 = `OptTheo.idx'.


Writing index file OptTheo.idx
(./OptTheo.aux)
\openout1 = `OptTheo.aux'.

LaTeX Font Info:    Checking defaults for OML/cmm/m/it on input line 107.
LaTeX Font Info:    ... okay on input line 107.
LaTeX Font Info:    Checking defaults for T1/cmr/m/n on input line 107.
LaTeX Font Info:    ... okay on input line 107.
LaTeX Font Info:    Checking defaults for OT1/cmr/m/n on input line 107.
LaTeX Font Info:    ... okay on input line 107.
LaTeX Font Info:    Checking defaults for OMS/cmsy/m/n on input line 107.
LaTeX Font Info:    ... okay on input line 107.
LaTeX Font Info:    Checking defaults for OMX/cmex/m/n on input line 107.
LaTeX Font Info:    ... okay on input line 107.
LaTeX Font Info:    Checking defaults for U/cmr/m/n on input line 107.
LaTeX Font Info:    ... okay on input line 107.
LaTeX Font Info:    Checking defaults for PD1/pdf/m/n on input line 107.
LaTeX Font Info:    ... okay on input line 107.
Package hyperref Info: Link coloring OFF on input line 107.
 (/usr/share/texmf-texlive/tex/latex/hyperref/nameref.sty
Package: nameref 2007/05/29 v2.31 Cross-referencing by name of section

(/usr/share/texmf-texlive/tex/latex/oberdiek/refcount.sty
Package: refcount 2008/08/11 v3.1 Data extraction from references (HO)
)
\c@section@level=\count139
)
LaTeX Info: Redefining \ref on input line 107.
LaTeX Info: Redefining \pageref on input line 107.
 (./OptTheo.out)
(./OptTheo.out)
\@outlinefile=\write4
\openout4 = `OptTheo.out'.

\AtBeginShipoutBox=\box33
 (/usr/share/texmf-texlive/tex/context/base/supp-pdf.mkii
[Loading MPS to PDF converter (version 2006.09.02).]
\scratchcounter=\count140
\scratchdimen=\dimen135
\scratchbox=\box34
\nofMPsegments=\count141
\nofMParguments=\count142
\everyMPshowfont=\toks42
\MPscratchCnt=\count143
\MPscratchDim=\dimen136
\MPnumerator=\count144
\everyMPtoPDFconversion=\toks43
)
Preview: Fontsize 10.95pt
Preview: PDFoutput 1
LaTeX Font Info:    Try loading font information for U+msa on input line 113.
(/usr/share/texmf-texlive/tex/latex/amsfonts/umsa.fd
File: umsa.fd 2009/06/22 v3.00 AMS symbols A
)
LaTeX Font Info:    Try loading font information for U+msb on input line 113.

(/usr/share/texmf-texlive/tex/latex/amsfonts/umsb.fd
File: umsb.fd 2009/06/22 v3.00 AMS symbols B
) [1



{/var/lib/texmf/fonts/map/pdftex/updmap/pdftex.map}] [2

] (./OptTheo.toc
Class scrbook Info: You've told me to use the font selection of the element
(scrbook)           `sectioning' that is an alias of element `disposition'
(scrbook)            on input line 1.
Class scrbook Info: You've told me to use the font selection of the element
(scrbook)           `sectioning' that is an alias of element `disposition'
(scrbook)            on input line 2.
Class scrbook Info: You've told me to use the font selection of the element
(scrbook)           `sectioning' that is an alias of element `disposition'
(scrbook)            on input line 3.
LaTeX Font Info:    Try loading font information for OMS+cmr on input line 4.

(/usr/share/texmf-texlive/tex/latex/base/omscmr.fd
File: omscmr.fd 1999/05/25 v2.5h Standard LaTeX font definitions
)
LaTeX Font Info:    Font shape `OMS/cmr/m/n' in size <10.95> not available
(Font)              Font shape `OMS/cmsy/m/n' tried instead on input line 4.
Class scrbook Info: You've told me to use the font selection of the element
(scrbook)           `sectioning' that is an alias of element `disposition'
(scrbook)            on input line 11.
)
\tf@toc=\write5
\openout5 = `OptTheo.toc'.


Overfull \hbox (6.79999pt too wide) in paragraph at lines 118--120
[][]
 []


Underfull \hbox (badness 10000) in paragraph at lines 118--120

 []

[3

] [4


]
Kapitel I.
[1

] [2] [3]
Kapitel II.

Underfull \hbox (badness 10000) in paragraph at lines 203--204

 []


Underfull \vbox (badness 10000) has occurred while \output is active []

 [4

]
[5] [6


]pdfTeX warning (ext4): destination with the same identifier (name{chapter.1}) 
has been already used, duplicate ignored
<to be read again> 
                   \relax 
l.237 \chapter{Lineare Optimierung}
                                   
Kapitel 1.
LaTeX Font Info:    Try loading font information for OMS+cmss on input line 239
.
LaTeX Font Info:    No file OMScmss.fd. on input line 239.

LaTeX Font Warning: Font shape `OMS/cmss/bx/n' undefined
(Font)              using `OMS/cmsy/m/n' instead
(Font)              for symbol `textsection' on input line 239.

Package hyperref Info: bookmark level for unknown Def defaults to 0 on input li
ne 241.
[7

]
Underfull \hbox (badness 10000) in paragraph at lines 284--286

 []


Underfull \hbox (badness 10000) in paragraph at lines 329--331

 []

[8] [9]
Underfull \hbox (badness 10000) in paragraph at lines 374--376

 []


Underfull \hbox (badness 10000) in paragraph at lines 385--386

 []


Underfull \hbox (badness 10000) in paragraph at lines 385--386

 []


Underfull \hbox (badness 10000) in paragraph at lines 385--386

 []


Underfull \hbox (badness 10000) in paragraph at lines 387--388

 []


Package amsmath Warning: Foreign command \atop;
(amsmath)                \frac or \genfrac should be used instead
(amsmath)                 on input line 388.


Underfull \hbox (badness 10000) in paragraph at lines 388--391

 []

[10]
Underfull \hbox (badness 10000) in paragraph at lines 415--416

 []

[11]
Package hyperref Info: bookmark level for unknown Sa defaults to 0 on input lin
e 421.

Underfull \hbox (badness 10000) in paragraph at lines 424--428

 []


Underfull \hbox (badness 10000) in paragraph at lines 440--441

 []


Underfull \hbox (badness 10000) in paragraph at lines 442--443

 []


Overfull \hbox (5.1584pt too wide) in paragraph at lines 444--445
[]\OT1/cmr/bx/n/10.95 Dazu: $\OML/cmm/m/it/10.95 x[] \OMS/cmsy/m/n/10.95 ^^@ \O
ML/cmm/m/it/10.95 x[]; [] ; x[] \OMS/cmsy/m/n/10.95 ^^@ \OML/cmm/m/it/10.95 x[]
$ \OT1/cmr/m/n/10.95 ist Ba-sis von $\U/msb/m/n/10.95 R[] \OMS/cmsy/m/n/10.95 )
$ \OT1/cmr/m/n/10.95 Je-des $\OML/cmm/m/it/10.95 x \OMS/cmsy/m/n/10.95 2 \U/msb
/m/n/10.95 R[]$ \OT1/cmr/m/n/10.95 hat []Ko-or-di-an-ten\$(\OML/cmm/m/it/10.95 
[]; [] ; []\OT1/cmr/m/n/10.95 )$
 []


Underfull \hbox (badness 10000) in paragraph at lines 444--445

 []


Underfull \hbox (badness 10000) in paragraph at lines 445--446

 []

[12]
Underfull \hbox (badness 10000) in paragraph at lines 452--454

 []

<OptTheo-pics.pdf, id=188, page=1, 285.52672pt x 171.72156pt>
File: OptTheo-pics.pdf Graphic file (type pdf)

<use OptTheo-pics.pdf, page 1>
Underfull \hbox (badness 10000) in paragraph at lines 479--480

 []

[13 <./OptTheo-pics.pdf>]
<OptTheo-pics.pdf, id=207, page=2, 114.81895pt x 114.81895pt>
File: OptTheo-pics.pdf Graphic file (type pdf)

<use OptTheo-pics.pdf, page 2>
<OptTheo-pics.pdf, id=208, page=3, 370.88562pt x 86.36266pt>
File: OptTheo-pics.pdf Graphic file (type pdf)

<use OptTheo-pics.pdf, page 3> [14 <./OptTheo-pics.pdf>]
Package hyperref Info: bookmark level for unknown Kor defaults to 0 on input li
ne 545.

<OptTheo-pics.pdf, id=218, page=4, 228.62415pt x 143.26523pt>
File: OptTheo-pics.pdf Graphic file (type pdf)

<use OptTheo-pics.pdf, page 4>
<OptTheo-pics.pdf, id=219, page=5, 285.52672pt x 86.36266pt>
File: OptTheo-pics.pdf Graphic file (type pdf)

<use OptTheo-pics.pdf, page 5> [15 <./OptTheo-pics.pdf> <./OptTheo-pics.pdf> <.
/OptTheo-pics.pdf>]
<OptTheo-pics.pdf, id=234, page=6, 200.17786pt x 143.26523pt>
File: OptTheo-pics.pdf Graphic file (type pdf)

<use OptTheo-pics.pdf, page 6>
Underfull \hbox (badness 10000) in paragraph at lines 587--610

 []

<OptTheo-pics.pdf, id=235, page=7, 285.52672pt x 86.36266pt>
File: OptTheo-pics.pdf Graphic file (type pdf)

<use OptTheo-pics.pdf, page 7> [16 <./OptTheo-pics.pdf> <./OptTheo-pics.pdf>]
Underfull \hbox (badness 10000) in paragraph at lines 645--647

 []


Underfull \hbox (badness 10000) in paragraph at lines 656--658

 []

[17]
Underfull \hbox (badness 10000) in paragraph at lines 700--702

 []


Underfull \hbox (badness 10000) in paragraph at lines 705--706

 []

[18]
Underfull \hbox (badness 10000) in paragraph at lines 709--710

 []


Underfull \hbox (badness 10000) in paragraph at lines 723--734

 []

[19]
Underfull \hbox (badness 10000) in paragraph at lines 752--756

 []

[20] [21] [22]
Package hyperref Info: bookmark level for unknown Hil defaults to 0 on input li
ne 864.

Overfull \hbox (10.07237pt too wide) in paragraph at lines 864--865
[]\OT1/cmr/m/it/10.95 Sei A ei-ne (m,n)-Matrix. Dann exis-tie-ren $\OML/cmm/m/i
t/10.95 x \OMS/cmsy/m/n/10.95 2 \U/msb/m/n/10.95 R[]\OML/cmm/m/it/10.95 ; u \OM
S/cmsy/m/n/10.95 2 \U/msb/m/n/10.95 R[]$ \OT1/cmr/m/it/10.95 mit $\OML/cmm/m/it
/10.95 Ax \OT1/cmr/m/n/10.95 =  []0\OML/cmm/m/it/10.95 ;  x \OMS/cmsy/m/n/10.95
 ^^U
 []


Underfull \hbox (badness 10000) in paragraph at lines 874--879

 []


Underfull \hbox (badness 10000) in paragraph at lines 888--893

 []

[23]
Package hyperref Info: bookmark level for unknown Lem defaults to 0 on input li
ne 903.

Underfull \hbox (badness 10000) in paragraph at lines 920--925

 []

[24]
Underfull \vbox (badness 10000) has occurred while \output is active []

 [25]
[26]
Underfull \hbox (badness 10000) in paragraph at lines 1011--1016

 []


Underfull \vbox (badness 8000) has occurred while \output is active []

 [27]
Underfull \hbox (badness 10000) in paragraph at lines 1057--1062

 []

[28] [29]
Underfull \hbox (badness 10000) in paragraph at lines 1122--1123

 []

[30] [31] [32] [33]
Underfull \hbox (badness 10000) in paragraph at lines 1314--1315

 []


Underfull \vbox (badness 10000) has occurred while \output is active []

 [34]
[35] [36] [37] [38] [39]
Underfull \hbox (badness 10000) in paragraph at lines 1508--1511

 []


Underfull \vbox (badness 10000) has occurred while \output is active []

 [40]
[41] [42]
Underfull \hbox (badness 10000) in paragraph at lines 1613--1615

 []


Underfull \hbox (badness 10000) in paragraph at lines 1624--1626

 []


Underfull \hbox (badness 10000) in paragraph at lines 1637--1639

 []


Underfull \hbox (badness 10000) in paragraph at lines 1650--1652

 []


Underfull \vbox (badness 10000) has occurred while \output is active []

 [43]
Underfull \hbox (badness 10000) in paragraph at lines 1664--1666

 []


Underfull \hbox (badness 10000) in paragraph at lines 1667--1673

 []

<OptTheo-pics.pdf, id=400, page=8, 358.63986pt x 194.92825pt>
File: OptTheo-pics.pdf Graphic file (type pdf)

<use OptTheo-pics.pdf, page 8>
<OptTheo-pics.pdf, id=401, page=9, 358.63986pt x 195.63087pt>
File: OptTheo-pics.pdf Graphic file (type pdf)

<use OptTheo-pics.pdf, page 9> [44] [45 <./OptTheo-pics.pdf> <./OptTheo-pics.pd
f>]
Overfull \hbox (2.65219pt too wide) in paragraph at lines 1691--1694
\OT1/cmr/m/n/10.95 2-Personen-Nullsummenspiel ist ge-ge-ben durch Ma-trix $\OML
/cmm/m/it/10.95 A \OT1/cmr/m/n/10.95 = ((\OML/cmm/m/it/10.95 a[]\OT1/cmr/m/n/10
.95 ))$ (m,n)-Matrix (Matrix-
 []


Underfull \hbox (badness 10000) in paragraph at lines 1695--1702

 []


Underfull \hbox (badness 10000) in paragraph at lines 1703--1711

 []

[46]
Underfull \hbox (badness 10000) in paragraph at lines 1739--1740

 []


Underfull \hbox (badness 10000) in paragraph at lines 1741--1747

 []


Underfull \hbox (badness 10000) in paragraph at lines 1768--1769

 []

[47] [48]
Overfull \hbox (1.61613pt too wide) in paragraph at lines 1826--1828
\OT1/cmr/m/it/10.95 Je-des 2-Personen-Nullsummenspiel be-sitzt einen Gleich-ge-
wichts-punkt in ge-misch-ten Stra-
 []

[49]
Underfull \hbox (badness 10000) in paragraph at lines 1855--1862

 []

[50]
Underfull \hbox (badness 10000) in paragraph at lines 1893--1894

 []

[51] [52


]pdfTeX warning (ext4): destination with the same identifier (name{chapter.2}) 
has been already used, duplicate ignored
<to be read again> 
                   \relax 
l.1900 \chapter{Konvexe Optimierung}
                                    
Kapitel 2.
[53

] <OptTheo-pics.pdf, id=456, page=10, 228.62415pt x 228.62415pt>
File: OptTheo-pics.pdf Graphic file (type pdf)

<use OptTheo-pics.pdf, page 10>
Underfull \hbox (badness 10000) in paragraph at lines 1923--1934

 []


Underfull \hbox (badness 10000) in paragraph at lines 1940--1951

 []

[54 <./OptTheo-pics.pdf>] [55]
Underfull \hbox (badness 10000) in paragraph at lines 2014--2015

 []

[56] [57]
Underfull \hbox (badness 10000) in paragraph at lines 2067--2068

 []

[58]
Underfull \hbox (badness 10000) in paragraph at lines 2078--2084

 []

[59]
Underfull \hbox (badness 10000) in paragraph at lines 2130--2133

 []

[60] [61]
Underfull \hbox (badness 10000) in paragraph at lines 2202--2204

 []

[62] [63]
Underfull \hbox (badness 10000) in paragraph at lines 2257--2258

 []

[64]
Underfull \hbox (badness 10000) in paragraph at lines 2306--2308

 []


Underfull \hbox (badness 10000) in paragraph at lines 2312--2314

 []


Underfull \hbox (badness 10000) in paragraph at lines 2329--2331

 []

[65]
Underfull \hbox (badness 10000) in paragraph at lines 2346--2348

 []


Underfull \hbox (badness 10000) in paragraph at lines 2358--2359

 []

[66]
Underfull \hbox (badness 10000) in paragraph at lines 2372--2374

 []


Underfull \hbox (badness 10000) in paragraph at lines 2383--2384

 []

[67]
Underfull \hbox (badness 10000) in paragraph at lines 2414--2416

 []

[68]
Overfull \hbox (24.0164pt too wide) in paragraph at lines 2465--2466
[]\OT1/cmr/m/it/10.95 Gegeben sei (KP), die Slater-Bedingung
 []

[69]
Underfull \hbox (badness 10000) in paragraph at lines 2507--2509

 []

[70] [71]
Underfull \hbox (badness 10000) in paragraph at lines 2539--2541

 []


Underfull \hbox (badness 10000) in paragraph at lines 2544--2546

 []

[72]
Underfull \hbox (badness 10000) in paragraph at lines 2579--2582

 []

[73]
Underfull \hbox (badness 10000) in paragraph at lines 2629--2631

 []

[74]
Underfull \hbox (badness 10000) in paragraph at lines 2646--2647

 []


Underfull \hbox (badness 10000) in paragraph at lines 2657--2658

 []


Overfull \hbox (1.947pt too wide) in paragraph at lines 2661--2662
[]\OT1/cmr/m/it/10.95 F[]ur $\OML/cmm/m/it/10.95 x[] \OMS/cmsy/m/n/10.95 ^^U
 []

[75] [76]
Underfull \hbox (badness 10000) in paragraph at lines 2705--2707

 []


Underfull \hbox (badness 10000) in paragraph at lines 2734--2735

 []

[77]
Underfull \hbox (badness 10000) in paragraph at lines 2758--2761

 []


Underfull \hbox (badness 10000) in paragraph at lines 2771--2774

 []

[78]
Underfull \hbox (badness 10000) in paragraph at lines 2796--2798

 []


Underfull \hbox (badness 10000) in paragraph at lines 2807--2808

 []


Underfull \hbox (badness 10000) in paragraph at lines 2808--2811

 []

[79] [80] [81] [82]
\tf@thm=\write6
\openout6 = `OptTheo.thm'.

 (./OptTheo.aux)

LaTeX Font Warning: Some font shapes were not available, defaults substituted.

 ) 
Here is how much of TeX's memory you used:
 9388 strings out of 493857
 127998 string characters out of 1153304
 259383 words of memory out of 3000000
 12278 multiletter control sequences out of 15000+50000
 17715 words of font info for 67 fonts, out of 3000000 for 9000
 714 hyphenation exceptions out of 8191
 43i,20n,52p,433b,463s stack positions out of 5000i,500n,10000p,200000b,50000s
</usr/share/texmf-texlive/fonts/type1/public/amsfonts/cm/cmbx10.pfb></usr/sha
re/texmf-texlive/fonts/type1/public/amsfonts/cm/cmbxti10.pfb></usr/share/texmf-
texlive/fonts/type1/public/amsfonts/cm/cmcsc10.pfb></usr/share/texmf-texlive/fo
nts/type1/public/amsfonts/cm/cmex10.pfb></usr/share/texmf-texlive/fonts/type1/p
ublic/amsfonts/cmextra/cmex8.pfb></usr/share/texmf-texlive/fonts/type1/public/a
msfonts/cm/cmmi10.pfb></usr/share/texmf-texlive/fonts/type1/public/amsfonts/cm/
cmmi6.pfb></usr/share/texmf-texlive/fonts/type1/public/amsfonts/cm/cmmi8.pfb></
usr/share/texmf-texlive/fonts/type1/public/amsfonts/cm/cmmi9.pfb></usr/share/te
xmf-texlive/fonts/type1/public/amsfonts/cm/cmr10.pfb></usr/share/texmf-texlive/
fonts/type1/public/amsfonts/cm/cmr12.pfb></usr/share/texmf-texlive/fonts/type1/
public/amsfonts/cm/cmr6.pfb></usr/share/texmf-texlive/fonts/type1/public/amsfon
ts/cm/cmr8.pfb></usr/share/texmf-texlive/fonts/type1/public/amsfonts/cm/cmr9.pf
b></usr/share/texmf-texlive/fonts/type1/public/amsfonts/cm/cmsl10.pfb></usr/sha
re/texmf-texlive/fonts/type1/public/amsfonts/cm/cmssbx10.pfb></usr/share/texmf-
texlive/fonts/type1/public/amsfonts/cm/cmsy10.pfb></usr/share/texmf-texlive/fon
ts/type1/public/amsfonts/cm/cmsy6.pfb></usr/share/texmf-texlive/fonts/type1/pub
lic/amsfonts/cm/cmsy8.pfb></usr/share/texmf-texlive/fonts/type1/public/amsfonts
/cm/cmsy9.pfb></usr/share/texmf-texlive/fonts/type1/public/amsfonts/cm/cmti10.p
fb></usr/share/texmf-texlive/fonts/type1/public/amsfonts/cm/cmti8.pfb></usr/sha
re/texmf-texlive/fonts/type1/public/amsfonts/cm/cmtt10.pfb></usr/share/texmf-te
xlive/fonts/type1/public/amsfonts/symbols/msbm10.pfb></usr/share/texmf-texlive/
fonts/type1/public/amsfonts/symbols/msbm7.pfb>
Output written on OptTheo.pdf (86 pages, 622799 bytes).
PDF statistics:
 732 PDF objects out of 1000 (max. 8388607)
 206 named destinations out of 1000 (max. 500000)
 184 words of extra memory for PDF output out of 10000 (max. 10000000)

