
Running /usr/bin/latex OptTheoUebung.tex in an env with 4 entries:
This is pdfTeX, Version 3.1415926-1.40.10 (TeX Live 2009/Debian)
entering extended mode
(data/OptTheoUebung.tex
LaTeX2e <2009/09/24>
Babel <v3.8l> and hyphenation patterns for english, usenglishmax, dumylang, noh
yphenation, farsi, arabic, croatian, bulgarian, ukrainian, russian, czech, slov
ak, danish, dutch, finnish, french, basque, ngerman, german, german-x-2009-06-1
9, ngerman-x-2009-06-19, ibycus, monogreek, greek, ancientgreek, hungarian, san
skrit, italian, latin, latvian, lithuanian, mongolian2a, mongolian, bokmal, nyn
orsk, romanian, irish, coptic, serbian, turkish, welsh, esperanto, uppersorbian
, estonian, indonesian, interlingua, icelandic, kurmanji, slovenian, polish, po
rtuguese, spanish, galician, catalan, swedish, ukenglish, loaded.
(/usr/share/texmf-texlive/tex/latex/base/article.cls
Document Class: article 2007/10/19 v1.4h Standard LaTeX document class
(/usr/share/texmf-texlive/tex/latex/base/size11.clo)) (data/latexki.sty)
(/usr/share/texmf-texlive/tex/latex/amsfonts/amssymb.sty
(/usr/share/texmf-texlive/tex/latex/amsfonts/amsfonts.sty))
(/usr/share/texmf-texlive/tex/latex/amsmath/amsmath.sty
For additional information on amsmath, use the `?' option.
(/usr/share/texmf-texlive/tex/latex/amsmath/amstext.sty
(/usr/share/texmf-texlive/tex/latex/amsmath/amsgen.sty))
(/usr/share/texmf-texlive/tex/latex/amsmath/amsbsy.sty)
(/usr/share/texmf-texlive/tex/latex/amsmath/amsopn.sty))
(/usr/share/texmf-texlive/tex/generic/german/ngerman.sty v2.5e 1998-07-08)
(/usr/share/texmf-texlive/tex/latex/fancyhdr/fancyhdr.sty)
(/usr/share/texmf-texlive/tex/latex/amsfonts/euscript.sty)
(/usr/share/texmf-texlive/tex/latex/base/makeidx.sty)
(/usr/share/texmf-texlive/tex/latex/hyperref/hyperref.sty
(/usr/share/texmf-texlive/tex/latex/graphics/keyval.sty)
(/usr/share/texmf-texlive/tex/generic/oberdiek/ifpdf.sty)
(/usr/share/texmf-texlive/tex/generic/oberdiek/ifvtex.sty)
(/usr/share/texmf-texlive/tex/generic/ifxetex/ifxetex.sty)
(/usr/share/texmf-texlive/tex/latex/oberdiek/hycolor.sty
(/usr/share/texmf-texlive/tex/latex/oberdiek/xcolor-patch.sty))
(/usr/share/texmf-texlive/tex/latex/hyperref/pd1enc.def)
(/usr/share/texmf-texlive/tex/generic/oberdiek/etexcmds.sty
(/usr/share/texmf-texlive/tex/generic/oberdiek/infwarerr.sty))
(/usr/share/texmf-texlive/tex/latex/latexconfig/hyperref.cfg)
(/usr/share/texmf-texlive/tex/latex/oberdiek/kvoptions.sty
(/usr/share/texmf-texlive/tex/generic/oberdiek/kvsetkeys.sty))
Implicit mode ON; LaTeX internals redefined
(/usr/share/texmf-texlive/tex/latex/ltxmisc/url.sty)
(/usr/share/texmf-texlive/tex/generic/oberdiek/bitset.sty
(/usr/share/texmf-texlive/tex/generic/oberdiek/intcalc.sty)
(/usr/share/texmf-texlive/tex/generic/oberdiek/bigintcalc.sty
(/usr/share/texmf-texlive/tex/generic/oberdiek/pdftexcmds.sty
(/usr/share/texmf-texlive/tex/generic/oberdiek/ifluatex.sty)
(/usr/share/texmf-texlive/tex/generic/oberdiek/ltxcmds.sty))))
(/usr/share/texmf-texlive/tex/generic/oberdiek/atbegshi.sty))
*hyperref using default driver hdvips*
(/usr/share/texmf-texlive/tex/latex/hyperref/hdvips.def
(/usr/share/texmf-texlive/tex/latex/hyperref/pdfmark.def))
(/usr/share/texmf-texlive/tex/latex/ntheorem/ntheorem.sty
Style `ntheorem', Version 1.25 <2005/07/07>
) (/usr/share/texmf-texlive/tex/latex/base/inputenc.sty
(/usr/share/texmf-texlive/tex/latex/base/utf8.def
(/usr/share/texmf-texlive/tex/latex/base/t1enc.dfu)
(/usr/share/texmf-texlive/tex/latex/base/ot1enc.dfu)
(/usr/share/texmf-texlive/tex/latex/base/omsenc.dfu)))
(/usr/share/texmf-texlive/tex/latex/pstricks/pst-plot.sty
(/usr/share/texmf-texlive/tex/latex/pstricks/pstricks.sty
(/usr/share/texmf-texlive/tex/generic/pstricks/pstricks.tex
`PSTricks' v1.29  <2009/05/19> (tvz)
(/usr/share/texmf-texlive/tex/generic/pstricks/pstricks.con))
(/usr/share/texmf/tex/latex/xcolor/xcolor.sty
(/etc/texmf/tex/latex/config/color.cfg)
(/usr/share/texmf-texlive/tex/latex/graphics/dvips.def)))
(/usr/share/texmf-texlive/tex/generic/pstricks/pst-plot.tex
(/usr/share/texmf-texlive/tex/generic/multido/multido.tex
 v1.41, 2004/05/18 <tvz>)  v1.04, 2009/06/08))
(/usr/share/texmf-texlive/tex/latex/pst-pdf/pst-pdf.sty
(/usr/share/texmf-texlive/tex/latex/graphics/graphicx.sty
(/usr/share/texmf-texlive/tex/latex/graphics/graphics.sty
(/usr/share/texmf-texlive/tex/latex/graphics/trig.sty)
(/etc/texmf/tex/latex/config/graphics.cfg)))
No auxiliary output files.

(/usr/share/texmf/tex/latex/preview/preview.sty
(/usr/share/texmf/tex/latex/preview/prtightpage.def))
(/usr/share/texmf-texlive/tex/latex/pdftex-def/pdftex.def))
No file OptTheoUebung.aux.
(/usr/share/texmf-texlive/tex/latex/hyperref/nameref.sty
(/usr/share/texmf-texlive/tex/latex/oberdiek/refcount.sty))

Package hyperref Warning: Rerun to get /PageLabels entry.

Preview: Fontsize 10.95pt
(/usr/share/texmf-texlive/tex/latex/amsfonts/umsa.fd)
(/usr/share/texmf-texlive/tex/latex/amsfonts/umsb.fd)
Overfull \hbox (6.79999pt too wide) in paragraph at lines 100--102
[][]

Underfull \hbox (badness 10000) in paragraph at lines 100--102


Underfull \hbox (badness 10000) in paragraph at lines 416--418


Underfull \vbox (badness 10000) has occurred while \output is active

Package amsmath Warning: Foreign command \atop;
(amsmath)                \frac or \genfrac should be used instead
(amsmath)                 on input line 552.


Underfull \vbox (badness 2351) has occurred while \output is active
(/usr/share/texmf-texlive/tex/latex/base/omscmr.fd)
Overfull \hbox (9.52335pt too wide) detected at line 741
\OML/cmm/m/it/10.95  [] \OT1/cmr/m/n/10.95 + (1 \OMS/cmsy/m/n/10.95 ^^@ \OML/c
mm/m/it/10.95 \OT1/cmr/m/n/10.95 ) [] = [] = [] = []

Underfull \vbox (badness 6348) has occurred while \output is active
Underfull \hbox (badness 10000) in paragraph at lines 1042--1044

Preview: Tightpage -32891 -32891 32891 32891
[1]
Underfull \hbox (badness 10000) in paragraph at lines 1180--1182


Overfull \hbox (33.59325pt too wide) detected at line 1206
[]

Underfull \vbox (badness 2285) has occurred while \output is active
Underfull \hbox (badness 10000) in paragraph at lines 1227--1228


Underfull \hbox (badness 10000) in paragraph at lines 1240--1241


Underfull \hbox (badness 10000) in paragraph at lines 1261--1262


Underfull \hbox (badness 10000) in paragraph at lines 1407--1409


Underfull \hbox (badness 10000) in paragraph at lines 1426--1428


Underfull \vbox (badness 10000) has occurred while \output is active )
(see the transcript file for additional information)
Output written on OptTheoUebung.dvi (1 page, 8240 bytes).
Transcript written on OptTheoUebung.log.
Result: ExitSuccess

Running /usr/bin/dvips OptTheoUebung.dvi -o OptTheoUebung-pics.ps in an env with 4 entries:
This is dvips(k) 5.98 Copyright 2009 Radical Eye Software (www.radicaleye.com)
' TeX output 2016.12.27:0847' -> OptTheoUebung-pics.ps
</usr/share/texmf-texlive/dvips/base/tex.pro>
</usr/share/texmf-texlive/dvips/pstricks/pstricks.pro>
</usr/share/texmf-texlive/dvips/pstricks/pst-algparser.pro>
</usr/share/texmf-texlive/dvips/pstricks/pst-dots.pro>
</usr/share/texmf-texlive/dvips/base/texps.pro>
</usr/share/texmf-texlive/dvips/base/special.pro>. 
</usr/share/texmf-texlive/fonts/type1/public/amsfonts/cm/cmsy10.pfb>
</usr/share/texmf-texlive/fonts/type1/public/amsfonts/cm/cmr10.pfb>[1] 
Result: ExitSuccess

Running /usr/bin/ps2pdf OptTheoUebung-pics.ps in an env with 4 entries:
Result: ExitSuccess

Running /usr/bin/pdflatex OptTheoUebung.tex in an env with 4 entries:
This is pdfTeX, Version 3.1415926-1.40.10 (TeX Live 2009/Debian)
entering extended mode
(data/OptTheoUebung.tex
LaTeX2e <2009/09/24>
Babel <v3.8l> and hyphenation patterns for english, usenglishmax, dumylang, noh
yphenation, farsi, arabic, croatian, bulgarian, ukrainian, russian, czech, slov
ak, danish, dutch, finnish, french, basque, ngerman, german, german-x-2009-06-1
9, ngerman-x-2009-06-19, ibycus, monogreek, greek, ancientgreek, hungarian, san
skrit, italian, latin, latvian, lithuanian, mongolian2a, mongolian, bokmal, nyn
orsk, romanian, irish, coptic, serbian, turkish, welsh, esperanto, uppersorbian
, estonian, indonesian, interlingua, icelandic, kurmanji, slovenian, polish, po
rtuguese, spanish, galician, catalan, swedish, ukenglish, loaded.
(/usr/share/texmf-texlive/tex/latex/base/article.cls
Document Class: article 2007/10/19 v1.4h Standard LaTeX document class
(/usr/share/texmf-texlive/tex/latex/base/size11.clo)) (data/latexki.sty)
(/usr/share/texmf-texlive/tex/latex/amsfonts/amssymb.sty
(/usr/share/texmf-texlive/tex/latex/amsfonts/amsfonts.sty))
(/usr/share/texmf-texlive/tex/latex/amsmath/amsmath.sty
For additional information on amsmath, use the `?' option.
(/usr/share/texmf-texlive/tex/latex/amsmath/amstext.sty
(/usr/share/texmf-texlive/tex/latex/amsmath/amsgen.sty))
(/usr/share/texmf-texlive/tex/latex/amsmath/amsbsy.sty)
(/usr/share/texmf-texlive/tex/latex/amsmath/amsopn.sty))
(/usr/share/texmf-texlive/tex/generic/german/ngerman.sty v2.5e 1998-07-08)
(/usr/share/texmf-texlive/tex/latex/fancyhdr/fancyhdr.sty)
(/usr/share/texmf-texlive/tex/latex/amsfonts/euscript.sty)
(/usr/share/texmf-texlive/tex/latex/base/makeidx.sty)
(/usr/share/texmf-texlive/tex/latex/hyperref/hyperref.sty
(/usr/share/texmf-texlive/tex/latex/graphics/keyval.sty)
(/usr/share/texmf-texlive/tex/generic/oberdiek/ifpdf.sty)
(/usr/share/texmf-texlive/tex/generic/oberdiek/ifvtex.sty)
(/usr/share/texmf-texlive/tex/generic/ifxetex/ifxetex.sty)
(/usr/share/texmf-texlive/tex/latex/oberdiek/hycolor.sty
(/usr/share/texmf-texlive/tex/latex/oberdiek/xcolor-patch.sty))
(/usr/share/texmf-texlive/tex/latex/hyperref/pd1enc.def)
(/usr/share/texmf-texlive/tex/generic/oberdiek/etexcmds.sty
(/usr/share/texmf-texlive/tex/generic/oberdiek/infwarerr.sty))
(/usr/share/texmf-texlive/tex/latex/latexconfig/hyperref.cfg)
(/usr/share/texmf-texlive/tex/latex/oberdiek/kvoptions.sty
(/usr/share/texmf-texlive/tex/generic/oberdiek/kvsetkeys.sty))
Implicit mode ON; LaTeX internals redefined
(/usr/share/texmf-texlive/tex/latex/ltxmisc/url.sty)
(/usr/share/texmf-texlive/tex/generic/oberdiek/bitset.sty
(/usr/share/texmf-texlive/tex/generic/oberdiek/intcalc.sty)
(/usr/share/texmf-texlive/tex/generic/oberdiek/bigintcalc.sty
(/usr/share/texmf-texlive/tex/generic/oberdiek/pdftexcmds.sty
(/usr/share/texmf-texlive/tex/generic/oberdiek/ifluatex.sty)
(/usr/share/texmf-texlive/tex/generic/oberdiek/ltxcmds.sty))))
(/usr/share/texmf-texlive/tex/generic/oberdiek/atbegshi.sty))
*hyperref using default driver hpdftex*
(/usr/share/texmf-texlive/tex/latex/hyperref/hpdftex.def)
(/usr/share/texmf-texlive/tex/latex/ntheorem/ntheorem.sty
Style `ntheorem', Version 1.25 <2005/07/07>
) (/usr/share/texmf-texlive/tex/latex/base/inputenc.sty
(/usr/share/texmf-texlive/tex/latex/base/utf8.def
(/usr/share/texmf-texlive/tex/latex/base/t1enc.dfu)
(/usr/share/texmf-texlive/tex/latex/base/ot1enc.dfu)
(/usr/share/texmf-texlive/tex/latex/base/omsenc.dfu)))
(/usr/share/texmf-texlive/tex/latex/pstricks/pst-plot.sty
(/usr/share/texmf-texlive/tex/latex/pstricks/pstricks.sty
(/usr/share/texmf-texlive/tex/generic/pstricks/pstricks.tex
`PSTricks' v1.29  <2009/05/19> (tvz)
(/usr/share/texmf-texlive/tex/generic/pstricks/pstricks.con))
(/usr/share/texmf/tex/latex/xcolor/xcolor.sty
(/etc/texmf/tex/latex/config/color.cfg)
(/usr/share/texmf-texlive/tex/latex/pdftex-def/pdftex.def)))
(/usr/share/texmf-texlive/tex/generic/pstricks/pst-plot.tex
(/usr/share/texmf-texlive/tex/generic/multido/multido.tex
 v1.41, 2004/05/18 <tvz>)  v1.04, 2009/06/08))
(/usr/share/texmf-texlive/tex/latex/pst-pdf/pst-pdf.sty
(/usr/share/texmf-texlive/tex/latex/graphics/graphicx.sty
(/usr/share/texmf-texlive/tex/latex/graphics/graphics.sty
(/usr/share/texmf-texlive/tex/latex/graphics/trig.sty)
(/etc/texmf/tex/latex/config/graphics.cfg)))
(/usr/share/texmf/tex/latex/preview/preview.sty)
(/usr/share/texmf-texlive/tex/latex/graphics/dvips.def)
(/usr/share/texmf-texlive/tex/latex/environ/environ.sty))
Writing index file OptTheoUebung.idx
No file OptTheoUebung.aux.
(/usr/share/texmf-texlive/tex/latex/hyperref/nameref.sty
(/usr/share/texmf-texlive/tex/latex/oberdiek/refcount.sty))
(/usr/share/texmf-texlive/tex/context/base/supp-pdf.mkii
[Loading MPS to PDF converter (version 2006.09.02).]
)
Preview: Fontsize 10.95pt
Preview: PDFoutput 1
(/usr/share/texmf-texlive/tex/latex/amsfonts/umsa.fd)
(/usr/share/texmf-texlive/tex/latex/amsfonts/umsb.fd) [1{/var/lib/texmf/fonts/m
ap/pdftex/updmap/pdftex.map}]
Overfull \hbox (6.79999pt too wide) in paragraph at lines 100--102
[][]

Underfull \hbox (badness 10000) in paragraph at lines 100--102

[2]pdfTeX warning (ext4): destination with the same identifier (name{page.1}) h
as been already used, duplicate ignored
<to be read again> 
                   \relax 
l.152 
       [1]pdfTeX warning (ext4): destination with the same identifier (name{pag
e.2}) has been already used, duplicate ignored
<to be read again> 
                   \relax 
l.154 \newpage
               [2] [3]pdfTeX warning (ext4): destination with the same identifi
er (name{equation.2.1}) has been already used, duplicate ignored
<to be read again> 
                   \relax 
l.216 \begin{eqnarray}
                       [4] [5] [6] [7] [8] [9]
Underfull \hbox (badness 10000) in paragraph at lines 416--418

[10] [11]
Underfull \vbox (badness 10000) has occurred while \output is active [12]
[13]

Package amsmath Warning: Foreign command \atop;
(amsmath)                \frac or \genfrac should be used instead
(amsmath)                 on input line 552.

[14] [15] [16] [17]
Underfull \vbox (badness 2351) has occurred while \output is active [18]
[19] (/usr/share/texmf-texlive/tex/latex/base/omscmr.fd)
Overfull \hbox (9.52335pt too wide) detected at line 741
\OML/cmm/m/it/10.95  [] \OT1/cmr/m/n/10.95 + (1 \OMS/cmsy/m/n/10.95 ^^@ \OML/c
mm/m/it/10.95 \OT1/cmr/m/n/10.95 ) [] = [] = [] = []
[20] [21] [22]
Underfull \vbox (badness 6348) has occurred while \output is active [23]
[24] [25] [26]
Underfull \hbox (badness 10000) in paragraph at lines 1042--1044

[27] <OptTheoUebung-pics.pdf, id=175, page=1, 285.52672pt x 143.26523pt>
<use OptTheoUebung-pics.pdf, page 1> [28 <./OptTheoUebung-pics.pdf>] [29]
[30]
Underfull \hbox (badness 10000) in paragraph at lines 1180--1182


Overfull \hbox (33.59325pt too wide) detected at line 1206
[]

Underfull \vbox (badness 2285) has occurred while \output is active [31]
Underfull \hbox (badness 10000) in paragraph at lines 1227--1228


Underfull \hbox (badness 10000) in paragraph at lines 1240--1241

[32]
Underfull \hbox (badness 10000) in paragraph at lines 1261--1262

[33] [34] [35] [36]
Underfull \hbox (badness 10000) in paragraph at lines 1407--1409

[37]
Underfull \hbox (badness 10000) in paragraph at lines 1426--1428


Underfull \vbox (badness 10000) has occurred while \output is active [38]
[39] [40] [41] [42] [43] [44] [45] [46] [47] [48] [49] (./OptTheoUebung.aux) )
(see the transcript file for additional information)</usr/share/texmf-texlive/f
onts/type1/public/amsfonts/cm/cmbx10.pfb></usr/share/texmf-texlive/fonts/type1/
public/amsfonts/cm/cmbx12.pfb></usr/share/texmf-texlive/fonts/type1/public/amsf
onts/cm/cmex10.pfb></usr/share/texmf-texlive/fonts/type1/public/amsfonts/cmextr
a/cmex8.pfb></usr/share/texmf-texlive/fonts/type1/public/amsfonts/cm/cmmi10.pfb
></usr/share/texmf-texlive/fonts/type1/public/amsfonts/cm/cmmi6.pfb></usr/share
/texmf-texlive/fonts/type1/public/amsfonts/cm/cmmi8.pfb></usr/share/texmf-texli
ve/fonts/type1/public/amsfonts/cm/cmr10.pfb></usr/share/texmf-texlive/fonts/typ
e1/public/amsfonts/cm/cmr12.pfb></usr/share/texmf-texlive/fonts/type1/public/am
sfonts/cm/cmr17.pfb></usr/share/texmf-texlive/fonts/type1/public/amsfonts/cm/cm
r6.pfb></usr/share/texmf-texlive/fonts/type1/public/amsfonts/cm/cmr8.pfb></usr/
share/texmf-texlive/fonts/type1/public/amsfonts/cm/cmsl10.pfb></usr/share/texmf
-texlive/fonts/type1/public/amsfonts/cm/cmsy10.pfb></usr/share/texmf-texlive/fo
nts/type1/public/amsfonts/cm/cmsy6.pfb></usr/share/texmf-texlive/fonts/type1/pu
blic/amsfonts/cm/cmsy8.pfb></usr/share/texmf-texlive/fonts/type1/public/amsfont
s/cm/cmti10.pfb></usr/share/texmf-texlive/fonts/type1/public/amsfonts/cm/cmtt10
.pfb></usr/share/texmf-texlive/fonts/type1/public/amsfonts/symbols/msbm10.pfb>
Output written on OptTheoUebung.pdf (51 pages, 400399 bytes).
Transcript written on OptTheoUebung.log.
Result: ExitSuccess

Running /usr/bin/pdflatex OptTheoUebung.tex in an env with 4 entries:
This is pdfTeX, Version 3.1415926-1.40.10 (TeX Live 2009/Debian)
entering extended mode
(data/OptTheoUebung.tex
LaTeX2e <2009/09/24>
Babel <v3.8l> and hyphenation patterns for english, usenglishmax, dumylang, noh
yphenation, farsi, arabic, croatian, bulgarian, ukrainian, russian, czech, slov
ak, danish, dutch, finnish, french, basque, ngerman, german, german-x-2009-06-1
9, ngerman-x-2009-06-19, ibycus, monogreek, greek, ancientgreek, hungarian, san
skrit, italian, latin, latvian, lithuanian, mongolian2a, mongolian, bokmal, nyn
orsk, romanian, irish, coptic, serbian, turkish, welsh, esperanto, uppersorbian
, estonian, indonesian, interlingua, icelandic, kurmanji, slovenian, polish, po
rtuguese, spanish, galician, catalan, swedish, ukenglish, loaded.
(/usr/share/texmf-texlive/tex/latex/base/article.cls
Document Class: article 2007/10/19 v1.4h Standard LaTeX document class
(/usr/share/texmf-texlive/tex/latex/base/size11.clo)) (data/latexki.sty)
(/usr/share/texmf-texlive/tex/latex/amsfonts/amssymb.sty
(/usr/share/texmf-texlive/tex/latex/amsfonts/amsfonts.sty))
(/usr/share/texmf-texlive/tex/latex/amsmath/amsmath.sty
For additional information on amsmath, use the `?' option.
(/usr/share/texmf-texlive/tex/latex/amsmath/amstext.sty
(/usr/share/texmf-texlive/tex/latex/amsmath/amsgen.sty))
(/usr/share/texmf-texlive/tex/latex/amsmath/amsbsy.sty)
(/usr/share/texmf-texlive/tex/latex/amsmath/amsopn.sty))
(/usr/share/texmf-texlive/tex/generic/german/ngerman.sty v2.5e 1998-07-08)
(/usr/share/texmf-texlive/tex/latex/fancyhdr/fancyhdr.sty)
(/usr/share/texmf-texlive/tex/latex/amsfonts/euscript.sty)
(/usr/share/texmf-texlive/tex/latex/base/makeidx.sty)
(/usr/share/texmf-texlive/tex/latex/hyperref/hyperref.sty
(/usr/share/texmf-texlive/tex/latex/graphics/keyval.sty)
(/usr/share/texmf-texlive/tex/generic/oberdiek/ifpdf.sty)
(/usr/share/texmf-texlive/tex/generic/oberdiek/ifvtex.sty)
(/usr/share/texmf-texlive/tex/generic/ifxetex/ifxetex.sty)
(/usr/share/texmf-texlive/tex/latex/oberdiek/hycolor.sty
(/usr/share/texmf-texlive/tex/latex/oberdiek/xcolor-patch.sty))
(/usr/share/texmf-texlive/tex/latex/hyperref/pd1enc.def)
(/usr/share/texmf-texlive/tex/generic/oberdiek/etexcmds.sty
(/usr/share/texmf-texlive/tex/generic/oberdiek/infwarerr.sty))
(/usr/share/texmf-texlive/tex/latex/latexconfig/hyperref.cfg)
(/usr/share/texmf-texlive/tex/latex/oberdiek/kvoptions.sty
(/usr/share/texmf-texlive/tex/generic/oberdiek/kvsetkeys.sty))
Implicit mode ON; LaTeX internals redefined
(/usr/share/texmf-texlive/tex/latex/ltxmisc/url.sty)
(/usr/share/texmf-texlive/tex/generic/oberdiek/bitset.sty
(/usr/share/texmf-texlive/tex/generic/oberdiek/intcalc.sty)
(/usr/share/texmf-texlive/tex/generic/oberdiek/bigintcalc.sty
(/usr/share/texmf-texlive/tex/generic/oberdiek/pdftexcmds.sty
(/usr/share/texmf-texlive/tex/generic/oberdiek/ifluatex.sty)
(/usr/share/texmf-texlive/tex/generic/oberdiek/ltxcmds.sty))))
(/usr/share/texmf-texlive/tex/generic/oberdiek/atbegshi.sty))
*hyperref using default driver hpdftex*
(/usr/share/texmf-texlive/tex/latex/hyperref/hpdftex.def)
(/usr/share/texmf-texlive/tex/latex/ntheorem/ntheorem.sty
Style `ntheorem', Version 1.25 <2005/07/07>
) (/usr/share/texmf-texlive/tex/latex/base/inputenc.sty
(/usr/share/texmf-texlive/tex/latex/base/utf8.def
(/usr/share/texmf-texlive/tex/latex/base/t1enc.dfu)
(/usr/share/texmf-texlive/tex/latex/base/ot1enc.dfu)
(/usr/share/texmf-texlive/tex/latex/base/omsenc.dfu)))
(/usr/share/texmf-texlive/tex/latex/pstricks/pst-plot.sty
(/usr/share/texmf-texlive/tex/latex/pstricks/pstricks.sty
(/usr/share/texmf-texlive/tex/generic/pstricks/pstricks.tex
`PSTricks' v1.29  <2009/05/19> (tvz)
(/usr/share/texmf-texlive/tex/generic/pstricks/pstricks.con))
(/usr/share/texmf/tex/latex/xcolor/xcolor.sty
(/etc/texmf/tex/latex/config/color.cfg)
(/usr/share/texmf-texlive/tex/latex/pdftex-def/pdftex.def)))
(/usr/share/texmf-texlive/tex/generic/pstricks/pst-plot.tex
(/usr/share/texmf-texlive/tex/generic/multido/multido.tex
 v1.41, 2004/05/18 <tvz>)  v1.04, 2009/06/08))
(/usr/share/texmf-texlive/tex/latex/pst-pdf/pst-pdf.sty
(/usr/share/texmf-texlive/tex/latex/graphics/graphicx.sty
(/usr/share/texmf-texlive/tex/latex/graphics/graphics.sty
(/usr/share/texmf-texlive/tex/latex/graphics/trig.sty)
(/etc/texmf/tex/latex/config/graphics.cfg)))
(/usr/share/texmf/tex/latex/preview/preview.sty)
(/usr/share/texmf-texlive/tex/latex/graphics/dvips.def)
(/usr/share/texmf-texlive/tex/latex/environ/environ.sty))
Writing index file OptTheoUebung.idx
(./OptTheoUebung.aux) (/usr/share/texmf-texlive/tex/latex/hyperref/nameref.sty
(/usr/share/texmf-texlive/tex/latex/oberdiek/refcount.sty))
(./OptTheoUebung.out) (./OptTheoUebung.out)
(/usr/share/texmf-texlive/tex/context/base/supp-pdf.mkii
[Loading MPS to PDF converter (version 2006.09.02).]
)
Preview: Fontsize 10.95pt
Preview: PDFoutput 1
(/usr/share/texmf-texlive/tex/latex/amsfonts/umsa.fd)
(/usr/share/texmf-texlive/tex/latex/amsfonts/umsb.fd) [1{/var/lib/texmf/fonts/m
ap/pdftex/updmap/pdftex.map}] (./OptTheoUebung.toc)
Overfull \hbox (6.79999pt too wide) in paragraph at lines 100--102
[][]

Underfull \hbox (badness 10000) in paragraph at lines 100--102

[2]pdfTeX warning (ext4): destination with the same identifier (name{page.1}) h
as been already used, duplicate ignored
<to be read again> 
                   \relax 
l.152 
       [1]pdfTeX warning (ext4): destination with the same identifier (name{pag
e.2}) has been already used, duplicate ignored
<to be read again> 
                   \relax 
l.154 \newpage
               [2] [3]pdfTeX warning (ext4): destination with the same identifi
er (name{equation.2.1}) has been already used, duplicate ignored
<to be read again> 
                   \relax 
l.216 \begin{eqnarray}
                       [4] [5] [6] [7] [8] [9]
Underfull \hbox (badness 10000) in paragraph at lines 416--418

[10] [11]
Underfull \vbox (badness 10000) has occurred while \output is active [12]
[13]

Package amsmath Warning: Foreign command \atop;
(amsmath)                \frac or \genfrac should be used instead
(amsmath)                 on input line 552.

[14] [15] [16] [17]
Underfull \vbox (badness 2351) has occurred while \output is active [18]
[19] (/usr/share/texmf-texlive/tex/latex/base/omscmr.fd)
Overfull \hbox (9.52335pt too wide) detected at line 741
\OML/cmm/m/it/10.95  [] \OT1/cmr/m/n/10.95 + (1 \OMS/cmsy/m/n/10.95 ^^@ \OML/c
mm/m/it/10.95 \OT1/cmr/m/n/10.95 ) [] = [] = [] = []
[20] [21] [22]
Underfull \vbox (badness 6348) has occurred while \output is active [23]
[24] [25] [26]
Underfull \hbox (badness 10000) in paragraph at lines 1042--1044

[27] <OptTheoUebung-pics.pdf, id=236, page=1, 285.52672pt x 143.26523pt>
<use OptTheoUebung-pics.pdf, page 1> [28 <./OptTheoUebung-pics.pdf>] [29]
[30]
Underfull \hbox (badness 10000) in paragraph at lines 1180--1182


Overfull \hbox (33.59325pt too wide) detected at line 1206
[]

Underfull \vbox (badness 2285) has occurred while \output is active [31]
Underfull \hbox (badness 10000) in paragraph at lines 1227--1228


Underfull \hbox (badness 10000) in paragraph at lines 1240--1241

[32]
Underfull \hbox (badness 10000) in paragraph at lines 1261--1262

[33] [34] [35] [36]
Underfull \hbox (badness 10000) in paragraph at lines 1407--1409

[37]
Underfull \hbox (badness 10000) in paragraph at lines 1426--1428


Underfull \vbox (badness 10000) has occurred while \output is active [38]
[39] [40] [41] [42] [43] [44] [45] [46] [47] [48] [49] (./OptTheoUebung.aux) )
(see the transcript file for additional information)</usr/share/texmf-texlive/f
onts/type1/public/amsfonts/cm/cmbx10.pfb></usr/share/texmf-texlive/fonts/type1/
public/amsfonts/cm/cmbx12.pfb></usr/share/texmf-texlive/fonts/type1/public/amsf
onts/cm/cmex10.pfb></usr/share/texmf-texlive/fonts/type1/public/amsfonts/cmextr
a/cmex8.pfb></usr/share/texmf-texlive/fonts/type1/public/amsfonts/cm/cmmi10.pfb
></usr/share/texmf-texlive/fonts/type1/public/amsfonts/cm/cmmi6.pfb></usr/share
/texmf-texlive/fonts/type1/public/amsfonts/cm/cmmi8.pfb></usr/share/texmf-texli
ve/fonts/type1/public/amsfonts/cm/cmr10.pfb></usr/share/texmf-texlive/fonts/typ
e1/public/amsfonts/cm/cmr12.pfb></usr/share/texmf-texlive/fonts/type1/public/am
sfonts/cm/cmr17.pfb></usr/share/texmf-texlive/fonts/type1/public/amsfonts/cm/cm
r6.pfb></usr/share/texmf-texlive/fonts/type1/public/amsfonts/cm/cmr8.pfb></usr/
share/texmf-texlive/fonts/type1/public/amsfonts/cm/cmsl10.pfb></usr/share/texmf
-texlive/fonts/type1/public/amsfonts/cm/cmsy10.pfb></usr/share/texmf-texlive/fo
nts/type1/public/amsfonts/cm/cmsy6.pfb></usr/share/texmf-texlive/fonts/type1/pu
blic/amsfonts/cm/cmsy8.pfb></usr/share/texmf-texlive/fonts/type1/public/amsfont
s/cm/cmti10.pfb></usr/share/texmf-texlive/fonts/type1/public/amsfonts/cm/cmtt10
.pfb></usr/share/texmf-texlive/fonts/type1/public/amsfonts/symbols/msbm10.pfb>
Output written on OptTheoUebung.pdf (51 pages, 407909 bytes).
Transcript written on OptTheoUebung.log.
Result: ExitSuccess

Running /usr/bin/pdflatex OptTheoUebung.tex in an env with 4 entries:
This is pdfTeX, Version 3.1415926-1.40.10 (TeX Live 2009/Debian)
entering extended mode
(data/OptTheoUebung.tex
LaTeX2e <2009/09/24>
Babel <v3.8l> and hyphenation patterns for english, usenglishmax, dumylang, noh
yphenation, farsi, arabic, croatian, bulgarian, ukrainian, russian, czech, slov
ak, danish, dutch, finnish, french, basque, ngerman, german, german-x-2009-06-1
9, ngerman-x-2009-06-19, ibycus, monogreek, greek, ancientgreek, hungarian, san
skrit, italian, latin, latvian, lithuanian, mongolian2a, mongolian, bokmal, nyn
orsk, romanian, irish, coptic, serbian, turkish, welsh, esperanto, uppersorbian
, estonian, indonesian, interlingua, icelandic, kurmanji, slovenian, polish, po
rtuguese, spanish, galician, catalan, swedish, ukenglish, loaded.
(/usr/share/texmf-texlive/tex/latex/base/article.cls
Document Class: article 2007/10/19 v1.4h Standard LaTeX document class
(/usr/share/texmf-texlive/tex/latex/base/size11.clo)) (data/latexki.sty)
(/usr/share/texmf-texlive/tex/latex/amsfonts/amssymb.sty
(/usr/share/texmf-texlive/tex/latex/amsfonts/amsfonts.sty))
(/usr/share/texmf-texlive/tex/latex/amsmath/amsmath.sty
For additional information on amsmath, use the `?' option.
(/usr/share/texmf-texlive/tex/latex/amsmath/amstext.sty
(/usr/share/texmf-texlive/tex/latex/amsmath/amsgen.sty))
(/usr/share/texmf-texlive/tex/latex/amsmath/amsbsy.sty)
(/usr/share/texmf-texlive/tex/latex/amsmath/amsopn.sty))
(/usr/share/texmf-texlive/tex/generic/german/ngerman.sty v2.5e 1998-07-08)
(/usr/share/texmf-texlive/tex/latex/fancyhdr/fancyhdr.sty)
(/usr/share/texmf-texlive/tex/latex/amsfonts/euscript.sty)
(/usr/share/texmf-texlive/tex/latex/base/makeidx.sty)
(/usr/share/texmf-texlive/tex/latex/hyperref/hyperref.sty
(/usr/share/texmf-texlive/tex/latex/graphics/keyval.sty)
(/usr/share/texmf-texlive/tex/generic/oberdiek/ifpdf.sty)
(/usr/share/texmf-texlive/tex/generic/oberdiek/ifvtex.sty)
(/usr/share/texmf-texlive/tex/generic/ifxetex/ifxetex.sty)
(/usr/share/texmf-texlive/tex/latex/oberdiek/hycolor.sty
(/usr/share/texmf-texlive/tex/latex/oberdiek/xcolor-patch.sty))
(/usr/share/texmf-texlive/tex/latex/hyperref/pd1enc.def)
(/usr/share/texmf-texlive/tex/generic/oberdiek/etexcmds.sty
(/usr/share/texmf-texlive/tex/generic/oberdiek/infwarerr.sty))
(/usr/share/texmf-texlive/tex/latex/latexconfig/hyperref.cfg)
(/usr/share/texmf-texlive/tex/latex/oberdiek/kvoptions.sty
(/usr/share/texmf-texlive/tex/generic/oberdiek/kvsetkeys.sty))
Implicit mode ON; LaTeX internals redefined
(/usr/share/texmf-texlive/tex/latex/ltxmisc/url.sty)
(/usr/share/texmf-texlive/tex/generic/oberdiek/bitset.sty
(/usr/share/texmf-texlive/tex/generic/oberdiek/intcalc.sty)
(/usr/share/texmf-texlive/tex/generic/oberdiek/bigintcalc.sty
(/usr/share/texmf-texlive/tex/generic/oberdiek/pdftexcmds.sty
(/usr/share/texmf-texlive/tex/generic/oberdiek/ifluatex.sty)
(/usr/share/texmf-texlive/tex/generic/oberdiek/ltxcmds.sty))))
(/usr/share/texmf-texlive/tex/generic/oberdiek/atbegshi.sty))
*hyperref using default driver hpdftex*
(/usr/share/texmf-texlive/tex/latex/hyperref/hpdftex.def)
(/usr/share/texmf-texlive/tex/latex/ntheorem/ntheorem.sty
Style `ntheorem', Version 1.25 <2005/07/07>
) (/usr/share/texmf-texlive/tex/latex/base/inputenc.sty
(/usr/share/texmf-texlive/tex/latex/base/utf8.def
(/usr/share/texmf-texlive/tex/latex/base/t1enc.dfu)
(/usr/share/texmf-texlive/tex/latex/base/ot1enc.dfu)
(/usr/share/texmf-texlive/tex/latex/base/omsenc.dfu)))
(/usr/share/texmf-texlive/tex/latex/pstricks/pst-plot.sty
(/usr/share/texmf-texlive/tex/latex/pstricks/pstricks.sty
(/usr/share/texmf-texlive/tex/generic/pstricks/pstricks.tex
`PSTricks' v1.29  <2009/05/19> (tvz)
(/usr/share/texmf-texlive/tex/generic/pstricks/pstricks.con))
(/usr/share/texmf/tex/latex/xcolor/xcolor.sty
(/etc/texmf/tex/latex/config/color.cfg)
(/usr/share/texmf-texlive/tex/latex/pdftex-def/pdftex.def)))
(/usr/share/texmf-texlive/tex/generic/pstricks/pst-plot.tex
(/usr/share/texmf-texlive/tex/generic/multido/multido.tex
 v1.41, 2004/05/18 <tvz>)  v1.04, 2009/06/08))
(/usr/share/texmf-texlive/tex/latex/pst-pdf/pst-pdf.sty
(/usr/share/texmf-texlive/tex/latex/graphics/graphicx.sty
(/usr/share/texmf-texlive/tex/latex/graphics/graphics.sty
(/usr/share/texmf-texlive/tex/latex/graphics/trig.sty)
(/etc/texmf/tex/latex/config/graphics.cfg)))
(/usr/share/texmf/tex/latex/preview/preview.sty)
(/usr/share/texmf-texlive/tex/latex/graphics/dvips.def)
(/usr/share/texmf-texlive/tex/latex/environ/environ.sty))
Writing index file OptTheoUebung.idx
(./OptTheoUebung.aux) (/usr/share/texmf-texlive/tex/latex/hyperref/nameref.sty
(/usr/share/texmf-texlive/tex/latex/oberdiek/refcount.sty))
(./OptTheoUebung.out) (./OptTheoUebung.out)
(/usr/share/texmf-texlive/tex/context/base/supp-pdf.mkii
[Loading MPS to PDF converter (version 2006.09.02).]
)
Preview: Fontsize 10.95pt
Preview: PDFoutput 1
(/usr/share/texmf-texlive/tex/latex/amsfonts/umsa.fd)
(/usr/share/texmf-texlive/tex/latex/amsfonts/umsb.fd) [1{/var/lib/texmf/fonts/m
ap/pdftex/updmap/pdftex.map}] (./OptTheoUebung.toc)
Overfull \hbox (6.79999pt too wide) in paragraph at lines 100--102
[][]

Underfull \hbox (badness 10000) in paragraph at lines 100--102

[2]pdfTeX warning (ext4): destination with the same identifier (name{page.1}) h
as been already used, duplicate ignored
<to be read again> 
                   \relax 
l.152 
       [1]pdfTeX warning (ext4): destination with the same identifier (name{pag
e.2}) has been already used, duplicate ignored
<to be read again> 
                   \relax 
l.154 \newpage
               [2] [3]pdfTeX warning (ext4): destination with the same identifi
er (name{equation.2.1}) has been already used, duplicate ignored
<to be read again> 
                   \relax 
l.216 \begin{eqnarray}
                       [4] [5] [6] [7] [8] [9]
Underfull \hbox (badness 10000) in paragraph at lines 416--418

[10] [11]
Underfull \vbox (badness 10000) has occurred while \output is active [12]
[13]

Package amsmath Warning: Foreign command \atop;
(amsmath)                \frac or \genfrac should be used instead
(amsmath)                 on input line 552.

[14] [15] [16] [17]
Underfull \vbox (badness 2351) has occurred while \output is active [18]
[19] (/usr/share/texmf-texlive/tex/latex/base/omscmr.fd)
Overfull \hbox (9.52335pt too wide) detected at line 741
\OML/cmm/m/it/10.95  [] \OT1/cmr/m/n/10.95 + (1 \OMS/cmsy/m/n/10.95 ^^@ \OML/c
mm/m/it/10.95 \OT1/cmr/m/n/10.95 ) [] = [] = [] = []
[20] [21] [22]
Underfull \vbox (badness 6348) has occurred while \output is active [23]
[24] [25] [26]
Underfull \hbox (badness 10000) in paragraph at lines 1042--1044

[27] <OptTheoUebung-pics.pdf, id=236, page=1, 285.52672pt x 143.26523pt>
<use OptTheoUebung-pics.pdf, page 1> [28 <./OptTheoUebung-pics.pdf>] [29]
[30]
Underfull \hbox (badness 10000) in paragraph at lines 1180--1182


Overfull \hbox (33.59325pt too wide) detected at line 1206
[]

Underfull \vbox (badness 2285) has occurred while \output is active [31]
Underfull \hbox (badness 10000) in paragraph at lines 1227--1228


Underfull \hbox (badness 10000) in paragraph at lines 1240--1241

[32]
Underfull \hbox (badness 10000) in paragraph at lines 1261--1262

[33] [34] [35] [36]
Underfull \hbox (badness 10000) in paragraph at lines 1407--1409

[37]
Underfull \hbox (badness 10000) in paragraph at lines 1426--1428


Underfull \vbox (badness 10000) has occurred while \output is active [38]
[39] [40] [41] [42] [43] [44] [45] [46] [47] [48] [49] (./OptTheoUebung.aux) )
(see the transcript file for additional information)</usr/share/texmf-texlive/f
onts/type1/public/amsfonts/cm/cmbx10.pfb></usr/share/texmf-texlive/fonts/type1/
public/amsfonts/cm/cmbx12.pfb></usr/share/texmf-texlive/fonts/type1/public/amsf
onts/cm/cmex10.pfb></usr/share/texmf-texlive/fonts/type1/public/amsfonts/cmextr
a/cmex8.pfb></usr/share/texmf-texlive/fonts/type1/public/amsfonts/cm/cmmi10.pfb
></usr/share/texmf-texlive/fonts/type1/public/amsfonts/cm/cmmi6.pfb></usr/share
/texmf-texlive/fonts/type1/public/amsfonts/cm/cmmi8.pfb></usr/share/texmf-texli
ve/fonts/type1/public/amsfonts/cm/cmr10.pfb></usr/share/texmf-texlive/fonts/typ
e1/public/amsfonts/cm/cmr12.pfb></usr/share/texmf-texlive/fonts/type1/public/am
sfonts/cm/cmr17.pfb></usr/share/texmf-texlive/fonts/type1/public/amsfonts/cm/cm
r6.pfb></usr/share/texmf-texlive/fonts/type1/public/amsfonts/cm/cmr8.pfb></usr/
share/texmf-texlive/fonts/type1/public/amsfonts/cm/cmsl10.pfb></usr/share/texmf
-texlive/fonts/type1/public/amsfonts/cm/cmsy10.pfb></usr/share/texmf-texlive/fo
nts/type1/public/amsfonts/cm/cmsy6.pfb></usr/share/texmf-texlive/fonts/type1/pu
blic/amsfonts/cm/cmsy8.pfb></usr/share/texmf-texlive/fonts/type1/public/amsfont
s/cm/cmti10.pfb></usr/share/texmf-texlive/fonts/type1/public/amsfonts/cm/cmtt10
.pfb></usr/share/texmf-texlive/fonts/type1/public/amsfonts/symbols/msbm10.pfb>
Output written on OptTheoUebung.pdf (51 pages, 407909 bytes).
Transcript written on OptTheoUebung.log.
Result: ExitSuccess

Running /usr/bin/convert -verbose OptTheoUebung.pdf[0] -resize 70x OptTheoUebung.png in an env with 4 entries:
"gs" -q -dQUIET -dSAFER -dBATCH -dNOPAUSE -dNOPROMPT -dMaxBitmap=500000000 -dAlignToPixels=0 -dGridFitTT=2 "-sDEVICE=pngalpha" -dTextAlphaBits=4 -dGraphicsAlphaBits=4 "-r72x72" -dFirstPage=1 -dLastPage=1 "-sOutputFile=/tmp/magick-Pljv5C6h-%08d" "-f/tmp/magick-Xw3vtl7Z" "-f/tmp/magick-Gd69n87H"
/tmp/magick-Pljv5C6h-00000001 PNG 595x842 595x842+0+0 8-bit DirectClass 10.4KB 0.010u 0:00.009
OptTheoUebung.pdf[0]=>OptTheoUebung.pdf PDF 595x842 595x842+0+0 16-bit DirectClass 10.4KB 0.000u 0:00.000
OptTheoUebung.pdf[0]=>OptTheoUebung.png PDF 595x842=>70x99 70x99+0+0 16-bit DirectClass 0.310u 0:00.089
Result: ExitSuccess

Running /usr/bin/optipng -verbose OptTheoUebung.png in an env with 4 entries:
OptiPNG 0.6.4: Advanced PNG optimizer.
Copyright (C) 2001-2010 Cosmin Truta.

** Processing: OptTheoUebung.png
70x99 pixels, 2x8 bits/pixel, grayscale+alpha
Reducing image to 8 bits/pixel, 49 colors (48 transparent) in palette
Input IDAT size = 309 bytes
Input file size = 2939 bytes

Trying:
  zc = 9  zm = 8  zs = 0  f = 0		IDAT size = 227
  zc = 9  zm = 8  zs = 1  f = 0		IDAT too big
  zc = 1  zm = 8  zs = 2  f = 0		IDAT too big
  zc = 9  zm = 8  zs = 3  f = 0		IDAT size = 220
  zc = 9  zm = 8  zs = 0  f = 5		IDAT too big
  zc = 9  zm = 8  zs = 1  f = 5		IDAT too big
  zc = 1  zm = 8  zs = 2  f = 5		IDAT too big
  zc = 9  zm = 8  zs = 3  f = 5		IDAT too big

OptTheoUebung.png is already optimized.

** Status report
1 file(s) have been processed.
Result: ExitSuccess
