
Running /usr/bin/latex OptTheo.tex in an env with 4 entries:
This is pdfTeX, Version 3.1415926-1.40.10 (TeX Live 2009/Debian)
entering extended mode
(data/OptTheo.tex
LaTeX2e <2009/09/24>
Babel <v3.8l> and hyphenation patterns for english, usenglishmax, dumylang, noh
yphenation, farsi, arabic, croatian, bulgarian, ukrainian, russian, czech, slov
ak, danish, dutch, finnish, french, basque, ngerman, german, german-x-2009-06-1
9, ngerman-x-2009-06-19, ibycus, monogreek, greek, ancientgreek, hungarian, san
skrit, italian, latin, latvian, lithuanian, mongolian2a, mongolian, bokmal, nyn
orsk, romanian, irish, coptic, serbian, turkish, welsh, esperanto, uppersorbian
, estonian, indonesian, interlingua, icelandic, kurmanji, slovenian, polish, po
rtuguese, spanish, galician, catalan, swedish, ukenglish, loaded.
(/usr/share/texmf-texlive/tex/latex/koma-script/scrbook.cls
Document Class: scrbook 2009/07/24 v3.04a KOMA-Script document class (book)
(/usr/share/texmf-texlive/tex/latex/koma-script/scrkbase.sty
(/usr/share/texmf-texlive/tex/latex/koma-script/scrbase.sty
(/usr/share/texmf-texlive/tex/latex/graphics/keyval.sty)
(/usr/share/texmf-texlive/tex/latex/koma-script/scrlfile.sty
Package scrlfile, 2009/03/25 v3.03 KOMA-Script package (loading files)
                  Copyright (C) Markus Kohm

))) (/usr/share/texmf-texlive/tex/latex/koma-script/tocbasic.sty)
(/usr/share/texmf-texlive/tex/latex/koma-script/scrsize11pt.clo)
(/usr/share/texmf-texlive/tex/latex/koma-script/typearea.sty
Package typearea, 2009/07/24 v3.04a KOMA-Script package (type area)
                  Copyright (C) Frank Neukam, 1992-1994
                  Copyright (C) Markus Kohm, 1994-

)) (data/latexki.sty) (/usr/share/texmf-texlive/tex/latex/amsfonts/amssymb.sty
(/usr/share/texmf-texlive/tex/latex/amsfonts/amsfonts.sty))
(/usr/share/texmf-texlive/tex/latex/amsmath/amsmath.sty
For additional information on amsmath, use the `?' option.
(/usr/share/texmf-texlive/tex/latex/amsmath/amstext.sty
(/usr/share/texmf-texlive/tex/latex/amsmath/amsgen.sty))
(/usr/share/texmf-texlive/tex/latex/amsmath/amsbsy.sty)
(/usr/share/texmf-texlive/tex/latex/amsmath/amsopn.sty))
(/usr/share/texmf-texlive/tex/generic/german/ngerman.sty v2.5e 1998-07-08)
(/usr/share/texmf-texlive/tex/latex/fancyhdr/fancyhdr.sty)
(/usr/share/texmf-texlive/tex/latex/amsfonts/euscript.sty)
(/usr/share/texmf-texlive/tex/latex/base/makeidx.sty)
(/usr/share/texmf-texlive/tex/latex/hyperref/hyperref.sty
(/usr/share/texmf-texlive/tex/generic/oberdiek/ifpdf.sty)
(/usr/share/texmf-texlive/tex/generic/oberdiek/ifvtex.sty)
(/usr/share/texmf-texlive/tex/generic/ifxetex/ifxetex.sty)
(/usr/share/texmf-texlive/tex/latex/oberdiek/hycolor.sty
(/usr/share/texmf-texlive/tex/latex/oberdiek/xcolor-patch.sty))
(/usr/share/texmf-texlive/tex/latex/hyperref/pd1enc.def)
(/usr/share/texmf-texlive/tex/generic/oberdiek/etexcmds.sty
(/usr/share/texmf-texlive/tex/generic/oberdiek/infwarerr.sty))
(/usr/share/texmf-texlive/tex/latex/latexconfig/hyperref.cfg)
(/usr/share/texmf-texlive/tex/latex/oberdiek/kvoptions.sty
(/usr/share/texmf-texlive/tex/generic/oberdiek/kvsetkeys.sty))
Implicit mode ON; LaTeX internals redefined
(/usr/share/texmf-texlive/tex/latex/ltxmisc/url.sty)
(/usr/share/texmf-texlive/tex/generic/oberdiek/bitset.sty
(/usr/share/texmf-texlive/tex/generic/oberdiek/intcalc.sty)
(/usr/share/texmf-texlive/tex/generic/oberdiek/bigintcalc.sty
(/usr/share/texmf-texlive/tex/generic/oberdiek/pdftexcmds.sty
(/usr/share/texmf-texlive/tex/generic/oberdiek/ifluatex.sty)
(/usr/share/texmf-texlive/tex/generic/oberdiek/ltxcmds.sty))))
(/usr/share/texmf-texlive/tex/generic/oberdiek/atbegshi.sty))
*hyperref using default driver hdvips*
(/usr/share/texmf-texlive/tex/latex/hyperref/hdvips.def
(/usr/share/texmf-texlive/tex/latex/hyperref/pdfmark.def))
(/usr/share/texmf-texlive/tex/latex/ntheorem/ntheorem.sty
Style `ntheorem', Version 1.25 <2005/07/07>
) (/usr/share/texmf-texlive/tex/latex/base/inputenc.sty
(/usr/share/texmf-texlive/tex/latex/base/latin1.def))
(/usr/share/texmf-texlive/tex/latex/graphics/graphicx.sty
(/usr/share/texmf-texlive/tex/latex/graphics/graphics.sty
(/usr/share/texmf-texlive/tex/latex/graphics/trig.sty)
(/etc/texmf/tex/latex/config/graphics.cfg)
(/usr/share/texmf-texlive/tex/latex/graphics/dvips.def)))
(/usr/share/texmf-texlive/tex/latex/pst-pdf/pst-pdf.sty
No auxiliary output files.

(/usr/share/texmf-texlive/tex/latex/pstricks/pstricks.sty
(/usr/share/texmf-texlive/tex/generic/pstricks/pstricks.tex
`PSTricks' v1.29  <2009/05/19> (tvz)
(/usr/share/texmf-texlive/tex/generic/pstricks/pstricks.con))
(/usr/share/texmf/tex/latex/xcolor/xcolor.sty
(/etc/texmf/tex/latex/config/color.cfg)))
(/usr/share/texmf/tex/latex/preview/preview.sty
(/usr/share/texmf/tex/latex/preview/prtightpage.def))
(/usr/share/texmf-texlive/tex/latex/pdftex-def/pdftex.def))
(/usr/share/texmf-texlive/tex/latex/pstricks/pst-plot.sty
(/usr/share/texmf-texlive/tex/generic/pstricks/pst-plot.tex
(/usr/share/texmf-texlive/tex/generic/multido/multido.tex
 v1.41, 2004/05/18 <tvz>)  v1.04, 2009/06/08))
No file OptTheo.aux.
(/usr/share/texmf-texlive/tex/latex/hyperref/nameref.sty
(/usr/share/texmf-texlive/tex/latex/oberdiek/refcount.sty))

Package hyperref Warning: Rerun to get /PageLabels entry.

Preview: Fontsize 10.95pt
(/usr/share/texmf-texlive/tex/latex/amsfonts/umsa.fd)
(/usr/share/texmf-texlive/tex/latex/amsfonts/umsb.fd)
Overfull \hbox (6.79999pt too wide) in paragraph at lines 118--120
[][]

Underfull \hbox (badness 10000) in paragraph at lines 118--120

Kapitel I.
Kapitel II.

Underfull \hbox (badness 10000) in paragraph at lines 203--204


Underfull \vbox (badness 10000) has occurred while \output is active
Kapitel 1.

LaTeX Font Warning: Font shape `OMS/cmss/bx/n' undefined
(Font)              using `OMS/cmsy/m/n' instead
(Font)              for symbol `textsection' on input line 239.


Underfull \hbox (badness 10000) in paragraph at lines 284--286


Underfull \hbox (badness 10000) in paragraph at lines 329--331

(/usr/share/texmf-texlive/tex/latex/base/omscmr.fd)
Underfull \hbox (badness 10000) in paragraph at lines 374--376


Underfull \hbox (badness 10000) in paragraph at lines 385--386


Underfull \hbox (badness 10000) in paragraph at lines 385--386


Underfull \hbox (badness 10000) in paragraph at lines 385--386


Underfull \hbox (badness 10000) in paragraph at lines 387--388


Package amsmath Warning: Foreign command \atop;
(amsmath)                \frac or \genfrac should be used instead
(amsmath)                 on input line 388.


Underfull \hbox (badness 10000) in paragraph at lines 388--391


Underfull \hbox (badness 10000) in paragraph at lines 415--416


Underfull \hbox (badness 10000) in paragraph at lines 424--428


Underfull \hbox (badness 10000) in paragraph at lines 440--441


Underfull \hbox (badness 10000) in paragraph at lines 442--443


Overfull \hbox (5.1584pt too wide) in paragraph at lines 444--445
[]\OT1/cmr/bx/n/10.95 Dazu: $\OML/cmm/m/it/10.95 x[] \OMS/cmsy/m/n/10.95 ^^@ \O
ML/cmm/m/it/10.95 x[]; [] ; x[] \OMS/cmsy/m/n/10.95 ^^@ \OML/cmm/m/it/10.95 x[]
$ \OT1/cmr/m/n/10.95 ist Ba-sis von $\U/msb/m/n/10.95 R[] \OMS/cmsy/m/n/10.95 )
$ \OT1/cmr/m/n/10.95 Je-des $\OML/cmm/m/it/10.95 x \OMS/cmsy/m/n/10.95 2 \U/msb
/m/n/10.95 R[]$ \OT1/cmr/m/n/10.95 hat []Ko-or-di-an-ten\$(\OML/cmm/m/it/10.95 
[]; [] ; []\OT1/cmr/m/n/10.95 )$

Underfull \hbox (badness 10000) in paragraph at lines 444--445


Underfull \hbox (badness 10000) in paragraph at lines 445--446


Underfull \hbox (badness 10000) in paragraph at lines 452--454

Preview: Tightpage -32891 -32891 32891 32891
[1]
Underfull \hbox (badness 10000) in paragraph at lines 456--478


Underfull \hbox (badness 10000) in paragraph at lines 479--480

[2]
Underfull \hbox (badness 10000) in paragraph at lines 497--510

[3]
Underfull \hbox (badness 10000) in paragraph at lines 522--540

[4] [5]
Underfull \hbox (badness 10000) in paragraph at lines 552--582


Underfull \hbox (badness 10000) in paragraph at lines 552--582

[6]
Underfull \hbox (badness 10000) in paragraph at lines 587--610


Underfull \hbox (badness 10000) in paragraph at lines 587--610

[7]
Underfull \hbox (badness 10000) in paragraph at lines 617--634


Underfull \hbox (badness 10000) in paragraph at lines 645--647


Underfull \hbox (badness 10000) in paragraph at lines 656--658


Underfull \hbox (badness 10000) in paragraph at lines 700--702


Underfull \hbox (badness 10000) in paragraph at lines 705--706


Underfull \hbox (badness 10000) in paragraph at lines 709--710


Underfull \hbox (badness 10000) in paragraph at lines 723--734


Underfull \hbox (badness 10000) in paragraph at lines 752--756


Overfull \hbox (10.07237pt too wide) in paragraph at lines 864--865
[]\OT1/cmr/m/it/10.95 Sei A ei-ne (m,n)-Matrix. Dann exis-tie-ren $\OML/cmm/m/i
t/10.95 x \OMS/cmsy/m/n/10.95 2 \U/msb/m/n/10.95 R[]\OML/cmm/m/it/10.95 ; u \OM
S/cmsy/m/n/10.95 2 \U/msb/m/n/10.95 R[]$ \OT1/cmr/m/it/10.95 mit $\OML/cmm/m/it
/10.95 Ax \OT1/cmr/m/n/10.95 =  []0\OML/cmm/m/it/10.95 ;  x \OMS/cmsy/m/n/10.95
 ^^U

Underfull \vbox (badness 1946) has occurred while \output is active
Underfull \hbox (badness 10000) in paragraph at lines 874--879


Underfull \hbox (badness 10000) in paragraph at lines 888--893


Underfull \hbox (badness 10000) in paragraph at lines 920--925


Underfull \vbox (badness 10000) has occurred while \output is active
Underfull \hbox (badness 10000) in paragraph at lines 1011--1016


Underfull \hbox (badness 10000) in paragraph at lines 1057--1062


Underfull \hbox (badness 10000) in paragraph at lines 1122--1123


Underfull \vbox (badness 4660) has occurred while \output is active
Underfull \vbox (badness 1881) has occurred while \output is active
Underfull \hbox (badness 10000) in paragraph at lines 1314--1315


Underfull \vbox (badness 1112) has occurred while \output is active
Underfull \vbox (badness 10000) has occurred while \output is active
Underfull \hbox (badness 10000) in paragraph at lines 1508--1511


Underfull \vbox (badness 10000) has occurred while \output is active
Underfull \hbox (badness 10000) in paragraph at lines 1613--1615


Underfull \hbox (badness 10000) in paragraph at lines 1624--1626


Underfull \hbox (badness 10000) in paragraph at lines 1637--1639


Underfull \hbox (badness 10000) in paragraph at lines 1650--1652


Underfull \vbox (badness 10000) has occurred while \output is active
Underfull \hbox (badness 10000) in paragraph at lines 1664--1666


Underfull \hbox (badness 10000) in paragraph at lines 1667--1673

<OptTheoGrafik12.eps> [8] <OptTheoGrafik22.eps> [9]
Overfull \hbox (2.65219pt too wide) in paragraph at lines 1691--1694
\OT1/cmr/m/n/10.95 2-Personen-Nullsummenspiel ist ge-ge-ben durch Ma-trix $\OML
/cmm/m/it/10.95 A \OT1/cmr/m/n/10.95 = ((\OML/cmm/m/it/10.95 a[]\OT1/cmr/m/n/10
.95 ))$ (m,n)-Matrix (Matrix-

Underfull \hbox (badness 10000) in paragraph at lines 1695--1702


Underfull \hbox (badness 10000) in paragraph at lines 1703--1711


Underfull \hbox (badness 10000) in paragraph at lines 1739--1740


Underfull \hbox (badness 10000) in paragraph at lines 1741--1747


Underfull \hbox (badness 10000) in paragraph at lines 1768--1769


Overfull \hbox (1.61613pt too wide) in paragraph at lines 1826--1828
\OT1/cmr/m/it/10.95 Je-des 2-Personen-Nullsummenspiel be-sitzt einen Gleich-ge-
wichts-punkt in ge-misch-ten Stra-

Underfull \hbox (badness 10000) in paragraph at lines 1855--1862


Underfull \hbox (badness 10000) in paragraph at lines 1893--1894

Kapitel 2.
[10]
Underfull \hbox (badness 10000) in paragraph at lines 1923--1934


Underfull \hbox (badness 10000) in paragraph at lines 1923--1934


Underfull \hbox (badness 10000) in paragraph at lines 1940--1951


Underfull \hbox (badness 10000) in paragraph at lines 2014--2015


Underfull \hbox (badness 10000) in paragraph at lines 2067--2068


Underfull \hbox (badness 10000) in paragraph at lines 2078--2084


Underfull \hbox (badness 10000) in paragraph at lines 2130--2133


Underfull \hbox (badness 10000) in paragraph at lines 2202--2204


Underfull \hbox (badness 10000) in paragraph at lines 2257--2258


Underfull \hbox (badness 10000) in paragraph at lines 2306--2308


Underfull \hbox (badness 10000) in paragraph at lines 2312--2314


Underfull \hbox (badness 10000) in paragraph at lines 2329--2331


Underfull \hbox (badness 10000) in paragraph at lines 2346--2348


Underfull \hbox (badness 10000) in paragraph at lines 2358--2359


Underfull \hbox (badness 10000) in paragraph at lines 2372--2374


Underfull \hbox (badness 10000) in paragraph at lines 2383--2384


Underfull \hbox (badness 10000) in paragraph at lines 2414--2416


Overfull \hbox (24.0164pt too wide) in paragraph at lines 2465--2466
[]\OT1/cmr/m/it/10.95 Gegeben sei (KP), die Slater-Bedingung

Underfull \hbox (badness 10000) in paragraph at lines 2507--2509


Underfull \hbox (badness 10000) in paragraph at lines 2539--2541


Underfull \hbox (badness 10000) in paragraph at lines 2544--2546


Underfull \hbox (badness 10000) in paragraph at lines 2579--2582


Underfull \hbox (badness 10000) in paragraph at lines 2629--2631


Underfull \hbox (badness 10000) in paragraph at lines 2646--2647


Underfull \hbox (badness 10000) in paragraph at lines 2657--2658


Overfull \hbox (1.947pt too wide) in paragraph at lines 2661--2662
[]\OT1/cmr/m/it/10.95 F[]ur $\OML/cmm/m/it/10.95 x[] \OMS/cmsy/m/n/10.95 ^^U

Underfull \hbox (badness 10000) in paragraph at lines 2705--2707


Underfull \hbox (badness 10000) in paragraph at lines 2734--2735


Underfull \hbox (badness 10000) in paragraph at lines 2758--2761


Underfull \hbox (badness 10000) in paragraph at lines 2771--2774


Underfull \hbox (badness 10000) in paragraph at lines 2796--2798


Underfull \hbox (badness 10000) in paragraph at lines 2807--2808


Underfull \hbox (badness 10000) in paragraph at lines 2808--2811


LaTeX Font Warning: Some font shapes were not available, defaults substituted.

 )
(see the transcript file for additional information)
Output written on OptTheo.dvi (10 pages, 12368 bytes).
Transcript written on OptTheo.log.
Result: ExitSuccess

Running /usr/bin/dvips OptTheo.dvi -o OptTheo-pics.ps in an env with 4 entries:
This is dvips(k) 5.98 Copyright 2009 Radical Eye Software (www.radicaleye.com)
' TeX output 2016.12.27:0847' -> OptTheo-pics.ps
</usr/share/texmf-texlive/dvips/base/tex.pro>
</usr/share/texmf-texlive/dvips/pstricks/pstricks.pro>
</usr/share/texmf-texlive/dvips/pstricks/pst-algparser.pro>
</usr/share/texmf-texlive/dvips/pstricks/pst-dots.pro>
</usr/share/texmf-texlive/dvips/base/texps.pro>
</usr/share/texmf-texlive/dvips/base/special.pro>. 
</usr/share/texmf-texlive/fonts/type1/public/amsfonts/cm/cmr6.pfb>
</usr/share/texmf-texlive/fonts/type1/public/amsfonts/cm/cmmi8.pfb>
</usr/share/texmf-texlive/fonts/type1/public/amsfonts/cm/cmr10.pfb>
</usr/share/texmf-texlive/fonts/type1/public/amsfonts/cm/cmsy10.pfb>
</usr/share/texmf-texlive/fonts/type1/public/amsfonts/cm/cmr8.pfb>
</usr/share/texmf-texlive/fonts/type1/public/amsfonts/cm/cmmi10.pfb>[1] [2] 
[3] [4] [5] [6] [7] [8<data/OptTheoGrafik12.eps>] [9
<data/OptTheoGrafik22.eps>] [10] 
Result: ExitSuccess

Running /usr/bin/ps2pdf OptTheo-pics.ps in an env with 4 entries:
Result: ExitSuccess

Running /usr/bin/pdflatex OptTheo.tex in an env with 4 entries:
This is pdfTeX, Version 3.1415926-1.40.10 (TeX Live 2009/Debian)
entering extended mode
(data/OptTheo.tex
LaTeX2e <2009/09/24>
Babel <v3.8l> and hyphenation patterns for english, usenglishmax, dumylang, noh
yphenation, farsi, arabic, croatian, bulgarian, ukrainian, russian, czech, slov
ak, danish, dutch, finnish, french, basque, ngerman, german, german-x-2009-06-1
9, ngerman-x-2009-06-19, ibycus, monogreek, greek, ancientgreek, hungarian, san
skrit, italian, latin, latvian, lithuanian, mongolian2a, mongolian, bokmal, nyn
orsk, romanian, irish, coptic, serbian, turkish, welsh, esperanto, uppersorbian
, estonian, indonesian, interlingua, icelandic, kurmanji, slovenian, polish, po
rtuguese, spanish, galician, catalan, swedish, ukenglish, loaded.
(/usr/share/texmf-texlive/tex/latex/koma-script/scrbook.cls
Document Class: scrbook 2009/07/24 v3.04a KOMA-Script document class (book)
(/usr/share/texmf-texlive/tex/latex/koma-script/scrkbase.sty
(/usr/share/texmf-texlive/tex/latex/koma-script/scrbase.sty
(/usr/share/texmf-texlive/tex/latex/graphics/keyval.sty)
(/usr/share/texmf-texlive/tex/latex/koma-script/scrlfile.sty
Package scrlfile, 2009/03/25 v3.03 KOMA-Script package (loading files)
                  Copyright (C) Markus Kohm

))) (/usr/share/texmf-texlive/tex/latex/koma-script/tocbasic.sty)
(/usr/share/texmf-texlive/tex/latex/koma-script/scrsize11pt.clo)
(/usr/share/texmf-texlive/tex/latex/koma-script/typearea.sty
Package typearea, 2009/07/24 v3.04a KOMA-Script package (type area)
                  Copyright (C) Frank Neukam, 1992-1994
                  Copyright (C) Markus Kohm, 1994-

)) (data/latexki.sty) (/usr/share/texmf-texlive/tex/latex/amsfonts/amssymb.sty
(/usr/share/texmf-texlive/tex/latex/amsfonts/amsfonts.sty))
(/usr/share/texmf-texlive/tex/latex/amsmath/amsmath.sty
For additional information on amsmath, use the `?' option.
(/usr/share/texmf-texlive/tex/latex/amsmath/amstext.sty
(/usr/share/texmf-texlive/tex/latex/amsmath/amsgen.sty))
(/usr/share/texmf-texlive/tex/latex/amsmath/amsbsy.sty)
(/usr/share/texmf-texlive/tex/latex/amsmath/amsopn.sty))
(/usr/share/texmf-texlive/tex/generic/german/ngerman.sty v2.5e 1998-07-08)
(/usr/share/texmf-texlive/tex/latex/fancyhdr/fancyhdr.sty)
(/usr/share/texmf-texlive/tex/latex/amsfonts/euscript.sty)
(/usr/share/texmf-texlive/tex/latex/base/makeidx.sty)
(/usr/share/texmf-texlive/tex/latex/hyperref/hyperref.sty
(/usr/share/texmf-texlive/tex/generic/oberdiek/ifpdf.sty)
(/usr/share/texmf-texlive/tex/generic/oberdiek/ifvtex.sty)
(/usr/share/texmf-texlive/tex/generic/ifxetex/ifxetex.sty)
(/usr/share/texmf-texlive/tex/latex/oberdiek/hycolor.sty
(/usr/share/texmf-texlive/tex/latex/oberdiek/xcolor-patch.sty))
(/usr/share/texmf-texlive/tex/latex/hyperref/pd1enc.def)
(/usr/share/texmf-texlive/tex/generic/oberdiek/etexcmds.sty
(/usr/share/texmf-texlive/tex/generic/oberdiek/infwarerr.sty))
(/usr/share/texmf-texlive/tex/latex/latexconfig/hyperref.cfg)
(/usr/share/texmf-texlive/tex/latex/oberdiek/kvoptions.sty
(/usr/share/texmf-texlive/tex/generic/oberdiek/kvsetkeys.sty))
Implicit mode ON; LaTeX internals redefined
(/usr/share/texmf-texlive/tex/latex/ltxmisc/url.sty)
(/usr/share/texmf-texlive/tex/generic/oberdiek/bitset.sty
(/usr/share/texmf-texlive/tex/generic/oberdiek/intcalc.sty)
(/usr/share/texmf-texlive/tex/generic/oberdiek/bigintcalc.sty
(/usr/share/texmf-texlive/tex/generic/oberdiek/pdftexcmds.sty
(/usr/share/texmf-texlive/tex/generic/oberdiek/ifluatex.sty)
(/usr/share/texmf-texlive/tex/generic/oberdiek/ltxcmds.sty))))
(/usr/share/texmf-texlive/tex/generic/oberdiek/atbegshi.sty))
*hyperref using default driver hpdftex*
(/usr/share/texmf-texlive/tex/latex/hyperref/hpdftex.def)
(/usr/share/texmf-texlive/tex/latex/ntheorem/ntheorem.sty
Style `ntheorem', Version 1.25 <2005/07/07>
) (/usr/share/texmf-texlive/tex/latex/base/inputenc.sty
(/usr/share/texmf-texlive/tex/latex/base/latin1.def))
(/usr/share/texmf-texlive/tex/latex/graphics/graphicx.sty
(/usr/share/texmf-texlive/tex/latex/graphics/graphics.sty
(/usr/share/texmf-texlive/tex/latex/graphics/trig.sty)
(/etc/texmf/tex/latex/config/graphics.cfg)
(/usr/share/texmf-texlive/tex/latex/pdftex-def/pdftex.def)))
(/usr/share/texmf-texlive/tex/latex/pst-pdf/pst-pdf.sty
(/usr/share/texmf-texlive/tex/latex/pstricks/pstricks.sty
(/usr/share/texmf-texlive/tex/generic/pstricks/pstricks.tex
`PSTricks' v1.29  <2009/05/19> (tvz)
(/usr/share/texmf-texlive/tex/generic/pstricks/pstricks.con))
(/usr/share/texmf/tex/latex/xcolor/xcolor.sty
(/etc/texmf/tex/latex/config/color.cfg)))
(/usr/share/texmf/tex/latex/preview/preview.sty)
(/usr/share/texmf-texlive/tex/latex/graphics/dvips.def)
(/usr/share/texmf-texlive/tex/latex/environ/environ.sty))
(/usr/share/texmf-texlive/tex/latex/pstricks/pst-plot.sty
(/usr/share/texmf-texlive/tex/generic/pstricks/pst-plot.tex
(/usr/share/texmf-texlive/tex/generic/multido/multido.tex
 v1.41, 2004/05/18 <tvz>)  v1.04, 2009/06/08))
Writing index file OptTheo.idx
No file OptTheo.aux.
(/usr/share/texmf-texlive/tex/latex/hyperref/nameref.sty
(/usr/share/texmf-texlive/tex/latex/oberdiek/refcount.sty))
(/usr/share/texmf-texlive/tex/context/base/supp-pdf.mkii
[Loading MPS to PDF converter (version 2006.09.02).]
)
Preview: Fontsize 10.95pt
Preview: PDFoutput 1
(/usr/share/texmf-texlive/tex/latex/amsfonts/umsa.fd)
(/usr/share/texmf-texlive/tex/latex/amsfonts/umsb.fd) [1{/var/lib/texmf/fonts/m
ap/pdftex/updmap/pdftex.map}] [2]
Overfull \hbox (6.79999pt too wide) in paragraph at lines 118--120
[][]

Underfull \hbox (badness 10000) in paragraph at lines 118--120

[3] [4]
Kapitel I.
[1] [2] [3]
Kapitel II.

Underfull \hbox (badness 10000) in paragraph at lines 203--204


Underfull \vbox (badness 10000) has occurred while \output is active [4]
[5] [6]pdfTeX warning (ext4): destination with the same identifier (name{chapte
r.1}) has been already used, duplicate ignored
<to be read again> 
                   \relax 
l.237 \chapter{Lineare Optimierung}
                                   
Kapitel 1.

LaTeX Font Warning: Font shape `OMS/cmss/bx/n' undefined
(Font)              using `OMS/cmsy/m/n' instead
(Font)              for symbol `textsection' on input line 239.

[7]
Underfull \hbox (badness 10000) in paragraph at lines 284--286


Underfull \hbox (badness 10000) in paragraph at lines 329--331

[8] (/usr/share/texmf-texlive/tex/latex/base/omscmr.fd) [9]
Underfull \hbox (badness 10000) in paragraph at lines 374--376


Underfull \hbox (badness 10000) in paragraph at lines 385--386


Underfull \hbox (badness 10000) in paragraph at lines 385--386


Underfull \hbox (badness 10000) in paragraph at lines 385--386


Underfull \hbox (badness 10000) in paragraph at lines 387--388


Package amsmath Warning: Foreign command \atop;
(amsmath)                \frac or \genfrac should be used instead
(amsmath)                 on input line 388.


Underfull \hbox (badness 10000) in paragraph at lines 388--391

[10]
Underfull \hbox (badness 10000) in paragraph at lines 415--416

[11]
Underfull \hbox (badness 10000) in paragraph at lines 424--428


Underfull \hbox (badness 10000) in paragraph at lines 440--441


Underfull \hbox (badness 10000) in paragraph at lines 442--443


Overfull \hbox (5.1584pt too wide) in paragraph at lines 444--445
[]\OT1/cmr/bx/n/10.95 Dazu: $\OML/cmm/m/it/10.95 x[] \OMS/cmsy/m/n/10.95 ^^@ \O
ML/cmm/m/it/10.95 x[]; [] ; x[] \OMS/cmsy/m/n/10.95 ^^@ \OML/cmm/m/it/10.95 x[]
$ \OT1/cmr/m/n/10.95 ist Ba-sis von $\U/msb/m/n/10.95 R[] \OMS/cmsy/m/n/10.95 )
$ \OT1/cmr/m/n/10.95 Je-des $\OML/cmm/m/it/10.95 x \OMS/cmsy/m/n/10.95 2 \U/msb
/m/n/10.95 R[]$ \OT1/cmr/m/n/10.95 hat []Ko-or-di-an-ten\$(\OML/cmm/m/it/10.95 
[]; [] ; []\OT1/cmr/m/n/10.95 )$

Underfull \hbox (badness 10000) in paragraph at lines 444--445


Underfull \hbox (badness 10000) in paragraph at lines 445--446

[12]
Underfull \hbox (badness 10000) in paragraph at lines 452--454

<OptTheo-pics.pdf, id=114, page=1, 285.52672pt x 171.72156pt>
<use OptTheo-pics.pdf, page 1>
Underfull \hbox (badness 10000) in paragraph at lines 479--480

[13 <./OptTheo-pics.pdf>]
<OptTheo-pics.pdf, id=133, page=2, 114.81895pt x 114.81895pt>
<use OptTheo-pics.pdf, page 2>
<OptTheo-pics.pdf, id=134, page=3, 370.88562pt x 86.36266pt>
<use OptTheo-pics.pdf, page 3> [14 <./OptTheo-pics.pdf>]
<OptTheo-pics.pdf, id=144, page=4, 228.62415pt x 143.26523pt>
<use OptTheo-pics.pdf, page 4>
<OptTheo-pics.pdf, id=145, page=5, 285.52672pt x 86.36266pt>
<use OptTheo-pics.pdf, page 5> [15 <./OptTheo-pics.pdf> <./OptTheo-pics.pdf> <.
/OptTheo-pics.pdf>]
<OptTheo-pics.pdf, id=160, page=6, 200.17786pt x 143.26523pt>
<use OptTheo-pics.pdf, page 6>
Underfull \hbox (badness 10000) in paragraph at lines 587--610

<OptTheo-pics.pdf, id=161, page=7, 285.52672pt x 86.36266pt>
<use OptTheo-pics.pdf, page 7> [16 <./OptTheo-pics.pdf> <./OptTheo-pics.pdf>]
Underfull \hbox (badness 10000) in paragraph at lines 645--647


Underfull \hbox (badness 10000) in paragraph at lines 656--658

[17]
Underfull \hbox (badness 10000) in paragraph at lines 700--702


Underfull \hbox (badness 10000) in paragraph at lines 705--706

[18]
Underfull \hbox (badness 10000) in paragraph at lines 709--710


Underfull \hbox (badness 10000) in paragraph at lines 723--734

[19]
Underfull \hbox (badness 10000) in paragraph at lines 752--756

[20] [21] [22]
Overfull \hbox (10.07237pt too wide) in paragraph at lines 864--865
[]\OT1/cmr/m/it/10.95 Sei A ei-ne (m,n)-Matrix. Dann exis-tie-ren $\OML/cmm/m/i
t/10.95 x \OMS/cmsy/m/n/10.95 2 \U/msb/m/n/10.95 R[]\OML/cmm/m/it/10.95 ; u \OM
S/cmsy/m/n/10.95 2 \U/msb/m/n/10.95 R[]$ \OT1/cmr/m/it/10.95 mit $\OML/cmm/m/it
/10.95 Ax \OT1/cmr/m/n/10.95 =  []0\OML/cmm/m/it/10.95 ;  x \OMS/cmsy/m/n/10.95
 ^^U

Underfull \hbox (badness 10000) in paragraph at lines 874--879


Underfull \hbox (badness 10000) in paragraph at lines 888--893

[23]
Underfull \hbox (badness 10000) in paragraph at lines 920--925

[24]
Underfull \vbox (badness 10000) has occurred while \output is active [25]
[26]
Underfull \hbox (badness 10000) in paragraph at lines 1011--1016


Underfull \vbox (badness 8000) has occurred while \output is active [27]
Underfull \hbox (badness 10000) in paragraph at lines 1057--1062

[28] [29]
Underfull \hbox (badness 10000) in paragraph at lines 1122--1123

[30] [31] [32] [33]
Underfull \hbox (badness 10000) in paragraph at lines 1314--1315


Underfull \vbox (badness 10000) has occurred while \output is active [34]
[35] [36] [37] [38] [39]
Underfull \hbox (badness 10000) in paragraph at lines 1508--1511


Underfull \vbox (badness 10000) has occurred while \output is active [40]
[41] [42]
Underfull \hbox (badness 10000) in paragraph at lines 1613--1615


Underfull \hbox (badness 10000) in paragraph at lines 1624--1626


Underfull \hbox (badness 10000) in paragraph at lines 1637--1639


Underfull \hbox (badness 10000) in paragraph at lines 1650--1652


Underfull \vbox (badness 10000) has occurred while \output is active [43]
Underfull \hbox (badness 10000) in paragraph at lines 1664--1666


Underfull \hbox (badness 10000) in paragraph at lines 1667--1673

<OptTheo-pics.pdf, id=330, page=8, 358.63986pt x 194.92825pt>
<use OptTheo-pics.pdf, page 8>
<OptTheo-pics.pdf, id=331, page=9, 358.63986pt x 195.63087pt>
<use OptTheo-pics.pdf, page 9> [44] [45 <./OptTheo-pics.pdf> <./OptTheo-pics.pd
f>]
Overfull \hbox (2.65219pt too wide) in paragraph at lines 1691--1694
\OT1/cmr/m/n/10.95 2-Personen-Nullsummenspiel ist ge-ge-ben durch Ma-trix $\OML
/cmm/m/it/10.95 A \OT1/cmr/m/n/10.95 = ((\OML/cmm/m/it/10.95 a[]\OT1/cmr/m/n/10
.95 ))$ (m,n)-Matrix (Matrix-

Underfull \hbox (badness 10000) in paragraph at lines 1695--1702


Underfull \hbox (badness 10000) in paragraph at lines 1703--1711

[46]
Underfull \hbox (badness 10000) in paragraph at lines 1739--1740


Underfull \hbox (badness 10000) in paragraph at lines 1741--1747


Underfull \hbox (badness 10000) in paragraph at lines 1768--1769

[47] [48]
Overfull \hbox (1.61613pt too wide) in paragraph at lines 1826--1828
\OT1/cmr/m/it/10.95 Je-des 2-Personen-Nullsummenspiel be-sitzt einen Gleich-ge-
wichts-punkt in ge-misch-ten Stra-
[49]
Underfull \hbox (badness 10000) in paragraph at lines 1855--1862

[50]
Underfull \hbox (badness 10000) in paragraph at lines 1893--1894

[51] [52]pdfTeX warning (ext4): destination with the same identifier (name{chap
ter.2}) has been already used, duplicate ignored
<to be read again> 
                   \relax 
l.1900 \chapter{Konvexe Optimierung}
                                    
Kapitel 2.
[53] <OptTheo-pics.pdf, id=388, page=10, 228.62415pt x 228.62415pt>
<use OptTheo-pics.pdf, page 10>
Underfull \hbox (badness 10000) in paragraph at lines 1923--1934


Underfull \hbox (badness 10000) in paragraph at lines 1940--1951

[54 <./OptTheo-pics.pdf>] [55]
Underfull \hbox (badness 10000) in paragraph at lines 2014--2015

[56] [57]
Underfull \hbox (badness 10000) in paragraph at lines 2067--2068

[58]
Underfull \hbox (badness 10000) in paragraph at lines 2078--2084

[59]
Underfull \hbox (badness 10000) in paragraph at lines 2130--2133

[60] [61]
Underfull \hbox (badness 10000) in paragraph at lines 2202--2204

[62] [63]
Underfull \hbox (badness 10000) in paragraph at lines 2257--2258

[64]
Underfull \hbox (badness 10000) in paragraph at lines 2306--2308


Underfull \hbox (badness 10000) in paragraph at lines 2312--2314


Underfull \hbox (badness 10000) in paragraph at lines 2329--2331

[65]
Underfull \hbox (badness 10000) in paragraph at lines 2346--2348


Underfull \hbox (badness 10000) in paragraph at lines 2358--2359

[66]
Underfull \hbox (badness 10000) in paragraph at lines 2372--2374


Underfull \hbox (badness 10000) in paragraph at lines 2383--2384

[67]
Underfull \hbox (badness 10000) in paragraph at lines 2414--2416

[68]
Overfull \hbox (24.0164pt too wide) in paragraph at lines 2465--2466
[]\OT1/cmr/m/it/10.95 Gegeben sei (KP), die Slater-Bedingung
[69]
Underfull \hbox (badness 10000) in paragraph at lines 2507--2509

[70] [71]
Underfull \hbox (badness 10000) in paragraph at lines 2539--2541


Underfull \hbox (badness 10000) in paragraph at lines 2544--2546

[72]
Underfull \hbox (badness 10000) in paragraph at lines 2579--2582

[73]
Underfull \hbox (badness 10000) in paragraph at lines 2629--2631

[74]
Underfull \hbox (badness 10000) in paragraph at lines 2646--2647


Underfull \hbox (badness 10000) in paragraph at lines 2657--2658


Overfull \hbox (1.947pt too wide) in paragraph at lines 2661--2662
[]\OT1/cmr/m/it/10.95 F[]ur $\OML/cmm/m/it/10.95 x[] \OMS/cmsy/m/n/10.95 ^^U
[75] [76]
Underfull \hbox (badness 10000) in paragraph at lines 2705--2707


Underfull \hbox (badness 10000) in paragraph at lines 2734--2735

[77]
Underfull \hbox (badness 10000) in paragraph at lines 2758--2761


Underfull \hbox (badness 10000) in paragraph at lines 2771--2774

[78]
Underfull \hbox (badness 10000) in paragraph at lines 2796--2798


Underfull \hbox (badness 10000) in paragraph at lines 2807--2808


Underfull \hbox (badness 10000) in paragraph at lines 2808--2811

[79] [80] [81] [82] (./OptTheo.aux)

LaTeX Font Warning: Some font shapes were not available, defaults substituted.

 )
(see the transcript file for additional information)</usr/share/texmf-texlive/f
onts/type1/public/amsfonts/cm/cmbx10.pfb></usr/share/texmf-texlive/fonts/type1/
public/amsfonts/cm/cmbxti10.pfb></usr/share/texmf-texlive/fonts/type1/public/am
sfonts/cm/cmcsc10.pfb></usr/share/texmf-texlive/fonts/type1/public/amsfonts/cm/
cmex10.pfb></usr/share/texmf-texlive/fonts/type1/public/amsfonts/cmextra/cmex8.
pfb></usr/share/texmf-texlive/fonts/type1/public/amsfonts/cm/cmmi10.pfb></usr/s
hare/texmf-texlive/fonts/type1/public/amsfonts/cm/cmmi6.pfb></usr/share/texmf-t
exlive/fonts/type1/public/amsfonts/cm/cmmi8.pfb></usr/share/texmf-texlive/fonts
/type1/public/amsfonts/cm/cmmi9.pfb></usr/share/texmf-texlive/fonts/type1/publi
c/amsfonts/cm/cmr10.pfb></usr/share/texmf-texlive/fonts/type1/public/amsfonts/c
m/cmr12.pfb></usr/share/texmf-texlive/fonts/type1/public/amsfonts/cm/cmr6.pfb><
/usr/share/texmf-texlive/fonts/type1/public/amsfonts/cm/cmr8.pfb></usr/share/te
xmf-texlive/fonts/type1/public/amsfonts/cm/cmr9.pfb></usr/share/texmf-texlive/f
onts/type1/public/amsfonts/cm/cmsl10.pfb></usr/share/texmf-texlive/fonts/type1/
public/amsfonts/cm/cmssbx10.pfb></usr/share/texmf-texlive/fonts/type1/public/am
sfonts/cm/cmsy10.pfb></usr/share/texmf-texlive/fonts/type1/public/amsfonts/cm/c
msy6.pfb></usr/share/texmf-texlive/fonts/type1/public/amsfonts/cm/cmsy8.pfb></u
sr/share/texmf-texlive/fonts/type1/public/amsfonts/cm/cmsy9.pfb></usr/share/tex
mf-texlive/fonts/type1/public/amsfonts/cm/cmti10.pfb></usr/share/texmf-texlive/
fonts/type1/public/amsfonts/cm/cmti8.pfb></usr/share/texmf-texlive/fonts/type1/
public/amsfonts/cm/cmtt10.pfb></usr/share/texmf-texlive/fonts/type1/public/amsf
onts/symbols/msbm10.pfb></usr/share/texmf-texlive/fonts/type1/public/amsfonts/s
ymbols/msbm7.pfb>
Output written on OptTheo.pdf (86 pages, 614693 bytes).
Transcript written on OptTheo.log.
Result: ExitSuccess

Running /usr/bin/pdflatex OptTheo.tex in an env with 4 entries:
This is pdfTeX, Version 3.1415926-1.40.10 (TeX Live 2009/Debian)
entering extended mode
(data/OptTheo.tex
LaTeX2e <2009/09/24>
Babel <v3.8l> and hyphenation patterns for english, usenglishmax, dumylang, noh
yphenation, farsi, arabic, croatian, bulgarian, ukrainian, russian, czech, slov
ak, danish, dutch, finnish, french, basque, ngerman, german, german-x-2009-06-1
9, ngerman-x-2009-06-19, ibycus, monogreek, greek, ancientgreek, hungarian, san
skrit, italian, latin, latvian, lithuanian, mongolian2a, mongolian, bokmal, nyn
orsk, romanian, irish, coptic, serbian, turkish, welsh, esperanto, uppersorbian
, estonian, indonesian, interlingua, icelandic, kurmanji, slovenian, polish, po
rtuguese, spanish, galician, catalan, swedish, ukenglish, loaded.
(/usr/share/texmf-texlive/tex/latex/koma-script/scrbook.cls
Document Class: scrbook 2009/07/24 v3.04a KOMA-Script document class (book)
(/usr/share/texmf-texlive/tex/latex/koma-script/scrkbase.sty
(/usr/share/texmf-texlive/tex/latex/koma-script/scrbase.sty
(/usr/share/texmf-texlive/tex/latex/graphics/keyval.sty)
(/usr/share/texmf-texlive/tex/latex/koma-script/scrlfile.sty
Package scrlfile, 2009/03/25 v3.03 KOMA-Script package (loading files)
                  Copyright (C) Markus Kohm

))) (/usr/share/texmf-texlive/tex/latex/koma-script/tocbasic.sty)
(/usr/share/texmf-texlive/tex/latex/koma-script/scrsize11pt.clo)
(/usr/share/texmf-texlive/tex/latex/koma-script/typearea.sty
Package typearea, 2009/07/24 v3.04a KOMA-Script package (type area)
                  Copyright (C) Frank Neukam, 1992-1994
                  Copyright (C) Markus Kohm, 1994-

)) (data/latexki.sty) (/usr/share/texmf-texlive/tex/latex/amsfonts/amssymb.sty
(/usr/share/texmf-texlive/tex/latex/amsfonts/amsfonts.sty))
(/usr/share/texmf-texlive/tex/latex/amsmath/amsmath.sty
For additional information on amsmath, use the `?' option.
(/usr/share/texmf-texlive/tex/latex/amsmath/amstext.sty
(/usr/share/texmf-texlive/tex/latex/amsmath/amsgen.sty))
(/usr/share/texmf-texlive/tex/latex/amsmath/amsbsy.sty)
(/usr/share/texmf-texlive/tex/latex/amsmath/amsopn.sty))
(/usr/share/texmf-texlive/tex/generic/german/ngerman.sty v2.5e 1998-07-08)
(/usr/share/texmf-texlive/tex/latex/fancyhdr/fancyhdr.sty)
(/usr/share/texmf-texlive/tex/latex/amsfonts/euscript.sty)
(/usr/share/texmf-texlive/tex/latex/base/makeidx.sty)
(/usr/share/texmf-texlive/tex/latex/hyperref/hyperref.sty
(/usr/share/texmf-texlive/tex/generic/oberdiek/ifpdf.sty)
(/usr/share/texmf-texlive/tex/generic/oberdiek/ifvtex.sty)
(/usr/share/texmf-texlive/tex/generic/ifxetex/ifxetex.sty)
(/usr/share/texmf-texlive/tex/latex/oberdiek/hycolor.sty
(/usr/share/texmf-texlive/tex/latex/oberdiek/xcolor-patch.sty))
(/usr/share/texmf-texlive/tex/latex/hyperref/pd1enc.def)
(/usr/share/texmf-texlive/tex/generic/oberdiek/etexcmds.sty
(/usr/share/texmf-texlive/tex/generic/oberdiek/infwarerr.sty))
(/usr/share/texmf-texlive/tex/latex/latexconfig/hyperref.cfg)
(/usr/share/texmf-texlive/tex/latex/oberdiek/kvoptions.sty
(/usr/share/texmf-texlive/tex/generic/oberdiek/kvsetkeys.sty))
Implicit mode ON; LaTeX internals redefined
(/usr/share/texmf-texlive/tex/latex/ltxmisc/url.sty)
(/usr/share/texmf-texlive/tex/generic/oberdiek/bitset.sty
(/usr/share/texmf-texlive/tex/generic/oberdiek/intcalc.sty)
(/usr/share/texmf-texlive/tex/generic/oberdiek/bigintcalc.sty
(/usr/share/texmf-texlive/tex/generic/oberdiek/pdftexcmds.sty
(/usr/share/texmf-texlive/tex/generic/oberdiek/ifluatex.sty)
(/usr/share/texmf-texlive/tex/generic/oberdiek/ltxcmds.sty))))
(/usr/share/texmf-texlive/tex/generic/oberdiek/atbegshi.sty))
*hyperref using default driver hpdftex*
(/usr/share/texmf-texlive/tex/latex/hyperref/hpdftex.def)
(/usr/share/texmf-texlive/tex/latex/ntheorem/ntheorem.sty
Style `ntheorem', Version 1.25 <2005/07/07>
) (/usr/share/texmf-texlive/tex/latex/base/inputenc.sty
(/usr/share/texmf-texlive/tex/latex/base/latin1.def))
(/usr/share/texmf-texlive/tex/latex/graphics/graphicx.sty
(/usr/share/texmf-texlive/tex/latex/graphics/graphics.sty
(/usr/share/texmf-texlive/tex/latex/graphics/trig.sty)
(/etc/texmf/tex/latex/config/graphics.cfg)
(/usr/share/texmf-texlive/tex/latex/pdftex-def/pdftex.def)))
(/usr/share/texmf-texlive/tex/latex/pst-pdf/pst-pdf.sty
(/usr/share/texmf-texlive/tex/latex/pstricks/pstricks.sty
(/usr/share/texmf-texlive/tex/generic/pstricks/pstricks.tex
`PSTricks' v1.29  <2009/05/19> (tvz)
(/usr/share/texmf-texlive/tex/generic/pstricks/pstricks.con))
(/usr/share/texmf/tex/latex/xcolor/xcolor.sty
(/etc/texmf/tex/latex/config/color.cfg)))
(/usr/share/texmf/tex/latex/preview/preview.sty)
(/usr/share/texmf-texlive/tex/latex/graphics/dvips.def)
(/usr/share/texmf-texlive/tex/latex/environ/environ.sty))
(/usr/share/texmf-texlive/tex/latex/pstricks/pst-plot.sty
(/usr/share/texmf-texlive/tex/generic/pstricks/pst-plot.tex
(/usr/share/texmf-texlive/tex/generic/multido/multido.tex
 v1.41, 2004/05/18 <tvz>)  v1.04, 2009/06/08))
Writing index file OptTheo.idx
(./OptTheo.aux) (/usr/share/texmf-texlive/tex/latex/hyperref/nameref.sty
(/usr/share/texmf-texlive/tex/latex/oberdiek/refcount.sty)) (./OptTheo.out)
(./OptTheo.out) (/usr/share/texmf-texlive/tex/context/base/supp-pdf.mkii
[Loading MPS to PDF converter (version 2006.09.02).]
)
Preview: Fontsize 10.95pt
Preview: PDFoutput 1
(/usr/share/texmf-texlive/tex/latex/amsfonts/umsa.fd)
(/usr/share/texmf-texlive/tex/latex/amsfonts/umsb.fd) [1{/var/lib/texmf/fonts/m
ap/pdftex/updmap/pdftex.map}] [2] (./OptTheo.toc
(/usr/share/texmf-texlive/tex/latex/base/omscmr.fd))
Overfull \hbox (6.79999pt too wide) in paragraph at lines 118--120
[][]

Underfull \hbox (badness 10000) in paragraph at lines 118--120

[3] [4]
Kapitel I.
[1] [2] [3]
Kapitel II.

Underfull \hbox (badness 10000) in paragraph at lines 203--204


Underfull \vbox (badness 10000) has occurred while \output is active [4]
[5] [6]pdfTeX warning (ext4): destination with the same identifier (name{chapte
r.1}) has been already used, duplicate ignored
<to be read again> 
                   \relax 
l.237 \chapter{Lineare Optimierung}
                                   
Kapitel 1.

LaTeX Font Warning: Font shape `OMS/cmss/bx/n' undefined
(Font)              using `OMS/cmsy/m/n' instead
(Font)              for symbol `textsection' on input line 239.

[7]
Underfull \hbox (badness 10000) in paragraph at lines 284--286


Underfull \hbox (badness 10000) in paragraph at lines 329--331

[8] [9]
Underfull \hbox (badness 10000) in paragraph at lines 374--376


Underfull \hbox (badness 10000) in paragraph at lines 385--386


Underfull \hbox (badness 10000) in paragraph at lines 385--386


Underfull \hbox (badness 10000) in paragraph at lines 385--386


Underfull \hbox (badness 10000) in paragraph at lines 387--388


Package amsmath Warning: Foreign command \atop;
(amsmath)                \frac or \genfrac should be used instead
(amsmath)                 on input line 388.


Underfull \hbox (badness 10000) in paragraph at lines 388--391

[10]
Underfull \hbox (badness 10000) in paragraph at lines 415--416

[11]
Underfull \hbox (badness 10000) in paragraph at lines 424--428


Underfull \hbox (badness 10000) in paragraph at lines 440--441


Underfull \hbox (badness 10000) in paragraph at lines 442--443


Overfull \hbox (5.1584pt too wide) in paragraph at lines 444--445
[]\OT1/cmr/bx/n/10.95 Dazu: $\OML/cmm/m/it/10.95 x[] \OMS/cmsy/m/n/10.95 ^^@ \O
ML/cmm/m/it/10.95 x[]; [] ; x[] \OMS/cmsy/m/n/10.95 ^^@ \OML/cmm/m/it/10.95 x[]
$ \OT1/cmr/m/n/10.95 ist Ba-sis von $\U/msb/m/n/10.95 R[] \OMS/cmsy/m/n/10.95 )
$ \OT1/cmr/m/n/10.95 Je-des $\OML/cmm/m/it/10.95 x \OMS/cmsy/m/n/10.95 2 \U/msb
/m/n/10.95 R[]$ \OT1/cmr/m/n/10.95 hat []Ko-or-di-an-ten\$(\OML/cmm/m/it/10.95 
[]; [] ; []\OT1/cmr/m/n/10.95 )$

Underfull \hbox (badness 10000) in paragraph at lines 444--445


Underfull \hbox (badness 10000) in paragraph at lines 445--446

[12]
Underfull \hbox (badness 10000) in paragraph at lines 452--454

<OptTheo-pics.pdf, id=188, page=1, 285.52672pt x 171.72156pt>
<use OptTheo-pics.pdf, page 1>
Underfull \hbox (badness 10000) in paragraph at lines 479--480

[13 <./OptTheo-pics.pdf>]
<OptTheo-pics.pdf, id=207, page=2, 114.81895pt x 114.81895pt>
<use OptTheo-pics.pdf, page 2>
<OptTheo-pics.pdf, id=208, page=3, 370.88562pt x 86.36266pt>
<use OptTheo-pics.pdf, page 3> [14 <./OptTheo-pics.pdf>]
<OptTheo-pics.pdf, id=218, page=4, 228.62415pt x 143.26523pt>
<use OptTheo-pics.pdf, page 4>
<OptTheo-pics.pdf, id=219, page=5, 285.52672pt x 86.36266pt>
<use OptTheo-pics.pdf, page 5> [15 <./OptTheo-pics.pdf> <./OptTheo-pics.pdf> <.
/OptTheo-pics.pdf>]
<OptTheo-pics.pdf, id=234, page=6, 200.17786pt x 143.26523pt>
<use OptTheo-pics.pdf, page 6>
Underfull \hbox (badness 10000) in paragraph at lines 587--610

<OptTheo-pics.pdf, id=235, page=7, 285.52672pt x 86.36266pt>
<use OptTheo-pics.pdf, page 7> [16 <./OptTheo-pics.pdf> <./OptTheo-pics.pdf>]
Underfull \hbox (badness 10000) in paragraph at lines 645--647


Underfull \hbox (badness 10000) in paragraph at lines 656--658

[17]
Underfull \hbox (badness 10000) in paragraph at lines 700--702


Underfull \hbox (badness 10000) in paragraph at lines 705--706

[18]
Underfull \hbox (badness 10000) in paragraph at lines 709--710


Underfull \hbox (badness 10000) in paragraph at lines 723--734

[19]
Underfull \hbox (badness 10000) in paragraph at lines 752--756

[20] [21] [22]
Overfull \hbox (10.07237pt too wide) in paragraph at lines 864--865
[]\OT1/cmr/m/it/10.95 Sei A ei-ne (m,n)-Matrix. Dann exis-tie-ren $\OML/cmm/m/i
t/10.95 x \OMS/cmsy/m/n/10.95 2 \U/msb/m/n/10.95 R[]\OML/cmm/m/it/10.95 ; u \OM
S/cmsy/m/n/10.95 2 \U/msb/m/n/10.95 R[]$ \OT1/cmr/m/it/10.95 mit $\OML/cmm/m/it
/10.95 Ax \OT1/cmr/m/n/10.95 =  []0\OML/cmm/m/it/10.95 ;  x \OMS/cmsy/m/n/10.95
 ^^U

Underfull \hbox (badness 10000) in paragraph at lines 874--879


Underfull \hbox (badness 10000) in paragraph at lines 888--893

[23]
Underfull \hbox (badness 10000) in paragraph at lines 920--925

[24]
Underfull \vbox (badness 10000) has occurred while \output is active [25]
[26]
Underfull \hbox (badness 10000) in paragraph at lines 1011--1016


Underfull \vbox (badness 8000) has occurred while \output is active [27]
Underfull \hbox (badness 10000) in paragraph at lines 1057--1062

[28] [29]
Underfull \hbox (badness 10000) in paragraph at lines 1122--1123

[30] [31] [32] [33]
Underfull \hbox (badness 10000) in paragraph at lines 1314--1315


Underfull \vbox (badness 10000) has occurred while \output is active [34]
[35] [36] [37] [38] [39]
Underfull \hbox (badness 10000) in paragraph at lines 1508--1511


Underfull \vbox (badness 10000) has occurred while \output is active [40]
[41] [42]
Underfull \hbox (badness 10000) in paragraph at lines 1613--1615


Underfull \hbox (badness 10000) in paragraph at lines 1624--1626


Underfull \hbox (badness 10000) in paragraph at lines 1637--1639


Underfull \hbox (badness 10000) in paragraph at lines 1650--1652


Underfull \vbox (badness 10000) has occurred while \output is active [43]
Underfull \hbox (badness 10000) in paragraph at lines 1664--1666


Underfull \hbox (badness 10000) in paragraph at lines 1667--1673

<OptTheo-pics.pdf, id=400, page=8, 358.63986pt x 194.92825pt>
<use OptTheo-pics.pdf, page 8>
<OptTheo-pics.pdf, id=401, page=9, 358.63986pt x 195.63087pt>
<use OptTheo-pics.pdf, page 9> [44] [45 <./OptTheo-pics.pdf> <./OptTheo-pics.pd
f>]
Overfull \hbox (2.65219pt too wide) in paragraph at lines 1691--1694
\OT1/cmr/m/n/10.95 2-Personen-Nullsummenspiel ist ge-ge-ben durch Ma-trix $\OML
/cmm/m/it/10.95 A \OT1/cmr/m/n/10.95 = ((\OML/cmm/m/it/10.95 a[]\OT1/cmr/m/n/10
.95 ))$ (m,n)-Matrix (Matrix-

Underfull \hbox (badness 10000) in paragraph at lines 1695--1702


Underfull \hbox (badness 10000) in paragraph at lines 1703--1711

[46]
Underfull \hbox (badness 10000) in paragraph at lines 1739--1740


Underfull \hbox (badness 10000) in paragraph at lines 1741--1747


Underfull \hbox (badness 10000) in paragraph at lines 1768--1769

[47] [48]
Overfull \hbox (1.61613pt too wide) in paragraph at lines 1826--1828
\OT1/cmr/m/it/10.95 Je-des 2-Personen-Nullsummenspiel be-sitzt einen Gleich-ge-
wichts-punkt in ge-misch-ten Stra-
[49]
Underfull \hbox (badness 10000) in paragraph at lines 1855--1862

[50]
Underfull \hbox (badness 10000) in paragraph at lines 1893--1894

[51] [52]pdfTeX warning (ext4): destination with the same identifier (name{chap
ter.2}) has been already used, duplicate ignored
<to be read again> 
                   \relax 
l.1900 \chapter{Konvexe Optimierung}
                                    
Kapitel 2.
[53] <OptTheo-pics.pdf, id=456, page=10, 228.62415pt x 228.62415pt>
<use OptTheo-pics.pdf, page 10>
Underfull \hbox (badness 10000) in paragraph at lines 1923--1934


Underfull \hbox (badness 10000) in paragraph at lines 1940--1951

[54 <./OptTheo-pics.pdf>] [55]
Underfull \hbox (badness 10000) in paragraph at lines 2014--2015

[56] [57]
Underfull \hbox (badness 10000) in paragraph at lines 2067--2068

[58]
Underfull \hbox (badness 10000) in paragraph at lines 2078--2084

[59]
Underfull \hbox (badness 10000) in paragraph at lines 2130--2133

[60] [61]
Underfull \hbox (badness 10000) in paragraph at lines 2202--2204

[62] [63]
Underfull \hbox (badness 10000) in paragraph at lines 2257--2258

[64]
Underfull \hbox (badness 10000) in paragraph at lines 2306--2308


Underfull \hbox (badness 10000) in paragraph at lines 2312--2314


Underfull \hbox (badness 10000) in paragraph at lines 2329--2331

[65]
Underfull \hbox (badness 10000) in paragraph at lines 2346--2348


Underfull \hbox (badness 10000) in paragraph at lines 2358--2359

[66]
Underfull \hbox (badness 10000) in paragraph at lines 2372--2374


Underfull \hbox (badness 10000) in paragraph at lines 2383--2384

[67]
Underfull \hbox (badness 10000) in paragraph at lines 2414--2416

[68]
Overfull \hbox (24.0164pt too wide) in paragraph at lines 2465--2466
[]\OT1/cmr/m/it/10.95 Gegeben sei (KP), die Slater-Bedingung
[69]
Underfull \hbox (badness 10000) in paragraph at lines 2507--2509

[70] [71]
Underfull \hbox (badness 10000) in paragraph at lines 2539--2541


Underfull \hbox (badness 10000) in paragraph at lines 2544--2546

[72]
Underfull \hbox (badness 10000) in paragraph at lines 2579--2582

[73]
Underfull \hbox (badness 10000) in paragraph at lines 2629--2631

[74]
Underfull \hbox (badness 10000) in paragraph at lines 2646--2647


Underfull \hbox (badness 10000) in paragraph at lines 2657--2658


Overfull \hbox (1.947pt too wide) in paragraph at lines 2661--2662
[]\OT1/cmr/m/it/10.95 F[]ur $\OML/cmm/m/it/10.95 x[] \OMS/cmsy/m/n/10.95 ^^U
[75] [76]
Underfull \hbox (badness 10000) in paragraph at lines 2705--2707


Underfull \hbox (badness 10000) in paragraph at lines 2734--2735

[77]
Underfull \hbox (badness 10000) in paragraph at lines 2758--2761


Underfull \hbox (badness 10000) in paragraph at lines 2771--2774

[78]
Underfull \hbox (badness 10000) in paragraph at lines 2796--2798


Underfull \hbox (badness 10000) in paragraph at lines 2807--2808


Underfull \hbox (badness 10000) in paragraph at lines 2808--2811

[79] [80] [81] [82] (./OptTheo.aux)

LaTeX Font Warning: Some font shapes were not available, defaults substituted.

 )
(see the transcript file for additional information)</usr/share/texmf-texlive/f
onts/type1/public/amsfonts/cm/cmbx10.pfb></usr/share/texmf-texlive/fonts/type1/
public/amsfonts/cm/cmbxti10.pfb></usr/share/texmf-texlive/fonts/type1/public/am
sfonts/cm/cmcsc10.pfb></usr/share/texmf-texlive/fonts/type1/public/amsfonts/cm/
cmex10.pfb></usr/share/texmf-texlive/fonts/type1/public/amsfonts/cmextra/cmex8.
pfb></usr/share/texmf-texlive/fonts/type1/public/amsfonts/cm/cmmi10.pfb></usr/s
hare/texmf-texlive/fonts/type1/public/amsfonts/cm/cmmi6.pfb></usr/share/texmf-t
exlive/fonts/type1/public/amsfonts/cm/cmmi8.pfb></usr/share/texmf-texlive/fonts
/type1/public/amsfonts/cm/cmmi9.pfb></usr/share/texmf-texlive/fonts/type1/publi
c/amsfonts/cm/cmr10.pfb></usr/share/texmf-texlive/fonts/type1/public/amsfonts/c
m/cmr12.pfb></usr/share/texmf-texlive/fonts/type1/public/amsfonts/cm/cmr6.pfb><
/usr/share/texmf-texlive/fonts/type1/public/amsfonts/cm/cmr8.pfb></usr/share/te
xmf-texlive/fonts/type1/public/amsfonts/cm/cmr9.pfb></usr/share/texmf-texlive/f
onts/type1/public/amsfonts/cm/cmsl10.pfb></usr/share/texmf-texlive/fonts/type1/
public/amsfonts/cm/cmssbx10.pfb></usr/share/texmf-texlive/fonts/type1/public/am
sfonts/cm/cmsy10.pfb></usr/share/texmf-texlive/fonts/type1/public/amsfonts/cm/c
msy6.pfb></usr/share/texmf-texlive/fonts/type1/public/amsfonts/cm/cmsy8.pfb></u
sr/share/texmf-texlive/fonts/type1/public/amsfonts/cm/cmsy9.pfb></usr/share/tex
mf-texlive/fonts/type1/public/amsfonts/cm/cmti10.pfb></usr/share/texmf-texlive/
fonts/type1/public/amsfonts/cm/cmti8.pfb></usr/share/texmf-texlive/fonts/type1/
public/amsfonts/cm/cmtt10.pfb></usr/share/texmf-texlive/fonts/type1/public/amsf
onts/symbols/msbm10.pfb></usr/share/texmf-texlive/fonts/type1/public/amsfonts/s
ymbols/msbm7.pfb>
Output written on OptTheo.pdf (86 pages, 622799 bytes).
Transcript written on OptTheo.log.
Result: ExitSuccess

Running /usr/bin/pdflatex OptTheo.tex in an env with 4 entries:
This is pdfTeX, Version 3.1415926-1.40.10 (TeX Live 2009/Debian)
entering extended mode
(data/OptTheo.tex
LaTeX2e <2009/09/24>
Babel <v3.8l> and hyphenation patterns for english, usenglishmax, dumylang, noh
yphenation, farsi, arabic, croatian, bulgarian, ukrainian, russian, czech, slov
ak, danish, dutch, finnish, french, basque, ngerman, german, german-x-2009-06-1
9, ngerman-x-2009-06-19, ibycus, monogreek, greek, ancientgreek, hungarian, san
skrit, italian, latin, latvian, lithuanian, mongolian2a, mongolian, bokmal, nyn
orsk, romanian, irish, coptic, serbian, turkish, welsh, esperanto, uppersorbian
, estonian, indonesian, interlingua, icelandic, kurmanji, slovenian, polish, po
rtuguese, spanish, galician, catalan, swedish, ukenglish, loaded.
(/usr/share/texmf-texlive/tex/latex/koma-script/scrbook.cls
Document Class: scrbook 2009/07/24 v3.04a KOMA-Script document class (book)
(/usr/share/texmf-texlive/tex/latex/koma-script/scrkbase.sty
(/usr/share/texmf-texlive/tex/latex/koma-script/scrbase.sty
(/usr/share/texmf-texlive/tex/latex/graphics/keyval.sty)
(/usr/share/texmf-texlive/tex/latex/koma-script/scrlfile.sty
Package scrlfile, 2009/03/25 v3.03 KOMA-Script package (loading files)
                  Copyright (C) Markus Kohm

))) (/usr/share/texmf-texlive/tex/latex/koma-script/tocbasic.sty)
(/usr/share/texmf-texlive/tex/latex/koma-script/scrsize11pt.clo)
(/usr/share/texmf-texlive/tex/latex/koma-script/typearea.sty
Package typearea, 2009/07/24 v3.04a KOMA-Script package (type area)
                  Copyright (C) Frank Neukam, 1992-1994
                  Copyright (C) Markus Kohm, 1994-

)) (data/latexki.sty) (/usr/share/texmf-texlive/tex/latex/amsfonts/amssymb.sty
(/usr/share/texmf-texlive/tex/latex/amsfonts/amsfonts.sty))
(/usr/share/texmf-texlive/tex/latex/amsmath/amsmath.sty
For additional information on amsmath, use the `?' option.
(/usr/share/texmf-texlive/tex/latex/amsmath/amstext.sty
(/usr/share/texmf-texlive/tex/latex/amsmath/amsgen.sty))
(/usr/share/texmf-texlive/tex/latex/amsmath/amsbsy.sty)
(/usr/share/texmf-texlive/tex/latex/amsmath/amsopn.sty))
(/usr/share/texmf-texlive/tex/generic/german/ngerman.sty v2.5e 1998-07-08)
(/usr/share/texmf-texlive/tex/latex/fancyhdr/fancyhdr.sty)
(/usr/share/texmf-texlive/tex/latex/amsfonts/euscript.sty)
(/usr/share/texmf-texlive/tex/latex/base/makeidx.sty)
(/usr/share/texmf-texlive/tex/latex/hyperref/hyperref.sty
(/usr/share/texmf-texlive/tex/generic/oberdiek/ifpdf.sty)
(/usr/share/texmf-texlive/tex/generic/oberdiek/ifvtex.sty)
(/usr/share/texmf-texlive/tex/generic/ifxetex/ifxetex.sty)
(/usr/share/texmf-texlive/tex/latex/oberdiek/hycolor.sty
(/usr/share/texmf-texlive/tex/latex/oberdiek/xcolor-patch.sty))
(/usr/share/texmf-texlive/tex/latex/hyperref/pd1enc.def)
(/usr/share/texmf-texlive/tex/generic/oberdiek/etexcmds.sty
(/usr/share/texmf-texlive/tex/generic/oberdiek/infwarerr.sty))
(/usr/share/texmf-texlive/tex/latex/latexconfig/hyperref.cfg)
(/usr/share/texmf-texlive/tex/latex/oberdiek/kvoptions.sty
(/usr/share/texmf-texlive/tex/generic/oberdiek/kvsetkeys.sty))
Implicit mode ON; LaTeX internals redefined
(/usr/share/texmf-texlive/tex/latex/ltxmisc/url.sty)
(/usr/share/texmf-texlive/tex/generic/oberdiek/bitset.sty
(/usr/share/texmf-texlive/tex/generic/oberdiek/intcalc.sty)
(/usr/share/texmf-texlive/tex/generic/oberdiek/bigintcalc.sty
(/usr/share/texmf-texlive/tex/generic/oberdiek/pdftexcmds.sty
(/usr/share/texmf-texlive/tex/generic/oberdiek/ifluatex.sty)
(/usr/share/texmf-texlive/tex/generic/oberdiek/ltxcmds.sty))))
(/usr/share/texmf-texlive/tex/generic/oberdiek/atbegshi.sty))
*hyperref using default driver hpdftex*
(/usr/share/texmf-texlive/tex/latex/hyperref/hpdftex.def)
(/usr/share/texmf-texlive/tex/latex/ntheorem/ntheorem.sty
Style `ntheorem', Version 1.25 <2005/07/07>
) (/usr/share/texmf-texlive/tex/latex/base/inputenc.sty
(/usr/share/texmf-texlive/tex/latex/base/latin1.def))
(/usr/share/texmf-texlive/tex/latex/graphics/graphicx.sty
(/usr/share/texmf-texlive/tex/latex/graphics/graphics.sty
(/usr/share/texmf-texlive/tex/latex/graphics/trig.sty)
(/etc/texmf/tex/latex/config/graphics.cfg)
(/usr/share/texmf-texlive/tex/latex/pdftex-def/pdftex.def)))
(/usr/share/texmf-texlive/tex/latex/pst-pdf/pst-pdf.sty
(/usr/share/texmf-texlive/tex/latex/pstricks/pstricks.sty
(/usr/share/texmf-texlive/tex/generic/pstricks/pstricks.tex
`PSTricks' v1.29  <2009/05/19> (tvz)
(/usr/share/texmf-texlive/tex/generic/pstricks/pstricks.con))
(/usr/share/texmf/tex/latex/xcolor/xcolor.sty
(/etc/texmf/tex/latex/config/color.cfg)))
(/usr/share/texmf/tex/latex/preview/preview.sty)
(/usr/share/texmf-texlive/tex/latex/graphics/dvips.def)
(/usr/share/texmf-texlive/tex/latex/environ/environ.sty))
(/usr/share/texmf-texlive/tex/latex/pstricks/pst-plot.sty
(/usr/share/texmf-texlive/tex/generic/pstricks/pst-plot.tex
(/usr/share/texmf-texlive/tex/generic/multido/multido.tex
 v1.41, 2004/05/18 <tvz>)  v1.04, 2009/06/08))
Writing index file OptTheo.idx
(./OptTheo.aux) (/usr/share/texmf-texlive/tex/latex/hyperref/nameref.sty
(/usr/share/texmf-texlive/tex/latex/oberdiek/refcount.sty)) (./OptTheo.out)
(./OptTheo.out) (/usr/share/texmf-texlive/tex/context/base/supp-pdf.mkii
[Loading MPS to PDF converter (version 2006.09.02).]
)
Preview: Fontsize 10.95pt
Preview: PDFoutput 1
(/usr/share/texmf-texlive/tex/latex/amsfonts/umsa.fd)
(/usr/share/texmf-texlive/tex/latex/amsfonts/umsb.fd) [1{/var/lib/texmf/fonts/m
ap/pdftex/updmap/pdftex.map}] [2] (./OptTheo.toc
(/usr/share/texmf-texlive/tex/latex/base/omscmr.fd))
Overfull \hbox (6.79999pt too wide) in paragraph at lines 118--120
[][]

Underfull \hbox (badness 10000) in paragraph at lines 118--120

[3] [4]
Kapitel I.
[1] [2] [3]
Kapitel II.

Underfull \hbox (badness 10000) in paragraph at lines 203--204


Underfull \vbox (badness 10000) has occurred while \output is active [4]
[5] [6]pdfTeX warning (ext4): destination with the same identifier (name{chapte
r.1}) has been already used, duplicate ignored
<to be read again> 
                   \relax 
l.237 \chapter{Lineare Optimierung}
                                   
Kapitel 1.

LaTeX Font Warning: Font shape `OMS/cmss/bx/n' undefined
(Font)              using `OMS/cmsy/m/n' instead
(Font)              for symbol `textsection' on input line 239.

[7]
Underfull \hbox (badness 10000) in paragraph at lines 284--286


Underfull \hbox (badness 10000) in paragraph at lines 329--331

[8] [9]
Underfull \hbox (badness 10000) in paragraph at lines 374--376


Underfull \hbox (badness 10000) in paragraph at lines 385--386


Underfull \hbox (badness 10000) in paragraph at lines 385--386


Underfull \hbox (badness 10000) in paragraph at lines 385--386


Underfull \hbox (badness 10000) in paragraph at lines 387--388


Package amsmath Warning: Foreign command \atop;
(amsmath)                \frac or \genfrac should be used instead
(amsmath)                 on input line 388.


Underfull \hbox (badness 10000) in paragraph at lines 388--391

[10]
Underfull \hbox (badness 10000) in paragraph at lines 415--416

[11]
Underfull \hbox (badness 10000) in paragraph at lines 424--428


Underfull \hbox (badness 10000) in paragraph at lines 440--441


Underfull \hbox (badness 10000) in paragraph at lines 442--443


Overfull \hbox (5.1584pt too wide) in paragraph at lines 444--445
[]\OT1/cmr/bx/n/10.95 Dazu: $\OML/cmm/m/it/10.95 x[] \OMS/cmsy/m/n/10.95 ^^@ \O
ML/cmm/m/it/10.95 x[]; [] ; x[] \OMS/cmsy/m/n/10.95 ^^@ \OML/cmm/m/it/10.95 x[]
$ \OT1/cmr/m/n/10.95 ist Ba-sis von $\U/msb/m/n/10.95 R[] \OMS/cmsy/m/n/10.95 )
$ \OT1/cmr/m/n/10.95 Je-des $\OML/cmm/m/it/10.95 x \OMS/cmsy/m/n/10.95 2 \U/msb
/m/n/10.95 R[]$ \OT1/cmr/m/n/10.95 hat []Ko-or-di-an-ten\$(\OML/cmm/m/it/10.95 
[]; [] ; []\OT1/cmr/m/n/10.95 )$

Underfull \hbox (badness 10000) in paragraph at lines 444--445


Underfull \hbox (badness 10000) in paragraph at lines 445--446

[12]
Underfull \hbox (badness 10000) in paragraph at lines 452--454

<OptTheo-pics.pdf, id=188, page=1, 285.52672pt x 171.72156pt>
<use OptTheo-pics.pdf, page 1>
Underfull \hbox (badness 10000) in paragraph at lines 479--480

[13 <./OptTheo-pics.pdf>]
<OptTheo-pics.pdf, id=207, page=2, 114.81895pt x 114.81895pt>
<use OptTheo-pics.pdf, page 2>
<OptTheo-pics.pdf, id=208, page=3, 370.88562pt x 86.36266pt>
<use OptTheo-pics.pdf, page 3> [14 <./OptTheo-pics.pdf>]
<OptTheo-pics.pdf, id=218, page=4, 228.62415pt x 143.26523pt>
<use OptTheo-pics.pdf, page 4>
<OptTheo-pics.pdf, id=219, page=5, 285.52672pt x 86.36266pt>
<use OptTheo-pics.pdf, page 5> [15 <./OptTheo-pics.pdf> <./OptTheo-pics.pdf> <.
/OptTheo-pics.pdf>]
<OptTheo-pics.pdf, id=234, page=6, 200.17786pt x 143.26523pt>
<use OptTheo-pics.pdf, page 6>
Underfull \hbox (badness 10000) in paragraph at lines 587--610

<OptTheo-pics.pdf, id=235, page=7, 285.52672pt x 86.36266pt>
<use OptTheo-pics.pdf, page 7> [16 <./OptTheo-pics.pdf> <./OptTheo-pics.pdf>]
Underfull \hbox (badness 10000) in paragraph at lines 645--647


Underfull \hbox (badness 10000) in paragraph at lines 656--658

[17]
Underfull \hbox (badness 10000) in paragraph at lines 700--702


Underfull \hbox (badness 10000) in paragraph at lines 705--706

[18]
Underfull \hbox (badness 10000) in paragraph at lines 709--710


Underfull \hbox (badness 10000) in paragraph at lines 723--734

[19]
Underfull \hbox (badness 10000) in paragraph at lines 752--756

[20] [21] [22]
Overfull \hbox (10.07237pt too wide) in paragraph at lines 864--865
[]\OT1/cmr/m/it/10.95 Sei A ei-ne (m,n)-Matrix. Dann exis-tie-ren $\OML/cmm/m/i
t/10.95 x \OMS/cmsy/m/n/10.95 2 \U/msb/m/n/10.95 R[]\OML/cmm/m/it/10.95 ; u \OM
S/cmsy/m/n/10.95 2 \U/msb/m/n/10.95 R[]$ \OT1/cmr/m/it/10.95 mit $\OML/cmm/m/it
/10.95 Ax \OT1/cmr/m/n/10.95 =  []0\OML/cmm/m/it/10.95 ;  x \OMS/cmsy/m/n/10.95
 ^^U

Underfull \hbox (badness 10000) in paragraph at lines 874--879


Underfull \hbox (badness 10000) in paragraph at lines 888--893

[23]
Underfull \hbox (badness 10000) in paragraph at lines 920--925

[24]
Underfull \vbox (badness 10000) has occurred while \output is active [25]
[26]
Underfull \hbox (badness 10000) in paragraph at lines 1011--1016


Underfull \vbox (badness 8000) has occurred while \output is active [27]
Underfull \hbox (badness 10000) in paragraph at lines 1057--1062

[28] [29]
Underfull \hbox (badness 10000) in paragraph at lines 1122--1123

[30] [31] [32] [33]
Underfull \hbox (badness 10000) in paragraph at lines 1314--1315


Underfull \vbox (badness 10000) has occurred while \output is active [34]
[35] [36] [37] [38] [39]
Underfull \hbox (badness 10000) in paragraph at lines 1508--1511


Underfull \vbox (badness 10000) has occurred while \output is active [40]
[41] [42]
Underfull \hbox (badness 10000) in paragraph at lines 1613--1615


Underfull \hbox (badness 10000) in paragraph at lines 1624--1626


Underfull \hbox (badness 10000) in paragraph at lines 1637--1639


Underfull \hbox (badness 10000) in paragraph at lines 1650--1652


Underfull \vbox (badness 10000) has occurred while \output is active [43]
Underfull \hbox (badness 10000) in paragraph at lines 1664--1666


Underfull \hbox (badness 10000) in paragraph at lines 1667--1673

<OptTheo-pics.pdf, id=400, page=8, 358.63986pt x 194.92825pt>
<use OptTheo-pics.pdf, page 8>
<OptTheo-pics.pdf, id=401, page=9, 358.63986pt x 195.63087pt>
<use OptTheo-pics.pdf, page 9> [44] [45 <./OptTheo-pics.pdf> <./OptTheo-pics.pd
f>]
Overfull \hbox (2.65219pt too wide) in paragraph at lines 1691--1694
\OT1/cmr/m/n/10.95 2-Personen-Nullsummenspiel ist ge-ge-ben durch Ma-trix $\OML
/cmm/m/it/10.95 A \OT1/cmr/m/n/10.95 = ((\OML/cmm/m/it/10.95 a[]\OT1/cmr/m/n/10
.95 ))$ (m,n)-Matrix (Matrix-

Underfull \hbox (badness 10000) in paragraph at lines 1695--1702


Underfull \hbox (badness 10000) in paragraph at lines 1703--1711

[46]
Underfull \hbox (badness 10000) in paragraph at lines 1739--1740


Underfull \hbox (badness 10000) in paragraph at lines 1741--1747


Underfull \hbox (badness 10000) in paragraph at lines 1768--1769

[47] [48]
Overfull \hbox (1.61613pt too wide) in paragraph at lines 1826--1828
\OT1/cmr/m/it/10.95 Je-des 2-Personen-Nullsummenspiel be-sitzt einen Gleich-ge-
wichts-punkt in ge-misch-ten Stra-
[49]
Underfull \hbox (badness 10000) in paragraph at lines 1855--1862

[50]
Underfull \hbox (badness 10000) in paragraph at lines 1893--1894

[51] [52]pdfTeX warning (ext4): destination with the same identifier (name{chap
ter.2}) has been already used, duplicate ignored
<to be read again> 
                   \relax 
l.1900 \chapter{Konvexe Optimierung}
                                    
Kapitel 2.
[53] <OptTheo-pics.pdf, id=456, page=10, 228.62415pt x 228.62415pt>
<use OptTheo-pics.pdf, page 10>
Underfull \hbox (badness 10000) in paragraph at lines 1923--1934


Underfull \hbox (badness 10000) in paragraph at lines 1940--1951

[54 <./OptTheo-pics.pdf>] [55]
Underfull \hbox (badness 10000) in paragraph at lines 2014--2015

[56] [57]
Underfull \hbox (badness 10000) in paragraph at lines 2067--2068

[58]
Underfull \hbox (badness 10000) in paragraph at lines 2078--2084

[59]
Underfull \hbox (badness 10000) in paragraph at lines 2130--2133

[60] [61]
Underfull \hbox (badness 10000) in paragraph at lines 2202--2204

[62] [63]
Underfull \hbox (badness 10000) in paragraph at lines 2257--2258

[64]
Underfull \hbox (badness 10000) in paragraph at lines 2306--2308


Underfull \hbox (badness 10000) in paragraph at lines 2312--2314


Underfull \hbox (badness 10000) in paragraph at lines 2329--2331

[65]
Underfull \hbox (badness 10000) in paragraph at lines 2346--2348


Underfull \hbox (badness 10000) in paragraph at lines 2358--2359

[66]
Underfull \hbox (badness 10000) in paragraph at lines 2372--2374


Underfull \hbox (badness 10000) in paragraph at lines 2383--2384

[67]
Underfull \hbox (badness 10000) in paragraph at lines 2414--2416

[68]
Overfull \hbox (24.0164pt too wide) in paragraph at lines 2465--2466
[]\OT1/cmr/m/it/10.95 Gegeben sei (KP), die Slater-Bedingung
[69]
Underfull \hbox (badness 10000) in paragraph at lines 2507--2509

[70] [71]
Underfull \hbox (badness 10000) in paragraph at lines 2539--2541


Underfull \hbox (badness 10000) in paragraph at lines 2544--2546

[72]
Underfull \hbox (badness 10000) in paragraph at lines 2579--2582

[73]
Underfull \hbox (badness 10000) in paragraph at lines 2629--2631

[74]
Underfull \hbox (badness 10000) in paragraph at lines 2646--2647


Underfull \hbox (badness 10000) in paragraph at lines 2657--2658


Overfull \hbox (1.947pt too wide) in paragraph at lines 2661--2662
[]\OT1/cmr/m/it/10.95 F[]ur $\OML/cmm/m/it/10.95 x[] \OMS/cmsy/m/n/10.95 ^^U
[75] [76]
Underfull \hbox (badness 10000) in paragraph at lines 2705--2707


Underfull \hbox (badness 10000) in paragraph at lines 2734--2735

[77]
Underfull \hbox (badness 10000) in paragraph at lines 2758--2761


Underfull \hbox (badness 10000) in paragraph at lines 2771--2774

[78]
Underfull \hbox (badness 10000) in paragraph at lines 2796--2798


Underfull \hbox (badness 10000) in paragraph at lines 2807--2808


Underfull \hbox (badness 10000) in paragraph at lines 2808--2811

[79] [80] [81] [82] (./OptTheo.aux)

LaTeX Font Warning: Some font shapes were not available, defaults substituted.

 )
(see the transcript file for additional information)</usr/share/texmf-texlive/f
onts/type1/public/amsfonts/cm/cmbx10.pfb></usr/share/texmf-texlive/fonts/type1/
public/amsfonts/cm/cmbxti10.pfb></usr/share/texmf-texlive/fonts/type1/public/am
sfonts/cm/cmcsc10.pfb></usr/share/texmf-texlive/fonts/type1/public/amsfonts/cm/
cmex10.pfb></usr/share/texmf-texlive/fonts/type1/public/amsfonts/cmextra/cmex8.
pfb></usr/share/texmf-texlive/fonts/type1/public/amsfonts/cm/cmmi10.pfb></usr/s
hare/texmf-texlive/fonts/type1/public/amsfonts/cm/cmmi6.pfb></usr/share/texmf-t
exlive/fonts/type1/public/amsfonts/cm/cmmi8.pfb></usr/share/texmf-texlive/fonts
/type1/public/amsfonts/cm/cmmi9.pfb></usr/share/texmf-texlive/fonts/type1/publi
c/amsfonts/cm/cmr10.pfb></usr/share/texmf-texlive/fonts/type1/public/amsfonts/c
m/cmr12.pfb></usr/share/texmf-texlive/fonts/type1/public/amsfonts/cm/cmr6.pfb><
/usr/share/texmf-texlive/fonts/type1/public/amsfonts/cm/cmr8.pfb></usr/share/te
xmf-texlive/fonts/type1/public/amsfonts/cm/cmr9.pfb></usr/share/texmf-texlive/f
onts/type1/public/amsfonts/cm/cmsl10.pfb></usr/share/texmf-texlive/fonts/type1/
public/amsfonts/cm/cmssbx10.pfb></usr/share/texmf-texlive/fonts/type1/public/am
sfonts/cm/cmsy10.pfb></usr/share/texmf-texlive/fonts/type1/public/amsfonts/cm/c
msy6.pfb></usr/share/texmf-texlive/fonts/type1/public/amsfonts/cm/cmsy8.pfb></u
sr/share/texmf-texlive/fonts/type1/public/amsfonts/cm/cmsy9.pfb></usr/share/tex
mf-texlive/fonts/type1/public/amsfonts/cm/cmti10.pfb></usr/share/texmf-texlive/
fonts/type1/public/amsfonts/cm/cmti8.pfb></usr/share/texmf-texlive/fonts/type1/
public/amsfonts/cm/cmtt10.pfb></usr/share/texmf-texlive/fonts/type1/public/amsf
onts/symbols/msbm10.pfb></usr/share/texmf-texlive/fonts/type1/public/amsfonts/s
ymbols/msbm7.pfb>
Output written on OptTheo.pdf (86 pages, 622799 bytes).
Transcript written on OptTheo.log.
Result: ExitSuccess

Running /usr/bin/convert -verbose OptTheo.pdf[0] -resize 70x OptTheo.png in an env with 4 entries:
"gs" -q -dQUIET -dSAFER -dBATCH -dNOPAUSE -dNOPROMPT -dMaxBitmap=500000000 -dAlignToPixels=0 -dGridFitTT=2 "-sDEVICE=pngalpha" -dTextAlphaBits=4 -dGraphicsAlphaBits=4 "-r72x72" -dFirstPage=1 -dLastPage=1 "-sOutputFile=/tmp/magick-HFi0LcjS-%08d" "-f/tmp/magick-VLxoMMLm" "-f/tmp/magick-OE3MgreR"
/tmp/magick-HFi0LcjS-00000001 PNG 595x842 595x842+0+0 8-bit DirectClass 15.2KB 0.010u 0:00.010
OptTheo.pdf[0]=>OptTheo.pdf PDF 595x842 595x842+0+0 16-bit DirectClass 15.2KB 0.000u 0:00.000
OptTheo.pdf[0]=>OptTheo.png PDF 595x842=>70x99 70x99+0+0 16-bit DirectClass 0.300u 0:00.089
Result: ExitSuccess

Running /usr/bin/optipng -verbose OptTheo.png in an env with 4 entries:
OptiPNG 0.6.4: Advanced PNG optimizer.
Copyright (C) 2001-2010 Cosmin Truta.

** Processing: OptTheo.png
70x99 pixels, 2x8 bits/pixel, grayscale+alpha
Reducing image to 8 bits/pixel, 90 colors (89 transparent) in palette
Input IDAT size = 588 bytes
Input file size = 3218 bytes

Trying:
  zc = 9  zm = 8  zs = 0  f = 0		IDAT size = 454
  zc = 9  zm = 8  zs = 1  f = 0		IDAT too big
  zc = 1  zm = 8  zs = 2  f = 0		IDAT too big
  zc = 9  zm = 8  zs = 3  f = 0		IDAT size = 445
  zc = 9  zm = 8  zs = 0  f = 5		IDAT too big
  zc = 9  zm = 8  zs = 1  f = 5		IDAT too big
  zc = 1  zm = 8  zs = 2  f = 5		IDAT too big
  zc = 9  zm = 8  zs = 3  f = 5		IDAT size = 445

OptTheo.png is already optimized.

** Status report
1 file(s) have been processed.
Result: ExitSuccess
