This is pdfTeX, Version 3.1415926-1.40.10 (TeX Live 2009/Debian) (format=pdflatex 2016.12.27)  27 DEC 2016 08:47
entering extended mode
 %&-line parsing enabled.
**QuotientenLogarithmus.tex
(data/QuotientenLogarithmus.tex
LaTeX2e <2009/09/24>
Babel <v3.8l> and hyphenation patterns for english, usenglishmax, dumylang, noh
yphenation, farsi, arabic, croatian, bulgarian, ukrainian, russian, czech, slov
ak, danish, dutch, finnish, french, basque, ngerman, german, german-x-2009-06-1
9, ngerman-x-2009-06-19, ibycus, monogreek, greek, ancientgreek, hungarian, san
skrit, italian, latin, latvian, lithuanian, mongolian2a, mongolian, bokmal, nyn
orsk, romanian, irish, coptic, serbian, turkish, welsh, esperanto, uppersorbian
, estonian, indonesian, interlingua, icelandic, kurmanji, slovenian, polish, po
rtuguese, spanish, galician, catalan, swedish, ukenglish, loaded.
(/usr/share/texmf-texlive/tex/latex/amscls/amsart.cls
Document Class: amsart 2009/07/02 v2.20.1
\linespacing=\dimen102
\normalparindent=\dimen103
\normaltopskip=\skip41
(/usr/share/texmf-texlive/tex/latex/amsmath/amsmath.sty
Package: amsmath 2000/07/18 v2.13 AMS math features
\@mathmargin=\skip42

For additional information on amsmath, use the `?' option.
(/usr/share/texmf-texlive/tex/latex/amsmath/amstext.sty
Package: amstext 2000/06/29 v2.01

(/usr/share/texmf-texlive/tex/latex/amsmath/amsgen.sty
File: amsgen.sty 1999/11/30 v2.0
\@emptytoks=\toks14
\ex@=\dimen104
))
(/usr/share/texmf-texlive/tex/latex/amsmath/amsbsy.sty
Package: amsbsy 1999/11/29 v1.2d
\pmbraise@=\dimen105
)
(/usr/share/texmf-texlive/tex/latex/amsmath/amsopn.sty
Package: amsopn 1999/12/14 v2.01 operator names
)
\inf@bad=\count79
LaTeX Info: Redefining \frac on input line 211.
\uproot@=\count80
\leftroot@=\count81
LaTeX Info: Redefining \overline on input line 307.
\classnum@=\count82
\DOTSCASE@=\count83
LaTeX Info: Redefining \ldots on input line 379.
LaTeX Info: Redefining \dots on input line 382.
LaTeX Info: Redefining \cdots on input line 467.
\Mathstrutbox@=\box26
\strutbox@=\box27
\big@size=\dimen106
LaTeX Font Info:    Redeclaring font encoding OML on input line 567.
LaTeX Font Info:    Redeclaring font encoding OMS on input line 568.
\macc@depth=\count84
\c@MaxMatrixCols=\count85
\dotsspace@=\muskip10
\c@parentequation=\count86
\dspbrk@lvl=\count87
\tag@help=\toks15
\row@=\count88
\column@=\count89
\maxfields@=\count90
\andhelp@=\toks16
\eqnshift@=\dimen107
\alignsep@=\dimen108
\tagshift@=\dimen109
\tagwidth@=\dimen110
\totwidth@=\dimen111
\lineht@=\dimen112
\@envbody=\toks17
\multlinegap=\skip43
\multlinetaggap=\skip44
\mathdisplay@stack=\toks18
LaTeX Info: Redefining \[ on input line 2666.
LaTeX Info: Redefining \] on input line 2667.
)
LaTeX Font Info:    Try loading font information for U+msa on input line 388.

(/usr/share/texmf-texlive/tex/latex/amsfonts/umsa.fd
File: umsa.fd 2009/06/22 v3.00 AMS symbols A
)
(/usr/share/texmf-texlive/tex/latex/amsfonts/amsfonts.sty
Package: amsfonts 2009/06/22 v3.00 Basic AMSFonts support
\symAMSa=\mathgroup4
\symAMSb=\mathgroup5
LaTeX Font Info:    Overwriting math alphabet `\mathfrak' in version `bold'
(Font)                  U/euf/m/n --> U/euf/b/n on input line 96.
)
\copyins=\insert233
\abstractbox=\box28
\listisep=\skip45
\c@part=\count91
\c@section=\count92
\c@subsection=\count93
\c@subsubsection=\count94
\c@paragraph=\count95
\c@subparagraph=\count96
\c@figure=\count97
\c@table=\count98
\abovecaptionskip=\skip46
\belowcaptionskip=\skip47
\captionindent=\dimen113
\thm@style=\toks19
\thm@bodyfont=\toks20
\thm@headfont=\toks21
\thm@notefont=\toks22
\thm@headpunct=\toks23
\thm@preskip=\skip48
\thm@postskip=\skip49
\thm@headsep=\skip50
\dth@everypar=\toks24
)
(/usr/share/texmf-texlive/tex/generic/german/german.sty v2.5e 1998-07-08
Package: german 1998/07/08 v2.5e Support for writing german texts (br)
\grmnU@D=\dimen114
german -- \language number for Austrian undefined, default 18 used.
)
(/usr/share/texmf-texlive/tex/latex/base/inputenc.sty
Package: inputenc 2008/03/30 v1.1d Input encoding file
\inpenc@prehook=\toks25
\inpenc@posthook=\toks26

(/usr/share/texmf-texlive/tex/latex/ucs/utf8x.def
File: utf8x.def 2004/10/17 UCS: Input encoding UTF-8
))
(/usr/share/texmf-texlive/tex/latex/ucs/ucs.sty
Package: ucs 2004/10/17 UCS: Unicode input support

(/usr/share/texmf-texlive/tex/latex/ucs/data/uni-global.def
File: uni-global.def 2004/10/17 UCS: Unicode global data
)
\uc@secondtry=\count99
\uc@combtoks=\toks27
\uc@combtoksb=\toks28
\uc@temptokena=\toks29
)
(./QuotientenLogarithmus.aux)
\openout1 = `QuotientenLogarithmus.aux'.

LaTeX Font Info:    Checking defaults for OML/cmm/m/it on input line 5.
LaTeX Font Info:    ... okay on input line 5.
LaTeX Font Info:    Checking defaults for T1/cmr/m/n on input line 5.
LaTeX Font Info:    ... okay on input line 5.
LaTeX Font Info:    Checking defaults for OT1/cmr/m/n on input line 5.
LaTeX Font Info:    ... okay on input line 5.
LaTeX Font Info:    Checking defaults for OMS/cmsy/m/n on input line 5.
LaTeX Font Info:    ... okay on input line 5.
LaTeX Font Info:    Checking defaults for OMX/cmex/m/n on input line 5.
LaTeX Font Info:    ... okay on input line 5.
LaTeX Font Info:    Checking defaults for U/cmr/m/n on input line 5.
LaTeX Font Info:    ... okay on input line 5.
LaTeX Font Info:    Try loading font information for U+msa on input line 5.

(/usr/share/texmf-texlive/tex/latex/amsfonts/umsa.fd
File: umsa.fd 2009/06/22 v3.00 AMS symbols A
)
LaTeX Font Info:    Try loading font information for U+msb on input line 5.

(/usr/share/texmf-texlive/tex/latex/amsfonts/umsb.fd
File: umsb.fd 2009/06/22 v3.00 AMS symbols B
)
(/usr/share/texmf-texlive/tex/latex/ucs/ucsencs.def
File: ucsencs.def 2003/11/29 Fixes to fontencodings LGR, T3
)
(/usr/share/texmf-texlive/tex/latex/ucs/data/uni-0.def
File: uni-0.def 2004/10/17 UCS: Unicode data U+0000..U+00FF
)

LaTeX Warning: Command \textdegree invalid in math mode on input line 36.


LaTeX Warning: Command \textdegree invalid in math mode on input line 37.


LaTeX Warning: Command \textdegree invalid in math mode on input line 39.


LaTeX Warning: Command \textdegree invalid in math mode on input line 45.


LaTeX Warning: Command \textdegree invalid in math mode on input line 48.


LaTeX Warning: Command \textdegree invalid in math mode on input line 57.

[1{/var/lib/texmf/fonts/map/pdftex/updmap/pdftex.map}]

LaTeX Warning: Command \textdegree invalid in math mode on input line 59.


LaTeX Warning: Command \textdegree invalid in math mode on input line 61.


LaTeX Warning: Command \textdegree invalid in math mode on input line 63.


LaTeX Warning: Command \textdegree invalid in math mode on input line 65.


LaTeX Warning: Command \textdegree invalid in math mode on input line 78.


LaTeX Warning: Command \textdegree invalid in math mode on input line 78.


LaTeX Warning: Command \textdegree invalid in math mode on input line 78.


LaTeX Warning: Command \textdegree invalid in math mode on input line 78.


LaTeX Warning: Command \textdegree invalid in math mode on input line 78.


LaTeX Warning: Command \textdegree invalid in math mode on input line 78.


LaTeX Warning: Command \textdegree invalid in math mode on input line 80.


LaTeX Warning: Command \textdegree invalid in math mode on input line 80.


LaTeX Warning: Command \textdegree invalid in math mode on input line 93.


LaTeX Warning: Command \textdegree invalid in math mode on input line 93.


LaTeX Warning: Command \textdegree invalid in math mode on input line 93.


LaTeX Warning: Command \textdegree invalid in math mode on input line 93.


LaTeX Warning: Command \textdegree invalid in math mode on input line 93.


LaTeX Warning: Command \textdegree invalid in math mode on input line 93.


LaTeX Warning: Command \textdegree invalid in math mode on input line 93.


LaTeX Warning: Command \textdegree invalid in math mode on input line 93.


LaTeX Warning: Command \textdegree invalid in math mode on input line 93.


LaTeX Warning: Command \textdegree invalid in math mode on input line 93.


LaTeX Warning: Command \textdegree invalid in math mode on input line 93.


LaTeX Warning: Command \textdegree invalid in math mode on input line 93.

[2]

LaTeX Warning: Command \textdegree invalid in math mode on input line 95.


LaTeX Warning: Command \textdegree invalid in math mode on input line 96.


LaTeX Warning: Command \textdegree invalid in math mode on input line 96.


LaTeX Warning: Command \textdegree invalid in math mode on input line 96.


LaTeX Warning: Command \textdegree invalid in math mode on input line 103.


LaTeX Warning: Command \textdegree invalid in math mode on input line 103.


LaTeX Warning: Command \textdegree invalid in math mode on input line 103.


LaTeX Warning: Command \textdegree invalid in math mode on input line 103.


LaTeX Warning: Command \textdegree invalid in math mode on input line 103.


LaTeX Warning: Command \textdegree invalid in math mode on input line 103.


LaTeX Warning: Command \textdegree invalid in math mode on input line 103.


LaTeX Warning: Command \textdegree invalid in math mode on input line 103.


LaTeX Warning: Command \textdegree invalid in math mode on input line 103.


LaTeX Warning: Command \textdegree invalid in math mode on input line 103.


LaTeX Warning: Command \textdegree invalid in math mode on input line 107.


LaTeX Warning: Command \textdegree invalid in math mode on input line 107.


LaTeX Warning: Command \textdegree invalid in math mode on input line 107.


LaTeX Warning: Command \textdegree invalid in math mode on input line 107.


LaTeX Warning: Command \textdegree invalid in math mode on input line 107.


LaTeX Warning: Command \textdegree invalid in math mode on input line 107.


LaTeX Warning: Command \textdegree invalid in math mode on input line 107.


LaTeX Warning: Command \textdegree invalid in math mode on input line 107.


LaTeX Warning: Command \textdegree invalid in math mode on input line 118.


LaTeX Warning: Command \textdegree invalid in math mode on input line 118.


LaTeX Warning: Command \textdegree invalid in math mode on input line 118.


LaTeX Warning: Command \textdegree invalid in math mode on input line 118.


LaTeX Warning: Command \textdegree invalid in math mode on input line 118.


LaTeX Warning: Command \textdegree invalid in math mode on input line 118.


LaTeX Warning: Command \textdegree invalid in math mode on input line 123.

[3]

LaTeX Warning: Command \textdegree invalid in math mode on input line 133.


LaTeX Warning: Command \textdegree invalid in math mode on input line 133.


LaTeX Warning: Command \textdegree invalid in math mode on input line 134.


LaTeX Warning: Command \textdegree invalid in math mode on input line 143.


LaTeX Warning: Command \textdegree invalid in math mode on input line 143.

[4] (./QuotientenLogarithmus.aux) ) 
Here is how much of TeX's memory you used:
 2298 strings out of 493857
 27185 string characters out of 1153304
 95248 words of memory out of 3000000
 5431 multiletter control sequences out of 15000+50000
 9349 words of font info for 37 fonts, out of 3000000 for 9000
 875 hyphenation exceptions out of 8191
 34i,13n,31p,571b,603s stack positions out of 5000i,500n,10000p,200000b,50000s
</usr/share/texmf-texlive/fonts/type1/public
/amsfonts/cm/cmbx10.pfb></usr/share/texmf-texlive/fonts/type1/public/amsfonts/c
m/cmcsc10.pfb></usr/share/texmf-texlive/fonts/type1/public/amsfonts/cm/cmex10.p
fb></usr/share/texmf-texlive/fonts/type1/public/amsfonts/cm/cmmi10.pfb></usr/sh
are/texmf-texlive/fonts/type1/public/amsfonts/cm/cmmi5.pfb></usr/share/texmf-te
xlive/fonts/type1/public/amsfonts/cm/cmmi7.pfb></usr/share/texmf-texlive/fonts/
type1/public/amsfonts/cm/cmr10.pfb></usr/share/texmf-texlive/fonts/type1/public
/amsfonts/cm/cmr5.pfb></usr/share/texmf-texlive/fonts/type1/public/amsfonts/cm/
cmr7.pfb></usr/share/texmf-texlive/fonts/type1/public/amsfonts/cm/cmr8.pfb></us
r/share/texmf-texlive/fonts/type1/public/amsfonts/cm/cmsy10.pfb></usr/share/tex
mf-texlive/fonts/type1/public/amsfonts/cm/cmsy5.pfb></usr/share/texmf-texlive/f
onts/type1/public/amsfonts/cm/cmsy7.pfb></usr/share/texmf-texlive/fonts/type1/p
ublic/amsfonts/symbols/msbm10.pfb>
Output written on QuotientenLogarithmus.pdf (4 pages, 169345 bytes).
PDF statistics:
 71 PDF objects out of 1000 (max. 8388607)
 0 named destinations out of 1000 (max. 500000)
 1 words of extra memory for PDF output out of 10000 (max. 10000000)

