This is pdfTeX, Version 3.1415926-1.40.10 (TeX Live 2009/Debian) (format=pdflatex 2016.12.27)  27 DEC 2016 08:47
entering extended mode
 %&-line parsing enabled.
**RieGeo.tex
(data/RieGeo.tex
LaTeX2e <2009/09/24>
Babel <v3.8l> and hyphenation patterns for english, usenglishmax, dumylang, noh
yphenation, farsi, arabic, croatian, bulgarian, ukrainian, russian, czech, slov
ak, danish, dutch, finnish, french, basque, ngerman, german, german-x-2009-06-1
9, ngerman-x-2009-06-19, ibycus, monogreek, greek, ancientgreek, hungarian, san
skrit, italian, latin, latvian, lithuanian, mongolian2a, mongolian, bokmal, nyn
orsk, romanian, irish, coptic, serbian, turkish, welsh, esperanto, uppersorbian
, estonian, indonesian, interlingua, icelandic, kurmanji, slovenian, polish, po
rtuguese, spanish, galician, catalan, swedish, ukenglish, loaded.
(/usr/share/texmf-texlive/tex/latex/koma-script/scrbook.cls
Document Class: scrbook 2009/07/24 v3.04a KOMA-Script document class (book)
(/usr/share/texmf-texlive/tex/latex/koma-script/scrkbase.sty
Package: scrkbase 2009/07/24 v3.04a KOMA-Script package (KOMA-Script-dependent 
basics and keyval usage)

(/usr/share/texmf-texlive/tex/latex/koma-script/scrbase.sty
Package: scrbase 2009/07/24 v3.04a KOMA-Script package (KOMA-Script-independent
 basics and keyval usage)

(/usr/share/texmf-texlive/tex/latex/graphics/keyval.sty
Package: keyval 1999/03/16 v1.13 key=value parser (DPC)
\KV@toks@=\toks14
)
(/usr/share/texmf-texlive/tex/latex/koma-script/scrlfile.sty
Package: scrlfile 2009/03/25 v3.03 KOMA-Script package (loading files)

Package scrlfile, 2009/03/25 v3.03 KOMA-Script package (loading files)
                  Copyright (C) Markus Kohm

))) (/usr/share/texmf-texlive/tex/latex/koma-script/tocbasic.sty
Package: tocbasic 2009/06/08 v3.03b KOMA-Script package (handling toc-files)
)
Package tocbasic Info: omitting babel extension for `toc'
(tocbasic)             because of feature `nobabel' available
(tocbasic)             for `toc' on input line 117.
Package tocbasic Info: omitting babel extension for `lof'
(tocbasic)             because of feature `nobabel' available
(tocbasic)             for `lof' on input line 118.
Package tocbasic Info: omitting babel extension for `lot'
(tocbasic)             because of feature `nobabel' available
(tocbasic)             for `lot' on input line 119.
Class scrbook Info: File `scrsize11pt.clo' used instead of
(scrbook)           file `scrsize11.clo' to setup font sizes on input line 1272
.

(/usr/share/texmf-texlive/tex/latex/koma-script/scrsize11pt.clo
File: scrsize11pt.clo 2009/07/24 v3.04a KOMA-Script font size class option (11p
t)
)
(/usr/share/texmf-texlive/tex/latex/koma-script/typearea.sty
Package: typearea 2009/07/24 v3.04a KOMA-Script package (type area)

Package typearea, 2009/07/24 v3.04a KOMA-Script package (type area)
                  Copyright (C) Frank Neukam, 1992-1994
                  Copyright (C) Markus Kohm, 1994-

\ta@bcor=\skip41
\ta@div=\count79
Package typearea Info: You've used standard option `a4paper'.
(typearea)             This is correct!
(typearea)             Internaly I'm using `paper=a4'.
(typearea)             If you'd like to set the option with \KOMAoptions,
(typearea)             you'd have to use `paper=a4' there
(typearea)             instead of `a4paper', too.
\ta@hblk=\skip42
\ta@vblk=\skip43
\ta@temp=\skip44
Package typearea Info: These are the values describing the layout:
(typearea)             DIV  = 15
(typearea)             BCOR = 34.1433pt
(typearea)             \paperwidth      = 597.50793pt
(typearea)              \textwidth      = 450.69174pt
(typearea)              DIV departure   = -15%
(typearea)              \evensidemargin = 2.84528pt
(typearea)              \oddsidemargin  = -0.56906pt
(typearea)             \paperheight     = 845.04694pt
(typearea)              \textheight     = 677.4003pt
(typearea)              \topmargin      = -53.33354pt
(typearea)              \headheight     = 17.0pt
(typearea)              \headsep        = 20.40001pt
(typearea)              \topskip        = 11.0pt
(typearea)              \footskip       = 47.60002pt
(typearea)              \baselineskip   = 13.6pt
(typearea)              on input line 1115.
)
\c@part=\count80
\c@chapter=\count81
\c@section=\count82
\c@subsection=\count83
\c@subsubsection=\count84
\c@paragraph=\count85
\c@subparagraph=\count86
\abovecaptionskip=\skip45
\belowcaptionskip=\skip46
\c@pti@nb@sid@b@x=\box26
\c@figure=\count87
\c@table=\count88
\bibindent=\dimen102
) (data/mathe.sty (data/latexki.sty)
(/usr/share/texmf-texlive/tex/latex/base/inputenc.sty
Package: inputenc 2008/03/30 v1.1d Input encoding file
\inpenc@prehook=\toks15
\inpenc@posthook=\toks16

(/usr/share/texmf-texlive/tex/latex/base/utf8.def
File: utf8.def 2008/04/05 v1.1m UTF-8 support for inputenc
Now handling font encoding OML ...
... no UTF-8 mapping file for font encoding OML
Now handling font encoding T1 ...
... processing UTF-8 mapping file for font encoding T1

(/usr/share/texmf-texlive/tex/latex/base/t1enc.dfu
File: t1enc.dfu 2008/04/05 v1.1m UTF-8 support for inputenc
   defining Unicode char U+00A1 (decimal 161)
   defining Unicode char U+00A3 (decimal 163)
   defining Unicode char U+00AB (decimal 171)
   defining Unicode char U+00BB (decimal 187)
   defining Unicode char U+00BF (decimal 191)
   defining Unicode char U+00C0 (decimal 192)
   defining Unicode char U+00C1 (decimal 193)
   defining Unicode char U+00C2 (decimal 194)
   defining Unicode char U+00C3 (decimal 195)
   defining Unicode char U+00C4 (decimal 196)
   defining Unicode char U+00C5 (decimal 197)
   defining Unicode char U+00C6 (decimal 198)
   defining Unicode char U+00C7 (decimal 199)
   defining Unicode char U+00C8 (decimal 200)
   defining Unicode char U+00C9 (decimal 201)
   defining Unicode char U+00CA (decimal 202)
   defining Unicode char U+00CB (decimal 203)
   defining Unicode char U+00CC (decimal 204)
   defining Unicode char U+00CD (decimal 205)
   defining Unicode char U+00CE (decimal 206)
   defining Unicode char U+00CF (decimal 207)
   defining Unicode char U+00D0 (decimal 208)
   defining Unicode char U+00D1 (decimal 209)
   defining Unicode char U+00D2 (decimal 210)
   defining Unicode char U+00D3 (decimal 211)
   defining Unicode char U+00D4 (decimal 212)
   defining Unicode char U+00D5 (decimal 213)
   defining Unicode char U+00D6 (decimal 214)
   defining Unicode char U+00D8 (decimal 216)
   defining Unicode char U+00D9 (decimal 217)
   defining Unicode char U+00DA (decimal 218)
   defining Unicode char U+00DB (decimal 219)
   defining Unicode char U+00DC (decimal 220)
   defining Unicode char U+00DD (decimal 221)
   defining Unicode char U+00DE (decimal 222)
   defining Unicode char U+00DF (decimal 223)
   defining Unicode char U+00E0 (decimal 224)
   defining Unicode char U+00E1 (decimal 225)
   defining Unicode char U+00E2 (decimal 226)
   defining Unicode char U+00E3 (decimal 227)
   defining Unicode char U+00E4 (decimal 228)
   defining Unicode char U+00E5 (decimal 229)
   defining Unicode char U+00E6 (decimal 230)
   defining Unicode char U+00E7 (decimal 231)
   defining Unicode char U+00E8 (decimal 232)
   defining Unicode char U+00E9 (decimal 233)
   defining Unicode char U+00EA (decimal 234)
   defining Unicode char U+00EB (decimal 235)
   defining Unicode char U+00EC (decimal 236)
   defining Unicode char U+00ED (decimal 237)
   defining Unicode char U+00EE (decimal 238)
   defining Unicode char U+00EF (decimal 239)
   defining Unicode char U+00F0 (decimal 240)
   defining Unicode char U+00F1 (decimal 241)
   defining Unicode char U+00F2 (decimal 242)
   defining Unicode char U+00F3 (decimal 243)
   defining Unicode char U+00F4 (decimal 244)
   defining Unicode char U+00F5 (decimal 245)
   defining Unicode char U+00F6 (decimal 246)
   defining Unicode char U+00F8 (decimal 248)
   defining Unicode char U+00F9 (decimal 249)
   defining Unicode char U+00FA (decimal 250)
   defining Unicode char U+00FB (decimal 251)
   defining Unicode char U+00FC (decimal 252)
   defining Unicode char U+00FD (decimal 253)
   defining Unicode char U+00FE (decimal 254)
   defining Unicode char U+00FF (decimal 255)
   defining Unicode char U+0102 (decimal 258)
   defining Unicode char U+0103 (decimal 259)
   defining Unicode char U+0104 (decimal 260)
   defining Unicode char U+0105 (decimal 261)
   defining Unicode char U+0106 (decimal 262)
   defining Unicode char U+0107 (decimal 263)
   defining Unicode char U+010C (decimal 268)
   defining Unicode char U+010D (decimal 269)
   defining Unicode char U+010E (decimal 270)
   defining Unicode char U+010F (decimal 271)
   defining Unicode char U+0110 (decimal 272)
   defining Unicode char U+0111 (decimal 273)
   defining Unicode char U+0118 (decimal 280)
   defining Unicode char U+0119 (decimal 281)
   defining Unicode char U+011A (decimal 282)
   defining Unicode char U+011B (decimal 283)
   defining Unicode char U+011E (decimal 286)
   defining Unicode char U+011F (decimal 287)
   defining Unicode char U+0130 (decimal 304)
   defining Unicode char U+0131 (decimal 305)
   defining Unicode char U+0132 (decimal 306)
   defining Unicode char U+0133 (decimal 307)
   defining Unicode char U+0139 (decimal 313)
   defining Unicode char U+013A (decimal 314)
   defining Unicode char U+013D (decimal 317)
   defining Unicode char U+013E (decimal 318)
   defining Unicode char U+0141 (decimal 321)
   defining Unicode char U+0142 (decimal 322)
   defining Unicode char U+0143 (decimal 323)
   defining Unicode char U+0144 (decimal 324)
   defining Unicode char U+0147 (decimal 327)
   defining Unicode char U+0148 (decimal 328)
   defining Unicode char U+014A (decimal 330)
   defining Unicode char U+014B (decimal 331)
   defining Unicode char U+0150 (decimal 336)
   defining Unicode char U+0151 (decimal 337)
   defining Unicode char U+0152 (decimal 338)
   defining Unicode char U+0153 (decimal 339)
   defining Unicode char U+0154 (decimal 340)
   defining Unicode char U+0155 (decimal 341)
   defining Unicode char U+0158 (decimal 344)
   defining Unicode char U+0159 (decimal 345)
   defining Unicode char U+015A (decimal 346)
   defining Unicode char U+015B (decimal 347)
   defining Unicode char U+015E (decimal 350)
   defining Unicode char U+015F (decimal 351)
   defining Unicode char U+0160 (decimal 352)
   defining Unicode char U+0161 (decimal 353)
   defining Unicode char U+0162 (decimal 354)
   defining Unicode char U+0163 (decimal 355)
   defining Unicode char U+0164 (decimal 356)
   defining Unicode char U+0165 (decimal 357)
   defining Unicode char U+016E (decimal 366)
   defining Unicode char U+016F (decimal 367)
   defining Unicode char U+0170 (decimal 368)
   defining Unicode char U+0171 (decimal 369)
   defining Unicode char U+0178 (decimal 376)
   defining Unicode char U+0179 (decimal 377)
   defining Unicode char U+017A (decimal 378)
   defining Unicode char U+017B (decimal 379)
   defining Unicode char U+017C (decimal 380)
   defining Unicode char U+017D (decimal 381)
   defining Unicode char U+017E (decimal 382)
   defining Unicode char U+200C (decimal 8204)
   defining Unicode char U+2013 (decimal 8211)
   defining Unicode char U+2014 (decimal 8212)
   defining Unicode char U+2018 (decimal 8216)
   defining Unicode char U+2019 (decimal 8217)
   defining Unicode char U+201A (decimal 8218)
   defining Unicode char U+201C (decimal 8220)
   defining Unicode char U+201D (decimal 8221)
   defining Unicode char U+201E (decimal 8222)
   defining Unicode char U+2030 (decimal 8240)
   defining Unicode char U+2031 (decimal 8241)
   defining Unicode char U+2039 (decimal 8249)
   defining Unicode char U+203A (decimal 8250)
   defining Unicode char U+2423 (decimal 9251)
)
Now handling font encoding OT1 ...
... processing UTF-8 mapping file for font encoding OT1

(/usr/share/texmf-texlive/tex/latex/base/ot1enc.dfu
File: ot1enc.dfu 2008/04/05 v1.1m UTF-8 support for inputenc
   defining Unicode char U+00A1 (decimal 161)
   defining Unicode char U+00A3 (decimal 163)
   defining Unicode char U+00B8 (decimal 184)
   defining Unicode char U+00BF (decimal 191)
   defining Unicode char U+00C5 (decimal 197)
   defining Unicode char U+00C6 (decimal 198)
   defining Unicode char U+00D8 (decimal 216)
   defining Unicode char U+00DF (decimal 223)
   defining Unicode char U+00E6 (decimal 230)
   defining Unicode char U+00EC (decimal 236)
   defining Unicode char U+00ED (decimal 237)
   defining Unicode char U+00EE (decimal 238)
   defining Unicode char U+00EF (decimal 239)
   defining Unicode char U+00F8 (decimal 248)
   defining Unicode char U+0131 (decimal 305)
   defining Unicode char U+0141 (decimal 321)
   defining Unicode char U+0142 (decimal 322)
   defining Unicode char U+0152 (decimal 338)
   defining Unicode char U+0153 (decimal 339)
   defining Unicode char U+2013 (decimal 8211)
   defining Unicode char U+2014 (decimal 8212)
   defining Unicode char U+2018 (decimal 8216)
   defining Unicode char U+2019 (decimal 8217)
   defining Unicode char U+201C (decimal 8220)
   defining Unicode char U+201D (decimal 8221)
)
Now handling font encoding OMS ...
... processing UTF-8 mapping file for font encoding OMS

(/usr/share/texmf-texlive/tex/latex/base/omsenc.dfu
File: omsenc.dfu 2008/04/05 v1.1m UTF-8 support for inputenc
   defining Unicode char U+00A7 (decimal 167)
   defining Unicode char U+00B6 (decimal 182)
   defining Unicode char U+00B7 (decimal 183)
   defining Unicode char U+2020 (decimal 8224)
   defining Unicode char U+2021 (decimal 8225)
   defining Unicode char U+2022 (decimal 8226)
)
Now handling font encoding OMX ...
... no UTF-8 mapping file for font encoding OMX
Now handling font encoding U ...
... no UTF-8 mapping file for font encoding U
   defining Unicode char U+00A9 (decimal 169)
   defining Unicode char U+00AA (decimal 170)
   defining Unicode char U+00AE (decimal 174)
   defining Unicode char U+00BA (decimal 186)
   defining Unicode char U+02C6 (decimal 710)
   defining Unicode char U+02DC (decimal 732)
   defining Unicode char U+200C (decimal 8204)
   defining Unicode char U+2026 (decimal 8230)
   defining Unicode char U+2122 (decimal 8482)
   defining Unicode char U+2423 (decimal 9251)
))
(/usr/share/texmf-texlive/tex/generic/babel/babel.sty
Package: babel 2008/07/06 v3.8l The Babel package

(/usr/share/texmf-texlive/tex/generic/babel/ngermanb.ldf
Language: ngermanb 2008/07/06 v2.6n new German support from the babel system

(/usr/share/texmf-texlive/tex/generic/babel/babel.def
File: babel.def 2008/07/06 v3.8l Babel common definitions
\babel@savecnt=\count89
\U@D=\dimen103
)
\l@naustrian = a dialect from \language\l@ngerman 
Package babel Info: Making " an active character on input line 92.
))
(/usr/share/texmf-texlive/tex/latex/base/fontenc.sty
Package: fontenc 2005/09/27 v1.99g Standard LaTeX package

(/usr/share/texmf-texlive/tex/latex/base/t1enc.def
File: t1enc.def 2005/09/27 v1.99g Standard LaTeX file
LaTeX Font Info:    Redeclaring font encoding T1 on input line 43.
))
(/usr/share/texmf-texlive/tex/latex/amsfonts/amsfonts.sty
Package: amsfonts 2009/06/22 v3.00 Basic AMSFonts support
\@emptytoks=\toks17
\symAMSa=\mathgroup4
\symAMSb=\mathgroup5
LaTeX Font Info:    Overwriting math alphabet `\mathfrak' in version `bold'
(Font)                  U/euf/m/n --> U/euf/b/n on input line 96.
)
(/usr/share/texmf-texlive/tex/latex/amsfonts/amssymb.sty
Package: amssymb 2009/06/22 v3.00
)
(/usr/share/texmf-texlive/tex/latex/amsmath/amsmath.sty
Package: amsmath 2000/07/18 v2.13 AMS math features
\@mathmargin=\skip47

For additional information on amsmath, use the `?' option.
(/usr/share/texmf-texlive/tex/latex/amsmath/amstext.sty
Package: amstext 2000/06/29 v2.01

(/usr/share/texmf-texlive/tex/latex/amsmath/amsgen.sty
File: amsgen.sty 1999/11/30 v2.0
\@emptytoks=\toks18
\ex@=\dimen104
))
(/usr/share/texmf-texlive/tex/latex/amsmath/amsbsy.sty
Package: amsbsy 1999/11/29 v1.2d
\pmbraise@=\dimen105
)
(/usr/share/texmf-texlive/tex/latex/amsmath/amsopn.sty
Package: amsopn 1999/12/14 v2.01 operator names
)
\inf@bad=\count90
LaTeX Info: Redefining \frac on input line 211.
\uproot@=\count91
\leftroot@=\count92
LaTeX Info: Redefining \overline on input line 307.
\classnum@=\count93
\DOTSCASE@=\count94
LaTeX Info: Redefining \ldots on input line 379.
LaTeX Info: Redefining \dots on input line 382.
LaTeX Info: Redefining \cdots on input line 467.
\Mathstrutbox@=\box27
\strutbox@=\box28
\big@size=\dimen106
LaTeX Font Info:    Redeclaring font encoding OML on input line 567.
LaTeX Font Info:    Redeclaring font encoding OMS on input line 568.
\macc@depth=\count95
\c@MaxMatrixCols=\count96
\dotsspace@=\muskip10
\c@parentequation=\count97
\dspbrk@lvl=\count98
\tag@help=\toks19
\row@=\count99
\column@=\count100
\maxfields@=\count101
\andhelp@=\toks20
\eqnshift@=\dimen107
\alignsep@=\dimen108
\tagshift@=\dimen109
\tagwidth@=\dimen110
\totwidth@=\dimen111
\lineht@=\dimen112
\@envbody=\toks21
\multlinegap=\skip48
\multlinetaggap=\skip49
\mathdisplay@stack=\toks22
LaTeX Info: Redefining \[ on input line 2666.
LaTeX Info: Redefining \] on input line 2667.
)
(/usr/share/texmf-texlive/tex/latex/stmaryrd/stmaryrd.sty
Package: stmaryrd 1994/03/03 St Mary's Road symbol package
\symstmry=\mathgroup6
LaTeX Font Info:    Overwriting symbol font `stmry' in version `bold'
(Font)                  U/stmry/m/n --> U/stmry/b/n on input line 89.
)
(/usr/share/texmf-texlive/tex/latex/tools/verbatim.sty
Package: verbatim 2003/08/22 v1.5q LaTeX2e package for verbatim enhancements
\every@verbatim=\toks23
\verbatim@line=\toks24
\verbatim@in@stream=\read1
)
(/usr/share/texmf-texlive/tex/latex/base/ifthen.sty
Package: ifthen 2001/05/26 v1.1c Standard LaTeX ifthen package (DPC)
)
(/usr/share/texmf-texlive/tex/latex/ntheorem/ntheorem.sty
Style `ntheorem', Version 1.25 <2005/07/07>
Package: ntheorem 2005/07/07 1.25
\theorem@style=\toks25
\theorem@@style=\toks26
\theorembodyfont=\toks27
\theoremnumbering=\toks28
\theorempreskipamount=\skip50
\theorempostskipamount=\skip51
\theoremindent=\dimen113
\theorem@indent=\dimen114
\theoremheaderfont=\toks29
\theoremseparator=\toks30
\theoremprework=\toks31
\theorempostwork=\toks32
\theoremsymbol=\toks33
\qedsymbol=\toks34
\theoremkeyword=\toks35
\qedsymbol=\toks36
\thm@topsepadd=\skip52
Package ntheorem Info: Option `thmmarks' loaded on input line 1029.
\c@endNonectr=\count102
\c@currNonectr=\count103
\mysavskip=\skip53
Package ntheorem Info: option `amsmath' handling for `thmmarks' loaded on input
 line 1029.
\thm@amstmpdepth=\dimen115
\shadecolor=\toks37
) (/usr/share/texmf-texlive/tex/latex/ltxmisc/framed.sty
Package: framed 2007/10/04 v 0.95: framed or shaded text with page breaks
\fb@frw=\dimen116
\fb@frh=\dimen117
\FrameRule=\dimen118
\FrameSep=\dimen119
)
(/usr/share/texmf-texlive/tex/latex/pstricks/pstricks.sty
Package: pstricks 2008/11/26 v0.40 LaTeX wrapper for `PSTricks' (RN,HV)

(/usr/share/texmf-texlive/tex/generic/pstricks/pstricks.tex
`PSTricks' v1.29  <2009/05/19> (tvz)
\pst@dima=\dimen120
\pst@dimb=\dimen121
\pst@dimc=\dimen122
\pst@dimd=\dimen123
\pst@dimg=\dimen124
\pst@dimh=\dimen125
\pst@hbox=\box29
\pst@boxg=\box30
\pst@cnta=\count104
\pst@cntb=\count105
\pst@cntc=\count106
\pst@cntd=\count107
\pst@cntg=\count108
\pst@cnth=\count109
\pst@toks=\toks38
(/usr/share/texmf-texlive/tex/generic/pstricks/pstricks.con)
\psunit=\dimen126
\psxunit=\dimen127
\psyunit=\dimen128
\pslinewidth=\dimen129
\pst@customdefs=\toks39
\pslinearc=\dimen130
\everypsbox=\toks40
\psframesep=\dimen131
\pslabelsep=\dimen132
\pst@shift=\dimen133
\theoverlaybox=\box31
)
File: pstricks.tex 2009/05/19 v1.29 `PSTricks' (tvz,hv)

(/usr/share/texmf/tex/latex/xcolor/xcolor.sty
Package: xcolor 2007/01/21 v2.11 LaTeX color extensions (UK)

(/etc/texmf/tex/latex/config/color.cfg
File: color.cfg 2007/01/18 v1.5 color configuration of teTeX/TeXLive
)
Package xcolor Info: Driver file: pdftex.def on input line 225.

(/usr/share/texmf-texlive/tex/latex/pdftex-def/pdftex.def
File: pdftex.def 2010/03/12 v0.04p Graphics/color for pdfTeX
\Gread@gobject=\count110
)
Package xcolor Info: Model `cmy' substituted by `cmy0' on input line 1337.
Package xcolor Info: Model `hsb' substituted by `rgb' on input line 1341.
Package xcolor Info: Model `RGB' extended on input line 1353.
Package xcolor Info: Model `HTML' substituted by `rgb' on input line 1355.
Package xcolor Info: Model `Hsb' substituted by `hsb' on input line 1356.
Package xcolor Info: Model `tHsb' substituted by `hsb' on input line 1357.
Package xcolor Info: Model `HSB' substituted by `hsb' on input line 1358.
Package xcolor Info: Model `Gray' substituted by `gray' on input line 1359.
Package xcolor Info: Model `wave' substituted by `hsb' on input line 1360.
))
(/usr/share/texmf-texlive/tex/latex/carlisle/slashed.sty
Package: slashed 1997/01/16 v0.01 Feynman Slashed Character Notation (DPC)
)
(/usr/share/texmf-texlive/tex/latex/base/makeidx.sty
Package: makeidx 2000/03/29 v1.0m Standard LaTeX package
)
(/usr/share/texmf-texlive/tex/latex/wasysym/wasysym.sty
Package: wasysym 2003/10/30 v2.0 Wasy-2 symbol support package
\symwasy=\mathgroup7
LaTeX Font Info:    Overwriting symbol font `wasy' in version `bold'
(Font)                  U/wasy/m/n --> U/wasy/b/n on input line 90.
)
(/usr/share/texmf-texlive/tex/latex/jknapltx/mathrsfs.sty
Package: mathrsfs 1996/01/01 Math RSFS package v1.0 (jk)
\symrsfs=\mathgroup8
)
(/usr/share/texmf-texlive/tex/latex/mh/mathtools.sty
Package: mathtools 2008/08/01 v1.06 mathematical typesetting tools (MH)

(/usr/share/texmf-texlive/tex/latex/tools/calc.sty
Package: calc 2007/08/22 v4.3 Infix arithmetic (KKT,FJ)
\calc@Acount=\count111
\calc@Bcount=\count112
\calc@Adimen=\dimen134
\calc@Bdimen=\dimen135
\calc@Askip=\skip54
\calc@Bskip=\skip55
LaTeX Info: Redefining \setlength on input line 76.
LaTeX Info: Redefining \addtolength on input line 77.
\calc@Ccount=\count113
\calc@Cskip=\skip56
)
(/usr/share/texmf-texlive/tex/latex/mh/mhsetup.sty
Package: mhsetup 2007/12/03 v1.2 programming setup (MH)
)
\g_MT_multlinerow_int=\count114
\l_MT_multwidth_dim=\dimen136
)
(/usr/share/texmf-texlive/tex/latex/doublestroke/dsfont.sty
Package: dsfont 1995/08/01 v0.1 Double stroke roman fonts
)
(/usr/share/texmf-texlive/tex/latex/hyperref/hyperref.sty
Package: hyperref 2009/10/09 v6.79a Hypertext links for LaTeX

(/usr/share/texmf-texlive/tex/generic/oberdiek/ifpdf.sty
Package: ifpdf 2009/04/10 v2.0 Provides the ifpdf switch (HO)
Package ifpdf Info: pdfTeX in pdf mode detected.
)
(/usr/share/texmf-texlive/tex/generic/oberdiek/ifvtex.sty
Package: ifvtex 2008/11/04 v1.4 Switches for detecting VTeX and its modes (HO)
Package ifvtex Info: VTeX not detected.
)
(/usr/share/texmf-texlive/tex/generic/ifxetex/ifxetex.sty
Package: ifxetex 2009/01/23 v0.5 Provides ifxetex conditional
)
(/usr/share/texmf-texlive/tex/latex/oberdiek/hycolor.sty
Package: hycolor 2009/10/02 v1.5 Code for color options of hyperref/bookmark (H
O)

(/usr/share/texmf-texlive/tex/latex/oberdiek/xcolor-patch.sty
Package: xcolor-patch 2009/10/02 xcolor patch
))
\@linkdim=\dimen137
\Hy@linkcounter=\count115
\Hy@pagecounter=\count116

(/usr/share/texmf-texlive/tex/latex/hyperref/pd1enc.def
File: pd1enc.def 2009/10/09 v6.79a Hyperref: PDFDocEncoding definition (HO)
Now handling font encoding PD1 ...
... no UTF-8 mapping file for font encoding PD1
)
(/usr/share/texmf-texlive/tex/generic/oberdiek/etexcmds.sty
Package: etexcmds 2007/12/12 v1.2 Prefix for e-TeX command names (HO)

(/usr/share/texmf-texlive/tex/generic/oberdiek/infwarerr.sty
Package: infwarerr 2007/09/09 v1.2 Providing info/warning/message (HO)
)
Package etexcmds Info: Could not find \expanded.
(etexcmds)             That can mean that you are not using pdfTeX 1.50 or
(etexcmds)             that some package has redefined \expanded.
(etexcmds)             In the latter case, load this package earlier.
)
(/usr/share/texmf-texlive/tex/latex/latexconfig/hyperref.cfg
File: hyperref.cfg 2002/06/06 v1.2 hyperref configuration of TeXLive
)
(/usr/share/texmf-texlive/tex/latex/oberdiek/kvoptions.sty
Package: kvoptions 2009/08/13 v3.4 Keyval support for LaTeX options (HO)

(/usr/share/texmf-texlive/tex/generic/oberdiek/kvsetkeys.sty
Package: kvsetkeys 2009/07/30 v1.5 Key value parser with default handler suppor
t (HO)
))
Package hyperref Info: Option `bookmarks' set `true' on input line 2864.
Package hyperref Info: Option `bookmarksnumbered' set `true' on input line 2864
.
Package hyperref Info: Option `hypertexnames' set `false' on input line 2864.
Package hyperref Info: Option `colorlinks' set `true' on input line 2864.
Package hyperref Info: Hyper figures OFF on input line 2975.
Package hyperref Info: Link nesting OFF on input line 2980.
Package hyperref Info: Hyper index ON on input line 2983.
Package hyperref Info: Plain pages OFF on input line 2990.
Package hyperref Info: Backreferencing OFF on input line 2995.

Implicit mode ON; LaTeX internals redefined
Package hyperref Info: Bookmarks ON on input line 3191.
(/usr/share/texmf-texlive/tex/latex/ltxmisc/url.sty
\Urlmuskip=\muskip11
Package: url 2006/04/12  ver 3.3  Verb mode for urls, etc.
)
LaTeX Info: Redefining \url on input line 3428.

(/usr/share/texmf-texlive/tex/generic/oberdiek/bitset.sty
Package: bitset 2007/09/28 v1.0 Data type bit set (HO)

(/usr/share/texmf-texlive/tex/generic/oberdiek/intcalc.sty
Package: intcalc 2007/09/27 v1.1 Expandable integer calculations (HO)
)
(/usr/share/texmf-texlive/tex/generic/oberdiek/bigintcalc.sty
Package: bigintcalc 2007/11/11 v1.1 Expandable big integer calculations (HO)

(/usr/share/texmf-texlive/tex/generic/oberdiek/pdftexcmds.sty
Package: pdftexcmds 2009/09/23 v0.6 LuaTeX support for pdfTeX utility functions
 (HO)

(/usr/share/texmf-texlive/tex/generic/oberdiek/ifluatex.sty
Package: ifluatex 2009/04/17 v1.2 Provides the ifluatex switch (HO)
Package ifluatex Info: LuaTeX not detected.
)
(/usr/share/texmf-texlive/tex/generic/oberdiek/ltxcmds.sty
Package: ltxcmds 2009/08/05 v1.0 Some LaTeX kernel commands for general use (HO
)
)
Package pdftexcmds Info: LuaTeX not detected.
Package pdftexcmds Info: \pdf@primitive is available.
Package pdftexcmds Info: \pdf@ifprimitive is available.
)))
\Fld@menulength=\count117
\Field@Width=\dimen138
\Fld@charsize=\dimen139
\Field@toks=\toks41
Package hyperref Info: Hyper figures OFF on input line 4377.
Package hyperref Info: Link nesting OFF on input line 4382.
Package hyperref Info: Hyper index ON on input line 4385.
Package hyperref Info: backreferencing OFF on input line 4392.
Package hyperref Info: Link coloring ON on input line 4395.
Package hyperref Info: Link coloring with OCG OFF on input line 4402.
Package hyperref Info: PDF/A mode OFF on input line 4407.

(/usr/share/texmf-texlive/tex/generic/oberdiek/atbegshi.sty
Package: atbegshi 2008/07/31 v1.9 At begin shipout hook (HO)
)
\Hy@abspage=\count118
\c@Item=\count119
\c@Hfootnote=\count120
)
*hyperref using default driver hpdftex*
(/usr/share/texmf-texlive/tex/latex/hyperref/hpdftex.def
File: hpdftex.def 2009/10/09 v6.79a Hyperref driver for pdfTeX
\Fld@listcount=\count121
)
(/usr/share/texmf-texlive/tex/latex/etex-pkg/etex.sty
Package: etex 1998/03/26 v2.0 eTeX basic definition package (PEB)
\et@xins=\count122
))
(data/saetze-leuzinger.sty
\c@currsatzctr=\count123
\c@endsatzctr=\count124
\c@satz=\count125
\c@currlemmactr=\count126
\c@endlemmactr=\count127
\c@lemma=\count128
\c@currwichtigedefinitionctr=\count129
\c@endwichtigedefinitionctr=\count130
\c@curranwendungctr=\count131
\c@endanwendungctr=\count132
\c@currwichtigesbeispielctr=\count133
\c@endwichtigesbeispielctr=\count134
\c@currwichtigebemerkungctr=\count135
\c@endwichtigebemerkungctr=\count136
\c@currwichtigebeispieleXctr=\count137
\c@endwichtigebeispieleXctr=\count138
\c@currwichtigerhilfssatzctr=\count139
\c@endwichtigerhilfssatzctr=\count140
\c@curraxiomctr=\count141
\c@endaxiomctr=\count142
\c@currhilfssatzctr=\count143
\c@endhilfssatzctr=\count144
\c@hilfssatz=\count145
\c@currkorrolarctr=\count146
\c@endkorrolarctr=\count147
\c@korrolar=\count148
\c@currsatz*ctr=\count149
\c@endsatz*ctr=\count150
\c@satz*=\count151
\c@currplaindefinitionctr=\count152
\c@endplaindefinitionctr=\count153
\c@plaindefinition=\count154
\envbox=\box32
\c@currbeweisctr=\count155
\c@endbeweisctr=\count156
\c@beweis=\count157
\c@currbeispielctr=\count158
\c@endbeispielctr=\count159
\c@beispiel=\count160
\c@currbeispieleXctr=\count161
\c@endbeispieleXctr=\count162
\c@beispieleX=\count163
\c@currvereinbarungctr=\count164
\c@endvereinbarungctr=\count165
\c@vereinbarung=\count166
\c@currbemerkungctr=\count167
\c@endbemerkungctr=\count168
\c@bemerkung=\count169
\c@currbemerkungenXctr=\count170
\c@endbemerkungenXctr=\count171
\c@bemerkungenX=\count172
\c@currmotivationctr=\count173
\c@endmotivationctr=\count174
\c@motivation=\count175
\c@currschreibweisenctr=\count176
\c@endschreibweisenctr=\count177
\c@schreibweisen=\count178
\c@currerinnerungctr=\count179
\c@enderinnerungctr=\count180
\c@erinnerung=\count181
\c@currvorbetrachtungenctr=\count182
\c@endvorbetrachtungenctr=\count183
\c@vorbetrachtungen=\count184
\c@currfolgerungctr=\count185
\c@endfolgerungctr=\count186
\c@currfolgerungenctr=\count187
\c@endfolgerungenctr=\count188
\c@currfolgerung*ctr=\count189
\c@endfolgerung*ctr=\count190
)
\c@folgerung*=\count191
 (/usr/share/texmf-texlive/tex/latex/skull/skull.sty
Package: skull 2002/01/23 v0.1 (c) Henrik Christian Grove <grove@math.ku.dk>
\symSKULL=\mathgroup9
) (data/faktor.sty
Package: faktor 2006/04/05 v0.1b Faktor-Ringe, -Gruppen, -Raeume (PE)
\faktor@zaehlerhoehe=\skip57
\faktor@nennerhoehe=\skip58
) (/usr/share/texmf-texlive/tex/latex/tools/enumerate.sty
Package: enumerate 1999/03/05 v3.00 enumerate extensions (DPC)
\@enLab=\toks42
)
\@indexfile=\write3
\openout3 = `RieGeo.idx'.


Writing index file RieGeo.idx
(./RieGeo.aux)
\openout1 = `RieGeo.aux'.

LaTeX Font Info:    Checking defaults for OML/cmm/m/it on input line 28.
LaTeX Font Info:    ... okay on input line 28.
LaTeX Font Info:    Checking defaults for T1/cmr/m/n on input line 28.
LaTeX Font Info:    ... okay on input line 28.
LaTeX Font Info:    Checking defaults for OT1/cmr/m/n on input line 28.
LaTeX Font Info:    ... okay on input line 28.
LaTeX Font Info:    Checking defaults for OMS/cmsy/m/n on input line 28.
LaTeX Font Info:    ... okay on input line 28.
LaTeX Font Info:    Checking defaults for OMX/cmex/m/n on input line 28.
LaTeX Font Info:    ... okay on input line 28.
LaTeX Font Info:    Checking defaults for U/cmr/m/n on input line 28.
LaTeX Font Info:    ... okay on input line 28.
LaTeX Font Info:    Checking defaults for PD1/pdf/m/n on input line 28.
LaTeX Font Info:    ... okay on input line 28.
 (/usr/share/texmf-texlive/tex/context/base/supp-pdf.mkii
[Loading MPS to PDF converter (version 2006.09.02).]
\scratchcounter=\count192
\scratchdimen=\dimen140
\scratchbox=\box33
\nofMPsegments=\count193
\nofMParguments=\count194
\everyMPshowfont=\toks43
\MPscratchCnt=\count195
\MPscratchDim=\dimen141
\MPnumerator=\count196
\everyMPtoPDFconversion=\toks44
)
Package hyperref Info: Link coloring ON on input line 28.
 (/usr/share/texmf-texlive/tex/latex/hyperref/nameref.sty
Package: nameref 2007/05/29 v2.31 Cross-referencing by name of section

(/usr/share/texmf-texlive/tex/latex/oberdiek/refcount.sty
Package: refcount 2008/08/11 v3.1 Data extraction from references (HO)
)
\c@section@level=\count197
)
LaTeX Info: Redefining \ref on input line 28.
LaTeX Info: Redefining \pageref on input line 28.
 (./RieGeo.out)
(./RieGeo.out)
\@outlinefile=\write4
\openout4 = `RieGeo.out'.

\AtBeginShipoutBox=\box34
LaTeX Font Info:    Try loading font information for T1+cmss on input line 30.
 (/usr/share/texmf-texlive/tex/latex/base/t1cmss.fd
File: t1cmss.fd 1999/05/25 v2.5h Standard LaTeX font definitions
)
LaTeX Font Info:    Try loading font information for U+msa on input line 30.

(/usr/share/texmf-texlive/tex/latex/amsfonts/umsa.fd
File: umsa.fd 2009/06/22 v3.00 AMS symbols A
)
LaTeX Font Info:    Try loading font information for U+msb on input line 30.

(/usr/share/texmf-texlive/tex/latex/amsfonts/umsb.fd
File: umsb.fd 2009/06/22 v3.00 AMS symbols B
)
LaTeX Font Info:    Try loading font information for U+stmry on input line 30.

(/usr/share/texmf-texlive/tex/latex/stmaryrd/Ustmry.fd)
LaTeX Font Info:    Try loading font information for U+wasy on input line 30.

(/usr/share/texmf-texlive/tex/latex/wasysym/uwasy.fd
File: uwasy.fd 2003/10/30 v2.0 Wasy-2 symbol font definitions
)
LaTeX Font Info:    Try loading font information for U+rsfs on input line 30.

(/usr/share/texmf-texlive/tex/latex/jknapltx/ursfs.fd
File: ursfs.fd 1998/03/24 rsfs font definition file (jk)
)
LaTeX Font Info:    Try loading font information for T1+cmtt on input line 30.

(/usr/share/texmf-texlive/tex/latex/base/t1cmtt.fd
File: t1cmtt.fd 1999/05/25 v2.5h Standard LaTeX font definitions
) [1
Non-PDF special ignored!
Non-PDF special ignored!
Non-PDF special ignored!



{/var/lib/texmf/fonts/map/pdftex/updmap/pdftex.map}]
[2

]

Package hyperref Warning: No destination for bookmark of \addcontentsline,
(hyperref)                destination is added on input line 36.

(./RieGeo.toc
Class scrbook Info: You've told me to use the font selection of the element
(scrbook)           `sectioning' that is an alias of element `disposition'
(scrbook)            on input line 2.
Class scrbook Info: You've told me to use the font selection of the element
(scrbook)           `sectioning' that is an alias of element `disposition'
(scrbook)            on input line 3.
Class scrbook Info: You've told me to use the font selection of the element
(scrbook)           `sectioning' that is an alias of element `disposition'
(scrbook)            on input line 4.
Class scrbook Info: You've told me to use the font selection of the element
(scrbook)           `sectioning' that is an alias of element `disposition'
(scrbook)            on input line 12.
Class scrbook Info: You've told me to use the font selection of the element
(scrbook)           `sectioning' that is an alias of element `disposition'
(scrbook)            on input line 21.
Class scrbook Info: You've told me to use the font selection of the element
(scrbook)           `sectioning' that is an alias of element `disposition'
(scrbook)            on input line 27.
Class scrbook Info: You've told me to use the font selection of the element
(scrbook)           `sectioning' that is an alias of element `disposition'
(scrbook)            on input line 34.
Class scrbook Info: You've told me to use the font selection of the element
(scrbook)           `sectioning' that is an alias of element `disposition'
(scrbook)            on input line 38.
Class scrbook Info: You've told me to use the font selection of the element
(scrbook)           `sectioning' that is an alias of element `disposition'
(scrbook)            on input line 42.
 [3


]
Class scrbook Info: You've told me to use the font selection of the element
(scrbook)           `sectioning' that is an alias of element `disposition'
(scrbook)            on input line 46.
Class scrbook Info: You've told me to use the font selection of the element
(scrbook)           `sectioning' that is an alias of element `disposition'
(scrbook)            on input line 47.
)
\tf@toc=\write5
\openout5 = `RieGeo.toc'.

 [4]
Kapitel II.
[5


] [6


]
Kapitel 1.
[7]
Package hyperref Info: bookmark level for unknown plaindefinition defaults to 0
 on input line 110.

Overfull \hbox (6.79999pt too wide) in paragraph at lines 111--112
[][][][]
 []


Underfull \hbox (badness 10000) in paragraph at lines 111--112

 []

Package hyperref Info: bookmark level for unknown beispieleX defaults to 0 on i
nput line 113.
Package hyperref Info: bookmark level for unknown bemerkung defaults to 0 on in
put line 117.

Overfull \hbox (22.12735pt too wide) detected at line 138
\OT1/cmr/m/n/10.95 (\OML/cmm/m/it/10.95 u[]; u[]\OT1/cmr/m/n/10.95 ) [] (\OML/c
mm/m/it/10.95 u[]; u[]; []\OT1/cmr/m/n/10.95 ) [] (\OML/cmm/m/it/10.95 u[]; []\
OT1/cmr/m/n/10.95 ) ((\OML/cmm/m/it/10.95 u[]\OT1/cmr/m/n/10.95 )[] + (\OML/cmm
/m/it/10.95 u[]\OT1/cmr/m/n/10.95 )[] \OML/cmm/m/it/10.95 < \OT1/cmr/m/n/10.95 
1)
 []


Overfull \hbox (34.17505pt too wide) in paragraph at lines 151--152
[][][][]
 []


Underfull \hbox (badness 10000) in paragraph at lines 151--152

 []

[8] [9]
Package hyperref Info: bookmark level for unknown beispiel defaults to 0 on inp
ut line 209.

Overfull \hbox (32.26505pt too wide) in paragraph at lines 210--213
\T1/cmr/m/n/10.95 ist ei-ne $\OML/cmm/m/it/10.95 n[]$\T1/cmr/m/n/10.95 -dimensi
onale dif-fe-ren-zier-ba-re Man-nig-fal-tig-keit: $\U/msb/m/n/10.95 R[] \OT1/cm
r/m/n/10.95 = \U/msb/m/n/10.95 R[]$ \T1/cmr/m/n/10.95 ist ei-ne $\OML/cmm/m/it/
10.95 n[]$\T1/cmr/m/n/10.95 -differenzierbare
 []


Overfull \hbox (6.79999pt too wide) in paragraph at lines 253--254
[][][]
 []


Underfull \hbox (badness 10000) in paragraph at lines 253--254

 []

[10]
LaTeX Font Info:    Try loading font information for OMS+cmr on input line 264.

 (/usr/share/texmf-texlive/tex/latex/base/omscmr.fd
File: omscmr.fd 1999/05/25 v2.5h Standard LaTeX font definitions
)
LaTeX Font Info:    Font shape `OMS/cmr/m/n' in size <10.95> not available
(Font)              Font shape `OMS/cmsy/m/n' tried instead on input line 264.

Overfull \hbox (6.79999pt too wide) in paragraph at lines 270--271
[][][][]
 []


Underfull \hbox (badness 10000) in paragraph at lines 270--271

 []


Overfull \hbox (6.79999pt too wide) in paragraph at lines 285--286
[][][][]
 []


Underfull \hbox (badness 10000) in paragraph at lines 285--286

 []

[11]
Overfull \hbox (6.79999pt too wide) in paragraph at lines 315--316
[][][][]
 []


Underfull \hbox (badness 10000) in paragraph at lines 315--316

 []


Overfull \hbox (6.79999pt too wide) in paragraph at lines 324--325
[][][][]
 []


Underfull \hbox (badness 10000) in paragraph at lines 324--325

 []

Package hyperref Info: bookmark level for unknown lemma defaults to 0 on input 
line 333.
Package hyperref Info: bookmark level for unknown beweis defaults to 0 on input
 line 342.
[12]
Package hyperref Info: bookmark level for unknown satz defaults to 0 on input l
ine 385.
 [13] [14]
Overfull \hbox (6.79999pt too wide) in paragraph at lines 456--457
[][][][]
 []


Underfull \hbox (badness 10000) in paragraph at lines 456--457

 []

[15]
Overfull \hbox (6.79999pt too wide) in paragraph at lines 504--505
[][][][]
 []


Underfull \hbox (badness 10000) in paragraph at lines 504--505

 []

[16]
Overfull \hbox (6.79999pt too wide) in paragraph at lines 554--555
[][][][]
 []


Underfull \hbox (badness 10000) in paragraph at lines 554--555

 []

[17] [18]
Package hyperref Info: bookmark level for unknown satz* defaults to 0 on input 
line 626.
Package hyperref Info: bookmark level for unknown bemerkungenX defaults to 0 on
 input line 638.
 [19]
Overfull \hbox (6.79999pt too wide) in paragraph at lines 684--685
[][][][]
 []


Underfull \hbox (badness 10000) in paragraph at lines 684--685

 []


Overfull \hbox (6.79999pt too wide) in paragraph at lines 708--709
[][][][]
 []


Underfull \hbox (badness 10000) in paragraph at lines 708--709

 []

[20]
Overfull \hbox (6.79999pt too wide) in paragraph at lines 750--751
[][][][]
 []


Underfull \hbox (badness 10000) in paragraph at lines 750--751

 []

[21]
Package hyperref Info: bookmark level for unknown korrolar defaults to 0 on inp
ut line 774.
 [22]
Kapitel 2.

Overfull \hbox (6.79999pt too wide) in paragraph at lines 810--811
[][][][]
 []


Underfull \hbox (badness 10000) in paragraph at lines 810--811

 []


Overfull \hbox (17.67882pt too wide) in paragraph at lines 816--817
[]\T1/cmr/m/n/10.95 Der Isometrie-Begriff auf Rie-mann'schen Man-nig-fal-tig-ke
i-ten: Ein Dif-feo-mor-phis-mus $\OT1/cmr/m/n/10.95 ^^H : (\OML/cmm/m/it/10.95 
M; \OMS/cmsy/m/n/10.95 h^^A\OML/cmm/m/it/10.95 ; \OMS/cmsy/m/n/10.95 ^^Ai\OT1/c
mr/m/n/10.95 ) \OMS/cmsy/m/n/10.95 !
 []


Package hyperref Warning: Token not allowed in a PDF string (PDFDocEncoding):
(hyperref)                removing `math shift' on input line 823.


Package hyperref Warning: Token not allowed in a PDF string (PDFDocEncoding):
(hyperref)                removing `math shift' on input line 823.

[23


]

Package hyperref Warning: Token not allowed in a PDF string (PDFDocEncoding):
(hyperref)                removing `math shift' on input line 826.


Package hyperref Warning: Token not allowed in a PDF string (PDFDocEncoding):
(hyperref)                removing `math shift' on input line 826.

[24]
Overfull \hbox (6.79999pt too wide) in paragraph at lines 890--891
[][][][]
 []


Underfull \hbox (badness 10000) in paragraph at lines 890--891

 []

[25] [26] [27] [28]
Kapitel 3.

Overfull \hbox (6.79999pt too wide) in paragraph at lines 1048--1049
[][][]
 []


Underfull \hbox (badness 10000) in paragraph at lines 1048--1049

 []

[29


]
Overfull \hbox (6.79999pt too wide) in paragraph at lines 1078--1079
[][][][]
 []


Underfull \hbox (badness 10000) in paragraph at lines 1078--1079

 []

[30]
Overfull \hbox (6.79999pt too wide) in paragraph at lines 1102--1103
[][][][]
 []


Underfull \hbox (badness 10000) in paragraph at lines 1102--1103

 []


Overfull \hbox (6.79999pt too wide) in paragraph at lines 1128--1129
[][][][]
 []


Underfull \hbox (badness 10000) in paragraph at lines 1128--1129

 []

[31]
Overfull \hbox (0.51794pt too wide) in paragraph at lines 1138--1139
[]$\OT1/cmr/m/n/10.95 (\OMS/cmsy/m/n/10.95 ^^C\OT1/cmr/m/n/10.95 )  =[]\OMS/cms
y/m/n/10.95 ) $ \T1/cmr/m/n/10.95 ver-träg-lich: $\OML/cmm/m/it/10.95 V$\T1/cmr
/m/n/10.95 , $\OML/cmm/m/it/10.95 W$ \T1/cmr/m/n/10.95 par-al-lel ist äqui-va-l
ent zu $\OML/cmm/m/it/10.95 D[]V \OT1/cmr/m/n/10.95 = \OML/cmm/m/it/10.95 D[]W 
\OT1/cmr/m/n/10.95 = 0$\T1/cmr/m/n/10.95 , al-so $[]\OMS/cmsy/m/n/10.95 h\OML/c
mm/m/it/10.95 V\OT1/cmr/m/n/10.95 (\OML/cmm/m/it/10.95 t\OT1/cmr/m/n/10.95 )\OM
L/cmm/m/it/10.95 ; W\OT1/cmr/m/n/10.95 (\OML/cmm/m/it/10.95 t\OT1/cmr/m/n/10.95
 )\OMS/cmsy/m/n/10.95 i[] \OT1/cmr/m/n/10.95 =
 []

[32]
Overfull \hbox (6.79999pt too wide) in paragraph at lines 1168--1169
[][][][]
 []


Underfull \hbox (badness 10000) in paragraph at lines 1168--1169

 []

[33] [34]
Kapitel 4.
[35


]

Package hyperref Warning: Token not allowed in a PDF string (PDFDocEncoding):
(hyperref)                removing `math shift' on input line 1274.


Package hyperref Warning: Token not allowed in a PDF string (PDFDocEncoding):
(hyperref)                removing `math shift' on input line 1274.


Overfull \hbox (6.79999pt too wide) in paragraph at lines 1299--1300
[][][][]
 []


Underfull \hbox (badness 10000) in paragraph at lines 1299--1300

 []

[36] [37]
Overfull \hbox (6.79999pt too wide) in paragraph at lines 1354--1355
[][][][]
 []


Underfull \hbox (badness 10000) in paragraph at lines 1354--1355

 []


Overfull \hbox (10.73517pt too wide) in paragraph at lines 1370--1371
[]\T1/cmr/m/n/10.95 Wir be-nut-zen den Um-kehrs-atz für Man-nig-fal-tig-keit (S
atz [][]1.2[][]). Zu zei-gen ist: $\OML/cmm/m/it/10.95 d [][] \OMS/cmsy/m/n/10.
95 j[] \OT1/cmr/m/n/10.95 : \OML/cmm/m/it/10.95 T[]\OT1/cmr/m/n/10.95 (\OML/cmm
/m/it/10.95 B[]\OT1/cmr/m/n/10.95 (0)) []
 []


Overfull \hbox (13.99246pt too wide) in paragraph at lines 1372--1373
[]\T1/cmr/m/n/10.95 Wähle da-zu die Kur-ve $\OML/cmm/m/it/10.95 c\OT1/cmr/m/n/1
0.95 (\OML/cmm/m/it/10.95 t\OT1/cmr/m/n/10.95 ) = \OML/cmm/m/it/10.95 tv$ \T1/c
mr/m/n/10.95 (mit $\OML/cmm/m/it/10.95 c\OT1/cmr/m/n/10.95 (0) = 0$\T1/cmr/m/n/
10.95 , $\OML/cmm/m/it/10.95 c[]\OT1/cmr/m/n/10.95 (0) = \OML/cmm/m/it/10.95 v$
\T1/cmr/m/n/10.95 ). Dann ist: $\OML/cmm/m/it/10.95 d [][] \OMS/cmsy/m/n/10.95 
j[]\OT1/cmr/m/n/10.95 (\OML/cmm/m/it/10.95 v\OT1/cmr/m/n/10.95 ) = []\OMS/cmsy/
m/n/10.95 j[]\OT1/cmr/m/n/10.95 ([][] \OMS/cmsy/m/n/10.95 ^^N\OML/cmm/m/it/10.9
5 c\OT1/cmr/m/n/10.95 )(\OML/cmm/m/it/10.95 t\OT1/cmr/m/n/10.95 ) =
 []


Overfull \hbox (6.79999pt too wide) in paragraph at lines 1381--1382
[][][][]
 []


Underfull \hbox (badness 10000) in paragraph at lines 1381--1382

 []

[38]
Overfull \hbox (20.5402pt too wide) in paragraph at lines 1395--1396
\T1/cmr/m/n/10.95 Die Pa-ra-me-ter-li-ni-en $\OML/cmm/m/it/10.95 f\OT1/cmr/m/n/
10.95 (\OML/cmm/m/it/10.95 u; v[]\OT1/cmr/m/n/10.95 )$ \T1/cmr/m/n/10.95 bzw. $
\OML/cmm/m/it/10.95 f\OT1/cmr/m/n/10.95 (\OML/cmm/m/it/10.95 u[]; v\OT1/cmr/m/n
/10.95 )$ \T1/cmr/m/n/10.95 mit $\OML/cmm/m/it/10.95 v[]$ \T1/cmr/m/n/10.95 bzw
. $\OML/cmm/m/it/10.95 u[]$ \T1/cmr/m/n/10.95 fest de-fi-nie-ren die ^^RTangent
ial-Vektorfelder^^P 
 []

[39] [40] [41] [42] [43] [44


]
Kapitel 5.

Overfull \hbox (6.79999pt too wide) in paragraph at lines 1602--1603
[][][][]
 []


Underfull \hbox (badness 10000) in paragraph at lines 1602--1603

 []

[45]
Overfull \hbox (38.7795pt too wide) in paragraph at lines 1632--1634
[]\T1/cmr/m/n/10.95 Es ist $\OMS/cmsy/m/n/10.95 h\OML/cmm/m/it/10.95 R\OT1/cmr/
m/n/10.95 (\OML/cmm/m/it/10.95 X; Y\OT1/cmr/m/n/10.95 )\OML/cmm/m/it/10.95 W; W
\OMS/cmsy/m/n/10.95 i \OT1/cmr/m/n/10.95 = \OMS/cmsy/m/n/10.95 h\OML/cmm/m/it/1
0.95 D[]D[]W \OMS/cmsy/m/n/10.95 ^^@ \OML/cmm/m/it/10.95 D[]D[]W \OT1/cmr/m/n/1
0.95 + \OML/cmm/m/it/10.95 D[]W; W\OMS/cmsy/m/n/10.95 i$\T1/cmr/m/n/10.95 , $\O
MS/cmsy/m/n/10.95 h\OML/cmm/m/it/10.95 D[]D[]W; W\OMS/cmsy/m/n/10.95 i  []
 []

[46]
Overfull \hbox (22.67302pt too wide) in paragraph at lines 1682--1683
\T1/cmr/m/n/10.95 Sei $\OT1/cmr/m/n/10.95 (\OML/cmm/m/it/10.95 M; \OMS/cmsy/m/n
/10.95 h^^A\OML/cmm/m/it/10.95 ; \OMS/cmsy/m/n/10.95 ^^Ai\OT1/cmr/m/n/10.95 )$ 
\T1/cmr/m/n/10.95 ei-ne Rie-mann'sche Man-nig-fal-tig-keit und $\OML/cmm/m/it/1
0.95 D$ \T1/cmr/m/n/10.95 der zu-ge-hö-ri-ger Levi-Civita-Zusammenhang.
 []

[47]
Overfull \hbox (6.79999pt too wide) in paragraph at lines 1710--1711
[][][][]
 []


Underfull \hbox (badness 10000) in paragraph at lines 1710--1711

 []


Underfull \hbox (badness 1152) in paragraph at lines 1719--1720
\T1/cmr/m/n/10.95 ist $\OML/cmm/m/it/10.95 df\OMS/cmsy/m/n/10.95 j[]\OT1/cmr/m/
n/10.95 (\OML/cmm/m/it/10.95 ^^[\OT1/cmr/m/n/10.95 ) \OMS/cmsy/m/n/10.95 ^^Z \O
ML/cmm/m/it/10.95 T[]N$ \T1/cmr/m/n/10.95 ein 2-dimensionaler Un-ter-vek-tor-ra
um und $\OML/cmm/m/it/10.95 K[]\OT1/cmr/m/n/10.95 (\OML/cmm/m/it/10.95 p; ^^[\O
T1/cmr/m/n/10.95 ) =
 []


Overfull \hbox (14.78204pt too wide) in paragraph at lines 1749--1751
\T1/cmr/m/n/10.95 ergänze zu ei-ner Or-tho-nor-mal-ba-sis $\OMS/cmsy/m/n/10.95 
f\OML/cmm/m/it/10.95 f[]; [] ; f[]\OMS/cmsy/m/n/10.95 g$ \T1/cmr/m/n/10.95 von 
$\U/msb/m/n/10.95 R[]$\T1/cmr/m/n/10.95 . Dann ist $\OML/cmm/m/it/10.95 A [] \O
T1/cmr/m/n/10.95 [\OML/cmm/m/it/10.95 f[]; f[]; [] ; f[]\OT1/cmr/m/n/10.95 ] \O
MS/cmsy/m/n/10.95 2
 []

[48] [49]
Overfull \hbox (2.53008pt too wide) in paragraph at lines 1814--1815
[]\T1/cmr/m/n/10.95 Eine Rie-mann'sche Man-nig-fal-tig-keit $\OT1/cmr/m/n/10.95
 (\OML/cmm/m/it/10.95 M; g\OT1/cmr/m/n/10.95 )$ \T1/cmr/m/n/10.95 heiÿt Einstei
n-Raum falls $\OML/cmm/m/it/10.95 Ric\OT1/cmr/m/n/10.95 (\OML/cmm/m/it/10.95 x;
 y\OT1/cmr/m/n/10.95 ) = \OML/cmm/m/it/10.95 ^^Ug\OT1/cmr/m/n/10.95 (\OML/cmm/m
/it/10.95 x; y\OT1/cmr/m/n/10.95 )\OMS/cmsy/m/n/10.95 8\OML/cmm/m/it/10.95 x; y
 \OMS/cmsy/m/n/10.95 2
 []


Overfull \hbox (74.15695pt too wide) in paragraph at lines 1817--1818
[]\T1/cmr/m/n/10.95 Räume mit kon-stan-ter Krüm-mung sind Einstein-Räume: $\OML
/cmm/m/it/10.95 K \OT1/cmr/m/n/10.95 = \OML/cmm/m/it/10.95 c[]$ \T1/cmr/m/n/10.
95 kon-stant. $\OML/cmm/m/it/10.95 Ric\OT1/cmr/m/n/10.95 (\OML/cmm/m/it/10.95 X
; X\OT1/cmr/m/n/10.95 ) = [][] \OML/cmm/m/it/10.95 k\OT1/cmr/m/n/10.95 ([\OML/c
mm/m/it/10.95 x; e[]\OT1/cmr/m/n/10.95 ])\OML/cmm/m/it/10.95 g\OT1/cmr/m/n/10.9
5 (\OML/cmm/m/it/10.95 x; x\OT1/cmr/m/n/10.95 ) =
 []

[50]
Kapitel 6.

Overfull \hbox (24.13937pt too wide) in paragraph at lines 1852--1854
[]\OT1/cmr/m/n/10.95 ([][] \OML/cmm/m/it/10.95 u[]x[]\OT1/cmr/m/n/10.95 ) = [][
] []\OML/cmm/m/it/10.95 x[] \OT1/cmr/m/n/10.95 + [][] \OML/cmm/m/it/10.95 v[][]
x[]$\T1/cmr/m/n/10.95 . $[]\OT1/cmr/m/n/10.95 ([]\OML/cmm/m/it/10.95 V\OT1/cmr/
m/n/10.95 ) = [][] []\OML/cmm/m/it/10.95 x[] \OT1/cmr/m/n/10.95 + [][] [][]\OML
/cmm/m/it/10.95 x[] \OT1/cmr/m/n/10.95 + [][] [][]\OML/cmm/m/it/10.95 x[]$
 []


Overfull \hbox (0.16272pt too wide) in paragraph at lines 1855--1856
[]\T1/cmr/m/n/10.95 Berechne $[][]\OML/cmm/m/it/10.95 x[]$\T1/cmr/m/n/10.95 : F
ür $\OML/cmm/m/it/10.95 f\OT1/cmr/m/n/10.95 (\OML/cmm/m/it/10.95 u; v\OT1/cmr/m
/n/10.95 ) = (\OML/cmm/m/it/10.95 x[]\OT1/cmr/m/n/10.95 (\OML/cmm/m/it/10.95 u;
 v\OT1/cmr/m/n/10.95 )\OML/cmm/m/it/10.95 ; [] ; x[]\OT1/cmr/m/n/10.95 (\OML/cm
m/m/it/10.95 u; v; \OT1/cmr/m/n/10.95 ))$ \T1/cmr/m/n/10.95 ist $[] \OT1/cmr/m/
n/10.95 = [][] []\OML/cmm/m/it/10.95 x[]$\T1/cmr/m/n/10.95 ; $[] \OT1/cmr/m/n/1
0.95 = [][] []\OML/cmm/m/it/10.95 x[]$
 []

[51


]
Overfull \hbox (6.79999pt too wide) in paragraph at lines 1878--1879
[][][][]
 []


Underfull \hbox (badness 10000) in paragraph at lines 1878--1879

 []


Overfull \hbox (8.92468pt too wide) in paragraph at lines 1886--1889
[]\T1/cmr/m/n/10.95 Weiter sei $\OML/cmm/m/it/10.95 a[]\OT1/cmr/m/n/10.95 (\OML
/cmm/m/it/10.95 t\OT1/cmr/m/n/10.95 ) [] \OMS/cmsy/m/n/10.95 h\OML/cmm/m/it/10.
95 R\OT1/cmr/m/n/10.95 (\OML/cmm/m/it/10.95 ^^M[]\OT1/cmr/m/n/10.95 (\OML/cmm/m
/it/10.95 t\OT1/cmr/m/n/10.95 )\OML/cmm/m/it/10.95 ; E[]\OT1/cmr/m/n/10.95 (\OM
L/cmm/m/it/10.95 t\OT1/cmr/m/n/10.95 ))\OML/cmm/m/it/10.95 ^^M[]\OT1/cmr/m/n/10
.95 (\OML/cmm/m/it/10.95 t\OT1/cmr/m/n/10.95 )\OML/cmm/m/it/10.95 ; E[]\OT1/cmr
/m/n/10.95 (\OML/cmm/m/it/10.95 t\OT1/cmr/m/n/10.95 )\OMS/cmsy/m/n/10.95 i[]$\T
1/cmr/m/n/10.95 . Dann gilt $\OML/cmm/m/it/10.95 R\OT1/cmr/m/n/10.95 (\OML/cmm/
m/it/10.95 ^^M[]; J\OT1/cmr/m/n/10.95 )\OML/cmm/m/it/10.95 ^^M[] \OT1/cmr/m/n/1
0.95 = [][]\OMS/cmsy/m/n/10.95 h\OML/cmm/m/it/10.95 R\OT1/cmr/m/n/10.95 (\OML/c
mm/m/it/10.95 ^^M[]; J\OT1/cmr/m/n/10.95 )\OML/cmm/m/it/10.95 ^^M[]; E[]\OMS/cm
sy/m/n/10.95 i\OML/cmm/m/it/10.95 E[] \OT1/cmr/m/n/10.95 =
 []

Package hyperref Info: bookmark level for unknown folgerung* defaults to 0 on i
nput line 1899.
[52] [53] [54] [55] [56


]
Kapitel 7.
[57]
Overfull \hbox (4.18315pt too wide) in paragraph at lines 2094--2095
[]\T1/cmr/m/n/10.95 Da $\OT1/cmr/m/n/10.95 
[]$ \T1/cmr/m/n/10.95 ei-ne Ober-men-ge der We-ge von $\OML/cmm/m/it/10.95 p$ \
T1/cmr/m/n/10.95 nach $\OML/cmm/m/it/10.95 q$ \T1/cmr/m/n/10.95 über $\OML/cmm/
m/it/10.95 r$ \T1/cmr/m/n/10.95 ist, gilt $[][] \OML/cmm/m/it/10.95 L\OT1/cmr/m
/n/10.95 (\OML/cmm/m/it/10.95 c\OT1/cmr/m/n/10.95 ) \OMS/cmsy/m/n/10.95 ^^T [][
] \OML/cmm/m/it/10.95 L\OT1/cmr/m/n/10.95 (\OML/cmm/m/it/10.95 c\OT1/cmr/m/n/10
.95 ) +
 []

[58]
Overfull \hbox (6.79999pt too wide) in paragraph at lines 2128--2129
[][][][]
 []


Underfull \hbox (badness 10000) in paragraph at lines 2128--2129

 []

[59] [60] [61] [62]
Overfull \hbox (5.16235pt too wide) in paragraph at lines 2269--2270
[]\T1/cmr/m/n/10.95 Ist $\OT1/cmr/m/n/10.95 (\OML/cmm/m/it/10.95 M; \OMS/cmsy/m
/n/10.95 h^^A\OML/cmm/m/it/10.95 ; \OMS/cmsy/m/n/10.95 ^^Ai\OT1/cmr/m/n/10.95 )
$ \T1/cmr/m/n/10.95 ei-ne zu-sam-men-hän-gen-de kom-pak-te Riem-man'sche Man-ni
g-fal-tig-keit mit $[]\OT1/cmr/m/n/10.95 (\OML/cmm/m/it/10.95 M\OT1/cmr/m/n/10.
95 ) =
 []

[63]
Overfull \hbox (6.79999pt too wide) in paragraph at lines 2314--2315
[][][][]
 []


Underfull \hbox (badness 10000) in paragraph at lines 2314--2315

 []


Underfull \vbox (badness 1635) has occurred while \output is active []

 [64]
[65]
Overfull \hbox (6.79999pt too wide) in paragraph at lines 2379--2380
[][][][]
 []


Underfull \hbox (badness 10000) in paragraph at lines 2379--2380

 []

[66] [67] [68]
Anhang A.
** Generating table of satz,wichtigedefinition
(./RieGeo.thm) (./RieGeo.ind [69


] [70


] [71



] [72

])
\tf@thm=\write6
\openout6 = `RieGeo.thm'.

 (./RieGeo.aux) ) 
Here is how much of TeX's memory you used:
 11079 strings out of 493857
 153544 string characters out of 1153304
 273073 words of memory out of 3000000
 13677 multiletter control sequences out of 15000+50000
 30621 words of font info for 109 fonts, out of 3000000 for 9000
 714 hyphenation exceptions out of 8191
 51i,18n,43p,828b,590s stack positions out of 5000i,500n,10000p,200000b,50000s
 </home/travis/.texmf-var/fonts/pk/ljfour/public/skull/skull.5
48pk>{/usr/share/texmf/fonts/enc/dvips/cm-super/cm-super-t1.enc}</usr/share/tex
mf-texlive/fonts/type1/public/amsfonts/cm/cmex10.pfb></usr/share/texmf-texlive/
fonts/type1/public/amsfonts/cmextra/cmex8.pfb></usr/share/texmf-texlive/fonts/t
ype1/public/amsfonts/cm/cmmi10.pfb></usr/share/texmf-texlive/fonts/type1/public
/amsfonts/cm/cmmi12.pfb></usr/share/texmf-texlive/fonts/type1/public/amsfonts/c
m/cmmi6.pfb></usr/share/texmf-texlive/fonts/type1/public/amsfonts/cm/cmmi8.pfb>
</usr/share/texmf-texlive/fonts/type1/public/amsfonts/cm/cmmi9.pfb></usr/share/
texmf-texlive/fonts/type1/public/amsfonts/cm/cmr10.pfb></usr/share/texmf-texliv
e/fonts/type1/public/amsfonts/cm/cmr12.pfb></usr/share/texmf-texlive/fonts/type
1/public/amsfonts/cm/cmr6.pfb></usr/share/texmf-texlive/fonts/type1/public/amsf
onts/cm/cmr8.pfb></usr/share/texmf-texlive/fonts/type1/public/amsfonts/cm/cmr9.
pfb></usr/share/texmf-texlive/fonts/type1/public/amsfonts/cm/cmsy10.pfb></usr/s
hare/texmf-texlive/fonts/type1/public/amsfonts/cm/cmsy6.pfb></usr/share/texmf-t
exlive/fonts/type1/public/amsfonts/cm/cmsy8.pfb></usr/share/texmf-texlive/fonts
/type1/public/amsfonts/cm/cmsy9.pfb></usr/share/texmf-texlive/fonts/type1/publi
c/amsfonts/symbols/msam10.pfb></usr/share/texmf-texlive/fonts/type1/public/amsf
onts/symbols/msbm10.pfb></usr/share/texmf/fonts/type1/public/cm-super/sfbx1095.
pfb></usr/share/texmf/fonts/type1/public/cm-super/sfrm0600.pfb></usr/share/texm
f/fonts/type1/public/cm-super/sfrm0800.pfb></usr/share/texmf/fonts/type1/public
/cm-super/sfrm0900.pfb></usr/share/texmf/fonts/type1/public/cm-super/sfrm1095.p
fb></usr/share/texmf/fonts/type1/public/cm-super/sfrm1440.pfb></usr/share/texmf
/fonts/type1/public/cm-super/sfsl1095.pfb></usr/share/texmf/fonts/type1/public/
cm-super/sfsx1095.pfb></usr/share/texmf/fonts/type1/public/cm-super/sfsx1200.pf
b></usr/share/texmf/fonts/type1/public/cm-super/sfsx1440.pfb></usr/share/texmf/
fonts/type1/public/cm-super/sfsx2074.pfb></usr/share/texmf/fonts/type1/public/c
m-super/sfti1095.pfb></usr/share/texmf/fonts/type1/public/cm-super/sftt1095.pfb
></usr/share/texmf/fonts/type1/public/cm-super/sftt1440.pfb>
Output written on RieGeo.pdf (72 pages, 919675 bytes).
PDF statistics:
 1219 PDF objects out of 1440 (max. 8388607)
 428 named destinations out of 1000 (max. 500000)
 329 words of extra memory for PDF output out of 10000 (max. 10000000)

