
Running /usr/bin/pdflatex Statistik1.tex in an env with 4 entries:
This is pdfTeX, Version 3.1415926-1.40.10 (TeX Live 2009/Debian)
entering extended mode
(data/Statistik1.tex
LaTeX2e <2009/09/24>
Babel <v3.8l> and hyphenation patterns for english, usenglishmax, dumylang, noh
yphenation, farsi, arabic, croatian, bulgarian, ukrainian, russian, czech, slov
ak, danish, dutch, finnish, french, basque, ngerman, german, german-x-2009-06-1
9, ngerman-x-2009-06-19, ibycus, monogreek, greek, ancientgreek, hungarian, san
skrit, italian, latin, latvian, lithuanian, mongolian2a, mongolian, bokmal, nyn
orsk, romanian, irish, coptic, serbian, turkish, welsh, esperanto, uppersorbian
, estonian, indonesian, interlingua, icelandic, kurmanji, slovenian, polish, po
rtuguese, spanish, galician, catalan, swedish, ukenglish, loaded.
(/usr/share/texmf-texlive/tex/latex/base/article.cls
Document Class: article 2007/10/19 v1.4h Standard LaTeX document class
(/usr/share/texmf-texlive/tex/latex/base/size11.clo)) (data/latexki.sty)
(/usr/share/texmf-texlive/tex/latex/amsfonts/amssymb.sty
(/usr/share/texmf-texlive/tex/latex/amsfonts/amsfonts.sty))
(/usr/share/texmf-texlive/tex/latex/amsmath/amsmath.sty
For additional information on amsmath, use the `?' option.
(/usr/share/texmf-texlive/tex/latex/amsmath/amstext.sty
(/usr/share/texmf-texlive/tex/latex/amsmath/amsgen.sty))
(/usr/share/texmf-texlive/tex/latex/amsmath/amsbsy.sty)
(/usr/share/texmf-texlive/tex/latex/amsmath/amsopn.sty))
(/usr/share/texmf-texlive/tex/generic/german/ngerman.sty v2.5e 1998-07-08)
(/usr/share/texmf-texlive/tex/latex/fancyhdr/fancyhdr.sty)
(/usr/share/texmf-texlive/tex/latex/amsfonts/euscript.sty)
(/usr/share/texmf-texlive/tex/latex/base/makeidx.sty)
(/usr/share/texmf-texlive/tex/latex/hyperref/hyperref.sty
(/usr/share/texmf-texlive/tex/latex/graphics/keyval.sty)
(/usr/share/texmf-texlive/tex/generic/oberdiek/ifpdf.sty)
(/usr/share/texmf-texlive/tex/generic/oberdiek/ifvtex.sty)
(/usr/share/texmf-texlive/tex/generic/ifxetex/ifxetex.sty)
(/usr/share/texmf-texlive/tex/latex/oberdiek/hycolor.sty
(/usr/share/texmf-texlive/tex/latex/oberdiek/xcolor-patch.sty))
(/usr/share/texmf-texlive/tex/latex/hyperref/pd1enc.def)
(/usr/share/texmf-texlive/tex/generic/oberdiek/etexcmds.sty
(/usr/share/texmf-texlive/tex/generic/oberdiek/infwarerr.sty))
(/usr/share/texmf-texlive/tex/latex/latexconfig/hyperref.cfg)
(/usr/share/texmf-texlive/tex/latex/oberdiek/kvoptions.sty
(/usr/share/texmf-texlive/tex/generic/oberdiek/kvsetkeys.sty))
Implicit mode ON; LaTeX internals redefined
(/usr/share/texmf-texlive/tex/latex/ltxmisc/url.sty)
(/usr/share/texmf-texlive/tex/generic/oberdiek/bitset.sty
(/usr/share/texmf-texlive/tex/generic/oberdiek/intcalc.sty)
(/usr/share/texmf-texlive/tex/generic/oberdiek/bigintcalc.sty
(/usr/share/texmf-texlive/tex/generic/oberdiek/pdftexcmds.sty
(/usr/share/texmf-texlive/tex/generic/oberdiek/ifluatex.sty)
(/usr/share/texmf-texlive/tex/generic/oberdiek/ltxcmds.sty))))
(/usr/share/texmf-texlive/tex/generic/oberdiek/atbegshi.sty))
*hyperref using default driver hpdftex*
(/usr/share/texmf-texlive/tex/latex/hyperref/hpdftex.def)
(/usr/share/texmf-texlive/tex/latex/ntheorem/ntheorem.sty
Style `ntheorem', Version 1.25 <2005/07/07>
) (/usr/share/texmf-texlive/tex/latex/base/inputenc.sty
(/usr/share/texmf-texlive/tex/latex/base/utf8.def
(/usr/share/texmf-texlive/tex/latex/base/t1enc.dfu)
(/usr/share/texmf-texlive/tex/latex/base/ot1enc.dfu)
(/usr/share/texmf-texlive/tex/latex/base/omsenc.dfu)))
Writing index file Statistik1.idx
No file Statistik1.aux.
(/usr/share/texmf-texlive/tex/latex/hyperref/nameref.sty
(/usr/share/texmf-texlive/tex/latex/oberdiek/refcount.sty))
(/usr/share/texmf-texlive/tex/latex/amsfonts/umsa.fd)
(/usr/share/texmf-texlive/tex/latex/amsfonts/umsb.fd) [1{/var/lib/texmf/fonts/m
ap/pdftex/updmap/pdftex.map}] [2]
(/usr/share/texmf-texlive/tex/latex/amsfonts/ueuf.fd)

Package Fancyhdr Warning: \headheight is too small (12.0pt): 
 Make it at least 13.59999pt.
 We now make it that large for the rest of the document.
 This may cause the page layout to be inconsistent, however.

[1]
Overfull \hbox (77.56038pt too wide) detected at line 151
\OML/cmm/m/it/10.95 } \OT1/cmr/m/n/10.95 := \OMS/cmsy/m/n/10.95 f\OML/cmm/m/it/
10.95 P \OT1/cmr/m/n/10.95 :  \OMS/cmsy/m/n/10.95 9\OT1/cmr/m/n/10.95 (\OML/cmm
/m/it/10.95 ^^V; ^^W; ^^[[]\OT1/cmr/m/n/10.95 ) \OMS/cmsy/m/n/10.95 2 \U/msb/m/
n/10.95 R \OMS/cmsy/m/n/10.95 ^^B \U/msb/m/n/10.95 R \OMS/cmsy/m/n/10.95 ^^B \U
/msb/m/n/10.95 R[] \OT1/cmr/m/n/10.95 :  \OML/cmm/m/it/10.95 P \OT1/cmr/m/n/10.
95 = \OMS/cmsy/m/n/10.95 N\OT1/cmr/m/n/10.95 (\OML/cmm/m/it/10.95 ^^V; ^^[[]\OT
1/cmr/m/n/10.95 ) \OMS/cmsy/m/n/10.95 
 [] 
 N\OT1/cmr/m/n/10.95 (\OML/cmm/m/it/10.95 ^^V; ^^[[]\OT1/cmr/m/n/10.95 ) \OMS/c
msy/m/n/10.95 
 N\OT1/cmr/m/n/10.95 (\OML/cmm/m/it/10.95 ^^W; ^^[[]\OT1/cmr/m/n/10.95 ) \OMS/c
msy/m/n/10.95 
 [] 
 N\OT1/cmr/m/n/10.95 (\OML/cmm/m/it/10.95 ^^W; ^^[[]\OT1/cmr/m/n/10.95 )\OMS/cm
sy/m/n/10.95 g
[2] [3] [4] [5] [6]

Package hyperref Warning: Token not allowed in a PDF string (PDFDocEncoding):
(hyperref)                removing `\\' on input line 222.

[7]

Package Fancyhdr Warning: \headheight is too small (13.59999pt): 
 Make it at least 25.16252pt.
 We now make it that large for the rest of the document.
 This may cause the page layout to be inconsistent, however.

[8] [9] [10] [11] [12] [13] [14]
(/usr/share/texmf-texlive/tex/latex/amsfonts/ueus.fd) [15]
Underfull \vbox (badness 2189) has occurred while \output is active [16]
[17] [18] [19] [20] [21] [22] [23] [24] [25] [26] [27] [28] [29] [30] [31]
[32] [33] [34] [35]
Overfull \hbox (7.62921pt too wide) detected at line 890
\OML/cmm/m/it/10.95 I[]\OT1/cmr/m/n/10.95 (\OML/cmm/m/it/10.95 #\OT1/cmr/m/n/10
.95 ) := \OML/cmm/m/it/10.95 E[]\OT1/cmr/m/n/10.95 [\OMS/cmsy/m/n/10.95 U[]\OT1
/cmr/m/n/10.95 (\OML/cmm/m/it/10.95 #\OT1/cmr/m/n/10.95 ) \OMS/cmsy/m/n/10.95 ^
^A U[]\OT1/cmr/m/n/10.95 (\OML/cmm/m/it/10.95 #\OT1/cmr/m/n/10.95 )[]] = [][]
[36] [37] [38] [39] [40] [41] [42] [43]

Package amsmath Warning: Foreign command \atopwithdelims;
(amsmath)                \frac or \genfrac should be used instead
(amsmath)                 on input line 1111.

[44] [45] [46] [47] [48] [49] [50] [51]
Overfull \hbox (6.02786pt too wide) in alignment at lines 1313--1315
 [][][] []
[52] [53] [54]
Underfull \vbox (badness 1509) has occurred while \output is active [55]
[56] [57] [58]
Overfull \hbox (7.30373pt too wide) detected at line 1475
[] \OMS/cmsy/m/n/10.95 ) \OT1/cmr/m/n/10.95 ([]\OML/cmm/m/it/10.95 ; S[]\OT1/cm
r/m/n/10.95 )[]\OML/cmm/m/it/10.95 # \OT1/cmr/m/n/10.95 = (\OML/cmm/m/it/10.95 
^^V; ^^[[]\OT1/cmr/m/n/10.95 )
[59] [60] [61]

Package amsmath Warning: Foreign command \atop;
(amsmath)                \frac or \genfrac should be used instead
(amsmath)                 on input line 1541.

[62] [63] [64] [65] [66] [67] [68] [69]
Underfull \vbox (badness 3312) has occurred while \output is active [70]
[71] [72] [73] [74]
Overfull \hbox (17.39268pt too wide) detected at line 1906
[]\OT1/cmr/m/n/10.95 ([] \OMS/cmsy/m/n/10.95 ^^@ \OML/cmm/m/it/10.95 ^^V[]\OT1/
cmr/m/n/10.95 ) [] \OMS/cmsy/m/n/10.95 N []
[75] [76]
Underfull \vbox (badness 1953) has occurred while \output is active [77]
[78] [79] [80] [81] [82] [83] [84] [85] [86] [87] [88] [89] [90] [91] [92]
[93] [94] [95] [96]
Overfull \hbox (4.76437pt too wide) detected at line 2485
[]\OT1/cmr/m/n/10.95 (\OMS/cmsy/m/n/10.95 ^^@[]\OT1/cmr/m/n/10.95 ([] [](\OML/c
mm/m/it/10.95 x[] \OMS/cmsy/m/n/10.95 ^^@ \OML/cmm/m/it/10.95 ^^V\OT1/cmr/m/n/1
0.95 )[] \OMS/cmsy/m/n/10.95 ^^@ [] []\OT1/cmr/m/n/10.95 (\OML/cmm/m/it/10.95 x
[] \OMS/cmsy/m/n/10.95 ^^@ \OML/cmm/m/it/10.95 ^^V\OT1/cmr/m/n/10.95 )(\OML/cmm
/m/it/10.95 y[] \OMS/cmsy/m/n/10.95 ^^@ \OML/cmm/m/it/10.95 ^^W\OT1/cmr/m/n/10.
95 ) + [] [](\OML/cmm/m/it/10.95 y[] \OMS/cmsy/m/n/10.95 ^^@ \OML/cmm/m/it/10.9
5 ^^W\OT1/cmr/m/n/10.95 )[])) (\OMS/cmsy/m/n/10.95 ^^C\OT1/cmr/m/n/10.95 )
[97] [98] [99] (/usr/share/texmf-texlive/tex/latex/base/omscmr.fd) [100]
Overfull \hbox (3.63168pt too wide) in paragraph at lines 2611--2616
\OT1/cmr/m/n/10.95 Bei Be-schr[]ankung auf einen Test (was bei prak-ti-scher Te
st-durchf[]uhrung

Package Fancyhdr Warning: \headheight is too small (25.16252pt): 
 Make it at least 25.2842pt.
 We now make it that large for the rest of the document.
 This may cause the page layout to be inconsistent, however.

[101] [102] [103] [104] [105] [106] [107] [108] [109] [110] [111] [112]
[113] [114] [115] [116] [117] [118] (./Statistik1.aux) )
(see the transcript file for additional information)</usr/share/texmf-texlive/f
onts/type1/public/amsfonts/cm/cmbx10.pfb></usr/share/texmf-texlive/fonts/type1/
public/amsfonts/cm/cmbx12.pfb></usr/share/texmf-texlive/fonts/type1/public/amsf
onts/cm/cmex10.pfb></usr/share/texmf-texlive/fonts/type1/public/amsfonts/cmextr
a/cmex8.pfb></usr/share/texmf-texlive/fonts/type1/public/amsfonts/cmextra/cmex9
.pfb></usr/share/texmf-texlive/fonts/type1/public/amsfonts/cm/cmmi10.pfb></usr/
share/texmf-texlive/fonts/type1/public/amsfonts/cm/cmmi12.pfb></usr/share/texmf
-texlive/fonts/type1/public/amsfonts/cm/cmmi5.pfb></usr/share/texmf-texlive/fon
ts/type1/public/amsfonts/cm/cmmi6.pfb></usr/share/texmf-texlive/fonts/type1/pub
lic/amsfonts/cm/cmmi8.pfb></usr/share/texmf-texlive/fonts/type1/public/amsfonts
/cm/cmmi9.pfb></usr/share/texmf-texlive/fonts/type1/public/amsfonts/cm/cmr10.pf
b></usr/share/texmf-texlive/fonts/type1/public/amsfonts/cm/cmr12.pfb></usr/shar
e/texmf-texlive/fonts/type1/public/amsfonts/cm/cmr17.pfb></usr/share/texmf-texl
ive/fonts/type1/public/amsfonts/cm/cmr6.pfb></usr/share/texmf-texlive/fonts/typ
e1/public/amsfonts/cm/cmr7.pfb></usr/share/texmf-texlive/fonts/type1/public/ams
fonts/cm/cmr8.pfb></usr/share/texmf-texlive/fonts/type1/public/amsfonts/cm/cmr9
.pfb></usr/share/texmf-texlive/fonts/type1/public/amsfonts/cm/cmsl10.pfb></usr/
share/texmf-texlive/fonts/type1/public/amsfonts/cm/cmsy10.pfb></usr/share/texmf
-texlive/fonts/type1/public/amsfonts/cm/cmsy6.pfb></usr/share/texmf-texlive/fon
ts/type1/public/amsfonts/cm/cmsy8.pfb></usr/share/texmf-texlive/fonts/type1/pub
lic/amsfonts/cm/cmsy9.pfb></usr/share/texmf-texlive/fonts/type1/public/amsfonts
/cm/cmti10.pfb></usr/share/texmf-texlive/fonts/type1/public/amsfonts/cm/cmti9.p
fb></usr/share/texmf-texlive/fonts/type1/public/amsfonts/cm/cmtt10.pfb></usr/sh
are/texmf-texlive/fonts/type1/public/amsfonts/euler/eufm10.pfb></usr/share/texm
f-texlive/fonts/type1/public/amsfonts/euler/eusm10.pfb></usr/share/texmf-texliv
e/fonts/type1/public/amsfonts/symbols/msam10.pfb></usr/share/texmf-texlive/font
s/type1/public/amsfonts/symbols/msbm10.pfb>
Output written on Statistik1.pdf (120 pages, 802008 bytes).
Transcript written on Statistik1.log.
Result: ExitSuccess

Running /usr/bin/pdflatex Statistik1.tex in an env with 4 entries:
This is pdfTeX, Version 3.1415926-1.40.10 (TeX Live 2009/Debian)
entering extended mode
(data/Statistik1.tex
LaTeX2e <2009/09/24>
Babel <v3.8l> and hyphenation patterns for english, usenglishmax, dumylang, noh
yphenation, farsi, arabic, croatian, bulgarian, ukrainian, russian, czech, slov
ak, danish, dutch, finnish, french, basque, ngerman, german, german-x-2009-06-1
9, ngerman-x-2009-06-19, ibycus, monogreek, greek, ancientgreek, hungarian, san
skrit, italian, latin, latvian, lithuanian, mongolian2a, mongolian, bokmal, nyn
orsk, romanian, irish, coptic, serbian, turkish, welsh, esperanto, uppersorbian
, estonian, indonesian, interlingua, icelandic, kurmanji, slovenian, polish, po
rtuguese, spanish, galician, catalan, swedish, ukenglish, loaded.
(/usr/share/texmf-texlive/tex/latex/base/article.cls
Document Class: article 2007/10/19 v1.4h Standard LaTeX document class
(/usr/share/texmf-texlive/tex/latex/base/size11.clo)) (data/latexki.sty)
(/usr/share/texmf-texlive/tex/latex/amsfonts/amssymb.sty
(/usr/share/texmf-texlive/tex/latex/amsfonts/amsfonts.sty))
(/usr/share/texmf-texlive/tex/latex/amsmath/amsmath.sty
For additional information on amsmath, use the `?' option.
(/usr/share/texmf-texlive/tex/latex/amsmath/amstext.sty
(/usr/share/texmf-texlive/tex/latex/amsmath/amsgen.sty))
(/usr/share/texmf-texlive/tex/latex/amsmath/amsbsy.sty)
(/usr/share/texmf-texlive/tex/latex/amsmath/amsopn.sty))
(/usr/share/texmf-texlive/tex/generic/german/ngerman.sty v2.5e 1998-07-08)
(/usr/share/texmf-texlive/tex/latex/fancyhdr/fancyhdr.sty)
(/usr/share/texmf-texlive/tex/latex/amsfonts/euscript.sty)
(/usr/share/texmf-texlive/tex/latex/base/makeidx.sty)
(/usr/share/texmf-texlive/tex/latex/hyperref/hyperref.sty
(/usr/share/texmf-texlive/tex/latex/graphics/keyval.sty)
(/usr/share/texmf-texlive/tex/generic/oberdiek/ifpdf.sty)
(/usr/share/texmf-texlive/tex/generic/oberdiek/ifvtex.sty)
(/usr/share/texmf-texlive/tex/generic/ifxetex/ifxetex.sty)
(/usr/share/texmf-texlive/tex/latex/oberdiek/hycolor.sty
(/usr/share/texmf-texlive/tex/latex/oberdiek/xcolor-patch.sty))
(/usr/share/texmf-texlive/tex/latex/hyperref/pd1enc.def)
(/usr/share/texmf-texlive/tex/generic/oberdiek/etexcmds.sty
(/usr/share/texmf-texlive/tex/generic/oberdiek/infwarerr.sty))
(/usr/share/texmf-texlive/tex/latex/latexconfig/hyperref.cfg)
(/usr/share/texmf-texlive/tex/latex/oberdiek/kvoptions.sty
(/usr/share/texmf-texlive/tex/generic/oberdiek/kvsetkeys.sty))
Implicit mode ON; LaTeX internals redefined
(/usr/share/texmf-texlive/tex/latex/ltxmisc/url.sty)
(/usr/share/texmf-texlive/tex/generic/oberdiek/bitset.sty
(/usr/share/texmf-texlive/tex/generic/oberdiek/intcalc.sty)
(/usr/share/texmf-texlive/tex/generic/oberdiek/bigintcalc.sty
(/usr/share/texmf-texlive/tex/generic/oberdiek/pdftexcmds.sty
(/usr/share/texmf-texlive/tex/generic/oberdiek/ifluatex.sty)
(/usr/share/texmf-texlive/tex/generic/oberdiek/ltxcmds.sty))))
(/usr/share/texmf-texlive/tex/generic/oberdiek/atbegshi.sty))
*hyperref using default driver hpdftex*
(/usr/share/texmf-texlive/tex/latex/hyperref/hpdftex.def)
(/usr/share/texmf-texlive/tex/latex/ntheorem/ntheorem.sty
Style `ntheorem', Version 1.25 <2005/07/07>
) (/usr/share/texmf-texlive/tex/latex/base/inputenc.sty
(/usr/share/texmf-texlive/tex/latex/base/utf8.def
(/usr/share/texmf-texlive/tex/latex/base/t1enc.dfu)
(/usr/share/texmf-texlive/tex/latex/base/ot1enc.dfu)
(/usr/share/texmf-texlive/tex/latex/base/omsenc.dfu)))
Writing index file Statistik1.idx
(./Statistik1.aux) (/usr/share/texmf-texlive/tex/latex/hyperref/nameref.sty
(/usr/share/texmf-texlive/tex/latex/oberdiek/refcount.sty)) (./Statistik1.out)
(./Statistik1.out) (/usr/share/texmf-texlive/tex/latex/amsfonts/umsa.fd)
(/usr/share/texmf-texlive/tex/latex/amsfonts/umsb.fd) [1{/var/lib/texmf/fonts/m
ap/pdftex/updmap/pdftex.map}] (./Statistik1.toc) [2]
(/usr/share/texmf-texlive/tex/latex/amsfonts/ueuf.fd)

Package Fancyhdr Warning: \headheight is too small (12.0pt): 
 Make it at least 13.59999pt.
 We now make it that large for the rest of the document.
 This may cause the page layout to be inconsistent, however.

[1]
Overfull \hbox (77.56038pt too wide) detected at line 151
\OML/cmm/m/it/10.95 } \OT1/cmr/m/n/10.95 := \OMS/cmsy/m/n/10.95 f\OML/cmm/m/it/
10.95 P \OT1/cmr/m/n/10.95 :  \OMS/cmsy/m/n/10.95 9\OT1/cmr/m/n/10.95 (\OML/cmm
/m/it/10.95 ^^V; ^^W; ^^[[]\OT1/cmr/m/n/10.95 ) \OMS/cmsy/m/n/10.95 2 \U/msb/m/
n/10.95 R \OMS/cmsy/m/n/10.95 ^^B \U/msb/m/n/10.95 R \OMS/cmsy/m/n/10.95 ^^B \U
/msb/m/n/10.95 R[] \OT1/cmr/m/n/10.95 :  \OML/cmm/m/it/10.95 P \OT1/cmr/m/n/10.
95 = \OMS/cmsy/m/n/10.95 N\OT1/cmr/m/n/10.95 (\OML/cmm/m/it/10.95 ^^V; ^^[[]\OT
1/cmr/m/n/10.95 ) \OMS/cmsy/m/n/10.95 
 [] 
 N\OT1/cmr/m/n/10.95 (\OML/cmm/m/it/10.95 ^^V; ^^[[]\OT1/cmr/m/n/10.95 ) \OMS/c
msy/m/n/10.95 
 N\OT1/cmr/m/n/10.95 (\OML/cmm/m/it/10.95 ^^W; ^^[[]\OT1/cmr/m/n/10.95 ) \OMS/c
msy/m/n/10.95 
 [] 
 N\OT1/cmr/m/n/10.95 (\OML/cmm/m/it/10.95 ^^W; ^^[[]\OT1/cmr/m/n/10.95 )\OMS/cm
sy/m/n/10.95 g
[2] [3] [4] [5] [6]

Package hyperref Warning: Token not allowed in a PDF string (PDFDocEncoding):
(hyperref)                removing `\\' on input line 222.

[7]

Package Fancyhdr Warning: \headheight is too small (13.59999pt): 
 Make it at least 25.16252pt.
 We now make it that large for the rest of the document.
 This may cause the page layout to be inconsistent, however.

[8] [9] [10] [11] [12] [13] [14]
(/usr/share/texmf-texlive/tex/latex/amsfonts/ueus.fd) [15]
Underfull \vbox (badness 2189) has occurred while \output is active [16]
[17] [18] [19] [20] [21] [22] [23] [24] [25] [26] [27] [28] [29] [30] [31]
[32] [33] [34] [35]
Overfull \hbox (7.62921pt too wide) detected at line 890
\OML/cmm/m/it/10.95 I[]\OT1/cmr/m/n/10.95 (\OML/cmm/m/it/10.95 #\OT1/cmr/m/n/10
.95 ) := \OML/cmm/m/it/10.95 E[]\OT1/cmr/m/n/10.95 [\OMS/cmsy/m/n/10.95 U[]\OT1
/cmr/m/n/10.95 (\OML/cmm/m/it/10.95 #\OT1/cmr/m/n/10.95 ) \OMS/cmsy/m/n/10.95 ^
^A U[]\OT1/cmr/m/n/10.95 (\OML/cmm/m/it/10.95 #\OT1/cmr/m/n/10.95 )[]] = [][]
[36] [37] [38] [39] [40] [41] [42] [43]

Package amsmath Warning: Foreign command \atopwithdelims;
(amsmath)                \frac or \genfrac should be used instead
(amsmath)                 on input line 1111.

[44] [45] [46] [47] [48] [49] [50] [51]
Overfull \hbox (6.02786pt too wide) in alignment at lines 1313--1315
 [][][] []
[52] [53] [54]
Underfull \vbox (badness 1509) has occurred while \output is active [55]
[56] [57] [58]
Overfull \hbox (7.30373pt too wide) detected at line 1475
[] \OMS/cmsy/m/n/10.95 ) \OT1/cmr/m/n/10.95 ([]\OML/cmm/m/it/10.95 ; S[]\OT1/cm
r/m/n/10.95 )[]\OML/cmm/m/it/10.95 # \OT1/cmr/m/n/10.95 = (\OML/cmm/m/it/10.95 
^^V; ^^[[]\OT1/cmr/m/n/10.95 )
[59] [60] [61]

Package amsmath Warning: Foreign command \atop;
(amsmath)                \frac or \genfrac should be used instead
(amsmath)                 on input line 1541.

[62] [63] [64] [65] [66] [67] [68] [69]
Underfull \vbox (badness 3312) has occurred while \output is active [70]
[71] [72] [73] [74]
Overfull \hbox (17.39268pt too wide) detected at line 1906
[]\OT1/cmr/m/n/10.95 ([] \OMS/cmsy/m/n/10.95 ^^@ \OML/cmm/m/it/10.95 ^^V[]\OT1/
cmr/m/n/10.95 ) [] \OMS/cmsy/m/n/10.95 N []
[75] [76]
Underfull \vbox (badness 1953) has occurred while \output is active [77]
[78] [79] [80] [81] [82] [83] [84] [85] [86] [87] [88] [89] [90] [91] [92]
[93] [94] [95] [96]
Overfull \hbox (4.76437pt too wide) detected at line 2485
[]\OT1/cmr/m/n/10.95 (\OMS/cmsy/m/n/10.95 ^^@[]\OT1/cmr/m/n/10.95 ([] [](\OML/c
mm/m/it/10.95 x[] \OMS/cmsy/m/n/10.95 ^^@ \OML/cmm/m/it/10.95 ^^V\OT1/cmr/m/n/1
0.95 )[] \OMS/cmsy/m/n/10.95 ^^@ [] []\OT1/cmr/m/n/10.95 (\OML/cmm/m/it/10.95 x
[] \OMS/cmsy/m/n/10.95 ^^@ \OML/cmm/m/it/10.95 ^^V\OT1/cmr/m/n/10.95 )(\OML/cmm
/m/it/10.95 y[] \OMS/cmsy/m/n/10.95 ^^@ \OML/cmm/m/it/10.95 ^^W\OT1/cmr/m/n/10.
95 ) + [] [](\OML/cmm/m/it/10.95 y[] \OMS/cmsy/m/n/10.95 ^^@ \OML/cmm/m/it/10.9
5 ^^W\OT1/cmr/m/n/10.95 )[])) (\OMS/cmsy/m/n/10.95 ^^C\OT1/cmr/m/n/10.95 )
[97] [98] [99] (/usr/share/texmf-texlive/tex/latex/base/omscmr.fd) [100]
Overfull \hbox (3.63168pt too wide) in paragraph at lines 2611--2616
\OT1/cmr/m/n/10.95 Bei Be-schr[]ankung auf einen Test (was bei prak-ti-scher Te
st-durchf[]uhrung

Package Fancyhdr Warning: \headheight is too small (25.16252pt): 
 Make it at least 25.2842pt.
 We now make it that large for the rest of the document.
 This may cause the page layout to be inconsistent, however.

[101] [102] [103] [104] [105] [106] [107] [108] [109] [110] [111] [112]
[113] [114] [115] [116] [117] [118] (./Statistik1.aux) )
(see the transcript file for additional information)</usr/share/texmf-texlive/f
onts/type1/public/amsfonts/cm/cmbx10.pfb></usr/share/texmf-texlive/fonts/type1/
public/amsfonts/cm/cmbx12.pfb></usr/share/texmf-texlive/fonts/type1/public/amsf
onts/cm/cmex10.pfb></usr/share/texmf-texlive/fonts/type1/public/amsfonts/cmextr
a/cmex8.pfb></usr/share/texmf-texlive/fonts/type1/public/amsfonts/cmextra/cmex9
.pfb></usr/share/texmf-texlive/fonts/type1/public/amsfonts/cm/cmmi10.pfb></usr/
share/texmf-texlive/fonts/type1/public/amsfonts/cm/cmmi12.pfb></usr/share/texmf
-texlive/fonts/type1/public/amsfonts/cm/cmmi5.pfb></usr/share/texmf-texlive/fon
ts/type1/public/amsfonts/cm/cmmi6.pfb></usr/share/texmf-texlive/fonts/type1/pub
lic/amsfonts/cm/cmmi8.pfb></usr/share/texmf-texlive/fonts/type1/public/amsfonts
/cm/cmmi9.pfb></usr/share/texmf-texlive/fonts/type1/public/amsfonts/cm/cmr10.pf
b></usr/share/texmf-texlive/fonts/type1/public/amsfonts/cm/cmr12.pfb></usr/shar
e/texmf-texlive/fonts/type1/public/amsfonts/cm/cmr17.pfb></usr/share/texmf-texl
ive/fonts/type1/public/amsfonts/cm/cmr6.pfb></usr/share/texmf-texlive/fonts/typ
e1/public/amsfonts/cm/cmr7.pfb></usr/share/texmf-texlive/fonts/type1/public/ams
fonts/cm/cmr8.pfb></usr/share/texmf-texlive/fonts/type1/public/amsfonts/cm/cmr9
.pfb></usr/share/texmf-texlive/fonts/type1/public/amsfonts/cm/cmsl10.pfb></usr/
share/texmf-texlive/fonts/type1/public/amsfonts/cm/cmsy10.pfb></usr/share/texmf
-texlive/fonts/type1/public/amsfonts/cm/cmsy6.pfb></usr/share/texmf-texlive/fon
ts/type1/public/amsfonts/cm/cmsy8.pfb></usr/share/texmf-texlive/fonts/type1/pub
lic/amsfonts/cm/cmsy9.pfb></usr/share/texmf-texlive/fonts/type1/public/amsfonts
/cm/cmti10.pfb></usr/share/texmf-texlive/fonts/type1/public/amsfonts/cm/cmti9.p
fb></usr/share/texmf-texlive/fonts/type1/public/amsfonts/cm/cmtt10.pfb></usr/sh
are/texmf-texlive/fonts/type1/public/amsfonts/euler/eufm10.pfb></usr/share/texm
f-texlive/fonts/type1/public/amsfonts/euler/eusm10.pfb></usr/share/texmf-texliv
e/fonts/type1/public/amsfonts/symbols/msam10.pfb></usr/share/texmf-texlive/font
s/type1/public/amsfonts/symbols/msbm10.pfb>
Output written on Statistik1.pdf (120 pages, 811837 bytes).
Transcript written on Statistik1.log.
Result: ExitSuccess

Running /usr/bin/pdflatex Statistik1.tex in an env with 4 entries:
This is pdfTeX, Version 3.1415926-1.40.10 (TeX Live 2009/Debian)
entering extended mode
(data/Statistik1.tex
LaTeX2e <2009/09/24>
Babel <v3.8l> and hyphenation patterns for english, usenglishmax, dumylang, noh
yphenation, farsi, arabic, croatian, bulgarian, ukrainian, russian, czech, slov
ak, danish, dutch, finnish, french, basque, ngerman, german, german-x-2009-06-1
9, ngerman-x-2009-06-19, ibycus, monogreek, greek, ancientgreek, hungarian, san
skrit, italian, latin, latvian, lithuanian, mongolian2a, mongolian, bokmal, nyn
orsk, romanian, irish, coptic, serbian, turkish, welsh, esperanto, uppersorbian
, estonian, indonesian, interlingua, icelandic, kurmanji, slovenian, polish, po
rtuguese, spanish, galician, catalan, swedish, ukenglish, loaded.
(/usr/share/texmf-texlive/tex/latex/base/article.cls
Document Class: article 2007/10/19 v1.4h Standard LaTeX document class
(/usr/share/texmf-texlive/tex/latex/base/size11.clo)) (data/latexki.sty)
(/usr/share/texmf-texlive/tex/latex/amsfonts/amssymb.sty
(/usr/share/texmf-texlive/tex/latex/amsfonts/amsfonts.sty))
(/usr/share/texmf-texlive/tex/latex/amsmath/amsmath.sty
For additional information on amsmath, use the `?' option.
(/usr/share/texmf-texlive/tex/latex/amsmath/amstext.sty
(/usr/share/texmf-texlive/tex/latex/amsmath/amsgen.sty))
(/usr/share/texmf-texlive/tex/latex/amsmath/amsbsy.sty)
(/usr/share/texmf-texlive/tex/latex/amsmath/amsopn.sty))
(/usr/share/texmf-texlive/tex/generic/german/ngerman.sty v2.5e 1998-07-08)
(/usr/share/texmf-texlive/tex/latex/fancyhdr/fancyhdr.sty)
(/usr/share/texmf-texlive/tex/latex/amsfonts/euscript.sty)
(/usr/share/texmf-texlive/tex/latex/base/makeidx.sty)
(/usr/share/texmf-texlive/tex/latex/hyperref/hyperref.sty
(/usr/share/texmf-texlive/tex/latex/graphics/keyval.sty)
(/usr/share/texmf-texlive/tex/generic/oberdiek/ifpdf.sty)
(/usr/share/texmf-texlive/tex/generic/oberdiek/ifvtex.sty)
(/usr/share/texmf-texlive/tex/generic/ifxetex/ifxetex.sty)
(/usr/share/texmf-texlive/tex/latex/oberdiek/hycolor.sty
(/usr/share/texmf-texlive/tex/latex/oberdiek/xcolor-patch.sty))
(/usr/share/texmf-texlive/tex/latex/hyperref/pd1enc.def)
(/usr/share/texmf-texlive/tex/generic/oberdiek/etexcmds.sty
(/usr/share/texmf-texlive/tex/generic/oberdiek/infwarerr.sty))
(/usr/share/texmf-texlive/tex/latex/latexconfig/hyperref.cfg)
(/usr/share/texmf-texlive/tex/latex/oberdiek/kvoptions.sty
(/usr/share/texmf-texlive/tex/generic/oberdiek/kvsetkeys.sty))
Implicit mode ON; LaTeX internals redefined
(/usr/share/texmf-texlive/tex/latex/ltxmisc/url.sty)
(/usr/share/texmf-texlive/tex/generic/oberdiek/bitset.sty
(/usr/share/texmf-texlive/tex/generic/oberdiek/intcalc.sty)
(/usr/share/texmf-texlive/tex/generic/oberdiek/bigintcalc.sty
(/usr/share/texmf-texlive/tex/generic/oberdiek/pdftexcmds.sty
(/usr/share/texmf-texlive/tex/generic/oberdiek/ifluatex.sty)
(/usr/share/texmf-texlive/tex/generic/oberdiek/ltxcmds.sty))))
(/usr/share/texmf-texlive/tex/generic/oberdiek/atbegshi.sty))
*hyperref using default driver hpdftex*
(/usr/share/texmf-texlive/tex/latex/hyperref/hpdftex.def)
(/usr/share/texmf-texlive/tex/latex/ntheorem/ntheorem.sty
Style `ntheorem', Version 1.25 <2005/07/07>
) (/usr/share/texmf-texlive/tex/latex/base/inputenc.sty
(/usr/share/texmf-texlive/tex/latex/base/utf8.def
(/usr/share/texmf-texlive/tex/latex/base/t1enc.dfu)
(/usr/share/texmf-texlive/tex/latex/base/ot1enc.dfu)
(/usr/share/texmf-texlive/tex/latex/base/omsenc.dfu)))
Writing index file Statistik1.idx
(./Statistik1.aux) (/usr/share/texmf-texlive/tex/latex/hyperref/nameref.sty
(/usr/share/texmf-texlive/tex/latex/oberdiek/refcount.sty)) (./Statistik1.out)
(./Statistik1.out) (/usr/share/texmf-texlive/tex/latex/amsfonts/umsa.fd)
(/usr/share/texmf-texlive/tex/latex/amsfonts/umsb.fd) [1{/var/lib/texmf/fonts/m
ap/pdftex/updmap/pdftex.map}] (./Statistik1.toc) [2]
(/usr/share/texmf-texlive/tex/latex/amsfonts/ueuf.fd)

Package Fancyhdr Warning: \headheight is too small (12.0pt): 
 Make it at least 13.59999pt.
 We now make it that large for the rest of the document.
 This may cause the page layout to be inconsistent, however.

[1]
Overfull \hbox (77.56038pt too wide) detected at line 151
\OML/cmm/m/it/10.95 } \OT1/cmr/m/n/10.95 := \OMS/cmsy/m/n/10.95 f\OML/cmm/m/it/
10.95 P \OT1/cmr/m/n/10.95 :  \OMS/cmsy/m/n/10.95 9\OT1/cmr/m/n/10.95 (\OML/cmm
/m/it/10.95 ^^V; ^^W; ^^[[]\OT1/cmr/m/n/10.95 ) \OMS/cmsy/m/n/10.95 2 \U/msb/m/
n/10.95 R \OMS/cmsy/m/n/10.95 ^^B \U/msb/m/n/10.95 R \OMS/cmsy/m/n/10.95 ^^B \U
/msb/m/n/10.95 R[] \OT1/cmr/m/n/10.95 :  \OML/cmm/m/it/10.95 P \OT1/cmr/m/n/10.
95 = \OMS/cmsy/m/n/10.95 N\OT1/cmr/m/n/10.95 (\OML/cmm/m/it/10.95 ^^V; ^^[[]\OT
1/cmr/m/n/10.95 ) \OMS/cmsy/m/n/10.95 
 [] 
 N\OT1/cmr/m/n/10.95 (\OML/cmm/m/it/10.95 ^^V; ^^[[]\OT1/cmr/m/n/10.95 ) \OMS/c
msy/m/n/10.95 
 N\OT1/cmr/m/n/10.95 (\OML/cmm/m/it/10.95 ^^W; ^^[[]\OT1/cmr/m/n/10.95 ) \OMS/c
msy/m/n/10.95 
 [] 
 N\OT1/cmr/m/n/10.95 (\OML/cmm/m/it/10.95 ^^W; ^^[[]\OT1/cmr/m/n/10.95 )\OMS/cm
sy/m/n/10.95 g
[2] [3] [4] [5] [6]

Package hyperref Warning: Token not allowed in a PDF string (PDFDocEncoding):
(hyperref)                removing `\\' on input line 222.

[7]

Package Fancyhdr Warning: \headheight is too small (13.59999pt): 
 Make it at least 25.16252pt.
 We now make it that large for the rest of the document.
 This may cause the page layout to be inconsistent, however.

[8] [9] [10] [11] [12] [13] [14]
(/usr/share/texmf-texlive/tex/latex/amsfonts/ueus.fd) [15]
Underfull \vbox (badness 2189) has occurred while \output is active [16]
[17] [18] [19] [20] [21] [22] [23] [24] [25] [26] [27] [28] [29] [30] [31]
[32] [33] [34] [35]
Overfull \hbox (7.62921pt too wide) detected at line 890
\OML/cmm/m/it/10.95 I[]\OT1/cmr/m/n/10.95 (\OML/cmm/m/it/10.95 #\OT1/cmr/m/n/10
.95 ) := \OML/cmm/m/it/10.95 E[]\OT1/cmr/m/n/10.95 [\OMS/cmsy/m/n/10.95 U[]\OT1
/cmr/m/n/10.95 (\OML/cmm/m/it/10.95 #\OT1/cmr/m/n/10.95 ) \OMS/cmsy/m/n/10.95 ^
^A U[]\OT1/cmr/m/n/10.95 (\OML/cmm/m/it/10.95 #\OT1/cmr/m/n/10.95 )[]] = [][]
[36] [37] [38] [39] [40] [41] [42] [43]

Package amsmath Warning: Foreign command \atopwithdelims;
(amsmath)                \frac or \genfrac should be used instead
(amsmath)                 on input line 1111.

[44] [45] [46] [47] [48] [49] [50] [51]
Overfull \hbox (6.02786pt too wide) in alignment at lines 1313--1315
 [][][] []
[52] [53] [54]
Underfull \vbox (badness 1509) has occurred while \output is active [55]
[56] [57] [58]
Overfull \hbox (7.30373pt too wide) detected at line 1475
[] \OMS/cmsy/m/n/10.95 ) \OT1/cmr/m/n/10.95 ([]\OML/cmm/m/it/10.95 ; S[]\OT1/cm
r/m/n/10.95 )[]\OML/cmm/m/it/10.95 # \OT1/cmr/m/n/10.95 = (\OML/cmm/m/it/10.95 
^^V; ^^[[]\OT1/cmr/m/n/10.95 )
[59] [60] [61]

Package amsmath Warning: Foreign command \atop;
(amsmath)                \frac or \genfrac should be used instead
(amsmath)                 on input line 1541.

[62] [63] [64] [65] [66] [67] [68] [69]
Underfull \vbox (badness 3312) has occurred while \output is active [70]
[71] [72] [73] [74]
Overfull \hbox (17.39268pt too wide) detected at line 1906
[]\OT1/cmr/m/n/10.95 ([] \OMS/cmsy/m/n/10.95 ^^@ \OML/cmm/m/it/10.95 ^^V[]\OT1/
cmr/m/n/10.95 ) [] \OMS/cmsy/m/n/10.95 N []
[75] [76]
Underfull \vbox (badness 1953) has occurred while \output is active [77]
[78] [79] [80] [81] [82] [83] [84] [85] [86] [87] [88] [89] [90] [91] [92]
[93] [94] [95] [96]
Overfull \hbox (4.76437pt too wide) detected at line 2485
[]\OT1/cmr/m/n/10.95 (\OMS/cmsy/m/n/10.95 ^^@[]\OT1/cmr/m/n/10.95 ([] [](\OML/c
mm/m/it/10.95 x[] \OMS/cmsy/m/n/10.95 ^^@ \OML/cmm/m/it/10.95 ^^V\OT1/cmr/m/n/1
0.95 )[] \OMS/cmsy/m/n/10.95 ^^@ [] []\OT1/cmr/m/n/10.95 (\OML/cmm/m/it/10.95 x
[] \OMS/cmsy/m/n/10.95 ^^@ \OML/cmm/m/it/10.95 ^^V\OT1/cmr/m/n/10.95 )(\OML/cmm
/m/it/10.95 y[] \OMS/cmsy/m/n/10.95 ^^@ \OML/cmm/m/it/10.95 ^^W\OT1/cmr/m/n/10.
95 ) + [] [](\OML/cmm/m/it/10.95 y[] \OMS/cmsy/m/n/10.95 ^^@ \OML/cmm/m/it/10.9
5 ^^W\OT1/cmr/m/n/10.95 )[])) (\OMS/cmsy/m/n/10.95 ^^C\OT1/cmr/m/n/10.95 )
[97] [98] [99] (/usr/share/texmf-texlive/tex/latex/base/omscmr.fd) [100]
Overfull \hbox (3.63168pt too wide) in paragraph at lines 2611--2616
\OT1/cmr/m/n/10.95 Bei Be-schr[]ankung auf einen Test (was bei prak-ti-scher Te
st-durchf[]uhrung

Package Fancyhdr Warning: \headheight is too small (25.16252pt): 
 Make it at least 25.2842pt.
 We now make it that large for the rest of the document.
 This may cause the page layout to be inconsistent, however.

[101] [102] [103] [104] [105] [106] [107] [108] [109] [110] [111] [112]
[113] [114] [115] [116] [117] [118] (./Statistik1.aux) )
(see the transcript file for additional information)</usr/share/texmf-texlive/f
onts/type1/public/amsfonts/cm/cmbx10.pfb></usr/share/texmf-texlive/fonts/type1/
public/amsfonts/cm/cmbx12.pfb></usr/share/texmf-texlive/fonts/type1/public/amsf
onts/cm/cmex10.pfb></usr/share/texmf-texlive/fonts/type1/public/amsfonts/cmextr
a/cmex8.pfb></usr/share/texmf-texlive/fonts/type1/public/amsfonts/cmextra/cmex9
.pfb></usr/share/texmf-texlive/fonts/type1/public/amsfonts/cm/cmmi10.pfb></usr/
share/texmf-texlive/fonts/type1/public/amsfonts/cm/cmmi12.pfb></usr/share/texmf
-texlive/fonts/type1/public/amsfonts/cm/cmmi5.pfb></usr/share/texmf-texlive/fon
ts/type1/public/amsfonts/cm/cmmi6.pfb></usr/share/texmf-texlive/fonts/type1/pub
lic/amsfonts/cm/cmmi8.pfb></usr/share/texmf-texlive/fonts/type1/public/amsfonts
/cm/cmmi9.pfb></usr/share/texmf-texlive/fonts/type1/public/amsfonts/cm/cmr10.pf
b></usr/share/texmf-texlive/fonts/type1/public/amsfonts/cm/cmr12.pfb></usr/shar
e/texmf-texlive/fonts/type1/public/amsfonts/cm/cmr17.pfb></usr/share/texmf-texl
ive/fonts/type1/public/amsfonts/cm/cmr6.pfb></usr/share/texmf-texlive/fonts/typ
e1/public/amsfonts/cm/cmr7.pfb></usr/share/texmf-texlive/fonts/type1/public/ams
fonts/cm/cmr8.pfb></usr/share/texmf-texlive/fonts/type1/public/amsfonts/cm/cmr9
.pfb></usr/share/texmf-texlive/fonts/type1/public/amsfonts/cm/cmsl10.pfb></usr/
share/texmf-texlive/fonts/type1/public/amsfonts/cm/cmsy10.pfb></usr/share/texmf
-texlive/fonts/type1/public/amsfonts/cm/cmsy6.pfb></usr/share/texmf-texlive/fon
ts/type1/public/amsfonts/cm/cmsy8.pfb></usr/share/texmf-texlive/fonts/type1/pub
lic/amsfonts/cm/cmsy9.pfb></usr/share/texmf-texlive/fonts/type1/public/amsfonts
/cm/cmti10.pfb></usr/share/texmf-texlive/fonts/type1/public/amsfonts/cm/cmti9.p
fb></usr/share/texmf-texlive/fonts/type1/public/amsfonts/cm/cmtt10.pfb></usr/sh
are/texmf-texlive/fonts/type1/public/amsfonts/euler/eufm10.pfb></usr/share/texm
f-texlive/fonts/type1/public/amsfonts/euler/eusm10.pfb></usr/share/texmf-texliv
e/fonts/type1/public/amsfonts/symbols/msam10.pfb></usr/share/texmf-texlive/font
s/type1/public/amsfonts/symbols/msbm10.pfb>
Output written on Statistik1.pdf (120 pages, 811837 bytes).
Transcript written on Statistik1.log.
Result: ExitSuccess

Running /usr/bin/convert -verbose Statistik1.pdf[0] -resize 70x Statistik1.png in an env with 4 entries:
"gs" -q -dQUIET -dSAFER -dBATCH -dNOPAUSE -dNOPROMPT -dMaxBitmap=500000000 -dAlignToPixels=0 -dGridFitTT=2 "-sDEVICE=pngalpha" -dTextAlphaBits=4 -dGraphicsAlphaBits=4 "-r72x72" -dFirstPage=1 -dLastPage=1 "-sOutputFile=/tmp/magick-cQzyS1vx-%08d" "-f/tmp/magick-1SeG7OaJ" "-f/tmp/magick-xLL6MGPU"
/tmp/magick-cQzyS1vx-00000001 PNG 595x842 595x842+0+0 8-bit DirectClass 19.7KB 0.020u 0:00.010
Statistik1.pdf[0]=>Statistik1.pdf PDF 595x842 595x842+0+0 16-bit DirectClass 19.7KB 0.000u 0:00.000
Statistik1.pdf[0]=>Statistik1.png PDF 595x842=>70x99 70x99+0+0 16-bit DirectClass 0.330u 0:00.079
Result: ExitSuccess

Running /usr/bin/optipng -verbose Statistik1.png in an env with 4 entries:
OptiPNG 0.6.4: Advanced PNG optimizer.
Copyright (C) 2001-2010 Cosmin Truta.

** Processing: Statistik1.png
70x99 pixels, 2x8 bits/pixel, grayscale+alpha
Reducing image to 8 bits/pixel, 50 colors (49 transparent) in palette
Input IDAT size = 764 bytes
Input file size = 3394 bytes

Trying:
  zc = 9  zm = 8  zs = 0  f = 0		IDAT size = 552
  zc = 9  zm = 8  zs = 1  f = 0		IDAT too big
  zc = 1  zm = 8  zs = 2  f = 0		IDAT too big
  zc = 9  zm = 8  zs = 3  f = 0		IDAT size = 552
  zc = 9  zm = 8  zs = 0  f = 5		IDAT too big
  zc = 9  zm = 8  zs = 1  f = 5		IDAT too big
  zc = 1  zm = 8  zs = 2  f = 5		IDAT too big
  zc = 9  zm = 8  zs = 3  f = 5		IDAT too big

Statistik1.png is already optimized.

** Status report
1 file(s) have been processed.
Result: ExitSuccess
