This is pdfTeX, Version 3.1415926-1.40.10 (TeX Live 2009/Debian) (format=pdflatex 2016.12.27)  27 DEC 2016 08:46
entering extended mode
 %&-line parsing enabled.
**Stochastik2.tex
(data/Stochastik2.tex
LaTeX2e <2009/09/24>
Babel <v3.8l> and hyphenation patterns for english, usenglishmax, dumylang, noh
yphenation, farsi, arabic, croatian, bulgarian, ukrainian, russian, czech, slov
ak, danish, dutch, finnish, french, basque, ngerman, german, german-x-2009-06-1
9, ngerman-x-2009-06-19, ibycus, monogreek, greek, ancientgreek, hungarian, san
skrit, italian, latin, latvian, lithuanian, mongolian2a, mongolian, bokmal, nyn
orsk, romanian, irish, coptic, serbian, turkish, welsh, esperanto, uppersorbian
, estonian, indonesian, interlingua, icelandic, kurmanji, slovenian, polish, po
rtuguese, spanish, galician, catalan, swedish, ukenglish, loaded.
(/usr/share/texmf-texlive/tex/latex/koma-script/scrbook.cls
Document Class: scrbook 2009/07/24 v3.04a KOMA-Script document class (book)
(/usr/share/texmf-texlive/tex/latex/koma-script/scrkbase.sty
Package: scrkbase 2009/07/24 v3.04a KOMA-Script package (KOMA-Script-dependent 
basics and keyval usage)

(/usr/share/texmf-texlive/tex/latex/koma-script/scrbase.sty
Package: scrbase 2009/07/24 v3.04a KOMA-Script package (KOMA-Script-independent
 basics and keyval usage)

(/usr/share/texmf-texlive/tex/latex/graphics/keyval.sty
Package: keyval 1999/03/16 v1.13 key=value parser (DPC)
\KV@toks@=\toks14
)
(/usr/share/texmf-texlive/tex/latex/koma-script/scrlfile.sty
Package: scrlfile 2009/03/25 v3.03 KOMA-Script package (loading files)

Package scrlfile, 2009/03/25 v3.03 KOMA-Script package (loading files)
                  Copyright (C) Markus Kohm

))) (/usr/share/texmf-texlive/tex/latex/koma-script/tocbasic.sty
Package: tocbasic 2009/06/08 v3.03b KOMA-Script package (handling toc-files)
)
Package tocbasic Info: omitting babel extension for `toc'
(tocbasic)             because of feature `nobabel' available
(tocbasic)             for `toc' on input line 117.
Package tocbasic Info: omitting babel extension for `lof'
(tocbasic)             because of feature `nobabel' available
(tocbasic)             for `lof' on input line 118.
Package tocbasic Info: omitting babel extension for `lot'
(tocbasic)             because of feature `nobabel' available
(tocbasic)             for `lot' on input line 119.
Package scrbook Info: You've used obsolete option `11pt'.
(scrbook)             \KOMAExecuteOptions{fontsize=11pt} will be
(scrbook)             used instead.
(scrbook)             You may simply replace `11pt'
(scrbook)             by `fontsize=11pt'.
Class scrbook Info: File `scrsize11pt.clo' used to setup font sizes on input li
ne 1272.

(/usr/share/texmf-texlive/tex/latex/koma-script/scrsize11pt.clo
File: scrsize11pt.clo 2009/07/24 v3.04a KOMA-Script font size class option (11p
t)
)
(/usr/share/texmf-texlive/tex/latex/koma-script/typearea.sty
Package: typearea 2009/07/24 v3.04a KOMA-Script package (type area)

Package typearea, 2009/07/24 v3.04a KOMA-Script package (type area)
                  Copyright (C) Frank Neukam, 1992-1994
                  Copyright (C) Markus Kohm, 1994-

\ta@bcor=\skip41
\ta@div=\count79
Package typearea Info: You've used standard option `a4paper'.
(typearea)             This is correct!
(typearea)             Internaly I'm using `paper=a4'.
(typearea)             If you'd like to set the option with \KOMAoptions,
(typearea)             you'd have to use `paper=a4' there
(typearea)             instead of `a4paper', too.
\ta@hblk=\skip42
\ta@vblk=\skip43
\ta@temp=\skip44
Package typearea Info: These are the values describing the layout:
(typearea)             DIV  = 10
(typearea)             BCOR = 0.0pt
(typearea)             \paperwidth      = 597.50793pt
(typearea)              \textwidth      = 418.25555pt
(typearea)              DIV departure   = -6%
(typearea)              \evensidemargin = 47.2316pt
(typearea)              \oddsidemargin  = -12.5192pt
(typearea)             \paperheight     = 845.04694pt
(typearea)              \textheight     = 595.80026pt
(typearea)              \topmargin      = -25.16531pt
(typearea)              \headheight     = 17.0pt
(typearea)              \headsep        = 20.40001pt
(typearea)              \topskip        = 11.0pt
(typearea)              \footskip       = 47.60002pt
(typearea)              \baselineskip   = 13.6pt
(typearea)              on input line 1115.
)
\c@part=\count80
\c@chapter=\count81
\c@section=\count82
\c@subsection=\count83
\c@subsubsection=\count84
\c@paragraph=\count85
\c@subparagraph=\count86
\abovecaptionskip=\skip45
\belowcaptionskip=\skip46
\c@pti@nb@sid@b@x=\box26
\c@figure=\count87
\c@table=\count88
\bibindent=\dimen102
) (data/latexki.sty) (/usr/share/texmf-texlive/tex/latex/amsfonts/amssymb.sty
Package: amssymb 2009/06/22 v3.00

(/usr/share/texmf-texlive/tex/latex/amsfonts/amsfonts.sty
Package: amsfonts 2009/06/22 v3.00 Basic AMSFonts support
\@emptytoks=\toks15
\symAMSa=\mathgroup4
\symAMSb=\mathgroup5
LaTeX Font Info:    Overwriting math alphabet `\mathfrak' in version `bold'
(Font)                  U/euf/m/n --> U/euf/b/n on input line 96.
))
(/usr/share/texmf-texlive/tex/latex/amsmath/amsmath.sty
Package: amsmath 2000/07/18 v2.13 AMS math features
\@mathmargin=\skip47

For additional information on amsmath, use the `?' option.
(/usr/share/texmf-texlive/tex/latex/amsmath/amstext.sty
Package: amstext 2000/06/29 v2.01

(/usr/share/texmf-texlive/tex/latex/amsmath/amsgen.sty
File: amsgen.sty 1999/11/30 v2.0
\@emptytoks=\toks16
\ex@=\dimen103
))
(/usr/share/texmf-texlive/tex/latex/amsmath/amsbsy.sty
Package: amsbsy 1999/11/29 v1.2d
\pmbraise@=\dimen104
)
(/usr/share/texmf-texlive/tex/latex/amsmath/amsopn.sty
Package: amsopn 1999/12/14 v2.01 operator names
)
\inf@bad=\count89
LaTeX Info: Redefining \frac on input line 211.
\uproot@=\count90
\leftroot@=\count91
LaTeX Info: Redefining \overline on input line 307.
\classnum@=\count92
\DOTSCASE@=\count93
LaTeX Info: Redefining \ldots on input line 379.
LaTeX Info: Redefining \dots on input line 382.
LaTeX Info: Redefining \cdots on input line 467.
\Mathstrutbox@=\box27
\strutbox@=\box28
\big@size=\dimen105
LaTeX Font Info:    Redeclaring font encoding OML on input line 567.
LaTeX Font Info:    Redeclaring font encoding OMS on input line 568.
\macc@depth=\count94
\c@MaxMatrixCols=\count95
\dotsspace@=\muskip10
\c@parentequation=\count96
\dspbrk@lvl=\count97
\tag@help=\toks17
\row@=\count98
\column@=\count99
\maxfields@=\count100
\andhelp@=\toks18
\eqnshift@=\dimen106
\alignsep@=\dimen107
\tagshift@=\dimen108
\tagwidth@=\dimen109
\totwidth@=\dimen110
\lineht@=\dimen111
\@envbody=\toks19
\multlinegap=\skip48
\multlinetaggap=\skip49
\mathdisplay@stack=\toks20
LaTeX Info: Redefining \[ on input line 2666.
LaTeX Info: Redefining \] on input line 2667.
)
(/usr/share/texmf-texlive/tex/generic/german/ngerman.sty v2.5e 1998-07-08
Package: ngerman 1998/07/08 v2.5e Support for writing german texts (br)
\grmnU@D=\dimen112
ngerman -- \language number for naustrian undefined, default 17 used.
)
(/usr/share/texmf-texlive/tex/latex/fancyhdr/fancyhdr.sty
\fancy@headwidth=\skip50
\f@ncyO@elh=\skip51
\f@ncyO@erh=\skip52
\f@ncyO@olh=\skip53
\f@ncyO@orh=\skip54
\f@ncyO@elf=\skip55
\f@ncyO@erf=\skip56
\f@ncyO@olf=\skip57
\f@ncyO@orf=\skip58
)
(/usr/share/texmf-texlive/tex/latex/amsfonts/euscript.sty
Package: euscript 2009/06/22 v3.00 Euler Script fonts
LaTeX Font Info:    Overwriting math alphabet `\EuScript' in version `bold'
(Font)                  U/eus/m/n --> U/eus/b/n on input line 33.
)
(/usr/share/texmf-texlive/tex/latex/base/makeidx.sty
Package: makeidx 2000/03/29 v1.0m Standard LaTeX package
)
(/usr/share/texmf-texlive/tex/latex/hyperref/hyperref.sty
Package: hyperref 2009/10/09 v6.79a Hypertext links for LaTeX

(/usr/share/texmf-texlive/tex/generic/oberdiek/ifpdf.sty
Package: ifpdf 2009/04/10 v2.0 Provides the ifpdf switch (HO)
Package ifpdf Info: pdfTeX in pdf mode detected.
)
(/usr/share/texmf-texlive/tex/generic/oberdiek/ifvtex.sty
Package: ifvtex 2008/11/04 v1.4 Switches for detecting VTeX and its modes (HO)
Package ifvtex Info: VTeX not detected.
)
(/usr/share/texmf-texlive/tex/generic/ifxetex/ifxetex.sty
Package: ifxetex 2009/01/23 v0.5 Provides ifxetex conditional
)
(/usr/share/texmf-texlive/tex/latex/oberdiek/hycolor.sty
Package: hycolor 2009/10/02 v1.5 Code for color options of hyperref/bookmark (H
O)

(/usr/share/texmf-texlive/tex/latex/oberdiek/xcolor-patch.sty
Package: xcolor-patch 2009/10/02 xcolor patch
))
\@linkdim=\dimen113
\Hy@linkcounter=\count101
\Hy@pagecounter=\count102

(/usr/share/texmf-texlive/tex/latex/hyperref/pd1enc.def
File: pd1enc.def 2009/10/09 v6.79a Hyperref: PDFDocEncoding definition (HO)
)
(/usr/share/texmf-texlive/tex/generic/oberdiek/etexcmds.sty
Package: etexcmds 2007/12/12 v1.2 Prefix for e-TeX command names (HO)

(/usr/share/texmf-texlive/tex/generic/oberdiek/infwarerr.sty
Package: infwarerr 2007/09/09 v1.2 Providing info/warning/message (HO)
)
Package etexcmds Info: Could not find \expanded.
(etexcmds)             That can mean that you are not using pdfTeX 1.50 or
(etexcmds)             that some package has redefined \expanded.
(etexcmds)             In the latter case, load this package earlier.
)
(/usr/share/texmf-texlive/tex/latex/latexconfig/hyperref.cfg
File: hyperref.cfg 2002/06/06 v1.2 hyperref configuration of TeXLive
)
(/usr/share/texmf-texlive/tex/latex/oberdiek/kvoptions.sty
Package: kvoptions 2009/08/13 v3.4 Keyval support for LaTeX options (HO)

(/usr/share/texmf-texlive/tex/generic/oberdiek/kvsetkeys.sty
Package: kvsetkeys 2009/07/30 v1.5 Key value parser with default handler suppor
t (HO)
))
Package hyperref Info: Hyper figures OFF on input line 2975.
Package hyperref Info: Link nesting OFF on input line 2980.
Package hyperref Info: Hyper index ON on input line 2983.
Package hyperref Info: Plain pages OFF on input line 2990.
Package hyperref Info: Backreferencing OFF on input line 2995.

Implicit mode ON; LaTeX internals redefined
Package hyperref Info: Bookmarks ON on input line 3191.
(/usr/share/texmf-texlive/tex/latex/ltxmisc/url.sty
\Urlmuskip=\muskip11
Package: url 2006/04/12  ver 3.3  Verb mode for urls, etc.
)
LaTeX Info: Redefining \url on input line 3428.

(/usr/share/texmf-texlive/tex/generic/oberdiek/bitset.sty
Package: bitset 2007/09/28 v1.0 Data type bit set (HO)

(/usr/share/texmf-texlive/tex/generic/oberdiek/intcalc.sty
Package: intcalc 2007/09/27 v1.1 Expandable integer calculations (HO)
)
(/usr/share/texmf-texlive/tex/generic/oberdiek/bigintcalc.sty
Package: bigintcalc 2007/11/11 v1.1 Expandable big integer calculations (HO)

(/usr/share/texmf-texlive/tex/generic/oberdiek/pdftexcmds.sty
Package: pdftexcmds 2009/09/23 v0.6 LuaTeX support for pdfTeX utility functions
 (HO)

(/usr/share/texmf-texlive/tex/generic/oberdiek/ifluatex.sty
Package: ifluatex 2009/04/17 v1.2 Provides the ifluatex switch (HO)
Package ifluatex Info: LuaTeX not detected.
)
(/usr/share/texmf-texlive/tex/generic/oberdiek/ltxcmds.sty
Package: ltxcmds 2009/08/05 v1.0 Some LaTeX kernel commands for general use (HO
)
)
Package pdftexcmds Info: LuaTeX not detected.
Package pdftexcmds Info: \pdf@primitive is available.
Package pdftexcmds Info: \pdf@ifprimitive is available.
)))
\Fld@menulength=\count103
\Field@Width=\dimen114
\Fld@charsize=\dimen115
\Field@toks=\toks21
Package hyperref Info: Hyper figures OFF on input line 4377.
Package hyperref Info: Link nesting OFF on input line 4382.
Package hyperref Info: Hyper index ON on input line 4385.
Package hyperref Info: backreferencing OFF on input line 4392.
Package hyperref Info: Link coloring OFF on input line 4397.
Package hyperref Info: Link coloring with OCG OFF on input line 4402.
Package hyperref Info: PDF/A mode OFF on input line 4407.

(/usr/share/texmf-texlive/tex/generic/oberdiek/atbegshi.sty
Package: atbegshi 2008/07/31 v1.9 At begin shipout hook (HO)
)
\Hy@abspage=\count104
\c@Item=\count105
\c@Hfootnote=\count106
)
*hyperref using default driver hpdftex*
(/usr/share/texmf-texlive/tex/latex/hyperref/hpdftex.def
File: hpdftex.def 2009/10/09 v6.79a Hyperref driver for pdfTeX
\Fld@listcount=\count107
)
(/usr/share/texmf-texlive/tex/latex/ntheorem/ntheorem.sty
Style `ntheorem', Version 1.25 <2005/07/07>
Package: ntheorem 2005/07/07 1.25
\theorem@style=\toks22
\theorem@@style=\toks23
\theorembodyfont=\toks24
\theoremnumbering=\toks25
\theorempreskipamount=\skip59
\theorempostskipamount=\skip60
\theoremindent=\dimen116
\theorem@indent=\dimen117
\theoremheaderfont=\toks26
\theoremseparator=\toks27
\theoremprework=\toks28
\theorempostwork=\toks29
\theoremsymbol=\toks30
\qedsymbol=\toks31
\theoremkeyword=\toks32
\qedsymbol=\toks33
\thm@topsepadd=\skip61
Package ntheorem Info: Option `thmmarks' loaded on input line 1029.
\c@endNonectr=\count108
\c@currNonectr=\count109
\mysavskip=\skip62
Package ntheorem Info: option `amsmath' handling for `thmmarks' loaded on input
 line 1029.
\thm@amstmpdepth=\dimen118
) (/usr/share/texmf-texlive/tex/latex/tools/enumerate.sty
Package: enumerate 1999/03/05 v3.00 enumerate extensions (DPC)
\@enLab=\toks34
)
(/usr/share/texmf-texlive/tex/latex/mh/mathtools.sty
Package: mathtools 2008/08/01 v1.06 mathematical typesetting tools (MH)

(/usr/share/texmf-texlive/tex/latex/tools/calc.sty
Package: calc 2007/08/22 v4.3 Infix arithmetic (KKT,FJ)
\calc@Acount=\count110
\calc@Bcount=\count111
\calc@Adimen=\dimen119
\calc@Bdimen=\dimen120
\calc@Askip=\skip63
\calc@Bskip=\skip64
LaTeX Info: Redefining \setlength on input line 76.
LaTeX Info: Redefining \addtolength on input line 77.
\calc@Ccount=\count112
\calc@Cskip=\skip65
)
(/usr/share/texmf-texlive/tex/latex/mh/mhsetup.sty
Package: mhsetup 2007/12/03 v1.2 programming setup (MH)
)
\g_MT_multlinerow_int=\count113
\l_MT_multwidth_dim=\dimen121
)
(/usr/share/texmf-texlive/tex/generic/xypic/xy.sty
(/usr/share/texmf-texlive/tex/generic/xypic/xy.tex Bootstrap'ing: catcodes,
docmode, (/usr/share/texmf-texlive/tex/generic/xypic/xyrecat.tex)
(/usr/share/texmf-texlive/tex/generic/xypic/xyidioms.tex)

 Xy-pic version 3.7 <1999/02/16>
 Copyright (c) 1991-1998 by Kristoffer H. Rose <krisrose@ens-lyon.fr>
 Xy-pic is free software: see the User's Guide for details.

Loading kernel: messages; fonts; allocations: state,
\X@c=\dimen122
\Y@c=\dimen123
\U@c=\dimen124
\D@c=\dimen125
\L@c=\dimen126
\R@c=\dimen127
\Edge@c=\toks35
\X@p=\dimen128
\Y@p=\dimen129
\U@p=\dimen130
\D@p=\dimen131
\L@p=\dimen132
\R@p=\dimen133
\Edge@p=\toks36
\X@origin=\dimen134
\Y@origin=\dimen135
\X@xbase=\dimen136
\Y@xbase=\dimen137
\X@ybase=\dimen138
\Y@ybase=\dimen139
\X@min=\dimen140
\Y@min=\dimen141
\X@max=\dimen142
\Y@max=\dimen143
\lastobjectbox@=\box29
\zerodotbox@=\box30
\almostz@=\dimen144
 direction,
\d@X=\dimen145
\d@Y=\dimen146
\K@=\count114
\KK@=\count115
\Direction=\count116
\K@dXdY=\dimen147
\K@dYdX=\dimen148
\xyread@=\read1
\xywrite@=\write3
\csp@=\count117
\quotPTK@=\dimen149

utility macros; pictures: \xy, positions,
\swaptoks@@=\toks37
\connectobjectbox@@=\box31
 objects,
\styletoks@=\toks38
 decorations;
kernel objects: directionals, circles, text; options; algorithms: directions,
edges, connections;  Xy-pic loaded)
Package: xy 1999/02/16 Xy-pic version 3.7

(/usr/share/texmf-texlive/tex/generic/xypic/xyarrow.tex
 Xy-pic option: Arrow and Path feature v.3.5 path, \ar, loaded)
(/usr/share/texmf-texlive/tex/generic/xypic/xymatrix.tex
 Xy-pic option: Matrix feature v.3.4
\Row=\count118
\Col=\count119
\queue@=\toks39
\queue@@=\toks40
\qcount@=\count120
\qcount@@=\count121
\matrixsize@=\count122
 loaded)
(/usr/share/texmf-texlive/tex/generic/xypic/xycurve.tex
 Xy-pic option: Curve and Spline extension v.3.7 curve,
\crv@cnt@=\count123
\crvpts@=\toks41
\splinebox@=\box32
\splineval@=\dimen150
\splinedepth@=\dimen151
\splinetol@=\dimen152
\splinelength@=\dimen153
 circles,
\L@=\dimen154
 loaded))
(/usr/share/texmf-texlive/tex/latex/base/inputenc.sty
Package: inputenc 2008/03/30 v1.1d Input encoding file
\inpenc@prehook=\toks42
\inpenc@posthook=\toks43

(/usr/share/texmf-texlive/tex/latex/base/utf8.def
File: utf8.def 2008/04/05 v1.1m UTF-8 support for inputenc
Now handling font encoding OML ...
... no UTF-8 mapping file for font encoding OML
Now handling font encoding T1 ...
... processing UTF-8 mapping file for font encoding T1

(/usr/share/texmf-texlive/tex/latex/base/t1enc.dfu
File: t1enc.dfu 2008/04/05 v1.1m UTF-8 support for inputenc
   defining Unicode char U+00A1 (decimal 161)
   defining Unicode char U+00A3 (decimal 163)
   defining Unicode char U+00AB (decimal 171)
   defining Unicode char U+00BB (decimal 187)
   defining Unicode char U+00BF (decimal 191)
   defining Unicode char U+00C0 (decimal 192)
   defining Unicode char U+00C1 (decimal 193)
   defining Unicode char U+00C2 (decimal 194)
   defining Unicode char U+00C3 (decimal 195)
   defining Unicode char U+00C4 (decimal 196)
   defining Unicode char U+00C5 (decimal 197)
   defining Unicode char U+00C6 (decimal 198)
   defining Unicode char U+00C7 (decimal 199)
   defining Unicode char U+00C8 (decimal 200)
   defining Unicode char U+00C9 (decimal 201)
   defining Unicode char U+00CA (decimal 202)
   defining Unicode char U+00CB (decimal 203)
   defining Unicode char U+00CC (decimal 204)
   defining Unicode char U+00CD (decimal 205)
   defining Unicode char U+00CE (decimal 206)
   defining Unicode char U+00CF (decimal 207)
   defining Unicode char U+00D0 (decimal 208)
   defining Unicode char U+00D1 (decimal 209)
   defining Unicode char U+00D2 (decimal 210)
   defining Unicode char U+00D3 (decimal 211)
   defining Unicode char U+00D4 (decimal 212)
   defining Unicode char U+00D5 (decimal 213)
   defining Unicode char U+00D6 (decimal 214)
   defining Unicode char U+00D8 (decimal 216)
   defining Unicode char U+00D9 (decimal 217)
   defining Unicode char U+00DA (decimal 218)
   defining Unicode char U+00DB (decimal 219)
   defining Unicode char U+00DC (decimal 220)
   defining Unicode char U+00DD (decimal 221)
   defining Unicode char U+00DE (decimal 222)
   defining Unicode char U+00DF (decimal 223)
   defining Unicode char U+00E0 (decimal 224)
   defining Unicode char U+00E1 (decimal 225)
   defining Unicode char U+00E2 (decimal 226)
   defining Unicode char U+00E3 (decimal 227)
   defining Unicode char U+00E4 (decimal 228)
   defining Unicode char U+00E5 (decimal 229)
   defining Unicode char U+00E6 (decimal 230)
   defining Unicode char U+00E7 (decimal 231)
   defining Unicode char U+00E8 (decimal 232)
   defining Unicode char U+00E9 (decimal 233)
   defining Unicode char U+00EA (decimal 234)
   defining Unicode char U+00EB (decimal 235)
   defining Unicode char U+00EC (decimal 236)
   defining Unicode char U+00ED (decimal 237)
   defining Unicode char U+00EE (decimal 238)
   defining Unicode char U+00EF (decimal 239)
   defining Unicode char U+00F0 (decimal 240)
   defining Unicode char U+00F1 (decimal 241)
   defining Unicode char U+00F2 (decimal 242)
   defining Unicode char U+00F3 (decimal 243)
   defining Unicode char U+00F4 (decimal 244)
   defining Unicode char U+00F5 (decimal 245)
   defining Unicode char U+00F6 (decimal 246)
   defining Unicode char U+00F8 (decimal 248)
   defining Unicode char U+00F9 (decimal 249)
   defining Unicode char U+00FA (decimal 250)
   defining Unicode char U+00FB (decimal 251)
   defining Unicode char U+00FC (decimal 252)
   defining Unicode char U+00FD (decimal 253)
   defining Unicode char U+00FE (decimal 254)
   defining Unicode char U+00FF (decimal 255)
   defining Unicode char U+0102 (decimal 258)
   defining Unicode char U+0103 (decimal 259)
   defining Unicode char U+0104 (decimal 260)
   defining Unicode char U+0105 (decimal 261)
   defining Unicode char U+0106 (decimal 262)
   defining Unicode char U+0107 (decimal 263)
   defining Unicode char U+010C (decimal 268)
   defining Unicode char U+010D (decimal 269)
   defining Unicode char U+010E (decimal 270)
   defining Unicode char U+010F (decimal 271)
   defining Unicode char U+0110 (decimal 272)
   defining Unicode char U+0111 (decimal 273)
   defining Unicode char U+0118 (decimal 280)
   defining Unicode char U+0119 (decimal 281)
   defining Unicode char U+011A (decimal 282)
   defining Unicode char U+011B (decimal 283)
   defining Unicode char U+011E (decimal 286)
   defining Unicode char U+011F (decimal 287)
   defining Unicode char U+0130 (decimal 304)
   defining Unicode char U+0131 (decimal 305)
   defining Unicode char U+0132 (decimal 306)
   defining Unicode char U+0133 (decimal 307)
   defining Unicode char U+0139 (decimal 313)
   defining Unicode char U+013A (decimal 314)
   defining Unicode char U+013D (decimal 317)
   defining Unicode char U+013E (decimal 318)
   defining Unicode char U+0141 (decimal 321)
   defining Unicode char U+0142 (decimal 322)
   defining Unicode char U+0143 (decimal 323)
   defining Unicode char U+0144 (decimal 324)
   defining Unicode char U+0147 (decimal 327)
   defining Unicode char U+0148 (decimal 328)
   defining Unicode char U+014A (decimal 330)
   defining Unicode char U+014B (decimal 331)
   defining Unicode char U+0150 (decimal 336)
   defining Unicode char U+0151 (decimal 337)
   defining Unicode char U+0152 (decimal 338)
   defining Unicode char U+0153 (decimal 339)
   defining Unicode char U+0154 (decimal 340)
   defining Unicode char U+0155 (decimal 341)
   defining Unicode char U+0158 (decimal 344)
   defining Unicode char U+0159 (decimal 345)
   defining Unicode char U+015A (decimal 346)
   defining Unicode char U+015B (decimal 347)
   defining Unicode char U+015E (decimal 350)
   defining Unicode char U+015F (decimal 351)
   defining Unicode char U+0160 (decimal 352)
   defining Unicode char U+0161 (decimal 353)
   defining Unicode char U+0162 (decimal 354)
   defining Unicode char U+0163 (decimal 355)
   defining Unicode char U+0164 (decimal 356)
   defining Unicode char U+0165 (decimal 357)
   defining Unicode char U+016E (decimal 366)
   defining Unicode char U+016F (decimal 367)
   defining Unicode char U+0170 (decimal 368)
   defining Unicode char U+0171 (decimal 369)
   defining Unicode char U+0178 (decimal 376)
   defining Unicode char U+0179 (decimal 377)
   defining Unicode char U+017A (decimal 378)
   defining Unicode char U+017B (decimal 379)
   defining Unicode char U+017C (decimal 380)
   defining Unicode char U+017D (decimal 381)
   defining Unicode char U+017E (decimal 382)
   defining Unicode char U+200C (decimal 8204)
   defining Unicode char U+2013 (decimal 8211)
   defining Unicode char U+2014 (decimal 8212)
   defining Unicode char U+2018 (decimal 8216)
   defining Unicode char U+2019 (decimal 8217)
   defining Unicode char U+201A (decimal 8218)
   defining Unicode char U+201C (decimal 8220)
   defining Unicode char U+201D (decimal 8221)
   defining Unicode char U+201E (decimal 8222)
   defining Unicode char U+2030 (decimal 8240)
   defining Unicode char U+2031 (decimal 8241)
   defining Unicode char U+2039 (decimal 8249)
   defining Unicode char U+203A (decimal 8250)
   defining Unicode char U+2423 (decimal 9251)
)
Now handling font encoding OT1 ...
... processing UTF-8 mapping file for font encoding OT1

(/usr/share/texmf-texlive/tex/latex/base/ot1enc.dfu
File: ot1enc.dfu 2008/04/05 v1.1m UTF-8 support for inputenc
   defining Unicode char U+00A1 (decimal 161)
   defining Unicode char U+00A3 (decimal 163)
   defining Unicode char U+00B8 (decimal 184)
   defining Unicode char U+00BF (decimal 191)
   defining Unicode char U+00C5 (decimal 197)
   defining Unicode char U+00C6 (decimal 198)
   defining Unicode char U+00D8 (decimal 216)
   defining Unicode char U+00DF (decimal 223)
   defining Unicode char U+00E6 (decimal 230)
   defining Unicode char U+00EC (decimal 236)
   defining Unicode char U+00ED (decimal 237)
   defining Unicode char U+00EE (decimal 238)
   defining Unicode char U+00EF (decimal 239)
   defining Unicode char U+00F8 (decimal 248)
   defining Unicode char U+0131 (decimal 305)
   defining Unicode char U+0141 (decimal 321)
   defining Unicode char U+0142 (decimal 322)
   defining Unicode char U+0152 (decimal 338)
   defining Unicode char U+0153 (decimal 339)
   defining Unicode char U+2013 (decimal 8211)
   defining Unicode char U+2014 (decimal 8212)
   defining Unicode char U+2018 (decimal 8216)
   defining Unicode char U+2019 (decimal 8217)
   defining Unicode char U+201C (decimal 8220)
   defining Unicode char U+201D (decimal 8221)
)
Now handling font encoding OMS ...
... processing UTF-8 mapping file for font encoding OMS

(/usr/share/texmf-texlive/tex/latex/base/omsenc.dfu
File: omsenc.dfu 2008/04/05 v1.1m UTF-8 support for inputenc
   defining Unicode char U+00A7 (decimal 167)
   defining Unicode char U+00B6 (decimal 182)
   defining Unicode char U+00B7 (decimal 183)
   defining Unicode char U+2020 (decimal 8224)
   defining Unicode char U+2021 (decimal 8225)
   defining Unicode char U+2022 (decimal 8226)
)
Now handling font encoding OMX ...
... no UTF-8 mapping file for font encoding OMX
Now handling font encoding U ...
... no UTF-8 mapping file for font encoding U
Now handling font encoding PD1 ...
... no UTF-8 mapping file for font encoding PD1
   defining Unicode char U+00A9 (decimal 169)
   defining Unicode char U+00AA (decimal 170)
   defining Unicode char U+00AE (decimal 174)
   defining Unicode char U+00BA (decimal 186)
   defining Unicode char U+02C6 (decimal 710)
   defining Unicode char U+02DC (decimal 732)
   defining Unicode char U+200C (decimal 8204)
   defining Unicode char U+2026 (decimal 8230)
   defining Unicode char U+2122 (decimal 8482)
   defining Unicode char U+2423 (decimal 9251)
))
\c@currDefctr=\count124
\c@endDefctr=\count125
\c@Def=\count126
\c@currDefONctr=\count127
\c@endDefONctr=\count128
\c@DefON=\count129
\c@currSactr=\count130
\c@endSactr=\count131
\c@Sa=\count132
\c@currSaONctr=\count133
\c@endSaONctr=\count134
\c@SaON=\count135
\c@currLemctr=\count136
\c@endLemctr=\count137
\c@Lem=\count138
\c@currLemONctr=\count139
\c@endLemONctr=\count140
\c@LemON=\count141
\c@currKorctr=\count142
\c@endKorctr=\count143
\c@Kor=\count144
\c@currBspctr=\count145
\c@endBspctr=\count146
\c@Bsp=\count147
\c@currBspONctr=\count148
\c@endBspONctr=\count149
\c@BspON=\count150
\c@currBemctr=\count151
\c@endBemctr=\count152
\c@Bem=\count153
\c@currBemONctr=\count154
\c@endBemONctr=\count155
\c@BemON=\count156
\c@currBewctr=\count157
\c@endBewctr=\count158
\c@Bew=\count159
\@indexfile=\write4
\openout4 = `Stochastik2.idx'.


Writing index file Stochastik2.idx
(./Stochastik2.aux

LaTeX Warning: Label `Bsp8.3' multiply defined.

)
\openout1 = `Stochastik2.aux'.

LaTeX Font Info:    Checking defaults for OML/cmm/m/it on input line 128.
LaTeX Font Info:    ... okay on input line 128.
LaTeX Font Info:    Checking defaults for T1/cmr/m/n on input line 128.
LaTeX Font Info:    ... okay on input line 128.
LaTeX Font Info:    Checking defaults for OT1/cmr/m/n on input line 128.
LaTeX Font Info:    ... okay on input line 128.
LaTeX Font Info:    Checking defaults for OMS/cmsy/m/n on input line 128.
LaTeX Font Info:    ... okay on input line 128.
LaTeX Font Info:    Checking defaults for OMX/cmex/m/n on input line 128.
LaTeX Font Info:    ... okay on input line 128.
LaTeX Font Info:    Checking defaults for U/cmr/m/n on input line 128.
LaTeX Font Info:    ... okay on input line 128.
LaTeX Font Info:    Checking defaults for PD1/pdf/m/n on input line 128.
LaTeX Font Info:    ... okay on input line 128.
Package hyperref Info: Link coloring OFF on input line 128.
 (/usr/share/texmf-texlive/tex/latex/hyperref/nameref.sty
Package: nameref 2007/05/29 v2.31 Cross-referencing by name of section

(/usr/share/texmf-texlive/tex/latex/oberdiek/refcount.sty
Package: refcount 2008/08/11 v3.1 Data extraction from references (HO)
)
\c@section@level=\count160
)
LaTeX Info: Redefining \ref on input line 128.
LaTeX Info: Redefining \pageref on input line 128.
 (./Stochastik2.out) (./Stochastik2.out)
\@outlinefile=\write5
\openout5 = `Stochastik2.out'.

\AtBeginShipoutBox=\box33
LaTeX Font Info:    Try loading font information for U+msa on input line 132.
 (/usr/share/texmf-texlive/tex/latex/amsfonts/umsa.fd
File: umsa.fd 2009/06/22 v3.00 AMS symbols A
)
LaTeX Font Info:    Try loading font information for U+msb on input line 132.

(/usr/share/texmf-texlive/tex/latex/amsfonts/umsb.fd
File: umsb.fd 2009/06/22 v3.00 AMS symbols B
) [1



{/var/lib/texmf/fonts/map/pdftex/updmap/pdftex.map}]
Underfull \hbox (badness 10000) in paragraph at lines 132--132

 []

[2

] (./Stochastik2.toc
Class scrbook Info: You've told me to use the font selection of the element
(scrbook)           `sectioning' that is an alias of element `disposition'
(scrbook)            on input line 1.
Class scrbook Info: You've told me to use the font selection of the element
(scrbook)           `sectioning' that is an alias of element `disposition'
(scrbook)            on input line 2.
Class scrbook Info: You've told me to use the font selection of the element
(scrbook)           `sectioning' that is an alias of element `disposition'
(scrbook)            on input line 7.
Class scrbook Info: You've told me to use the font selection of the element
(scrbook)           `sectioning' that is an alias of element `disposition'
(scrbook)            on input line 10.
Class scrbook Info: You've told me to use the font selection of the element
(scrbook)           `sectioning' that is an alias of element `disposition'
(scrbook)            on input line 11.
Class scrbook Info: You've told me to use the font selection of the element
(scrbook)           `sectioning' that is an alias of element `disposition'
(scrbook)            on input line 15.
Class scrbook Info: You've told me to use the font selection of the element
(scrbook)           `sectioning' that is an alias of element `disposition'
(scrbook)            on input line 18.
Class scrbook Info: You've told me to use the font selection of the element
(scrbook)           `sectioning' that is an alias of element `disposition'
(scrbook)            on input line 19.
Class scrbook Info: You've told me to use the font selection of the element
(scrbook)           `sectioning' that is an alias of element `disposition'
(scrbook)            on input line 20.
)
\tf@toc=\write6
\openout6 = `Stochastik2.toc'.

 [3


] [4


]
Kapitel 1.
LaTeX Font Info:    Try loading font information for U+eus on input line 142.
(/usr/share/texmf-texlive/tex/latex/amsfonts/ueus.fd
File: ueus.fd 2009/06/22 v3.00 Euler Script
)
LaTeX Font Info:    Try loading font information for OMS+cmr on input line 144.


(/usr/share/texmf-texlive/tex/latex/base/omscmr.fd
File: omscmr.fd 1999/05/25 v2.5h Standard LaTeX font definitions
)
LaTeX Font Info:    Font shape `OMS/cmr/m/n' in size <10.95> not available
(Font)              Font shape `OMS/cmsy/m/n' tried instead on input line 144.
Package hyperref Info: bookmark level for unknown DefON defaults to 0 on input 
line 157.
Package hyperref Info: bookmark level for unknown BemON defaults to 0 on input 
line 161.
Package hyperref Info: bookmark level for unknown Bsp defaults to 0 on input li
ne 173.

Underfull \hbox (badness 10000) in paragraph at lines 173--175

 []

[5]
LaTeX Font Info:    Try loading font information for U+euf on input line 190.
 (/usr/share/texmf-texlive/tex/latex/amsfonts/ueuf.fd
File: ueuf.fd 2009/06/22 v3.00 Euler Fraktur
)
Overfull \hbox (5.09059pt too wide) in paragraph at lines 209--210
\OT1/cmr/m/n/10.95 gen-schaf-ten hei^^Yt \OT1/cmr/bx/n/10.95 ma^^Y-de-fi-nie-re
n-de Funk-ti-on[]\OT1/cmr/m/n/10.95 . Gilt zus[]atz-lich $[][] \OML/cmm/m/it/10
.95 G\OT1/cmr/m/n/10.95 (\OML/cmm/m/it/10.95 x\OT1/cmr/m/n/10.95 ) =
 []

[6]
Package hyperref Info: bookmark level for unknown BspON defaults to 0 on input 
line 224.
Package hyperref Info: bookmark level for unknown Lem defaults to 0 on input li
ne 245.

Overfull \hbox (22.80504pt too wide) in paragraph at lines 245--247
[]
 []

[7]
Package hyperref Info: bookmark level for unknown Bew defaults to 0 on input li
ne 251.

Underfull \hbox (badness 10000) in paragraph at lines 251--252

 []


Underfull \hbox (badness 10000) in paragraph at lines 265--267

 []


Underfull \hbox (badness 10000) in paragraph at lines 273--276

 []


Underfull \hbox (badness 10000) in paragraph at lines 276--277

 []

[8]
Underfull \hbox (badness 10000) in paragraph at lines 289--291

 []

Package hyperref Info: bookmark level for unknown Sa defaults to 0 on input lin
e 302.
[9]
Underfull \hbox (badness 10000) in paragraph at lines 333--335

 []


Overfull \hbox (25.14279pt too wide) in paragraph at lines 338--342
\OT1/cmr/m/n/10.95 Jetzt zur ei-gent-li-chen Aus-sa-ge: Es gilt: $\OML/cmm/m/it
/10.95 v[] \OMS/cmsy/m/n/10.95 ^^T [][] \OML/cmm/m/it/10.95 u[]; u[] \OMS/cmsy/
m/n/10.95 ^^T [][] \OML/cmm/m/it/10.95 v[]  []
 []


Underfull \hbox (badness 10000) in paragraph at lines 344--346

 []

[10]
Overfull \hbox (15.51904pt too wide) in paragraph at lines 351--352
[]$\OML/cmm/m/it/10.95 f \OT1/cmr/m/n/10.95 : 
 \OMS/cmsy/m/n/10.95 ! []$ \OT1/cmr/m/n/10.95 ist $\OMS/cmsy/m/n/10.95 A$\OT1/c
mr/m/n/10.95 -messbar (oh-ne Vor-zei-chen-be-schr[]ankung). $\OML/cmm/m/it/10.9
5 f[] \OT1/cmr/m/n/10.95 := []\OMS/cmsy/m/n/10.95 f\OT1/cmr/m/n/10.95 0\OML/cmm
/m/it/10.95 ; f\OMS/cmsy/m/n/10.95 g\OML/cmm/m/it/10.95 ; f[] \OT1/cmr/m/n/10.9
5 :=
 []

[11] [12]
Overfull \hbox (28.91562pt too wide) in paragraph at lines 443--444
\OT1/cmr/m/n/10.95 Vorsicht bei un-ei-gent-li-chen Riemann-Integralen! $[][] []
[]\OML/cmm/m/it/10.95 x$ \OT1/cmr/m/n/10.95 ist Riemann-integrierbar,
 []

[13] [14


]
Kapitel 2.

Overfull \hbox (32.3423pt too wide) in paragraph at lines 454--456
[]$\OMS/cmsy/m/n/10.95 8\OML/cmm/m/it/10.95 f[] \OMS/cmsy/m/n/10.95 9\OT1/cmr/m
/n/10.95 (\OML/cmm/m/it/10.95 u[]\OT1/cmr/m/n/10.95 )[] \OMS/cmsy/m/n/10.95 ^^Z
 E$ \OT1/cmr/m/n/10.95 mit $\OML/cmm/m/it/10.95 u[] \OMS/cmsy/m/n/10.95 " \OML/
cmm/m/it/10.95 f[]$ \OT1/cmr/m/n/10.95 f[]ur $\OML/cmm/m/it/10.95 m \OMS/cmsy/m
/n/10.95 ! 1\OML/cmm/m/it/10.95 :$ \OT1/cmr/m/n/10.95 Sei $\OML/cmm/m/it/10.95 
h[] \OT1/cmr/m/n/10.95 := []\OMS/cmsy/m/n/10.95 f\OML/cmm/m/it/10.95 u[]; [] ; 
u[]\OMS/cmsy/m/n/10.95 g  \OT1/cmr/m/n/10.95 =[]\OMS/cmsy/m/n/10.95 )
 []


Overfull \hbox (16.00516pt too wide) in paragraph at lines 467--469
[]
 []

[15]
Package hyperref Info: bookmark level for unknown Bem defaults to 0 on input li
ne 488.

Underfull \hbox (badness 10000) in paragraph at lines 495--498

 []

<xymatrix 2x2 141> [16]
Underfull \hbox (badness 10000) in paragraph at lines 513--515

 []


Overfull \hbox (0.43437pt too wide) in paragraph at lines 524--526
[]\OT1/cmr/m/n/10.95 Sei jetzt $\OML/cmm/m/it/10.95 f \OMS/cmsy/m/n/10.95 ^^U \
OT1/cmr/m/n/10.95 0  =[]\OMS/cmsy/m/n/10.95 )   9\OT1/cmr/m/n/10.95 (\OML/cmm/m
/it/10.95 u[]\OT1/cmr/m/n/10.95 )[] \OMS/cmsy/m/n/10.95 ^^Z E$ \OT1/cmr/m/n/10.
95 mit $\OML/cmm/m/it/10.95 u[] \OMS/cmsy/m/n/10.95 " \OML/cmm/m/it/10.95 f$ \O
T1/cmr/m/n/10.95 und $[] \OML/cmm/m/it/10.95 f[]^^V[] \OT1/cmr/m/n/10.95 = [][]
 [] \OML/cmm/m/it/10.95 u[][]^^V[]$\OT1/cmr/m/n/10.95 .
 []

[17]
Package hyperref Info: bookmark level for unknown Def defaults to 0 on input li
ne 551.

Underfull \hbox (badness 10000) in paragraph at lines 566--568

 []


Underfull \hbox (badness 10000) in paragraph at lines 578--579

 []

[18]
Underfull \hbox (badness 10000) in paragraph at lines 613--616

 []


Underfull \hbox (badness 10000) in paragraph at lines 617--619

 []

[19]
Underfull \hbox (badness 10000) in paragraph at lines 653--654

 []


Underfull \hbox (badness 10000) in paragraph at lines 654--655

 []

[20]
Underfull \hbox (badness 10000) in paragraph at lines 662--663

 []


Underfull \hbox (badness 10000) in paragraph at lines 703--705

 []

[21]
Underfull \hbox (badness 10000) in paragraph at lines 716--718

 []


Underfull \hbox (badness 10000) in paragraph at lines 724--726

 []

[22]
Underfull \hbox (badness 10000) in paragraph at lines 760--762

 []

[23] [24


]
Kapitel 3.

Underfull \hbox (badness 10000) in paragraph at lines 771--772

 []


Underfull \hbox (badness 10000) in paragraph at lines 777--778

 []


Underfull \hbox (badness 10000) in paragraph at lines 787--788

 []


Underfull \hbox (badness 10000) in paragraph at lines 794--795

 []


Underfull \hbox (badness 10000) in paragraph at lines 798--803

 []


Underfull \hbox (badness 10000) in paragraph at lines 798--803

 []


Underfull \hbox (badness 10000) in paragraph at lines 798--803

 []

[25]
Underfull \hbox (badness 10000) in paragraph at lines 813--813

 []


Underfull \hbox (badness 10000) in paragraph at lines 819--819

 []


Underfull \hbox (badness 10000) in paragraph at lines 826--827

 []


Overfull \hbox (50.62622pt too wide) in paragraph at lines 832--834
\OT1/cmr/m/n/10.95 Set-ze $\OML/cmm/m/it/10.95 f[]\OT1/cmr/m/n/10.95 (\OML/cmm/
m/it/10.95 ![]\OT1/cmr/m/n/10.95 ) := \OML/cmm/m/it/10.95 ^^V[]\OT1/cmr/m/n/10.
95 (\OML/cmm/m/it/10.95 A[]\OT1/cmr/m/n/10.95 )\OML/cmm/m/it/10.95 ; f[]\OT1/cm
r/m/n/10.95 (\OML/cmm/m/it/10.95 ![]\OT1/cmr/m/n/10.95 ) := \OML/cmm/m/it/10.95
 ^^V[]\OT1/cmr/m/n/10.95 (\OML/cmm/m/it/10.95 A[] \OMS/cmsy/m/n/10.95 \ \OML/cm
m/m/it/10.95 B[]\OT1/cmr/m/n/10.95 )$. Sei $\OMS/cmsy/m/n/10.95 D \OT1/cmr/m/n/
10.95 := \OMS/cmsy/m/n/10.95 f\OML/cmm/m/it/10.95 D \OMS/cmsy/m/n/10.95 2 Aj\OM
L/cmm/m/it/10.95 f[][]\OT1/cmr/m/n/10.95 (\OMS/cmsy/m/n/10.95 A[]\OML/cmm/m/it/
10.95 ; \U/euf/m/n/10.95 B\OT1/cmr/m/n/10.95 )[]\OMS/cmsy/m/n/10.95 g$
 []


Underfull \hbox (badness 10000) in paragraph at lines 832--834

 []

[26]
Underfull \hbox (badness 10000) in paragraph at lines 845--847

 []

[27]
Underfull \hbox (badness 10000) in paragraph at lines 896--896

 []


Underfull \hbox (badness 10000) in paragraph at lines 897--897

 []


Underfull \hbox (badness 10000) in paragraph at lines 898--898

 []

[28]
Underfull \hbox (badness 10000) in paragraph at lines 921--924

 []

[29]
Underfull \hbox (badness 10000) in paragraph at lines 950--952

 []


Underfull \hbox (badness 10000) in paragraph at lines 959--961

 []

[30] [31]
Underfull \hbox (badness 10000) in paragraph at lines 1065--1067

 []

[32] [33]
Overfull \hbox (27.76987pt too wide) in paragraph at lines 1144--1145
[]\OT1/cmr/m/n/10.95 Sind die Zu-falls-va-ria-blen $\OML/cmm/m/it/10.95 X[]; []
 ; X[]$ \OT1/cmr/m/n/10.95 un-abh[]angig und $\OML/cmm/m/it/10.95 X[] \OMS/cmsy
/m/n/10.95 ^^X []\OT1/cmr/m/n/10.95 (\OML/cmm/m/it/10.95 ^^U\OT1/cmr/m/n/10.95 
)\OML/cmm/m/it/10.95 ; i \OT1/cmr/m/n/10.95 =
 []

[34]
Overfull \hbox (13.53429pt too wide) in alignment at lines 1171--1194
 [][][] []
 []

[35] [36]
Kapitel 4.

Overfull \hbox (7.2188pt too wide) in paragraph at lines 1214--1215
[]\OT1/cmr/m/it/10.95 Sei $\OT1/cmr/m/n/10.95 (
\OML/cmm/m/it/10.95 ; \OMS/cmsy/m/n/10.95 A\OML/cmm/m/it/10.95 ; P\OT1/cmr/m/n/
10.95 )$ \OT1/cmr/m/it/10.95 ein Wahr-schein-lich-keits-raum und
 []


Underfull \hbox (badness 10000) in paragraph at lines 1232--1234

 []

[37


]
Overfull \hbox (3.24895pt too wide) in paragraph at lines 1278--1279
[]\OT1/cmr/m/it/10.95 Ist $\OT1/cmr/m/n/10.95 (\OML/cmm/m/it/10.95 X[]\OT1/cmr/
m/n/10.95 )[]$ \OT1/cmr/m/it/10.95 ei-ne Fol-ge von u.i.v.
 []


Overfull \hbox (31.99373pt too wide) in paragraph at lines 1286--1288
\OT1/cmr/m/n/10.95 durch Ab-schnei-den bei $\OML/cmm/m/it/10.95 k\OT1/cmr/m/n/1
0.95 )$. Sei $\OML/cmm/m/it/10.95 S[] \OT1/cmr/m/n/10.95 := [][] \OML/cmm/m/it/
10.95 Y[] EY[] \OT1/cmr/m/n/10.95 = \OML/cmm/m/it/10.95 E\OT1/cmr/m/n/10.95 [\O
ML/cmm/m/it/10.95 X[] \OMS/cmsy/m/n/10.95 ^^A [][]\OT1/cmr/m/n/10.95 ] = \OML/c
mm/m/it/10.95 E [] []
 []

[38]
Underfull \hbox (badness 10000) in paragraph at lines 1313--1317

 []


Underfull \hbox (badness 10000) in paragraph at lines 1320--1324

 []


Underfull \hbox (badness 10000) in paragraph at lines 1324--1324

 []

[39]
Underfull \hbox (badness 10000) in paragraph at lines 1332--1332

 []

[40]
Kapitel 5.

Underfull \hbox (badness 10000) in paragraph at lines 1368--1370

 []

[41


]

Package Fancyhdr Warning: \headheight is too small (14.0pt): 
 Make it at least 14.4521pt.
 We now make it that large for the rest of the document.
 This may cause the page layout to be inconsistent, however.

[42]
Package hyperref Info: bookmark level for unknown Kor defaults to 0 on input li
ne 1449.
 [43]
Underfull \hbox (badness 10000) in paragraph at lines 1486--1488

 []


Overfull \hbox (19.7678pt too wide) in paragraph at lines 1488--1489
[]\OT1/cmr/m/it/10.95 Gegeben sei der mess-ba-re Raum $\OT1/cmr/m/n/10.95 (\U/m
sb/m/n/10.95 R\OML/cmm/m/it/10.95 ; \U/euf/m/n/10.95 B\OT1/cmr/m/n/10.95 )$ \OT
1/cmr/m/it/10.95 mit Wahr-schein-lich-keits-ma-^^Yen $\OML/cmm/m/it/10.95 P; P[
]; P[]; []$
 []


Overfull \hbox (8.29381pt too wide) in paragraph at lines 1488--1489
\OML/cmm/m/it/10.95 P[]$ \OT1/cmr/bx/it/10.95 kon-ver-giert schwach[][] \OT1/cm
r/m/it/10.95 ge-gen $\OML/cmm/m/it/10.95 P$ \OT1/cmr/m/it/10.95 ($\OML/cmm/m/it
/10.95 P[] [] P$\OT1/cmr/m/it/10.95 ), wenn $[][] \OML/cmm/m/it/10.95 F[]\OT1/c
mr/m/n/10.95 (\OML/cmm/m/it/10.95 x\OT1/cmr/m/n/10.95 ) = \OML/cmm/m/it/10.95 F
\OT1/cmr/m/n/10.95 (\OML/cmm/m/it/10.95 x\OT1/cmr/m/n/10.95 ) \OMS/cmsy/m/n/10.
95 8\OML/cmm/m/it/10.95 x \OMS/cmsy/m/n/10.95 2
 []


Overfull \hbox (13.27364pt too wide) in paragraph at lines 1489--1491
[]\OT1/cmr/m/it/10.95 Seien $\OML/cmm/m/it/10.95 X; X[]; X[]; []$ \OT1/cmr/m/it
/10.95 Zu-falls-va-ria-blen auf (un-ter Umst[]anden ver-schie-de-nen) Wahr-
 []


Package Fancyhdr Warning: \headheight is too small (14.0pt): 
 Make it at least 14.4521pt.
 We now make it that large for the rest of the document.
 This may cause the page layout to be inconsistent, however.

[44]
Overfull \hbox (24.83421pt too wide) in paragraph at lines 1502--1507
[]\OT1/cmr/m/n/10.95 Es sei-en $\OML/cmm/m/it/10.95 F; F[]; F[]; []$ \OT1/cmr/m
/n/10.95 die Ver-tei-lungs-funk-tio-nen zu $\OML/cmm/m/it/10.95 X; X[]; X[]; []
$ \OT1/cmr/m/n/10.95 und $(
\OML/cmm/m/it/10.95 ; \OMS/cmsy/m/n/10.95 A\OML/cmm/m/it/10.95 ; P\OT1/cmr/m/n/
10.95 ) =
 []


Underfull \hbox (badness 10000) in paragraph at lines 1507--1510

 []

[45]

Package Fancyhdr Warning: \headheight is too small (14.0pt): 
 Make it at least 14.4521pt.
 We now make it that large for the rest of the document.
 This may cause the page layout to be inconsistent, however.

[46]
Underfull \hbox (badness 10000) in paragraph at lines 1572--1574

 []


Overfull \hbox (26.44511pt too wide) in paragraph at lines 1585--1591
\OT1/cmr/m/n/10.95 Bleibt zu zei-gen: $\OML/cmm/m/it/10.95 G$ \OT1/cmr/m/n/10.9
5 ist Ver-tei-lungs-funk-ti-on, al-so $[][](\OML/cmm/m/it/10.95 G\OT1/cmr/m/n/1
0.95 (\OML/cmm/m/it/10.95 x\OT1/cmr/m/n/10.95 )) = 0$ und $[][](\OML/cmm/m/it/1
0.95 G\OT1/cmr/m/n/10.95 (\OML/cmm/m/it/10.95 x\OT1/cmr/m/n/10.95 )) =
 []

[47]
Overfull \hbox (17.75255pt too wide) in paragraph at lines 1619--1623
\OT1/cmr/m/n/10.95 Au^^Yerdem: $\OMS/cmsy/m/n/10.95 8 \OML/cmm/m/it/10.95 n \OM
S/cmsy/m/n/10.95 2 f\OT1/cmr/m/n/10.95 1\OML/cmm/m/it/10.95 ; [] ; n[] \OMS/cms
y/m/n/10.95 ^^@ \OT1/cmr/m/n/10.95 1\OMS/cmsy/m/n/10.95 g 9 \OML/cmm/m/it/10.95
 a[] > \OT1/cmr/m/n/10.95 0$ mit $\OML/cmm/m/it/10.95 P[]\OT1/cmr/m/n/10.95 ([\
OMS/cmsy/m/n/10.95 ^^@\OML/cmm/m/it/10.95 a[]; a[]\OT1/cmr/m/n/10.95 ]) \OMS/cm
sy/m/n/10.95 ^^U \OT1/cmr/m/n/10.95 1 \OMS/cmsy/m/n/10.95 ^^@ \OML/cmm/m/it/10.
95 "$ \OT1/cmr/m/n/10.95 da $\OML/cmm/m/it/10.95 P[]\OT1/cmr/m/n/10.95 ([\OMS/c
msy/m/n/10.95 ^^@\OML/cmm/m/it/10.95 m; m\OT1/cmr/m/n/10.95 ]) \OMS/cmsy/m/n/10
.95 !
 []


Underfull \hbox (badness 10000) in paragraph at lines 1619--1623

 []


Package Fancyhdr Warning: \headheight is too small (14.0pt): 
 Make it at least 14.4521pt.
 We now make it that large for the rest of the document.
 This may cause the page layout to be inconsistent, however.

[48]
Overfull \hbox (82.96251pt too wide) in alignment at lines 1641--1644
 [][][] []
 []


Overfull \hbox (30.36787pt too wide) in paragraph at lines 1649--1651
\OT1/cmr/m/it/10.95 wen-dig iden-tisch ver-teilt) auf ei-nem Wahr-schein-lich-k
eits-raum $\OT1/cmr/m/n/10.95 (
[]\OML/cmm/m/it/10.95 ; \OMS/cmsy/m/n/10.95 A[]\OML/cmm/m/it/10.95 ; P[]\OT1/cm
r/m/n/10.95 )$ \OT1/cmr/m/it/10.95 mit $[]\OT1/cmr/m/n/10.95 (\OML/cmm/m/it/10.
95 X[]\OT1/cmr/m/n/10.95 ) =
 []

[49]

Package Fancyhdr Warning: \headheight is too small (14.0pt): 
 Make it at least 14.4521pt.
 We now make it that large for the rest of the document.
 This may cause the page layout to be inconsistent, however.

[50] [51]
Overfull \hbox (43.76227pt too wide) in paragraph at lines 1753--1756
$\OT1/cmr/m/n/10.95 	[]$ ist mess-bar, da $	[](\OMS/cmsy/m/n/10.95 f\OML/cmm/m/
it/10.95 ^^Y\OMS/cmsy/m/n/10.95 g\OT1/cmr/m/n/10.95 ) = [][]\OMS/cmsy/m/n/10.95
 f[]g\OML/cmm/m/it/10.95 :$ \OT1/cmr/m/n/10.95 Bei-spiel []3.5[] $ =[]\OMS/cmsy
/m/n/10.95 )  \OT1/cmr/m/n/10.95 (\OML/cmm/m/it/10.95 X[]; [] ; X[]\OT1/cmr/m/n
/10.95 ) []
 []


Package Fancyhdr Warning: \headheight is too small (14.0pt): 
 Make it at least 14.4521pt.
 We now make it that large for the rest of the document.
 This may cause the page layout to be inconsistent, however.

[52]
Overfull \hbox (6.73416pt too wide) in paragraph at lines 1792--1794
\OT1/cmr/m/n/10.95 Also f[]ur gro^^Ye n: $\OML/cmm/m/it/10.95 P\OT1/cmr/m/n/10.
95 ([](\OML/cmm/m/it/10.95 n\OT1/cmr/m/n/10.95 ) \OMS/cmsy/m/n/10.95 ^^@ \OT1/c
mr/m/n/10.95 1\OML/cmm/m/it/10.95 ; \OT1/cmr/m/n/10.95 96[] \OMS/cmsy/m/n/10.95
 ^^T \OML/cmm/m/it/10.95 S[] \OMS/cmsy/m/n/10.95 ^^T []\OT1/cmr/m/n/10.95 (\OML
/cmm/m/it/10.95 n\OT1/cmr/m/n/10.95 ) + 1\OML/cmm/m/it/10.95 ; \OT1/cmr/m/n/10.
95 96[]) \OMS/cmsy/m/n/10.95 ^^Y \OML/cmm/m/it/10.95 P\OT1/cmr/m/n/10.95 (\OMS/
cmsy/m/n/10.95 ^^@\OT1/cmr/m/n/10.95 1\OML/cmm/m/it/10.95 ; \OT1/cmr/m/n/10.95 
96 \OMS/cmsy/m/n/10.95 ^^T
 []

[53]

Package Fancyhdr Warning: \headheight is too small (14.0pt): 
 Make it at least 14.4521pt.
 We now make it that large for the rest of the document.
 This may cause the page layout to be inconsistent, however.

[54]
Overfull \hbox (11.74974pt too wide) in paragraph at lines 1842--1845
\OT1/cmr/m/n/10.95 Das Wahr-schein-lich-keits-ma^^Y auf $(\U/msb/m/n/10.95 R\OM
L/cmm/m/it/10.95 ; \U/euf/m/n/10.95 B\OT1/cmr/m/n/10.95 )$ mit der Ver-tei-lung
s-funk-ti-on $\OML/cmm/m/it/10.95 F\OT1/cmr/m/n/10.95 (\OML/cmm/m/it/10.95 x\OT
1/cmr/m/n/10.95 ) = \OML/cmm/m/it/10.95 e[] \OMS/cmsy/m/n/10.95 8\OML/cmm/m/it/
10.95 x \OMS/cmsy/m/n/10.95 2
 []

[55] [56


]
Kapitel 6.

Package hyperref Warning: Token not allowed in a PDF string (PDFDocEncoding):
(hyperref)                removing `math shift' on input line 1854.


Package hyperref Warning: Token not allowed in a PDF string (PDFDocEncoding):
(hyperref)                removing `superscript' on input line 1854.


Package hyperref Warning: Token not allowed in a PDF string (PDFDocEncoding):
(hyperref)                removing `math shift' on input line 1854.


Overfull \hbox (32.338pt too wide) in paragraph at lines 1858--1860
[]\OT1/cmr/m/it/10.95 Ist $\OML/cmm/m/it/10.95 EX[] < \OMS/cmsy/m/n/10.95 1\OML
/cmm/m/it/10.95 ;  i \OT1/cmr/m/n/10.95 = 1\OML/cmm/m/it/10.95 ; [] ; d$\OT1/cm
r/m/it/10.95 , so hei^^Yt die $\OML/cmm/m/it/10.95 d \OMS/cmsy/m/n/10.95 ^^B \O
ML/cmm/m/it/10.95 d$\OT1/cmr/m/it/10.95 -Matrix $\OML/cmm/m/it/10.95 Cov\OT1/cm
r/m/n/10.95 (\OML/cmm/m/it/10.95 X\OT1/cmr/m/n/10.95 ) = (\OML/cmm/m/it/10.95 C
ov\OT1/cmr/m/n/10.95 (\OML/cmm/m/it/10.95 X[]; X[]\OT1/cmr/m/n/10.95 ))[]$
 []


Overfull \hbox (4.36012pt too wide) in paragraph at lines 1858--1860
\OT1/cmr/m/it/10.95 Beachte: Die Ko-va-ri-anz-ma-trix ist sym-me-trisch, da $\O
ML/cmm/m/it/10.95 Cov\OT1/cmr/m/n/10.95 (\OML/cmm/m/it/10.95 X[]; X[]\OT1/cmr/m
/n/10.95 ) = \OML/cmm/m/it/10.95 Cov\OT1/cmr/m/n/10.95 (\OML/cmm/m/it/10.95 X[]
; X[]\OT1/cmr/m/n/10.95 )$\OT1/cmr/m/it/10.95 ,
 []


Underfull \hbox (badness 10000) in paragraph at lines 1877--1879

 []


Underfull \hbox (badness 10000) in paragraph at lines 1879--1880

 []

[57] [58]

Package hyperref Warning: Token not allowed in a PDF string (PDFDocEncoding):
(hyperref)                removing `math shift' on input line 1970.


Package hyperref Warning: Token not allowed in a PDF string (PDFDocEncoding):
(hyperref)                removing `superscript' on input line 1970.


Package hyperref Warning: Token not allowed in a PDF string (PDFDocEncoding):
(hyperref)                removing `math shift' on input line 1970.

[59] [60]
Kapitel 7.
[61


]
Underfull \hbox (badness 10000) in paragraph at lines 2086--2088

 []


Package Fancyhdr Warning: \headheight is too small (14.0pt): 
 Make it at least 25.16252pt.
 We now make it that large for the rest of the document.
 This may cause the page layout to be inconsistent, however.

[62] [63]

Package Fancyhdr Warning: \headheight is too small (14.0pt): 
 Make it at least 25.16252pt.
 We now make it that large for the rest of the document.
 This may cause the page layout to be inconsistent, however.

[64]
Overfull \hbox (4.44235pt too wide) in paragraph at lines 2197--2199
\OT1/cmr/m/n/10.95 Au^^Yerdem ist $\OML/cmm/m/it/10.95 Y \OMS/cmsy/m/n/10.95 ^^
A \OML/cmm/m/it/10.95 E\OT1/cmr/m/n/10.95 [\OML/cmm/m/it/10.95 X\OMS/cmsy/m/n/1
0.95 j\U/euf/m/n/10.95 F\OT1/cmr/m/n/10.95 ]$ $\U/euf/m/n/10.95 F$\OT1/cmr/m/n/
10.95 -messbar $ =[]\OMS/cmsy/m/n/10.95 ) $ \OT1/cmr/m/n/10.95 Be-haup-tung, da
 Radon-Nikodym-
 []

[65]
Underfull \hbox (badness 10000) in paragraph at lines 2268--2270

 []


Package Fancyhdr Warning: \headheight is too small (14.0pt): 
 Make it at least 25.16252pt.
 We now make it that large for the rest of the document.
 This may cause the page layout to be inconsistent, however.

[66] [67]

Package Fancyhdr Warning: \headheight is too small (14.0pt): 
 Make it at least 25.16252pt.
 We now make it that large for the rest of the document.
 This may cause the page layout to be inconsistent, however.

[68] [69] [70


]
Kapitel 8.

Overfull \hbox (18.65755pt too wide) in paragraph at lines 2388--2390
\OT1/cmr/m/it/10.95 Ist $\OML/cmm/m/it/10.95 X[] \OMS/cmsy/m/n/10.95 ^^T \OML/c
mm/m/it/10.95 E\OT1/cmr/m/n/10.95 [\OML/cmm/m/it/10.95 X[]\OMS/cmsy/m/n/10.95 j
\U/euf/m/n/10.95 F[]\OT1/cmr/m/n/10.95 ]$ \OT1/cmr/m/it/10.95 bzw. $\OML/cmm/m/
it/10.95 X[] \OMS/cmsy/m/n/10.95 ^^U \OML/cmm/m/it/10.95 E\OT1/cmr/m/n/10.95 [\
OML/cmm/m/it/10.95 X[]\OMS/cmsy/m/n/10.95 j\U/euf/m/n/10.95 F[]\OT1/cmr/m/n/10.
95 ]\OML/cmm/m/it/10.95 ;$ \OT1/cmr/m/it/10.95 so nennt man $\OT1/cmr/m/n/10.95
 (\OML/cmm/m/it/10.95 X[]\OT1/cmr/m/n/10.95 )[]$ \OT1/cmr/m/it/10.95 ein $\OT1/
cmr/m/n/10.95 (\U/euf/m/n/10.95 F[]\OT1/cmr/m/n/10.95 )[]$\OT1/cmr/bx/it/10.95 
-Submartingal[][]
 []


Overfull \hbox (33.25833pt too wide) in paragraph at lines 2402--2408
\OT1/cmr/m/n/10.95 Also: [] 
 []


Overfull \hbox (11.6758pt too wide) in paragraph at lines 2416--2418
\OT1/cmr/m/it/10.95 Ist $\OT1/cmr/m/n/10.95 (\OML/cmm/m/it/10.95 X[]\OT1/cmr/m/
n/10.95 )[]$ \OT1/cmr/m/it/10.95 ein $\OT1/cmr/m/n/10.95 (\U/euf/m/n/10.95 F[]\
OT1/cmr/m/n/10.95 )[]$\OT1/cmr/m/it/10.95 -Martingal und $\OT1/cmr/m/n/10.95 ^^
H : \U/msb/m/n/10.95 R \OMS/cmsy/m/n/10.95 ! \U/msb/m/n/10.95 R$ \OT1/cmr/m/it/
10.95 ei-ne kon-ve-xe Funk-ti-on mit $\OML/cmm/m/it/10.95 E\OMS/cmsy/m/n/10.95 
j\OT1/cmr/m/n/10.95 ^^H(\OML/cmm/m/it/10.95 X[]\OT1/cmr/m/n/10.95 )\OMS/cmsy/m/
n/10.95 j \OML/cmm/m/it/10.95 <
 []

[71]
Overfull \hbox (7.88869pt too wide) in paragraph at lines 2429--2436
[] 
 []

[72]
Overfull \hbox (5.942pt too wide) in paragraph at lines 2459--2460
[]\OT1/cmr/m/n/10.95 Ein sto-chas-ti-scher Pro-zess $(\OML/cmm/m/it/10.95 X[]\O
T1/cmr/m/n/10.95 )[]$ mit $[][] \OMS/cmsy/m/n/10.95 jj\OML/cmm/m/it/10.95 X[]\O
MS/cmsy/m/n/10.95 jj[] \OML/cmm/m/it/10.95 < \OMS/cmsy/m/n/10.95 1$ \OT1/cmr/m/
n/10.95 hei^^Yt $\OML/cmm/m/it/10.95 L[]$\OT1/cmr/bx/n/10.95 -beschr[]ankt[]\OT
1/cmr/m/n/10.95 . 
 []


Overfull \hbox (138.51796pt too wide) in paragraph at lines 2473--2481
\OT1/cmr/m/n/10.95 Offfenbar gilt: [] 
 []

[73]
Underfull \hbox (badness 10000) in paragraph at lines 2513--2515

 []


Underfull \hbox (badness 10000) in paragraph at lines 2521--2523

 []


Underfull \hbox (badness 10000) in paragraph at lines 2537--2539

 []


Underfull \hbox (badness 10000) in paragraph at lines 2550--2552

 []

[74]
Underfull \hbox (badness 10000) in paragraph at lines 2565--2567

 []

[75] [76] [77]
Overfull \hbox (45.80424pt too wide) in alignment at lines 2703--2708
 [][][] []
 []

[78] [79]
Overfull \hbox (9.28406pt too wide) in paragraph at lines 2762--2763
[]$\OML/cmm/m/it/10.95 Z$ \OT1/cmr/m/it/10.95 ist das kleins-te $\OT1/cmr/m/n/1
0.95 (\U/euf/m/n/10.95 F[]\OT1/cmr/m/n/10.95 )$\OT1/cmr/m/it/10.95 -Supermartin
gal, wel-ches $\OML/cmm/m/it/10.95 X$ \OT1/cmr/m/it/10.95 do-mi-niert, d.h. ist
 $\OT1/cmr/m/n/10.95 (\OML/cmm/m/it/10.95 Y[]\OT1/cmr/m/n/10.95 )[]$
 []


Underfull \hbox (badness 10000) in paragraph at lines 2765--2767

 []


Underfull \hbox (badness 10000) in paragraph at lines 2784--2786

 []

[80]
Overfull \hbox (16.22935pt too wide) in paragraph at lines 2825--2826
[]\OT1/cmr/m/n/10.95 Es gibt ei-ne Bi-jek-ti-on zwi-schen den $\OML/cmm/m/it/10
.95 A$\OT1/cmr/m/n/10.95 -Werten und den $\OML/cmm/m/it/10.95 R$\OT1/cmr/m/n/10
.95 -Werten. So-mit gilt $\OMS/cmsy/m/n/10.95 8 \OML/cmm/m/it/10.95 r[]; [] ; r
[]$\OT1/cmr/m/n/10.95 ,
 []

[81]
Overfull \hbox (97.79239pt too wide) in alignment at lines 2848--2851
 [][][] []
 []


Overfull \hbox (86.7883pt too wide) in alignment at lines 2852--2855
 [][][] []
 []


Overfull \hbox (29.77538pt too wide) in alignment at lines 2872--2878
 [][][] []
 []

[82] [83] [84


]
Kapitel 9.

Overfull \hbox (12.52196pt too wide) in paragraph at lines 2914--2915
\OT1/cmr/m/n/10.95 Im Fol-gen-den sei $(
\OML/cmm/m/it/10.95 ; \OMS/cmsy/m/n/10.95 A\OML/cmm/m/it/10.95 ; P\OT1/cmr/m/n/
10.95 )$ ein W'Raum, $(\U/euf/m/n/10.95 F[]\OT1/cmr/m/n/10.95 )[]$ ei-ne Fil-tr
a-ti-on und $\U/euf/m/n/10.95 F[] \OT1/cmr/m/n/10.95 := \OML/cmm/m/it/10.95 ^^[
\OT1/cmr/m/n/10.95 (\OMS/cmsy/m/n/10.95 [[]\U/euf/m/n/10.95 F[]\OT1/cmr/m/n/10.
95 )$. 
 []


Overfull \hbox (79.28502pt too wide) detected at line 2921
\OML/cmm/m/it/10.95 U[]\OT1/cmr/m/n/10.95 [\OML/cmm/m/it/10.95 a; b\OT1/cmr/m/n
/10.95 ] = []\OMS/cmsy/m/n/10.95 f\OML/cmm/m/it/10.95 k \OMS/cmsy/m/n/10.95 ^^T
 b[]c j 9[]\OT1/cmr/m/n/10.95 1 \OMS/cmsy/m/n/10.95 ^^T \OML/cmm/m/it/10.95 i[]
 < [] < i[] \OMS/cmsy/m/n/10.95 ^^T \OML/cmm/m/it/10.95 n[]X[] \OMS/cmsy/m/n/10
.95 ^^T \OML/cmm/m/it/10.95 a;  b \OMS/cmsy/m/n/10.95 ^^T \OML/cmm/m/it/10.95 X
[][]j \OT1/cmr/m/n/10.95 = 1\OML/cmm/m/it/10.95 ; [] ; k\OMS/cmsy/m/n/10.95 g
 []


Underfull \hbox (badness 10000) in paragraph at lines 2939--2955

 []

[85]
Overfull \hbox (25.57057pt too wide) in paragraph at lines 2964--2967
\OT1/cmr/m/it/10.95 Dann exis-tiert ei-ne $\U/euf/m/n/10.95 F[]$[][][] \OT1/cmr
/m/it/10.95 -messbare Zu-falls-va-ria-ble $\OML/cmm/m/it/10.95 X[]$ \OT1/cmr/m/
it/10.95 mit $\OML/cmm/m/it/10.95 E\OMS/cmsy/m/n/10.95 j\OML/cmm/m/it/10.95 X[]
\OMS/cmsy/m/n/10.95 j \OML/cmm/m/it/10.95 < \OMS/cmsy/m/n/10.95 1$ \OT1/cmr/m/i
t/10.95 und $[][] \OML/cmm/m/it/10.95 X[] \OT1/cmr/m/n/10.95 =
 []


Underfull \hbox (badness 10000) in paragraph at lines 2968--2980

 []


Underfull \hbox (badness 10000) in paragraph at lines 2990--2992

 []

[86] [87] (./Stochastik2.ind [88


]
Overfull \hbox (1.83472pt too wide) in paragraph at lines 37--38
[]\OT1/cmr/m/n/10.95 charakteristische Funk-ti-on (Zu-falls-vek-
 []

[89



]
Overfull \hbox (15.61346pt too wide) in paragraph at lines 158--160
[]\OT1/cmr/m/n/10.95 Stetigkeitssatz f[]ur cha-rak-te-ris-ti-sche Funk-
 []


Overfull \hbox (6.44281pt too wide) in paragraph at lines 202--203
[]\OT1/cmr/m/n/10.95 Zentraler Grenz-wert-satz von Lindeberg-
 []

[90])
\tf@thm=\write7
\openout7 = `Stochastik2.thm'.

 (./Stochastik2.aux)

LaTeX Warning: There were multiply-defined labels.

 ) 
Here is how much of TeX's memory you used:
 9576 strings out of 493857
 127700 string characters out of 1153304
 267034 words of memory out of 3000000
 12298 multiletter control sequences out of 15000+50000
 29111 words of font info for 114 fonts, out of 3000000 for 9000
 714 hyphenation exceptions out of 8191
 43i,17n,43p,625b,560s stack positions out of 5000i,500n,10000p,200000b,50000s
pdfTeX warning (dest): name{Hfootnote.3} has been referenced but does not exi
st, replaced by a fixed one

</usr/share/texmf-texlive/fonts/type1/public/amsfonts/cm/cmbsy10.pfb></usr/shar
e/texmf-texlive/fonts/type1/public/amsfonts/cm/cmbx10.pfb></usr/share/texmf-tex
live/fonts/type1/public/amsfonts/cm/cmbx8.pfb></usr/share/texmf-texlive/fonts/t
ype1/public/amsfonts/cm/cmbxti10.pfb></usr/share/texmf-texlive/fonts/type1/publ
ic/amsfonts/cm/cmex10.pfb></usr/share/texmf-texlive/fonts/type1/public/amsfonts
/cmextra/cmex8.pfb></usr/share/texmf-texlive/fonts/type1/public/amsfonts/cmextr
a/cmex9.pfb></usr/share/texmf-texlive/fonts/type1/public/amsfonts/cm/cmmi10.pfb
></usr/share/texmf-texlive/fonts/type1/public/amsfonts/cm/cmmi12.pfb></usr/shar
e/texmf-texlive/fonts/type1/public/amsfonts/cm/cmmi6.pfb></usr/share/texmf-texl
ive/fonts/type1/public/amsfonts/cm/cmmi8.pfb></usr/share/texmf-texlive/fonts/ty
pe1/public/amsfonts/cm/cmmi9.pfb></usr/share/texmf-texlive/fonts/type1/public/a
msfonts/cm/cmmib10.pfb></usr/share/texmf-texlive/fonts/type1/public/amsfonts/cm
extra/cmmib8.pfb></usr/share/texmf-texlive/fonts/type1/public/amsfonts/cm/cmr10
.pfb></usr/share/texmf-texlive/fonts/type1/public/amsfonts/cm/cmr12.pfb></usr/s
hare/texmf-texlive/fonts/type1/public/amsfonts/cm/cmr6.pfb></usr/share/texmf-te
xlive/fonts/type1/public/amsfonts/cm/cmr8.pfb></usr/share/texmf-texlive/fonts/t
ype1/public/amsfonts/cm/cmr9.pfb></usr/share/texmf-texlive/fonts/type1/public/a
msfonts/cm/cmsl10.pfb></usr/share/texmf-texlive/fonts/type1/public/amsfonts/cm/
cmssbx10.pfb></usr/share/texmf-texlive/fonts/type1/public/amsfonts/cm/cmsy10.pf
b></usr/share/texmf-texlive/fonts/type1/public/amsfonts/cm/cmsy6.pfb></usr/shar
e/texmf-texlive/fonts/type1/public/amsfonts/cm/cmsy8.pfb></usr/share/texmf-texl
ive/fonts/type1/public/amsfonts/cm/cmsy9.pfb></usr/share/texmf-texlive/fonts/ty
pe1/public/amsfonts/cm/cmti10.pfb></usr/share/texmf-texlive/fonts/type1/public/
amsfonts/cm/cmti8.pfb></usr/share/texmf-texlive/fonts/type1/public/amsfonts/cm/
cmtt12.pfb></usr/share/texmf-texlive/fonts/type1/public/amsfonts/euler/eufm10.p
fb></usr/share/texmf-texlive/fonts/type1/public/amsfonts/euler/eusm10.pfb></usr
/share/texmf-texlive/fonts/type1/public/amsfonts/symbols/msam10.pfb></usr/share
/texmf-texlive/fonts/type1/public/amsfonts/symbols/msbm10.pfb></usr/share/texmf
-texlive/fonts/type1/public/amsfonts/symbols/msbm7.pfb></usr/share/texmf-texliv
e/fonts/type1/public/xypic/xyatip10.pfb></usr/share/texmf-texlive/fonts/type1/p
ublic/xypic/xybtip10.pfb></usr/share/texmf-texlive/fonts/type1/public/xypic/xyd
ash10.pfb>
Output written on Stochastik2.pdf (90 pages, 819870 bytes).
PDF statistics:
 1322 PDF objects out of 1440 (max. 8388607)
 371 named destinations out of 1000 (max. 500000)
 161 words of extra memory for PDF output out of 10000 (max. 10000000)

