
Running /usr/bin/pdflatex TopUebung6.tex in an env with 4 entries:
This is pdfTeX, Version 3.1415926-1.40.10 (TeX Live 2009/Debian)
entering extended mode
(data/TopUebung6.tex
LaTeX2e <2009/09/24>
Babel <v3.8l> and hyphenation patterns for english, usenglishmax, dumylang, noh
yphenation, farsi, arabic, croatian, bulgarian, ukrainian, russian, czech, slov
ak, danish, dutch, finnish, french, basque, ngerman, german, german-x-2009-06-1
9, ngerman-x-2009-06-19, ibycus, monogreek, greek, ancientgreek, hungarian, san
skrit, italian, latin, latvian, lithuanian, mongolian2a, mongolian, bokmal, nyn
orsk, romanian, irish, coptic, serbian, turkish, welsh, esperanto, uppersorbian
, estonian, indonesian, interlingua, icelandic, kurmanji, slovenian, polish, po
rtuguese, spanish, galician, catalan, swedish, ukenglish, loaded.
(/usr/share/texmf-texlive/tex/latex/base/article.cls
Document Class: article 2007/10/19 v1.4h Standard LaTeX document class
(/usr/share/texmf-texlive/tex/latex/base/size10.clo))
(/usr/share/texmf-texlive/tex/latex/base/inputenc.sty
(/usr/share/texmf-texlive/tex/latex/base/utf8.def
(/usr/share/texmf-texlive/tex/latex/base/t1enc.dfu)
(/usr/share/texmf-texlive/tex/latex/base/ot1enc.dfu)
(/usr/share/texmf-texlive/tex/latex/base/omsenc.dfu)))
(/usr/share/texmf-texlive/tex/latex/amsmath/amsmath.sty
For additional information on amsmath, use the `?' option.
(/usr/share/texmf-texlive/tex/latex/amsmath/amstext.sty
(/usr/share/texmf-texlive/tex/latex/amsmath/amsgen.sty))
(/usr/share/texmf-texlive/tex/latex/amsmath/amsbsy.sty)
(/usr/share/texmf-texlive/tex/latex/amsmath/amsopn.sty))
(/usr/share/texmf-texlive/tex/latex/amsfonts/amsfonts.sty)
(/usr/share/texmf-texlive/tex/latex/amsfonts/amssymb.sty)
(/usr/share/texmf-texlive/tex/latex/amscls/amsthm.sty)
(/usr/share/texmf-texlive/tex/latex/jknapltx/mathrsfs.sty)
(/usr/share/texmf-texlive/tex/generic/german/german.sty v2.5e 1998-07-08)
(/usr/share/texmf-texlive/tex/latex/tools/enumerate.sty)
(/usr/share/texmf-texlive/tex/latex/stmaryrd/stmaryrd.sty)
No file TopUebung6.aux.
(/usr/share/texmf-texlive/tex/latex/amsfonts/umsa.fd)
(/usr/share/texmf-texlive/tex/latex/amsfonts/umsb.fd)
(/usr/share/texmf-texlive/tex/latex/jknapltx/ursfs.fd)
(/usr/share/texmf-texlive/tex/latex/stmaryrd/Ustmry.fd)
(/usr/share/texmf-texlive/tex/latex/base/omscmr.fd)
Underfull \hbox (badness 10000) in paragraph at lines 37--41

[1{/var/lib/texmf/fonts/map/pdftex/updmap/pdftex.map}]
Underfull \hbox (badness 10000) in paragraph at lines 51--57


Underfull \hbox (badness 10000) in paragraph at lines 58--59


Overfull \hbox (13.51006pt too wide) in paragraph at lines 60--77
[]\OT1/cmr/m/n/10 Beh.: F[]ur $\OML/cmm/m/it/10 U \OMS/cmsy/m/n/10 ^^R \U/msb/m
/n/10 R[]$ \OT1/cmr/m/n/10 of-fen gilt: $\OML/cmm/m/it/10 U$ \OT1/cmr/m/n/10 zu
-sam-menh[]angend $\OMS/cmsy/m/n/10 , \OML/cmm/m/it/10 U$ \OT1/cmr/m/n/10 weg-z
u-sam-menh[]angend.
[2]
Overfull \hbox (4.22015pt too wide) in paragraph at lines 100--105
\OT1/cmr/m/n/10 Bew.: Sei-en $\OML/cmm/m/it/10 J[]; J[]$ \OT1/cmr/m/n/10 zwei T
o-po-lo-gi-en auf $\OML/cmm/m/it/10 X= \OMS/cmsy/m/n/10 ^^X$\OT1/cmr/m/n/10 , d
ie obi-ge Ei-gen-schaf-ten erf[]ullen.
[3] (./TopUebung6.aux) )
(see the transcript file for additional information)</usr/share/texmf-texlive/f
onts/type1/public/amsfonts/cm/cmbx10.pfb></usr/share/texmf-texlive/fonts/type1/
public/amsfonts/cm/cmex10.pfb></usr/share/texmf-texlive/fonts/type1/public/amsf
onts/cm/cmmi10.pfb></usr/share/texmf-texlive/fonts/type1/public/amsfonts/cm/cmm
i5.pfb></usr/share/texmf-texlive/fonts/type1/public/amsfonts/cm/cmmi7.pfb></usr
/share/texmf-texlive/fonts/type1/public/amsfonts/cm/cmr10.pfb></usr/share/texmf
-texlive/fonts/type1/public/amsfonts/cm/cmr12.pfb></usr/share/texmf-texlive/fon
ts/type1/public/amsfonts/cm/cmr17.pfb></usr/share/texmf-texlive/fonts/type1/pub
lic/amsfonts/cm/cmr5.pfb></usr/share/texmf-texlive/fonts/type1/public/amsfonts/
cm/cmr7.pfb></usr/share/texmf-texlive/fonts/type1/public/amsfonts/cm/cmsy10.pfb
></usr/share/texmf-texlive/fonts/type1/public/amsfonts/cm/cmsy7.pfb></usr/share
/texmf-texlive/fonts/type1/public/amsfonts/symbols/msam10.pfb></usr/share/texmf
-texlive/fonts/type1/public/amsfonts/symbols/msbm10.pfb></usr/share/texmf-texli
ve/fonts/type1/hoekwater/stmaryrd/stmary10.pfb>
Output written on TopUebung6.pdf (3 pages, 162249 bytes).
Transcript written on TopUebung6.log.
Result: ExitSuccess

Running /usr/bin/pdflatex TopUebung6.tex in an env with 4 entries:
This is pdfTeX, Version 3.1415926-1.40.10 (TeX Live 2009/Debian)
entering extended mode
(data/TopUebung6.tex
LaTeX2e <2009/09/24>
Babel <v3.8l> and hyphenation patterns for english, usenglishmax, dumylang, noh
yphenation, farsi, arabic, croatian, bulgarian, ukrainian, russian, czech, slov
ak, danish, dutch, finnish, french, basque, ngerman, german, german-x-2009-06-1
9, ngerman-x-2009-06-19, ibycus, monogreek, greek, ancientgreek, hungarian, san
skrit, italian, latin, latvian, lithuanian, mongolian2a, mongolian, bokmal, nyn
orsk, romanian, irish, coptic, serbian, turkish, welsh, esperanto, uppersorbian
, estonian, indonesian, interlingua, icelandic, kurmanji, slovenian, polish, po
rtuguese, spanish, galician, catalan, swedish, ukenglish, loaded.
(/usr/share/texmf-texlive/tex/latex/base/article.cls
Document Class: article 2007/10/19 v1.4h Standard LaTeX document class
(/usr/share/texmf-texlive/tex/latex/base/size10.clo))
(/usr/share/texmf-texlive/tex/latex/base/inputenc.sty
(/usr/share/texmf-texlive/tex/latex/base/utf8.def
(/usr/share/texmf-texlive/tex/latex/base/t1enc.dfu)
(/usr/share/texmf-texlive/tex/latex/base/ot1enc.dfu)
(/usr/share/texmf-texlive/tex/latex/base/omsenc.dfu)))
(/usr/share/texmf-texlive/tex/latex/amsmath/amsmath.sty
For additional information on amsmath, use the `?' option.
(/usr/share/texmf-texlive/tex/latex/amsmath/amstext.sty
(/usr/share/texmf-texlive/tex/latex/amsmath/amsgen.sty))
(/usr/share/texmf-texlive/tex/latex/amsmath/amsbsy.sty)
(/usr/share/texmf-texlive/tex/latex/amsmath/amsopn.sty))
(/usr/share/texmf-texlive/tex/latex/amsfonts/amsfonts.sty)
(/usr/share/texmf-texlive/tex/latex/amsfonts/amssymb.sty)
(/usr/share/texmf-texlive/tex/latex/amscls/amsthm.sty)
(/usr/share/texmf-texlive/tex/latex/jknapltx/mathrsfs.sty)
(/usr/share/texmf-texlive/tex/generic/german/german.sty v2.5e 1998-07-08)
(/usr/share/texmf-texlive/tex/latex/tools/enumerate.sty)
(/usr/share/texmf-texlive/tex/latex/stmaryrd/stmaryrd.sty) (./TopUebung6.aux)
(/usr/share/texmf-texlive/tex/latex/amsfonts/umsa.fd)
(/usr/share/texmf-texlive/tex/latex/amsfonts/umsb.fd)
(/usr/share/texmf-texlive/tex/latex/jknapltx/ursfs.fd)
(/usr/share/texmf-texlive/tex/latex/stmaryrd/Ustmry.fd)
(/usr/share/texmf-texlive/tex/latex/base/omscmr.fd)
Underfull \hbox (badness 10000) in paragraph at lines 37--41

[1{/var/lib/texmf/fonts/map/pdftex/updmap/pdftex.map}]
Underfull \hbox (badness 10000) in paragraph at lines 51--57


Underfull \hbox (badness 10000) in paragraph at lines 58--59


Overfull \hbox (13.51006pt too wide) in paragraph at lines 60--77
[]\OT1/cmr/m/n/10 Beh.: F[]ur $\OML/cmm/m/it/10 U \OMS/cmsy/m/n/10 ^^R \U/msb/m
/n/10 R[]$ \OT1/cmr/m/n/10 of-fen gilt: $\OML/cmm/m/it/10 U$ \OT1/cmr/m/n/10 zu
-sam-menh[]angend $\OMS/cmsy/m/n/10 , \OML/cmm/m/it/10 U$ \OT1/cmr/m/n/10 weg-z
u-sam-menh[]angend.
[2]
Overfull \hbox (4.22015pt too wide) in paragraph at lines 100--105
\OT1/cmr/m/n/10 Bew.: Sei-en $\OML/cmm/m/it/10 J[]; J[]$ \OT1/cmr/m/n/10 zwei T
o-po-lo-gi-en auf $\OML/cmm/m/it/10 X= \OMS/cmsy/m/n/10 ^^X$\OT1/cmr/m/n/10 , d
ie obi-ge Ei-gen-schaf-ten erf[]ullen.
[3] (./TopUebung6.aux) )
(see the transcript file for additional information)</usr/share/texmf-texlive/f
onts/type1/public/amsfonts/cm/cmbx10.pfb></usr/share/texmf-texlive/fonts/type1/
public/amsfonts/cm/cmex10.pfb></usr/share/texmf-texlive/fonts/type1/public/amsf
onts/cm/cmmi10.pfb></usr/share/texmf-texlive/fonts/type1/public/amsfonts/cm/cmm
i5.pfb></usr/share/texmf-texlive/fonts/type1/public/amsfonts/cm/cmmi7.pfb></usr
/share/texmf-texlive/fonts/type1/public/amsfonts/cm/cmr10.pfb></usr/share/texmf
-texlive/fonts/type1/public/amsfonts/cm/cmr12.pfb></usr/share/texmf-texlive/fon
ts/type1/public/amsfonts/cm/cmr17.pfb></usr/share/texmf-texlive/fonts/type1/pub
lic/amsfonts/cm/cmr5.pfb></usr/share/texmf-texlive/fonts/type1/public/amsfonts/
cm/cmr7.pfb></usr/share/texmf-texlive/fonts/type1/public/amsfonts/cm/cmsy10.pfb
></usr/share/texmf-texlive/fonts/type1/public/amsfonts/cm/cmsy7.pfb></usr/share
/texmf-texlive/fonts/type1/public/amsfonts/symbols/msam10.pfb></usr/share/texmf
-texlive/fonts/type1/public/amsfonts/symbols/msbm10.pfb></usr/share/texmf-texli
ve/fonts/type1/hoekwater/stmaryrd/stmary10.pfb>
Output written on TopUebung6.pdf (3 pages, 162249 bytes).
Transcript written on TopUebung6.log.
Result: ExitSuccess

Running /usr/bin/pdflatex TopUebung6.tex in an env with 4 entries:
This is pdfTeX, Version 3.1415926-1.40.10 (TeX Live 2009/Debian)
entering extended mode
(data/TopUebung6.tex
LaTeX2e <2009/09/24>
Babel <v3.8l> and hyphenation patterns for english, usenglishmax, dumylang, noh
yphenation, farsi, arabic, croatian, bulgarian, ukrainian, russian, czech, slov
ak, danish, dutch, finnish, french, basque, ngerman, german, german-x-2009-06-1
9, ngerman-x-2009-06-19, ibycus, monogreek, greek, ancientgreek, hungarian, san
skrit, italian, latin, latvian, lithuanian, mongolian2a, mongolian, bokmal, nyn
orsk, romanian, irish, coptic, serbian, turkish, welsh, esperanto, uppersorbian
, estonian, indonesian, interlingua, icelandic, kurmanji, slovenian, polish, po
rtuguese, spanish, galician, catalan, swedish, ukenglish, loaded.
(/usr/share/texmf-texlive/tex/latex/base/article.cls
Document Class: article 2007/10/19 v1.4h Standard LaTeX document class
(/usr/share/texmf-texlive/tex/latex/base/size10.clo))
(/usr/share/texmf-texlive/tex/latex/base/inputenc.sty
(/usr/share/texmf-texlive/tex/latex/base/utf8.def
(/usr/share/texmf-texlive/tex/latex/base/t1enc.dfu)
(/usr/share/texmf-texlive/tex/latex/base/ot1enc.dfu)
(/usr/share/texmf-texlive/tex/latex/base/omsenc.dfu)))
(/usr/share/texmf-texlive/tex/latex/amsmath/amsmath.sty
For additional information on amsmath, use the `?' option.
(/usr/share/texmf-texlive/tex/latex/amsmath/amstext.sty
(/usr/share/texmf-texlive/tex/latex/amsmath/amsgen.sty))
(/usr/share/texmf-texlive/tex/latex/amsmath/amsbsy.sty)
(/usr/share/texmf-texlive/tex/latex/amsmath/amsopn.sty))
(/usr/share/texmf-texlive/tex/latex/amsfonts/amsfonts.sty)
(/usr/share/texmf-texlive/tex/latex/amsfonts/amssymb.sty)
(/usr/share/texmf-texlive/tex/latex/amscls/amsthm.sty)
(/usr/share/texmf-texlive/tex/latex/jknapltx/mathrsfs.sty)
(/usr/share/texmf-texlive/tex/generic/german/german.sty v2.5e 1998-07-08)
(/usr/share/texmf-texlive/tex/latex/tools/enumerate.sty)
(/usr/share/texmf-texlive/tex/latex/stmaryrd/stmaryrd.sty) (./TopUebung6.aux)
(/usr/share/texmf-texlive/tex/latex/amsfonts/umsa.fd)
(/usr/share/texmf-texlive/tex/latex/amsfonts/umsb.fd)
(/usr/share/texmf-texlive/tex/latex/jknapltx/ursfs.fd)
(/usr/share/texmf-texlive/tex/latex/stmaryrd/Ustmry.fd)
(/usr/share/texmf-texlive/tex/latex/base/omscmr.fd)
Underfull \hbox (badness 10000) in paragraph at lines 37--41

[1{/var/lib/texmf/fonts/map/pdftex/updmap/pdftex.map}]
Underfull \hbox (badness 10000) in paragraph at lines 51--57


Underfull \hbox (badness 10000) in paragraph at lines 58--59


Overfull \hbox (13.51006pt too wide) in paragraph at lines 60--77
[]\OT1/cmr/m/n/10 Beh.: F[]ur $\OML/cmm/m/it/10 U \OMS/cmsy/m/n/10 ^^R \U/msb/m
/n/10 R[]$ \OT1/cmr/m/n/10 of-fen gilt: $\OML/cmm/m/it/10 U$ \OT1/cmr/m/n/10 zu
-sam-menh[]angend $\OMS/cmsy/m/n/10 , \OML/cmm/m/it/10 U$ \OT1/cmr/m/n/10 weg-z
u-sam-menh[]angend.
[2]
Overfull \hbox (4.22015pt too wide) in paragraph at lines 100--105
\OT1/cmr/m/n/10 Bew.: Sei-en $\OML/cmm/m/it/10 J[]; J[]$ \OT1/cmr/m/n/10 zwei T
o-po-lo-gi-en auf $\OML/cmm/m/it/10 X= \OMS/cmsy/m/n/10 ^^X$\OT1/cmr/m/n/10 , d
ie obi-ge Ei-gen-schaf-ten erf[]ullen.
[3] (./TopUebung6.aux) )
(see the transcript file for additional information)</usr/share/texmf-texlive/f
onts/type1/public/amsfonts/cm/cmbx10.pfb></usr/share/texmf-texlive/fonts/type1/
public/amsfonts/cm/cmex10.pfb></usr/share/texmf-texlive/fonts/type1/public/amsf
onts/cm/cmmi10.pfb></usr/share/texmf-texlive/fonts/type1/public/amsfonts/cm/cmm
i5.pfb></usr/share/texmf-texlive/fonts/type1/public/amsfonts/cm/cmmi7.pfb></usr
/share/texmf-texlive/fonts/type1/public/amsfonts/cm/cmr10.pfb></usr/share/texmf
-texlive/fonts/type1/public/amsfonts/cm/cmr12.pfb></usr/share/texmf-texlive/fon
ts/type1/public/amsfonts/cm/cmr17.pfb></usr/share/texmf-texlive/fonts/type1/pub
lic/amsfonts/cm/cmr5.pfb></usr/share/texmf-texlive/fonts/type1/public/amsfonts/
cm/cmr7.pfb></usr/share/texmf-texlive/fonts/type1/public/amsfonts/cm/cmsy10.pfb
></usr/share/texmf-texlive/fonts/type1/public/amsfonts/cm/cmsy7.pfb></usr/share
/texmf-texlive/fonts/type1/public/amsfonts/symbols/msam10.pfb></usr/share/texmf
-texlive/fonts/type1/public/amsfonts/symbols/msbm10.pfb></usr/share/texmf-texli
ve/fonts/type1/hoekwater/stmaryrd/stmary10.pfb>
Output written on TopUebung6.pdf (3 pages, 162249 bytes).
Transcript written on TopUebung6.log.
Result: ExitSuccess

Running /usr/bin/convert -verbose TopUebung6.pdf[0] -resize 70x TopUebung6.png in an env with 4 entries:
"gs" -q -dQUIET -dSAFER -dBATCH -dNOPAUSE -dNOPROMPT -dMaxBitmap=500000000 -dAlignToPixels=0 -dGridFitTT=2 "-sDEVICE=pngalpha" -dTextAlphaBits=4 -dGraphicsAlphaBits=4 "-r72x72" -dFirstPage=1 -dLastPage=1 "-sOutputFile=/tmp/magick-QethaoOl-%08d" "-f/tmp/magick-hnTBV7iY" "-f/tmp/magick-pB9ZOVNA"
/tmp/magick-QethaoOl-00000001 PNG 612x792 612x792+0+0 8-bit DirectClass 31.4KB 0.010u 0:00.009
TopUebung6.pdf[0]=>TopUebung6.pdf PDF 612x792 612x792+0+0 16-bit DirectClass 31.4KB 0.000u 0:00.000
TopUebung6.pdf[0]=>TopUebung6.png PDF 612x792=>70x91 70x91+0+0 16-bit DirectClass 0.270u 0:00.070
Result: ExitSuccess

Running /usr/bin/optipng -verbose TopUebung6.png in an env with 4 entries:
OptiPNG 0.6.4: Advanced PNG optimizer.
Copyright (C) 2001-2010 Cosmin Truta.

** Processing: TopUebung6.png
70x91 pixels, 2x8 bits/pixel, grayscale+alpha
Reducing image to 8 bits/pixel, 49 colors (48 transparent) in palette
Input IDAT size = 1422 bytes
Input file size = 4045 bytes

Trying:
  zc = 9  zm = 8  zs = 0  f = 0		IDAT size = 994
  zc = 9  zm = 8  zs = 1  f = 0		IDAT size = 989
  zc = 1  zm = 8  zs = 2  f = 0		IDAT too big
  zc = 9  zm = 8  zs = 3  f = 0		IDAT size = 981
  zc = 9  zm = 8  zs = 0  f = 5		IDAT too big
  zc = 9  zm = 8  zs = 1  f = 5		IDAT too big
  zc = 1  zm = 8  zs = 2  f = 5		IDAT too big
  zc = 9  zm = 8  zs = 3  f = 5		IDAT too big

Selecting parameters:
  zc = 9  zm = 8  zs = 3  f = 0		IDAT size = 981

Output IDAT size = 981 bytes (441 bytes decrease)
Output file size = 3822 bytes (223 bytes = 5.51% decrease)

** Status report
1 file(s) have been processed.
Result: ExitSuccess
