This is pdfTeX, Version 3.1415926-1.40.10 (TeX Live 2009/Debian) (format=pdflatex 2016.12.27)  27 DEC 2016 08:45
entering extended mode
 %&-line parsing enabled.
**ZTheo.tex
(data/ZTheo.tex
LaTeX2e <2009/09/24>
Babel <v3.8l> and hyphenation patterns for english, usenglishmax, dumylang, noh
yphenation, farsi, arabic, croatian, bulgarian, ukrainian, russian, czech, slov
ak, danish, dutch, finnish, french, basque, ngerman, german, german-x-2009-06-1
9, ngerman-x-2009-06-19, ibycus, monogreek, greek, ancientgreek, hungarian, san
skrit, italian, latin, latvian, lithuanian, mongolian2a, mongolian, bokmal, nyn
orsk, romanian, irish, coptic, serbian, turkish, welsh, esperanto, uppersorbian
, estonian, indonesian, interlingua, icelandic, kurmanji, slovenian, polish, po
rtuguese, spanish, galician, catalan, swedish, ukenglish, loaded.
(/usr/share/texmf-texlive/tex/latex/koma-script/scrbook.cls
Document Class: scrbook 2009/07/24 v3.04a KOMA-Script document class (book)
(/usr/share/texmf-texlive/tex/latex/koma-script/scrkbase.sty
Package: scrkbase 2009/07/24 v3.04a KOMA-Script package (KOMA-Script-dependent 
basics and keyval usage)

(/usr/share/texmf-texlive/tex/latex/koma-script/scrbase.sty
Package: scrbase 2009/07/24 v3.04a KOMA-Script package (KOMA-Script-independent
 basics and keyval usage)

(/usr/share/texmf-texlive/tex/latex/graphics/keyval.sty
Package: keyval 1999/03/16 v1.13 key=value parser (DPC)
\KV@toks@=\toks14
)
(/usr/share/texmf-texlive/tex/latex/koma-script/scrlfile.sty
Package: scrlfile 2009/03/25 v3.03 KOMA-Script package (loading files)

Package scrlfile, 2009/03/25 v3.03 KOMA-Script package (loading files)
                  Copyright (C) Markus Kohm

))) (/usr/share/texmf-texlive/tex/latex/koma-script/tocbasic.sty
Package: tocbasic 2009/06/08 v3.03b KOMA-Script package (handling toc-files)
)
Package tocbasic Info: omitting babel extension for `toc'
(tocbasic)             because of feature `nobabel' available
(tocbasic)             for `toc' on input line 117.
Package tocbasic Info: omitting babel extension for `lof'
(tocbasic)             because of feature `nobabel' available
(tocbasic)             for `lof' on input line 118.
Package tocbasic Info: omitting babel extension for `lot'
(tocbasic)             because of feature `nobabel' available
(tocbasic)             for `lot' on input line 119.
Class scrbook Info: File `scrsize11pt.clo' used instead of
(scrbook)           file `scrsize11.clo' to setup font sizes on input line 1272
.

(/usr/share/texmf-texlive/tex/latex/koma-script/scrsize11pt.clo
File: scrsize11pt.clo 2009/07/24 v3.04a KOMA-Script font size class option (11p
t)
)
(/usr/share/texmf-texlive/tex/latex/koma-script/typearea.sty
Package: typearea 2009/07/24 v3.04a KOMA-Script package (type area)

Package typearea, 2009/07/24 v3.04a KOMA-Script package (type area)
                  Copyright (C) Frank Neukam, 1992-1994
                  Copyright (C) Markus Kohm, 1994-

\ta@bcor=\skip41
\ta@div=\count79
Package typearea Info: You've used standard option `a4paper'.
(typearea)             This is correct!
(typearea)             Internaly I'm using `paper=a4'.
(typearea)             If you'd like to set the option with \KOMAoptions,
(typearea)             you'd have to use `paper=a4' there
(typearea)             instead of `a4paper', too.
\ta@hblk=\skip42
\ta@vblk=\skip43
\ta@temp=\skip44
Package typearea Info: These are the values describing the layout:
(typearea)             DIV  = 15
(typearea)             BCOR = 34.1433pt
(typearea)             \paperwidth      = 597.50793pt
(typearea)              \textwidth      = 450.69174pt
(typearea)              DIV departure   = -15%
(typearea)              \evensidemargin = 2.84528pt
(typearea)              \oddsidemargin  = -0.56906pt
(typearea)             \paperheight     = 845.04694pt
(typearea)              \textheight     = 677.4003pt
(typearea)              \topmargin      = -53.33354pt
(typearea)              \headheight     = 17.0pt
(typearea)              \headsep        = 20.40001pt
(typearea)              \topskip        = 11.0pt
(typearea)              \footskip       = 47.60002pt
(typearea)              \baselineskip   = 13.6pt
(typearea)              on input line 1115.
)
\c@part=\count80
\c@chapter=\count81
\c@section=\count82
\c@subsection=\count83
\c@subsubsection=\count84
\c@paragraph=\count85
\c@subparagraph=\count86
\abovecaptionskip=\skip45
\belowcaptionskip=\skip46
\c@pti@nb@sid@b@x=\box26
\c@figure=\count87
\c@table=\count88
\bibindent=\dimen102
) (data/ztheo.sty (data/mathe.sty (data/latexki.sty)
(/usr/share/texmf-texlive/tex/latex/base/inputenc.sty
Package: inputenc 2008/03/30 v1.1d Input encoding file
\inpenc@prehook=\toks15
\inpenc@posthook=\toks16

(/usr/share/texmf-texlive/tex/latex/base/utf8.def
File: utf8.def 2008/04/05 v1.1m UTF-8 support for inputenc
Now handling font encoding OML ...
... no UTF-8 mapping file for font encoding OML
Now handling font encoding T1 ...
... processing UTF-8 mapping file for font encoding T1

(/usr/share/texmf-texlive/tex/latex/base/t1enc.dfu
File: t1enc.dfu 2008/04/05 v1.1m UTF-8 support for inputenc
   defining Unicode char U+00A1 (decimal 161)
   defining Unicode char U+00A3 (decimal 163)
   defining Unicode char U+00AB (decimal 171)
   defining Unicode char U+00BB (decimal 187)
   defining Unicode char U+00BF (decimal 191)
   defining Unicode char U+00C0 (decimal 192)
   defining Unicode char U+00C1 (decimal 193)
   defining Unicode char U+00C2 (decimal 194)
   defining Unicode char U+00C3 (decimal 195)
   defining Unicode char U+00C4 (decimal 196)
   defining Unicode char U+00C5 (decimal 197)
   defining Unicode char U+00C6 (decimal 198)
   defining Unicode char U+00C7 (decimal 199)
   defining Unicode char U+00C8 (decimal 200)
   defining Unicode char U+00C9 (decimal 201)
   defining Unicode char U+00CA (decimal 202)
   defining Unicode char U+00CB (decimal 203)
   defining Unicode char U+00CC (decimal 204)
   defining Unicode char U+00CD (decimal 205)
   defining Unicode char U+00CE (decimal 206)
   defining Unicode char U+00CF (decimal 207)
   defining Unicode char U+00D0 (decimal 208)
   defining Unicode char U+00D1 (decimal 209)
   defining Unicode char U+00D2 (decimal 210)
   defining Unicode char U+00D3 (decimal 211)
   defining Unicode char U+00D4 (decimal 212)
   defining Unicode char U+00D5 (decimal 213)
   defining Unicode char U+00D6 (decimal 214)
   defining Unicode char U+00D8 (decimal 216)
   defining Unicode char U+00D9 (decimal 217)
   defining Unicode char U+00DA (decimal 218)
   defining Unicode char U+00DB (decimal 219)
   defining Unicode char U+00DC (decimal 220)
   defining Unicode char U+00DD (decimal 221)
   defining Unicode char U+00DE (decimal 222)
   defining Unicode char U+00DF (decimal 223)
   defining Unicode char U+00E0 (decimal 224)
   defining Unicode char U+00E1 (decimal 225)
   defining Unicode char U+00E2 (decimal 226)
   defining Unicode char U+00E3 (decimal 227)
   defining Unicode char U+00E4 (decimal 228)
   defining Unicode char U+00E5 (decimal 229)
   defining Unicode char U+00E6 (decimal 230)
   defining Unicode char U+00E7 (decimal 231)
   defining Unicode char U+00E8 (decimal 232)
   defining Unicode char U+00E9 (decimal 233)
   defining Unicode char U+00EA (decimal 234)
   defining Unicode char U+00EB (decimal 235)
   defining Unicode char U+00EC (decimal 236)
   defining Unicode char U+00ED (decimal 237)
   defining Unicode char U+00EE (decimal 238)
   defining Unicode char U+00EF (decimal 239)
   defining Unicode char U+00F0 (decimal 240)
   defining Unicode char U+00F1 (decimal 241)
   defining Unicode char U+00F2 (decimal 242)
   defining Unicode char U+00F3 (decimal 243)
   defining Unicode char U+00F4 (decimal 244)
   defining Unicode char U+00F5 (decimal 245)
   defining Unicode char U+00F6 (decimal 246)
   defining Unicode char U+00F8 (decimal 248)
   defining Unicode char U+00F9 (decimal 249)
   defining Unicode char U+00FA (decimal 250)
   defining Unicode char U+00FB (decimal 251)
   defining Unicode char U+00FC (decimal 252)
   defining Unicode char U+00FD (decimal 253)
   defining Unicode char U+00FE (decimal 254)
   defining Unicode char U+00FF (decimal 255)
   defining Unicode char U+0102 (decimal 258)
   defining Unicode char U+0103 (decimal 259)
   defining Unicode char U+0104 (decimal 260)
   defining Unicode char U+0105 (decimal 261)
   defining Unicode char U+0106 (decimal 262)
   defining Unicode char U+0107 (decimal 263)
   defining Unicode char U+010C (decimal 268)
   defining Unicode char U+010D (decimal 269)
   defining Unicode char U+010E (decimal 270)
   defining Unicode char U+010F (decimal 271)
   defining Unicode char U+0110 (decimal 272)
   defining Unicode char U+0111 (decimal 273)
   defining Unicode char U+0118 (decimal 280)
   defining Unicode char U+0119 (decimal 281)
   defining Unicode char U+011A (decimal 282)
   defining Unicode char U+011B (decimal 283)
   defining Unicode char U+011E (decimal 286)
   defining Unicode char U+011F (decimal 287)
   defining Unicode char U+0130 (decimal 304)
   defining Unicode char U+0131 (decimal 305)
   defining Unicode char U+0132 (decimal 306)
   defining Unicode char U+0133 (decimal 307)
   defining Unicode char U+0139 (decimal 313)
   defining Unicode char U+013A (decimal 314)
   defining Unicode char U+013D (decimal 317)
   defining Unicode char U+013E (decimal 318)
   defining Unicode char U+0141 (decimal 321)
   defining Unicode char U+0142 (decimal 322)
   defining Unicode char U+0143 (decimal 323)
   defining Unicode char U+0144 (decimal 324)
   defining Unicode char U+0147 (decimal 327)
   defining Unicode char U+0148 (decimal 328)
   defining Unicode char U+014A (decimal 330)
   defining Unicode char U+014B (decimal 331)
   defining Unicode char U+0150 (decimal 336)
   defining Unicode char U+0151 (decimal 337)
   defining Unicode char U+0152 (decimal 338)
   defining Unicode char U+0153 (decimal 339)
   defining Unicode char U+0154 (decimal 340)
   defining Unicode char U+0155 (decimal 341)
   defining Unicode char U+0158 (decimal 344)
   defining Unicode char U+0159 (decimal 345)
   defining Unicode char U+015A (decimal 346)
   defining Unicode char U+015B (decimal 347)
   defining Unicode char U+015E (decimal 350)
   defining Unicode char U+015F (decimal 351)
   defining Unicode char U+0160 (decimal 352)
   defining Unicode char U+0161 (decimal 353)
   defining Unicode char U+0162 (decimal 354)
   defining Unicode char U+0163 (decimal 355)
   defining Unicode char U+0164 (decimal 356)
   defining Unicode char U+0165 (decimal 357)
   defining Unicode char U+016E (decimal 366)
   defining Unicode char U+016F (decimal 367)
   defining Unicode char U+0170 (decimal 368)
   defining Unicode char U+0171 (decimal 369)
   defining Unicode char U+0178 (decimal 376)
   defining Unicode char U+0179 (decimal 377)
   defining Unicode char U+017A (decimal 378)
   defining Unicode char U+017B (decimal 379)
   defining Unicode char U+017C (decimal 380)
   defining Unicode char U+017D (decimal 381)
   defining Unicode char U+017E (decimal 382)
   defining Unicode char U+200C (decimal 8204)
   defining Unicode char U+2013 (decimal 8211)
   defining Unicode char U+2014 (decimal 8212)
   defining Unicode char U+2018 (decimal 8216)
   defining Unicode char U+2019 (decimal 8217)
   defining Unicode char U+201A (decimal 8218)
   defining Unicode char U+201C (decimal 8220)
   defining Unicode char U+201D (decimal 8221)
   defining Unicode char U+201E (decimal 8222)
   defining Unicode char U+2030 (decimal 8240)
   defining Unicode char U+2031 (decimal 8241)
   defining Unicode char U+2039 (decimal 8249)
   defining Unicode char U+203A (decimal 8250)
   defining Unicode char U+2423 (decimal 9251)
)
Now handling font encoding OT1 ...
... processing UTF-8 mapping file for font encoding OT1

(/usr/share/texmf-texlive/tex/latex/base/ot1enc.dfu
File: ot1enc.dfu 2008/04/05 v1.1m UTF-8 support for inputenc
   defining Unicode char U+00A1 (decimal 161)
   defining Unicode char U+00A3 (decimal 163)
   defining Unicode char U+00B8 (decimal 184)
   defining Unicode char U+00BF (decimal 191)
   defining Unicode char U+00C5 (decimal 197)
   defining Unicode char U+00C6 (decimal 198)
   defining Unicode char U+00D8 (decimal 216)
   defining Unicode char U+00DF (decimal 223)
   defining Unicode char U+00E6 (decimal 230)
   defining Unicode char U+00EC (decimal 236)
   defining Unicode char U+00ED (decimal 237)
   defining Unicode char U+00EE (decimal 238)
   defining Unicode char U+00EF (decimal 239)
   defining Unicode char U+00F8 (decimal 248)
   defining Unicode char U+0131 (decimal 305)
   defining Unicode char U+0141 (decimal 321)
   defining Unicode char U+0142 (decimal 322)
   defining Unicode char U+0152 (decimal 338)
   defining Unicode char U+0153 (decimal 339)
   defining Unicode char U+2013 (decimal 8211)
   defining Unicode char U+2014 (decimal 8212)
   defining Unicode char U+2018 (decimal 8216)
   defining Unicode char U+2019 (decimal 8217)
   defining Unicode char U+201C (decimal 8220)
   defining Unicode char U+201D (decimal 8221)
)
Now handling font encoding OMS ...
... processing UTF-8 mapping file for font encoding OMS

(/usr/share/texmf-texlive/tex/latex/base/omsenc.dfu
File: omsenc.dfu 2008/04/05 v1.1m UTF-8 support for inputenc
   defining Unicode char U+00A7 (decimal 167)
   defining Unicode char U+00B6 (decimal 182)
   defining Unicode char U+00B7 (decimal 183)
   defining Unicode char U+2020 (decimal 8224)
   defining Unicode char U+2021 (decimal 8225)
   defining Unicode char U+2022 (decimal 8226)
)
Now handling font encoding OMX ...
... no UTF-8 mapping file for font encoding OMX
Now handling font encoding U ...
... no UTF-8 mapping file for font encoding U
   defining Unicode char U+00A9 (decimal 169)
   defining Unicode char U+00AA (decimal 170)
   defining Unicode char U+00AE (decimal 174)
   defining Unicode char U+00BA (decimal 186)
   defining Unicode char U+02C6 (decimal 710)
   defining Unicode char U+02DC (decimal 732)
   defining Unicode char U+200C (decimal 8204)
   defining Unicode char U+2026 (decimal 8230)
   defining Unicode char U+2122 (decimal 8482)
   defining Unicode char U+2423 (decimal 9251)
))
(/usr/share/texmf-texlive/tex/generic/babel/babel.sty
Package: babel 2008/07/06 v3.8l The Babel package

(/usr/share/texmf-texlive/tex/generic/babel/ngermanb.ldf
Language: ngermanb 2008/07/06 v2.6n new German support from the babel system

(/usr/share/texmf-texlive/tex/generic/babel/babel.def
File: babel.def 2008/07/06 v3.8l Babel common definitions
\babel@savecnt=\count89
\U@D=\dimen103
)
\l@naustrian = a dialect from \language\l@ngerman 
Package babel Info: Making " an active character on input line 92.
))
(/usr/share/texmf-texlive/tex/latex/base/fontenc.sty
Package: fontenc 2005/09/27 v1.99g Standard LaTeX package

(/usr/share/texmf-texlive/tex/latex/base/t1enc.def
File: t1enc.def 2005/09/27 v1.99g Standard LaTeX file
LaTeX Font Info:    Redeclaring font encoding T1 on input line 43.
))
(/usr/share/texmf-texlive/tex/latex/amsfonts/amsfonts.sty
Package: amsfonts 2009/06/22 v3.00 Basic AMSFonts support
\@emptytoks=\toks17
\symAMSa=\mathgroup4
\symAMSb=\mathgroup5
LaTeX Font Info:    Overwriting math alphabet `\mathfrak' in version `bold'
(Font)                  U/euf/m/n --> U/euf/b/n on input line 96.
)
(/usr/share/texmf-texlive/tex/latex/amsfonts/amssymb.sty
Package: amssymb 2009/06/22 v3.00
)
(/usr/share/texmf-texlive/tex/latex/amsmath/amsmath.sty
Package: amsmath 2000/07/18 v2.13 AMS math features
\@mathmargin=\skip47

For additional information on amsmath, use the `?' option.
(/usr/share/texmf-texlive/tex/latex/amsmath/amstext.sty
Package: amstext 2000/06/29 v2.01

(/usr/share/texmf-texlive/tex/latex/amsmath/amsgen.sty
File: amsgen.sty 1999/11/30 v2.0
\@emptytoks=\toks18
\ex@=\dimen104
))
(/usr/share/texmf-texlive/tex/latex/amsmath/amsbsy.sty
Package: amsbsy 1999/11/29 v1.2d
\pmbraise@=\dimen105
)
(/usr/share/texmf-texlive/tex/latex/amsmath/amsopn.sty
Package: amsopn 1999/12/14 v2.01 operator names
)
\inf@bad=\count90
LaTeX Info: Redefining \frac on input line 211.
\uproot@=\count91
\leftroot@=\count92
LaTeX Info: Redefining \overline on input line 307.
\classnum@=\count93
\DOTSCASE@=\count94
LaTeX Info: Redefining \ldots on input line 379.
LaTeX Info: Redefining \dots on input line 382.
LaTeX Info: Redefining \cdots on input line 467.
\Mathstrutbox@=\box27
\strutbox@=\box28
\big@size=\dimen106
LaTeX Font Info:    Redeclaring font encoding OML on input line 567.
LaTeX Font Info:    Redeclaring font encoding OMS on input line 568.
\macc@depth=\count95
\c@MaxMatrixCols=\count96
\dotsspace@=\muskip10
\c@parentequation=\count97
\dspbrk@lvl=\count98
\tag@help=\toks19
\row@=\count99
\column@=\count100
\maxfields@=\count101
\andhelp@=\toks20
\eqnshift@=\dimen107
\alignsep@=\dimen108
\tagshift@=\dimen109
\tagwidth@=\dimen110
\totwidth@=\dimen111
\lineht@=\dimen112
\@envbody=\toks21
\multlinegap=\skip48
\multlinetaggap=\skip49
\mathdisplay@stack=\toks22
LaTeX Info: Redefining \[ on input line 2666.
LaTeX Info: Redefining \] on input line 2667.
)
(/usr/share/texmf-texlive/tex/latex/stmaryrd/stmaryrd.sty
Package: stmaryrd 1994/03/03 St Mary's Road symbol package
\symstmry=\mathgroup6
LaTeX Font Info:    Overwriting symbol font `stmry' in version `bold'
(Font)                  U/stmry/m/n --> U/stmry/b/n on input line 89.
)
(/usr/share/texmf-texlive/tex/latex/tools/verbatim.sty
Package: verbatim 2003/08/22 v1.5q LaTeX2e package for verbatim enhancements
\every@verbatim=\toks23
\verbatim@line=\toks24
\verbatim@in@stream=\read1
)
(/usr/share/texmf-texlive/tex/latex/base/ifthen.sty
Package: ifthen 2001/05/26 v1.1c Standard LaTeX ifthen package (DPC)
)
(/usr/share/texmf-texlive/tex/latex/ntheorem/ntheorem.sty
Style `ntheorem', Version 1.25 <2005/07/07>
Package: ntheorem 2005/07/07 1.25
\theorem@style=\toks25
\theorem@@style=\toks26
\theorembodyfont=\toks27
\theoremnumbering=\toks28
\theorempreskipamount=\skip50
\theorempostskipamount=\skip51
\theoremindent=\dimen113
\theorem@indent=\dimen114
\theoremheaderfont=\toks29
\theoremseparator=\toks30
\theoremprework=\toks31
\theorempostwork=\toks32
\theoremsymbol=\toks33
\qedsymbol=\toks34
\theoremkeyword=\toks35
\qedsymbol=\toks36
\thm@topsepadd=\skip52
Package ntheorem Info: Option `thmmarks' loaded on input line 1029.
\c@endNonectr=\count102
\c@currNonectr=\count103
\mysavskip=\skip53
Package ntheorem Info: option `amsmath' handling for `thmmarks' loaded on input
 line 1029.
\thm@amstmpdepth=\dimen115
\shadecolor=\toks37
) (/usr/share/texmf-texlive/tex/latex/ltxmisc/framed.sty
Package: framed 2007/10/04 v 0.95: framed or shaded text with page breaks
\fb@frw=\dimen116
\fb@frh=\dimen117
\FrameRule=\dimen118
\FrameSep=\dimen119
)
(/usr/share/texmf-texlive/tex/latex/pstricks/pstricks.sty
Package: pstricks 2008/11/26 v0.40 LaTeX wrapper for `PSTricks' (RN,HV)

(/usr/share/texmf-texlive/tex/generic/pstricks/pstricks.tex
`PSTricks' v1.29  <2009/05/19> (tvz)
\pst@dima=\dimen120
\pst@dimb=\dimen121
\pst@dimc=\dimen122
\pst@dimd=\dimen123
\pst@dimg=\dimen124
\pst@dimh=\dimen125
\pst@hbox=\box29
\pst@boxg=\box30
\pst@cnta=\count104
\pst@cntb=\count105
\pst@cntc=\count106
\pst@cntd=\count107
\pst@cntg=\count108
\pst@cnth=\count109
\pst@toks=\toks38
(/usr/share/texmf-texlive/tex/generic/pstricks/pstricks.con)
\psunit=\dimen126
\psxunit=\dimen127
\psyunit=\dimen128
\pslinewidth=\dimen129
\pst@customdefs=\toks39
\pslinearc=\dimen130
\everypsbox=\toks40
\psframesep=\dimen131
\pslabelsep=\dimen132
\pst@shift=\dimen133
\theoverlaybox=\box31
)
File: pstricks.tex 2009/05/19 v1.29 `PSTricks' (tvz,hv)

(/usr/share/texmf/tex/latex/xcolor/xcolor.sty
Package: xcolor 2007/01/21 v2.11 LaTeX color extensions (UK)

(/etc/texmf/tex/latex/config/color.cfg
File: color.cfg 2007/01/18 v1.5 color configuration of teTeX/TeXLive
)
Package xcolor Info: Driver file: pdftex.def on input line 225.

(/usr/share/texmf-texlive/tex/latex/pdftex-def/pdftex.def
File: pdftex.def 2010/03/12 v0.04p Graphics/color for pdfTeX
\Gread@gobject=\count110
)
Package xcolor Info: Model `cmy' substituted by `cmy0' on input line 1337.
Package xcolor Info: Model `hsb' substituted by `rgb' on input line 1341.
Package xcolor Info: Model `RGB' extended on input line 1353.
Package xcolor Info: Model `HTML' substituted by `rgb' on input line 1355.
Package xcolor Info: Model `Hsb' substituted by `hsb' on input line 1356.
Package xcolor Info: Model `tHsb' substituted by `hsb' on input line 1357.
Package xcolor Info: Model `HSB' substituted by `hsb' on input line 1358.
Package xcolor Info: Model `Gray' substituted by `gray' on input line 1359.
Package xcolor Info: Model `wave' substituted by `hsb' on input line 1360.
))
(/usr/share/texmf-texlive/tex/latex/carlisle/slashed.sty
Package: slashed 1997/01/16 v0.01 Feynman Slashed Character Notation (DPC)
)
(/usr/share/texmf-texlive/tex/latex/base/makeidx.sty
Package: makeidx 2000/03/29 v1.0m Standard LaTeX package
)
(/usr/share/texmf-texlive/tex/latex/wasysym/wasysym.sty
Package: wasysym 2003/10/30 v2.0 Wasy-2 symbol support package
\symwasy=\mathgroup7
LaTeX Font Info:    Overwriting symbol font `wasy' in version `bold'
(Font)                  U/wasy/m/n --> U/wasy/b/n on input line 90.
)
(/usr/share/texmf-texlive/tex/latex/jknapltx/mathrsfs.sty
Package: mathrsfs 1996/01/01 Math RSFS package v1.0 (jk)
\symrsfs=\mathgroup8
)
(/usr/share/texmf-texlive/tex/latex/mh/mathtools.sty
Package: mathtools 2008/08/01 v1.06 mathematical typesetting tools (MH)

(/usr/share/texmf-texlive/tex/latex/tools/calc.sty
Package: calc 2007/08/22 v4.3 Infix arithmetic (KKT,FJ)
\calc@Acount=\count111
\calc@Bcount=\count112
\calc@Adimen=\dimen134
\calc@Bdimen=\dimen135
\calc@Askip=\skip54
\calc@Bskip=\skip55
LaTeX Info: Redefining \setlength on input line 76.
LaTeX Info: Redefining \addtolength on input line 77.
\calc@Ccount=\count113
\calc@Cskip=\skip56
)
(/usr/share/texmf-texlive/tex/latex/mh/mhsetup.sty
Package: mhsetup 2007/12/03 v1.2 programming setup (MH)
)
\g_MT_multlinerow_int=\count114
\l_MT_multwidth_dim=\dimen136
)
(/usr/share/texmf-texlive/tex/latex/doublestroke/dsfont.sty
Package: dsfont 1995/08/01 v0.1 Double stroke roman fonts
)
(/usr/share/texmf-texlive/tex/latex/hyperref/hyperref.sty
Package: hyperref 2009/10/09 v6.79a Hypertext links for LaTeX

(/usr/share/texmf-texlive/tex/generic/oberdiek/ifpdf.sty
Package: ifpdf 2009/04/10 v2.0 Provides the ifpdf switch (HO)
Package ifpdf Info: pdfTeX in pdf mode detected.
)
(/usr/share/texmf-texlive/tex/generic/oberdiek/ifvtex.sty
Package: ifvtex 2008/11/04 v1.4 Switches for detecting VTeX and its modes (HO)
Package ifvtex Info: VTeX not detected.
)
(/usr/share/texmf-texlive/tex/generic/ifxetex/ifxetex.sty
Package: ifxetex 2009/01/23 v0.5 Provides ifxetex conditional
)
(/usr/share/texmf-texlive/tex/latex/oberdiek/hycolor.sty
Package: hycolor 2009/10/02 v1.5 Code for color options of hyperref/bookmark (H
O)

(/usr/share/texmf-texlive/tex/latex/oberdiek/xcolor-patch.sty
Package: xcolor-patch 2009/10/02 xcolor patch
))
\@linkdim=\dimen137
\Hy@linkcounter=\count115
\Hy@pagecounter=\count116

(/usr/share/texmf-texlive/tex/latex/hyperref/pd1enc.def
File: pd1enc.def 2009/10/09 v6.79a Hyperref: PDFDocEncoding definition (HO)
Now handling font encoding PD1 ...
... no UTF-8 mapping file for font encoding PD1
)
(/usr/share/texmf-texlive/tex/generic/oberdiek/etexcmds.sty
Package: etexcmds 2007/12/12 v1.2 Prefix for e-TeX command names (HO)

(/usr/share/texmf-texlive/tex/generic/oberdiek/infwarerr.sty
Package: infwarerr 2007/09/09 v1.2 Providing info/warning/message (HO)
)
Package etexcmds Info: Could not find \expanded.
(etexcmds)             That can mean that you are not using pdfTeX 1.50 or
(etexcmds)             that some package has redefined \expanded.
(etexcmds)             In the latter case, load this package earlier.
)
(/usr/share/texmf-texlive/tex/latex/latexconfig/hyperref.cfg
File: hyperref.cfg 2002/06/06 v1.2 hyperref configuration of TeXLive
)
(/usr/share/texmf-texlive/tex/latex/oberdiek/kvoptions.sty
Package: kvoptions 2009/08/13 v3.4 Keyval support for LaTeX options (HO)

(/usr/share/texmf-texlive/tex/generic/oberdiek/kvsetkeys.sty
Package: kvsetkeys 2009/07/30 v1.5 Key value parser with default handler suppor
t (HO)
))
Package hyperref Info: Option `bookmarks' set `true' on input line 2864.
Package hyperref Info: Option `bookmarksnumbered' set `true' on input line 2864
.
Package hyperref Info: Option `hypertexnames' set `false' on input line 2864.
Package hyperref Info: Option `colorlinks' set `true' on input line 2864.
Package hyperref Info: Hyper figures OFF on input line 2975.
Package hyperref Info: Link nesting OFF on input line 2980.
Package hyperref Info: Hyper index ON on input line 2983.
Package hyperref Info: Plain pages OFF on input line 2990.
Package hyperref Info: Backreferencing OFF on input line 2995.

Implicit mode ON; LaTeX internals redefined
Package hyperref Info: Bookmarks ON on input line 3191.
(/usr/share/texmf-texlive/tex/latex/ltxmisc/url.sty
\Urlmuskip=\muskip11
Package: url 2006/04/12  ver 3.3  Verb mode for urls, etc.
)
LaTeX Info: Redefining \url on input line 3428.

(/usr/share/texmf-texlive/tex/generic/oberdiek/bitset.sty
Package: bitset 2007/09/28 v1.0 Data type bit set (HO)

(/usr/share/texmf-texlive/tex/generic/oberdiek/intcalc.sty
Package: intcalc 2007/09/27 v1.1 Expandable integer calculations (HO)
)
(/usr/share/texmf-texlive/tex/generic/oberdiek/bigintcalc.sty
Package: bigintcalc 2007/11/11 v1.1 Expandable big integer calculations (HO)

(/usr/share/texmf-texlive/tex/generic/oberdiek/pdftexcmds.sty
Package: pdftexcmds 2009/09/23 v0.6 LuaTeX support for pdfTeX utility functions
 (HO)

(/usr/share/texmf-texlive/tex/generic/oberdiek/ifluatex.sty
Package: ifluatex 2009/04/17 v1.2 Provides the ifluatex switch (HO)
Package ifluatex Info: LuaTeX not detected.
)
(/usr/share/texmf-texlive/tex/generic/oberdiek/ltxcmds.sty
Package: ltxcmds 2009/08/05 v1.0 Some LaTeX kernel commands for general use (HO
)
)
Package pdftexcmds Info: LuaTeX not detected.
Package pdftexcmds Info: \pdf@primitive is available.
Package pdftexcmds Info: \pdf@ifprimitive is available.
)))
\Fld@menulength=\count117
\Field@Width=\dimen138
\Fld@charsize=\dimen139
\Field@toks=\toks41
Package hyperref Info: Hyper figures OFF on input line 4377.
Package hyperref Info: Link nesting OFF on input line 4382.
Package hyperref Info: Hyper index ON on input line 4385.
Package hyperref Info: backreferencing OFF on input line 4392.
Package hyperref Info: Link coloring ON on input line 4395.
Package hyperref Info: Link coloring with OCG OFF on input line 4402.
Package hyperref Info: PDF/A mode OFF on input line 4407.

(/usr/share/texmf-texlive/tex/generic/oberdiek/atbegshi.sty
Package: atbegshi 2008/07/31 v1.9 At begin shipout hook (HO)
)
\Hy@abspage=\count118
\c@Item=\count119
\c@Hfootnote=\count120
)
*hyperref using default driver hpdftex*
(/usr/share/texmf-texlive/tex/latex/hyperref/hpdftex.def
File: hpdftex.def 2009/10/09 v6.79a Hyperref driver for pdfTeX
\Fld@listcount=\count121
)
(/usr/share/texmf-texlive/tex/latex/etex-pkg/etex.sty
Package: etex 1998/03/26 v2.0 eTeX basic definition package (PEB)
\et@xins=\count122
))
(data/saetze-schmoeger.sty
\c@currsatzctr=\count123
\c@endsatzctr=\count124
\c@satz=\count125
\c@currlemmactr=\count126
\c@endlemmactr=\count127
\c@currdefusatzctr=\count128
\c@enddefusatzctr=\count129
\c@currwichtigedefinitionctr=\count130
\c@endwichtigedefinitionctr=\count131
\c@curranwendungctr=\count132
\c@endanwendungctr=\count133
\c@currwichtigesbeispielctr=\count134
\c@endwichtigesbeispielctr=\count135
\c@currwichtigebemerkungctr=\count136
\c@endwichtigebemerkungctr=\count137
\c@currwichtigebeispieleXctr=\count138
\c@endwichtigebeispieleXctr=\count139
\c@currwichtigerhilfssatzctr=\count140
\c@endwichtigerhilfssatzctr=\count141
\c@curraxiomctr=\count142
\c@endaxiomctr=\count143
\c@currsatz*ctr=\count144
\c@endsatz*ctr=\count145
\c@satz*=\count146
\c@currplaindefinitionctr=\count147
\c@endplaindefinitionctr=\count148
\c@plaindefinition=\count149
\c@currhilfssatzctr=\count150
\c@endhilfssatzctr=\count151
\c@hilfssatz=\count152
\c@currbeweisctr=\count153
\c@endbeweisctr=\count154
\c@beweis=\count155
\c@currbeispielctr=\count156
\c@endbeispielctr=\count157
\c@beispiel=\count158
\c@currvereinbarungctr=\count159
\c@endvereinbarungctr=\count160
\c@vereinbarung=\count161
\c@currbemerkungctr=\count162
\c@endbemerkungctr=\count163
\c@bemerkung=\count164
\c@currmotivationctr=\count165
\c@endmotivationctr=\count166
\c@motivation=\count167
\c@currschreibweisenctr=\count168
\c@endschreibweisenctr=\count169
\c@schreibweisen=\count170
\c@currerinnerungctr=\count171
\c@enderinnerungctr=\count172
\c@erinnerung=\count173
\c@currvorbetrachtungenctr=\count174
\c@endvorbetrachtungenctr=\count175
\c@vorbetrachtungen=\count176
\c@currbemerkungenXctr=\count177
\c@endbemerkungenXctr=\count178
\c@bemerkungenX=\count179
\c@currbeispieleXctr=\count180
\c@endbeispieleXctr=\count181
\c@beispieleX=\count182
\c@currfolgerungctr=\count183
\c@endfolgerungctr=\count184
\c@currfolgerungenctr=\count185
\c@endfolgerungenctr=\count186
)
(/usr/share/texmf-texlive/tex/latex/listings/listings.sty
\lst@mode=\count187
\lst@gtempboxa=\box32
\lst@token=\toks42
\lst@length=\count188
\lst@currlwidth=\dimen140
\lst@column=\count189
\lst@pos=\count190
\lst@lostspace=\dimen141
\lst@width=\dimen142
\lst@newlines=\count191
\lst@lineno=\count192
\lst@maxwidth=\dimen143

(/usr/share/texmf-texlive/tex/latex/listings/lstmisc.sty
File: lstmisc.sty 2007/02/22 1.4 (Carsten Heinz)
\c@lstnumber=\count193
\lst@skipnumbers=\count194
\lst@framebox=\box33
)
(/usr/share/texmf-texlive/tex/latex/listings/listings.cfg
File: listings.cfg 2007/02/22 1.4 listings configuration
))
Package: listings 2007/02/22 1.4 (Carsten Heinz)
)
(/usr/share/texmf-texlive/tex/latex/tools/enumerate.sty
Package: enumerate 1999/03/05 v3.00 enumerate extensions (DPC)
\@enLab=\toks43
)
\@indexfile=\write3
\openout3 = `ZTheo.idx'.


Writing index file ZTheo.idx
(./ZTheo.aux)
\openout1 = `ZTheo.aux'.

LaTeX Font Info:    Checking defaults for OML/cmm/m/it on input line 24.
LaTeX Font Info:    ... okay on input line 24.
LaTeX Font Info:    Checking defaults for T1/cmr/m/n on input line 24.
LaTeX Font Info:    ... okay on input line 24.
LaTeX Font Info:    Checking defaults for OT1/cmr/m/n on input line 24.
LaTeX Font Info:    ... okay on input line 24.
LaTeX Font Info:    Checking defaults for OMS/cmsy/m/n on input line 24.
LaTeX Font Info:    ... okay on input line 24.
LaTeX Font Info:    Checking defaults for OMX/cmex/m/n on input line 24.
LaTeX Font Info:    ... okay on input line 24.
LaTeX Font Info:    Checking defaults for U/cmr/m/n on input line 24.
LaTeX Font Info:    ... okay on input line 24.
LaTeX Font Info:    Checking defaults for PD1/pdf/m/n on input line 24.
LaTeX Font Info:    ... okay on input line 24.
 (/usr/share/texmf-texlive/tex/context/base/supp-pdf.mkii
[Loading MPS to PDF converter (version 2006.09.02).]
\scratchcounter=\count195
\scratchdimen=\dimen144
\scratchbox=\box34
\nofMPsegments=\count196
\nofMParguments=\count197
\everyMPshowfont=\toks44
\MPscratchCnt=\count198
\MPscratchDim=\dimen145
\MPnumerator=\count199
\everyMPtoPDFconversion=\toks45
)
Package hyperref Info: Link coloring ON on input line 24.
 (/usr/share/texmf-texlive/tex/latex/hyperref/nameref.sty
Package: nameref 2007/05/29 v2.31 Cross-referencing by name of section

(/usr/share/texmf-texlive/tex/latex/oberdiek/refcount.sty
Package: refcount 2008/08/11 v3.1 Data extraction from references (HO)
)
\c@section@level=\count200
)
LaTeX Info: Redefining \ref on input line 24.
LaTeX Info: Redefining \pageref on input line 24.
 (./ZTheo.out)
(./ZTheo.out)
\@outlinefile=\write4
\openout4 = `ZTheo.out'.

\AtBeginShipoutBox=\box35
\c@lstlisting=\count201
LaTeX Font Info:    Try loading font information for T1+cmss on input line 26.
 (/usr/share/texmf-texlive/tex/latex/base/t1cmss.fd
File: t1cmss.fd 1999/05/25 v2.5h Standard LaTeX font definitions
)
LaTeX Font Info:    Try loading font information for U+msa on input line 26.

(/usr/share/texmf-texlive/tex/latex/amsfonts/umsa.fd
File: umsa.fd 2009/06/22 v3.00 AMS symbols A
)
LaTeX Font Info:    Try loading font information for U+msb on input line 26.

(/usr/share/texmf-texlive/tex/latex/amsfonts/umsb.fd
File: umsb.fd 2009/06/22 v3.00 AMS symbols B
)
LaTeX Font Info:    Try loading font information for U+stmry on input line 26.

(/usr/share/texmf-texlive/tex/latex/stmaryrd/Ustmry.fd)
LaTeX Font Info:    Try loading font information for U+wasy on input line 26.

(/usr/share/texmf-texlive/tex/latex/wasysym/uwasy.fd
File: uwasy.fd 2003/10/30 v2.0 Wasy-2 symbol font definitions
)
LaTeX Font Info:    Try loading font information for U+rsfs on input line 26.

(/usr/share/texmf-texlive/tex/latex/jknapltx/ursfs.fd
File: ursfs.fd 1998/03/24 rsfs font definition file (jk)
)
LaTeX Font Info:    Try loading font information for T1+cmtt on input line 26.

(/usr/share/texmf-texlive/tex/latex/base/t1cmtt.fd
File: t1cmtt.fd 1999/05/25 v2.5h Standard LaTeX font definitions
) [1
Non-PDF special ignored!
Non-PDF special ignored!
Non-PDF special ignored!



{/var/lib/texmf/fonts/map/pdftex/updmap/pdftex.map}]
[2

]

Package hyperref Warning: No destination for bookmark of \addcontentsline,
(hyperref)                destination is added on input line 29.

(./ZTheo.toc
Class scrbook Info: You've told me to use the font selection of the element
(scrbook)           `sectioning' that is an alias of element `disposition'
(scrbook)            on input line 2.
Class scrbook Info: You've told me to use the font selection of the element
(scrbook)           `sectioning' that is an alias of element `disposition'
(scrbook)            on input line 3.
Class scrbook Info: You've told me to use the font selection of the element
(scrbook)           `sectioning' that is an alias of element `disposition'
(scrbook)            on input line 8.
Class scrbook Info: You've told me to use the font selection of the element
(scrbook)           `sectioning' that is an alias of element `disposition'
(scrbook)            on input line 13.
Class scrbook Info: You've told me to use the font selection of the element
(scrbook)           `sectioning' that is an alias of element `disposition'
(scrbook)            on input line 28.
Class scrbook Info: You've told me to use the font selection of the element
(scrbook)           `sectioning' that is an alias of element `disposition'
(scrbook)            on input line 31.
Class scrbook Info: You've told me to use the font selection of the element
(scrbook)           `sectioning' that is an alias of element `disposition'
(scrbook)            on input line 41.
Class scrbook Info: You've told me to use the font selection of the element
(scrbook)           `sectioning' that is an alias of element `disposition'
(scrbook)            on input line 43.
Class scrbook Info: You've told me to use the font selection of the element
(scrbook)           `sectioning' that is an alias of element `disposition'
(scrbook)            on input line 50.
 [3


])
\tf@toc=\write5
\openout5 = `ZTheo.toc'.

 [4]
LaTeX Font Info:    Try loading font information for OMS+cmr on input line 34.
 (/usr/share/texmf-texlive/tex/latex/base/omscmr.fd
File: omscmr.fd 1999/05/25 v2.5h Standard LaTeX font definitions
)
LaTeX Font Info:    Font shape `OMS/cmr/m/n' in size <10.95> not available
(Font)              Font shape `OMS/cmsy/m/n' tried instead on input line 34.

[5


] [6


]
Kapitel 1.

Class scrbook Warning: \float@addtolists detected!
(scrbook)              You should use the features of package `tocbasic'
(scrbook)              instead of \float@addtolists.
(scrbook)              Support for \float@addtolists may be removed from
(scrbook)              `scrbook' soon .

Package hyperref Info: bookmark level for unknown satz defaults to 0 on input l
ine 54.
Package hyperref Info: bookmark level for unknown bemerkung defaults to 0 on in
put line 59.
Package hyperref Info: bookmark level for unknown plaindefinition defaults to 0
 on input line 68.
[7]
Package hyperref Info: bookmark level for unknown beweis defaults to 0 on input
 line 107.
Package hyperref Info: bookmark level for unknown folgerung defaults to 0 on in
put line 125.
 [8] [9]
Package hyperref Info: bookmark level for unknown beispiel defaults to 0 on inp
ut line 186.

Underfull \hbox (badness 10000) in paragraph at lines 199--203

 []

[10] [11]
Underfull \hbox (badness 10000) in paragraph at lines 365--366

 []

[12]
Package hyperref Info: bookmark level for unknown lemma defaults to 0 on input 
line 395.
 [13] [14] [15]
Underfull \hbox (badness 10000) in paragraph at lines 579--585

 []

[16] [17] [18]
Kapitel 2.

Underfull \hbox (badness 10000) in paragraph at lines 664--665

 []

[19


] [20] [21] [22]
Underfull \vbox (badness 3291) has occurred while \output is active []

 [23]
[24] [25] [26] [27] [28


]
Kapitel 3.

LaTeX Font Warning: Font shape `U/stmry/b/n' undefined
(Font)              using `U/stmry/m/n' instead on input line 1125.


LaTeX Font Warning: Font shape `U/wasy/b/n' in size <8> not available
(Font)              Font shape `U/wasy/m/n' tried instead on input line 1125.


LaTeX Font Warning: Font shape `U/wasy/b/n' in size <6> not available
(Font)              Font shape `U/wasy/m/n' tried instead on input line 1125.

[29] [30]
Underfull \hbox (badness 10000) in paragraph at lines 1272--1275

 []

[31]
Overfull \hbox (32.1999pt too wide) in paragraph at lines 1308--1309
[]\T1/cmr/m/n/10.95 Ist $\OML/cmm/m/it/10.95 n \OT1/cmr/m/n/10.95 = []\OML/cmm/
m/it/10.95 f$\T1/cmr/m/n/10.95 , so ist $[][]$ ein $\OML/cmm/m/it/10.95 K$\T1/c
mr/m/n/10.95 -Vektorraum der Di-men-si-on $\OML/cmm/m/it/10.95 n$ \T1/cmr/m/n/1
0.95 (Ba-sis z.B.: $\OT1/cmr/m/n/10.95 1\OML/cmm/m/it/10.95 ; X; X[]; :::; X[]$
\T1/cmr/m/n/10.95 ) 
 []

[32] [33] [34]
Package hyperref Info: bookmark level for unknown bemerkungenX defaults to 0 on
 input line 1446.
 [35] [36]
Overfull \hbox (22.03636pt too wide) in paragraph at lines 1573--1578
[]$\OML/cmm/m/it/10.95 []; [] ; []$ \T1/cmr/m/n/10.95 sei-en $\OML/cmm/m/it/1
0.95 l$ \T1/cmr/m/n/10.95 Null-stel-len. $\OML/cmm/m/it/10.95 v[]\OT1/cmr/m/n/1
0.95 (\OML/cmm/m/it/10.95 f\OT1/cmr/m/n/10.95 ) \OML/cmm/m/it/10.95 > \OT1/cmr/
m/n/10.95 0  =[]\OMS/cmsy/m/n/10.95 )  [][]\OT1/cmr/m/n/10.95 (\OML/cmm/m/it/10
.95 X \OMS/cmsy/m/n/10.95 ^^@ \OML/cmm/m/it/10.95 []\OT1/cmr/m/n/10.95 ) \OMS/
cmsy/m/n/10.95 j \OML/cmm/m/it/10.95 f$\T1/cmr/m/n/10.95 , we-gen $[]$
 []

[37]
Underfull \vbox (badness 2512) has occurred while \output is active []

 [38]
Overfull \hbox (13.57387pt too wide) in paragraph at lines 1711--1715
[] \T1/cmss/bx/n/10.95 Be-zeich-nun-gen:[][] \T1/cmr/m/n/10.95 Die $\OML/cmm/m/
it/10.95 z[]$ \T1/cmr/m/n/10.95 hei-ÿen $\OML/cmm/m/it/10.95 ^^M$\T1/cmr/m/n/10
.95 -adische Zif-fern und $\OT1/cmr/m/n/10.95 (\OMS/cmsy/m/n/10.95 ^^C\OT1/cmr/
m/n/10.95 )$ \T1/cmr/m/n/10.95 Zif-fern-dar-stel-lung (vorlesungs-spezifisch).
 []

[39]
Underfull \vbox (badness 1102) has occurred while \output is active []

 [40]
[41]
Underfull \hbox (badness 10000) in paragraph at lines 1870--1871

 []

[42]
Overfull \hbox (3.08376pt too wide) in paragraph at lines 1982--1986
[]\T1/cmr/m/n/10.95 Voraussetzungen wie im Satz. Die Ein-hei-ten-grup-
 []

[43] [44] [45]

Package hyperref Warning: Token not allowed in a PDF string (PDFDocEncoding):
(hyperref)                removing `math shift' on input line 2128.


Package hyperref Warning: Token not allowed in a PDF string (PDFDocEncoding):
(hyperref)                removing `math shift' on input line 2128.


Overfull \hbox (5.05428pt too wide) in paragraph at lines 2129--2135
$\OML/cmm/m/it/10.95 R$ \T1/cmr/m/n/10.95 eu-kli-disch, $\OML/cmm/m/it/10.95 m 
\OT1/cmr/m/n/10.95 = [][] \OML/cmm/m/it/10.95 p[]$ \T1/cmr/m/n/10.95 Prim-zer-l
e-gung, $\OML/cmm/m/it/10.95 t[] \OMS/cmsy/m/n/10.95 2 \U/msb/m/n/10.95 N[]$\T1
/cmr/m/n/10.95 . Aus dem Chi-ne-si-schen Rest-satz: $\OT1/cmr/m/n/10.95 (\OML/c
mm/m/it/10.95 R=mR\OT1/cmr/m/n/10.95 )[] []
 []


Underfull \hbox (badness 10000) in paragraph at lines 2167--2169

 []


Package amsmath Warning: Foreign command \atopwithdelims;
(amsmath)                \frac or \genfrac should be used instead
(amsmath)                 on input line 2176.


Underfull \hbox (badness 10000) in paragraph at lines 2172--2178

 []

[46]
Package hyperref Info: bookmark level for unknown hilfssatz defaults to 0 on in
put line 2192.

Underfull \hbox (badness 10000) in paragraph at lines 2240--2243

 []


Underfull \hbox (badness 10000) in paragraph at lines 2244--2245

 []

[47]
Underfull \hbox (badness 10000) in paragraph at lines 2246--2256

 []


Underfull \hbox (badness 10000) in paragraph at lines 2257--2272

 []


Overfull \hbox (9.17058pt too wide) in paragraph at lines 2257--2272
[]
 []


Underfull \hbox (badness 10000) in paragraph at lines 2257--2272

 []


Underfull \hbox (badness 10000) in paragraph at lines 2257--2272

 []


Overfull \hbox (7.46458pt too wide) in paragraph at lines 2273--2302
\T1/cmr/m/n/10.95 Leibnitzformel: $[] \OML/cmm/m/it/10.95 A \OT1/cmr/m/n/10.95 
= [][] [](\OML/cmm/m/it/10.95 ^^Y\OT1/cmr/m/n/10.95 ) [][] \OML/cmm/m/it/10.95 
a[]$ \T1/cmr/m/n/10.95 lie-fert Ab-schät-zung $\OMS/cmsy/m/n/10.95 j[]\OML/cmm/
m/it/10.95 A\OMS/cmsy/m/n/10.95 j ^^T \OML/cmm/m/it/10.95 s[] \OMS/cmsy/m/n/10.
95 ^^A \OML/cmm/m/it/10.95 n\OT1/cmr/m/n/10.95 !$ \T1/cmr/m/n/10.95 ($[]$) 
 []

[48]
Kapitel 4.

Package hyperref Warning: Token not allowed in a PDF string (PDFDocEncoding):
(hyperref)                removing `math shift' on input line 2313.


Package hyperref Warning: Token not allowed in a PDF string (PDFDocEncoding):
(hyperref)                removing `math shift' on input line 2313.


Package hyperref Warning: Token not allowed in a PDF string (PDFDocEncoding):
(hyperref)                removing `math shift' on input line 2313.


Package hyperref Warning: Token not allowed in a PDF string (PDFDocEncoding):
(hyperref)                removing `math shift' on input line 2313.

[49


] [50] [51] [52] [53]

LaTeX Warning: Reference `satz:Warming' on page 54 undefined on input line 2559
.


Overfull \hbox (30.56473pt too wide) in paragraph at lines 2585--2589
[]\T1/cmr/m/n/10.95 Idee 3: Ver-su-che die lin-ke Sei-te der For-mel zu be-rech
-nen, näm-lich $[][] \OML/cmm/m/it/10.95 g\OT1/cmr/m/n/10.95 (\OML/cmm/m/it/10.
95 x\OT1/cmr/m/n/10.95 )$\T1/cmr/m/n/10.95 , $[]$.
 []

[54]
Underfull \hbox (badness 10000) in paragraph at lines 2594--2600

 []

[55] [56


]
Kapitel 5.

Underfull \hbox (badness 10000) in paragraph at lines 2650--2656

 []

[57]
Overfull \hbox (0.49303pt too wide) in paragraph at lines 2711--2715
[]$\OML/cmm/m/it/10.95 k \OMS/cmsy/m/n/10.95 2 \U/msb/m/n/10.95 Z$ \T1/cmr/m/n/
10.95 heiÿt $\OML/cmm/m/it/10.95 l$\T1/cmr/m/n/10.95 -ter \T1/cmr/m/it/10.95 Po
-tenz-rest $[]  \OML/cmm/m/it/10.95 m;  m \OMS/cmsy/m/n/10.95 2 \U/msb/m/n/10.9
5 N[]  \OMS/cmsy/m/n/10.95 ([])  \OML/cmm/m/it/10.95 k \OMS/cmsy/m/n/10.95 2 \O
T1/cmr/m/n/10.95 ((\U/msb/m/n/10.95 Z\OML/cmm/m/it/10.95 =m\U/msb/m/n/10.95 Z\O
T1/cmr/m/n/10.95 )[])[]$ $ \OMS/cmsy/m/n/10.95 ([])  []\OT1/cmr/m/n/10.95 (\OML
/cmm/m/it/10.95 m; k\OT1/cmr/m/n/10.95 ) =
 []


Underfull \hbox (badness 10000) in paragraph at lines 2729--2731

 []

[58]
Underfull \hbox (badness 10000) in paragraph at lines 2758--2759

 []


Overfull \hbox (37.53848pt too wide) in paragraph at lines 2760--2771
[] 
 []

[59]
Underfull \hbox (badness 10000) in paragraph at lines 2828--2830

 []

[60]
Underfull \hbox (badness 10000) in paragraph at lines 2866--2870

 []


Underfull \hbox (badness 10000) in paragraph at lines 2866--2870

 []


Underfull \hbox (badness 10000) in paragraph at lines 2871--2877

 []


Underfull \hbox (badness 10000) in paragraph at lines 2881--2883

 []

[61]
Overfull \hbox (19.20523pt too wide) in paragraph at lines 2889--2907
[] 
 []


Underfull \vbox (badness 10000) has occurred while \output is active []

 [62]

LaTeX Font Warning: Command \tiny invalid in math mode on input line 2938.


LaTeX Font Warning: Command \tiny invalid in math mode on input line 2938.


Underfull \vbox (badness 10000) has occurred while \output is active []

 [63]
[64]

LaTeX Font Warning: Command \scriptsize invalid in math mode on input line 2999
.

[65] [66]
Kapitel 6.
[67


] [68] [69]
Underfull \vbox (badness 10000) has occurred while \output is active []

 [70]
Underfull \hbox (badness 10000) in paragraph at lines 3297--3298

 []


Underfull \hbox (badness 10000) in paragraph at lines 3304--3305

 []


Underfull \hbox (badness 10000) in paragraph at lines 3306--3309

 []

[71]
Overfull \hbox (7.6171pt too wide) in paragraph at lines 3321--3330
\T1/cmr/m/n/10.95 Chiffre $\OML/cmm/m/it/10.95 P[]\OT1/cmr/m/n/10.95 (\OML/cmm/
m/it/10.95 N\OT1/cmr/m/n/10.95 ) := (\OML/cmm/m/it/10.95 N[][]  m[]\OT1/cmr/m/n
/10.95 )$\T1/cmr/m/n/10.95 . Dann theo-re-tisch $\OML/cmm/m/it/10.95 P[]\OT1/cm
r/m/n/10.95 (\OML/cmm/m/it/10.95 N[]\OT1/cmr/m/n/10.95 ) = \OML/cmm/m/it/10.95 
N[]$\T1/cmr/m/n/10.95 , wo-bei $\OML/cmm/m/it/10.95 t[]s[] \OMS/cmsy/m/n/10.95 
^^Q \OT1/cmr/m/n/10.95 1[]  \OML/cmm/m/it/10.95 ^^^\OT1/cmr/m/n/10.95 (\OML/cmm
/m/it/10.95 N\OT1/cmr/m/n/10.95 )$
 []


Overfull \hbox (7.85947pt too wide) in paragraph at lines 3321--3330
\T1/cmr/m/n/10.95 (Eu-ler Funk-ti-on). Hier-mit er-hält $\OML/cmm/m/it/10.95 T$
 \T1/cmr/m/n/10.95 auch noch $\OML/cmm/m/it/10.95 t[]$\T1/cmr/m/n/10.95 . $\OML
/cmm/m/it/10.95 t[]$ \T1/cmr/m/n/10.95 ist nur be-re-chen-bar, wenn $\OML/cmm/m
/it/10.95 ^^^\OT1/cmr/m/n/10.95 (\OML/cmm/m/it/10.95 m\OT1/cmr/m/n/10.95 ) = \O
ML/cmm/m/it/10.95 m [][]\OT1/cmr/m/n/10.95 (1 \OMS/cmsy/m/n/10.95 ^^@
 []

[72]
Kapitel 7.
[73


]
Underfull \hbox (badness 10000) in paragraph at lines 3379--3384

 []


Underfull \hbox (badness 10000) in paragraph at lines 3384--3391

 []


Underfull \vbox (badness 10000) has occurred while \output is active []

 [74]
Overfull \hbox (56.18695pt too wide) in paragraph at lines 3413--3414
[]\T1/cmr/m/n/10.95 Eine Ma-trix $\OML/cmm/m/it/10.95 B \OMS/cmsy/m/n/10.95 2 \
OML/cmm/m/it/10.95 R[]$ \T1/cmr/m/n/10.95 hei-ÿe in ^^R\T1/cmr/m/it/10.95 Ele-m
entar-tei-ler-form\T1/cmr/m/n/10.95 ^^P $\OMS/cmsy/m/n/10.95 , \OML/cmm/m/it/10
.95 B \OT1/cmr/m/n/10.95 = [](\OML/cmm/m/it/10.95 d[]; :::; d[]; \OT1/cmr/m/n/1
0.95 0\OML/cmm/m/it/10.95 ; :::\OT1/cmr/m/n/10.95 0)\OML/cmm/m/it/10.95 ; d[]; 
:::; d[]$
 []

[75] [76]
Underfull \hbox (badness 10000) in paragraph at lines 3529--3531

 []

[77] [78] [79] [80


]
Kapitel 8.
[81] [82] [83] [84] [85]
Underfull \hbox (badness 10000) in paragraph at lines 3881--3883

 []


Overfull \hbox (54.23625pt too wide) in paragraph at lines 3884--3886
\OT1/cmr/m/n/10.95 (\OMS/cmsy/m/n/10.95 ^^C\OT1/cmr/m/n/10.95 )$ $\OML/cmm/m/it
/10.95 Q\OT1/cmr/m/n/10.95 (\OML/cmm/m/it/10.95 x; y\OT1/cmr/m/n/10.95 ) = \OML
/cmm/m/it/10.95 ax[] \OT1/cmr/m/n/10.95 + \OML/cmm/m/it/10.95 bxy \OT1/cmr/m/n/
10.95 + \OML/cmm/m/it/10.95 cy[] [] ax[] \OMS/cmsy/m/n/10.95 ^^@ j\OML/cmm/m/it
/10.95 bxy\OMS/cmsy/m/n/10.95 j ^^@ \OML/cmm/m/it/10.95 ay[] \OMS/cmsy/m/n/10.9
5 ^^U \OML/cmm/m/it/10.95 a\OT1/cmr/m/n/10.95 (\OMS/cmsy/m/n/10.95 j\OML/cmm/m/
it/10.95 x\OMS/cmsy/m/n/10.95 j ^^@ j\OML/cmm/m/it/10.95 y\OMS/cmsy/m/n/10.95 j
\OT1/cmr/m/n/10.95 )[] + (2\OML/cmm/m/it/10.95 a \OMS/cmsy/m/n/10.95 ^^@ j\OML/
cmm/m/it/10.95 b\OMS/cmsy/m/n/10.95 j\OT1/cmr/m/n/10.95 )\OMS/cmsy/m/n/10.95 j\
OML/cmm/m/it/10.95 xy\OMS/cmsy/m/n/10.95 j ^^U \OML/cmm/m/it/10.95 a\OT1/cmr/m/
n/10.95 ([] []
 []

[86]
Overfull \hbox (30.28088pt too wide) in paragraph at lines 3930--3931
[]\T1/cmr/m/n/10.95 Für $\OT1/cmr/m/n/10.95 ^^A \OML/cmm/m/it/10.95 < \OT1/cmr/
m/n/10.95 0$ \T1/cmr/m/n/10.95 gilt: $\OML/cmm/m/it/10.95 h\OT1/cmr/m/n/10.95 (
^^A) = 1 \OMS/cmsy/m/n/10.95 , \OT1/cmr/m/n/10.95 ^^A \OMS/cmsy/m/n/10.95 2 f^^
@\OT1/cmr/m/n/10.95 3\OML/cmm/m/it/10.95 ; \OMS/cmsy/m/n/10.95 ^^@\OT1/cmr/m/n/
10.95 4\OML/cmm/m/it/10.95 ; \OMS/cmsy/m/n/10.95 ^^@\OT1/cmr/m/n/10.95 7\OML/cm
m/m/it/10.95 ; \OMS/cmsy/m/n/10.95 ^^@\OT1/cmr/m/n/10.95 8\OML/cmm/m/it/10.95 ;
 \OMS/cmsy/m/n/10.95 ^^@\OT1/cmr/m/n/10.95 11\OML/cmm/m/it/10.95 ; \OMS/cmsy/m/
n/10.95 ^^@\OT1/cmr/m/n/10.95 12\OML/cmm/m/it/10.95 ; \OMS/cmsy/m/n/10.95 ^^@\O
T1/cmr/m/n/10.95 16\OML/cmm/m/it/10.95 ; \OMS/cmsy/m/n/10.95 ^^@\OT1/cmr/m/n/10
.95 19\OML/cmm/m/it/10.95 ; \OMS/cmsy/m/n/10.95 ^^@\OT1/cmr/m/n/10.95 27\OML/cm
m/m/it/10.95 ; \OMS/cmsy/m/n/10.95 ^^@\OT1/cmr/m/n/10.95 28\OML/cmm/m/it/10.95 
; \OMS/cmsy/m/n/10.95 ^^@\OT1/cmr/m/n/10.95 43\OML/cmm/m/it/10.95 ; \OMS/cmsy/m
/n/10.95 ^^@\OT1/cmr/m/n/10.95 67\OML/cmm/m/it/10.95 ; \OMS/cmsy/m/n/10.95 ^^@\
OT1/cmr/m/n/10.95 163\OMS/cmsy/m/n/10.95 g$ 
 []

[87]
Overfull \hbox (47.88744pt too wide) in paragraph at lines 3986--3988
[]\T1/cmr/m/n/10.95 Zu $\OML/cmm/m/it/10.95 Q \OT1/cmr/m/n/10.95 = [\OML/cmm/m/
it/10.95 a; b; c\OT1/cmr/m/n/10.95 ]\OMS/cmsy/m/n/10.95 9\OT1/cmr/m/n/10.95 !\O
ML/cmm/m/it/10.95 t \OMS/cmsy/m/n/10.95 2 \U/msb/m/n/10.95 Z$ \T1/cmr/m/n/10.95
 mit $\OML/cmm/m/it/10.95 Q[] \OT1/cmr/m/n/10.95 = [] \OML/cmm/m/it/10.95 :Q$ \
T1/cmr/m/n/10.95 halb-re-du-ziert, denn $\OML/cmm/m/it/10.95 Q[] \OT1/cmr/m/n/1
0.95 = [[]\OML/cmm/m/it/10.95 ; []; ct[] \OMS/cmsy/m/n/10.95 ^^@
 []

[88] [89]
Underfull \hbox (badness 10000) in paragraph at lines 4046--4047

 []


Overfull \hbox (32.24881pt too wide) in paragraph at lines 4048--4049
[]$\OML/cmm/m/it/10.95 U:Q \OT1/cmr/m/n/10.95 = (\OMS/cmsy/m/n/10.95 ^^@\OML/cm
m/m/it/10.95 U\OT1/cmr/m/n/10.95 )\OML/cmm/m/it/10.95 :Q$\T1/cmr/m/n/10.95 , da
 $\OML/cmm/m/it/10.95 U \OT1/cmr/m/n/10.95 = [] \OML/cmm/m/it/10.95 ; \OMS/cmsy
/m/n/10.95 ^^@\OML/cmm/m/it/10.95 U \OT1/cmr/m/n/10.95 = [] \OML/cmm/m/it/10.95
 ; \OT1/cmr/m/n/10.95 1 = []\OML/cmm/m/it/10.95 U \OT1/cmr/m/n/10.95 = \OML/cmm
/m/it/10.95 rv \OMS/cmsy/m/n/10.95 ^^@ \OML/cmm/m/it/10.95 us$\T1/cmr/m/n/10.95
 . $\OML/cmm/m/it/10.95 U[] \OT1/cmr/m/n/10.95 = [] \OML/cmm/m/it/10.95 ; \OMS/
cmsy/m/n/10.95 ^^@\OML/cmm/m/it/10.95 U[] \OT1/cmr/m/n/10.95 =
 []

[90]
\tf@thm=\write6
\openout6 = `ZTheo.thm'.

 [91] (./ZTheo.aux)

LaTeX Font Warning: Some font shapes were not available, defaults substituted.


LaTeX Warning: There were undefined references.

 ) 
Here is how much of TeX's memory you used:
 12663 strings out of 493857
 174031 string characters out of 1153304
 292628 words of memory out of 3000000
 15160 multiletter control sequences out of 15000+50000
 29216 words of font info for 92 fonts, out of 3000000 for 9000
 714 hyphenation exceptions out of 8191
 59i,23n,43p,529b,1037s stack positions out of 5000i,500n,10000p,200000b,50000s
{/usr/share/texmf/fonts/enc/dvips/cm-super/cm-super-t1.enc}</usr/share/texmf-
texlive/fonts/type1/public/amsfonts/cm/cmbsy10.pfb></usr/share/texmf-texlive/fo
nts/type1/public/amsfonts/cmextra/cmbsy8.pfb></usr/share/texmf-texlive/fonts/ty
pe1/public/amsfonts/cm/cmbx10.pfb></usr/share/texmf-texlive/fonts/type1/public/
amsfonts/cm/cmex10.pfb></usr/share/texmf-texlive/fonts/type1/public/amsfonts/cm
extra/cmex7.pfb></usr/share/texmf-texlive/fonts/type1/public/amsfonts/cmextra/c
mex8.pfb></usr/share/texmf-texlive/fonts/type1/public/amsfonts/cm/cmmi10.pfb></
usr/share/texmf-texlive/fonts/type1/public/amsfonts/cm/cmmi12.pfb></usr/share/t
exmf-texlive/fonts/type1/public/amsfonts/cm/cmmi5.pfb></usr/share/texmf-texlive
/fonts/type1/public/amsfonts/cm/cmmi6.pfb></usr/share/texmf-texlive/fonts/type1
/public/amsfonts/cm/cmmi8.pfb></usr/share/texmf-texlive/fonts/type1/public/amsf
onts/cm/cmmib10.pfb></usr/share/texmf-texlive/fonts/type1/public/amsfonts/cmext
ra/cmmib8.pfb></usr/share/texmf-texlive/fonts/type1/public/amsfonts/cm/cmr10.pf
b></usr/share/texmf-texlive/fonts/type1/public/amsfonts/cm/cmr12.pfb></usr/shar
e/texmf-texlive/fonts/type1/public/amsfonts/cm/cmr5.pfb></usr/share/texmf-texli
ve/fonts/type1/public/amsfonts/cm/cmr6.pfb></usr/share/texmf-texlive/fonts/type
1/public/amsfonts/cm/cmr8.pfb></usr/share/texmf-texlive/fonts/type1/public/amsf
onts/cm/cmsy10.pfb></usr/share/texmf-texlive/fonts/type1/public/amsfonts/cm/cms
y5.pfb></usr/share/texmf-texlive/fonts/type1/public/amsfonts/cm/cmsy6.pfb></usr
/share/texmf-texlive/fonts/type1/public/amsfonts/cm/cmsy8.pfb></usr/share/texmf
-texlive/fonts/type1/public/amsfonts/symbols/msam10.pfb></usr/share/texmf-texli
ve/fonts/type1/public/amsfonts/symbols/msbm10.pfb></usr/share/texmf/fonts/type1
/public/cm-super/sfbx1095.pfb></usr/share/texmf/fonts/type1/public/cm-super/sfr
m0600.pfb></usr/share/texmf/fonts/type1/public/cm-super/sfrm0800.pfb></usr/shar
e/texmf/fonts/type1/public/cm-super/sfrm1095.pfb></usr/share/texmf/fonts/type1/
public/cm-super/sfrm1440.pfb></usr/share/texmf/fonts/type1/public/cm-super/sfsl
1095.pfb></usr/share/texmf/fonts/type1/public/cm-super/sfsx1095.pfb></usr/share
/texmf/fonts/type1/public/cm-super/sfsx1200.pfb></usr/share/texmf/fonts/type1/p
ublic/cm-super/sfsx1440.pfb></usr/share/texmf/fonts/type1/public/cm-super/sfsx2
074.pfb></usr/share/texmf/fonts/type1/public/cm-super/sfti1095.pfb></usr/share/
texmf/fonts/type1/public/cm-super/sftt1095.pfb></usr/share/texmf/fonts/type1/pu
blic/cm-super/sftt1440.pfb></usr/share/texmf-texlive/fonts/type1/public/wasy/wa
sy10.pfb>
Output written on ZTheo.pdf (91 pages, 1033639 bytes).
PDF statistics:
 1269 PDF objects out of 1440 (max. 8388607)
 522 named destinations out of 1000 (max. 500000)
 345 words of extra memory for PDF output out of 10000 (max. 10000000)

