
Running /usr/bin/pdflatex ZTheo.tex in an env with 4 entries:
This is pdfTeX, Version 3.1415926-1.40.10 (TeX Live 2009/Debian)
entering extended mode
(data/ZTheo.tex
LaTeX2e <2009/09/24>
Babel <v3.8l> and hyphenation patterns for english, usenglishmax, dumylang, noh
yphenation, farsi, arabic, croatian, bulgarian, ukrainian, russian, czech, slov
ak, danish, dutch, finnish, french, basque, ngerman, german, german-x-2009-06-1
9, ngerman-x-2009-06-19, ibycus, monogreek, greek, ancientgreek, hungarian, san
skrit, italian, latin, latvian, lithuanian, mongolian2a, mongolian, bokmal, nyn
orsk, romanian, irish, coptic, serbian, turkish, welsh, esperanto, uppersorbian
, estonian, indonesian, interlingua, icelandic, kurmanji, slovenian, polish, po
rtuguese, spanish, galician, catalan, swedish, ukenglish, loaded.
(/usr/share/texmf-texlive/tex/latex/koma-script/scrbook.cls
Document Class: scrbook 2009/07/24 v3.04a KOMA-Script document class (book)
(/usr/share/texmf-texlive/tex/latex/koma-script/scrkbase.sty
(/usr/share/texmf-texlive/tex/latex/koma-script/scrbase.sty
(/usr/share/texmf-texlive/tex/latex/graphics/keyval.sty)
(/usr/share/texmf-texlive/tex/latex/koma-script/scrlfile.sty
Package scrlfile, 2009/03/25 v3.03 KOMA-Script package (loading files)
                  Copyright (C) Markus Kohm

))) (/usr/share/texmf-texlive/tex/latex/koma-script/tocbasic.sty)
(/usr/share/texmf-texlive/tex/latex/koma-script/scrsize11pt.clo)
(/usr/share/texmf-texlive/tex/latex/koma-script/typearea.sty
Package typearea, 2009/07/24 v3.04a KOMA-Script package (type area)
                  Copyright (C) Frank Neukam, 1992-1994
                  Copyright (C) Markus Kohm, 1994-

)) (data/ztheo.sty (data/mathe.sty (data/latexki.sty)
(/usr/share/texmf-texlive/tex/latex/base/inputenc.sty
(/usr/share/texmf-texlive/tex/latex/base/utf8.def
(/usr/share/texmf-texlive/tex/latex/base/t1enc.dfu)
(/usr/share/texmf-texlive/tex/latex/base/ot1enc.dfu)
(/usr/share/texmf-texlive/tex/latex/base/omsenc.dfu)))
(/usr/share/texmf-texlive/tex/generic/babel/babel.sty
(/usr/share/texmf-texlive/tex/generic/babel/ngermanb.ldf
(/usr/share/texmf-texlive/tex/generic/babel/babel.def)))
(/usr/share/texmf-texlive/tex/latex/base/fontenc.sty
(/usr/share/texmf-texlive/tex/latex/base/t1enc.def))
(/usr/share/texmf-texlive/tex/latex/amsfonts/amsfonts.sty)
(/usr/share/texmf-texlive/tex/latex/amsfonts/amssymb.sty)
(/usr/share/texmf-texlive/tex/latex/amsmath/amsmath.sty
For additional information on amsmath, use the `?' option.
(/usr/share/texmf-texlive/tex/latex/amsmath/amstext.sty
(/usr/share/texmf-texlive/tex/latex/amsmath/amsgen.sty))
(/usr/share/texmf-texlive/tex/latex/amsmath/amsbsy.sty)
(/usr/share/texmf-texlive/tex/latex/amsmath/amsopn.sty))
(/usr/share/texmf-texlive/tex/latex/stmaryrd/stmaryrd.sty)
(/usr/share/texmf-texlive/tex/latex/tools/verbatim.sty)
(/usr/share/texmf-texlive/tex/latex/base/ifthen.sty)
(/usr/share/texmf-texlive/tex/latex/ntheorem/ntheorem.sty
Style `ntheorem', Version 1.25 <2005/07/07>
) (/usr/share/texmf-texlive/tex/latex/ltxmisc/framed.sty)
(/usr/share/texmf-texlive/tex/latex/pstricks/pstricks.sty
(/usr/share/texmf-texlive/tex/generic/pstricks/pstricks.tex
`PSTricks' v1.29  <2009/05/19> (tvz)
(/usr/share/texmf-texlive/tex/generic/pstricks/pstricks.con))
(/usr/share/texmf/tex/latex/xcolor/xcolor.sty
(/etc/texmf/tex/latex/config/color.cfg)
(/usr/share/texmf-texlive/tex/latex/pdftex-def/pdftex.def)))
(/usr/share/texmf-texlive/tex/latex/carlisle/slashed.sty)
(/usr/share/texmf-texlive/tex/latex/base/makeidx.sty)
(/usr/share/texmf-texlive/tex/latex/wasysym/wasysym.sty)
(/usr/share/texmf-texlive/tex/latex/jknapltx/mathrsfs.sty)
(/usr/share/texmf-texlive/tex/latex/mh/mathtools.sty
(/usr/share/texmf-texlive/tex/latex/tools/calc.sty)
(/usr/share/texmf-texlive/tex/latex/mh/mhsetup.sty))
(/usr/share/texmf-texlive/tex/latex/doublestroke/dsfont.sty)
(/usr/share/texmf-texlive/tex/latex/hyperref/hyperref.sty
(/usr/share/texmf-texlive/tex/generic/oberdiek/ifpdf.sty)
(/usr/share/texmf-texlive/tex/generic/oberdiek/ifvtex.sty)
(/usr/share/texmf-texlive/tex/generic/ifxetex/ifxetex.sty)
(/usr/share/texmf-texlive/tex/latex/oberdiek/hycolor.sty
(/usr/share/texmf-texlive/tex/latex/oberdiek/xcolor-patch.sty))
(/usr/share/texmf-texlive/tex/latex/hyperref/pd1enc.def)
(/usr/share/texmf-texlive/tex/generic/oberdiek/etexcmds.sty
(/usr/share/texmf-texlive/tex/generic/oberdiek/infwarerr.sty))
(/usr/share/texmf-texlive/tex/latex/latexconfig/hyperref.cfg)
(/usr/share/texmf-texlive/tex/latex/oberdiek/kvoptions.sty
(/usr/share/texmf-texlive/tex/generic/oberdiek/kvsetkeys.sty))
Implicit mode ON; LaTeX internals redefined
(/usr/share/texmf-texlive/tex/latex/ltxmisc/url.sty)
(/usr/share/texmf-texlive/tex/generic/oberdiek/bitset.sty
(/usr/share/texmf-texlive/tex/generic/oberdiek/intcalc.sty)
(/usr/share/texmf-texlive/tex/generic/oberdiek/bigintcalc.sty
(/usr/share/texmf-texlive/tex/generic/oberdiek/pdftexcmds.sty
(/usr/share/texmf-texlive/tex/generic/oberdiek/ifluatex.sty)
(/usr/share/texmf-texlive/tex/generic/oberdiek/ltxcmds.sty))))
(/usr/share/texmf-texlive/tex/generic/oberdiek/atbegshi.sty))
*hyperref using default driver hpdftex*
(/usr/share/texmf-texlive/tex/latex/hyperref/hpdftex.def)
(/usr/share/texmf-texlive/tex/latex/etex-pkg/etex.sty))
(data/saetze-schmoeger.sty)
(/usr/share/texmf-texlive/tex/latex/listings/listings.sty
(/usr/share/texmf-texlive/tex/latex/listings/lstmisc.sty)
(/usr/share/texmf-texlive/tex/latex/listings/listings.cfg)))
(/usr/share/texmf-texlive/tex/latex/tools/enumerate.sty)
Writing index file ZTheo.idx
No file ZTheo.aux.
(/usr/share/texmf-texlive/tex/context/base/supp-pdf.mkii
[Loading MPS to PDF converter (version 2006.09.02).]
) (/usr/share/texmf-texlive/tex/latex/hyperref/nameref.sty
(/usr/share/texmf-texlive/tex/latex/oberdiek/refcount.sty))
(/usr/share/texmf-texlive/tex/latex/base/t1cmss.fd)
(/usr/share/texmf-texlive/tex/latex/amsfonts/umsa.fd)
(/usr/share/texmf-texlive/tex/latex/amsfonts/umsb.fd)
(/usr/share/texmf-texlive/tex/latex/stmaryrd/Ustmry.fd)
(/usr/share/texmf-texlive/tex/latex/wasysym/uwasy.fd)
(/usr/share/texmf-texlive/tex/latex/jknapltx/ursfs.fd)
(/usr/share/texmf-texlive/tex/latex/base/t1cmtt.fd) [1
Non-PDF special ignored!
Non-PDF special ignored!
Non-PDF special ignored!{/var/lib/texmf/fonts/map/pdftex/updmap/pdftex.map}]
[2]

Package hyperref Warning: No destination for bookmark of \addcontentsline,
(hyperref)                destination is added on input line 29.

[3] [4] (/usr/share/texmf-texlive/tex/latex/base/omscmr.fd) [5] [6]
Kapitel 1.

Class scrbook Warning: \float@addtolists detected!
(scrbook)              You should use the features of package `tocbasic'
(scrbook)              instead of \float@addtolists.
(scrbook)              Support for \float@addtolists may be removed from
(scrbook)              `scrbook' soon .

[7] [8] [9]
Underfull \hbox (badness 10000) in paragraph at lines 199--203

[10] [11]
Underfull \hbox (badness 10000) in paragraph at lines 365--366

[12] [13] [14] [15]
Underfull \hbox (badness 10000) in paragraph at lines 579--585


LaTeX Warning: Reference `lemma1' on page 16 undefined on input line 602.

[16]

LaTeX Warning: Reference `lemma2' on page 17 undefined on input line 614.

[17] [18]
Kapitel 2.

Underfull \hbox (badness 10000) in paragraph at lines 664--665

[19] [20] [21]

LaTeX Warning: Reference `eq:2.3Stern' on page 22 undefined on input line 851.

[22]

LaTeX Warning: Reference `Vorl.11.5.Stern1' on page 23 undefined on input line 
910.


Underfull \vbox (badness 3291) has occurred while \output is active [23]
[24]

LaTeX Warning: Reference `eq:Teilersumme' on page 25 undefined on input line 10
05.


LaTeX Warning: Reference `Vorl.11.5.Stern2' on page 25 undefined on input line 
1020.

[25] [26] [27] [28]
Kapitel 3.

LaTeX Font Warning: Font shape `U/stmry/b/n' undefined
(Font)              using `U/stmry/m/n' instead on input line 1125.


LaTeX Font Warning: Font shape `U/wasy/b/n' in size <8> not available
(Font)              Font shape `U/wasy/m/n' tried instead on input line 1125.


LaTeX Font Warning: Font shape `U/wasy/b/n' in size <6> not available
(Font)              Font shape `U/wasy/m/n' tried instead on input line 1125.

[29] [30]

LaTeX Warning: Reference `satz:LinKom' on page 31 undefined on input line 1231.



Underfull \hbox (badness 10000) in paragraph at lines 1272--1275

[31]
Overfull \hbox (32.1999pt too wide) in paragraph at lines 1308--1309
[]\T1/cmr/m/n/10.95 Ist $\OML/cmm/m/it/10.95 n \OT1/cmr/m/n/10.95 = []\OML/cmm/
m/it/10.95 f$\T1/cmr/m/n/10.95 , so ist $[][]$ ein $\OML/cmm/m/it/10.95 K$\T1/c
mr/m/n/10.95 -Vektorraum der Di-men-si-on $\OML/cmm/m/it/10.95 n$ \T1/cmr/m/n/1
0.95 (Ba-sis z.B.: $\OT1/cmr/m/n/10.95 1\OML/cmm/m/it/10.95 ; X; X[]; :::; X[]$
\T1/cmr/m/n/10.95 ) 
[32] [33] [34] [35] [36]
Overfull \hbox (22.03636pt too wide) in paragraph at lines 1573--1578
[]$\OML/cmm/m/it/10.95 []; [] ; []$ \T1/cmr/m/n/10.95 sei-en $\OML/cmm/m/it/1
0.95 l$ \T1/cmr/m/n/10.95 Null-stel-len. $\OML/cmm/m/it/10.95 v[]\OT1/cmr/m/n/1
0.95 (\OML/cmm/m/it/10.95 f\OT1/cmr/m/n/10.95 ) \OML/cmm/m/it/10.95 > \OT1/cmr/
m/n/10.95 0  =[]\OMS/cmsy/m/n/10.95 )  [][]\OT1/cmr/m/n/10.95 (\OML/cmm/m/it/10
.95 X \OMS/cmsy/m/n/10.95 ^^@ \OML/cmm/m/it/10.95 []\OT1/cmr/m/n/10.95 ) \OMS/
cmsy/m/n/10.95 j \OML/cmm/m/it/10.95 f$\T1/cmr/m/n/10.95 , we-gen $[]$
[37]
Underfull \vbox (badness 2512) has occurred while \output is active [38]
Overfull \hbox (13.57387pt too wide) in paragraph at lines 1711--1715
[] \T1/cmss/bx/n/10.95 Be-zeich-nun-gen:[][] \T1/cmr/m/n/10.95 Die $\OML/cmm/m/
it/10.95 z[]$ \T1/cmr/m/n/10.95 hei-ÿen $\OML/cmm/m/it/10.95 ^^M$\T1/cmr/m/n/10
.95 -adische Zif-fern und $\OT1/cmr/m/n/10.95 (\OMS/cmsy/m/n/10.95 ^^C\OT1/cmr/
m/n/10.95 )$ \T1/cmr/m/n/10.95 Zif-fern-dar-stel-lung (vorlesungs-spezifisch).

LaTeX Warning: Reference `eq:3.3star' on page 39 undefined on input line 1750.

[39]

LaTeX Warning: Reference `eq:3.3star' on page 40 undefined on input line 1759.


Underfull \vbox (badness 1102) has occurred while \output is active [40]
[41]
Underfull \hbox (badness 10000) in paragraph at lines 1870--1871


LaTeX Warning: Reference `eq:SystemSimultanerKongruenz' on page 42 undefined on
 input line 1872.

[42]
Overfull \hbox (3.08376pt too wide) in paragraph at lines 1982--1986
[]\T1/cmr/m/n/10.95 Voraussetzungen wie im Satz. Die Ein-hei-ten-grup-
[43] [44]

LaTeX Warning: Reference `eq:3.5stern' on page 45 undefined on input line 2107.


[45]

Package hyperref Warning: Token not allowed in a PDF string (PDFDocEncoding):
(hyperref)                removing `math shift' on input line 2128.


Package hyperref Warning: Token not allowed in a PDF string (PDFDocEncoding):
(hyperref)                removing `math shift' on input line 2128.


Overfull \hbox (5.05428pt too wide) in paragraph at lines 2129--2135
$\OML/cmm/m/it/10.95 R$ \T1/cmr/m/n/10.95 eu-kli-disch, $\OML/cmm/m/it/10.95 m 
\OT1/cmr/m/n/10.95 = [][] \OML/cmm/m/it/10.95 p[]$ \T1/cmr/m/n/10.95 Prim-zer-l
e-gung, $\OML/cmm/m/it/10.95 t[] \OMS/cmsy/m/n/10.95 2 \U/msb/m/n/10.95 N[]$\T1
/cmr/m/n/10.95 . Aus dem Chi-ne-si-schen Rest-satz: $\OT1/cmr/m/n/10.95 (\OML/c
mm/m/it/10.95 R=mR\OT1/cmr/m/n/10.95 )[] []

Underfull \hbox (badness 10000) in paragraph at lines 2167--2169


Package amsmath Warning: Foreign command \atopwithdelims;
(amsmath)                \frac or \genfrac should be used instead
(amsmath)                 on input line 2176.


Underfull \hbox (badness 10000) in paragraph at lines 2172--2178

[46]

LaTeX Warning: Reference `lemma:1+p' on page 47 undefined on input line 2207.


LaTeX Warning: Reference `lemma:1+p' on page 47 undefined on input line 2214.


Underfull \hbox (badness 10000) in paragraph at lines 2240--2243


Underfull \hbox (badness 10000) in paragraph at lines 2244--2245

[47]
Underfull \hbox (badness 10000) in paragraph at lines 2246--2256


Underfull \hbox (badness 10000) in paragraph at lines 2257--2272


Overfull \hbox (9.17058pt too wide) in paragraph at lines 2257--2272
[]

Underfull \hbox (badness 10000) in paragraph at lines 2257--2272


Underfull \hbox (badness 10000) in paragraph at lines 2257--2272


Overfull \hbox (7.46458pt too wide) in paragraph at lines 2273--2302
\T1/cmr/m/n/10.95 Leibnitzformel: $[] \OML/cmm/m/it/10.95 A \OT1/cmr/m/n/10.95 
= [][] [](\OML/cmm/m/it/10.95 ^^Y\OT1/cmr/m/n/10.95 ) [][] \OML/cmm/m/it/10.95 
a[]$ \T1/cmr/m/n/10.95 lie-fert Ab-schät-zung $\OMS/cmsy/m/n/10.95 j[]\OML/cmm/
m/it/10.95 A\OMS/cmsy/m/n/10.95 j ^^T \OML/cmm/m/it/10.95 s[] \OMS/cmsy/m/n/10.
95 ^^A \OML/cmm/m/it/10.95 n\OT1/cmr/m/n/10.95 !$ \T1/cmr/m/n/10.95 ($[]$) 
[48]
Kapitel 4.

Package hyperref Warning: Token not allowed in a PDF string (PDFDocEncoding):
(hyperref)                removing `math shift' on input line 2313.


Package hyperref Warning: Token not allowed in a PDF string (PDFDocEncoding):
(hyperref)                removing `math shift' on input line 2313.


Package hyperref Warning: Token not allowed in a PDF string (PDFDocEncoding):
(hyperref)                removing `math shift' on input line 2313.


Package hyperref Warning: Token not allowed in a PDF string (PDFDocEncoding):
(hyperref)                removing `math shift' on input line 2313.

[49] [50] [51] [52] [53]

LaTeX Warning: Reference `satz:Warming' on page 54 undefined on input line 2559
.


Overfull \hbox (30.56473pt too wide) in paragraph at lines 2585--2589
[]\T1/cmr/m/n/10.95 Idee 3: Ver-su-che die lin-ke Sei-te der For-mel zu be-rech
-nen, näm-lich $[][] \OML/cmm/m/it/10.95 g\OT1/cmr/m/n/10.95 (\OML/cmm/m/it/10.
95 x\OT1/cmr/m/n/10.95 )$\T1/cmr/m/n/10.95 , $[]$.
[54]
Underfull \hbox (badness 10000) in paragraph at lines 2594--2600


LaTeX Warning: Reference `lemma:BeweisWarmingLemma2' on page 55 undefined on in
put line 2629.


LaTeX Warning: Reference `lemma:BeweisWarmingLemma3' on page 55 undefined on in
put line 2635.


Overfull \hbox (15.30513pt too wide) in paragraph at lines 2635--2638
\T1/cmr/m/n/10.95 Wende das Lem-ma [] an auf $\OML/cmm/m/it/10.95 g \OT1/cmr/m/
n/10.95 = \OML/cmm/m/it/10.95 F \OT1/cmr/m/n/10.95 = 1 \OMS/cmsy/m/n/10.95 ^^@ 
\OML/cmm/m/it/10.95 f[]$\T1/cmr/m/n/10.95 . $[] \OML/cmm/m/it/10.95 g \OT1/cmr/
m/n/10.95 = (\OML/cmm/m/it/10.95 q \OMS/cmsy/m/n/10.95 ^^@ \OT1/cmr/m/n/10.95 1
) []  =[]\OMS/cmsy/m/n/10.95 )  []$\T1/cmr/m/n/10.95 ,
[55] [56]
Kapitel 5.

Underfull \hbox (badness 10000) in paragraph at lines 2650--2656

[57]
Overfull \hbox (0.49303pt too wide) in paragraph at lines 2711--2715
[]$\OML/cmm/m/it/10.95 k \OMS/cmsy/m/n/10.95 2 \U/msb/m/n/10.95 Z$ \T1/cmr/m/n/
10.95 heiÿt $\OML/cmm/m/it/10.95 l$\T1/cmr/m/n/10.95 -ter \T1/cmr/m/it/10.95 Po
-tenz-rest $[]  \OML/cmm/m/it/10.95 m;  m \OMS/cmsy/m/n/10.95 2 \U/msb/m/n/10.9
5 N[]  \OMS/cmsy/m/n/10.95 ([])  \OML/cmm/m/it/10.95 k \OMS/cmsy/m/n/10.95 2 \O
T1/cmr/m/n/10.95 ((\U/msb/m/n/10.95 Z\OML/cmm/m/it/10.95 =m\U/msb/m/n/10.95 Z\O
T1/cmr/m/n/10.95 )[])[]$ $ \OMS/cmsy/m/n/10.95 ([])  []\OT1/cmr/m/n/10.95 (\OML
/cmm/m/it/10.95 m; k\OT1/cmr/m/n/10.95 ) =

LaTeX Warning: Reference `satz:LinKom' on page 58 undefined on input line 2724.



Underfull \hbox (badness 10000) in paragraph at lines 2729--2731

[58]
Underfull \hbox (badness 10000) in paragraph at lines 2758--2759


Overfull \hbox (37.53848pt too wide) in paragraph at lines 2760--2771
[] 
[59]
Underfull \hbox (badness 10000) in paragraph at lines 2828--2830

[60]
Underfull \hbox (badness 10000) in paragraph at lines 2866--2870


Underfull \hbox (badness 10000) in paragraph at lines 2866--2870


Underfull \hbox (badness 10000) in paragraph at lines 2871--2877


Underfull \hbox (badness 10000) in paragraph at lines 2881--2883

[61]
Overfull \hbox (19.20523pt too wide) in paragraph at lines 2889--2907
[] 

Underfull \vbox (badness 10000) has occurred while \output is active [62]

LaTeX Font Warning: Command \tiny invalid in math mode on input line 2938.


LaTeX Font Warning: Command \tiny invalid in math mode on input line 2938.


Underfull \vbox (badness 10000) has occurred while \output is active [63]
[64]

LaTeX Font Warning: Command \scriptsize invalid in math mode on input line 2999
.

[65]

LaTeX Warning: Reference `satz:Jacobisymbol' on page 66 undefined on input line
 3052.

[66]
Kapitel 6.
[67] [68] [69]
Underfull \vbox (badness 10000) has occurred while \output is active [70]
Underfull \hbox (badness 10000) in paragraph at lines 3297--3298


Underfull \hbox (badness 10000) in paragraph at lines 3304--3305


Underfull \hbox (badness 10000) in paragraph at lines 3306--3309

[71]
Overfull \hbox (7.6171pt too wide) in paragraph at lines 3321--3330
\T1/cmr/m/n/10.95 Chiffre $\OML/cmm/m/it/10.95 P[]\OT1/cmr/m/n/10.95 (\OML/cmm/
m/it/10.95 N\OT1/cmr/m/n/10.95 ) := (\OML/cmm/m/it/10.95 N[][]  m[]\OT1/cmr/m/n
/10.95 )$\T1/cmr/m/n/10.95 . Dann theo-re-tisch $\OML/cmm/m/it/10.95 P[]\OT1/cm
r/m/n/10.95 (\OML/cmm/m/it/10.95 N[]\OT1/cmr/m/n/10.95 ) = \OML/cmm/m/it/10.95 
N[]$\T1/cmr/m/n/10.95 , wo-bei $\OML/cmm/m/it/10.95 t[]s[] \OMS/cmsy/m/n/10.95 
^^Q \OT1/cmr/m/n/10.95 1[]  \OML/cmm/m/it/10.95 ^^^\OT1/cmr/m/n/10.95 (\OML/cmm
/m/it/10.95 N\OT1/cmr/m/n/10.95 )$

Overfull \hbox (7.85947pt too wide) in paragraph at lines 3321--3330
\T1/cmr/m/n/10.95 (Eu-ler Funk-ti-on). Hier-mit er-hält $\OML/cmm/m/it/10.95 T$
 \T1/cmr/m/n/10.95 auch noch $\OML/cmm/m/it/10.95 t[]$\T1/cmr/m/n/10.95 . $\OML
/cmm/m/it/10.95 t[]$ \T1/cmr/m/n/10.95 ist nur be-re-chen-bar, wenn $\OML/cmm/m
/it/10.95 ^^^\OT1/cmr/m/n/10.95 (\OML/cmm/m/it/10.95 m\OT1/cmr/m/n/10.95 ) = \O
ML/cmm/m/it/10.95 m [][]\OT1/cmr/m/n/10.95 (1 \OMS/cmsy/m/n/10.95 ^^@
[72]
Kapitel 7.
[73]
Underfull \hbox (badness 10000) in paragraph at lines 3379--3384


Underfull \hbox (badness 10000) in paragraph at lines 3384--3391


Underfull \vbox (badness 10000) has occurred while \output is active [74]
Overfull \hbox (56.18695pt too wide) in paragraph at lines 3413--3414
[]\T1/cmr/m/n/10.95 Eine Ma-trix $\OML/cmm/m/it/10.95 B \OMS/cmsy/m/n/10.95 2 \
OML/cmm/m/it/10.95 R[]$ \T1/cmr/m/n/10.95 hei-ÿe in ^^R\T1/cmr/m/it/10.95 Ele-m
entar-tei-ler-form\T1/cmr/m/n/10.95 ^^P $\OMS/cmsy/m/n/10.95 , \OML/cmm/m/it/10
.95 B \OT1/cmr/m/n/10.95 = [](\OML/cmm/m/it/10.95 d[]; :::; d[]; \OT1/cmr/m/n/1
0.95 0\OML/cmm/m/it/10.95 ; :::\OT1/cmr/m/n/10.95 0)\OML/cmm/m/it/10.95 ; d[]; 
:::; d[]$
[75] [76]
Underfull \hbox (badness 10000) in paragraph at lines 3529--3531

[77] [78] [79] [80]
Kapitel 8.
[81] [82] [83] [84] [85]
Underfull \hbox (badness 10000) in paragraph at lines 3881--3883


Overfull \hbox (54.23625pt too wide) in paragraph at lines 3884--3886
\OT1/cmr/m/n/10.95 (\OMS/cmsy/m/n/10.95 ^^C\OT1/cmr/m/n/10.95 )$ $\OML/cmm/m/it
/10.95 Q\OT1/cmr/m/n/10.95 (\OML/cmm/m/it/10.95 x; y\OT1/cmr/m/n/10.95 ) = \OML
/cmm/m/it/10.95 ax[] \OT1/cmr/m/n/10.95 + \OML/cmm/m/it/10.95 bxy \OT1/cmr/m/n/
10.95 + \OML/cmm/m/it/10.95 cy[] [] ax[] \OMS/cmsy/m/n/10.95 ^^@ j\OML/cmm/m/it
/10.95 bxy\OMS/cmsy/m/n/10.95 j ^^@ \OML/cmm/m/it/10.95 ay[] \OMS/cmsy/m/n/10.9
5 ^^U \OML/cmm/m/it/10.95 a\OT1/cmr/m/n/10.95 (\OMS/cmsy/m/n/10.95 j\OML/cmm/m/
it/10.95 x\OMS/cmsy/m/n/10.95 j ^^@ j\OML/cmm/m/it/10.95 y\OMS/cmsy/m/n/10.95 j
\OT1/cmr/m/n/10.95 )[] + (2\OML/cmm/m/it/10.95 a \OMS/cmsy/m/n/10.95 ^^@ j\OML/
cmm/m/it/10.95 b\OMS/cmsy/m/n/10.95 j\OT1/cmr/m/n/10.95 )\OMS/cmsy/m/n/10.95 j\
OML/cmm/m/it/10.95 xy\OMS/cmsy/m/n/10.95 j ^^U \OML/cmm/m/it/10.95 a\OT1/cmr/m/
n/10.95 ([] []
[86]
Overfull \hbox (30.28088pt too wide) in paragraph at lines 3930--3931
[]\T1/cmr/m/n/10.95 Für $\OT1/cmr/m/n/10.95 ^^A \OML/cmm/m/it/10.95 < \OT1/cmr/
m/n/10.95 0$ \T1/cmr/m/n/10.95 gilt: $\OML/cmm/m/it/10.95 h\OT1/cmr/m/n/10.95 (
^^A) = 1 \OMS/cmsy/m/n/10.95 , \OT1/cmr/m/n/10.95 ^^A \OMS/cmsy/m/n/10.95 2 f^^
@\OT1/cmr/m/n/10.95 3\OML/cmm/m/it/10.95 ; \OMS/cmsy/m/n/10.95 ^^@\OT1/cmr/m/n/
10.95 4\OML/cmm/m/it/10.95 ; \OMS/cmsy/m/n/10.95 ^^@\OT1/cmr/m/n/10.95 7\OML/cm
m/m/it/10.95 ; \OMS/cmsy/m/n/10.95 ^^@\OT1/cmr/m/n/10.95 8\OML/cmm/m/it/10.95 ;
 \OMS/cmsy/m/n/10.95 ^^@\OT1/cmr/m/n/10.95 11\OML/cmm/m/it/10.95 ; \OMS/cmsy/m/
n/10.95 ^^@\OT1/cmr/m/n/10.95 12\OML/cmm/m/it/10.95 ; \OMS/cmsy/m/n/10.95 ^^@\O
T1/cmr/m/n/10.95 16\OML/cmm/m/it/10.95 ; \OMS/cmsy/m/n/10.95 ^^@\OT1/cmr/m/n/10
.95 19\OML/cmm/m/it/10.95 ; \OMS/cmsy/m/n/10.95 ^^@\OT1/cmr/m/n/10.95 27\OML/cm
m/m/it/10.95 ; \OMS/cmsy/m/n/10.95 ^^@\OT1/cmr/m/n/10.95 28\OML/cmm/m/it/10.95 
; \OMS/cmsy/m/n/10.95 ^^@\OT1/cmr/m/n/10.95 43\OML/cmm/m/it/10.95 ; \OMS/cmsy/m
/n/10.95 ^^@\OT1/cmr/m/n/10.95 67\OML/cmm/m/it/10.95 ; \OMS/cmsy/m/n/10.95 ^^@\
OT1/cmr/m/n/10.95 163\OMS/cmsy/m/n/10.95 g$ 
[87]
Overfull \hbox (47.88744pt too wide) in paragraph at lines 3986--3988
[]\T1/cmr/m/n/10.95 Zu $\OML/cmm/m/it/10.95 Q \OT1/cmr/m/n/10.95 = [\OML/cmm/m/
it/10.95 a; b; c\OT1/cmr/m/n/10.95 ]\OMS/cmsy/m/n/10.95 9\OT1/cmr/m/n/10.95 !\O
ML/cmm/m/it/10.95 t \OMS/cmsy/m/n/10.95 2 \U/msb/m/n/10.95 Z$ \T1/cmr/m/n/10.95
 mit $\OML/cmm/m/it/10.95 Q[] \OT1/cmr/m/n/10.95 = [] \OML/cmm/m/it/10.95 :Q$ \
T1/cmr/m/n/10.95 halb-re-du-ziert, denn $\OML/cmm/m/it/10.95 Q[] \OT1/cmr/m/n/1
0.95 = [[]\OML/cmm/m/it/10.95 ; []; ct[] \OMS/cmsy/m/n/10.95 ^^@
[88] [89]
Underfull \hbox (badness 10000) in paragraph at lines 4046--4047


Overfull \hbox (32.24881pt too wide) in paragraph at lines 4048--4049
[]$\OML/cmm/m/it/10.95 U:Q \OT1/cmr/m/n/10.95 = (\OMS/cmsy/m/n/10.95 ^^@\OML/cm
m/m/it/10.95 U\OT1/cmr/m/n/10.95 )\OML/cmm/m/it/10.95 :Q$\T1/cmr/m/n/10.95 , da
 $\OML/cmm/m/it/10.95 U \OT1/cmr/m/n/10.95 = [] \OML/cmm/m/it/10.95 ; \OMS/cmsy
/m/n/10.95 ^^@\OML/cmm/m/it/10.95 U \OT1/cmr/m/n/10.95 = [] \OML/cmm/m/it/10.95
 ; \OT1/cmr/m/n/10.95 1 = []\OML/cmm/m/it/10.95 U \OT1/cmr/m/n/10.95 = \OML/cmm
/m/it/10.95 rv \OMS/cmsy/m/n/10.95 ^^@ \OML/cmm/m/it/10.95 us$\T1/cmr/m/n/10.95
 . $\OML/cmm/m/it/10.95 U[] \OT1/cmr/m/n/10.95 = [] \OML/cmm/m/it/10.95 ; \OMS/
cmsy/m/n/10.95 ^^@\OML/cmm/m/it/10.95 U[] \OT1/cmr/m/n/10.95 =
[90] [91] (./ZTheo.aux)

LaTeX Font Warning: Some font shapes were not available, defaults substituted.


LaTeX Warning: There were undefined references.


LaTeX Warning: Label(s) may have changed. Rerun to get cross-references right.

 )
(see the transcript file for additional information){/usr/share/texmf/fonts/enc
/dvips/cm-super/cm-super-t1.enc}</usr/share/texmf-texlive/fonts/type1/public/am
sfonts/cm/cmbsy10.pfb></usr/share/texmf-texlive/fonts/type1/public/amsfonts/cme
xtra/cmbsy8.pfb></usr/share/texmf-texlive/fonts/type1/public/amsfonts/cm/cmbx10
.pfb></usr/share/texmf-texlive/fonts/type1/public/amsfonts/cm/cmex10.pfb></usr/
share/texmf-texlive/fonts/type1/public/amsfonts/cmextra/cmex7.pfb></usr/share/t
exmf-texlive/fonts/type1/public/amsfonts/cmextra/cmex8.pfb></usr/share/texmf-te
xlive/fonts/type1/public/amsfonts/cm/cmmi10.pfb></usr/share/texmf-texlive/fonts
/type1/public/amsfonts/cm/cmmi12.pfb></usr/share/texmf-texlive/fonts/type1/publ
ic/amsfonts/cm/cmmi5.pfb></usr/share/texmf-texlive/fonts/type1/public/amsfonts/
cm/cmmi6.pfb></usr/share/texmf-texlive/fonts/type1/public/amsfonts/cm/cmmi8.pfb
></usr/share/texmf-texlive/fonts/type1/public/amsfonts/cm/cmmib10.pfb></usr/sha
re/texmf-texlive/fonts/type1/public/amsfonts/cmextra/cmmib8.pfb></usr/share/tex
mf-texlive/fonts/type1/public/amsfonts/cm/cmr10.pfb></usr/share/texmf-texlive/f
onts/type1/public/amsfonts/cm/cmr12.pfb></usr/share/texmf-texlive/fonts/type1/p
ublic/amsfonts/cm/cmr5.pfb></usr/share/texmf-texlive/fonts/type1/public/amsfont
s/cm/cmr6.pfb></usr/share/texmf-texlive/fonts/type1/public/amsfonts/cm/cmr8.pfb
></usr/share/texmf-texlive/fonts/type1/public/amsfonts/cm/cmsy10.pfb></usr/shar
e/texmf-texlive/fonts/type1/public/amsfonts/cm/cmsy5.pfb></usr/share/texmf-texl
ive/fonts/type1/public/amsfonts/cm/cmsy6.pfb></usr/share/texmf-texlive/fonts/ty
pe1/public/amsfonts/cm/cmsy8.pfb></usr/share/texmf-texlive/fonts/type1/public/a
msfonts/symbols/msam10.pfb></usr/share/texmf-texlive/fonts/type1/public/amsfont
s/symbols/msbm10.pfb></usr/share/texmf/fonts/type1/public/cm-super/sfbx0800.pfb
></usr/share/texmf/fonts/type1/public/cm-super/sfbx1095.pfb></usr/share/texmf/f
onts/type1/public/cm-super/sfrm0600.pfb></usr/share/texmf/fonts/type1/public/cm
-super/sfrm0800.pfb></usr/share/texmf/fonts/type1/public/cm-super/sfrm1095.pfb>
</usr/share/texmf/fonts/type1/public/cm-super/sfrm1440.pfb></usr/share/texmf/fo
nts/type1/public/cm-super/sfsl1095.pfb></usr/share/texmf/fonts/type1/public/cm-
super/sfsx1095.pfb></usr/share/texmf/fonts/type1/public/cm-super/sfsx1200.pfb><
/usr/share/texmf/fonts/type1/public/cm-super/sfsx1440.pfb></usr/share/texmf/fon
ts/type1/public/cm-super/sfsx2074.pfb></usr/share/texmf/fonts/type1/public/cm-s
uper/sfti1095.pfb></usr/share/texmf/fonts/type1/public/cm-super/sftt1095.pfb></
usr/share/texmf/fonts/type1/public/cm-super/sftt1440.pfb></usr/share/texmf-texl
ive/fonts/type1/public/wasy/wasy10.pfb>
Output written on ZTheo.pdf (91 pages, 1019405 bytes).
Transcript written on ZTheo.log.
Result: ExitSuccess

Running /usr/bin/pdflatex ZTheo.tex in an env with 4 entries:
This is pdfTeX, Version 3.1415926-1.40.10 (TeX Live 2009/Debian)
entering extended mode
(data/ZTheo.tex
LaTeX2e <2009/09/24>
Babel <v3.8l> and hyphenation patterns for english, usenglishmax, dumylang, noh
yphenation, farsi, arabic, croatian, bulgarian, ukrainian, russian, czech, slov
ak, danish, dutch, finnish, french, basque, ngerman, german, german-x-2009-06-1
9, ngerman-x-2009-06-19, ibycus, monogreek, greek, ancientgreek, hungarian, san
skrit, italian, latin, latvian, lithuanian, mongolian2a, mongolian, bokmal, nyn
orsk, romanian, irish, coptic, serbian, turkish, welsh, esperanto, uppersorbian
, estonian, indonesian, interlingua, icelandic, kurmanji, slovenian, polish, po
rtuguese, spanish, galician, catalan, swedish, ukenglish, loaded.
(/usr/share/texmf-texlive/tex/latex/koma-script/scrbook.cls
Document Class: scrbook 2009/07/24 v3.04a KOMA-Script document class (book)
(/usr/share/texmf-texlive/tex/latex/koma-script/scrkbase.sty
(/usr/share/texmf-texlive/tex/latex/koma-script/scrbase.sty
(/usr/share/texmf-texlive/tex/latex/graphics/keyval.sty)
(/usr/share/texmf-texlive/tex/latex/koma-script/scrlfile.sty
Package scrlfile, 2009/03/25 v3.03 KOMA-Script package (loading files)
                  Copyright (C) Markus Kohm

))) (/usr/share/texmf-texlive/tex/latex/koma-script/tocbasic.sty)
(/usr/share/texmf-texlive/tex/latex/koma-script/scrsize11pt.clo)
(/usr/share/texmf-texlive/tex/latex/koma-script/typearea.sty
Package typearea, 2009/07/24 v3.04a KOMA-Script package (type area)
                  Copyright (C) Frank Neukam, 1992-1994
                  Copyright (C) Markus Kohm, 1994-

)) (data/ztheo.sty (data/mathe.sty (data/latexki.sty)
(/usr/share/texmf-texlive/tex/latex/base/inputenc.sty
(/usr/share/texmf-texlive/tex/latex/base/utf8.def
(/usr/share/texmf-texlive/tex/latex/base/t1enc.dfu)
(/usr/share/texmf-texlive/tex/latex/base/ot1enc.dfu)
(/usr/share/texmf-texlive/tex/latex/base/omsenc.dfu)))
(/usr/share/texmf-texlive/tex/generic/babel/babel.sty
(/usr/share/texmf-texlive/tex/generic/babel/ngermanb.ldf
(/usr/share/texmf-texlive/tex/generic/babel/babel.def)))
(/usr/share/texmf-texlive/tex/latex/base/fontenc.sty
(/usr/share/texmf-texlive/tex/latex/base/t1enc.def))
(/usr/share/texmf-texlive/tex/latex/amsfonts/amsfonts.sty)
(/usr/share/texmf-texlive/tex/latex/amsfonts/amssymb.sty)
(/usr/share/texmf-texlive/tex/latex/amsmath/amsmath.sty
For additional information on amsmath, use the `?' option.
(/usr/share/texmf-texlive/tex/latex/amsmath/amstext.sty
(/usr/share/texmf-texlive/tex/latex/amsmath/amsgen.sty))
(/usr/share/texmf-texlive/tex/latex/amsmath/amsbsy.sty)
(/usr/share/texmf-texlive/tex/latex/amsmath/amsopn.sty))
(/usr/share/texmf-texlive/tex/latex/stmaryrd/stmaryrd.sty)
(/usr/share/texmf-texlive/tex/latex/tools/verbatim.sty)
(/usr/share/texmf-texlive/tex/latex/base/ifthen.sty)
(/usr/share/texmf-texlive/tex/latex/ntheorem/ntheorem.sty
Style `ntheorem', Version 1.25 <2005/07/07>
) (/usr/share/texmf-texlive/tex/latex/ltxmisc/framed.sty)
(/usr/share/texmf-texlive/tex/latex/pstricks/pstricks.sty
(/usr/share/texmf-texlive/tex/generic/pstricks/pstricks.tex
`PSTricks' v1.29  <2009/05/19> (tvz)
(/usr/share/texmf-texlive/tex/generic/pstricks/pstricks.con))
(/usr/share/texmf/tex/latex/xcolor/xcolor.sty
(/etc/texmf/tex/latex/config/color.cfg)
(/usr/share/texmf-texlive/tex/latex/pdftex-def/pdftex.def)))
(/usr/share/texmf-texlive/tex/latex/carlisle/slashed.sty)
(/usr/share/texmf-texlive/tex/latex/base/makeidx.sty)
(/usr/share/texmf-texlive/tex/latex/wasysym/wasysym.sty)
(/usr/share/texmf-texlive/tex/latex/jknapltx/mathrsfs.sty)
(/usr/share/texmf-texlive/tex/latex/mh/mathtools.sty
(/usr/share/texmf-texlive/tex/latex/tools/calc.sty)
(/usr/share/texmf-texlive/tex/latex/mh/mhsetup.sty))
(/usr/share/texmf-texlive/tex/latex/doublestroke/dsfont.sty)
(/usr/share/texmf-texlive/tex/latex/hyperref/hyperref.sty
(/usr/share/texmf-texlive/tex/generic/oberdiek/ifpdf.sty)
(/usr/share/texmf-texlive/tex/generic/oberdiek/ifvtex.sty)
(/usr/share/texmf-texlive/tex/generic/ifxetex/ifxetex.sty)
(/usr/share/texmf-texlive/tex/latex/oberdiek/hycolor.sty
(/usr/share/texmf-texlive/tex/latex/oberdiek/xcolor-patch.sty))
(/usr/share/texmf-texlive/tex/latex/hyperref/pd1enc.def)
(/usr/share/texmf-texlive/tex/generic/oberdiek/etexcmds.sty
(/usr/share/texmf-texlive/tex/generic/oberdiek/infwarerr.sty))
(/usr/share/texmf-texlive/tex/latex/latexconfig/hyperref.cfg)
(/usr/share/texmf-texlive/tex/latex/oberdiek/kvoptions.sty
(/usr/share/texmf-texlive/tex/generic/oberdiek/kvsetkeys.sty))
Implicit mode ON; LaTeX internals redefined
(/usr/share/texmf-texlive/tex/latex/ltxmisc/url.sty)
(/usr/share/texmf-texlive/tex/generic/oberdiek/bitset.sty
(/usr/share/texmf-texlive/tex/generic/oberdiek/intcalc.sty)
(/usr/share/texmf-texlive/tex/generic/oberdiek/bigintcalc.sty
(/usr/share/texmf-texlive/tex/generic/oberdiek/pdftexcmds.sty
(/usr/share/texmf-texlive/tex/generic/oberdiek/ifluatex.sty)
(/usr/share/texmf-texlive/tex/generic/oberdiek/ltxcmds.sty))))
(/usr/share/texmf-texlive/tex/generic/oberdiek/atbegshi.sty))
*hyperref using default driver hpdftex*
(/usr/share/texmf-texlive/tex/latex/hyperref/hpdftex.def)
(/usr/share/texmf-texlive/tex/latex/etex-pkg/etex.sty))
(data/saetze-schmoeger.sty)
(/usr/share/texmf-texlive/tex/latex/listings/listings.sty
(/usr/share/texmf-texlive/tex/latex/listings/lstmisc.sty)
(/usr/share/texmf-texlive/tex/latex/listings/listings.cfg)))
(/usr/share/texmf-texlive/tex/latex/tools/enumerate.sty)
Writing index file ZTheo.idx
(./ZTheo.aux) (/usr/share/texmf-texlive/tex/context/base/supp-pdf.mkii
[Loading MPS to PDF converter (version 2006.09.02).]
) (/usr/share/texmf-texlive/tex/latex/hyperref/nameref.sty
(/usr/share/texmf-texlive/tex/latex/oberdiek/refcount.sty)) (./ZTheo.out)
(./ZTheo.out) (/usr/share/texmf-texlive/tex/latex/base/t1cmss.fd)
(/usr/share/texmf-texlive/tex/latex/amsfonts/umsa.fd)
(/usr/share/texmf-texlive/tex/latex/amsfonts/umsb.fd)
(/usr/share/texmf-texlive/tex/latex/stmaryrd/Ustmry.fd)
(/usr/share/texmf-texlive/tex/latex/wasysym/uwasy.fd)
(/usr/share/texmf-texlive/tex/latex/jknapltx/ursfs.fd)
(/usr/share/texmf-texlive/tex/latex/base/t1cmtt.fd) [1
Non-PDF special ignored!
Non-PDF special ignored!
Non-PDF special ignored!{/var/lib/texmf/fonts/map/pdftex/updmap/pdftex.map}]
[2]

Package hyperref Warning: No destination for bookmark of \addcontentsline,
(hyperref)                destination is added on input line 29.

(./ZTheo.toc [3]) [4] (/usr/share/texmf-texlive/tex/latex/base/omscmr.fd)
[5] [6]
Kapitel 1.

Class scrbook Warning: \float@addtolists detected!
(scrbook)              You should use the features of package `tocbasic'
(scrbook)              instead of \float@addtolists.
(scrbook)              Support for \float@addtolists may be removed from
(scrbook)              `scrbook' soon .

[7] [8] [9]
Underfull \hbox (badness 10000) in paragraph at lines 199--203

[10] [11]
Underfull \hbox (badness 10000) in paragraph at lines 365--366

[12] [13] [14] [15]
Underfull \hbox (badness 10000) in paragraph at lines 579--585

[16] [17] [18]
Kapitel 2.

Underfull \hbox (badness 10000) in paragraph at lines 664--665

[19] [20] [21] [22]
Underfull \vbox (badness 3291) has occurred while \output is active [23]
[24] [25] [26] [27] [28]
Kapitel 3.

LaTeX Font Warning: Font shape `U/stmry/b/n' undefined
(Font)              using `U/stmry/m/n' instead on input line 1125.


LaTeX Font Warning: Font shape `U/wasy/b/n' in size <8> not available
(Font)              Font shape `U/wasy/m/n' tried instead on input line 1125.


LaTeX Font Warning: Font shape `U/wasy/b/n' in size <6> not available
(Font)              Font shape `U/wasy/m/n' tried instead on input line 1125.

[29] [30]
Underfull \hbox (badness 10000) in paragraph at lines 1272--1275

[31]
Overfull \hbox (32.1999pt too wide) in paragraph at lines 1308--1309
[]\T1/cmr/m/n/10.95 Ist $\OML/cmm/m/it/10.95 n \OT1/cmr/m/n/10.95 = []\OML/cmm/
m/it/10.95 f$\T1/cmr/m/n/10.95 , so ist $[][]$ ein $\OML/cmm/m/it/10.95 K$\T1/c
mr/m/n/10.95 -Vektorraum der Di-men-si-on $\OML/cmm/m/it/10.95 n$ \T1/cmr/m/n/1
0.95 (Ba-sis z.B.: $\OT1/cmr/m/n/10.95 1\OML/cmm/m/it/10.95 ; X; X[]; :::; X[]$
\T1/cmr/m/n/10.95 ) 
[32] [33] [34] [35] [36]
Overfull \hbox (22.03636pt too wide) in paragraph at lines 1573--1578
[]$\OML/cmm/m/it/10.95 []; [] ; []$ \T1/cmr/m/n/10.95 sei-en $\OML/cmm/m/it/1
0.95 l$ \T1/cmr/m/n/10.95 Null-stel-len. $\OML/cmm/m/it/10.95 v[]\OT1/cmr/m/n/1
0.95 (\OML/cmm/m/it/10.95 f\OT1/cmr/m/n/10.95 ) \OML/cmm/m/it/10.95 > \OT1/cmr/
m/n/10.95 0  =[]\OMS/cmsy/m/n/10.95 )  [][]\OT1/cmr/m/n/10.95 (\OML/cmm/m/it/10
.95 X \OMS/cmsy/m/n/10.95 ^^@ \OML/cmm/m/it/10.95 []\OT1/cmr/m/n/10.95 ) \OMS/
cmsy/m/n/10.95 j \OML/cmm/m/it/10.95 f$\T1/cmr/m/n/10.95 , we-gen $[]$
[37]
Underfull \vbox (badness 2512) has occurred while \output is active [38]
Overfull \hbox (13.57387pt too wide) in paragraph at lines 1711--1715
[] \T1/cmss/bx/n/10.95 Be-zeich-nun-gen:[][] \T1/cmr/m/n/10.95 Die $\OML/cmm/m/
it/10.95 z[]$ \T1/cmr/m/n/10.95 hei-ÿen $\OML/cmm/m/it/10.95 ^^M$\T1/cmr/m/n/10
.95 -adische Zif-fern und $\OT1/cmr/m/n/10.95 (\OMS/cmsy/m/n/10.95 ^^C\OT1/cmr/
m/n/10.95 )$ \T1/cmr/m/n/10.95 Zif-fern-dar-stel-lung (vorlesungs-spezifisch).
[39]
Underfull \vbox (badness 1102) has occurred while \output is active [40]
[41]
Underfull \hbox (badness 10000) in paragraph at lines 1870--1871

[42]
Overfull \hbox (3.08376pt too wide) in paragraph at lines 1982--1986
[]\T1/cmr/m/n/10.95 Voraussetzungen wie im Satz. Die Ein-hei-ten-grup-
[43] [44] [45]

Package hyperref Warning: Token not allowed in a PDF string (PDFDocEncoding):
(hyperref)                removing `math shift' on input line 2128.


Package hyperref Warning: Token not allowed in a PDF string (PDFDocEncoding):
(hyperref)                removing `math shift' on input line 2128.


Overfull \hbox (5.05428pt too wide) in paragraph at lines 2129--2135
$\OML/cmm/m/it/10.95 R$ \T1/cmr/m/n/10.95 eu-kli-disch, $\OML/cmm/m/it/10.95 m 
\OT1/cmr/m/n/10.95 = [][] \OML/cmm/m/it/10.95 p[]$ \T1/cmr/m/n/10.95 Prim-zer-l
e-gung, $\OML/cmm/m/it/10.95 t[] \OMS/cmsy/m/n/10.95 2 \U/msb/m/n/10.95 N[]$\T1
/cmr/m/n/10.95 . Aus dem Chi-ne-si-schen Rest-satz: $\OT1/cmr/m/n/10.95 (\OML/c
mm/m/it/10.95 R=mR\OT1/cmr/m/n/10.95 )[] []

Underfull \hbox (badness 10000) in paragraph at lines 2167--2169


Package amsmath Warning: Foreign command \atopwithdelims;
(amsmath)                \frac or \genfrac should be used instead
(amsmath)                 on input line 2176.


Underfull \hbox (badness 10000) in paragraph at lines 2172--2178

[46]
Underfull \hbox (badness 10000) in paragraph at lines 2240--2243


Underfull \hbox (badness 10000) in paragraph at lines 2244--2245

[47]
Underfull \hbox (badness 10000) in paragraph at lines 2246--2256


Underfull \hbox (badness 10000) in paragraph at lines 2257--2272


Overfull \hbox (9.17058pt too wide) in paragraph at lines 2257--2272
[]

Underfull \hbox (badness 10000) in paragraph at lines 2257--2272


Underfull \hbox (badness 10000) in paragraph at lines 2257--2272


Overfull \hbox (7.46458pt too wide) in paragraph at lines 2273--2302
\T1/cmr/m/n/10.95 Leibnitzformel: $[] \OML/cmm/m/it/10.95 A \OT1/cmr/m/n/10.95 
= [][] [](\OML/cmm/m/it/10.95 ^^Y\OT1/cmr/m/n/10.95 ) [][] \OML/cmm/m/it/10.95 
a[]$ \T1/cmr/m/n/10.95 lie-fert Ab-schät-zung $\OMS/cmsy/m/n/10.95 j[]\OML/cmm/
m/it/10.95 A\OMS/cmsy/m/n/10.95 j ^^T \OML/cmm/m/it/10.95 s[] \OMS/cmsy/m/n/10.
95 ^^A \OML/cmm/m/it/10.95 n\OT1/cmr/m/n/10.95 !$ \T1/cmr/m/n/10.95 ($[]$) 
[48]
Kapitel 4.

Package hyperref Warning: Token not allowed in a PDF string (PDFDocEncoding):
(hyperref)                removing `math shift' on input line 2313.


Package hyperref Warning: Token not allowed in a PDF string (PDFDocEncoding):
(hyperref)                removing `math shift' on input line 2313.


Package hyperref Warning: Token not allowed in a PDF string (PDFDocEncoding):
(hyperref)                removing `math shift' on input line 2313.


Package hyperref Warning: Token not allowed in a PDF string (PDFDocEncoding):
(hyperref)                removing `math shift' on input line 2313.

[49] [50] [51] [52] [53]

LaTeX Warning: Reference `satz:Warming' on page 54 undefined on input line 2559
.


Overfull \hbox (30.56473pt too wide) in paragraph at lines 2585--2589
[]\T1/cmr/m/n/10.95 Idee 3: Ver-su-che die lin-ke Sei-te der For-mel zu be-rech
-nen, näm-lich $[][] \OML/cmm/m/it/10.95 g\OT1/cmr/m/n/10.95 (\OML/cmm/m/it/10.
95 x\OT1/cmr/m/n/10.95 )$\T1/cmr/m/n/10.95 , $[]$.
[54]
Underfull \hbox (badness 10000) in paragraph at lines 2594--2600

[55] [56]
Kapitel 5.

Underfull \hbox (badness 10000) in paragraph at lines 2650--2656

[57]
Overfull \hbox (0.49303pt too wide) in paragraph at lines 2711--2715
[]$\OML/cmm/m/it/10.95 k \OMS/cmsy/m/n/10.95 2 \U/msb/m/n/10.95 Z$ \T1/cmr/m/n/
10.95 heiÿt $\OML/cmm/m/it/10.95 l$\T1/cmr/m/n/10.95 -ter \T1/cmr/m/it/10.95 Po
-tenz-rest $[]  \OML/cmm/m/it/10.95 m;  m \OMS/cmsy/m/n/10.95 2 \U/msb/m/n/10.9
5 N[]  \OMS/cmsy/m/n/10.95 ([])  \OML/cmm/m/it/10.95 k \OMS/cmsy/m/n/10.95 2 \O
T1/cmr/m/n/10.95 ((\U/msb/m/n/10.95 Z\OML/cmm/m/it/10.95 =m\U/msb/m/n/10.95 Z\O
T1/cmr/m/n/10.95 )[])[]$ $ \OMS/cmsy/m/n/10.95 ([])  []\OT1/cmr/m/n/10.95 (\OML
/cmm/m/it/10.95 m; k\OT1/cmr/m/n/10.95 ) =

Underfull \hbox (badness 10000) in paragraph at lines 2729--2731

[58]
Underfull \hbox (badness 10000) in paragraph at lines 2758--2759


Overfull \hbox (37.53848pt too wide) in paragraph at lines 2760--2771
[] 
[59]
Underfull \hbox (badness 10000) in paragraph at lines 2828--2830

[60]
Underfull \hbox (badness 10000) in paragraph at lines 2866--2870


Underfull \hbox (badness 10000) in paragraph at lines 2866--2870


Underfull \hbox (badness 10000) in paragraph at lines 2871--2877


Underfull \hbox (badness 10000) in paragraph at lines 2881--2883

[61]
Overfull \hbox (19.20523pt too wide) in paragraph at lines 2889--2907
[] 

Underfull \vbox (badness 10000) has occurred while \output is active [62]

LaTeX Font Warning: Command \tiny invalid in math mode on input line 2938.


LaTeX Font Warning: Command \tiny invalid in math mode on input line 2938.


Underfull \vbox (badness 10000) has occurred while \output is active [63]
[64]

LaTeX Font Warning: Command \scriptsize invalid in math mode on input line 2999
.

[65] [66]
Kapitel 6.
[67] [68] [69]
Underfull \vbox (badness 10000) has occurred while \output is active [70]
Underfull \hbox (badness 10000) in paragraph at lines 3297--3298


Underfull \hbox (badness 10000) in paragraph at lines 3304--3305


Underfull \hbox (badness 10000) in paragraph at lines 3306--3309

[71]
Overfull \hbox (7.6171pt too wide) in paragraph at lines 3321--3330
\T1/cmr/m/n/10.95 Chiffre $\OML/cmm/m/it/10.95 P[]\OT1/cmr/m/n/10.95 (\OML/cmm/
m/it/10.95 N\OT1/cmr/m/n/10.95 ) := (\OML/cmm/m/it/10.95 N[][]  m[]\OT1/cmr/m/n
/10.95 )$\T1/cmr/m/n/10.95 . Dann theo-re-tisch $\OML/cmm/m/it/10.95 P[]\OT1/cm
r/m/n/10.95 (\OML/cmm/m/it/10.95 N[]\OT1/cmr/m/n/10.95 ) = \OML/cmm/m/it/10.95 
N[]$\T1/cmr/m/n/10.95 , wo-bei $\OML/cmm/m/it/10.95 t[]s[] \OMS/cmsy/m/n/10.95 
^^Q \OT1/cmr/m/n/10.95 1[]  \OML/cmm/m/it/10.95 ^^^\OT1/cmr/m/n/10.95 (\OML/cmm
/m/it/10.95 N\OT1/cmr/m/n/10.95 )$

Overfull \hbox (7.85947pt too wide) in paragraph at lines 3321--3330
\T1/cmr/m/n/10.95 (Eu-ler Funk-ti-on). Hier-mit er-hält $\OML/cmm/m/it/10.95 T$
 \T1/cmr/m/n/10.95 auch noch $\OML/cmm/m/it/10.95 t[]$\T1/cmr/m/n/10.95 . $\OML
/cmm/m/it/10.95 t[]$ \T1/cmr/m/n/10.95 ist nur be-re-chen-bar, wenn $\OML/cmm/m
/it/10.95 ^^^\OT1/cmr/m/n/10.95 (\OML/cmm/m/it/10.95 m\OT1/cmr/m/n/10.95 ) = \O
ML/cmm/m/it/10.95 m [][]\OT1/cmr/m/n/10.95 (1 \OMS/cmsy/m/n/10.95 ^^@
[72]
Kapitel 7.
[73]
Underfull \hbox (badness 10000) in paragraph at lines 3379--3384


Underfull \hbox (badness 10000) in paragraph at lines 3384--3391


Underfull \vbox (badness 10000) has occurred while \output is active [74]
Overfull \hbox (56.18695pt too wide) in paragraph at lines 3413--3414
[]\T1/cmr/m/n/10.95 Eine Ma-trix $\OML/cmm/m/it/10.95 B \OMS/cmsy/m/n/10.95 2 \
OML/cmm/m/it/10.95 R[]$ \T1/cmr/m/n/10.95 hei-ÿe in ^^R\T1/cmr/m/it/10.95 Ele-m
entar-tei-ler-form\T1/cmr/m/n/10.95 ^^P $\OMS/cmsy/m/n/10.95 , \OML/cmm/m/it/10
.95 B \OT1/cmr/m/n/10.95 = [](\OML/cmm/m/it/10.95 d[]; :::; d[]; \OT1/cmr/m/n/1
0.95 0\OML/cmm/m/it/10.95 ; :::\OT1/cmr/m/n/10.95 0)\OML/cmm/m/it/10.95 ; d[]; 
:::; d[]$
[75] [76]
Underfull \hbox (badness 10000) in paragraph at lines 3529--3531

[77] [78] [79] [80]
Kapitel 8.
[81] [82] [83] [84] [85]
Underfull \hbox (badness 10000) in paragraph at lines 3881--3883


Overfull \hbox (54.23625pt too wide) in paragraph at lines 3884--3886
\OT1/cmr/m/n/10.95 (\OMS/cmsy/m/n/10.95 ^^C\OT1/cmr/m/n/10.95 )$ $\OML/cmm/m/it
/10.95 Q\OT1/cmr/m/n/10.95 (\OML/cmm/m/it/10.95 x; y\OT1/cmr/m/n/10.95 ) = \OML
/cmm/m/it/10.95 ax[] \OT1/cmr/m/n/10.95 + \OML/cmm/m/it/10.95 bxy \OT1/cmr/m/n/
10.95 + \OML/cmm/m/it/10.95 cy[] [] ax[] \OMS/cmsy/m/n/10.95 ^^@ j\OML/cmm/m/it
/10.95 bxy\OMS/cmsy/m/n/10.95 j ^^@ \OML/cmm/m/it/10.95 ay[] \OMS/cmsy/m/n/10.9
5 ^^U \OML/cmm/m/it/10.95 a\OT1/cmr/m/n/10.95 (\OMS/cmsy/m/n/10.95 j\OML/cmm/m/
it/10.95 x\OMS/cmsy/m/n/10.95 j ^^@ j\OML/cmm/m/it/10.95 y\OMS/cmsy/m/n/10.95 j
\OT1/cmr/m/n/10.95 )[] + (2\OML/cmm/m/it/10.95 a \OMS/cmsy/m/n/10.95 ^^@ j\OML/
cmm/m/it/10.95 b\OMS/cmsy/m/n/10.95 j\OT1/cmr/m/n/10.95 )\OMS/cmsy/m/n/10.95 j\
OML/cmm/m/it/10.95 xy\OMS/cmsy/m/n/10.95 j ^^U \OML/cmm/m/it/10.95 a\OT1/cmr/m/
n/10.95 ([] []
[86]
Overfull \hbox (30.28088pt too wide) in paragraph at lines 3930--3931
[]\T1/cmr/m/n/10.95 Für $\OT1/cmr/m/n/10.95 ^^A \OML/cmm/m/it/10.95 < \OT1/cmr/
m/n/10.95 0$ \T1/cmr/m/n/10.95 gilt: $\OML/cmm/m/it/10.95 h\OT1/cmr/m/n/10.95 (
^^A) = 1 \OMS/cmsy/m/n/10.95 , \OT1/cmr/m/n/10.95 ^^A \OMS/cmsy/m/n/10.95 2 f^^
@\OT1/cmr/m/n/10.95 3\OML/cmm/m/it/10.95 ; \OMS/cmsy/m/n/10.95 ^^@\OT1/cmr/m/n/
10.95 4\OML/cmm/m/it/10.95 ; \OMS/cmsy/m/n/10.95 ^^@\OT1/cmr/m/n/10.95 7\OML/cm
m/m/it/10.95 ; \OMS/cmsy/m/n/10.95 ^^@\OT1/cmr/m/n/10.95 8\OML/cmm/m/it/10.95 ;
 \OMS/cmsy/m/n/10.95 ^^@\OT1/cmr/m/n/10.95 11\OML/cmm/m/it/10.95 ; \OMS/cmsy/m/
n/10.95 ^^@\OT1/cmr/m/n/10.95 12\OML/cmm/m/it/10.95 ; \OMS/cmsy/m/n/10.95 ^^@\O
T1/cmr/m/n/10.95 16\OML/cmm/m/it/10.95 ; \OMS/cmsy/m/n/10.95 ^^@\OT1/cmr/m/n/10
.95 19\OML/cmm/m/it/10.95 ; \OMS/cmsy/m/n/10.95 ^^@\OT1/cmr/m/n/10.95 27\OML/cm
m/m/it/10.95 ; \OMS/cmsy/m/n/10.95 ^^@\OT1/cmr/m/n/10.95 28\OML/cmm/m/it/10.95 
; \OMS/cmsy/m/n/10.95 ^^@\OT1/cmr/m/n/10.95 43\OML/cmm/m/it/10.95 ; \OMS/cmsy/m
/n/10.95 ^^@\OT1/cmr/m/n/10.95 67\OML/cmm/m/it/10.95 ; \OMS/cmsy/m/n/10.95 ^^@\
OT1/cmr/m/n/10.95 163\OMS/cmsy/m/n/10.95 g$ 
[87]
Overfull \hbox (47.88744pt too wide) in paragraph at lines 3986--3988
[]\T1/cmr/m/n/10.95 Zu $\OML/cmm/m/it/10.95 Q \OT1/cmr/m/n/10.95 = [\OML/cmm/m/
it/10.95 a; b; c\OT1/cmr/m/n/10.95 ]\OMS/cmsy/m/n/10.95 9\OT1/cmr/m/n/10.95 !\O
ML/cmm/m/it/10.95 t \OMS/cmsy/m/n/10.95 2 \U/msb/m/n/10.95 Z$ \T1/cmr/m/n/10.95
 mit $\OML/cmm/m/it/10.95 Q[] \OT1/cmr/m/n/10.95 = [] \OML/cmm/m/it/10.95 :Q$ \
T1/cmr/m/n/10.95 halb-re-du-ziert, denn $\OML/cmm/m/it/10.95 Q[] \OT1/cmr/m/n/1
0.95 = [[]\OML/cmm/m/it/10.95 ; []; ct[] \OMS/cmsy/m/n/10.95 ^^@
[88] [89]
Underfull \hbox (badness 10000) in paragraph at lines 4046--4047


Overfull \hbox (32.24881pt too wide) in paragraph at lines 4048--4049
[]$\OML/cmm/m/it/10.95 U:Q \OT1/cmr/m/n/10.95 = (\OMS/cmsy/m/n/10.95 ^^@\OML/cm
m/m/it/10.95 U\OT1/cmr/m/n/10.95 )\OML/cmm/m/it/10.95 :Q$\T1/cmr/m/n/10.95 , da
 $\OML/cmm/m/it/10.95 U \OT1/cmr/m/n/10.95 = [] \OML/cmm/m/it/10.95 ; \OMS/cmsy
/m/n/10.95 ^^@\OML/cmm/m/it/10.95 U \OT1/cmr/m/n/10.95 = [] \OML/cmm/m/it/10.95
 ; \OT1/cmr/m/n/10.95 1 = []\OML/cmm/m/it/10.95 U \OT1/cmr/m/n/10.95 = \OML/cmm
/m/it/10.95 rv \OMS/cmsy/m/n/10.95 ^^@ \OML/cmm/m/it/10.95 us$\T1/cmr/m/n/10.95
 . $\OML/cmm/m/it/10.95 U[] \OT1/cmr/m/n/10.95 = [] \OML/cmm/m/it/10.95 ; \OMS/
cmsy/m/n/10.95 ^^@\OML/cmm/m/it/10.95 U[] \OT1/cmr/m/n/10.95 =
[90] [91] (./ZTheo.aux)

LaTeX Font Warning: Some font shapes were not available, defaults substituted.


LaTeX Warning: There were undefined references.

 )
(see the transcript file for additional information){/usr/share/texmf/fonts/enc
/dvips/cm-super/cm-super-t1.enc}</usr/share/texmf-texlive/fonts/type1/public/am
sfonts/cm/cmbsy10.pfb></usr/share/texmf-texlive/fonts/type1/public/amsfonts/cme
xtra/cmbsy8.pfb></usr/share/texmf-texlive/fonts/type1/public/amsfonts/cm/cmbx10
.pfb></usr/share/texmf-texlive/fonts/type1/public/amsfonts/cm/cmex10.pfb></usr/
share/texmf-texlive/fonts/type1/public/amsfonts/cmextra/cmex7.pfb></usr/share/t
exmf-texlive/fonts/type1/public/amsfonts/cmextra/cmex8.pfb></usr/share/texmf-te
xlive/fonts/type1/public/amsfonts/cm/cmmi10.pfb></usr/share/texmf-texlive/fonts
/type1/public/amsfonts/cm/cmmi12.pfb></usr/share/texmf-texlive/fonts/type1/publ
ic/amsfonts/cm/cmmi5.pfb></usr/share/texmf-texlive/fonts/type1/public/amsfonts/
cm/cmmi6.pfb></usr/share/texmf-texlive/fonts/type1/public/amsfonts/cm/cmmi8.pfb
></usr/share/texmf-texlive/fonts/type1/public/amsfonts/cm/cmmib10.pfb></usr/sha
re/texmf-texlive/fonts/type1/public/amsfonts/cmextra/cmmib8.pfb></usr/share/tex
mf-texlive/fonts/type1/public/amsfonts/cm/cmr10.pfb></usr/share/texmf-texlive/f
onts/type1/public/amsfonts/cm/cmr12.pfb></usr/share/texmf-texlive/fonts/type1/p
ublic/amsfonts/cm/cmr5.pfb></usr/share/texmf-texlive/fonts/type1/public/amsfont
s/cm/cmr6.pfb></usr/share/texmf-texlive/fonts/type1/public/amsfonts/cm/cmr8.pfb
></usr/share/texmf-texlive/fonts/type1/public/amsfonts/cm/cmsy10.pfb></usr/shar
e/texmf-texlive/fonts/type1/public/amsfonts/cm/cmsy5.pfb></usr/share/texmf-texl
ive/fonts/type1/public/amsfonts/cm/cmsy6.pfb></usr/share/texmf-texlive/fonts/ty
pe1/public/amsfonts/cm/cmsy8.pfb></usr/share/texmf-texlive/fonts/type1/public/a
msfonts/symbols/msam10.pfb></usr/share/texmf-texlive/fonts/type1/public/amsfont
s/symbols/msbm10.pfb></usr/share/texmf/fonts/type1/public/cm-super/sfbx1095.pfb
></usr/share/texmf/fonts/type1/public/cm-super/sfrm0600.pfb></usr/share/texmf/f
onts/type1/public/cm-super/sfrm0800.pfb></usr/share/texmf/fonts/type1/public/cm
-super/sfrm1095.pfb></usr/share/texmf/fonts/type1/public/cm-super/sfrm1440.pfb>
</usr/share/texmf/fonts/type1/public/cm-super/sfsl1095.pfb></usr/share/texmf/fo
nts/type1/public/cm-super/sfsx1095.pfb></usr/share/texmf/fonts/type1/public/cm-
super/sfsx1200.pfb></usr/share/texmf/fonts/type1/public/cm-super/sfsx1440.pfb><
/usr/share/texmf/fonts/type1/public/cm-super/sfsx2074.pfb></usr/share/texmf/fon
ts/type1/public/cm-super/sfti1095.pfb></usr/share/texmf/fonts/type1/public/cm-s
uper/sftt1095.pfb></usr/share/texmf/fonts/type1/public/cm-super/sftt1440.pfb></
usr/share/texmf-texlive/fonts/type1/public/wasy/wasy10.pfb>
Output written on ZTheo.pdf (91 pages, 1033639 bytes).
Transcript written on ZTheo.log.
Result: ExitSuccess

Running /usr/bin/pdflatex ZTheo.tex in an env with 4 entries:
This is pdfTeX, Version 3.1415926-1.40.10 (TeX Live 2009/Debian)
entering extended mode
(data/ZTheo.tex
LaTeX2e <2009/09/24>
Babel <v3.8l> and hyphenation patterns for english, usenglishmax, dumylang, noh
yphenation, farsi, arabic, croatian, bulgarian, ukrainian, russian, czech, slov
ak, danish, dutch, finnish, french, basque, ngerman, german, german-x-2009-06-1
9, ngerman-x-2009-06-19, ibycus, monogreek, greek, ancientgreek, hungarian, san
skrit, italian, latin, latvian, lithuanian, mongolian2a, mongolian, bokmal, nyn
orsk, romanian, irish, coptic, serbian, turkish, welsh, esperanto, uppersorbian
, estonian, indonesian, interlingua, icelandic, kurmanji, slovenian, polish, po
rtuguese, spanish, galician, catalan, swedish, ukenglish, loaded.
(/usr/share/texmf-texlive/tex/latex/koma-script/scrbook.cls
Document Class: scrbook 2009/07/24 v3.04a KOMA-Script document class (book)
(/usr/share/texmf-texlive/tex/latex/koma-script/scrkbase.sty
(/usr/share/texmf-texlive/tex/latex/koma-script/scrbase.sty
(/usr/share/texmf-texlive/tex/latex/graphics/keyval.sty)
(/usr/share/texmf-texlive/tex/latex/koma-script/scrlfile.sty
Package scrlfile, 2009/03/25 v3.03 KOMA-Script package (loading files)
                  Copyright (C) Markus Kohm

))) (/usr/share/texmf-texlive/tex/latex/koma-script/tocbasic.sty)
(/usr/share/texmf-texlive/tex/latex/koma-script/scrsize11pt.clo)
(/usr/share/texmf-texlive/tex/latex/koma-script/typearea.sty
Package typearea, 2009/07/24 v3.04a KOMA-Script package (type area)
                  Copyright (C) Frank Neukam, 1992-1994
                  Copyright (C) Markus Kohm, 1994-

)) (data/ztheo.sty (data/mathe.sty (data/latexki.sty)
(/usr/share/texmf-texlive/tex/latex/base/inputenc.sty
(/usr/share/texmf-texlive/tex/latex/base/utf8.def
(/usr/share/texmf-texlive/tex/latex/base/t1enc.dfu)
(/usr/share/texmf-texlive/tex/latex/base/ot1enc.dfu)
(/usr/share/texmf-texlive/tex/latex/base/omsenc.dfu)))
(/usr/share/texmf-texlive/tex/generic/babel/babel.sty
(/usr/share/texmf-texlive/tex/generic/babel/ngermanb.ldf
(/usr/share/texmf-texlive/tex/generic/babel/babel.def)))
(/usr/share/texmf-texlive/tex/latex/base/fontenc.sty
(/usr/share/texmf-texlive/tex/latex/base/t1enc.def))
(/usr/share/texmf-texlive/tex/latex/amsfonts/amsfonts.sty)
(/usr/share/texmf-texlive/tex/latex/amsfonts/amssymb.sty)
(/usr/share/texmf-texlive/tex/latex/amsmath/amsmath.sty
For additional information on amsmath, use the `?' option.
(/usr/share/texmf-texlive/tex/latex/amsmath/amstext.sty
(/usr/share/texmf-texlive/tex/latex/amsmath/amsgen.sty))
(/usr/share/texmf-texlive/tex/latex/amsmath/amsbsy.sty)
(/usr/share/texmf-texlive/tex/latex/amsmath/amsopn.sty))
(/usr/share/texmf-texlive/tex/latex/stmaryrd/stmaryrd.sty)
(/usr/share/texmf-texlive/tex/latex/tools/verbatim.sty)
(/usr/share/texmf-texlive/tex/latex/base/ifthen.sty)
(/usr/share/texmf-texlive/tex/latex/ntheorem/ntheorem.sty
Style `ntheorem', Version 1.25 <2005/07/07>
) (/usr/share/texmf-texlive/tex/latex/ltxmisc/framed.sty)
(/usr/share/texmf-texlive/tex/latex/pstricks/pstricks.sty
(/usr/share/texmf-texlive/tex/generic/pstricks/pstricks.tex
`PSTricks' v1.29  <2009/05/19> (tvz)
(/usr/share/texmf-texlive/tex/generic/pstricks/pstricks.con))
(/usr/share/texmf/tex/latex/xcolor/xcolor.sty
(/etc/texmf/tex/latex/config/color.cfg)
(/usr/share/texmf-texlive/tex/latex/pdftex-def/pdftex.def)))
(/usr/share/texmf-texlive/tex/latex/carlisle/slashed.sty)
(/usr/share/texmf-texlive/tex/latex/base/makeidx.sty)
(/usr/share/texmf-texlive/tex/latex/wasysym/wasysym.sty)
(/usr/share/texmf-texlive/tex/latex/jknapltx/mathrsfs.sty)
(/usr/share/texmf-texlive/tex/latex/mh/mathtools.sty
(/usr/share/texmf-texlive/tex/latex/tools/calc.sty)
(/usr/share/texmf-texlive/tex/latex/mh/mhsetup.sty))
(/usr/share/texmf-texlive/tex/latex/doublestroke/dsfont.sty)
(/usr/share/texmf-texlive/tex/latex/hyperref/hyperref.sty
(/usr/share/texmf-texlive/tex/generic/oberdiek/ifpdf.sty)
(/usr/share/texmf-texlive/tex/generic/oberdiek/ifvtex.sty)
(/usr/share/texmf-texlive/tex/generic/ifxetex/ifxetex.sty)
(/usr/share/texmf-texlive/tex/latex/oberdiek/hycolor.sty
(/usr/share/texmf-texlive/tex/latex/oberdiek/xcolor-patch.sty))
(/usr/share/texmf-texlive/tex/latex/hyperref/pd1enc.def)
(/usr/share/texmf-texlive/tex/generic/oberdiek/etexcmds.sty
(/usr/share/texmf-texlive/tex/generic/oberdiek/infwarerr.sty))
(/usr/share/texmf-texlive/tex/latex/latexconfig/hyperref.cfg)
(/usr/share/texmf-texlive/tex/latex/oberdiek/kvoptions.sty
(/usr/share/texmf-texlive/tex/generic/oberdiek/kvsetkeys.sty))
Implicit mode ON; LaTeX internals redefined
(/usr/share/texmf-texlive/tex/latex/ltxmisc/url.sty)
(/usr/share/texmf-texlive/tex/generic/oberdiek/bitset.sty
(/usr/share/texmf-texlive/tex/generic/oberdiek/intcalc.sty)
(/usr/share/texmf-texlive/tex/generic/oberdiek/bigintcalc.sty
(/usr/share/texmf-texlive/tex/generic/oberdiek/pdftexcmds.sty
(/usr/share/texmf-texlive/tex/generic/oberdiek/ifluatex.sty)
(/usr/share/texmf-texlive/tex/generic/oberdiek/ltxcmds.sty))))
(/usr/share/texmf-texlive/tex/generic/oberdiek/atbegshi.sty))
*hyperref using default driver hpdftex*
(/usr/share/texmf-texlive/tex/latex/hyperref/hpdftex.def)
(/usr/share/texmf-texlive/tex/latex/etex-pkg/etex.sty))
(data/saetze-schmoeger.sty)
(/usr/share/texmf-texlive/tex/latex/listings/listings.sty
(/usr/share/texmf-texlive/tex/latex/listings/lstmisc.sty)
(/usr/share/texmf-texlive/tex/latex/listings/listings.cfg)))
(/usr/share/texmf-texlive/tex/latex/tools/enumerate.sty)
Writing index file ZTheo.idx
(./ZTheo.aux) (/usr/share/texmf-texlive/tex/context/base/supp-pdf.mkii
[Loading MPS to PDF converter (version 2006.09.02).]
) (/usr/share/texmf-texlive/tex/latex/hyperref/nameref.sty
(/usr/share/texmf-texlive/tex/latex/oberdiek/refcount.sty)) (./ZTheo.out)
(./ZTheo.out) (/usr/share/texmf-texlive/tex/latex/base/t1cmss.fd)
(/usr/share/texmf-texlive/tex/latex/amsfonts/umsa.fd)
(/usr/share/texmf-texlive/tex/latex/amsfonts/umsb.fd)
(/usr/share/texmf-texlive/tex/latex/stmaryrd/Ustmry.fd)
(/usr/share/texmf-texlive/tex/latex/wasysym/uwasy.fd)
(/usr/share/texmf-texlive/tex/latex/jknapltx/ursfs.fd)
(/usr/share/texmf-texlive/tex/latex/base/t1cmtt.fd) [1
Non-PDF special ignored!
Non-PDF special ignored!
Non-PDF special ignored!{/var/lib/texmf/fonts/map/pdftex/updmap/pdftex.map}]
[2]

Package hyperref Warning: No destination for bookmark of \addcontentsline,
(hyperref)                destination is added on input line 29.

(./ZTheo.toc [3]) [4] (/usr/share/texmf-texlive/tex/latex/base/omscmr.fd)
[5] [6]
Kapitel 1.

Class scrbook Warning: \float@addtolists detected!
(scrbook)              You should use the features of package `tocbasic'
(scrbook)              instead of \float@addtolists.
(scrbook)              Support for \float@addtolists may be removed from
(scrbook)              `scrbook' soon .

[7] [8] [9]
Underfull \hbox (badness 10000) in paragraph at lines 199--203

[10] [11]
Underfull \hbox (badness 10000) in paragraph at lines 365--366

[12] [13] [14] [15]
Underfull \hbox (badness 10000) in paragraph at lines 579--585

[16] [17] [18]
Kapitel 2.

Underfull \hbox (badness 10000) in paragraph at lines 664--665

[19] [20] [21] [22]
Underfull \vbox (badness 3291) has occurred while \output is active [23]
[24] [25] [26] [27] [28]
Kapitel 3.

LaTeX Font Warning: Font shape `U/stmry/b/n' undefined
(Font)              using `U/stmry/m/n' instead on input line 1125.


LaTeX Font Warning: Font shape `U/wasy/b/n' in size <8> not available
(Font)              Font shape `U/wasy/m/n' tried instead on input line 1125.


LaTeX Font Warning: Font shape `U/wasy/b/n' in size <6> not available
(Font)              Font shape `U/wasy/m/n' tried instead on input line 1125.

[29] [30]
Underfull \hbox (badness 10000) in paragraph at lines 1272--1275

[31]
Overfull \hbox (32.1999pt too wide) in paragraph at lines 1308--1309
[]\T1/cmr/m/n/10.95 Ist $\OML/cmm/m/it/10.95 n \OT1/cmr/m/n/10.95 = []\OML/cmm/
m/it/10.95 f$\T1/cmr/m/n/10.95 , so ist $[][]$ ein $\OML/cmm/m/it/10.95 K$\T1/c
mr/m/n/10.95 -Vektorraum der Di-men-si-on $\OML/cmm/m/it/10.95 n$ \T1/cmr/m/n/1
0.95 (Ba-sis z.B.: $\OT1/cmr/m/n/10.95 1\OML/cmm/m/it/10.95 ; X; X[]; :::; X[]$
\T1/cmr/m/n/10.95 ) 
[32] [33] [34] [35] [36]
Overfull \hbox (22.03636pt too wide) in paragraph at lines 1573--1578
[]$\OML/cmm/m/it/10.95 []; [] ; []$ \T1/cmr/m/n/10.95 sei-en $\OML/cmm/m/it/1
0.95 l$ \T1/cmr/m/n/10.95 Null-stel-len. $\OML/cmm/m/it/10.95 v[]\OT1/cmr/m/n/1
0.95 (\OML/cmm/m/it/10.95 f\OT1/cmr/m/n/10.95 ) \OML/cmm/m/it/10.95 > \OT1/cmr/
m/n/10.95 0  =[]\OMS/cmsy/m/n/10.95 )  [][]\OT1/cmr/m/n/10.95 (\OML/cmm/m/it/10
.95 X \OMS/cmsy/m/n/10.95 ^^@ \OML/cmm/m/it/10.95 []\OT1/cmr/m/n/10.95 ) \OMS/
cmsy/m/n/10.95 j \OML/cmm/m/it/10.95 f$\T1/cmr/m/n/10.95 , we-gen $[]$
[37]
Underfull \vbox (badness 2512) has occurred while \output is active [38]
Overfull \hbox (13.57387pt too wide) in paragraph at lines 1711--1715
[] \T1/cmss/bx/n/10.95 Be-zeich-nun-gen:[][] \T1/cmr/m/n/10.95 Die $\OML/cmm/m/
it/10.95 z[]$ \T1/cmr/m/n/10.95 hei-ÿen $\OML/cmm/m/it/10.95 ^^M$\T1/cmr/m/n/10
.95 -adische Zif-fern und $\OT1/cmr/m/n/10.95 (\OMS/cmsy/m/n/10.95 ^^C\OT1/cmr/
m/n/10.95 )$ \T1/cmr/m/n/10.95 Zif-fern-dar-stel-lung (vorlesungs-spezifisch).
[39]
Underfull \vbox (badness 1102) has occurred while \output is active [40]
[41]
Underfull \hbox (badness 10000) in paragraph at lines 1870--1871

[42]
Overfull \hbox (3.08376pt too wide) in paragraph at lines 1982--1986
[]\T1/cmr/m/n/10.95 Voraussetzungen wie im Satz. Die Ein-hei-ten-grup-
[43] [44] [45]

Package hyperref Warning: Token not allowed in a PDF string (PDFDocEncoding):
(hyperref)                removing `math shift' on input line 2128.


Package hyperref Warning: Token not allowed in a PDF string (PDFDocEncoding):
(hyperref)                removing `math shift' on input line 2128.


Overfull \hbox (5.05428pt too wide) in paragraph at lines 2129--2135
$\OML/cmm/m/it/10.95 R$ \T1/cmr/m/n/10.95 eu-kli-disch, $\OML/cmm/m/it/10.95 m 
\OT1/cmr/m/n/10.95 = [][] \OML/cmm/m/it/10.95 p[]$ \T1/cmr/m/n/10.95 Prim-zer-l
e-gung, $\OML/cmm/m/it/10.95 t[] \OMS/cmsy/m/n/10.95 2 \U/msb/m/n/10.95 N[]$\T1
/cmr/m/n/10.95 . Aus dem Chi-ne-si-schen Rest-satz: $\OT1/cmr/m/n/10.95 (\OML/c
mm/m/it/10.95 R=mR\OT1/cmr/m/n/10.95 )[] []

Underfull \hbox (badness 10000) in paragraph at lines 2167--2169


Package amsmath Warning: Foreign command \atopwithdelims;
(amsmath)                \frac or \genfrac should be used instead
(amsmath)                 on input line 2176.


Underfull \hbox (badness 10000) in paragraph at lines 2172--2178

[46]
Underfull \hbox (badness 10000) in paragraph at lines 2240--2243


Underfull \hbox (badness 10000) in paragraph at lines 2244--2245

[47]
Underfull \hbox (badness 10000) in paragraph at lines 2246--2256


Underfull \hbox (badness 10000) in paragraph at lines 2257--2272


Overfull \hbox (9.17058pt too wide) in paragraph at lines 2257--2272
[]

Underfull \hbox (badness 10000) in paragraph at lines 2257--2272


Underfull \hbox (badness 10000) in paragraph at lines 2257--2272


Overfull \hbox (7.46458pt too wide) in paragraph at lines 2273--2302
\T1/cmr/m/n/10.95 Leibnitzformel: $[] \OML/cmm/m/it/10.95 A \OT1/cmr/m/n/10.95 
= [][] [](\OML/cmm/m/it/10.95 ^^Y\OT1/cmr/m/n/10.95 ) [][] \OML/cmm/m/it/10.95 
a[]$ \T1/cmr/m/n/10.95 lie-fert Ab-schät-zung $\OMS/cmsy/m/n/10.95 j[]\OML/cmm/
m/it/10.95 A\OMS/cmsy/m/n/10.95 j ^^T \OML/cmm/m/it/10.95 s[] \OMS/cmsy/m/n/10.
95 ^^A \OML/cmm/m/it/10.95 n\OT1/cmr/m/n/10.95 !$ \T1/cmr/m/n/10.95 ($[]$) 
[48]
Kapitel 4.

Package hyperref Warning: Token not allowed in a PDF string (PDFDocEncoding):
(hyperref)                removing `math shift' on input line 2313.


Package hyperref Warning: Token not allowed in a PDF string (PDFDocEncoding):
(hyperref)                removing `math shift' on input line 2313.


Package hyperref Warning: Token not allowed in a PDF string (PDFDocEncoding):
(hyperref)                removing `math shift' on input line 2313.


Package hyperref Warning: Token not allowed in a PDF string (PDFDocEncoding):
(hyperref)                removing `math shift' on input line 2313.

[49] [50] [51] [52] [53]

LaTeX Warning: Reference `satz:Warming' on page 54 undefined on input line 2559
.


Overfull \hbox (30.56473pt too wide) in paragraph at lines 2585--2589
[]\T1/cmr/m/n/10.95 Idee 3: Ver-su-che die lin-ke Sei-te der For-mel zu be-rech
-nen, näm-lich $[][] \OML/cmm/m/it/10.95 g\OT1/cmr/m/n/10.95 (\OML/cmm/m/it/10.
95 x\OT1/cmr/m/n/10.95 )$\T1/cmr/m/n/10.95 , $[]$.
[54]
Underfull \hbox (badness 10000) in paragraph at lines 2594--2600

[55] [56]
Kapitel 5.

Underfull \hbox (badness 10000) in paragraph at lines 2650--2656

[57]
Overfull \hbox (0.49303pt too wide) in paragraph at lines 2711--2715
[]$\OML/cmm/m/it/10.95 k \OMS/cmsy/m/n/10.95 2 \U/msb/m/n/10.95 Z$ \T1/cmr/m/n/
10.95 heiÿt $\OML/cmm/m/it/10.95 l$\T1/cmr/m/n/10.95 -ter \T1/cmr/m/it/10.95 Po
-tenz-rest $[]  \OML/cmm/m/it/10.95 m;  m \OMS/cmsy/m/n/10.95 2 \U/msb/m/n/10.9
5 N[]  \OMS/cmsy/m/n/10.95 ([])  \OML/cmm/m/it/10.95 k \OMS/cmsy/m/n/10.95 2 \O
T1/cmr/m/n/10.95 ((\U/msb/m/n/10.95 Z\OML/cmm/m/it/10.95 =m\U/msb/m/n/10.95 Z\O
T1/cmr/m/n/10.95 )[])[]$ $ \OMS/cmsy/m/n/10.95 ([])  []\OT1/cmr/m/n/10.95 (\OML
/cmm/m/it/10.95 m; k\OT1/cmr/m/n/10.95 ) =

Underfull \hbox (badness 10000) in paragraph at lines 2729--2731

[58]
Underfull \hbox (badness 10000) in paragraph at lines 2758--2759


Overfull \hbox (37.53848pt too wide) in paragraph at lines 2760--2771
[] 
[59]
Underfull \hbox (badness 10000) in paragraph at lines 2828--2830

[60]
Underfull \hbox (badness 10000) in paragraph at lines 2866--2870


Underfull \hbox (badness 10000) in paragraph at lines 2866--2870


Underfull \hbox (badness 10000) in paragraph at lines 2871--2877


Underfull \hbox (badness 10000) in paragraph at lines 2881--2883

[61]
Overfull \hbox (19.20523pt too wide) in paragraph at lines 2889--2907
[] 

Underfull \vbox (badness 10000) has occurred while \output is active [62]

LaTeX Font Warning: Command \tiny invalid in math mode on input line 2938.


LaTeX Font Warning: Command \tiny invalid in math mode on input line 2938.


Underfull \vbox (badness 10000) has occurred while \output is active [63]
[64]

LaTeX Font Warning: Command \scriptsize invalid in math mode on input line 2999
.

[65] [66]
Kapitel 6.
[67] [68] [69]
Underfull \vbox (badness 10000) has occurred while \output is active [70]
Underfull \hbox (badness 10000) in paragraph at lines 3297--3298


Underfull \hbox (badness 10000) in paragraph at lines 3304--3305


Underfull \hbox (badness 10000) in paragraph at lines 3306--3309

[71]
Overfull \hbox (7.6171pt too wide) in paragraph at lines 3321--3330
\T1/cmr/m/n/10.95 Chiffre $\OML/cmm/m/it/10.95 P[]\OT1/cmr/m/n/10.95 (\OML/cmm/
m/it/10.95 N\OT1/cmr/m/n/10.95 ) := (\OML/cmm/m/it/10.95 N[][]  m[]\OT1/cmr/m/n
/10.95 )$\T1/cmr/m/n/10.95 . Dann theo-re-tisch $\OML/cmm/m/it/10.95 P[]\OT1/cm
r/m/n/10.95 (\OML/cmm/m/it/10.95 N[]\OT1/cmr/m/n/10.95 ) = \OML/cmm/m/it/10.95 
N[]$\T1/cmr/m/n/10.95 , wo-bei $\OML/cmm/m/it/10.95 t[]s[] \OMS/cmsy/m/n/10.95 
^^Q \OT1/cmr/m/n/10.95 1[]  \OML/cmm/m/it/10.95 ^^^\OT1/cmr/m/n/10.95 (\OML/cmm
/m/it/10.95 N\OT1/cmr/m/n/10.95 )$

Overfull \hbox (7.85947pt too wide) in paragraph at lines 3321--3330
\T1/cmr/m/n/10.95 (Eu-ler Funk-ti-on). Hier-mit er-hält $\OML/cmm/m/it/10.95 T$
 \T1/cmr/m/n/10.95 auch noch $\OML/cmm/m/it/10.95 t[]$\T1/cmr/m/n/10.95 . $\OML
/cmm/m/it/10.95 t[]$ \T1/cmr/m/n/10.95 ist nur be-re-chen-bar, wenn $\OML/cmm/m
/it/10.95 ^^^\OT1/cmr/m/n/10.95 (\OML/cmm/m/it/10.95 m\OT1/cmr/m/n/10.95 ) = \O
ML/cmm/m/it/10.95 m [][]\OT1/cmr/m/n/10.95 (1 \OMS/cmsy/m/n/10.95 ^^@
[72]
Kapitel 7.
[73]
Underfull \hbox (badness 10000) in paragraph at lines 3379--3384


Underfull \hbox (badness 10000) in paragraph at lines 3384--3391


Underfull \vbox (badness 10000) has occurred while \output is active [74]
Overfull \hbox (56.18695pt too wide) in paragraph at lines 3413--3414
[]\T1/cmr/m/n/10.95 Eine Ma-trix $\OML/cmm/m/it/10.95 B \OMS/cmsy/m/n/10.95 2 \
OML/cmm/m/it/10.95 R[]$ \T1/cmr/m/n/10.95 hei-ÿe in ^^R\T1/cmr/m/it/10.95 Ele-m
entar-tei-ler-form\T1/cmr/m/n/10.95 ^^P $\OMS/cmsy/m/n/10.95 , \OML/cmm/m/it/10
.95 B \OT1/cmr/m/n/10.95 = [](\OML/cmm/m/it/10.95 d[]; :::; d[]; \OT1/cmr/m/n/1
0.95 0\OML/cmm/m/it/10.95 ; :::\OT1/cmr/m/n/10.95 0)\OML/cmm/m/it/10.95 ; d[]; 
:::; d[]$
[75] [76]
Underfull \hbox (badness 10000) in paragraph at lines 3529--3531

[77] [78] [79] [80]
Kapitel 8.
[81] [82] [83] [84] [85]
Underfull \hbox (badness 10000) in paragraph at lines 3881--3883


Overfull \hbox (54.23625pt too wide) in paragraph at lines 3884--3886
\OT1/cmr/m/n/10.95 (\OMS/cmsy/m/n/10.95 ^^C\OT1/cmr/m/n/10.95 )$ $\OML/cmm/m/it
/10.95 Q\OT1/cmr/m/n/10.95 (\OML/cmm/m/it/10.95 x; y\OT1/cmr/m/n/10.95 ) = \OML
/cmm/m/it/10.95 ax[] \OT1/cmr/m/n/10.95 + \OML/cmm/m/it/10.95 bxy \OT1/cmr/m/n/
10.95 + \OML/cmm/m/it/10.95 cy[] [] ax[] \OMS/cmsy/m/n/10.95 ^^@ j\OML/cmm/m/it
/10.95 bxy\OMS/cmsy/m/n/10.95 j ^^@ \OML/cmm/m/it/10.95 ay[] \OMS/cmsy/m/n/10.9
5 ^^U \OML/cmm/m/it/10.95 a\OT1/cmr/m/n/10.95 (\OMS/cmsy/m/n/10.95 j\OML/cmm/m/
it/10.95 x\OMS/cmsy/m/n/10.95 j ^^@ j\OML/cmm/m/it/10.95 y\OMS/cmsy/m/n/10.95 j
\OT1/cmr/m/n/10.95 )[] + (2\OML/cmm/m/it/10.95 a \OMS/cmsy/m/n/10.95 ^^@ j\OML/
cmm/m/it/10.95 b\OMS/cmsy/m/n/10.95 j\OT1/cmr/m/n/10.95 )\OMS/cmsy/m/n/10.95 j\
OML/cmm/m/it/10.95 xy\OMS/cmsy/m/n/10.95 j ^^U \OML/cmm/m/it/10.95 a\OT1/cmr/m/
n/10.95 ([] []
[86]
Overfull \hbox (30.28088pt too wide) in paragraph at lines 3930--3931
[]\T1/cmr/m/n/10.95 Für $\OT1/cmr/m/n/10.95 ^^A \OML/cmm/m/it/10.95 < \OT1/cmr/
m/n/10.95 0$ \T1/cmr/m/n/10.95 gilt: $\OML/cmm/m/it/10.95 h\OT1/cmr/m/n/10.95 (
^^A) = 1 \OMS/cmsy/m/n/10.95 , \OT1/cmr/m/n/10.95 ^^A \OMS/cmsy/m/n/10.95 2 f^^
@\OT1/cmr/m/n/10.95 3\OML/cmm/m/it/10.95 ; \OMS/cmsy/m/n/10.95 ^^@\OT1/cmr/m/n/
10.95 4\OML/cmm/m/it/10.95 ; \OMS/cmsy/m/n/10.95 ^^@\OT1/cmr/m/n/10.95 7\OML/cm
m/m/it/10.95 ; \OMS/cmsy/m/n/10.95 ^^@\OT1/cmr/m/n/10.95 8\OML/cmm/m/it/10.95 ;
 \OMS/cmsy/m/n/10.95 ^^@\OT1/cmr/m/n/10.95 11\OML/cmm/m/it/10.95 ; \OMS/cmsy/m/
n/10.95 ^^@\OT1/cmr/m/n/10.95 12\OML/cmm/m/it/10.95 ; \OMS/cmsy/m/n/10.95 ^^@\O
T1/cmr/m/n/10.95 16\OML/cmm/m/it/10.95 ; \OMS/cmsy/m/n/10.95 ^^@\OT1/cmr/m/n/10
.95 19\OML/cmm/m/it/10.95 ; \OMS/cmsy/m/n/10.95 ^^@\OT1/cmr/m/n/10.95 27\OML/cm
m/m/it/10.95 ; \OMS/cmsy/m/n/10.95 ^^@\OT1/cmr/m/n/10.95 28\OML/cmm/m/it/10.95 
; \OMS/cmsy/m/n/10.95 ^^@\OT1/cmr/m/n/10.95 43\OML/cmm/m/it/10.95 ; \OMS/cmsy/m
/n/10.95 ^^@\OT1/cmr/m/n/10.95 67\OML/cmm/m/it/10.95 ; \OMS/cmsy/m/n/10.95 ^^@\
OT1/cmr/m/n/10.95 163\OMS/cmsy/m/n/10.95 g$ 
[87]
Overfull \hbox (47.88744pt too wide) in paragraph at lines 3986--3988
[]\T1/cmr/m/n/10.95 Zu $\OML/cmm/m/it/10.95 Q \OT1/cmr/m/n/10.95 = [\OML/cmm/m/
it/10.95 a; b; c\OT1/cmr/m/n/10.95 ]\OMS/cmsy/m/n/10.95 9\OT1/cmr/m/n/10.95 !\O
ML/cmm/m/it/10.95 t \OMS/cmsy/m/n/10.95 2 \U/msb/m/n/10.95 Z$ \T1/cmr/m/n/10.95
 mit $\OML/cmm/m/it/10.95 Q[] \OT1/cmr/m/n/10.95 = [] \OML/cmm/m/it/10.95 :Q$ \
T1/cmr/m/n/10.95 halb-re-du-ziert, denn $\OML/cmm/m/it/10.95 Q[] \OT1/cmr/m/n/1
0.95 = [[]\OML/cmm/m/it/10.95 ; []; ct[] \OMS/cmsy/m/n/10.95 ^^@
[88] [89]
Underfull \hbox (badness 10000) in paragraph at lines 4046--4047


Overfull \hbox (32.24881pt too wide) in paragraph at lines 4048--4049
[]$\OML/cmm/m/it/10.95 U:Q \OT1/cmr/m/n/10.95 = (\OMS/cmsy/m/n/10.95 ^^@\OML/cm
m/m/it/10.95 U\OT1/cmr/m/n/10.95 )\OML/cmm/m/it/10.95 :Q$\T1/cmr/m/n/10.95 , da
 $\OML/cmm/m/it/10.95 U \OT1/cmr/m/n/10.95 = [] \OML/cmm/m/it/10.95 ; \OMS/cmsy
/m/n/10.95 ^^@\OML/cmm/m/it/10.95 U \OT1/cmr/m/n/10.95 = [] \OML/cmm/m/it/10.95
 ; \OT1/cmr/m/n/10.95 1 = []\OML/cmm/m/it/10.95 U \OT1/cmr/m/n/10.95 = \OML/cmm
/m/it/10.95 rv \OMS/cmsy/m/n/10.95 ^^@ \OML/cmm/m/it/10.95 us$\T1/cmr/m/n/10.95
 . $\OML/cmm/m/it/10.95 U[] \OT1/cmr/m/n/10.95 = [] \OML/cmm/m/it/10.95 ; \OMS/
cmsy/m/n/10.95 ^^@\OML/cmm/m/it/10.95 U[] \OT1/cmr/m/n/10.95 =
[90] [91] (./ZTheo.aux)

LaTeX Font Warning: Some font shapes were not available, defaults substituted.


LaTeX Warning: There were undefined references.

 )
(see the transcript file for additional information){/usr/share/texmf/fonts/enc
/dvips/cm-super/cm-super-t1.enc}</usr/share/texmf-texlive/fonts/type1/public/am
sfonts/cm/cmbsy10.pfb></usr/share/texmf-texlive/fonts/type1/public/amsfonts/cme
xtra/cmbsy8.pfb></usr/share/texmf-texlive/fonts/type1/public/amsfonts/cm/cmbx10
.pfb></usr/share/texmf-texlive/fonts/type1/public/amsfonts/cm/cmex10.pfb></usr/
share/texmf-texlive/fonts/type1/public/amsfonts/cmextra/cmex7.pfb></usr/share/t
exmf-texlive/fonts/type1/public/amsfonts/cmextra/cmex8.pfb></usr/share/texmf-te
xlive/fonts/type1/public/amsfonts/cm/cmmi10.pfb></usr/share/texmf-texlive/fonts
/type1/public/amsfonts/cm/cmmi12.pfb></usr/share/texmf-texlive/fonts/type1/publ
ic/amsfonts/cm/cmmi5.pfb></usr/share/texmf-texlive/fonts/type1/public/amsfonts/
cm/cmmi6.pfb></usr/share/texmf-texlive/fonts/type1/public/amsfonts/cm/cmmi8.pfb
></usr/share/texmf-texlive/fonts/type1/public/amsfonts/cm/cmmib10.pfb></usr/sha
re/texmf-texlive/fonts/type1/public/amsfonts/cmextra/cmmib8.pfb></usr/share/tex
mf-texlive/fonts/type1/public/amsfonts/cm/cmr10.pfb></usr/share/texmf-texlive/f
onts/type1/public/amsfonts/cm/cmr12.pfb></usr/share/texmf-texlive/fonts/type1/p
ublic/amsfonts/cm/cmr5.pfb></usr/share/texmf-texlive/fonts/type1/public/amsfont
s/cm/cmr6.pfb></usr/share/texmf-texlive/fonts/type1/public/amsfonts/cm/cmr8.pfb
></usr/share/texmf-texlive/fonts/type1/public/amsfonts/cm/cmsy10.pfb></usr/shar
e/texmf-texlive/fonts/type1/public/amsfonts/cm/cmsy5.pfb></usr/share/texmf-texl
ive/fonts/type1/public/amsfonts/cm/cmsy6.pfb></usr/share/texmf-texlive/fonts/ty
pe1/public/amsfonts/cm/cmsy8.pfb></usr/share/texmf-texlive/fonts/type1/public/a
msfonts/symbols/msam10.pfb></usr/share/texmf-texlive/fonts/type1/public/amsfont
s/symbols/msbm10.pfb></usr/share/texmf/fonts/type1/public/cm-super/sfbx1095.pfb
></usr/share/texmf/fonts/type1/public/cm-super/sfrm0600.pfb></usr/share/texmf/f
onts/type1/public/cm-super/sfrm0800.pfb></usr/share/texmf/fonts/type1/public/cm
-super/sfrm1095.pfb></usr/share/texmf/fonts/type1/public/cm-super/sfrm1440.pfb>
</usr/share/texmf/fonts/type1/public/cm-super/sfsl1095.pfb></usr/share/texmf/fo
nts/type1/public/cm-super/sfsx1095.pfb></usr/share/texmf/fonts/type1/public/cm-
super/sfsx1200.pfb></usr/share/texmf/fonts/type1/public/cm-super/sfsx1440.pfb><
/usr/share/texmf/fonts/type1/public/cm-super/sfsx2074.pfb></usr/share/texmf/fon
ts/type1/public/cm-super/sfti1095.pfb></usr/share/texmf/fonts/type1/public/cm-s
uper/sftt1095.pfb></usr/share/texmf/fonts/type1/public/cm-super/sftt1440.pfb></
usr/share/texmf-texlive/fonts/type1/public/wasy/wasy10.pfb>
Output written on ZTheo.pdf (91 pages, 1033639 bytes).
Transcript written on ZTheo.log.
Result: ExitSuccess

Running /usr/bin/convert -verbose ZTheo.pdf[0] -resize 70x ZTheo.png in an env with 4 entries:
"gs" -q -dQUIET -dSAFER -dBATCH -dNOPAUSE -dNOPROMPT -dMaxBitmap=500000000 -dAlignToPixels=0 -dGridFitTT=2 "-sDEVICE=pngalpha" -dTextAlphaBits=4 -dGraphicsAlphaBits=4 "-r72x72" -dFirstPage=1 -dLastPage=1 "-sOutputFile=/tmp/magick-kwmPBtBM-%08d" "-f/tmp/magick-oUxQnmh5" "-f/tmp/magick-zMN1vmXn"
/tmp/magick-kwmPBtBM-00000001 PNG 595x842 595x842+0+0 8-bit DirectClass 10.8KB 0.000u 0:00.000
ZTheo.pdf[0]=>ZTheo.pdf PDF 595x842 595x842+0+0 16-bit DirectClass 10.8KB 0.000u 0:00.000
ZTheo.pdf[0]=>ZTheo.png PDF 595x842=>70x99 70x99+0+0 16-bit DirectClass 0.300u 0:00.059
Result: ExitSuccess

Running /usr/bin/optipng -verbose ZTheo.png in an env with 4 entries:
OptiPNG 0.6.4: Advanced PNG optimizer.
Copyright (C) 2001-2010 Cosmin Truta.

** Processing: ZTheo.png
70x99 pixels, 4x16 bits/pixel, RGB+alpha
Input IDAT size = 1232 bytes
Input file size = 3866 bytes

Trying:
  zc = 9  zm = 8  zs = 0  f = 0		IDAT size = 1132
  zc = 9  zm = 8  zs = 1  f = 0		IDAT size = 1129
  zc = 1  zm = 8  zs = 2  f = 0		IDAT too big
  zc = 9  zm = 8  zs = 3  f = 0		IDAT too big
  zc = 9  zm = 8  zs = 0  f = 5		IDAT too big
  zc = 9  zm = 8  zs = 1  f = 5		IDAT too big
  zc = 1  zm = 8  zs = 2  f = 5		IDAT too big
  zc = 9  zm = 8  zs = 3  f = 5		IDAT too big

Selecting parameters:
  zc = 9  zm = 8  zs = 1  f = 0		IDAT size = 1129

Output IDAT size = 1129 bytes (103 bytes decrease)
Output file size = 3763 bytes (103 bytes = 2.66% decrease)

** Status report
1 file(s) have been processed.
Result: ExitSuccess
