
Running /usr/bin/pdflatex Stoch1BachelorZettel.tex in an env with 4 entries:
This is pdfTeX, Version 3.1415926-1.40.10 (TeX Live 2009/Debian)
entering extended mode
(../data/WS10/Stoch1BachelorZettel.tex
LaTeX2e <2009/09/24>
Babel <v3.8l> and hyphenation patterns for english, usenglishmax, dumylang, noh
yphenation, farsi, arabic, croatian, bulgarian, ukrainian, russian, czech, slov
ak, danish, dutch, finnish, french, basque, ngerman, german, german-x-2009-06-1
9, ngerman-x-2009-06-19, ibycus, monogreek, greek, ancientgreek, hungarian, san
skrit, italian, latin, latvian, lithuanian, mongolian2a, mongolian, bokmal, nyn
orsk, romanian, irish, coptic, serbian, turkish, welsh, esperanto, uppersorbian
, estonian, indonesian, interlingua, icelandic, kurmanji, slovenian, polish, po
rtuguese, spanish, galician, catalan, swedish, ukenglish, loaded.
(/usr/share/texmf-texlive/tex/latex/base/article.cls
Document Class: article 2007/10/19 v1.4h Standard LaTeX document class
(/usr/share/texmf-texlive/tex/latex/base/size10.clo))
(/usr/share/texmf-texlive/tex/generic/babel/babel.sty
(/usr/share/texmf-texlive/tex/generic/babel/germanb.ldf
(/usr/share/texmf-texlive/tex/generic/babel/babel.def)))
(/usr/share/texmf-texlive/tex/latex/base/inputenc.sty
(/usr/share/texmf-texlive/tex/latex/base/latin1.def))
(/usr/share/texmf-texlive/tex/latex/amsfonts/amsfonts.sty)
(/usr/share/texmf-texlive/tex/latex/amsfonts/amssymb.sty)
(/usr/share/texmf-texlive/tex/latex/amsmath/amsmath.sty
For additional information on amsmath, use the `?' option.
(/usr/share/texmf-texlive/tex/latex/amsmath/amstext.sty
(/usr/share/texmf-texlive/tex/latex/amsmath/amsgen.sty))
(/usr/share/texmf-texlive/tex/latex/amsmath/amsbsy.sty)
(/usr/share/texmf-texlive/tex/latex/amsmath/amsopn.sty))
(/usr/share/texmf-texlive/tex/latex/mh/mathtools.sty
(/usr/share/texmf-texlive/tex/latex/graphics/keyval.sty)
(/usr/share/texmf-texlive/tex/latex/tools/calc.sty)
(/usr/share/texmf-texlive/tex/latex/mh/mhsetup.sty))
(/usr/share/texmf-texlive/tex/latex/graphics/color.sty
(/etc/texmf/tex/latex/config/color.cfg)
(/usr/share/texmf-texlive/tex/latex/pdftex-def/pdftex.def))
(/usr/share/texmf-texlive/tex/latex/doublestroke/dsfont.sty)
(/usr/share/texmf-texlive/tex/latex/graphics/graphicx.sty
(/usr/share/texmf-texlive/tex/latex/graphics/graphics.sty
(/usr/share/texmf-texlive/tex/latex/graphics/trig.sty)
(/etc/texmf/tex/latex/config/graphics.cfg)))
(/usr/share/texmf-texlive/tex/latex/hyperref/hyperref.sty
(/usr/share/texmf-texlive/tex/generic/oberdiek/ifpdf.sty)
(/usr/share/texmf-texlive/tex/generic/oberdiek/ifvtex.sty)
(/usr/share/texmf-texlive/tex/generic/ifxetex/ifxetex.sty)
(/usr/share/texmf-texlive/tex/latex/oberdiek/hycolor.sty
(/usr/share/texmf-texlive/tex/latex/oberdiek/xcolor-patch.sty))
(/usr/share/texmf-texlive/tex/latex/hyperref/pd1enc.def)
(/usr/share/texmf-texlive/tex/generic/oberdiek/etexcmds.sty
(/usr/share/texmf-texlive/tex/generic/oberdiek/infwarerr.sty))
(/usr/share/texmf-texlive/tex/latex/latexconfig/hyperref.cfg)
(/usr/share/texmf-texlive/tex/latex/oberdiek/kvoptions.sty
(/usr/share/texmf-texlive/tex/generic/oberdiek/kvsetkeys.sty))
Implicit mode ON; LaTeX internals redefined
(/usr/share/texmf-texlive/tex/latex/ltxmisc/url.sty)
(/usr/share/texmf-texlive/tex/generic/oberdiek/bitset.sty
(/usr/share/texmf-texlive/tex/generic/oberdiek/intcalc.sty)
(/usr/share/texmf-texlive/tex/generic/oberdiek/bigintcalc.sty
(/usr/share/texmf-texlive/tex/generic/oberdiek/pdftexcmds.sty
(/usr/share/texmf-texlive/tex/generic/oberdiek/ifluatex.sty)
(/usr/share/texmf-texlive/tex/generic/oberdiek/ltxcmds.sty))))
(/usr/share/texmf-texlive/tex/generic/oberdiek/atbegshi.sty))
*hyperref using default driver hpdftex*
(/usr/share/texmf-texlive/tex/latex/hyperref/hpdftex.def)
(/usr/share/texmf-texlive/tex/latex/tools/multicol.sty)
(/usr/share/texmf-texlive/tex/latex/svninfo/svninfo.sty
(/usr/share/texmf-texlive/tex/latex/svninfo/svninfo.cfg)
(/usr/share/texmf-texlive/tex/latex/fancyhdr/fancyhdr.sty)
(/usr/share/texmf-texlive/tex/latex/base/ifthen.sty))
(/usr/share/texmf-texlive/tex/latex/geometry/geometry.sty
(/usr/share/texmf-texlive/tex/xelatex/xetexconfig/geometry.cfg))
No file Stoch1BachelorZettel.aux.
(/usr/share/texmf-texlive/tex/context/base/supp-pdf.mkii
[Loading MPS to PDF converter (version 2006.09.02).]
) (/usr/share/texmf-texlive/tex/latex/hyperref/nameref.sty
(/usr/share/texmf-texlive/tex/latex/oberdiek/refcount.sty))
*geometry auto-detecting driver*
*geometry detected driver: pdftex*
(/usr/share/texmf-texlive/tex/latex/amsfonts/umsa.fd)
(/usr/share/texmf-texlive/tex/latex/amsfonts/umsb.fd)
(/usr/share/texmf-texlive/tex/latex/amsfonts/ueuf.fd)
Overfull \hbox (2.30379pt too wide) detected at line 100
\OML/cmm/m/it/7 E\OT1/cmr/m/n/7 (\OML/cmm/m/it/7 X\OMS/cmsy/m/n/7 j\OML/cmm/m/i
t/7 Y \OT1/cmr/m/n/7 = \OML/cmm/m/it/7 y\OT1/cmr/m/n/7 ) = [] \OML/cmm/m/it/7 x
P\OT1/cmr/m/n/7 (\OML/cmm/m/it/7 X \OT1/cmr/m/n/7 = \OML/cmm/m/it/7 x\OMS/cmsy/
m/n/7 j\OML/cmm/m/it/7 Y \OT1/cmr/m/n/7 = \OML/cmm/m/it/7 y\OT1/cmr/m/n/7 )
(/usr/share/texmf-texlive/tex/latex/doublestroke/Udsrom.fd)
Overfull \hbox (1.37137pt too wide) in paragraph at lines 128--128
[]  

Package amsmath Warning: Foreign command \atopwithdelims;
(amsmath)                \frac or \genfrac should be used instead
(amsmath)                 on input line 132.


Overfull \hbox (5.2694pt too wide) detected at line 185
\OML/cmm/m/it/7 l\OT1/cmr/m/n/7 (\OML/cmm/m/it/7 x[] \OT1/cmr/m/n/7 + \OML/cmm/
m/it/7 a; [] ; x[] \OT1/cmr/m/n/7 + \OML/cmm/m/it/7 a\OT1/cmr/m/n/7 ) = \OML/cm
m/m/it/7 l\OT1/cmr/m/n/7 (\OML/cmm/m/it/7 x[]; [] ; x[]\OT1/cmr/m/n/7 ) + \OML/
cmm/m/it/7 a

Overfull \hbox (5.09377pt too wide) in paragraph at lines 217--217
[]  

Overfull \hbox (5.77032pt too wide) detected at line 236
\OML/cmm/m/it/7 E\OT1/cmr/m/n/7 ((\OML/cmm/m/it/7 X \OMS/cmsy/m/n/7 ^^@ \OML/cm
m/m/it/7 EX\OT1/cmr/m/n/7 )[]) = [][](\OML/cmm/m/it/7 x \OMS/cmsy/m/n/7 ^^@ \OM
L/cmm/m/it/7 EX\OT1/cmr/m/n/7 )[] \OMS/cmsy/m/n/7 ^^A \OML/cmm/m/it/7 f\OT1/cmr
/m/n/7 (\OML/cmm/m/it/7 x\OT1/cmr/m/n/7 )[]\OML/cmm/m/it/7 x

Overfull \hbox (5.33832pt too wide) in paragraph at lines 246--246
[]  

Overfull \hbox (4.96233pt too wide) in paragraph at lines 257--257
[]  

Overfull \hbox (17.20206pt too wide) in paragraph at lines 340--340
[]  

Overfull \hbox (7.54787pt too wide) detected at line 346
\OML/cmm/m/it/7 P[] \OT1/cmr/m/n/7 : \OMS/cmsy/m/n/7 P\OT1/cmr/m/n/7 ([]) \OMS/
cmsy/m/n/7 ! \OT1/cmr/m/n/7 [0\OML/cmm/m/it/7 ; \OT1/cmr/m/n/7 1]\OML/cmm/m/it/
7 ; A[] \OMS/cmsy/m/n/7 7! \OML/cmm/m/it/7 P\OT1/cmr/m/n/7 (\OML/cmm/m/it/7 X[]
\OT1/cmr/m/n/7 (\OML/cmm/m/it/7 A[]\OT1/cmr/m/n/7 ))

Package amsfonts Warning: Obsolete command \frak; \mathfrak should be used inst
ead on input line 380.

[1{/var/lib/texmf/fonts/map/pdftex/updmap/pdftex.map}]
Overfull \hbox (6.14107pt too wide) in paragraph at lines 437--437
[]  

Overfull \hbox (5.7263pt too wide) detected at line 478
\OML/cmm/m/it/7 S[] \OT1/cmr/m/n/7 := [] \OML/cmm/m/it/7 P\OT1/cmr/m/n/7 (\OML/
cmm/m/it/7 A[] \OMS/cmsy/m/n/7 \ [] \ \OML/cmm/m/it/7 A[]\OT1/cmr/m/n/7 )

Overfull \hbox (7.96248pt too wide) detected at line 483
\OMS/cmsy/m/n/7 8\OML/cmm/m/it/7 a \OMS/cmsy/m/n/7 2 \U/msb/m/n/7 R \OT1/cmr/m/
n/7 : \OML/cmm/m/it/7 V\OT1/cmr/m/n/7 (\OML/cmm/m/it/7 X\OT1/cmr/m/n/7 ) = \OML
/cmm/m/it/7 E\OT1/cmr/m/n/7 (\OML/cmm/m/it/7 X \OMS/cmsy/m/n/7 ^^@ \OML/cmm/m/i
t/7 a\OT1/cmr/m/n/7 )[] \OMS/cmsy/m/n/7 ^^@ \OT1/cmr/m/n/7 (\OML/cmm/m/it/7 EX 
\OMS/cmsy/m/n/7 ^^@ \OML/cmm/m/it/7 a\OT1/cmr/m/n/7 )[]

Overfull \hbox (10.81448pt too wide) in paragraph at lines 517--517
[]  

Overfull \hbox (0.37315pt too wide) in paragraph at lines 587--587
[]  

Overfull \hbox (10.47484pt too wide) in paragraph at lines 607--607
[]  

Overfull \hbox (17.96622pt too wide) in paragraph at lines 628--628
[]  
[2] (./Stoch1BachelorZettel.aux) )
(see the transcript file for additional information)</usr/share/texmf-texlive/f
onts/type1/public/amsfonts/cm/cmbx7.pfb></usr/share/texmf-texlive/fonts/type1/p
ublic/amsfonts/cm/cmbx9.pfb></usr/share/texmf-texlive/fonts/type1/public/amsfon
ts/cmextra/cmex7.pfb></usr/share/texmf-texlive/fonts/type1/public/amsfonts/cm/c
mmi5.pfb></usr/share/texmf-texlive/fonts/type1/public/amsfonts/cm/cmmi7.pfb></u
sr/share/texmf-texlive/fonts/type1/public/amsfonts/cm/cmr5.pfb></usr/share/texm
f-texlive/fonts/type1/public/amsfonts/cm/cmr7.pfb></usr/share/texmf-texlive/fon
ts/type1/public/amsfonts/cm/cmsy5.pfb></usr/share/texmf-texlive/fonts/type1/pub
lic/amsfonts/cm/cmsy7.pfb></usr/share/texmf-texlive/fonts/type1/public/amsfonts
/cm/cmti7.pfb></usr/share/texmf-texlive/fonts/type1/public/doublestroke/dsrom8.
pfb></usr/share/texmf-texlive/fonts/type1/public/amsfonts/euler/eufm7.pfb></usr
/share/texmf-texlive/fonts/type1/public/amsfonts/symbols/msbm5.pfb></usr/share/
texmf-texlive/fonts/type1/public/amsfonts/symbols/msbm7.pfb>
Output written on Stoch1BachelorZettel.pdf (2 pages, 194875 bytes).
Transcript written on Stoch1BachelorZettel.log.
Result: ExitSuccess

Running /usr/bin/pdflatex Stoch1BachelorZettel.tex in an env with 4 entries:
This is pdfTeX, Version 3.1415926-1.40.10 (TeX Live 2009/Debian)
entering extended mode
(../data/WS10/Stoch1BachelorZettel.tex
LaTeX2e <2009/09/24>
Babel <v3.8l> and hyphenation patterns for english, usenglishmax, dumylang, noh
yphenation, farsi, arabic, croatian, bulgarian, ukrainian, russian, czech, slov
ak, danish, dutch, finnish, french, basque, ngerman, german, german-x-2009-06-1
9, ngerman-x-2009-06-19, ibycus, monogreek, greek, ancientgreek, hungarian, san
skrit, italian, latin, latvian, lithuanian, mongolian2a, mongolian, bokmal, nyn
orsk, romanian, irish, coptic, serbian, turkish, welsh, esperanto, uppersorbian
, estonian, indonesian, interlingua, icelandic, kurmanji, slovenian, polish, po
rtuguese, spanish, galician, catalan, swedish, ukenglish, loaded.
(/usr/share/texmf-texlive/tex/latex/base/article.cls
Document Class: article 2007/10/19 v1.4h Standard LaTeX document class
(/usr/share/texmf-texlive/tex/latex/base/size10.clo))
(/usr/share/texmf-texlive/tex/generic/babel/babel.sty
(/usr/share/texmf-texlive/tex/generic/babel/germanb.ldf
(/usr/share/texmf-texlive/tex/generic/babel/babel.def)))
(/usr/share/texmf-texlive/tex/latex/base/inputenc.sty
(/usr/share/texmf-texlive/tex/latex/base/latin1.def))
(/usr/share/texmf-texlive/tex/latex/amsfonts/amsfonts.sty)
(/usr/share/texmf-texlive/tex/latex/amsfonts/amssymb.sty)
(/usr/share/texmf-texlive/tex/latex/amsmath/amsmath.sty
For additional information on amsmath, use the `?' option.
(/usr/share/texmf-texlive/tex/latex/amsmath/amstext.sty
(/usr/share/texmf-texlive/tex/latex/amsmath/amsgen.sty))
(/usr/share/texmf-texlive/tex/latex/amsmath/amsbsy.sty)
(/usr/share/texmf-texlive/tex/latex/amsmath/amsopn.sty))
(/usr/share/texmf-texlive/tex/latex/mh/mathtools.sty
(/usr/share/texmf-texlive/tex/latex/graphics/keyval.sty)
(/usr/share/texmf-texlive/tex/latex/tools/calc.sty)
(/usr/share/texmf-texlive/tex/latex/mh/mhsetup.sty))
(/usr/share/texmf-texlive/tex/latex/graphics/color.sty
(/etc/texmf/tex/latex/config/color.cfg)
(/usr/share/texmf-texlive/tex/latex/pdftex-def/pdftex.def))
(/usr/share/texmf-texlive/tex/latex/doublestroke/dsfont.sty)
(/usr/share/texmf-texlive/tex/latex/graphics/graphicx.sty
(/usr/share/texmf-texlive/tex/latex/graphics/graphics.sty
(/usr/share/texmf-texlive/tex/latex/graphics/trig.sty)
(/etc/texmf/tex/latex/config/graphics.cfg)))
(/usr/share/texmf-texlive/tex/latex/hyperref/hyperref.sty
(/usr/share/texmf-texlive/tex/generic/oberdiek/ifpdf.sty)
(/usr/share/texmf-texlive/tex/generic/oberdiek/ifvtex.sty)
(/usr/share/texmf-texlive/tex/generic/ifxetex/ifxetex.sty)
(/usr/share/texmf-texlive/tex/latex/oberdiek/hycolor.sty
(/usr/share/texmf-texlive/tex/latex/oberdiek/xcolor-patch.sty))
(/usr/share/texmf-texlive/tex/latex/hyperref/pd1enc.def)
(/usr/share/texmf-texlive/tex/generic/oberdiek/etexcmds.sty
(/usr/share/texmf-texlive/tex/generic/oberdiek/infwarerr.sty))
(/usr/share/texmf-texlive/tex/latex/latexconfig/hyperref.cfg)
(/usr/share/texmf-texlive/tex/latex/oberdiek/kvoptions.sty
(/usr/share/texmf-texlive/tex/generic/oberdiek/kvsetkeys.sty))
Implicit mode ON; LaTeX internals redefined
(/usr/share/texmf-texlive/tex/latex/ltxmisc/url.sty)
(/usr/share/texmf-texlive/tex/generic/oberdiek/bitset.sty
(/usr/share/texmf-texlive/tex/generic/oberdiek/intcalc.sty)
(/usr/share/texmf-texlive/tex/generic/oberdiek/bigintcalc.sty
(/usr/share/texmf-texlive/tex/generic/oberdiek/pdftexcmds.sty
(/usr/share/texmf-texlive/tex/generic/oberdiek/ifluatex.sty)
(/usr/share/texmf-texlive/tex/generic/oberdiek/ltxcmds.sty))))
(/usr/share/texmf-texlive/tex/generic/oberdiek/atbegshi.sty))
*hyperref using default driver hpdftex*
(/usr/share/texmf-texlive/tex/latex/hyperref/hpdftex.def)
(/usr/share/texmf-texlive/tex/latex/tools/multicol.sty)
(/usr/share/texmf-texlive/tex/latex/svninfo/svninfo.sty
(/usr/share/texmf-texlive/tex/latex/svninfo/svninfo.cfg)
(/usr/share/texmf-texlive/tex/latex/fancyhdr/fancyhdr.sty)
(/usr/share/texmf-texlive/tex/latex/base/ifthen.sty))
(/usr/share/texmf-texlive/tex/latex/geometry/geometry.sty
(/usr/share/texmf-texlive/tex/xelatex/xetexconfig/geometry.cfg))
(./Stoch1BachelorZettel.aux)
(/usr/share/texmf-texlive/tex/context/base/supp-pdf.mkii
[Loading MPS to PDF converter (version 2006.09.02).]
) (/usr/share/texmf-texlive/tex/latex/hyperref/nameref.sty
(/usr/share/texmf-texlive/tex/latex/oberdiek/refcount.sty))
(./Stoch1BachelorZettel.out) (./Stoch1BachelorZettel.out)
*geometry auto-detecting driver*
*geometry detected driver: pdftex*
(/usr/share/texmf-texlive/tex/latex/amsfonts/umsa.fd)
(/usr/share/texmf-texlive/tex/latex/amsfonts/umsb.fd)
(/usr/share/texmf-texlive/tex/latex/amsfonts/ueuf.fd)
Overfull \hbox (2.30379pt too wide) detected at line 100
\OML/cmm/m/it/7 E\OT1/cmr/m/n/7 (\OML/cmm/m/it/7 X\OMS/cmsy/m/n/7 j\OML/cmm/m/i
t/7 Y \OT1/cmr/m/n/7 = \OML/cmm/m/it/7 y\OT1/cmr/m/n/7 ) = [] \OML/cmm/m/it/7 x
P\OT1/cmr/m/n/7 (\OML/cmm/m/it/7 X \OT1/cmr/m/n/7 = \OML/cmm/m/it/7 x\OMS/cmsy/
m/n/7 j\OML/cmm/m/it/7 Y \OT1/cmr/m/n/7 = \OML/cmm/m/it/7 y\OT1/cmr/m/n/7 )
(/usr/share/texmf-texlive/tex/latex/doublestroke/Udsrom.fd)
Overfull \hbox (1.37137pt too wide) in paragraph at lines 128--128
[]  

Package amsmath Warning: Foreign command \atopwithdelims;
(amsmath)                \frac or \genfrac should be used instead
(amsmath)                 on input line 132.


Overfull \hbox (5.2694pt too wide) detected at line 185
\OML/cmm/m/it/7 l\OT1/cmr/m/n/7 (\OML/cmm/m/it/7 x[] \OT1/cmr/m/n/7 + \OML/cmm/
m/it/7 a; [] ; x[] \OT1/cmr/m/n/7 + \OML/cmm/m/it/7 a\OT1/cmr/m/n/7 ) = \OML/cm
m/m/it/7 l\OT1/cmr/m/n/7 (\OML/cmm/m/it/7 x[]; [] ; x[]\OT1/cmr/m/n/7 ) + \OML/
cmm/m/it/7 a

Overfull \hbox (5.09377pt too wide) in paragraph at lines 217--217
[]  

Overfull \hbox (5.77032pt too wide) detected at line 236
\OML/cmm/m/it/7 E\OT1/cmr/m/n/7 ((\OML/cmm/m/it/7 X \OMS/cmsy/m/n/7 ^^@ \OML/cm
m/m/it/7 EX\OT1/cmr/m/n/7 )[]) = [][](\OML/cmm/m/it/7 x \OMS/cmsy/m/n/7 ^^@ \OM
L/cmm/m/it/7 EX\OT1/cmr/m/n/7 )[] \OMS/cmsy/m/n/7 ^^A \OML/cmm/m/it/7 f\OT1/cmr
/m/n/7 (\OML/cmm/m/it/7 x\OT1/cmr/m/n/7 )[]\OML/cmm/m/it/7 x

Overfull \hbox (5.33832pt too wide) in paragraph at lines 246--246
[]  

Overfull \hbox (4.96233pt too wide) in paragraph at lines 257--257
[]  

Overfull \hbox (17.20206pt too wide) in paragraph at lines 340--340
[]  

Overfull \hbox (7.54787pt too wide) detected at line 346
\OML/cmm/m/it/7 P[] \OT1/cmr/m/n/7 : \OMS/cmsy/m/n/7 P\OT1/cmr/m/n/7 ([]) \OMS/
cmsy/m/n/7 ! \OT1/cmr/m/n/7 [0\OML/cmm/m/it/7 ; \OT1/cmr/m/n/7 1]\OML/cmm/m/it/
7 ; A[] \OMS/cmsy/m/n/7 7! \OML/cmm/m/it/7 P\OT1/cmr/m/n/7 (\OML/cmm/m/it/7 X[]
\OT1/cmr/m/n/7 (\OML/cmm/m/it/7 A[]\OT1/cmr/m/n/7 ))

Package amsfonts Warning: Obsolete command \frak; \mathfrak should be used inst
ead on input line 380.

[1{/var/lib/texmf/fonts/map/pdftex/updmap/pdftex.map}]
Overfull \hbox (6.14107pt too wide) in paragraph at lines 437--437
[]  

Overfull \hbox (5.7263pt too wide) detected at line 478
\OML/cmm/m/it/7 S[] \OT1/cmr/m/n/7 := [] \OML/cmm/m/it/7 P\OT1/cmr/m/n/7 (\OML/
cmm/m/it/7 A[] \OMS/cmsy/m/n/7 \ [] \ \OML/cmm/m/it/7 A[]\OT1/cmr/m/n/7 )

Overfull \hbox (7.96248pt too wide) detected at line 483
\OMS/cmsy/m/n/7 8\OML/cmm/m/it/7 a \OMS/cmsy/m/n/7 2 \U/msb/m/n/7 R \OT1/cmr/m/
n/7 : \OML/cmm/m/it/7 V\OT1/cmr/m/n/7 (\OML/cmm/m/it/7 X\OT1/cmr/m/n/7 ) = \OML
/cmm/m/it/7 E\OT1/cmr/m/n/7 (\OML/cmm/m/it/7 X \OMS/cmsy/m/n/7 ^^@ \OML/cmm/m/i
t/7 a\OT1/cmr/m/n/7 )[] \OMS/cmsy/m/n/7 ^^@ \OT1/cmr/m/n/7 (\OML/cmm/m/it/7 EX 
\OMS/cmsy/m/n/7 ^^@ \OML/cmm/m/it/7 a\OT1/cmr/m/n/7 )[]

Overfull \hbox (10.81448pt too wide) in paragraph at lines 517--517
[]  

Overfull \hbox (0.37315pt too wide) in paragraph at lines 587--587
[]  

Overfull \hbox (10.47484pt too wide) in paragraph at lines 607--607
[]  

Overfull \hbox (17.96622pt too wide) in paragraph at lines 628--628
[]  
[2] (./Stoch1BachelorZettel.aux) )
(see the transcript file for additional information)</usr/share/texmf-texlive/f
onts/type1/public/amsfonts/cm/cmbx7.pfb></usr/share/texmf-texlive/fonts/type1/p
ublic/amsfonts/cm/cmbx9.pfb></usr/share/texmf-texlive/fonts/type1/public/amsfon
ts/cmextra/cmex7.pfb></usr/share/texmf-texlive/fonts/type1/public/amsfonts/cm/c
mmi5.pfb></usr/share/texmf-texlive/fonts/type1/public/amsfonts/cm/cmmi7.pfb></u
sr/share/texmf-texlive/fonts/type1/public/amsfonts/cm/cmr5.pfb></usr/share/texm
f-texlive/fonts/type1/public/amsfonts/cm/cmr7.pfb></usr/share/texmf-texlive/fon
ts/type1/public/amsfonts/cm/cmsy5.pfb></usr/share/texmf-texlive/fonts/type1/pub
lic/amsfonts/cm/cmsy7.pfb></usr/share/texmf-texlive/fonts/type1/public/amsfonts
/cm/cmti7.pfb></usr/share/texmf-texlive/fonts/type1/public/doublestroke/dsrom8.
pfb></usr/share/texmf-texlive/fonts/type1/public/amsfonts/euler/eufm7.pfb></usr
/share/texmf-texlive/fonts/type1/public/amsfonts/symbols/msbm5.pfb></usr/share/
texmf-texlive/fonts/type1/public/amsfonts/symbols/msbm7.pfb>
Output written on Stoch1BachelorZettel.pdf (2 pages, 194875 bytes).
Transcript written on Stoch1BachelorZettel.log.
Result: ExitSuccess

Running /usr/bin/pdflatex Stoch1BachelorZettel.tex in an env with 4 entries:
This is pdfTeX, Version 3.1415926-1.40.10 (TeX Live 2009/Debian)
entering extended mode
(../data/WS10/Stoch1BachelorZettel.tex
LaTeX2e <2009/09/24>
Babel <v3.8l> and hyphenation patterns for english, usenglishmax, dumylang, noh
yphenation, farsi, arabic, croatian, bulgarian, ukrainian, russian, czech, slov
ak, danish, dutch, finnish, french, basque, ngerman, german, german-x-2009-06-1
9, ngerman-x-2009-06-19, ibycus, monogreek, greek, ancientgreek, hungarian, san
skrit, italian, latin, latvian, lithuanian, mongolian2a, mongolian, bokmal, nyn
orsk, romanian, irish, coptic, serbian, turkish, welsh, esperanto, uppersorbian
, estonian, indonesian, interlingua, icelandic, kurmanji, slovenian, polish, po
rtuguese, spanish, galician, catalan, swedish, ukenglish, loaded.
(/usr/share/texmf-texlive/tex/latex/base/article.cls
Document Class: article 2007/10/19 v1.4h Standard LaTeX document class
(/usr/share/texmf-texlive/tex/latex/base/size10.clo))
(/usr/share/texmf-texlive/tex/generic/babel/babel.sty
(/usr/share/texmf-texlive/tex/generic/babel/germanb.ldf
(/usr/share/texmf-texlive/tex/generic/babel/babel.def)))
(/usr/share/texmf-texlive/tex/latex/base/inputenc.sty
(/usr/share/texmf-texlive/tex/latex/base/latin1.def))
(/usr/share/texmf-texlive/tex/latex/amsfonts/amsfonts.sty)
(/usr/share/texmf-texlive/tex/latex/amsfonts/amssymb.sty)
(/usr/share/texmf-texlive/tex/latex/amsmath/amsmath.sty
For additional information on amsmath, use the `?' option.
(/usr/share/texmf-texlive/tex/latex/amsmath/amstext.sty
(/usr/share/texmf-texlive/tex/latex/amsmath/amsgen.sty))
(/usr/share/texmf-texlive/tex/latex/amsmath/amsbsy.sty)
(/usr/share/texmf-texlive/tex/latex/amsmath/amsopn.sty))
(/usr/share/texmf-texlive/tex/latex/mh/mathtools.sty
(/usr/share/texmf-texlive/tex/latex/graphics/keyval.sty)
(/usr/share/texmf-texlive/tex/latex/tools/calc.sty)
(/usr/share/texmf-texlive/tex/latex/mh/mhsetup.sty))
(/usr/share/texmf-texlive/tex/latex/graphics/color.sty
(/etc/texmf/tex/latex/config/color.cfg)
(/usr/share/texmf-texlive/tex/latex/pdftex-def/pdftex.def))
(/usr/share/texmf-texlive/tex/latex/doublestroke/dsfont.sty)
(/usr/share/texmf-texlive/tex/latex/graphics/graphicx.sty
(/usr/share/texmf-texlive/tex/latex/graphics/graphics.sty
(/usr/share/texmf-texlive/tex/latex/graphics/trig.sty)
(/etc/texmf/tex/latex/config/graphics.cfg)))
(/usr/share/texmf-texlive/tex/latex/hyperref/hyperref.sty
(/usr/share/texmf-texlive/tex/generic/oberdiek/ifpdf.sty)
(/usr/share/texmf-texlive/tex/generic/oberdiek/ifvtex.sty)
(/usr/share/texmf-texlive/tex/generic/ifxetex/ifxetex.sty)
(/usr/share/texmf-texlive/tex/latex/oberdiek/hycolor.sty
(/usr/share/texmf-texlive/tex/latex/oberdiek/xcolor-patch.sty))
(/usr/share/texmf-texlive/tex/latex/hyperref/pd1enc.def)
(/usr/share/texmf-texlive/tex/generic/oberdiek/etexcmds.sty
(/usr/share/texmf-texlive/tex/generic/oberdiek/infwarerr.sty))
(/usr/share/texmf-texlive/tex/latex/latexconfig/hyperref.cfg)
(/usr/share/texmf-texlive/tex/latex/oberdiek/kvoptions.sty
(/usr/share/texmf-texlive/tex/generic/oberdiek/kvsetkeys.sty))
Implicit mode ON; LaTeX internals redefined
(/usr/share/texmf-texlive/tex/latex/ltxmisc/url.sty)
(/usr/share/texmf-texlive/tex/generic/oberdiek/bitset.sty
(/usr/share/texmf-texlive/tex/generic/oberdiek/intcalc.sty)
(/usr/share/texmf-texlive/tex/generic/oberdiek/bigintcalc.sty
(/usr/share/texmf-texlive/tex/generic/oberdiek/pdftexcmds.sty
(/usr/share/texmf-texlive/tex/generic/oberdiek/ifluatex.sty)
(/usr/share/texmf-texlive/tex/generic/oberdiek/ltxcmds.sty))))
(/usr/share/texmf-texlive/tex/generic/oberdiek/atbegshi.sty))
*hyperref using default driver hpdftex*
(/usr/share/texmf-texlive/tex/latex/hyperref/hpdftex.def)
(/usr/share/texmf-texlive/tex/latex/tools/multicol.sty)
(/usr/share/texmf-texlive/tex/latex/svninfo/svninfo.sty
(/usr/share/texmf-texlive/tex/latex/svninfo/svninfo.cfg)
(/usr/share/texmf-texlive/tex/latex/fancyhdr/fancyhdr.sty)
(/usr/share/texmf-texlive/tex/latex/base/ifthen.sty))
(/usr/share/texmf-texlive/tex/latex/geometry/geometry.sty
(/usr/share/texmf-texlive/tex/xelatex/xetexconfig/geometry.cfg))
(./Stoch1BachelorZettel.aux)
(/usr/share/texmf-texlive/tex/context/base/supp-pdf.mkii
[Loading MPS to PDF converter (version 2006.09.02).]
) (/usr/share/texmf-texlive/tex/latex/hyperref/nameref.sty
(/usr/share/texmf-texlive/tex/latex/oberdiek/refcount.sty))
(./Stoch1BachelorZettel.out) (./Stoch1BachelorZettel.out)
*geometry auto-detecting driver*
*geometry detected driver: pdftex*
(/usr/share/texmf-texlive/tex/latex/amsfonts/umsa.fd)
(/usr/share/texmf-texlive/tex/latex/amsfonts/umsb.fd)
(/usr/share/texmf-texlive/tex/latex/amsfonts/ueuf.fd)
Overfull \hbox (2.30379pt too wide) detected at line 100
\OML/cmm/m/it/7 E\OT1/cmr/m/n/7 (\OML/cmm/m/it/7 X\OMS/cmsy/m/n/7 j\OML/cmm/m/i
t/7 Y \OT1/cmr/m/n/7 = \OML/cmm/m/it/7 y\OT1/cmr/m/n/7 ) = [] \OML/cmm/m/it/7 x
P\OT1/cmr/m/n/7 (\OML/cmm/m/it/7 X \OT1/cmr/m/n/7 = \OML/cmm/m/it/7 x\OMS/cmsy/
m/n/7 j\OML/cmm/m/it/7 Y \OT1/cmr/m/n/7 = \OML/cmm/m/it/7 y\OT1/cmr/m/n/7 )
(/usr/share/texmf-texlive/tex/latex/doublestroke/Udsrom.fd)
Overfull \hbox (1.37137pt too wide) in paragraph at lines 128--128
[]  

Package amsmath Warning: Foreign command \atopwithdelims;
(amsmath)                \frac or \genfrac should be used instead
(amsmath)                 on input line 132.


Overfull \hbox (5.2694pt too wide) detected at line 185
\OML/cmm/m/it/7 l\OT1/cmr/m/n/7 (\OML/cmm/m/it/7 x[] \OT1/cmr/m/n/7 + \OML/cmm/
m/it/7 a; [] ; x[] \OT1/cmr/m/n/7 + \OML/cmm/m/it/7 a\OT1/cmr/m/n/7 ) = \OML/cm
m/m/it/7 l\OT1/cmr/m/n/7 (\OML/cmm/m/it/7 x[]; [] ; x[]\OT1/cmr/m/n/7 ) + \OML/
cmm/m/it/7 a

Overfull \hbox (5.09377pt too wide) in paragraph at lines 217--217
[]  

Overfull \hbox (5.77032pt too wide) detected at line 236
\OML/cmm/m/it/7 E\OT1/cmr/m/n/7 ((\OML/cmm/m/it/7 X \OMS/cmsy/m/n/7 ^^@ \OML/cm
m/m/it/7 EX\OT1/cmr/m/n/7 )[]) = [][](\OML/cmm/m/it/7 x \OMS/cmsy/m/n/7 ^^@ \OM
L/cmm/m/it/7 EX\OT1/cmr/m/n/7 )[] \OMS/cmsy/m/n/7 ^^A \OML/cmm/m/it/7 f\OT1/cmr
/m/n/7 (\OML/cmm/m/it/7 x\OT1/cmr/m/n/7 )[]\OML/cmm/m/it/7 x

Overfull \hbox (5.33832pt too wide) in paragraph at lines 246--246
[]  

Overfull \hbox (4.96233pt too wide) in paragraph at lines 257--257
[]  

Overfull \hbox (17.20206pt too wide) in paragraph at lines 340--340
[]  

Overfull \hbox (7.54787pt too wide) detected at line 346
\OML/cmm/m/it/7 P[] \OT1/cmr/m/n/7 : \OMS/cmsy/m/n/7 P\OT1/cmr/m/n/7 ([]) \OMS/
cmsy/m/n/7 ! \OT1/cmr/m/n/7 [0\OML/cmm/m/it/7 ; \OT1/cmr/m/n/7 1]\OML/cmm/m/it/
7 ; A[] \OMS/cmsy/m/n/7 7! \OML/cmm/m/it/7 P\OT1/cmr/m/n/7 (\OML/cmm/m/it/7 X[]
\OT1/cmr/m/n/7 (\OML/cmm/m/it/7 A[]\OT1/cmr/m/n/7 ))

Package amsfonts Warning: Obsolete command \frak; \mathfrak should be used inst
ead on input line 380.

[1{/var/lib/texmf/fonts/map/pdftex/updmap/pdftex.map}]
Overfull \hbox (6.14107pt too wide) in paragraph at lines 437--437
[]  

Overfull \hbox (5.7263pt too wide) detected at line 478
\OML/cmm/m/it/7 S[] \OT1/cmr/m/n/7 := [] \OML/cmm/m/it/7 P\OT1/cmr/m/n/7 (\OML/
cmm/m/it/7 A[] \OMS/cmsy/m/n/7 \ [] \ \OML/cmm/m/it/7 A[]\OT1/cmr/m/n/7 )

Overfull \hbox (7.96248pt too wide) detected at line 483
\OMS/cmsy/m/n/7 8\OML/cmm/m/it/7 a \OMS/cmsy/m/n/7 2 \U/msb/m/n/7 R \OT1/cmr/m/
n/7 : \OML/cmm/m/it/7 V\OT1/cmr/m/n/7 (\OML/cmm/m/it/7 X\OT1/cmr/m/n/7 ) = \OML
/cmm/m/it/7 E\OT1/cmr/m/n/7 (\OML/cmm/m/it/7 X \OMS/cmsy/m/n/7 ^^@ \OML/cmm/m/i
t/7 a\OT1/cmr/m/n/7 )[] \OMS/cmsy/m/n/7 ^^@ \OT1/cmr/m/n/7 (\OML/cmm/m/it/7 EX 
\OMS/cmsy/m/n/7 ^^@ \OML/cmm/m/it/7 a\OT1/cmr/m/n/7 )[]

Overfull \hbox (10.81448pt too wide) in paragraph at lines 517--517
[]  

Overfull \hbox (0.37315pt too wide) in paragraph at lines 587--587
[]  

Overfull \hbox (10.47484pt too wide) in paragraph at lines 607--607
[]  

Overfull \hbox (17.96622pt too wide) in paragraph at lines 628--628
[]  
[2] (./Stoch1BachelorZettel.aux) )
(see the transcript file for additional information)</usr/share/texmf-texlive/f
onts/type1/public/amsfonts/cm/cmbx7.pfb></usr/share/texmf-texlive/fonts/type1/p
ublic/amsfonts/cm/cmbx9.pfb></usr/share/texmf-texlive/fonts/type1/public/amsfon
ts/cmextra/cmex7.pfb></usr/share/texmf-texlive/fonts/type1/public/amsfonts/cm/c
mmi5.pfb></usr/share/texmf-texlive/fonts/type1/public/amsfonts/cm/cmmi7.pfb></u
sr/share/texmf-texlive/fonts/type1/public/amsfonts/cm/cmr5.pfb></usr/share/texm
f-texlive/fonts/type1/public/amsfonts/cm/cmr7.pfb></usr/share/texmf-texlive/fon
ts/type1/public/amsfonts/cm/cmsy5.pfb></usr/share/texmf-texlive/fonts/type1/pub
lic/amsfonts/cm/cmsy7.pfb></usr/share/texmf-texlive/fonts/type1/public/amsfonts
/cm/cmti7.pfb></usr/share/texmf-texlive/fonts/type1/public/doublestroke/dsrom8.
pfb></usr/share/texmf-texlive/fonts/type1/public/amsfonts/euler/eufm7.pfb></usr
/share/texmf-texlive/fonts/type1/public/amsfonts/symbols/msbm5.pfb></usr/share/
texmf-texlive/fonts/type1/public/amsfonts/symbols/msbm7.pfb>
Output written on Stoch1BachelorZettel.pdf (2 pages, 194875 bytes).
Transcript written on Stoch1BachelorZettel.log.
Result: ExitSuccess

Running /usr/bin/convert -verbose WS10/Stoch1BachelorZettel.pdf[0] -resize 70x WS10/Stoch1BachelorZettel.png in an env with 4 entries:
"gs" -q -dQUIET -dSAFER -dBATCH -dNOPAUSE -dNOPROMPT -dMaxBitmap=500000000 -dAlignToPixels=0 -dGridFitTT=2 "-sDEVICE=pngalpha" -dTextAlphaBits=4 -dGraphicsAlphaBits=4 "-r72x72" -dFirstPage=1 -dLastPage=1 "-sOutputFile=/tmp/magick-9QeSFCJV-%08d" "-f/tmp/magick-ssXdhfNZ" "-f/tmp/magick-ZIkOVVQ3"
/tmp/magick-9QeSFCJV-00000001 PNG 595x842 595x842+0+0 8-bit DirectClass 109KB 0.010u 0:00.009
WS10/Stoch1BachelorZettel.pdf[0]=>WS10/Stoch1BachelorZettel.pdf PDF 595x842 595x842+0+0 16-bit DirectClass 109KB 0.000u 0:00.000
WS10/Stoch1BachelorZettel.pdf[0]=>WS10/Stoch1BachelorZettel.png PDF 595x842=>70x99 70x99+0+0 16-bit DirectClass 4.1KB 0.320u 0:00.089
Result: ExitSuccess

Running /usr/bin/optipng -verbose WS10/Stoch1BachelorZettel.png in an env with 4 entries:
OptiPNG 0.6.4: Advanced PNG optimizer.
Copyright (C) 2001-2010 Cosmin Truta.

** Processing: WS10/Stoch1BachelorZettel.png
70x99 pixels, 2x8 bits/pixel, grayscale+alpha
Reducing image to 8 bits/pixel, 65 colors (64 transparent) in palette
Input IDAT size = 4950 bytes
Input file size = 7580 bytes

Trying:
  zc = 9  zm = 8  zs = 0  f = 0		IDAT size = 3960
  zc = 9  zm = 8  zs = 1  f = 0		IDAT too big
  zc = 1  zm = 8  zs = 2  f = 0		IDAT too big
  zc = 9  zm = 8  zs = 3  f = 0		IDAT size = 3932
  zc = 9  zm = 8  zs = 0  f = 5		IDAT too big
  zc = 9  zm = 8  zs = 1  f = 5		IDAT size = 3725
  zc = 1  zm = 8  zs = 2  f = 5		IDAT too big
  zc = 9  zm = 8  zs = 3  f = 5		IDAT too big

Selecting parameters:
  zc = 9  zm = 8  zs = 1  f = 5		IDAT size = 3725

Output IDAT size = 3725 bytes (1225 bytes decrease)
Output file size = 6637 bytes (943 bytes = 12.44% decrease)

** Status report
1 file(s) have been processed.
Result: ExitSuccess
