
Running /usr/bin/pdflatex Ana2Bachelor.tex in an env with 4 entries:
This is pdfTeX, Version 3.1415926-1.40.10 (TeX Live 2009/Debian)
entering extended mode
(../data/SS10/Ana2Bachelor.tex
LaTeX2e <2009/09/24>
Babel <v3.8l> and hyphenation patterns for english, usenglishmax, dumylang, noh
yphenation, farsi, arabic, croatian, bulgarian, ukrainian, russian, czech, slov
ak, danish, dutch, finnish, french, basque, ngerman, german, german-x-2009-06-1
9, ngerman-x-2009-06-19, ibycus, monogreek, greek, ancientgreek, hungarian, san
skrit, italian, latin, latvian, lithuanian, mongolian2a, mongolian, bokmal, nyn
orsk, romanian, irish, coptic, serbian, turkish, welsh, esperanto, uppersorbian
, estonian, indonesian, interlingua, icelandic, kurmanji, slovenian, polish, po
rtuguese, spanish, galician, catalan, swedish, ukenglish, loaded.
(/usr/share/texmf-texlive/tex/latex/koma-script/scrbook.cls
Document Class: scrbook 2009/07/24 v3.04a KOMA-Script document class (book)
(/usr/share/texmf-texlive/tex/latex/koma-script/scrkbase.sty
(/usr/share/texmf-texlive/tex/latex/koma-script/scrbase.sty
(/usr/share/texmf-texlive/tex/latex/graphics/keyval.sty)
(/usr/share/texmf-texlive/tex/latex/koma-script/scrlfile.sty
Package scrlfile, 2009/03/25 v3.03 KOMA-Script package (loading files)
                  Copyright (C) Markus Kohm

))) (/usr/share/texmf-texlive/tex/latex/koma-script/tocbasic.sty)
(/usr/share/texmf-texlive/tex/latex/koma-script/scrsize11pt.clo)
(/usr/share/texmf-texlive/tex/latex/koma-script/typearea.sty
Package typearea, 2009/07/24 v3.04a KOMA-Script package (type area)
                  Copyright (C) Frank Neukam, 1992-1994
                  Copyright (C) Markus Kohm, 1994-

)) (../data/ana.sty (../data/mathe.sty (../data/latexki.sty)
(/usr/share/texmf-texlive/tex/latex/base/inputenc.sty
(/usr/share/texmf-texlive/tex/latex/base/utf8.def
(/usr/share/texmf-texlive/tex/latex/base/t1enc.dfu)
(/usr/share/texmf-texlive/tex/latex/base/ot1enc.dfu)
(/usr/share/texmf-texlive/tex/latex/base/omsenc.dfu)))
(/usr/share/texmf-texlive/tex/generic/babel/babel.sty
(/usr/share/texmf-texlive/tex/generic/babel/ngermanb.ldf
(/usr/share/texmf-texlive/tex/generic/babel/babel.def)))
(/usr/share/texmf-texlive/tex/latex/base/fontenc.sty
(/usr/share/texmf-texlive/tex/latex/base/t1enc.def))
(/usr/share/texmf-texlive/tex/latex/amsfonts/amsfonts.sty)
(/usr/share/texmf-texlive/tex/latex/amsfonts/amssymb.sty)
(/usr/share/texmf-texlive/tex/latex/amsmath/amsmath.sty
For additional information on amsmath, use the `?' option.
(/usr/share/texmf-texlive/tex/latex/amsmath/amstext.sty
(/usr/share/texmf-texlive/tex/latex/amsmath/amsgen.sty))
(/usr/share/texmf-texlive/tex/latex/amsmath/amsbsy.sty)
(/usr/share/texmf-texlive/tex/latex/amsmath/amsopn.sty))
(/usr/share/texmf-texlive/tex/latex/stmaryrd/stmaryrd.sty)
(/usr/share/texmf-texlive/tex/latex/tools/verbatim.sty)
(/usr/share/texmf-texlive/tex/latex/base/ifthen.sty)
(/usr/share/texmf-texlive/tex/latex/ntheorem/ntheorem.sty
Style `ntheorem', Version 1.25 <2005/07/07>
) (/usr/share/texmf-texlive/tex/latex/ltxmisc/framed.sty)
(/usr/share/texmf-texlive/tex/latex/pstricks/pstricks.sty
(/usr/share/texmf-texlive/tex/generic/pstricks/pstricks.tex
`PSTricks' v1.29  <2009/05/19> (tvz)
(/usr/share/texmf-texlive/tex/generic/pstricks/pstricks.con))
(/usr/share/texmf/tex/latex/xcolor/xcolor.sty
(/etc/texmf/tex/latex/config/color.cfg)
(/usr/share/texmf-texlive/tex/latex/pdftex-def/pdftex.def)))
(/usr/share/texmf-texlive/tex/latex/carlisle/slashed.sty)
(/usr/share/texmf-texlive/tex/latex/base/makeidx.sty)
(/usr/share/texmf-texlive/tex/latex/wasysym/wasysym.sty)
(/usr/share/texmf-texlive/tex/latex/jknapltx/mathrsfs.sty)
(/usr/share/texmf-texlive/tex/latex/mh/mathtools.sty
(/usr/share/texmf-texlive/tex/latex/tools/calc.sty)
(/usr/share/texmf-texlive/tex/latex/mh/mhsetup.sty))
(/usr/share/texmf-texlive/tex/latex/doublestroke/dsfont.sty)
(/usr/share/texmf-texlive/tex/latex/hyperref/hyperref.sty
(/usr/share/texmf-texlive/tex/generic/oberdiek/ifpdf.sty)
(/usr/share/texmf-texlive/tex/generic/oberdiek/ifvtex.sty)
(/usr/share/texmf-texlive/tex/generic/ifxetex/ifxetex.sty)
(/usr/share/texmf-texlive/tex/latex/oberdiek/hycolor.sty
(/usr/share/texmf-texlive/tex/latex/oberdiek/xcolor-patch.sty))
(/usr/share/texmf-texlive/tex/latex/hyperref/pd1enc.def)
(/usr/share/texmf-texlive/tex/generic/oberdiek/etexcmds.sty
(/usr/share/texmf-texlive/tex/generic/oberdiek/infwarerr.sty))
(/usr/share/texmf-texlive/tex/latex/latexconfig/hyperref.cfg)
(/usr/share/texmf-texlive/tex/latex/oberdiek/kvoptions.sty
(/usr/share/texmf-texlive/tex/generic/oberdiek/kvsetkeys.sty))
Implicit mode ON; LaTeX internals redefined
(/usr/share/texmf-texlive/tex/latex/ltxmisc/url.sty)
(/usr/share/texmf-texlive/tex/generic/oberdiek/bitset.sty
(/usr/share/texmf-texlive/tex/generic/oberdiek/intcalc.sty)
(/usr/share/texmf-texlive/tex/generic/oberdiek/bigintcalc.sty
(/usr/share/texmf-texlive/tex/generic/oberdiek/pdftexcmds.sty
(/usr/share/texmf-texlive/tex/generic/oberdiek/ifluatex.sty)
(/usr/share/texmf-texlive/tex/generic/oberdiek/ltxcmds.sty))))
(/usr/share/texmf-texlive/tex/generic/oberdiek/atbegshi.sty))
*hyperref using default driver hpdftex*
(/usr/share/texmf-texlive/tex/latex/hyperref/hpdftex.def)
(/usr/share/texmf-texlive/tex/latex/etex-pkg/etex.sty)))
(../data/saetze-schmoeger.sty)
Writing index file Ana2Bachelor.idx
No file Ana2Bachelor.aux.
(/usr/share/texmf-texlive/tex/context/base/supp-pdf.mkii
[Loading MPS to PDF converter (version 2006.09.02).]
) (/usr/share/texmf-texlive/tex/latex/hyperref/nameref.sty
(/usr/share/texmf-texlive/tex/latex/oberdiek/refcount.sty))
(/usr/share/texmf-texlive/tex/latex/base/t1cmss.fd)
(/usr/share/texmf-texlive/tex/latex/amsfonts/umsa.fd)
(/usr/share/texmf-texlive/tex/latex/amsfonts/umsb.fd)
(/usr/share/texmf-texlive/tex/latex/stmaryrd/Ustmry.fd)
(/usr/share/texmf-texlive/tex/latex/wasysym/uwasy.fd)
(/usr/share/texmf-texlive/tex/latex/jknapltx/ursfs.fd)
(/usr/share/texmf-texlive/tex/latex/base/t1cmtt.fd) [1
Non-PDF special ignored!
Non-PDF special ignored!
Non-PDF special ignored!{/var/lib/texmf/fonts/map/pdftex/updmap/pdftex.map}]
[2]

Package hyperref Warning: No destination for bookmark of \addcontentsline,
(hyperref)                destination is added on input line 17.

[3] [4]
Kapitel I.
[5] [6]
\IeC {\textsection } 1.

Package hyperref Warning: Token not allowed in a PDF string (PDFDocEncoding):
(hyperref)                removing `math shift' on input line 45.


Package hyperref Warning: Token not allowed in a PDF string (PDFDocEncoding):
(hyperref)                removing `math shift' on input line 45.


Package hyperref Warning: Token not allowed in a PDF string (PDFDocEncoding):
(hyperref)                removing `math shift' on input line 45.


Package hyperref Warning: Token not allowed in a PDF string (PDFDocEncoding):
(hyperref)                removing `superscript' on input line 45.


Package hyperref Warning: Token not allowed in a PDF string (PDFDocEncoding):
(hyperref)                removing `math shift' on input line 45.

[7] [8] [9] [10]
\IeC {\textsection } 2.

Package hyperref Warning: Token not allowed in a PDF string (PDFDocEncoding):
(hyperref)                removing `math shift' on input line 163.


Package hyperref Warning: Token not allowed in a PDF string (PDFDocEncoding):
(hyperref)                removing `math shift' on input line 163.


Package hyperref Warning: Token not allowed in a PDF string (PDFDocEncoding):
(hyperref)                removing `math shift' on input line 163.


Package hyperref Warning: Token not allowed in a PDF string (PDFDocEncoding):
(hyperref)                removing `superscript' on input line 163.


Package hyperref Warning: Token not allowed in a PDF string (PDFDocEncoding):
(hyperref)                removing `math shift' on input line 163.

[11] [12] [13] [14]
\IeC {\textsection } 3.

Overfull \hbox (19.00331pt too wide) in paragraph at lines 238--239
[]\T1/cmr/m/n/10.95 Stets in dem Pa-ra-gra-phen: Sei $\OMS/cmsy/m/n/10.95 ; 6\O
T1/cmr/m/n/10.95 = \OML/cmm/m/it/10.95 D \OMS/cmsy/m/n/10.95 ^^R \U/msb/m/n/10.
95 R[]$ \T1/cmr/m/n/10.95 und $\OML/cmm/m/it/10.95 f \OT1/cmr/m/n/10.95 : \OML/
cmm/m/it/10.95 D \OMS/cmsy/m/n/10.95 ! \U/msb/m/n/10.95 R[]$ \T1/cmr/m/n/10.95 
ei-ne (\T1/cmr/bx/n/10.95 vektorwertige\T1/cmr/m/n/10.95 )
[15] [16]

LaTeX Font Warning: Font shape `U/stmry/b/n' undefined
(Font)              using `U/stmry/m/n' instead on input line 365.


LaTeX Font Warning: Font shape `U/wasy/b/n' in size <8> not available
(Font)              Font shape `U/wasy/m/n' tried instead on input line 365.


LaTeX Font Warning: Font shape `U/wasy/b/n' in size <6> not available
(Font)              Font shape `U/wasy/m/n' tried instead on input line 365.

[17] [18]
\IeC {\textsection } 4.
[19] [20] [21] [22]
\IeC {\textsection } 5.
[23] [24] [25] [26]
Overfull \hbox (14.64386pt too wide) in paragraph at lines 725--728
[]$\OT1/cmr/m/n/10.95 ^^H(\OML/cmm/m/it/10.95 x\OT1/cmr/m/n/10.95 ) := \OML/cmm
/m/it/10.95 Ax\OT1/cmr/m/n/10.95 (\OML/cmm/m/it/10.95 x \OMS/cmsy/m/n/10.95 2 \
U/msb/m/n/10.95 R[]\OT1/cmr/m/n/10.95 )\OML/cmm/m/it/10.95 :[]  \OT1/cmr/m/n/10
.95 =[]\OMS/cmsy/m/n/10.95 )  \OT1/cmr/m/n/10.95 ^^H[]^^H : \U/msb/m/n/10.95 R[
] \OMS/cmsy/m/n/10.95 ! \U/msb/m/n/10.95 R[]\OML/cmm/m/it/10.95 :  []  \OT1/cmr
/m/n/10.95 ^^H[]\OML/cmm/m/it/10.95 Kern\OT1/cmr/m/n/10.95 ^^H =
[27]

LaTeX Warning: Unknown theoremstyle `numberbreak'. Using `plain' on input line 
747.

[28]
\IeC {\textsection } 6.
[29] [30]
Overfull \hbox (9.68068pt too wide) in paragraph at lines 836--837
[][] \OT1/cmr/m/n/10.95 = []$\T1/cmr/m/n/10.95 . D.h.: $[]\OT1/cmr/m/n/10.95 (0
\OML/cmm/m/it/10.95 ; \OT1/cmr/m/n/10.95 0)$ \T1/cmr/m/n/10.95 ex. $ \OMS/cmsy/
m/n/10.95 ([])  \OML/cmm/m/it/10.95 a[]a[] \OT1/cmr/m/n/10.95 = 0  \OMS/cmsy/m/
n/10.95 ([])  \OML/cmm/m/it/10.95 a \OMS/cmsy/m/n/10.95 2 f\OT1/cmr/m/n/10.95 (
1\OML/cmm/m/it/10.95 ; \OT1/cmr/m/n/10.95 0)\OML/cmm/m/it/10.95 ; \OT1/cmr/m/n/
10.95 (\OMS/cmsy/m/n/10.95 ^^@\OT1/cmr/m/n/10.95 1\OML/cmm/m/it/10.95 ; \OT1/cm
r/m/n/10.95 0)\OML/cmm/m/it/10.95 ; \OT1/cmr/m/n/10.95 (0\OML/cmm/m/it/10.95 ; 
\OT1/cmr/m/n/10.95 1)\OML/cmm/m/it/10.95 ; \OT1/cmr/m/n/10.95 (0\OML/cmm/m/it/1
0.95 ; \OMS/cmsy/m/n/10.95 ^^@\OT1/cmr/m/n/10.95 1)\OMS/cmsy/m/n/10.95 g$\T1/cm
r/m/n/10.95 .

Overfull \hbox (26.30922pt too wide) in paragraph at lines 868--869
[]$[]  []  \OMS/cmsy/m/n/10.95 j\OML/cmm/m/it/10.95 a \OMS/cmsy/m/n/10.95 ^^A [
] \OML/cmm/m/it/10.95 f\OT1/cmr/m/n/10.95 (\OML/cmm/m/it/10.95 x[]\OT1/cmr/m/n/
10.95 )\OMS/cmsy/m/n/10.95 j [] k\OML/cmm/m/it/10.95 a\OMS/cmsy/m/n/10.95 k ^^A
 k [] \OML/cmm/m/it/10.95 f\OT1/cmr/m/n/10.95 (\OML/cmm/m/it/10.95 x[]\OT1/cmr/
m/n/10.95 )\OMS/cmsy/m/n/10.95 k \OT1/cmr/m/n/10.95 = \OMS/cmsy/m/n/10.95 k [] 
\OML/cmm/m/it/10.95 f\OT1/cmr/m/n/10.95 (\OML/cmm/m/it/10.95 x[]\OT1/cmr/m/n/10
.95 )\OMS/cmsy/m/n/10.95 k \OT1/cmr/m/n/10.95 = [] [] \OML/cmm/m/it/10.95 f\OT1
/cmr/m/n/10.95 (\OML/cmm/m/it/10.95 x[]\OT1/cmr/m/n/10.95 ) \OMS/cmsy/m/n/10.95
 ^^A
[31]
Overfull \hbox (28.17564pt too wide) detected at line 882
\OT1/cmr/m/n/10.95 (\OML/cmm/m/it/10.95 h \OMS/cmsy/m/n/10.95 ^^A r\OT1/cmr/m/n
/10.95 ) := \OML/cmm/m/it/10.95 h[][] \OT1/cmr/m/n/10.95 + [] + \OML/cmm/m/it/1
0.95 h[][]\OT1/cmr/m/n/10.95 ;  (\OML/cmm/m/it/10.95 h \OMS/cmsy/m/n/10.95 ^^A 
r\OT1/cmr/m/n/10.95 )\OML/cmm/m/it/10.95 f \OT1/cmr/m/n/10.95 := \OML/cmm/m/it/
10.95 h[][] \OT1/cmr/m/n/10.95 + [] + \OML/cmm/m/it/10.95 h[][] \OT1/cmr/m/n/10
.95 = \OML/cmm/m/it/10.95 h [] f\OT1/cmr/m/n/10.95 ;  (\OML/cmm/m/it/10.95 h \O
MS/cmsy/m/n/10.95 ^^A r\OT1/cmr/m/n/10.95 )\OML/cmm/m/it/10.95 f\OT1/cmr/m/n/10
.95 (\OML/cmm/m/it/10.95 x[]\OT1/cmr/m/n/10.95 ) := \OML/cmm/m/it/10.95 h \OMS/
cmsy/m/n/10.95 ^^A [] \OML/cmm/m/it/10.95 f\OT1/cmr/m/n/10.95 (\OML/cmm/m/it/10
.95 x[]\OT1/cmr/m/n/10.95 )
[32] [33] [34]
\IeC {\textsection } 7.

Underfull \hbox (badness 10000) in paragraph at lines 951--953

[35] [36]
\IeC {\textsection } 8.
[37]
Underfull \hbox (badness 10000) in paragraph at lines 1049--1050


Underfull \hbox (badness 10000) in paragraph at lines 1053--1055

[38]
\IeC {\textsection } 9.
[39] [40] [41] [42]
\IeC {\textsection } 10.
[43] [44] [45] [46]
\IeC {\textsection } 11.
[47]
Overfull \hbox (19.34203pt too wide) detected at line 1339
\OT1/cmr/m/n/10.95 0 = \OML/cmm/m/it/10.95 h[]\OT1/cmr/m/n/10.95 (\OML/cmm/m/it
/10.95 z[]\OT1/cmr/m/n/10.95 )  []  \OML/cmm/m/it/10.95 f[]\OT1/cmr/m/n/10.95 (
\OML/cmm/m/it/10.95 g\OT1/cmr/m/n/10.95 (\OML/cmm/m/it/10.95 z[]\OT1/cmr/m/n/10
.95 )\OML/cmm/m/it/10.95 ; z[]\OT1/cmr/m/n/10.95 ) \OMS/cmsy/m/n/10.95 ^^A [] \
OT1/cmr/m/n/10.95 = [] \OMS/cmsy/m/n/10.95 ^^A [] \OT1/cmr/m/n/10.95 = [](\OML/
cmm/m/it/10.95 x[]\OT1/cmr/m/n/10.95 )\OML/cmm/m/it/10.95 g[]\OT1/cmr/m/n/10.95
 (\OML/cmm/m/it/10.95 z[]\OT1/cmr/m/n/10.95 ) + [](\OML/cmm/m/it/10.95 x[]\OT1/
cmr/m/n/10.95 )
[48]
Underfull \hbox (badness 10000) in paragraph at lines 1363--1364

[49] [50]
\IeC {\textsection } 12.

Package hyperref Warning: Token not allowed in a PDF string (PDFDocEncoding):
(hyperref)                removing `math shift' on input line 1394.


Package hyperref Warning: Token not allowed in a PDF string (PDFDocEncoding):
(hyperref)                removing `math shift' on input line 1394.


Package hyperref Warning: Token not allowed in a PDF string (PDFDocEncoding):
(hyperref)                removing `math shift' on input line 1394.


Package hyperref Warning: Token not allowed in a PDF string (PDFDocEncoding):
(hyperref)                removing `superscript' on input line 1394.


Package hyperref Warning: Token not allowed in a PDF string (PDFDocEncoding):
(hyperref)                removing `math shift' on input line 1394.

(/usr/share/texmf-texlive/tex/latex/amsfonts/ueuf.fd)
Underfull \hbox (badness 10000) in paragraph at lines 1425--1426

[51] [52]
Overfull \hbox (11.85016pt too wide) detected at line 1505
[] \OMS/cmsy/m/n/10.95 ! k\OML/cmm/m/it/10.95 ^^M[]\OT1/cmr/m/n/10.95 (\OML/cmm
/m/it/10.95 t[]\OT1/cmr/m/n/10.95 )\OMS/cmsy/m/n/10.95 k \OT1/cmr/m/n/10.95 (\O
ML/cmm/m/it/10.95 t \OMS/cmsy/m/n/10.95 ! \OML/cmm/m/it/10.95 t[] \OT1/cmr/m/n/
10.95 + 0)[][] \OMS/cmsy/m/n/10.95 ! k\OML/cmm/m/it/10.95 ^^M[]\OT1/cmr/m/n/10.
95 (\OML/cmm/m/it/10.95 t[]\OT1/cmr/m/n/10.95 )\OMS/cmsy/m/n/10.95 k \OT1/cmr/m
/n/10.95 (\OML/cmm/m/it/10.95 t \OMS/cmsy/m/n/10.95 ! \OML/cmm/m/it/10.95 t[] \
OMS/cmsy/m/n/10.95 ^^@ \OT1/cmr/m/n/10.95 0)[]
[53]
Overfull \hbox (7.54262pt too wide) detected at line 1509
[][] \OML/cmm/m/it/10.95 ^^M[]\OT1/cmr/m/n/10.95 (\OML/cmm/m/it/10.95 ^^\\OT1/c
mr/m/n/10.95 )[]\OML/cmm/m/it/10.95 ^^\ \OT1/cmr/m/n/10.95 = []  []  [] = \OML/
cmm/m/it/10.95 ^^M\OT1/cmr/m/n/10.95 (\OML/cmm/m/it/10.95 ^^\[]\OT1/cmr/m/n/10.
95 ) \OMS/cmsy/m/n/10.95 ^^@ \OML/cmm/m/it/10.95 ^^M\OT1/cmr/m/n/10.95 (\OML/cm
m/m/it/10.95 ^^\[]\OT1/cmr/m/n/10.95 )
[54] [55] [56]
\IeC {\textsection } 13.
[57] [58] [59] [60]
\IeC {\textsection } 14.
[61]
Underfull \hbox (badness 10000) in paragraph at lines 1775--1777

[62] [63] [64]
\IeC {\textsection } 15.
[65] [66] [67] [68]
\IeC {\textsection } 16.

Package hyperref Warning: Token not allowed in a PDF string (PDFDocEncoding):
(hyperref)                removing `math shift' on input line 1974.


Package hyperref Warning: Token not allowed in a PDF string (PDFDocEncoding):
(hyperref)                removing `math shift' on input line 1974.


Package hyperref Warning: Token not allowed in a PDF string (PDFDocEncoding):
(hyperref)                removing `math shift' on input line 1974.


Package hyperref Warning: Token not allowed in a PDF string (PDFDocEncoding):
(hyperref)                removing `math shift' on input line 1974.


Underfull \hbox (badness 10000) in paragraph at lines 1983--1986

[69] [70] [71] [72] [73] [74]
\IeC {\textsection } 17.
[75] [76] [77] [78]
\IeC {\textsection } 18.
[79] [80]
\IeC {\textsection } 19.
[81] [82]
Underfull \hbox (badness 10000) in paragraph at lines 2601--2603

[83] [84]
\IeC {\textsection } 20.
[85]
Underfull \hbox (badness 10000) in paragraph at lines 2699--2700

[86] [87] [88]
\IeC {\textsection } 21.
[89] [90] [91] [92]
Underfull \hbox (badness 10000) in paragraph at lines 2959--2966

[93] [94]
\IeC {\textsection } 22.
[95] [96] [97] [98] [99] [100]
\IeC {\textsection } 23.

Underfull \hbox (badness 10000) in paragraph at lines 3337--3338

[101] [102] [103] [104]
\IeC {\textsection } 24.
[105] [106] [107] [108]
\IeC {\textsection } 25.
[109] [110] [111] [112]
Anhang A.
** Generating table of satz,wichtigedefinition
No file Ana2Bachelor.thm.
No file Ana2Bachelor.ind.
[113] [114]
Anhang B.

Underfull \hbox (badness 10000) in paragraph at lines 3835--3861

[115] (./Ana2Bachelor.aux)

LaTeX Font Warning: Some font shapes were not available, defaults substituted.


LaTeX Warning: Label(s) may have changed. Rerun to get cross-references right.

 )
(see the transcript file for additional information){/usr/share/texmf/fonts/enc
/dvips/cm-super/cm-super-t1.enc}</usr/share/texmf-texlive/fonts/type1/public/am
sfonts/cm/cmbx10.pfb></usr/share/texmf-texlive/fonts/type1/public/amsfonts/cm/c
mbx8.pfb></usr/share/texmf-texlive/fonts/type1/public/amsfonts/cm/cmex10.pfb></
usr/share/texmf-texlive/fonts/type1/public/amsfonts/cm/cmmi10.pfb></usr/share/t
exmf-texlive/fonts/type1/public/amsfonts/cm/cmmi12.pfb></usr/share/texmf-texliv
e/fonts/type1/public/amsfonts/cm/cmmi6.pfb></usr/share/texmf-texlive/fonts/type
1/public/amsfonts/cm/cmmi8.pfb></usr/share/texmf-texlive/fonts/type1/public/ams
fonts/cm/cmmib10.pfb></usr/share/texmf-texlive/fonts/type1/public/amsfonts/cmex
tra/cmmib8.pfb></usr/share/texmf-texlive/fonts/type1/public/amsfonts/cm/cmr10.p
fb></usr/share/texmf-texlive/fonts/type1/public/amsfonts/cm/cmr6.pfb></usr/shar
e/texmf-texlive/fonts/type1/public/amsfonts/cm/cmr8.pfb></usr/share/texmf-texli
ve/fonts/type1/public/amsfonts/cm/cmsy10.pfb></usr/share/texmf-texlive/fonts/ty
pe1/public/amsfonts/cm/cmsy6.pfb></usr/share/texmf-texlive/fonts/type1/public/a
msfonts/cm/cmsy8.pfb></usr/share/texmf-texlive/fonts/type1/public/amsfonts/eule
r/eufm10.pfb></usr/share/texmf-texlive/fonts/type1/public/amsfonts/symbols/msam
10.pfb></usr/share/texmf-texlive/fonts/type1/public/amsfonts/symbols/msbm10.pfb
></usr/share/texmf-texlive/fonts/type1/public/rsfs/rsfs10.pfb></usr/share/texmf
/fonts/type1/public/cm-super/sfbx1095.pfb></usr/share/texmf/fonts/type1/public/
cm-super/sfrm0600.pfb></usr/share/texmf/fonts/type1/public/cm-super/sfrm0800.pf
b></usr/share/texmf/fonts/type1/public/cm-super/sfrm1095.pfb></usr/share/texmf/
fonts/type1/public/cm-super/sfrm1440.pfb></usr/share/texmf/fonts/type1/public/c
m-super/sfsl1095.pfb></usr/share/texmf/fonts/type1/public/cm-super/sfsx1095.pfb
></usr/share/texmf/fonts/type1/public/cm-super/sfsx1440.pfb></usr/share/texmf/f
onts/type1/public/cm-super/sfsx2074.pfb></usr/share/texmf/fonts/type1/public/cm
-super/sfti1095.pfb></usr/share/texmf/fonts/type1/public/cm-super/sftt1095.pfb>
</usr/share/texmf/fonts/type1/public/cm-super/sftt1440.pfb>
Output written on Ana2Bachelor.pdf (115 pages, 953280 bytes).
Transcript written on Ana2Bachelor.log.
Result: ExitSuccess

Running /usr/bin/makeindex SS10/Ana2Bachelor.idx in an env with 4 entries:
This is makeindex, version 2.15 [TeX Live 2009] (kpathsea + Thai support).
Scanning input file SS10/Ana2Bachelor.idx....done (196 entries accepted, 0 rejected).
Sorting entries.....done (1660 comparisons).
Generating output file SS10/Ana2Bachelor.ind....done (278 lines written, 0 warnings).
Output written in SS10/Ana2Bachelor.ind.
Transcript written in SS10/Ana2Bachelor.ilg.
Result: ExitSuccess

Running /usr/bin/pdflatex Ana2Bachelor.tex in an env with 4 entries:
This is pdfTeX, Version 3.1415926-1.40.10 (TeX Live 2009/Debian)
entering extended mode
(../data/SS10/Ana2Bachelor.tex
LaTeX2e <2009/09/24>
Babel <v3.8l> and hyphenation patterns for english, usenglishmax, dumylang, noh
yphenation, farsi, arabic, croatian, bulgarian, ukrainian, russian, czech, slov
ak, danish, dutch, finnish, french, basque, ngerman, german, german-x-2009-06-1
9, ngerman-x-2009-06-19, ibycus, monogreek, greek, ancientgreek, hungarian, san
skrit, italian, latin, latvian, lithuanian, mongolian2a, mongolian, bokmal, nyn
orsk, romanian, irish, coptic, serbian, turkish, welsh, esperanto, uppersorbian
, estonian, indonesian, interlingua, icelandic, kurmanji, slovenian, polish, po
rtuguese, spanish, galician, catalan, swedish, ukenglish, loaded.
(/usr/share/texmf-texlive/tex/latex/koma-script/scrbook.cls
Document Class: scrbook 2009/07/24 v3.04a KOMA-Script document class (book)
(/usr/share/texmf-texlive/tex/latex/koma-script/scrkbase.sty
(/usr/share/texmf-texlive/tex/latex/koma-script/scrbase.sty
(/usr/share/texmf-texlive/tex/latex/graphics/keyval.sty)
(/usr/share/texmf-texlive/tex/latex/koma-script/scrlfile.sty
Package scrlfile, 2009/03/25 v3.03 KOMA-Script package (loading files)
                  Copyright (C) Markus Kohm

))) (/usr/share/texmf-texlive/tex/latex/koma-script/tocbasic.sty)
(/usr/share/texmf-texlive/tex/latex/koma-script/scrsize11pt.clo)
(/usr/share/texmf-texlive/tex/latex/koma-script/typearea.sty
Package typearea, 2009/07/24 v3.04a KOMA-Script package (type area)
                  Copyright (C) Frank Neukam, 1992-1994
                  Copyright (C) Markus Kohm, 1994-

)) (../data/ana.sty (../data/mathe.sty (../data/latexki.sty)
(/usr/share/texmf-texlive/tex/latex/base/inputenc.sty
(/usr/share/texmf-texlive/tex/latex/base/utf8.def
(/usr/share/texmf-texlive/tex/latex/base/t1enc.dfu)
(/usr/share/texmf-texlive/tex/latex/base/ot1enc.dfu)
(/usr/share/texmf-texlive/tex/latex/base/omsenc.dfu)))
(/usr/share/texmf-texlive/tex/generic/babel/babel.sty
(/usr/share/texmf-texlive/tex/generic/babel/ngermanb.ldf
(/usr/share/texmf-texlive/tex/generic/babel/babel.def)))
(/usr/share/texmf-texlive/tex/latex/base/fontenc.sty
(/usr/share/texmf-texlive/tex/latex/base/t1enc.def))
(/usr/share/texmf-texlive/tex/latex/amsfonts/amsfonts.sty)
(/usr/share/texmf-texlive/tex/latex/amsfonts/amssymb.sty)
(/usr/share/texmf-texlive/tex/latex/amsmath/amsmath.sty
For additional information on amsmath, use the `?' option.
(/usr/share/texmf-texlive/tex/latex/amsmath/amstext.sty
(/usr/share/texmf-texlive/tex/latex/amsmath/amsgen.sty))
(/usr/share/texmf-texlive/tex/latex/amsmath/amsbsy.sty)
(/usr/share/texmf-texlive/tex/latex/amsmath/amsopn.sty))
(/usr/share/texmf-texlive/tex/latex/stmaryrd/stmaryrd.sty)
(/usr/share/texmf-texlive/tex/latex/tools/verbatim.sty)
(/usr/share/texmf-texlive/tex/latex/base/ifthen.sty)
(/usr/share/texmf-texlive/tex/latex/ntheorem/ntheorem.sty
Style `ntheorem', Version 1.25 <2005/07/07>
) (/usr/share/texmf-texlive/tex/latex/ltxmisc/framed.sty)
(/usr/share/texmf-texlive/tex/latex/pstricks/pstricks.sty
(/usr/share/texmf-texlive/tex/generic/pstricks/pstricks.tex
`PSTricks' v1.29  <2009/05/19> (tvz)
(/usr/share/texmf-texlive/tex/generic/pstricks/pstricks.con))
(/usr/share/texmf/tex/latex/xcolor/xcolor.sty
(/etc/texmf/tex/latex/config/color.cfg)
(/usr/share/texmf-texlive/tex/latex/pdftex-def/pdftex.def)))
(/usr/share/texmf-texlive/tex/latex/carlisle/slashed.sty)
(/usr/share/texmf-texlive/tex/latex/base/makeidx.sty)
(/usr/share/texmf-texlive/tex/latex/wasysym/wasysym.sty)
(/usr/share/texmf-texlive/tex/latex/jknapltx/mathrsfs.sty)
(/usr/share/texmf-texlive/tex/latex/mh/mathtools.sty
(/usr/share/texmf-texlive/tex/latex/tools/calc.sty)
(/usr/share/texmf-texlive/tex/latex/mh/mhsetup.sty))
(/usr/share/texmf-texlive/tex/latex/doublestroke/dsfont.sty)
(/usr/share/texmf-texlive/tex/latex/hyperref/hyperref.sty
(/usr/share/texmf-texlive/tex/generic/oberdiek/ifpdf.sty)
(/usr/share/texmf-texlive/tex/generic/oberdiek/ifvtex.sty)
(/usr/share/texmf-texlive/tex/generic/ifxetex/ifxetex.sty)
(/usr/share/texmf-texlive/tex/latex/oberdiek/hycolor.sty
(/usr/share/texmf-texlive/tex/latex/oberdiek/xcolor-patch.sty))
(/usr/share/texmf-texlive/tex/latex/hyperref/pd1enc.def)
(/usr/share/texmf-texlive/tex/generic/oberdiek/etexcmds.sty
(/usr/share/texmf-texlive/tex/generic/oberdiek/infwarerr.sty))
(/usr/share/texmf-texlive/tex/latex/latexconfig/hyperref.cfg)
(/usr/share/texmf-texlive/tex/latex/oberdiek/kvoptions.sty
(/usr/share/texmf-texlive/tex/generic/oberdiek/kvsetkeys.sty))
Implicit mode ON; LaTeX internals redefined
(/usr/share/texmf-texlive/tex/latex/ltxmisc/url.sty)
(/usr/share/texmf-texlive/tex/generic/oberdiek/bitset.sty
(/usr/share/texmf-texlive/tex/generic/oberdiek/intcalc.sty)
(/usr/share/texmf-texlive/tex/generic/oberdiek/bigintcalc.sty
(/usr/share/texmf-texlive/tex/generic/oberdiek/pdftexcmds.sty
(/usr/share/texmf-texlive/tex/generic/oberdiek/ifluatex.sty)
(/usr/share/texmf-texlive/tex/generic/oberdiek/ltxcmds.sty))))
(/usr/share/texmf-texlive/tex/generic/oberdiek/atbegshi.sty))
*hyperref using default driver hpdftex*
(/usr/share/texmf-texlive/tex/latex/hyperref/hpdftex.def)
(/usr/share/texmf-texlive/tex/latex/etex-pkg/etex.sty)))
(../data/saetze-schmoeger.sty)
Writing index file Ana2Bachelor.idx
(./Ana2Bachelor.aux

LaTeX Warning: Label `(ii)' multiply defined.

) (/usr/share/texmf-texlive/tex/context/base/supp-pdf.mkii
[Loading MPS to PDF converter (version 2006.09.02).]
) (/usr/share/texmf-texlive/tex/latex/hyperref/nameref.sty
(/usr/share/texmf-texlive/tex/latex/oberdiek/refcount.sty)) (./Ana2Bachelor.out
) (./Ana2Bachelor.out) (/usr/share/texmf-texlive/tex/latex/base/t1cmss.fd)
(/usr/share/texmf-texlive/tex/latex/amsfonts/umsa.fd)
(/usr/share/texmf-texlive/tex/latex/amsfonts/umsb.fd)
(/usr/share/texmf-texlive/tex/latex/stmaryrd/Ustmry.fd)
(/usr/share/texmf-texlive/tex/latex/wasysym/uwasy.fd)
(/usr/share/texmf-texlive/tex/latex/jknapltx/ursfs.fd)
(/usr/share/texmf-texlive/tex/latex/base/t1cmtt.fd) [1
Non-PDF special ignored!
Non-PDF special ignored!
Non-PDF special ignored!{/var/lib/texmf/fonts/map/pdftex/updmap/pdftex.map}]
[2]

Package hyperref Warning: No destination for bookmark of \addcontentsline,
(hyperref)                destination is added on input line 17.

(./Ana2Bachelor.toc [3]) [4]
Kapitel I.
[5] [6]
\IeC {\textsection } 1.

Package hyperref Warning: Token not allowed in a PDF string (PDFDocEncoding):
(hyperref)                removing `math shift' on input line 45.


Package hyperref Warning: Token not allowed in a PDF string (PDFDocEncoding):
(hyperref)                removing `math shift' on input line 45.


Package hyperref Warning: Token not allowed in a PDF string (PDFDocEncoding):
(hyperref)                removing `math shift' on input line 45.


Package hyperref Warning: Token not allowed in a PDF string (PDFDocEncoding):
(hyperref)                removing `superscript' on input line 45.


Package hyperref Warning: Token not allowed in a PDF string (PDFDocEncoding):
(hyperref)                removing `math shift' on input line 45.

[7] [8] [9] [10]
\IeC {\textsection } 2.

Package hyperref Warning: Token not allowed in a PDF string (PDFDocEncoding):
(hyperref)                removing `math shift' on input line 163.


Package hyperref Warning: Token not allowed in a PDF string (PDFDocEncoding):
(hyperref)                removing `math shift' on input line 163.


Package hyperref Warning: Token not allowed in a PDF string (PDFDocEncoding):
(hyperref)                removing `math shift' on input line 163.


Package hyperref Warning: Token not allowed in a PDF string (PDFDocEncoding):
(hyperref)                removing `superscript' on input line 163.


Package hyperref Warning: Token not allowed in a PDF string (PDFDocEncoding):
(hyperref)                removing `math shift' on input line 163.

[11] [12] [13] [14]
\IeC {\textsection } 3.

Overfull \hbox (19.00331pt too wide) in paragraph at lines 238--239
[]\T1/cmr/m/n/10.95 Stets in dem Pa-ra-gra-phen: Sei $\OMS/cmsy/m/n/10.95 ; 6\O
T1/cmr/m/n/10.95 = \OML/cmm/m/it/10.95 D \OMS/cmsy/m/n/10.95 ^^R \U/msb/m/n/10.
95 R[]$ \T1/cmr/m/n/10.95 und $\OML/cmm/m/it/10.95 f \OT1/cmr/m/n/10.95 : \OML/
cmm/m/it/10.95 D \OMS/cmsy/m/n/10.95 ! \U/msb/m/n/10.95 R[]$ \T1/cmr/m/n/10.95 
ei-ne (\T1/cmr/bx/n/10.95 vektorwertige\T1/cmr/m/n/10.95 )
[15] [16]

LaTeX Font Warning: Font shape `U/stmry/b/n' undefined
(Font)              using `U/stmry/m/n' instead on input line 365.


LaTeX Font Warning: Font shape `U/wasy/b/n' in size <8> not available
(Font)              Font shape `U/wasy/m/n' tried instead on input line 365.


LaTeX Font Warning: Font shape `U/wasy/b/n' in size <6> not available
(Font)              Font shape `U/wasy/m/n' tried instead on input line 365.

[17] [18]
\IeC {\textsection } 4.
[19] [20] [21] [22]
\IeC {\textsection } 5.
[23] [24] [25] [26]
Overfull \hbox (14.64386pt too wide) in paragraph at lines 725--728
[]$\OT1/cmr/m/n/10.95 ^^H(\OML/cmm/m/it/10.95 x\OT1/cmr/m/n/10.95 ) := \OML/cmm
/m/it/10.95 Ax\OT1/cmr/m/n/10.95 (\OML/cmm/m/it/10.95 x \OMS/cmsy/m/n/10.95 2 \
U/msb/m/n/10.95 R[]\OT1/cmr/m/n/10.95 )\OML/cmm/m/it/10.95 :[]  \OT1/cmr/m/n/10
.95 =[]\OMS/cmsy/m/n/10.95 )  \OT1/cmr/m/n/10.95 ^^H[]^^H : \U/msb/m/n/10.95 R[
] \OMS/cmsy/m/n/10.95 ! \U/msb/m/n/10.95 R[]\OML/cmm/m/it/10.95 :  []  \OT1/cmr
/m/n/10.95 ^^H[]\OML/cmm/m/it/10.95 Kern\OT1/cmr/m/n/10.95 ^^H =
[27]

LaTeX Warning: Unknown theoremstyle `numberbreak'. Using `plain' on input line 
747.

[28]
\IeC {\textsection } 6.
[29] [30]
Overfull \hbox (9.68068pt too wide) in paragraph at lines 836--837
[][] \OT1/cmr/m/n/10.95 = []$\T1/cmr/m/n/10.95 . D.h.: $[]\OT1/cmr/m/n/10.95 (0
\OML/cmm/m/it/10.95 ; \OT1/cmr/m/n/10.95 0)$ \T1/cmr/m/n/10.95 ex. $ \OMS/cmsy/
m/n/10.95 ([])  \OML/cmm/m/it/10.95 a[]a[] \OT1/cmr/m/n/10.95 = 0  \OMS/cmsy/m/
n/10.95 ([])  \OML/cmm/m/it/10.95 a \OMS/cmsy/m/n/10.95 2 f\OT1/cmr/m/n/10.95 (
1\OML/cmm/m/it/10.95 ; \OT1/cmr/m/n/10.95 0)\OML/cmm/m/it/10.95 ; \OT1/cmr/m/n/
10.95 (\OMS/cmsy/m/n/10.95 ^^@\OT1/cmr/m/n/10.95 1\OML/cmm/m/it/10.95 ; \OT1/cm
r/m/n/10.95 0)\OML/cmm/m/it/10.95 ; \OT1/cmr/m/n/10.95 (0\OML/cmm/m/it/10.95 ; 
\OT1/cmr/m/n/10.95 1)\OML/cmm/m/it/10.95 ; \OT1/cmr/m/n/10.95 (0\OML/cmm/m/it/1
0.95 ; \OMS/cmsy/m/n/10.95 ^^@\OT1/cmr/m/n/10.95 1)\OMS/cmsy/m/n/10.95 g$\T1/cm
r/m/n/10.95 .

Overfull \hbox (26.30922pt too wide) in paragraph at lines 868--869
[]$[]  []  \OMS/cmsy/m/n/10.95 j\OML/cmm/m/it/10.95 a \OMS/cmsy/m/n/10.95 ^^A [
] \OML/cmm/m/it/10.95 f\OT1/cmr/m/n/10.95 (\OML/cmm/m/it/10.95 x[]\OT1/cmr/m/n/
10.95 )\OMS/cmsy/m/n/10.95 j [] k\OML/cmm/m/it/10.95 a\OMS/cmsy/m/n/10.95 k ^^A
 k [] \OML/cmm/m/it/10.95 f\OT1/cmr/m/n/10.95 (\OML/cmm/m/it/10.95 x[]\OT1/cmr/
m/n/10.95 )\OMS/cmsy/m/n/10.95 k \OT1/cmr/m/n/10.95 = \OMS/cmsy/m/n/10.95 k [] 
\OML/cmm/m/it/10.95 f\OT1/cmr/m/n/10.95 (\OML/cmm/m/it/10.95 x[]\OT1/cmr/m/n/10
.95 )\OMS/cmsy/m/n/10.95 k \OT1/cmr/m/n/10.95 = [] [] \OML/cmm/m/it/10.95 f\OT1
/cmr/m/n/10.95 (\OML/cmm/m/it/10.95 x[]\OT1/cmr/m/n/10.95 ) \OMS/cmsy/m/n/10.95
 ^^A
[31]
Overfull \hbox (28.17564pt too wide) detected at line 882
\OT1/cmr/m/n/10.95 (\OML/cmm/m/it/10.95 h \OMS/cmsy/m/n/10.95 ^^A r\OT1/cmr/m/n
/10.95 ) := \OML/cmm/m/it/10.95 h[][] \OT1/cmr/m/n/10.95 + [] + \OML/cmm/m/it/1
0.95 h[][]\OT1/cmr/m/n/10.95 ;  (\OML/cmm/m/it/10.95 h \OMS/cmsy/m/n/10.95 ^^A 
r\OT1/cmr/m/n/10.95 )\OML/cmm/m/it/10.95 f \OT1/cmr/m/n/10.95 := \OML/cmm/m/it/
10.95 h[][] \OT1/cmr/m/n/10.95 + [] + \OML/cmm/m/it/10.95 h[][] \OT1/cmr/m/n/10
.95 = \OML/cmm/m/it/10.95 h [] f\OT1/cmr/m/n/10.95 ;  (\OML/cmm/m/it/10.95 h \O
MS/cmsy/m/n/10.95 ^^A r\OT1/cmr/m/n/10.95 )\OML/cmm/m/it/10.95 f\OT1/cmr/m/n/10
.95 (\OML/cmm/m/it/10.95 x[]\OT1/cmr/m/n/10.95 ) := \OML/cmm/m/it/10.95 h \OMS/
cmsy/m/n/10.95 ^^A [] \OML/cmm/m/it/10.95 f\OT1/cmr/m/n/10.95 (\OML/cmm/m/it/10
.95 x[]\OT1/cmr/m/n/10.95 )
[32] [33] [34]
\IeC {\textsection } 7.

Underfull \hbox (badness 10000) in paragraph at lines 951--953

[35] [36]
\IeC {\textsection } 8.
[37]
Underfull \hbox (badness 10000) in paragraph at lines 1049--1050


Underfull \hbox (badness 10000) in paragraph at lines 1053--1055

[38]
\IeC {\textsection } 9.
[39] [40] [41] [42]
\IeC {\textsection } 10.
[43] [44] [45] [46]
\IeC {\textsection } 11.
[47]
Overfull \hbox (19.34203pt too wide) detected at line 1339
\OT1/cmr/m/n/10.95 0 = \OML/cmm/m/it/10.95 h[]\OT1/cmr/m/n/10.95 (\OML/cmm/m/it
/10.95 z[]\OT1/cmr/m/n/10.95 )  []  \OML/cmm/m/it/10.95 f[]\OT1/cmr/m/n/10.95 (
\OML/cmm/m/it/10.95 g\OT1/cmr/m/n/10.95 (\OML/cmm/m/it/10.95 z[]\OT1/cmr/m/n/10
.95 )\OML/cmm/m/it/10.95 ; z[]\OT1/cmr/m/n/10.95 ) \OMS/cmsy/m/n/10.95 ^^A [] \
OT1/cmr/m/n/10.95 = [] \OMS/cmsy/m/n/10.95 ^^A [] \OT1/cmr/m/n/10.95 = [](\OML/
cmm/m/it/10.95 x[]\OT1/cmr/m/n/10.95 )\OML/cmm/m/it/10.95 g[]\OT1/cmr/m/n/10.95
 (\OML/cmm/m/it/10.95 z[]\OT1/cmr/m/n/10.95 ) + [](\OML/cmm/m/it/10.95 x[]\OT1/
cmr/m/n/10.95 )
[48]
Underfull \hbox (badness 10000) in paragraph at lines 1363--1364

[49] [50]
\IeC {\textsection } 12.

Package hyperref Warning: Token not allowed in a PDF string (PDFDocEncoding):
(hyperref)                removing `math shift' on input line 1394.


Package hyperref Warning: Token not allowed in a PDF string (PDFDocEncoding):
(hyperref)                removing `math shift' on input line 1394.


Package hyperref Warning: Token not allowed in a PDF string (PDFDocEncoding):
(hyperref)                removing `math shift' on input line 1394.


Package hyperref Warning: Token not allowed in a PDF string (PDFDocEncoding):
(hyperref)                removing `superscript' on input line 1394.


Package hyperref Warning: Token not allowed in a PDF string (PDFDocEncoding):
(hyperref)                removing `math shift' on input line 1394.

(/usr/share/texmf-texlive/tex/latex/amsfonts/ueuf.fd)
Underfull \hbox (badness 10000) in paragraph at lines 1425--1426

[51] [52]
Overfull \hbox (11.85016pt too wide) detected at line 1505
[] \OMS/cmsy/m/n/10.95 ! k\OML/cmm/m/it/10.95 ^^M[]\OT1/cmr/m/n/10.95 (\OML/cmm
/m/it/10.95 t[]\OT1/cmr/m/n/10.95 )\OMS/cmsy/m/n/10.95 k \OT1/cmr/m/n/10.95 (\O
ML/cmm/m/it/10.95 t \OMS/cmsy/m/n/10.95 ! \OML/cmm/m/it/10.95 t[] \OT1/cmr/m/n/
10.95 + 0)[][] \OMS/cmsy/m/n/10.95 ! k\OML/cmm/m/it/10.95 ^^M[]\OT1/cmr/m/n/10.
95 (\OML/cmm/m/it/10.95 t[]\OT1/cmr/m/n/10.95 )\OMS/cmsy/m/n/10.95 k \OT1/cmr/m
/n/10.95 (\OML/cmm/m/it/10.95 t \OMS/cmsy/m/n/10.95 ! \OML/cmm/m/it/10.95 t[] \
OMS/cmsy/m/n/10.95 ^^@ \OT1/cmr/m/n/10.95 0)[]
[53]
Overfull \hbox (7.54262pt too wide) detected at line 1509
[][] \OML/cmm/m/it/10.95 ^^M[]\OT1/cmr/m/n/10.95 (\OML/cmm/m/it/10.95 ^^\\OT1/c
mr/m/n/10.95 )[]\OML/cmm/m/it/10.95 ^^\ \OT1/cmr/m/n/10.95 = []  []  [] = \OML/
cmm/m/it/10.95 ^^M\OT1/cmr/m/n/10.95 (\OML/cmm/m/it/10.95 ^^\[]\OT1/cmr/m/n/10.
95 ) \OMS/cmsy/m/n/10.95 ^^@ \OML/cmm/m/it/10.95 ^^M\OT1/cmr/m/n/10.95 (\OML/cm
m/m/it/10.95 ^^\[]\OT1/cmr/m/n/10.95 )
[54] [55] [56]
\IeC {\textsection } 13.
[57] [58] [59] [60]
\IeC {\textsection } 14.
[61]
Underfull \hbox (badness 10000) in paragraph at lines 1775--1777

[62] [63] [64]
\IeC {\textsection } 15.
[65] [66] [67] [68]
\IeC {\textsection } 16.

Package hyperref Warning: Token not allowed in a PDF string (PDFDocEncoding):
(hyperref)                removing `math shift' on input line 1974.


Package hyperref Warning: Token not allowed in a PDF string (PDFDocEncoding):
(hyperref)                removing `math shift' on input line 1974.


Package hyperref Warning: Token not allowed in a PDF string (PDFDocEncoding):
(hyperref)                removing `math shift' on input line 1974.


Package hyperref Warning: Token not allowed in a PDF string (PDFDocEncoding):
(hyperref)                removing `math shift' on input line 1974.


Underfull \hbox (badness 10000) in paragraph at lines 1983--1986

[69] [70] [71] [72] [73] [74]
\IeC {\textsection } 17.
[75] [76] [77] [78]
\IeC {\textsection } 18.
[79] [80]
\IeC {\textsection } 19.
[81] [82]
Underfull \hbox (badness 10000) in paragraph at lines 2601--2603

[83] [84]
\IeC {\textsection } 20.
[85]
Underfull \hbox (badness 10000) in paragraph at lines 2699--2700

[86] [87] [88]
\IeC {\textsection } 21.
[89] [90] [91] [92]
Underfull \hbox (badness 10000) in paragraph at lines 2959--2966

[93] [94]
\IeC {\textsection } 22.
[95] [96] [97] [98] [99] [100]
\IeC {\textsection } 23.

Underfull \hbox (badness 10000) in paragraph at lines 3337--3338

[101] [102] [103] [104]
\IeC {\textsection } 24.
[105] [106] [107] [108]
\IeC {\textsection } 25.
[109] [110] [111] [112]
Anhang A.
** Generating table of satz,wichtigedefinition
(./Ana2Bachelor.thm [113]
Underfull \vbox (badness 5771) has occurred while \output is active [114])
(./Ana2Bachelor.ind [115] [116] [117]
Overfull \hbox (1.04814pt too wide) in paragraph at lines 113--114
[]| \T1/cmr/m/n/10.95 Dif-fe-ren-ti-al-glei-chung n-ter Ord-nung, [][]105[][] 

Overfull \hbox (1.04814pt too wide) in paragraph at lines 121--122
[]| \T1/cmr/m/n/10.95 Dif-fe-ren-ti-al-glei-chung n-ter Ord-nung, [][]105[][] 

Overfull \hbox (1.04814pt too wide) in paragraph at lines 160--161
[]| \T1/cmr/m/n/10.95 Dif-fe-ren-ti-al-glei-chung n-ter Ord-nung, [][]105[][] 

Overfull \hbox (0.1222pt too wide) in paragraph at lines 167--168
[]| \T1/cmr/m/n/10.95 Ex-tre-mum un-ter ei-ner Ne-ben-be-din-gung,
[118] [119]) [120]
Anhang B.

Underfull \hbox (badness 10000) in paragraph at lines 3835--3861

[121] (./Ana2Bachelor.aux)

LaTeX Font Warning: Some font shapes were not available, defaults substituted.


LaTeX Warning: There were multiply-defined labels.

 )
(see the transcript file for additional information)pdfTeX warning (dest): name
{appendix.766} has been referenced but does not exist, replaced by a fixed one

{/usr/share/texmf/fonts/enc/dvips/cm-super/cm-super-t1.enc}</usr/share/texmf-te
xlive/fonts/type1/public/amsfonts/cm/cmbx10.pfb></usr/share/texmf-texlive/fonts
/type1/public/amsfonts/cm/cmbx8.pfb></usr/share/texmf-texlive/fonts/type1/publi
c/amsfonts/cm/cmex10.pfb></usr/share/texmf-texlive/fonts/type1/public/amsfonts/
cm/cmmi10.pfb></usr/share/texmf-texlive/fonts/type1/public/amsfonts/cm/cmmi12.p
fb></usr/share/texmf-texlive/fonts/type1/public/amsfonts/cm/cmmi6.pfb></usr/sha
re/texmf-texlive/fonts/type1/public/amsfonts/cm/cmmi8.pfb></usr/share/texmf-tex
live/fonts/type1/public/amsfonts/cm/cmmib10.pfb></usr/share/texmf-texlive/fonts
/type1/public/amsfonts/cmextra/cmmib8.pfb></usr/share/texmf-texlive/fonts/type1
/public/amsfonts/cm/cmr10.pfb></usr/share/texmf-texlive/fonts/type1/public/amsf
onts/cm/cmr6.pfb></usr/share/texmf-texlive/fonts/type1/public/amsfonts/cm/cmr8.
pfb></usr/share/texmf-texlive/fonts/type1/public/amsfonts/cm/cmsy10.pfb></usr/s
hare/texmf-texlive/fonts/type1/public/amsfonts/cm/cmsy6.pfb></usr/share/texmf-t
exlive/fonts/type1/public/amsfonts/cm/cmsy8.pfb></usr/share/texmf-texlive/fonts
/type1/public/amsfonts/euler/eufm10.pfb></usr/share/texmf-texlive/fonts/type1/p
ublic/amsfonts/symbols/msam10.pfb></usr/share/texmf-texlive/fonts/type1/public/
amsfonts/symbols/msbm10.pfb></usr/share/texmf-texlive/fonts/type1/public/rsfs/r
sfs10.pfb></usr/share/texmf/fonts/type1/public/cm-super/sfbx1095.pfb></usr/shar
e/texmf/fonts/type1/public/cm-super/sfrm0600.pfb></usr/share/texmf/fonts/type1/
public/cm-super/sfrm0800.pfb></usr/share/texmf/fonts/type1/public/cm-super/sfrm
1095.pfb></usr/share/texmf/fonts/type1/public/cm-super/sfrm1440.pfb></usr/share
/texmf/fonts/type1/public/cm-super/sfsl1095.pfb></usr/share/texmf/fonts/type1/p
ublic/cm-super/sfsx1095.pfb></usr/share/texmf/fonts/type1/public/cm-super/sfsx1
440.pfb></usr/share/texmf/fonts/type1/public/cm-super/sfsx2074.pfb></usr/share/
texmf/fonts/type1/public/cm-super/sfti1095.pfb></usr/share/texmf/fonts/type1/pu
blic/cm-super/sftt1095.pfb></usr/share/texmf/fonts/type1/public/cm-super/sftt14
40.pfb>
Output written on Ana2Bachelor.pdf (121 pages, 1038063 bytes).
Transcript written on Ana2Bachelor.log.
Result: ExitSuccess

Running /usr/bin/pdflatex Ana2Bachelor.tex in an env with 4 entries:
This is pdfTeX, Version 3.1415926-1.40.10 (TeX Live 2009/Debian)
entering extended mode
(../data/SS10/Ana2Bachelor.tex
LaTeX2e <2009/09/24>
Babel <v3.8l> and hyphenation patterns for english, usenglishmax, dumylang, noh
yphenation, farsi, arabic, croatian, bulgarian, ukrainian, russian, czech, slov
ak, danish, dutch, finnish, french, basque, ngerman, german, german-x-2009-06-1
9, ngerman-x-2009-06-19, ibycus, monogreek, greek, ancientgreek, hungarian, san
skrit, italian, latin, latvian, lithuanian, mongolian2a, mongolian, bokmal, nyn
orsk, romanian, irish, coptic, serbian, turkish, welsh, esperanto, uppersorbian
, estonian, indonesian, interlingua, icelandic, kurmanji, slovenian, polish, po
rtuguese, spanish, galician, catalan, swedish, ukenglish, loaded.
(/usr/share/texmf-texlive/tex/latex/koma-script/scrbook.cls
Document Class: scrbook 2009/07/24 v3.04a KOMA-Script document class (book)
(/usr/share/texmf-texlive/tex/latex/koma-script/scrkbase.sty
(/usr/share/texmf-texlive/tex/latex/koma-script/scrbase.sty
(/usr/share/texmf-texlive/tex/latex/graphics/keyval.sty)
(/usr/share/texmf-texlive/tex/latex/koma-script/scrlfile.sty
Package scrlfile, 2009/03/25 v3.03 KOMA-Script package (loading files)
                  Copyright (C) Markus Kohm

))) (/usr/share/texmf-texlive/tex/latex/koma-script/tocbasic.sty)
(/usr/share/texmf-texlive/tex/latex/koma-script/scrsize11pt.clo)
(/usr/share/texmf-texlive/tex/latex/koma-script/typearea.sty
Package typearea, 2009/07/24 v3.04a KOMA-Script package (type area)
                  Copyright (C) Frank Neukam, 1992-1994
                  Copyright (C) Markus Kohm, 1994-

)) (../data/ana.sty (../data/mathe.sty (../data/latexki.sty)
(/usr/share/texmf-texlive/tex/latex/base/inputenc.sty
(/usr/share/texmf-texlive/tex/latex/base/utf8.def
(/usr/share/texmf-texlive/tex/latex/base/t1enc.dfu)
(/usr/share/texmf-texlive/tex/latex/base/ot1enc.dfu)
(/usr/share/texmf-texlive/tex/latex/base/omsenc.dfu)))
(/usr/share/texmf-texlive/tex/generic/babel/babel.sty
(/usr/share/texmf-texlive/tex/generic/babel/ngermanb.ldf
(/usr/share/texmf-texlive/tex/generic/babel/babel.def)))
(/usr/share/texmf-texlive/tex/latex/base/fontenc.sty
(/usr/share/texmf-texlive/tex/latex/base/t1enc.def))
(/usr/share/texmf-texlive/tex/latex/amsfonts/amsfonts.sty)
(/usr/share/texmf-texlive/tex/latex/amsfonts/amssymb.sty)
(/usr/share/texmf-texlive/tex/latex/amsmath/amsmath.sty
For additional information on amsmath, use the `?' option.
(/usr/share/texmf-texlive/tex/latex/amsmath/amstext.sty
(/usr/share/texmf-texlive/tex/latex/amsmath/amsgen.sty))
(/usr/share/texmf-texlive/tex/latex/amsmath/amsbsy.sty)
(/usr/share/texmf-texlive/tex/latex/amsmath/amsopn.sty))
(/usr/share/texmf-texlive/tex/latex/stmaryrd/stmaryrd.sty)
(/usr/share/texmf-texlive/tex/latex/tools/verbatim.sty)
(/usr/share/texmf-texlive/tex/latex/base/ifthen.sty)
(/usr/share/texmf-texlive/tex/latex/ntheorem/ntheorem.sty
Style `ntheorem', Version 1.25 <2005/07/07>
) (/usr/share/texmf-texlive/tex/latex/ltxmisc/framed.sty)
(/usr/share/texmf-texlive/tex/latex/pstricks/pstricks.sty
(/usr/share/texmf-texlive/tex/generic/pstricks/pstricks.tex
`PSTricks' v1.29  <2009/05/19> (tvz)
(/usr/share/texmf-texlive/tex/generic/pstricks/pstricks.con))
(/usr/share/texmf/tex/latex/xcolor/xcolor.sty
(/etc/texmf/tex/latex/config/color.cfg)
(/usr/share/texmf-texlive/tex/latex/pdftex-def/pdftex.def)))
(/usr/share/texmf-texlive/tex/latex/carlisle/slashed.sty)
(/usr/share/texmf-texlive/tex/latex/base/makeidx.sty)
(/usr/share/texmf-texlive/tex/latex/wasysym/wasysym.sty)
(/usr/share/texmf-texlive/tex/latex/jknapltx/mathrsfs.sty)
(/usr/share/texmf-texlive/tex/latex/mh/mathtools.sty
(/usr/share/texmf-texlive/tex/latex/tools/calc.sty)
(/usr/share/texmf-texlive/tex/latex/mh/mhsetup.sty))
(/usr/share/texmf-texlive/tex/latex/doublestroke/dsfont.sty)
(/usr/share/texmf-texlive/tex/latex/hyperref/hyperref.sty
(/usr/share/texmf-texlive/tex/generic/oberdiek/ifpdf.sty)
(/usr/share/texmf-texlive/tex/generic/oberdiek/ifvtex.sty)
(/usr/share/texmf-texlive/tex/generic/ifxetex/ifxetex.sty)
(/usr/share/texmf-texlive/tex/latex/oberdiek/hycolor.sty
(/usr/share/texmf-texlive/tex/latex/oberdiek/xcolor-patch.sty))
(/usr/share/texmf-texlive/tex/latex/hyperref/pd1enc.def)
(/usr/share/texmf-texlive/tex/generic/oberdiek/etexcmds.sty
(/usr/share/texmf-texlive/tex/generic/oberdiek/infwarerr.sty))
(/usr/share/texmf-texlive/tex/latex/latexconfig/hyperref.cfg)
(/usr/share/texmf-texlive/tex/latex/oberdiek/kvoptions.sty
(/usr/share/texmf-texlive/tex/generic/oberdiek/kvsetkeys.sty))
Implicit mode ON; LaTeX internals redefined
(/usr/share/texmf-texlive/tex/latex/ltxmisc/url.sty)
(/usr/share/texmf-texlive/tex/generic/oberdiek/bitset.sty
(/usr/share/texmf-texlive/tex/generic/oberdiek/intcalc.sty)
(/usr/share/texmf-texlive/tex/generic/oberdiek/bigintcalc.sty
(/usr/share/texmf-texlive/tex/generic/oberdiek/pdftexcmds.sty
(/usr/share/texmf-texlive/tex/generic/oberdiek/ifluatex.sty)
(/usr/share/texmf-texlive/tex/generic/oberdiek/ltxcmds.sty))))
(/usr/share/texmf-texlive/tex/generic/oberdiek/atbegshi.sty))
*hyperref using default driver hpdftex*
(/usr/share/texmf-texlive/tex/latex/hyperref/hpdftex.def)
(/usr/share/texmf-texlive/tex/latex/etex-pkg/etex.sty)))
(../data/saetze-schmoeger.sty)
Writing index file Ana2Bachelor.idx
(./Ana2Bachelor.aux

LaTeX Warning: Label `(ii)' multiply defined.

) (/usr/share/texmf-texlive/tex/context/base/supp-pdf.mkii
[Loading MPS to PDF converter (version 2006.09.02).]
) (/usr/share/texmf-texlive/tex/latex/hyperref/nameref.sty
(/usr/share/texmf-texlive/tex/latex/oberdiek/refcount.sty)) (./Ana2Bachelor.out
) (./Ana2Bachelor.out) (/usr/share/texmf-texlive/tex/latex/base/t1cmss.fd)
(/usr/share/texmf-texlive/tex/latex/amsfonts/umsa.fd)
(/usr/share/texmf-texlive/tex/latex/amsfonts/umsb.fd)
(/usr/share/texmf-texlive/tex/latex/stmaryrd/Ustmry.fd)
(/usr/share/texmf-texlive/tex/latex/wasysym/uwasy.fd)
(/usr/share/texmf-texlive/tex/latex/jknapltx/ursfs.fd)
(/usr/share/texmf-texlive/tex/latex/base/t1cmtt.fd) [1
Non-PDF special ignored!
Non-PDF special ignored!
Non-PDF special ignored!{/var/lib/texmf/fonts/map/pdftex/updmap/pdftex.map}]
[2]

Package hyperref Warning: No destination for bookmark of \addcontentsline,
(hyperref)                destination is added on input line 17.

(./Ana2Bachelor.toc [3]) [4]
Kapitel I.
[5] [6]
\IeC {\textsection } 1.

Package hyperref Warning: Token not allowed in a PDF string (PDFDocEncoding):
(hyperref)                removing `math shift' on input line 45.


Package hyperref Warning: Token not allowed in a PDF string (PDFDocEncoding):
(hyperref)                removing `math shift' on input line 45.


Package hyperref Warning: Token not allowed in a PDF string (PDFDocEncoding):
(hyperref)                removing `math shift' on input line 45.


Package hyperref Warning: Token not allowed in a PDF string (PDFDocEncoding):
(hyperref)                removing `superscript' on input line 45.


Package hyperref Warning: Token not allowed in a PDF string (PDFDocEncoding):
(hyperref)                removing `math shift' on input line 45.

[7] [8] [9] [10]
\IeC {\textsection } 2.

Package hyperref Warning: Token not allowed in a PDF string (PDFDocEncoding):
(hyperref)                removing `math shift' on input line 163.


Package hyperref Warning: Token not allowed in a PDF string (PDFDocEncoding):
(hyperref)                removing `math shift' on input line 163.


Package hyperref Warning: Token not allowed in a PDF string (PDFDocEncoding):
(hyperref)                removing `math shift' on input line 163.


Package hyperref Warning: Token not allowed in a PDF string (PDFDocEncoding):
(hyperref)                removing `superscript' on input line 163.


Package hyperref Warning: Token not allowed in a PDF string (PDFDocEncoding):
(hyperref)                removing `math shift' on input line 163.

[11] [12] [13] [14]
\IeC {\textsection } 3.

Overfull \hbox (19.00331pt too wide) in paragraph at lines 238--239
[]\T1/cmr/m/n/10.95 Stets in dem Pa-ra-gra-phen: Sei $\OMS/cmsy/m/n/10.95 ; 6\O
T1/cmr/m/n/10.95 = \OML/cmm/m/it/10.95 D \OMS/cmsy/m/n/10.95 ^^R \U/msb/m/n/10.
95 R[]$ \T1/cmr/m/n/10.95 und $\OML/cmm/m/it/10.95 f \OT1/cmr/m/n/10.95 : \OML/
cmm/m/it/10.95 D \OMS/cmsy/m/n/10.95 ! \U/msb/m/n/10.95 R[]$ \T1/cmr/m/n/10.95 
ei-ne (\T1/cmr/bx/n/10.95 vektorwertige\T1/cmr/m/n/10.95 )
[15] [16]

LaTeX Font Warning: Font shape `U/stmry/b/n' undefined
(Font)              using `U/stmry/m/n' instead on input line 365.


LaTeX Font Warning: Font shape `U/wasy/b/n' in size <8> not available
(Font)              Font shape `U/wasy/m/n' tried instead on input line 365.


LaTeX Font Warning: Font shape `U/wasy/b/n' in size <6> not available
(Font)              Font shape `U/wasy/m/n' tried instead on input line 365.

[17] [18]
\IeC {\textsection } 4.
[19] [20] [21] [22]
\IeC {\textsection } 5.
[23] [24] [25] [26]
Overfull \hbox (14.64386pt too wide) in paragraph at lines 725--728
[]$\OT1/cmr/m/n/10.95 ^^H(\OML/cmm/m/it/10.95 x\OT1/cmr/m/n/10.95 ) := \OML/cmm
/m/it/10.95 Ax\OT1/cmr/m/n/10.95 (\OML/cmm/m/it/10.95 x \OMS/cmsy/m/n/10.95 2 \
U/msb/m/n/10.95 R[]\OT1/cmr/m/n/10.95 )\OML/cmm/m/it/10.95 :[]  \OT1/cmr/m/n/10
.95 =[]\OMS/cmsy/m/n/10.95 )  \OT1/cmr/m/n/10.95 ^^H[]^^H : \U/msb/m/n/10.95 R[
] \OMS/cmsy/m/n/10.95 ! \U/msb/m/n/10.95 R[]\OML/cmm/m/it/10.95 :  []  \OT1/cmr
/m/n/10.95 ^^H[]\OML/cmm/m/it/10.95 Kern\OT1/cmr/m/n/10.95 ^^H =
[27]

LaTeX Warning: Unknown theoremstyle `numberbreak'. Using `plain' on input line 
747.

[28]
\IeC {\textsection } 6.
[29] [30]
Overfull \hbox (9.68068pt too wide) in paragraph at lines 836--837
[][] \OT1/cmr/m/n/10.95 = []$\T1/cmr/m/n/10.95 . D.h.: $[]\OT1/cmr/m/n/10.95 (0
\OML/cmm/m/it/10.95 ; \OT1/cmr/m/n/10.95 0)$ \T1/cmr/m/n/10.95 ex. $ \OMS/cmsy/
m/n/10.95 ([])  \OML/cmm/m/it/10.95 a[]a[] \OT1/cmr/m/n/10.95 = 0  \OMS/cmsy/m/
n/10.95 ([])  \OML/cmm/m/it/10.95 a \OMS/cmsy/m/n/10.95 2 f\OT1/cmr/m/n/10.95 (
1\OML/cmm/m/it/10.95 ; \OT1/cmr/m/n/10.95 0)\OML/cmm/m/it/10.95 ; \OT1/cmr/m/n/
10.95 (\OMS/cmsy/m/n/10.95 ^^@\OT1/cmr/m/n/10.95 1\OML/cmm/m/it/10.95 ; \OT1/cm
r/m/n/10.95 0)\OML/cmm/m/it/10.95 ; \OT1/cmr/m/n/10.95 (0\OML/cmm/m/it/10.95 ; 
\OT1/cmr/m/n/10.95 1)\OML/cmm/m/it/10.95 ; \OT1/cmr/m/n/10.95 (0\OML/cmm/m/it/1
0.95 ; \OMS/cmsy/m/n/10.95 ^^@\OT1/cmr/m/n/10.95 1)\OMS/cmsy/m/n/10.95 g$\T1/cm
r/m/n/10.95 .

Overfull \hbox (26.30922pt too wide) in paragraph at lines 868--869
[]$[]  []  \OMS/cmsy/m/n/10.95 j\OML/cmm/m/it/10.95 a \OMS/cmsy/m/n/10.95 ^^A [
] \OML/cmm/m/it/10.95 f\OT1/cmr/m/n/10.95 (\OML/cmm/m/it/10.95 x[]\OT1/cmr/m/n/
10.95 )\OMS/cmsy/m/n/10.95 j [] k\OML/cmm/m/it/10.95 a\OMS/cmsy/m/n/10.95 k ^^A
 k [] \OML/cmm/m/it/10.95 f\OT1/cmr/m/n/10.95 (\OML/cmm/m/it/10.95 x[]\OT1/cmr/
m/n/10.95 )\OMS/cmsy/m/n/10.95 k \OT1/cmr/m/n/10.95 = \OMS/cmsy/m/n/10.95 k [] 
\OML/cmm/m/it/10.95 f\OT1/cmr/m/n/10.95 (\OML/cmm/m/it/10.95 x[]\OT1/cmr/m/n/10
.95 )\OMS/cmsy/m/n/10.95 k \OT1/cmr/m/n/10.95 = [] [] \OML/cmm/m/it/10.95 f\OT1
/cmr/m/n/10.95 (\OML/cmm/m/it/10.95 x[]\OT1/cmr/m/n/10.95 ) \OMS/cmsy/m/n/10.95
 ^^A
[31]
Overfull \hbox (28.17564pt too wide) detected at line 882
\OT1/cmr/m/n/10.95 (\OML/cmm/m/it/10.95 h \OMS/cmsy/m/n/10.95 ^^A r\OT1/cmr/m/n
/10.95 ) := \OML/cmm/m/it/10.95 h[][] \OT1/cmr/m/n/10.95 + [] + \OML/cmm/m/it/1
0.95 h[][]\OT1/cmr/m/n/10.95 ;  (\OML/cmm/m/it/10.95 h \OMS/cmsy/m/n/10.95 ^^A 
r\OT1/cmr/m/n/10.95 )\OML/cmm/m/it/10.95 f \OT1/cmr/m/n/10.95 := \OML/cmm/m/it/
10.95 h[][] \OT1/cmr/m/n/10.95 + [] + \OML/cmm/m/it/10.95 h[][] \OT1/cmr/m/n/10
.95 = \OML/cmm/m/it/10.95 h [] f\OT1/cmr/m/n/10.95 ;  (\OML/cmm/m/it/10.95 h \O
MS/cmsy/m/n/10.95 ^^A r\OT1/cmr/m/n/10.95 )\OML/cmm/m/it/10.95 f\OT1/cmr/m/n/10
.95 (\OML/cmm/m/it/10.95 x[]\OT1/cmr/m/n/10.95 ) := \OML/cmm/m/it/10.95 h \OMS/
cmsy/m/n/10.95 ^^A [] \OML/cmm/m/it/10.95 f\OT1/cmr/m/n/10.95 (\OML/cmm/m/it/10
.95 x[]\OT1/cmr/m/n/10.95 )
[32] [33] [34]
\IeC {\textsection } 7.

Underfull \hbox (badness 10000) in paragraph at lines 951--953

[35] [36]
\IeC {\textsection } 8.
[37]
Underfull \hbox (badness 10000) in paragraph at lines 1049--1050


Underfull \hbox (badness 10000) in paragraph at lines 1053--1055

[38]
\IeC {\textsection } 9.
[39] [40] [41] [42]
\IeC {\textsection } 10.
[43] [44] [45] [46]
\IeC {\textsection } 11.
[47]
Overfull \hbox (19.34203pt too wide) detected at line 1339
\OT1/cmr/m/n/10.95 0 = \OML/cmm/m/it/10.95 h[]\OT1/cmr/m/n/10.95 (\OML/cmm/m/it
/10.95 z[]\OT1/cmr/m/n/10.95 )  []  \OML/cmm/m/it/10.95 f[]\OT1/cmr/m/n/10.95 (
\OML/cmm/m/it/10.95 g\OT1/cmr/m/n/10.95 (\OML/cmm/m/it/10.95 z[]\OT1/cmr/m/n/10
.95 )\OML/cmm/m/it/10.95 ; z[]\OT1/cmr/m/n/10.95 ) \OMS/cmsy/m/n/10.95 ^^A [] \
OT1/cmr/m/n/10.95 = [] \OMS/cmsy/m/n/10.95 ^^A [] \OT1/cmr/m/n/10.95 = [](\OML/
cmm/m/it/10.95 x[]\OT1/cmr/m/n/10.95 )\OML/cmm/m/it/10.95 g[]\OT1/cmr/m/n/10.95
 (\OML/cmm/m/it/10.95 z[]\OT1/cmr/m/n/10.95 ) + [](\OML/cmm/m/it/10.95 x[]\OT1/
cmr/m/n/10.95 )
[48]
Underfull \hbox (badness 10000) in paragraph at lines 1363--1364

[49] [50]
\IeC {\textsection } 12.

Package hyperref Warning: Token not allowed in a PDF string (PDFDocEncoding):
(hyperref)                removing `math shift' on input line 1394.


Package hyperref Warning: Token not allowed in a PDF string (PDFDocEncoding):
(hyperref)                removing `math shift' on input line 1394.


Package hyperref Warning: Token not allowed in a PDF string (PDFDocEncoding):
(hyperref)                removing `math shift' on input line 1394.


Package hyperref Warning: Token not allowed in a PDF string (PDFDocEncoding):
(hyperref)                removing `superscript' on input line 1394.


Package hyperref Warning: Token not allowed in a PDF string (PDFDocEncoding):
(hyperref)                removing `math shift' on input line 1394.

(/usr/share/texmf-texlive/tex/latex/amsfonts/ueuf.fd)
Underfull \hbox (badness 10000) in paragraph at lines 1425--1426

[51] [52]
Overfull \hbox (11.85016pt too wide) detected at line 1505
[] \OMS/cmsy/m/n/10.95 ! k\OML/cmm/m/it/10.95 ^^M[]\OT1/cmr/m/n/10.95 (\OML/cmm
/m/it/10.95 t[]\OT1/cmr/m/n/10.95 )\OMS/cmsy/m/n/10.95 k \OT1/cmr/m/n/10.95 (\O
ML/cmm/m/it/10.95 t \OMS/cmsy/m/n/10.95 ! \OML/cmm/m/it/10.95 t[] \OT1/cmr/m/n/
10.95 + 0)[][] \OMS/cmsy/m/n/10.95 ! k\OML/cmm/m/it/10.95 ^^M[]\OT1/cmr/m/n/10.
95 (\OML/cmm/m/it/10.95 t[]\OT1/cmr/m/n/10.95 )\OMS/cmsy/m/n/10.95 k \OT1/cmr/m
/n/10.95 (\OML/cmm/m/it/10.95 t \OMS/cmsy/m/n/10.95 ! \OML/cmm/m/it/10.95 t[] \
OMS/cmsy/m/n/10.95 ^^@ \OT1/cmr/m/n/10.95 0)[]
[53]
Overfull \hbox (7.54262pt too wide) detected at line 1509
[][] \OML/cmm/m/it/10.95 ^^M[]\OT1/cmr/m/n/10.95 (\OML/cmm/m/it/10.95 ^^\\OT1/c
mr/m/n/10.95 )[]\OML/cmm/m/it/10.95 ^^\ \OT1/cmr/m/n/10.95 = []  []  [] = \OML/
cmm/m/it/10.95 ^^M\OT1/cmr/m/n/10.95 (\OML/cmm/m/it/10.95 ^^\[]\OT1/cmr/m/n/10.
95 ) \OMS/cmsy/m/n/10.95 ^^@ \OML/cmm/m/it/10.95 ^^M\OT1/cmr/m/n/10.95 (\OML/cm
m/m/it/10.95 ^^\[]\OT1/cmr/m/n/10.95 )
[54] [55] [56]
\IeC {\textsection } 13.
[57] [58] [59] [60]
\IeC {\textsection } 14.
[61]
Underfull \hbox (badness 10000) in paragraph at lines 1775--1777

[62] [63] [64]
\IeC {\textsection } 15.
[65] [66] [67] [68]
\IeC {\textsection } 16.

Package hyperref Warning: Token not allowed in a PDF string (PDFDocEncoding):
(hyperref)                removing `math shift' on input line 1974.


Package hyperref Warning: Token not allowed in a PDF string (PDFDocEncoding):
(hyperref)                removing `math shift' on input line 1974.


Package hyperref Warning: Token not allowed in a PDF string (PDFDocEncoding):
(hyperref)                removing `math shift' on input line 1974.


Package hyperref Warning: Token not allowed in a PDF string (PDFDocEncoding):
(hyperref)                removing `math shift' on input line 1974.


Underfull \hbox (badness 10000) in paragraph at lines 1983--1986

[69] [70] [71] [72] [73] [74]
\IeC {\textsection } 17.
[75] [76] [77] [78]
\IeC {\textsection } 18.
[79] [80]
\IeC {\textsection } 19.
[81] [82]
Underfull \hbox (badness 10000) in paragraph at lines 2601--2603

[83] [84]
\IeC {\textsection } 20.
[85]
Underfull \hbox (badness 10000) in paragraph at lines 2699--2700

[86] [87] [88]
\IeC {\textsection } 21.
[89] [90] [91] [92]
Underfull \hbox (badness 10000) in paragraph at lines 2959--2966

[93] [94]
\IeC {\textsection } 22.
[95] [96] [97] [98] [99] [100]
\IeC {\textsection } 23.

Underfull \hbox (badness 10000) in paragraph at lines 3337--3338

[101] [102] [103] [104]
\IeC {\textsection } 24.
[105] [106] [107] [108]
\IeC {\textsection } 25.
[109] [110] [111] [112]
Anhang A.
** Generating table of satz,wichtigedefinition
(./Ana2Bachelor.thm [113]
Underfull \vbox (badness 5771) has occurred while \output is active [114])
(./Ana2Bachelor.ind [115] [116] [117]
Overfull \hbox (1.04814pt too wide) in paragraph at lines 113--114
[]| \T1/cmr/m/n/10.95 Dif-fe-ren-ti-al-glei-chung n-ter Ord-nung, [][]105[][] 

Overfull \hbox (1.04814pt too wide) in paragraph at lines 121--122
[]| \T1/cmr/m/n/10.95 Dif-fe-ren-ti-al-glei-chung n-ter Ord-nung, [][]105[][] 

Overfull \hbox (1.04814pt too wide) in paragraph at lines 160--161
[]| \T1/cmr/m/n/10.95 Dif-fe-ren-ti-al-glei-chung n-ter Ord-nung, [][]105[][] 

Overfull \hbox (0.1222pt too wide) in paragraph at lines 167--168
[]| \T1/cmr/m/n/10.95 Ex-tre-mum un-ter ei-ner Ne-ben-be-din-gung,
[118] [119]) [120]
Anhang B.

Underfull \hbox (badness 10000) in paragraph at lines 3835--3861

[121] (./Ana2Bachelor.aux)

LaTeX Font Warning: Some font shapes were not available, defaults substituted.


LaTeX Warning: There were multiply-defined labels.

 )
(see the transcript file for additional information){/usr/share/texmf/fonts/enc
/dvips/cm-super/cm-super-t1.enc}</usr/share/texmf-texlive/fonts/type1/public/am
sfonts/cm/cmbx10.pfb></usr/share/texmf-texlive/fonts/type1/public/amsfonts/cm/c
mbx8.pfb></usr/share/texmf-texlive/fonts/type1/public/amsfonts/cm/cmex10.pfb></
usr/share/texmf-texlive/fonts/type1/public/amsfonts/cm/cmmi10.pfb></usr/share/t
exmf-texlive/fonts/type1/public/amsfonts/cm/cmmi12.pfb></usr/share/texmf-texliv
e/fonts/type1/public/amsfonts/cm/cmmi6.pfb></usr/share/texmf-texlive/fonts/type
1/public/amsfonts/cm/cmmi8.pfb></usr/share/texmf-texlive/fonts/type1/public/ams
fonts/cm/cmmib10.pfb></usr/share/texmf-texlive/fonts/type1/public/amsfonts/cmex
tra/cmmib8.pfb></usr/share/texmf-texlive/fonts/type1/public/amsfonts/cm/cmr10.p
fb></usr/share/texmf-texlive/fonts/type1/public/amsfonts/cm/cmr6.pfb></usr/shar
e/texmf-texlive/fonts/type1/public/amsfonts/cm/cmr8.pfb></usr/share/texmf-texli
ve/fonts/type1/public/amsfonts/cm/cmsy10.pfb></usr/share/texmf-texlive/fonts/ty
pe1/public/amsfonts/cm/cmsy6.pfb></usr/share/texmf-texlive/fonts/type1/public/a
msfonts/cm/cmsy8.pfb></usr/share/texmf-texlive/fonts/type1/public/amsfonts/eule
r/eufm10.pfb></usr/share/texmf-texlive/fonts/type1/public/amsfonts/symbols/msam
10.pfb></usr/share/texmf-texlive/fonts/type1/public/amsfonts/symbols/msbm10.pfb
></usr/share/texmf-texlive/fonts/type1/public/rsfs/rsfs10.pfb></usr/share/texmf
/fonts/type1/public/cm-super/sfbx1095.pfb></usr/share/texmf/fonts/type1/public/
cm-super/sfrm0600.pfb></usr/share/texmf/fonts/type1/public/cm-super/sfrm0800.pf
b></usr/share/texmf/fonts/type1/public/cm-super/sfrm1095.pfb></usr/share/texmf/
fonts/type1/public/cm-super/sfrm1440.pfb></usr/share/texmf/fonts/type1/public/c
m-super/sfsl1095.pfb></usr/share/texmf/fonts/type1/public/cm-super/sfsx1095.pfb
></usr/share/texmf/fonts/type1/public/cm-super/sfsx1440.pfb></usr/share/texmf/f
onts/type1/public/cm-super/sfsx2074.pfb></usr/share/texmf/fonts/type1/public/cm
-super/sfti1095.pfb></usr/share/texmf/fonts/type1/public/cm-super/sftt1095.pfb>
</usr/share/texmf/fonts/type1/public/cm-super/sftt1440.pfb>
Output written on Ana2Bachelor.pdf (121 pages, 1038008 bytes).
Transcript written on Ana2Bachelor.log.
Result: ExitSuccess

Running /usr/bin/convert -verbose SS10/Ana2Bachelor.pdf[0] -resize 70x SS10/Ana2Bachelor.png in an env with 4 entries:
"gs" -q -dQUIET -dSAFER -dBATCH -dNOPAUSE -dNOPROMPT -dMaxBitmap=500000000 -dAlignToPixels=0 -dGridFitTT=2 "-sDEVICE=pngalpha" -dTextAlphaBits=4 -dGraphicsAlphaBits=4 "-r72x72" -dFirstPage=1 -dLastPage=1 "-sOutputFile=/tmp/magick-Yzof0M2b-%08d" "-f/tmp/magick-GpVd4kWD" "-f/tmp/magick-akxmeYP5"
/tmp/magick-Yzof0M2b-00000001 PNG 595x842 595x842+0+0 8-bit DirectClass 11.3KB 0.010u 0:00.009
SS10/Ana2Bachelor.pdf[0]=>SS10/Ana2Bachelor.pdf PDF 595x842 595x842+0+0 16-bit DirectClass 11.3KB 0.000u 0:00.000
SS10/Ana2Bachelor.pdf[0]=>SS10/Ana2Bachelor.png PDF 595x842=>70x99 70x99+0+0 16-bit DirectClass 0.320u 0:00.070
Result: ExitSuccess

Running /usr/bin/optipng -verbose SS10/Ana2Bachelor.png in an env with 4 entries:
OptiPNG 0.6.4: Advanced PNG optimizer.
Copyright (C) 2001-2010 Cosmin Truta.

** Processing: SS10/Ana2Bachelor.png
70x99 pixels, 4x16 bits/pixel, RGB+alpha
Input IDAT size = 1254 bytes
Input file size = 3888 bytes

Trying:
  zc = 9  zm = 8  zs = 0  f = 0		IDAT size = 1163
  zc = 9  zm = 8  zs = 1  f = 0		IDAT too big
  zc = 1  zm = 8  zs = 2  f = 0		IDAT too big
  zc = 9  zm = 8  zs = 3  f = 0		IDAT too big
  zc = 9  zm = 8  zs = 0  f = 5		IDAT too big
  zc = 9  zm = 8  zs = 1  f = 5		IDAT too big
  zc = 1  zm = 8  zs = 2  f = 5		IDAT too big
  zc = 9  zm = 8  zs = 3  f = 5		IDAT too big

Selecting parameters:
  zc = 9  zm = 8  zs = 0  f = 0		IDAT size = 1163

Output IDAT size = 1163 bytes (91 bytes decrease)
Output file size = 3797 bytes (91 bytes = 2.34% decrease)

** Status report
1 file(s) have been processed.
Result: ExitSuccess
