This is pdfTeX, Version 3.1415926-1.40.10 (TeX Live 2009/Debian) (format=pdflatex 2016.12.27)  27 DEC 2016 08:46
entering extended mode
 %&-line parsing enabled.
**LA2.tex
(../data/SS10/LA2.tex
LaTeX2e <2009/09/24>
Babel <v3.8l> and hyphenation patterns for english, usenglishmax, dumylang, noh
yphenation, farsi, arabic, croatian, bulgarian, ukrainian, russian, czech, slov
ak, danish, dutch, finnish, french, basque, ngerman, german, german-x-2009-06-1
9, ngerman-x-2009-06-19, ibycus, monogreek, greek, ancientgreek, hungarian, san
skrit, italian, latin, latvian, lithuanian, mongolian2a, mongolian, bokmal, nyn
orsk, romanian, irish, coptic, serbian, turkish, welsh, esperanto, uppersorbian
, estonian, indonesian, interlingua, icelandic, kurmanji, slovenian, polish, po
rtuguese, spanish, galician, catalan, swedish, ukenglish, loaded.
(/usr/share/texmf-texlive/tex/latex/koma-script/scrbook.cls
Document Class: scrbook 2009/07/24 v3.04a KOMA-Script document class (book)
(/usr/share/texmf-texlive/tex/latex/koma-script/scrkbase.sty
Package: scrkbase 2009/07/24 v3.04a KOMA-Script package (KOMA-Script-dependent 
basics and keyval usage)

(/usr/share/texmf-texlive/tex/latex/koma-script/scrbase.sty
Package: scrbase 2009/07/24 v3.04a KOMA-Script package (KOMA-Script-independent
 basics and keyval usage)

(/usr/share/texmf-texlive/tex/latex/graphics/keyval.sty
Package: keyval 1999/03/16 v1.13 key=value parser (DPC)
\KV@toks@=\toks14
)
(/usr/share/texmf-texlive/tex/latex/koma-script/scrlfile.sty
Package: scrlfile 2009/03/25 v3.03 KOMA-Script package (loading files)

Package scrlfile, 2009/03/25 v3.03 KOMA-Script package (loading files)
                  Copyright (C) Markus Kohm

))) (/usr/share/texmf-texlive/tex/latex/koma-script/tocbasic.sty
Package: tocbasic 2009/06/08 v3.03b KOMA-Script package (handling toc-files)
)
Package tocbasic Info: omitting babel extension for `toc'
(tocbasic)             because of feature `nobabel' available
(tocbasic)             for `toc' on input line 117.
Package tocbasic Info: omitting babel extension for `lof'
(tocbasic)             because of feature `nobabel' available
(tocbasic)             for `lof' on input line 118.
Package tocbasic Info: omitting babel extension for `lot'
(tocbasic)             because of feature `nobabel' available
(tocbasic)             for `lot' on input line 119.
Class scrbook Info: File `scrsize11pt.clo' used instead of
(scrbook)           file `scrsize11.clo' to setup font sizes on input line 1272
.

(/usr/share/texmf-texlive/tex/latex/koma-script/scrsize11pt.clo
File: scrsize11pt.clo 2009/07/24 v3.04a KOMA-Script font size class option (11p
t)
)
(/usr/share/texmf-texlive/tex/latex/koma-script/typearea.sty
Package: typearea 2009/07/24 v3.04a KOMA-Script package (type area)

Package typearea, 2009/07/24 v3.04a KOMA-Script package (type area)
                  Copyright (C) Frank Neukam, 1992-1994
                  Copyright (C) Markus Kohm, 1994-

\ta@bcor=\skip41
\ta@div=\count79
Package typearea Info: You've used standard option `a4paper'.
(typearea)             This is correct!
(typearea)             Internaly I'm using `paper=a4'.
(typearea)             If you'd like to set the option with \KOMAoptions,
(typearea)             you'd have to use `paper=a4' there
(typearea)             instead of `a4paper', too.
\ta@hblk=\skip42
\ta@vblk=\skip43
\ta@temp=\skip44
Package typearea Info: These are the values describing the layout:
(typearea)             DIV  = 15
(typearea)             BCOR = 34.1433pt
(typearea)             \paperwidth      = 597.50793pt
(typearea)              \textwidth      = 450.69174pt
(typearea)              DIV departure   = -15%
(typearea)              \evensidemargin = 2.84528pt
(typearea)              \oddsidemargin  = -0.56906pt
(typearea)             \paperheight     = 845.04694pt
(typearea)              \textheight     = 677.4003pt
(typearea)              \topmargin      = -53.33354pt
(typearea)              \headheight     = 17.0pt
(typearea)              \headsep        = 20.40001pt
(typearea)              \topskip        = 11.0pt
(typearea)              \footskip       = 47.60002pt
(typearea)              \baselineskip   = 13.6pt
(typearea)              on input line 1115.
)
\c@part=\count80
\c@chapter=\count81
\c@section=\count82
\c@subsection=\count83
\c@subsubsection=\count84
\c@paragraph=\count85
\c@subparagraph=\count86
\abovecaptionskip=\skip45
\belowcaptionskip=\skip46
\c@pti@nb@sid@b@x=\box26
\c@figure=\count87
\c@table=\count88
\bibindent=\dimen102
) (../data/SS10/la.sty (/usr/share/texmf-texlive/tex/generic/babel/babel.sty
Package: babel 2008/07/06 v3.8l The Babel package

(/usr/share/texmf-texlive/tex/generic/babel/ngermanb.ldf
Language: ngermanb 2008/07/06 v2.6n new German support from the babel system

(/usr/share/texmf-texlive/tex/generic/babel/babel.def
File: babel.def 2008/07/06 v3.8l Babel common definitions
\babel@savecnt=\count89
\U@D=\dimen103
)
\l@naustrian = a dialect from \language\l@ngerman 
Package babel Info: Making " an active character on input line 92.
))
(/usr/share/texmf-texlive/tex/latex/base/inputenc.sty
Package: inputenc 2008/03/30 v1.1d Input encoding file
\inpenc@prehook=\toks15
\inpenc@posthook=\toks16

(/usr/share/texmf-texlive/tex/latex/base/utf8.def
File: utf8.def 2008/04/05 v1.1m UTF-8 support for inputenc
Now handling font encoding OML ...
... no UTF-8 mapping file for font encoding OML
Now handling font encoding T1 ...
... processing UTF-8 mapping file for font encoding T1

(/usr/share/texmf-texlive/tex/latex/base/t1enc.dfu
File: t1enc.dfu 2008/04/05 v1.1m UTF-8 support for inputenc
   defining Unicode char U+00A1 (decimal 161)
   defining Unicode char U+00A3 (decimal 163)
   defining Unicode char U+00AB (decimal 171)
   defining Unicode char U+00BB (decimal 187)
   defining Unicode char U+00BF (decimal 191)
   defining Unicode char U+00C0 (decimal 192)
   defining Unicode char U+00C1 (decimal 193)
   defining Unicode char U+00C2 (decimal 194)
   defining Unicode char U+00C3 (decimal 195)
   defining Unicode char U+00C4 (decimal 196)
   defining Unicode char U+00C5 (decimal 197)
   defining Unicode char U+00C6 (decimal 198)
   defining Unicode char U+00C7 (decimal 199)
   defining Unicode char U+00C8 (decimal 200)
   defining Unicode char U+00C9 (decimal 201)
   defining Unicode char U+00CA (decimal 202)
   defining Unicode char U+00CB (decimal 203)
   defining Unicode char U+00CC (decimal 204)
   defining Unicode char U+00CD (decimal 205)
   defining Unicode char U+00CE (decimal 206)
   defining Unicode char U+00CF (decimal 207)
   defining Unicode char U+00D0 (decimal 208)
   defining Unicode char U+00D1 (decimal 209)
   defining Unicode char U+00D2 (decimal 210)
   defining Unicode char U+00D3 (decimal 211)
   defining Unicode char U+00D4 (decimal 212)
   defining Unicode char U+00D5 (decimal 213)
   defining Unicode char U+00D6 (decimal 214)
   defining Unicode char U+00D8 (decimal 216)
   defining Unicode char U+00D9 (decimal 217)
   defining Unicode char U+00DA (decimal 218)
   defining Unicode char U+00DB (decimal 219)
   defining Unicode char U+00DC (decimal 220)
   defining Unicode char U+00DD (decimal 221)
   defining Unicode char U+00DE (decimal 222)
   defining Unicode char U+00DF (decimal 223)
   defining Unicode char U+00E0 (decimal 224)
   defining Unicode char U+00E1 (decimal 225)
   defining Unicode char U+00E2 (decimal 226)
   defining Unicode char U+00E3 (decimal 227)
   defining Unicode char U+00E4 (decimal 228)
   defining Unicode char U+00E5 (decimal 229)
   defining Unicode char U+00E6 (decimal 230)
   defining Unicode char U+00E7 (decimal 231)
   defining Unicode char U+00E8 (decimal 232)
   defining Unicode char U+00E9 (decimal 233)
   defining Unicode char U+00EA (decimal 234)
   defining Unicode char U+00EB (decimal 235)
   defining Unicode char U+00EC (decimal 236)
   defining Unicode char U+00ED (decimal 237)
   defining Unicode char U+00EE (decimal 238)
   defining Unicode char U+00EF (decimal 239)
   defining Unicode char U+00F0 (decimal 240)
   defining Unicode char U+00F1 (decimal 241)
   defining Unicode char U+00F2 (decimal 242)
   defining Unicode char U+00F3 (decimal 243)
   defining Unicode char U+00F4 (decimal 244)
   defining Unicode char U+00F5 (decimal 245)
   defining Unicode char U+00F6 (decimal 246)
   defining Unicode char U+00F8 (decimal 248)
   defining Unicode char U+00F9 (decimal 249)
   defining Unicode char U+00FA (decimal 250)
   defining Unicode char U+00FB (decimal 251)
   defining Unicode char U+00FC (decimal 252)
   defining Unicode char U+00FD (decimal 253)
   defining Unicode char U+00FE (decimal 254)
   defining Unicode char U+00FF (decimal 255)
   defining Unicode char U+0102 (decimal 258)
   defining Unicode char U+0103 (decimal 259)
   defining Unicode char U+0104 (decimal 260)
   defining Unicode char U+0105 (decimal 261)
   defining Unicode char U+0106 (decimal 262)
   defining Unicode char U+0107 (decimal 263)
   defining Unicode char U+010C (decimal 268)
   defining Unicode char U+010D (decimal 269)
   defining Unicode char U+010E (decimal 270)
   defining Unicode char U+010F (decimal 271)
   defining Unicode char U+0110 (decimal 272)
   defining Unicode char U+0111 (decimal 273)
   defining Unicode char U+0118 (decimal 280)
   defining Unicode char U+0119 (decimal 281)
   defining Unicode char U+011A (decimal 282)
   defining Unicode char U+011B (decimal 283)
   defining Unicode char U+011E (decimal 286)
   defining Unicode char U+011F (decimal 287)
   defining Unicode char U+0130 (decimal 304)
   defining Unicode char U+0131 (decimal 305)
   defining Unicode char U+0132 (decimal 306)
   defining Unicode char U+0133 (decimal 307)
   defining Unicode char U+0139 (decimal 313)
   defining Unicode char U+013A (decimal 314)
   defining Unicode char U+013D (decimal 317)
   defining Unicode char U+013E (decimal 318)
   defining Unicode char U+0141 (decimal 321)
   defining Unicode char U+0142 (decimal 322)
   defining Unicode char U+0143 (decimal 323)
   defining Unicode char U+0144 (decimal 324)
   defining Unicode char U+0147 (decimal 327)
   defining Unicode char U+0148 (decimal 328)
   defining Unicode char U+014A (decimal 330)
   defining Unicode char U+014B (decimal 331)
   defining Unicode char U+0150 (decimal 336)
   defining Unicode char U+0151 (decimal 337)
   defining Unicode char U+0152 (decimal 338)
   defining Unicode char U+0153 (decimal 339)
   defining Unicode char U+0154 (decimal 340)
   defining Unicode char U+0155 (decimal 341)
   defining Unicode char U+0158 (decimal 344)
   defining Unicode char U+0159 (decimal 345)
   defining Unicode char U+015A (decimal 346)
   defining Unicode char U+015B (decimal 347)
   defining Unicode char U+015E (decimal 350)
   defining Unicode char U+015F (decimal 351)
   defining Unicode char U+0160 (decimal 352)
   defining Unicode char U+0161 (decimal 353)
   defining Unicode char U+0162 (decimal 354)
   defining Unicode char U+0163 (decimal 355)
   defining Unicode char U+0164 (decimal 356)
   defining Unicode char U+0165 (decimal 357)
   defining Unicode char U+016E (decimal 366)
   defining Unicode char U+016F (decimal 367)
   defining Unicode char U+0170 (decimal 368)
   defining Unicode char U+0171 (decimal 369)
   defining Unicode char U+0178 (decimal 376)
   defining Unicode char U+0179 (decimal 377)
   defining Unicode char U+017A (decimal 378)
   defining Unicode char U+017B (decimal 379)
   defining Unicode char U+017C (decimal 380)
   defining Unicode char U+017D (decimal 381)
   defining Unicode char U+017E (decimal 382)
   defining Unicode char U+200C (decimal 8204)
   defining Unicode char U+2013 (decimal 8211)
   defining Unicode char U+2014 (decimal 8212)
   defining Unicode char U+2018 (decimal 8216)
   defining Unicode char U+2019 (decimal 8217)
   defining Unicode char U+201A (decimal 8218)
   defining Unicode char U+201C (decimal 8220)
   defining Unicode char U+201D (decimal 8221)
   defining Unicode char U+201E (decimal 8222)
   defining Unicode char U+2030 (decimal 8240)
   defining Unicode char U+2031 (decimal 8241)
   defining Unicode char U+2039 (decimal 8249)
   defining Unicode char U+203A (decimal 8250)
   defining Unicode char U+2423 (decimal 9251)
)
Now handling font encoding OT1 ...
... processing UTF-8 mapping file for font encoding OT1

(/usr/share/texmf-texlive/tex/latex/base/ot1enc.dfu
File: ot1enc.dfu 2008/04/05 v1.1m UTF-8 support for inputenc
   defining Unicode char U+00A1 (decimal 161)
   defining Unicode char U+00A3 (decimal 163)
   defining Unicode char U+00B8 (decimal 184)
   defining Unicode char U+00BF (decimal 191)
   defining Unicode char U+00C5 (decimal 197)
   defining Unicode char U+00C6 (decimal 198)
   defining Unicode char U+00D8 (decimal 216)
   defining Unicode char U+00DF (decimal 223)
   defining Unicode char U+00E6 (decimal 230)
   defining Unicode char U+00EC (decimal 236)
   defining Unicode char U+00ED (decimal 237)
   defining Unicode char U+00EE (decimal 238)
   defining Unicode char U+00EF (decimal 239)
   defining Unicode char U+00F8 (decimal 248)
   defining Unicode char U+0131 (decimal 305)
   defining Unicode char U+0141 (decimal 321)
   defining Unicode char U+0142 (decimal 322)
   defining Unicode char U+0152 (decimal 338)
   defining Unicode char U+0153 (decimal 339)
   defining Unicode char U+2013 (decimal 8211)
   defining Unicode char U+2014 (decimal 8212)
   defining Unicode char U+2018 (decimal 8216)
   defining Unicode char U+2019 (decimal 8217)
   defining Unicode char U+201C (decimal 8220)
   defining Unicode char U+201D (decimal 8221)
)
Now handling font encoding OMS ...
... processing UTF-8 mapping file for font encoding OMS

(/usr/share/texmf-texlive/tex/latex/base/omsenc.dfu
File: omsenc.dfu 2008/04/05 v1.1m UTF-8 support for inputenc
   defining Unicode char U+00A7 (decimal 167)
   defining Unicode char U+00B6 (decimal 182)
   defining Unicode char U+00B7 (decimal 183)
   defining Unicode char U+2020 (decimal 8224)
   defining Unicode char U+2021 (decimal 8225)
   defining Unicode char U+2022 (decimal 8226)
)
Now handling font encoding OMX ...
... no UTF-8 mapping file for font encoding OMX
Now handling font encoding U ...
... no UTF-8 mapping file for font encoding U
   defining Unicode char U+00A9 (decimal 169)
   defining Unicode char U+00AA (decimal 170)
   defining Unicode char U+00AE (decimal 174)
   defining Unicode char U+00BA (decimal 186)
   defining Unicode char U+02C6 (decimal 710)
   defining Unicode char U+02DC (decimal 732)
   defining Unicode char U+200C (decimal 8204)
   defining Unicode char U+2026 (decimal 8230)
   defining Unicode char U+2122 (decimal 8482)
   defining Unicode char U+2423 (decimal 9251)
))
(/usr/share/texmf-texlive/tex/latex/amsmath/amsmath.sty
Package: amsmath 2000/07/18 v2.13 AMS math features
\@mathmargin=\skip47

For additional information on amsmath, use the `?' option.
(/usr/share/texmf-texlive/tex/latex/amsmath/amstext.sty
Package: amstext 2000/06/29 v2.01

(/usr/share/texmf-texlive/tex/latex/amsmath/amsgen.sty
File: amsgen.sty 1999/11/30 v2.0
\@emptytoks=\toks17
\ex@=\dimen104
))
(/usr/share/texmf-texlive/tex/latex/amsmath/amsbsy.sty
Package: amsbsy 1999/11/29 v1.2d
\pmbraise@=\dimen105
)
(/usr/share/texmf-texlive/tex/latex/amsmath/amsopn.sty
Package: amsopn 1999/12/14 v2.01 operator names
)
\inf@bad=\count90
LaTeX Info: Redefining \frac on input line 211.
\uproot@=\count91
\leftroot@=\count92
LaTeX Info: Redefining \overline on input line 307.
\classnum@=\count93
\DOTSCASE@=\count94
LaTeX Info: Redefining \ldots on input line 379.
LaTeX Info: Redefining \dots on input line 382.
LaTeX Info: Redefining \cdots on input line 467.
\Mathstrutbox@=\box27
\strutbox@=\box28
\big@size=\dimen106
LaTeX Font Info:    Redeclaring font encoding OML on input line 567.
LaTeX Font Info:    Redeclaring font encoding OMS on input line 568.
\macc@depth=\count95
\c@MaxMatrixCols=\count96
\dotsspace@=\muskip10
\c@parentequation=\count97
\dspbrk@lvl=\count98
\tag@help=\toks18
\row@=\count99
\column@=\count100
\maxfields@=\count101
\andhelp@=\toks19
\eqnshift@=\dimen107
\alignsep@=\dimen108
\tagshift@=\dimen109
\tagwidth@=\dimen110
\totwidth@=\dimen111
\lineht@=\dimen112
\@envbody=\toks20
\multlinegap=\skip48
\multlinetaggap=\skip49
\mathdisplay@stack=\toks21
LaTeX Info: Redefining \[ on input line 2666.
LaTeX Info: Redefining \] on input line 2667.
)
(/usr/share/texmf-texlive/tex/latex/amsfonts/amsfonts.sty
Package: amsfonts 2009/06/22 v3.00 Basic AMSFonts support
\symAMSa=\mathgroup4
\symAMSb=\mathgroup5
LaTeX Font Info:    Overwriting math alphabet `\mathfrak' in version `bold'
(Font)                  U/euf/m/n --> U/euf/b/n on input line 96.
)
(/usr/share/texmf-texlive/tex/latex/amsfonts/amssymb.sty
Package: amssymb 2009/06/22 v3.00
)
(/usr/share/texmf-texlive/tex/latex/graphics/color.sty
Package: color 2005/11/14 v1.0j Standard LaTeX Color (DPC)

(/etc/texmf/tex/latex/config/color.cfg
File: color.cfg 2007/01/18 v1.5 color configuration of teTeX/TeXLive
)
Package color Info: Driver file: pdftex.def on input line 130.

(/usr/share/texmf-texlive/tex/latex/pdftex-def/pdftex.def
File: pdftex.def 2010/03/12 v0.04p Graphics/color for pdfTeX
\Gread@gobject=\count102
))
(/usr/share/texmf-texlive/tex/latex/tools/enumerate.sty
Package: enumerate 1999/03/05 v3.00 enumerate extensions (DPC)
\@enLab=\toks22
)
(/usr/share/texmf-texlive/tex/latex/ntheorem/ntheorem.sty
Style `ntheorem', Version 1.25 <2005/07/07>
Package: ntheorem 2005/07/07 1.25
\theorem@style=\toks23
\theorem@@style=\toks24
\theorembodyfont=\toks25
\theoremnumbering=\toks26
\theorempreskipamount=\skip50
\theorempostskipamount=\skip51
\theoremindent=\dimen113
\theorem@indent=\dimen114
\theoremheaderfont=\toks27
\theoremseparator=\toks28
\theoremprework=\toks29
\theorempostwork=\toks30
\theoremsymbol=\toks31
\qedsymbol=\toks32
\theoremkeyword=\toks33
\qedsymbol=\toks34
\thm@topsepadd=\skip52
Package ntheorem Info: Option `thmmarks' loaded on input line 1029.
\c@endNonectr=\count103
\c@currNonectr=\count104
\mysavskip=\skip53
Package ntheorem Info: option `amsmath' handling for `thmmarks' loaded on input
 line 1029.
\thm@amstmpdepth=\dimen115
\shadecolor=\toks35
) (/usr/share/texmf-texlive/tex/latex/ltxmisc/framed.sty
Package: framed 2007/10/04 v 0.95: framed or shaded text with page breaks
\fb@frw=\dimen116
\fb@frh=\dimen117
\FrameRule=\dimen118
\FrameSep=\dimen119
)
(/usr/share/texmf-texlive/tex/latex/base/makeidx.sty
Package: makeidx 2000/03/29 v1.0m Standard LaTeX package
)
(/usr/share/texmf-texlive/tex/latex/stmaryrd/stmaryrd.sty
Package: stmaryrd 1994/03/03 St Mary's Road symbol package
\symstmry=\mathgroup6
LaTeX Font Info:    Overwriting symbol font `stmry' in version `bold'
(Font)                  U/stmry/m/n --> U/stmry/b/n on input line 89.
)
(/usr/share/texmf-texlive/tex/latex/hyperref/hyperref.sty
Package: hyperref 2009/10/09 v6.79a Hypertext links for LaTeX

(/usr/share/texmf-texlive/tex/generic/oberdiek/ifpdf.sty
Package: ifpdf 2009/04/10 v2.0 Provides the ifpdf switch (HO)
Package ifpdf Info: pdfTeX in pdf mode detected.
)
(/usr/share/texmf-texlive/tex/generic/oberdiek/ifvtex.sty
Package: ifvtex 2008/11/04 v1.4 Switches for detecting VTeX and its modes (HO)
Package ifvtex Info: VTeX not detected.
)
(/usr/share/texmf-texlive/tex/generic/ifxetex/ifxetex.sty
Package: ifxetex 2009/01/23 v0.5 Provides ifxetex conditional
)
(/usr/share/texmf-texlive/tex/latex/oberdiek/hycolor.sty
Package: hycolor 2009/10/02 v1.5 Code for color options of hyperref/bookmark (H
O)

(/usr/share/texmf-texlive/tex/latex/oberdiek/xcolor-patch.sty
Package: xcolor-patch 2009/10/02 xcolor patch
))
\@linkdim=\dimen120
\Hy@linkcounter=\count105
\Hy@pagecounter=\count106

(/usr/share/texmf-texlive/tex/latex/hyperref/pd1enc.def
File: pd1enc.def 2009/10/09 v6.79a Hyperref: PDFDocEncoding definition (HO)
Now handling font encoding PD1 ...
... no UTF-8 mapping file for font encoding PD1
)
(/usr/share/texmf-texlive/tex/generic/oberdiek/etexcmds.sty
Package: etexcmds 2007/12/12 v1.2 Prefix for e-TeX command names (HO)

(/usr/share/texmf-texlive/tex/generic/oberdiek/infwarerr.sty
Package: infwarerr 2007/09/09 v1.2 Providing info/warning/message (HO)
)
Package etexcmds Info: Could not find \expanded.
(etexcmds)             That can mean that you are not using pdfTeX 1.50 or
(etexcmds)             that some package has redefined \expanded.
(etexcmds)             In the latter case, load this package earlier.
)
(/usr/share/texmf-texlive/tex/latex/latexconfig/hyperref.cfg
File: hyperref.cfg 2002/06/06 v1.2 hyperref configuration of TeXLive
)
(/usr/share/texmf-texlive/tex/latex/oberdiek/kvoptions.sty
Package: kvoptions 2009/08/13 v3.4 Keyval support for LaTeX options (HO)

(/usr/share/texmf-texlive/tex/generic/oberdiek/kvsetkeys.sty
Package: kvsetkeys 2009/07/30 v1.5 Key value parser with default handler suppor
t (HO)
))
Package hyperref Info: Option `bookmarks' set `true' on input line 2864.
Package hyperref Info: Option `bookmarksnumbered' set `true' on input line 2864
.
Package hyperref Info: Option `colorlinks' set `true' on input line 2864.
Package hyperref Info: Hyper figures OFF on input line 2975.
Package hyperref Info: Link nesting OFF on input line 2980.
Package hyperref Info: Hyper index ON on input line 2983.
Package hyperref Info: Plain pages OFF on input line 2990.
Package hyperref Info: Backreferencing OFF on input line 2995.

Implicit mode ON; LaTeX internals redefined
Package hyperref Info: Bookmarks ON on input line 3191.
(/usr/share/texmf-texlive/tex/latex/ltxmisc/url.sty
\Urlmuskip=\muskip11
Package: url 2006/04/12  ver 3.3  Verb mode for urls, etc.
)
LaTeX Info: Redefining \url on input line 3428.

(/usr/share/texmf-texlive/tex/generic/oberdiek/bitset.sty
Package: bitset 2007/09/28 v1.0 Data type bit set (HO)

(/usr/share/texmf-texlive/tex/generic/oberdiek/intcalc.sty
Package: intcalc 2007/09/27 v1.1 Expandable integer calculations (HO)
)
(/usr/share/texmf-texlive/tex/generic/oberdiek/bigintcalc.sty
Package: bigintcalc 2007/11/11 v1.1 Expandable big integer calculations (HO)

(/usr/share/texmf-texlive/tex/generic/oberdiek/pdftexcmds.sty
Package: pdftexcmds 2009/09/23 v0.6 LuaTeX support for pdfTeX utility functions
 (HO)

(/usr/share/texmf-texlive/tex/generic/oberdiek/ifluatex.sty
Package: ifluatex 2009/04/17 v1.2 Provides the ifluatex switch (HO)
Package ifluatex Info: LuaTeX not detected.
)
(/usr/share/texmf-texlive/tex/generic/oberdiek/ltxcmds.sty
Package: ltxcmds 2009/08/05 v1.0 Some LaTeX kernel commands for general use (HO
)
)
Package pdftexcmds Info: LuaTeX not detected.
Package pdftexcmds Info: \pdf@primitive is available.
Package pdftexcmds Info: \pdf@ifprimitive is available.
)))
\Fld@menulength=\count107
\Field@Width=\dimen121
\Fld@charsize=\dimen122
\Field@toks=\toks36
Package hyperref Info: Hyper figures OFF on input line 4377.
Package hyperref Info: Link nesting OFF on input line 4382.
Package hyperref Info: Hyper index ON on input line 4385.
Package hyperref Info: backreferencing OFF on input line 4392.
Package hyperref Info: Link coloring ON on input line 4395.
Package hyperref Info: Link coloring with OCG OFF on input line 4402.
Package hyperref Info: PDF/A mode OFF on input line 4407.

(/usr/share/texmf-texlive/tex/generic/oberdiek/atbegshi.sty
Package: atbegshi 2008/07/31 v1.9 At begin shipout hook (HO)
)
\Hy@abspage=\count108
\c@Item=\count109
\c@Hfootnote=\count110
)
*hyperref using default driver hpdftex*
(/usr/share/texmf-texlive/tex/latex/hyperref/hpdftex.def
File: hpdftex.def 2009/10/09 v6.79a Hyperref driver for pdfTeX
\Fld@listcount=\count111
)
\c@currtheoctr=\count112
\c@endtheoctr=\count113
\c@theo=\count114
\c@currsupptheoctr=\count115
\c@endsupptheoctr=\count116
\c@supptheo=\count117
\c@currcorollaryctr=\count118
\c@endcorollaryctr=\count119
\c@corollary=\count120
\c@currlemmactr=\count121
\c@endlemmactr=\count122
\c@lemma=\count123
\applicationlength=\skip54
\c@currapplicationctr=\count124
\c@endapplicationctr=\count125
\c@application=\count126
\tasklength=\skip55
\c@currtaskctr=\count127
\c@endtaskctr=\count128
\c@task=\count129
\commentlength=\skip56
\c@currcommentctr=\count130
\c@endcommentctr=\count131
\c@comment=\count132
\examplelength=\skip57
\c@currexamplectr=\count133
\c@endexamplectr=\count134
\c@example=\count135
\notelength=\skip58
\c@currnotectr=\count136
\c@endnotectr=\count137
\c@note=\count138
\thesislength=\skip59
\c@currthesisctr=\count139
\c@endthesisctr=\count140
\c@thesis=\count141
\prooflength=\skip60
\c@currproofctr=\count142
\c@endproofctr=\count143
\c@proof=\count144
\definitionlength=\skip61
\c@currdefinectr=\count145
\c@enddefinectr=\count146
\c@define=\count147
\remindlength=\skip62
\c@currremindctr=\count148
\c@endremindctr=\count149
\c@remind=\count150
\conclusionlength=\skip63
\c@currconclusionctr=\count151
\c@endconclusionctr=\count152
\c@conclusion=\count153
\methodlength=\skip64
\c@currmethodctr=\count154
\c@endmethodctr=\count155
\c@method=\count156
\problemlength=\skip65
\c@currproblemctr=\count157
\c@endproblemctr=\count158
\c@problem=\count159
\propositionlength=\skip66
\c@currpropositionctr=\count160
\c@endpropositionctr=\count161
\c@proposition=\count162
\strategielength=\skip67
\c@currstrategiectr=\count163
\c@endstrategiectr=\count164
\c@strategie=\count165
\preremlength=\skip68
\c@currpreremctr=\count166
\c@endpreremctr=\count167
\c@prerem=\count168
\cautionlength=\skip69
\c@currcautionctr=\count169
\c@endcautionctr=\count170
\c@caution=\count171
\preplength=\skip70
\c@currprepctr=\count172
\c@endprepctr=\count173
\c@prep=\count174
\prepworklength=\skip71
\c@currprepworkctr=\count175
\c@endprepworkctr=\count176
\c@prepwork=\count177
\ziellength=\skip72
\c@currzielctr=\count178
\c@endzielctr=\count179
\c@ziel=\count180
\zwecklength=\skip73
\c@currzweckctr=\count181
\c@endzweckctr=\count182
)
\c@zweck=\count183
 (../data/latexki.sty)
\@indexfile=\write3
\openout3 = `LA2.idx'.


Writing index file LA2.idx
(./LA2.aux)
\openout1 = `LA2.aux'.

LaTeX Font Info:    Checking defaults for OML/cmm/m/it on input line 14.
LaTeX Font Info:    ... okay on input line 14.
LaTeX Font Info:    Checking defaults for T1/cmr/m/n on input line 14.
LaTeX Font Info:    ... okay on input line 14.
LaTeX Font Info:    Checking defaults for OT1/cmr/m/n on input line 14.
LaTeX Font Info:    ... okay on input line 14.
LaTeX Font Info:    Checking defaults for OMS/cmsy/m/n on input line 14.
LaTeX Font Info:    ... okay on input line 14.
LaTeX Font Info:    Checking defaults for OMX/cmex/m/n on input line 14.
LaTeX Font Info:    ... okay on input line 14.
LaTeX Font Info:    Checking defaults for U/cmr/m/n on input line 14.
LaTeX Font Info:    ... okay on input line 14.
LaTeX Font Info:    Checking defaults for PD1/pdf/m/n on input line 14.
LaTeX Font Info:    ... okay on input line 14.
 (/usr/share/texmf-texlive/tex/context/base/supp-pdf.mkii
[Loading MPS to PDF converter (version 2006.09.02).]
\scratchcounter=\count184
\scratchdimen=\dimen123
\scratchbox=\box29
\nofMPsegments=\count185
\nofMParguments=\count186
\everyMPshowfont=\toks37
\MPscratchCnt=\count187
\MPscratchDim=\dimen124
\MPnumerator=\count188
\everyMPtoPDFconversion=\toks38
)
Package hyperref Info: Link coloring ON on input line 14.
 (/usr/share/texmf-texlive/tex/latex/hyperref/nameref.sty
Package: nameref 2007/05/29 v2.31 Cross-referencing by name of section

(/usr/share/texmf-texlive/tex/latex/oberdiek/refcount.sty
Package: refcount 2008/08/11 v3.1 Data extraction from references (HO)
)
\c@section@level=\count189
)
LaTeX Info: Redefining \ref on input line 14.
LaTeX Info: Redefining \pageref on input line 14.
 (./LA2.out)
(./LA2.out)
\@outlinefile=\write4
\openout4 = `LA2.out'.

\AtBeginShipoutBox=\box30
LaTeX Font Info:    Try loading font information for U+msa on input line 16.
 (/usr/share/texmf-texlive/tex/latex/amsfonts/umsa.fd
File: umsa.fd 2009/06/22 v3.00 AMS symbols A
)
LaTeX Font Info:    Try loading font information for U+msb on input line 16.

(/usr/share/texmf-texlive/tex/latex/amsfonts/umsb.fd
File: umsb.fd 2009/06/22 v3.00 AMS symbols B
)
LaTeX Font Info:    Try loading font information for U+stmry on input line 16.

(/usr/share/texmf-texlive/tex/latex/stmaryrd/Ustmry.fd) [1



{/var/lib/texmf/fonts/map/pdftex/updmap/pdftex.map}] [2

]

Package hyperref Warning: No destination for bookmark of \addcontentsline,
(hyperref)                destination is added on input line 18.

(./LA2.toc
Class scrbook Info: You've told me to use the font selection of the element
(scrbook)           `sectioning' that is an alias of element `disposition'
(scrbook)            on input line 2.
Class scrbook Info: You've told me to use the font selection of the element
(scrbook)           `sectioning' that is an alias of element `disposition'
(scrbook)            on input line 3.
Class scrbook Info: You've told me to use the font selection of the element
(scrbook)           `sectioning' that is an alias of element `disposition'
(scrbook)            on input line 7.
Class scrbook Info: You've told me to use the font selection of the element
(scrbook)           `sectioning' that is an alias of element `disposition'
(scrbook)            on input line 11.
Class scrbook Info: You've told me to use the font selection of the element
(scrbook)           `sectioning' that is an alias of element `disposition'
(scrbook)            on input line 17.
Class scrbook Info: You've told me to use the font selection of the element
(scrbook)           `sectioning' that is an alias of element `disposition'
(scrbook)            on input line 18.
Class scrbook Info: You've told me to use the font selection of the element
(scrbook)           `sectioning' that is an alias of element `disposition'
(scrbook)            on input line 22.
Class scrbook Info: You've told me to use the font selection of the element
(scrbook)           `sectioning' that is an alias of element `disposition'
(scrbook)            on input line 27.
Class scrbook Info: You've told me to use the font selection of the element
(scrbook)           `sectioning' that is an alias of element `disposition'
(scrbook)            on input line 32.
Class scrbook Info: You've told me to use the font selection of the element
(scrbook)           `sectioning' that is an alias of element `disposition'
(scrbook)            on input line 35.
Class scrbook Info: You've told me to use the font selection of the element
(scrbook)           `sectioning' that is an alias of element `disposition'
(scrbook)            on input line 43.
 [3


]
Class scrbook Info: You've told me to use the font selection of the element
(scrbook)           `sectioning' that is an alias of element `disposition'
(scrbook)            on input line 47.
Class scrbook Info: You've told me to use the font selection of the element
(scrbook)           `sectioning' that is an alias of element `disposition'
(scrbook)            on input line 57.
)
\tf@toc=\write5
\openout5 = `LA2.toc'.

 [4]
Kapitel I.
[5


] [6


]
\IeC {\textsection } 14.
Package hyperref Info: bookmark level for unknown ziel defaults to 0 on input l
ine 49.
Package hyperref Info: bookmark level for unknown remind defaults to 0 on input
 line 53.
Package hyperref Info: bookmark level for unknown strategie defaults to 0 on in
put line 65.
Package hyperref Info: bookmark level for unknown define defaults to 0 on input
 line 67.
Package hyperref Info: bookmark level for unknown comment defaults to 0 on inpu
t line 76.
Package hyperref Info: bookmark level for unknown proof defaults to 0 on input 
line 96.
Package hyperref Info: bookmark level for unknown theo defaults to 0 on input l
ine 112.
[7] [8] [9] [10]
Package hyperref Info: bookmark level for unknown supptheo defaults to 0 on inp
ut line 311.
Package hyperref Info: bookmark level for unknown note defaults to 0 on input l
ine 325.
Package hyperref Info: bookmark level for unknown thesis defaults to 0 on input
 line 339.
 [11]
LaTeX Font Info:    Try loading font information for OMS+cmr on input line 365.

 (/usr/share/texmf-texlive/tex/latex/base/omscmr.fd
File: omscmr.fd 1999/05/25 v2.5h Standard LaTeX font definitions
)
LaTeX Font Info:    Font shape `OMS/cmr/m/n' in size <10.95> not available
(Font)              Font shape `OMS/cmsy/m/n' tried instead on input line 365.
Package hyperref Info: bookmark level for unknown conclusion defaults to 0 on i
nput line 378.

Overfull \hbox (1.89188pt too wide) in paragraph at lines 394--397
[]\OT1/cmr/m/n/10.95 Die Dar-stel-lungs-ma-trix von $\OML/cmm/m/it/10.95 ^^^\OM
S/cmsy/m/n/10.95 j[]$ \OT1/cmr/m/n/10.95 bez[]uglich der Ba-sis $\OML/cmm/m/it/
10.95 B \OT1/cmr/m/n/10.95 = \OMS/cmsy/m/n/10.95 f\OML/cmm/m/it/10.95 u; ^^^\OT
1/cmr/m/n/10.95 (\OML/cmm/m/it/10.95 u\OT1/cmr/m/n/10.95 )\OML/cmm/m/it/10.95 ;
 ^^^[]\OT1/cmr/m/n/10.95 (\OML/cmm/m/it/10.95 u\OT1/cmr/m/n/10.95 )\OML/cmm/m/i
t/10.95 ; [] ; ^^^[]\OT1/cmr/m/n/10.95 (\OML/cmm/m/it/10.95 u\OT1/cmr/m/n/10.95
 )\OMS/cmsy/m/n/10.95 g$
 []

[12] [13]
Overfull \hbox (14.3948pt too wide) in paragraph at lines 550--554
[]\OT1/cmr/m/n/10.95 Wegen der Vor-aus-set-zung an $\OML/cmm/m/it/10.95 g[]$ \O
T1/cmr/m/n/10.95 ist $\OML/cmm/m/it/10.95 V \OT1/cmr/m/n/10.95 = [][] []$ mit $
\OML/cmm/m/it/10.95 H\OT1/cmr/m/n/10.95 (\OML/cmm/m/it/10.95 ^^^; ^^U\OT1/cmr/m
/n/10.95 ) = [] []$.
 []

[14]
Package hyperref Info: bookmark level for unknown corollary defaults to 0 on in
put line 586.
 [15] [16]
\IeC {\textsection } 15.

Overfull \hbox (18.34375pt too wide) in paragraph at lines 678--681
[]\OT1/cmr/m/n/10.95 Seien $\OML/cmm/m/it/10.95 V; W$ $K$\OT1/cmr/m/n/10.95 -VR
me. Ei-ne Ab-bil-dung $\OML/cmm/m/it/10.95 P \OT1/cmr/m/n/10.95 : \OML/cmm/m/it
/10.95 V \OMS/cmsy/m/n/10.95 ^^B \OML/cmm/m/it/10.95 W \OMS/cmsy/m/n/10.95 ! \O
ML/cmm/m/it/10.95 K$ \OT1/cmr/m/n/10.95 hei^^Yt []\OT1/cmr/bx/n/10.95 Paarung\O
T1/cmr/m/n/10.95 ,
 []

Package hyperref Info: bookmark level for unknown example defaults to 0 on inpu
t line 697.
[17


]
Overfull \hbox (11.46544pt too wide) in paragraph at lines 736--740
[]\OT1/cmr/m/n/10.95 Seien $\OML/cmm/m/it/10.95 V; W$ $K$\OT1/cmr/m/n/10.95 -VR
me mit je-wei-li-ger Ba-sis $\OML/cmm/m/it/10.95 B \OT1/cmr/m/n/10.95 := \OMS/c
msy/m/n/10.95 f\OML/cmm/m/it/10.95 b[]; [] ; b[]\OMS/cmsy/m/n/10.95 g ^^R \OML/
cmm/m/it/10.95 V; C \OT1/cmr/m/n/10.95 := \OMS/cmsy/m/n/10.95 f\OML/cmm/m/it/10
.95 c[]; [] ; c[]\OMS/cmsy/m/n/10.95 g ^^R
 []

[18] [19]
Overfull \hbox (1.43193pt too wide) in paragraph at lines 874--880
\OML/cmm/m/it/10.95 P\OMS/cmsy/m/n/10.95 j[]$ \OT1/cmr/m/n/10.95 sym-me-trisch 
ist, exis-tiert nach In-duk-ti-ons-vor-aus-set-zung ei-ne OGB $\OMS/cmsy/m/n/10
.95 f\OML/cmm/m/it/10.95 b[]; [] ; b[]\OMS/cmsy/m/n/10.95 g$
 []

[20]
Package hyperref Info: bookmark level for unknown task defaults to 0 on input l
ine 936.
 [21] [22]
Underfull \hbox (badness 10000) in paragraph at lines 981--990
\OT1/cmr/m/n/10.95 ver-sel-len Ab-bil-dungs-ei-gen-schaft. Da-zu be-nut-ze den 
$\OML/cmm/m/it/10.95 K$\OT1/cmr/m/n/10.95 -Vektorraum
 []


Underfull \hbox (badness 10000) in paragraph at lines 981--990
\OT1/cmr/m/n/10.95 Sei $\OML/cmm/m/it/10.95 f \OT1/cmr/m/n/10.95 :  \OML/cmm/m/
it/10.95 V \OMS/cmsy/m/n/10.95 ^^B \OML/cmm/m/it/10.95 W \OMS/cmsy/m/n/10.95 ! 
\OML/cmm/m/it/10.95 K$ \OT1/cmr/m/n/10.95 ei-ne Ab-bil-dung mit end-li-chem Tr[
]ager
 []

[23]
Package hyperref Info: bookmark level for unknown application defaults to 0 on 
input line 1055.
 [24]
\IeC {\textsection } 16.
[25


] [26] [27] [28] [29] [30


]
\IeC {\textsection } 17.
Package hyperref Info: bookmark level for unknown prerem defaults to 0 on input
 line 1320.
[31] [32] [33]
Overfull \hbox (2.29831pt too wide) in paragraph at lines 1534--1539
\OT1/cmr/m/n/10.95 Das Schmidt-sche Or-tho-go-na-li-sie-rungs-ver-fah-ren lie-f
ert ei-ne Or-tho-nor-mal-ba-sis und
 []

[34] [35]
Overfull \hbox (11.84131pt too wide) in paragraph at lines 1617--1621
\OT1/cmr/m/n/10.95 Das Schmidt-sche Or-tho-go-na-li-sie-rungs-ver-fah-ren lie-f
ert ei-ne Or-tho-nor-mal-ba-sis $\OMS/cmsy/m/n/10.95 f\OML/cmm/m/it/10.95 c[]; 
[] ; c[]\OMS/cmsy/m/n/10.95 g$
 []

[36] [37]
Package hyperref Info: bookmark level for unknown lemma defaults to 0 on input 
line 1728.
 [38] [39] [40


]
\IeC {\textsection } 18.
Package hyperref Info: bookmark level for unknown proposition defaults to 0 on 
input line 1799.

Overfull \hbox (0.35983pt too wide) in paragraph at lines 1815--1817
[]\OT1/cmr/m/n/10.95 Aus $\OML/cmm/m/it/10.95 ^^^ \OMS/cmsy/m/n/10.95 2 [][]\OT
1/cmr/m/n/10.95 (\OML/cmm/m/it/10.95 V; W\OT1/cmr/m/n/10.95 )$ folgt $\OML/cmm/
m/it/10.95 ^^^[] \OMS/cmsy/m/n/10.95 2 [][]\OT1/cmr/m/n/10.95 (\OML/cmm/m/it/10
.95 W; V\OT1/cmr/m/n/10.95 )$ und $(\OML/cmm/m/it/10.95 ^^^[]\OT1/cmr/m/n/10.95
 )[] = \OML/cmm/m/it/10.95 ^^^$\OT1/cmr/m/n/10.95 , so-wie $[] \OML/cmm/m/it/10
.95 ^^^ \OT1/cmr/m/n/10.95 =
 []

[41] [42]
Overfull \hbox (0.65028pt too wide) in paragraph at lines 1898--1900
[]\OT1/cmr/m/n/10.95 Ist $\OML/cmm/m/it/10.95 ^^^$ \OT1/cmr/m/n/10.95 nor-mal, 
dann folgt $[](\OML/cmm/m/it/10.95 ^^^\OT1/cmr/m/n/10.95 ) = [](\OML/cmm/m/it/1
0.95 ^^^[]\OT1/cmr/m/n/10.95 )$, ins-be-son-de-re $\OML/cmm/m/it/10.95 E[]\OT1/
cmr/m/n/10.95 (\OML/cmm/m/it/10.95 ^^^\OT1/cmr/m/n/10.95 ) = \OML/cmm/m/it/10.9
5 E[]\OT1/cmr/m/n/10.95 (\OML/cmm/m/it/10.95 ^^^[]\OT1/cmr/m/n/10.95 )$. 
 []

[43] [44] [45] [46] [47]
Underfull \hbox (badness 10000) in paragraph at lines 2136--2139

 []

[48]
Package hyperref Info: bookmark level for unknown caution defaults to 0 on inpu
t line 2210.
 [49] [50


]
\IeC {\textsection } 19.

Overfull \hbox (6.15709pt too wide) in paragraph at lines 2234--2236
[]\OT1/cmr/m/n/10.95 Ein \OT1/cmr/bx/n/10.95 Mor-phis-mus von $[]$-VRmen mit Se
s-qui-li-ne-ar-form \OT1/cmr/m/n/10.95 ist $^^H \OMS/cmsy/m/n/10.95 2 []\OT1/cm
r/m/n/10.95 (\OML/cmm/m/it/10.95 V[]; V[]\OT1/cmr/m/n/10.95 )$
 []


Underfull \hbox (badness 10000) in paragraph at lines 2234--2236

 []


Underfull \hbox (badness 10000) in paragraph at lines 2246--2247

 []


Overfull \hbox (3.73405pt too wide) in paragraph at lines 2263--2270
\OML/cmm/m/it/10.95 U\OT1/cmr/m/n/10.95 (\OML/cmm/m/it/10.95 V; s\OT1/cmr/m/n/1
0.95 ) := [](\OML/cmm/m/it/10.95 s\OT1/cmr/m/n/10.95 )$ hei^^Yt \OT1/cmr/bx/n/1
0.95 unit[]are Grup-pe\OT1/cmr/m/n/10.95 . Die Ele-men-te der Grup-pe hei-^^Yen
 \OT1/cmr/bx/n/10.95 unit[]are
 []

[51]
Underfull \hbox (badness 10000) in paragraph at lines 2278--2279

 []

[52] [53] [54]

Package hyperref Warning: Token not allowed in a PDF string (PDFDocEncoding):
(hyperref)                removing `math shift' on input line 2422.


Package hyperref Warning: Token not allowed in a PDF string (PDFDocEncoding):
(hyperref)                removing `math shift' on input line 2422.


Underfull \hbox (badness 10000) in paragraph at lines 2432--2434

 []

[55]

Package hyperref Warning: Token not allowed in a PDF string (PDFDocEncoding):
(hyperref)                removing `math shift' on input line 2478.


Package hyperref Warning: Token not allowed in a PDF string (PDFDocEncoding):
(hyperref)                removing `math shift' on input line 2478.

[56]
Underfull \hbox (badness 2735) in paragraph at lines 2546--2552
\OT1/cmr/m/n/10.95 Ferner sei $\OML/cmm/m/it/10.95 Spec\OT1/cmr/m/n/10.95 (\OML
/cmm/m/it/10.95 ^^^\OT1/cmr/m/n/10.95 ) = \OMS/cmsy/m/n/10.95 f\OML/cmm/m/it/10
.95 ^^U[]; [] ; ^^U[]; ^^U[]; []; [] ; ^^U[]; []\OMS/cmsy/m/n/10.95 g$ \OT1/cmr
/m/n/10.95 mit $\OML/cmm/m/it/10.95 ^^U[] \OMS/cmsy/m/n/10.95 2 \U/msb/m/n/10.9
5 R \OT1/cmr/m/n/10.95 (\OML/cmm/m/it/10.95 j \OT1/cmr/m/n/10.95 =
 []


Underfull \hbox (badness 10000) in paragraph at lines 2584--2586

 []

[57] [58] [59] [60


]
\IeC {\textsection } 20.
[61] [62] [63]
Underfull \hbox (badness 10000) in paragraph at lines 2867--2870

 []

[64]
Underfull \hbox (badness 10000) in paragraph at lines 2870--2873

 []


Underfull \hbox (badness 10000) in paragraph at lines 2888--2891

 []

[65] [66]
Underfull \hbox (badness 10000) in paragraph at lines 2965--2966

 []


Overfull \hbox (30.22694pt too wide) in paragraph at lines 3002--3003
[]\OT1/cmr/m/n/10.95 Auf den Teilr[]aumen ei-ner fes-ten Di-men-si-on ist Par-a
l-le-lit[]at ei-ne []Aquivalenzrelation. 
 []

[67] [68] [69] [70


]
\IeC {\textsection } 21.
[71] [72] [73]

Package hyperref Warning: Token not allowed in a PDF string (PDFDocEncoding):
(hyperref)                removing `math shift' on input line 3260.


Package hyperref Warning: Token not allowed in a PDF string (PDFDocEncoding):
(hyperref)                removing `subscript' on input line 3260.


Package hyperref Warning: Token not allowed in a PDF string (PDFDocEncoding):
(hyperref)                removing `math shift' on input line 3260.


Underfull \hbox (badness 10000) in paragraph at lines 3261--3263

 []

[74]
Overfull \hbox (8.2485pt too wide) in paragraph at lines 3287--3290
\OT1/cmr/m/n/10.95 Dann hat der Kern von $\OML/cmm/m/it/10.95 ^^Z[]$ \OT1/cmr/m
/n/10.95 Di-men-si-on $\OML/cmm/m/it/10.95 n \OMS/cmsy/m/n/10.95 ^^@ \OML/cmm/m
/it/10.95 r$ \OT1/cmr/m/n/10.95 und ei-ne Ba-sis aus Zei-len-vek-to-ren $\OMS/c
msy/m/n/10.95 f\OML/cmm/m/it/10.95 c[]; [] ; c[]\OMS/cmsy/m/n/10.95 g$\OT1/cmr/
m/n/10.95 .
 []

[75] [76] [77] [78] [79] [80]
Underfull \hbox (badness 2460) in paragraph at lines 3625--3629
[]\OT1/cmr/m/n/10.95 Dann gilt f[]ur $\OML/cmm/m/it/10.95 O; P; Q \OMS/cmsy/m/n
/10.95 2 \OML/cmm/m/it/10.95 A \OT1/cmr/m/n/10.95 :  \OML/cmm/m/it/10.95 '\OT1/
cmr/m/n/10.95 ([\OML/cmm/m/it/10.95 P; Q\OT1/cmr/m/n/10.95 ]) = [\OML/cmm/m/it/
10.95 '\OT1/cmr/m/n/10.95 (\OML/cmm/m/it/10.95 Q\OT1/cmr/m/n/10.95 )\OML/cmm/m/
it/10.95 ; '\OT1/cmr/m/n/10.95 (\OML/cmm/m/it/10.95 P\OT1/cmr/m/n/10.95 )]$ und
 $\OML/cmm/m/it/10.95 '\OT1/cmr/m/n/10.95 ([\OML/cmm/m/it/10.95 O; P; Q\OT1/cmr
/m/n/10.95 ]) =
 []

[81] [82]
Underfull \hbox (badness 2662) in paragraph at lines 3733--3741
[]\OT1/cmr/m/n/10.95 Dies ist leicht zu re-du-zie-ren auf den Fall: $\OML/cmm/m
/it/10.95 P;  Q$ \OT1/cmr/m/n/10.95 sind li-ne-ar un-abh[]angig: 
 []

[83] [84]
\IeC {\textsection } 22.
[85


]
Overfull \hbox (6.69768pt too wide) in paragraph at lines 3885--3887
[]$\OML/cmm/m/it/10.95 A; B$ \OT1/cmr/m/n/10.95 af-fi-ne Teilr[]aume ei-nes eu-
kli-di-schen Raum-es $\OML/cmm/m/it/10.95 E$ \OT1/cmr/m/n/10.95 hei-^^Yen \OT1/
cmr/bx/n/10.95 or-tho-go-nal\OT1/cmr/m/n/10.95 , falls $\OML/cmm/m/it/10.95 U[]
\OMS/cmsy/m/n/10.95 ?\OML/cmm/m/it/10.95 U[]$\OT1/cmr/m/n/10.95 . 
 []

Package hyperref Info: bookmark level for unknown method defaults to 0 on input
 line 3895.
[86] [87]

Package hyperref Warning: Token not allowed in a PDF string (PDFDocEncoding):
(hyperref)                removing `math shift' on input line 3964.


Package hyperref Warning: Token not allowed in a PDF string (PDFDocEncoding):
(hyperref)                removing `superscript' on input line 3964.


Package hyperref Warning: Token not allowed in a PDF string (PDFDocEncoding):
(hyperref)                removing `math shift' on input line 3964.

[88] [89] [90] [91] [92


]
\IeC {\textsection } 23.
Package hyperref Info: bookmark level for unknown prepwork defaults to 0 on inp
ut line 4181.
Package hyperref Info: bookmark level for unknown prep defaults to 0 on input l
ine 4214.
[93] [94] [95]
Overfull \hbox (16.51697pt too wide) in paragraph at lines 4351--4356
\OT1/cmr/m/n/10.95 Behauptung: $\OML/cmm/m/it/10.95 p \OT1/cmr/m/n/10.95 = [] [
]$ wo-bei $\OML/cmm/m/it/10.95 s[]\OT1/cmr/m/n/10.95 (\OML/cmm/m/it/10.95 x; y\
OT1/cmr/m/n/10.95 ) :=
 []

[96] [97]
Overfull \hbox (46.32161pt too wide) in paragraph at lines 4458--4462
\OT1/cmr/m/n/10.95 Jetzt sei $\OML/cmm/m/it/10.95 Az \OT1/cmr/m/n/10.95 = \OMS/
cmsy/m/n/10.95 ^^@\OML/cmm/m/it/10.95 b$ \OT1/cmr/m/n/10.95 unl[]osbar. Es ist 
aber auch f[]ur $\OML/cmm/m/it/10.95 A$ \OT1/cmr/m/n/10.95 Dia-go-nal-form er-r
eich-bar: $\OML/cmm/m/it/10.95 A \OT1/cmr/m/n/10.95 = [](\OML/cmm/m/it/10.95 [
]; [] ; []; \OT1/cmr/m/n/10.95 0\OML/cmm/m/it/10.95 ; [] ; \OT1/cmr/m/n/10.95 
0)$,
 []

[98] [99]
Underfull \hbox (badness 10000) in paragraph at lines 4611--4616
\OT1/cmr/m/n/10.95 Kettenregel an-wen-den auf $\OML/cmm/m/it/10.95 f \OMS/cmsy/
m/n/10.95 ^^N \OML/cmm/m/it/10.95 '[]\OT1/cmr/m/n/10.95 (\OML/cmm/m/it/10.95 X\
OT1/cmr/m/n/10.95 ) = \OML/cmm/m/it/10.95 f\OT1/cmr/m/n/10.95 (\OML/cmm/m/it/10
.95 AX \OT1/cmr/m/n/10.95 + \OML/cmm/m/it/10.95 b\OT1/cmr/m/n/10.95 )$ mit
 []

[100] [101] [102]
Package hyperref Info: bookmark level for unknown problem defaults to 0 on inpu
t line 4768.
 [103] [104] [105] [106]
\IeC {\textsection } 24.
Package hyperref Info: bookmark level for unknown zweck defaults to 0 on input 
line 4931.
[107


] [108] [109] [110] [111]
Overfull \hbox (1.15227pt too wide) in paragraph at lines 5251--5257
[]\OT1/cmr/m/n/10.95 F[]ur ei-gent-li-che Punk-te $\OML/cmm/m/it/10.95 p \OT1/c
mr/m/n/10.95 = (\OML/cmm/m/it/10.95 y[] \OT1/cmr/m/n/10.95 : \OML/cmm/m/it/10.9
5 y[] \OT1/cmr/m/n/10.95 : [] : \OML/cmm/m/it/10.95 y[]\OT1/cmr/m/n/10.95 )$, d
.h. $\OML/cmm/m/it/10.95 p \OMS/cmsy/m/n/10.95 62 \OML/cmm/m/it/10.95 H$\OT1/cm
r/m/n/10.95 , gilt: $\OML/cmm/m/it/10.95 y[] \OMS/cmsy/m/n/10.95 6\OT1/cmr/m/n/
10.95 = 0$, al-so $\OML/cmm/m/it/10.95 p \OT1/cmr/m/n/10.95 = []$,
 []

[112] (./LA2.ind [113] [114


] [115



] [116] [117])
\tf@thm=\write6
\openout6 = `LA2.thm'.

 (./LA2.aux) ) 
Here is how much of TeX's memory you used:
 9318 strings out of 493857
 126906 string characters out of 1153304
 225455 words of memory out of 3000000
 11638 multiletter control sequences out of 15000+50000
 18538 words of font info for 72 fonts, out of 3000000 for 9000
 714 hyphenation exceptions out of 8191
 51i,22n,43p,813b,571s stack positions out of 5000i,500n,10000p,200000b,50000s
</usr/share/texmf-texlive/fonts/type1/public/amsfonts/cm/cmbx10.p
fb></usr/share/texmf-texlive/fonts/type1/public/amsfonts/cm/cmex10.pfb></usr/sh
are/texmf-texlive/fonts/type1/public/amsfonts/cmextra/cmex8.pfb></usr/share/tex
mf-texlive/fonts/type1/public/amsfonts/cm/cmmi10.pfb></usr/share/texmf-texlive/
fonts/type1/public/amsfonts/cm/cmmi12.pfb></usr/share/texmf-texlive/fonts/type1
/public/amsfonts/cm/cmmi6.pfb></usr/share/texmf-texlive/fonts/type1/public/amsf
onts/cm/cmmi8.pfb></usr/share/texmf-texlive/fonts/type1/public/amsfonts/cm/cmr1
0.pfb></usr/share/texmf-texlive/fonts/type1/public/amsfonts/cm/cmr12.pfb></usr/
share/texmf-texlive/fonts/type1/public/amsfonts/cm/cmr6.pfb></usr/share/texmf-t
exlive/fonts/type1/public/amsfonts/cm/cmr8.pfb></usr/share/texmf-texlive/fonts/
type1/public/amsfonts/cm/cmsl10.pfb></usr/share/texmf-texlive/fonts/type1/publi
c/amsfonts/cm/cmssbx10.pfb></usr/share/texmf-texlive/fonts/type1/public/amsfont
s/cm/cmsy10.pfb></usr/share/texmf-texlive/fonts/type1/public/amsfonts/cm/cmsy6.
pfb></usr/share/texmf-texlive/fonts/type1/public/amsfonts/cm/cmsy8.pfb></usr/sh
are/texmf-texlive/fonts/type1/public/amsfonts/cm/cmti10.pfb></usr/share/texmf-t
exlive/fonts/type1/public/amsfonts/cm/cmtt10.pfb></usr/share/texmf-texlive/font
s/type1/public/amsfonts/cm/cmtt12.pfb></usr/share/texmf-texlive/fonts/type1/pub
lic/amsfonts/symbols/msam10.pfb></usr/share/texmf-texlive/fonts/type1/public/am
sfonts/symbols/msbm10.pfb></usr/share/texmf-texlive/fonts/type1/hoekwater/stmar
yrd/stmary10.pfb>
Output written on LA2.pdf (117 pages, 794951 bytes).
PDF statistics:
 1923 PDF objects out of 2073 (max. 8388607)
 805 named destinations out of 1000 (max. 500000)
 377 words of extra memory for PDF output out of 10000 (max. 10000000)

